[DEBUG] PID: Closure
[DEBUG] VID: 105
[DEBUG] DATA_DIR: /home/yxb/Documents/rjust-fault-localization-data-f36d7eea9a9c/gzoltar/gzoltars/Closure/105
[DEBUG] TOOL: developer
[DEBUG] TESTS_DIR: 
[DEBUG] TMP_DIR: /tmp/yxb/gzoltar_108579_Closure-105
[DEBUG] DIR_PROJECT: /home/yxb/Documents/rjust-fault-localization-data-f36d7eea9a9c/defects4j//framework/projects/Closure
[DEBUG] DIR_LOADED_CLASSES: /home/yxb/Documents/rjust-fault-localization-data-f36d7eea9a9c/defects4j//framework/projects/Closure/loaded_classes
[DEBUG] DIR_RELEVANT_TESTS: /home/yxb/Documents/rjust-fault-localization-data-f36d7eea9a9c/defects4j//framework/projects/Closure/relevant_tests
[DEBUG] DIR_TRIGGER_TESTS: /home/yxb/Documents/rjust-fault-localization-data-f36d7eea9a9c/defects4j//framework/projects/Closure/trigger_tests
[DEBUG] JAVA_VERSION:
Picked up _JAVA_OPTIONS: -XX:MaxHeapSize=1024m -Xmx4096m
java version "1.7.0_80"
Java(TM) SE Runtime Environment (build 1.7.0_80-b15)
Java HotSpot(TM) 64-Bit Server VM (build 24.80-b11, mixed mode)
[INFO] Checking out Closure-105 to /tmp/yxb/gzoltar_108579_Closure-105
Check out 113a08f5 to /tmp/yxb/gzoltar_108579_Closure-105.................. OK
Init local repository...................................................... OK
Tag post-fix revision...................................................... OK
Run post-checkout hook..................................................... OK
Initialize fixed program version........................................... OK
Apply patch................................................................ OK
Initialize buggy program version........................................... OK
Diff 113a08f5:8e121a1f..................................................... OK
Apply patch................................................................ OK
Tag pre-fix revision....................................................... OK
Check out program version: Closure-105b.................................... OK
[DEBUG] LOADED_CLASSES: com.google.javascript.rhino.jstype.StringType:com.google.javascript.jscomp.LightweightMessageFormatter:com.google.javascript.jscomp.ComposeWarningsGuard:com.google.javascript.rhino.FunctionNode:com.google.javascript.jscomp.TypeCheck:com.google.javascript.rhino.EvaluatorException:com.google.javascript.rhino.Node:com.google.javascript.jscomp.JSModule:com.google.javascript.rhino.jstype.NumberType:com.google.javascript.jscomp.PassConfig:com.google.javascript.jscomp.FoldConstants:com.google.javascript.rhino.jstype.PrototypeObjectType:com.google.javascript.jscomp.Scope:com.google.javascript.jscomp.NodeTraversal:com.google.javascript.rhino.jstype.TemplateType:com.google.javascript.jscomp.JSSourceFile:com.google.javascript.jscomp.SourceFile:com.google.javascript.jscomp.parsing.TypeSafeDispatcher:com.google.javascript.rhino.ObjArray:com.google.javascript.rhino.jstype.JSTypeRegistry:com.google.javascript.jscomp.DefaultCodingConvention:com.google.javascript.jscomp.JSError:com.google.javascript.jscomp.parsing.Config:com.google.javascript.jscomp.ErrorFormat:com.google.javascript.rhino.ScriptRuntime:com.google.javascript.jscomp.DiagnosticType:com.google.javascript.jscomp.NodeUtil:com.google.javascript.jscomp.ChainableReverseAbstractInterpreter:com.google.javascript.rhino.jstype.ObjectType:com.google.javascript.jscomp.SourceAst:com.google.javascript.rhino.ObjToIntMap:com.google.javascript.rhino.jstype.FunctionType:com.google.javascript.jscomp.ScopeCreator:com.google.javascript.rhino.ScriptOrFnNode:com.google.javascript.rhino.Token:com.google.javascript.jscomp.CompilerOptions:com.google.javascript.jscomp.CodePrinter:com.google.javascript.jscomp.AbstractMessageFormatter:com.google.javascript.rhino.jstype.JSType:com.google.javascript.jscomp.Region:com.google.javascript.jscomp.CheckLevel:com.google.javascript.jscomp.parsing.ParserRunner:com.google.javascript.jscomp.DefaultPassConfig:com.google.javascript.rhino.jstype.NoType:com.google.javascript.jscomp.AbstractCompiler:com.google.javascript.rhino.jstype.UnionTypeBuilder:com.google.javascript.rhino.jstype.AllType:com.google.javascript.rhino.jstype.ValueType:com.google.javascript.rhino.TokenStream:com.google.javascript.jscomp.ProcessDefines:com.google.javascript.rhino.ErrorReporter:com.google.javascript.rhino.jstype.JSTypeNative:com.google.javascript.jscomp.CheckGlobalNames:com.google.javascript.jscomp.DiagnosticGroup:com.google.javascript.jscomp.CodeConsumer:com.google.javascript.rhino.jstype.StaticScope:com.google.javascript.jscomp.SemanticReverseAbstractInterpreter:com.google.javascript.jscomp.TypeValidator:com.google.javascript.jscomp.AnonymousFunctionNamingPolicy:com.google.javascript.rhino.jstype.NamedType:com.google.javascript.jscomp.ClosureCodingConvention:com.google.javascript.rhino.jstype.StaticSlot:com.google.javascript.rhino.jstype.RecordType:com.google.javascript.jscomp.CheckAccessControls:com.google.javascript.jscomp.JSModuleGraph:com.google.javascript.rhino.JSDocInfo:com.google.javascript.jscomp.CodingConvention:com.google.javascript.jscomp.PropertyRenamingPolicy:com.google.javascript.jscomp.CodeGenerator:com.google.javascript.jscomp.PassFactory:com.google.javascript.jscomp.TypedCodeGenerator:com.google.javascript.rhino.jstype.InstanceObjectType:com.google.javascript.jscomp.Compiler:com.google.javascript.rhino.RhinoException:com.google.javascript.jscomp.VarCheck:com.google.javascript.jscomp.DiagnosticGroupWarningsGuard:com.google.javascript.jscomp.MessageFormatter:com.google.javascript.jscomp.LoggerErrorManager:com.google.javascript.rhino.jstype.IndexedType:com.google.javascript.rhino.jstype.VoidType:com.google.javascript.jscomp.RhinoErrorReporter:com.google.javascript.rhino.jstype.UnknownType:com.google.javascript.jscomp.JsAst:com.google.javascript.jscomp.SyntacticScopeCreator:com.google.javascript.jscomp.CompilerPass:com.google.javascript.rhino.EcmaError:com.google.javascript.rhino.jstype.ErrorFunctionType:com.google.javascript.jscomp.NodeTypeNormalizer:com.google.javascript.rhino.jstype.NoObjectType:com.google.javascript.rhino.jstype.NullType:com.google.javascript.jscomp.CodingConventionAnnotator:com.google.javascript.rhino.jstype.ArrowType:com.google.javascript.rhino.jstype.ProxyObjectType:com.google.javascript.jscomp.BasicErrorManager:com.google.javascript.jscomp.SourceExcerptProvider:com.google.javascript.rhino.jstype.ParameterizedType:com.google.javascript.jscomp.ReverseAbstractInterpreter:com.google.javascript.rhino.jstype.FunctionParamBuilder:com.google.javascript.jscomp.SymbolTable:com.google.javascript.rhino.Context:com.google.javascript.jscomp.DiagnosticGroups:com.google.javascript.rhino.jstype.Visitor:com.google.javascript.rhino.jstype.BooleanType:com.google.javascript.rhino.jstype.FunctionPrototypeType:com.google.javascript.jscomp.GoogleCodingConvention:com.google.javascript.rhino.jstype.UnionType:com.google.javascript.jscomp.parsing.IRFactory:com.google.javascript.jscomp.WarningsGuard:com.google.javascript.jscomp.ErrorManager:com.google.javascript.jscomp.CodeChangeHandler:com.google.javascript.jscomp.InlineCostEstimator:com.google.javascript.jscomp.CompilerInput:com.google.javascript.jscomp.VariableRenamingPolicy:
[DEBUG] LOADED_SUB_CLASSES: com.google.javascript.rhino.jstype.StringType$*:com.google.javascript.jscomp.LightweightMessageFormatter$*:com.google.javascript.jscomp.ComposeWarningsGuard$*:com.google.javascript.rhino.FunctionNode$*:com.google.javascript.jscomp.TypeCheck$*:com.google.javascript.rhino.EvaluatorException$*:com.google.javascript.rhino.Node$*:com.google.javascript.jscomp.JSModule$*:com.google.javascript.rhino.jstype.NumberType$*:com.google.javascript.jscomp.PassConfig$*:com.google.javascript.jscomp.FoldConstants$*:com.google.javascript.rhino.jstype.PrototypeObjectType$*:com.google.javascript.jscomp.Scope$*:com.google.javascript.jscomp.NodeTraversal$*:com.google.javascript.rhino.jstype.TemplateType$*:com.google.javascript.jscomp.JSSourceFile$*:com.google.javascript.jscomp.SourceFile$*:com.google.javascript.jscomp.parsing.TypeSafeDispatcher$*:com.google.javascript.rhino.ObjArray$*:com.google.javascript.rhino.jstype.JSTypeRegistry$*:com.google.javascript.jscomp.DefaultCodingConvention$*:com.google.javascript.jscomp.JSError$*:com.google.javascript.jscomp.parsing.Config$*:com.google.javascript.jscomp.ErrorFormat$*:com.google.javascript.rhino.ScriptRuntime$*:com.google.javascript.jscomp.DiagnosticType$*:com.google.javascript.jscomp.NodeUtil$*:com.google.javascript.jscomp.ChainableReverseAbstractInterpreter$*:com.google.javascript.rhino.jstype.ObjectType$*:com.google.javascript.jscomp.SourceAst$*:com.google.javascript.rhino.ObjToIntMap$*:com.google.javascript.rhino.jstype.FunctionType$*:com.google.javascript.jscomp.ScopeCreator$*:com.google.javascript.rhino.ScriptOrFnNode$*:com.google.javascript.rhino.Token$*:com.google.javascript.jscomp.CompilerOptions$*:com.google.javascript.jscomp.CodePrinter$*:com.google.javascript.jscomp.AbstractMessageFormatter$*:com.google.javascript.rhino.jstype.JSType$*:com.google.javascript.jscomp.Region$*:com.google.javascript.jscomp.CheckLevel$*:com.google.javascript.jscomp.parsing.ParserRunner$*:com.google.javascript.jscomp.DefaultPassConfig$*:com.google.javascript.rhino.jstype.NoType$*:com.google.javascript.jscomp.AbstractCompiler$*:com.google.javascript.rhino.jstype.UnionTypeBuilder$*:com.google.javascript.rhino.jstype.AllType$*:com.google.javascript.rhino.jstype.ValueType$*:com.google.javascript.rhino.TokenStream$*:com.google.javascript.jscomp.ProcessDefines$*:com.google.javascript.rhino.ErrorReporter$*:com.google.javascript.rhino.jstype.JSTypeNative$*:com.google.javascript.jscomp.CheckGlobalNames$*:com.google.javascript.jscomp.DiagnosticGroup$*:com.google.javascript.jscomp.CodeConsumer$*:com.google.javascript.rhino.jstype.StaticScope$*:com.google.javascript.jscomp.SemanticReverseAbstractInterpreter$*:com.google.javascript.jscomp.TypeValidator$*:com.google.javascript.jscomp.AnonymousFunctionNamingPolicy$*:com.google.javascript.rhino.jstype.NamedType$*:com.google.javascript.jscomp.ClosureCodingConvention$*:com.google.javascript.rhino.jstype.StaticSlot$*:com.google.javascript.rhino.jstype.RecordType$*:com.google.javascript.jscomp.CheckAccessControls$*:com.google.javascript.jscomp.JSModuleGraph$*:com.google.javascript.rhino.JSDocInfo$*:com.google.javascript.jscomp.CodingConvention$*:com.google.javascript.jscomp.PropertyRenamingPolicy$*:com.google.javascript.jscomp.CodeGenerator$*:com.google.javascript.jscomp.PassFactory$*:com.google.javascript.jscomp.TypedCodeGenerator$*:com.google.javascript.rhino.jstype.InstanceObjectType$*:com.google.javascript.jscomp.Compiler$*:com.google.javascript.rhino.RhinoException$*:com.google.javascript.jscomp.VarCheck$*:com.google.javascript.jscomp.DiagnosticGroupWarningsGuard$*:com.google.javascript.jscomp.MessageFormatter$*:com.google.javascript.jscomp.LoggerErrorManager$*:com.google.javascript.rhino.jstype.IndexedType$*:com.google.javascript.rhino.jstype.VoidType$*:com.google.javascript.jscomp.RhinoErrorReporter$*:com.google.javascript.rhino.jstype.UnknownType$*:com.google.javascript.jscomp.JsAst$*:com.google.javascript.jscomp.SyntacticScopeCreator$*:com.google.javascript.jscomp.CompilerPass$*:com.google.javascript.rhino.EcmaError$*:com.google.javascript.rhino.jstype.ErrorFunctionType$*:com.google.javascript.jscomp.NodeTypeNormalizer$*:com.google.javascript.rhino.jstype.NoObjectType$*:com.google.javascript.rhino.jstype.NullType$*:com.google.javascript.jscomp.CodingConventionAnnotator$*:com.google.javascript.rhino.jstype.ArrowType$*:com.google.javascript.rhino.jstype.ProxyObjectType$*:com.google.javascript.jscomp.BasicErrorManager$*:com.google.javascript.jscomp.SourceExcerptProvider$*:com.google.javascript.rhino.jstype.ParameterizedType$*:com.google.javascript.jscomp.ReverseAbstractInterpreter$*:com.google.javascript.rhino.jstype.FunctionParamBuilder$*:com.google.javascript.jscomp.SymbolTable$*:com.google.javascript.rhino.Context$*:com.google.javascript.jscomp.DiagnosticGroups$*:com.google.javascript.rhino.jstype.Visitor$*:com.google.javascript.rhino.jstype.BooleanType$*:com.google.javascript.rhino.jstype.FunctionPrototypeType$*:com.google.javascript.jscomp.GoogleCodingConvention$*:com.google.javascript.rhino.jstype.UnionType$*:com.google.javascript.jscomp.parsing.IRFactory$*:com.google.javascript.jscomp.WarningsGuard$*:com.google.javascript.jscomp.ErrorManager$*:com.google.javascript.jscomp.CodeChangeHandler$*:com.google.javascript.jscomp.InlineCostEstimator$*:com.google.javascript.jscomp.CompilerInput$*:com.google.javascript.jscomp.VariableRenamingPolicy$*:
[DEBUG] RELEVANT_TESTS: com.google.javascript.jscomp.CodePrinterTest:com.google.javascript.jscomp.CompilerRunnerTest:com.google.javascript.jscomp.CreateSyntheticBlocksTest:com.google.javascript.jscomp.FoldConstantsTest:
[DEBUG] TRIGGER_TESTS_FILE: /home/yxb/Documents/rjust-fault-localization-data-f36d7eea9a9c/defects4j//framework/projects/Closure/trigger_tests/105
[DEBUG] CP: /home/yxb/Documents/rjust-fault-localization-data-f36d7eea9a9c/defects4j//framework/projects/lib/junit-4.11.jar:/tmp/yxb/gzoltar_108579_Closure-105/build/classes:/tmp/yxb/gzoltar_108579_Closure-105/lib/ant_deploy.jar:/tmp/yxb/gzoltar_108579_Closure-105/lib/google_common_deploy.jar:/tmp/yxb/gzoltar_108579_Closure-105/lib/hamcrest-core-1.1.jar:/tmp/yxb/gzoltar_108579_Closure-105/lib/junit4-core.jar:/tmp/yxb/gzoltar_108579_Closure-105/lib/junit4-legacy.jar:/tmp/yxb/gzoltar_108579_Closure-105/lib/libtrunk_rhino_parser_jarjared.jar:/tmp/yxb/gzoltar_108579_Closure-105/lib/protobuf_deploy.jar:/tmp/yxb/gzoltar_108579_Closure-105/build/test
[INFO] Compiling Closure-105
Running ant (compile)...................................................... OK
Running ant (compile.tests)................................................ OK
[INFO] Running GZoltar
[INFO] Start: Mon Aug 26 20:29:24 PDT 2019
   ____ _____     _ _               
  / ___|__  /___ | | |_ __ _ _ __   
 | |  _  / // _ \| | __/ _` | '__| 
 | |_| |/ /| (_) | | || (_| | |     
  \____/____\___/|_|\__\__,_|_| 

* Preparing classpath
* Collecting classes under test
* Collecting test cases
* Performing analysis
* Started com.google.javascript.jscomp.FoldConstantsTest#testFoldTypeof
[ERROR] Class not found
java.lang.ClassNotFoundException: rhino_ast.java.com.google.javascript.rhino.Messages
	at java.lang.ClassLoader.findClass(ClassLoader.java:531)
	at java.lang.ClassLoader.loadClass(ClassLoader.java:425)
	at java.lang.ClassLoader.loadClass(ClassLoader.java:358)
	at com.gzoltar.lib.instrumentation.util.GZoltarClassLoader.loadClass(Unknown Source)
	at java.util.ResourceBundle$Control.newBundle(ResourceBundle.java:2566)
	at java.util.ResourceBundle.loadBundle(ResourceBundle.java:1436)
	at java.util.ResourceBundle.findBundle(ResourceBundle.java:1400)
	at java.util.ResourceBundle.findBundle(ResourceBundle.java:1354)
	at java.util.ResourceBundle.findBundle(ResourceBundle.java:1354)
	at java.util.ResourceBundle.getBundleImpl(ResourceBundle.java:1296)
	at java.util.ResourceBundle.getBundle(ResourceBundle.java:795)
	at com.google.javascript.rhino.ScriptRuntime.getMessage(ScriptRuntime.java:466)
	at com.google.javascript.rhino.ScriptRuntime.getMessage0(ScriptRuntime.java:423)
	at com.google.javascript.jscomp.RhinoErrorReporter.<init>(RhinoErrorReporter.java:69)
	at com.google.javascript.jscomp.RhinoErrorReporter.<init>(RhinoErrorReporter.java:33)
	at com.google.javascript.jscomp.RhinoErrorReporter$OldRhinoErrorReporter.<init>(RhinoErrorReporter.java:134)
	at com.google.javascript.jscomp.RhinoErrorReporter$OldRhinoErrorReporter.<init>(RhinoErrorReporter.java:130)
	at com.google.javascript.jscomp.RhinoErrorReporter.forOldRhino(RhinoErrorReporter.java:99)
	at com.google.javascript.jscomp.Compiler.<init>(Compiler.java:129)
	at com.google.javascript.jscomp.CompilerTestCase.createCompiler(CompilerTestCase.java:882)
	at com.google.javascript.jscomp.CompilerTestCase.test(CompilerTestCase.java:337)
	at com.google.javascript.jscomp.CompilerTestCase.test(CompilerTestCase.java:278)
	at com.google.javascript.jscomp.CompilerTestCase.test(CompilerTestCase.java:247)
	at com.google.javascript.jscomp.CompilerTestCase.test(CompilerTestCase.java:235)
	at com.google.javascript.jscomp.FoldConstantsTest.fold(FoldConstantsTest.java:52)
	at com.google.javascript.jscomp.FoldConstantsTest.testFoldTypeof(FoldConstantsTest.java:831)
	at sun.reflect.NativeMethodAccessorImpl.invoke0(Native Method)
	at sun.reflect.NativeMethodAccessorImpl.invoke(NativeMethodAccessorImpl.java:57)
	at sun.reflect.DelegatingMethodAccessorImpl.invoke(DelegatingMethodAccessorImpl.java:43)
	at java.lang.reflect.Method.invoke(Method.java:606)
	at junit.framework.TestCase.runTest(TestCase.java:176)
	at junit.framework.TestCase.runBare(TestCase.java:141)
	at junit.framework.TestResult$1.protect(TestResult.java:122)
	at junit.framework.TestResult.runProtected(TestResult.java:142)
	at junit.framework.TestResult.run(TestResult.java:125)
	at junit.framework.TestCase.run(TestCase.java:129)
	at junit.framework.TestSuite.runTest(TestSuite.java:255)
	at junit.framework.TestSuite.run(TestSuite.java:250)
	at org.junit.internal.runners.JUnit38ClassRunner.run(JUnit38ClassRunner.java:84)
	at com.gzoltar.lib.instrumentation.testing.junit.a.call(Unknown Source)
	at java.util.concurrent.FutureTask.run(FutureTask.java:262)
	at java.util.concurrent.ThreadPoolExecutor.runWorker(ThreadPoolExecutor.java:1145)
	at java.util.concurrent.ThreadPoolExecutor$Worker.run(ThreadPoolExecutor.java:615)
	at java.lang.Thread.run(Thread.java:745)
[ERROR] Class not found
java.lang.ClassNotFoundException: rhino_ast.java.com.google.javascript.rhino.Messages_en
	at java.lang.ClassLoader.findClass(ClassLoader.java:531)
	at java.lang.ClassLoader.loadClass(ClassLoader.java:425)
	at java.lang.ClassLoader.loadClass(ClassLoader.java:358)
	at com.gzoltar.lib.instrumentation.util.GZoltarClassLoader.loadClass(Unknown Source)
	at java.util.ResourceBundle$Control.newBundle(ResourceBundle.java:2566)
	at java.util.ResourceBundle.loadBundle(ResourceBundle.java:1436)
	at java.util.ResourceBundle.findBundle(ResourceBundle.java:1400)
	at java.util.ResourceBundle.findBundle(ResourceBundle.java:1354)
	at java.util.ResourceBundle.getBundleImpl(ResourceBundle.java:1296)
	at java.util.ResourceBundle.getBundle(ResourceBundle.java:795)
	at com.google.javascript.rhino.ScriptRuntime.getMessage(ScriptRuntime.java:466)
	at com.google.javascript.rhino.ScriptRuntime.getMessage0(ScriptRuntime.java:423)
	at com.google.javascript.jscomp.RhinoErrorReporter.<init>(RhinoErrorReporter.java:69)
	at com.google.javascript.jscomp.RhinoErrorReporter.<init>(RhinoErrorReporter.java:33)
	at com.google.javascript.jscomp.RhinoErrorReporter$OldRhinoErrorReporter.<init>(RhinoErrorReporter.java:134)
	at com.google.javascript.jscomp.RhinoErrorReporter$OldRhinoErrorReporter.<init>(RhinoErrorReporter.java:130)
	at com.google.javascript.jscomp.RhinoErrorReporter.forOldRhino(RhinoErrorReporter.java:99)
	at com.google.javascript.jscomp.Compiler.<init>(Compiler.java:129)
	at com.google.javascript.jscomp.CompilerTestCase.createCompiler(CompilerTestCase.java:882)
	at com.google.javascript.jscomp.CompilerTestCase.test(CompilerTestCase.java:337)
	at com.google.javascript.jscomp.CompilerTestCase.test(CompilerTestCase.java:278)
	at com.google.javascript.jscomp.CompilerTestCase.test(CompilerTestCase.java:247)
	at com.google.javascript.jscomp.CompilerTestCase.test(CompilerTestCase.java:235)
	at com.google.javascript.jscomp.FoldConstantsTest.fold(FoldConstantsTest.java:52)
	at com.google.javascript.jscomp.FoldConstantsTest.testFoldTypeof(FoldConstantsTest.java:831)
	at sun.reflect.NativeMethodAccessorImpl.invoke0(Native Method)
	at sun.reflect.NativeMethodAccessorImpl.invoke(NativeMethodAccessorImpl.java:57)
	at sun.reflect.DelegatingMethodAccessorImpl.invoke(DelegatingMethodAccessorImpl.java:43)
	at java.lang.reflect.Method.invoke(Method.java:606)
	at junit.framework.TestCase.runTest(TestCase.java:176)
	at junit.framework.TestCase.runBare(TestCase.java:141)
	at junit.framework.TestResult$1.protect(TestResult.java:122)
	at junit.framework.TestResult.runProtected(TestResult.java:142)
	at junit.framework.TestResult.run(TestResult.java:125)
	at junit.framework.TestCase.run(TestCase.java:129)
	at junit.framework.TestSuite.runTest(TestSuite.java:255)
	at junit.framework.TestSuite.run(TestSuite.java:250)
	at org.junit.internal.runners.JUnit38ClassRunner.run(JUnit38ClassRunner.java:84)
	at com.gzoltar.lib.instrumentation.testing.junit.a.call(Unknown Source)
	at java.util.concurrent.FutureTask.run(FutureTask.java:262)
	at java.util.concurrent.ThreadPoolExecutor.runWorker(ThreadPoolExecutor.java:1145)
	at java.util.concurrent.ThreadPoolExecutor$Worker.run(ThreadPoolExecutor.java:615)
	at java.lang.Thread.run(Thread.java:745)
[ERROR] Class not found
java.lang.ClassNotFoundException: rhino_ast.java.com.google.javascript.rhino.Messages_en_US
	at java.lang.ClassLoader.findClass(ClassLoader.java:531)
	at java.lang.ClassLoader.loadClass(ClassLoader.java:425)
	at java.lang.ClassLoader.loadClass(ClassLoader.java:358)
	at com.gzoltar.lib.instrumentation.util.GZoltarClassLoader.loadClass(Unknown Source)
	at java.util.ResourceBundle$Control.newBundle(ResourceBundle.java:2566)
	at java.util.ResourceBundle.loadBundle(ResourceBundle.java:1436)
	at java.util.ResourceBundle.findBundle(ResourceBundle.java:1400)
	at java.util.ResourceBundle.getBundleImpl(ResourceBundle.java:1296)
	at java.util.ResourceBundle.getBundle(ResourceBundle.java:795)
	at com.google.javascript.rhino.ScriptRuntime.getMessage(ScriptRuntime.java:466)
	at com.google.javascript.rhino.ScriptRuntime.getMessage0(ScriptRuntime.java:423)
	at com.google.javascript.jscomp.RhinoErrorReporter.<init>(RhinoErrorReporter.java:69)
	at com.google.javascript.jscomp.RhinoErrorReporter.<init>(RhinoErrorReporter.java:33)
	at com.google.javascript.jscomp.RhinoErrorReporter$OldRhinoErrorReporter.<init>(RhinoErrorReporter.java:134)
	at com.google.javascript.jscomp.RhinoErrorReporter$OldRhinoErrorReporter.<init>(RhinoErrorReporter.java:130)
	at com.google.javascript.jscomp.RhinoErrorReporter.forOldRhino(RhinoErrorReporter.java:99)
	at com.google.javascript.jscomp.Compiler.<init>(Compiler.java:129)
	at com.google.javascript.jscomp.CompilerTestCase.createCompiler(CompilerTestCase.java:882)
	at com.google.javascript.jscomp.CompilerTestCase.test(CompilerTestCase.java:337)
	at com.google.javascript.jscomp.CompilerTestCase.test(CompilerTestCase.java:278)
	at com.google.javascript.jscomp.CompilerTestCase.test(CompilerTestCase.java:247)
	at com.google.javascript.jscomp.CompilerTestCase.test(CompilerTestCase.java:235)
	at com.google.javascript.jscomp.FoldConstantsTest.fold(FoldConstantsTest.java:52)
	at com.google.javascript.jscomp.FoldConstantsTest.testFoldTypeof(FoldConstantsTest.java:831)
	at sun.reflect.NativeMethodAccessorImpl.invoke0(Native Method)
	at sun.reflect.NativeMethodAccessorImpl.invoke(NativeMethodAccessorImpl.java:57)
	at sun.reflect.DelegatingMethodAccessorImpl.invoke(DelegatingMethodAccessorImpl.java:43)
	at java.lang.reflect.Method.invoke(Method.java:606)
	at junit.framework.TestCase.runTest(TestCase.java:176)
	at junit.framework.TestCase.runBare(TestCase.java:141)
	at junit.framework.TestResult$1.protect(TestResult.java:122)
	at junit.framework.TestResult.runProtected(TestResult.java:142)
	at junit.framework.TestResult.run(TestResult.java:125)
	at junit.framework.TestCase.run(TestCase.java:129)
	at junit.framework.TestSuite.runTest(TestSuite.java:255)
	at junit.framework.TestSuite.run(TestSuite.java:250)
	at org.junit.internal.runners.JUnit38ClassRunner.run(JUnit38ClassRunner.java:84)
	at com.gzoltar.lib.instrumentation.testing.junit.a.call(Unknown Source)
	at java.util.concurrent.FutureTask.run(FutureTask.java:262)
	at java.util.concurrent.ThreadPoolExecutor.runWorker(ThreadPoolExecutor.java:1145)
	at java.util.concurrent.ThreadPoolExecutor$Worker.run(ThreadPoolExecutor.java:615)
	at java.lang.Thread.run(Thread.java:745)
[ERROR] Class not found
java.lang.ClassNotFoundException: com.google.javascript.jscomp.mozilla.rhino.VMBridge_custom
	at java.lang.ClassLoader.findClass(ClassLoader.java:531)
	at java.lang.ClassLoader.loadClass(ClassLoader.java:425)
	at java.lang.ClassLoader.loadClass(ClassLoader.java:358)
	at com.gzoltar.lib.instrumentation.util.GZoltarClassLoader.loadClass(Unknown Source)
	at java.lang.Class.forName0(Native Method)
	at java.lang.Class.forName(Class.java:195)
	at com.google.javascript.jscomp.mozilla.rhino.Kit.classOrNull(Kit.java:74)
	at com.google.javascript.jscomp.mozilla.rhino.VMBridge.makeInstance(VMBridge.java:61)
	at com.google.javascript.jscomp.mozilla.rhino.VMBridge.<clinit>(VMBridge.java:49)
	at com.google.javascript.jscomp.mozilla.rhino.Context.getCurrentContext(Context.java:379)
	at com.google.javascript.jscomp.mozilla.rhino.ScriptRuntime$DefaultMessageProvider.getMessage(ScriptRuntime.java:3703)
	at com.google.javascript.jscomp.mozilla.rhino.ScriptRuntime.getMessage(ScriptRuntime.java:3691)
	at com.google.javascript.jscomp.mozilla.rhino.ScriptRuntime.getMessage0(ScriptRuntime.java:3639)
	at com.google.javascript.jscomp.RhinoErrorReporter.<init>(RhinoErrorReporter.java:69)
	at com.google.javascript.jscomp.RhinoErrorReporter.<init>(RhinoErrorReporter.java:33)
	at com.google.javascript.jscomp.RhinoErrorReporter$OldRhinoErrorReporter.<init>(RhinoErrorReporter.java:134)
	at com.google.javascript.jscomp.RhinoErrorReporter$OldRhinoErrorReporter.<init>(RhinoErrorReporter.java:130)
	at com.google.javascript.jscomp.RhinoErrorReporter.forOldRhino(RhinoErrorReporter.java:99)
	at com.google.javascript.jscomp.Compiler.<init>(Compiler.java:129)
	at com.google.javascript.jscomp.CompilerTestCase.createCompiler(CompilerTestCase.java:882)
	at com.google.javascript.jscomp.CompilerTestCase.test(CompilerTestCase.java:337)
	at com.google.javascript.jscomp.CompilerTestCase.test(CompilerTestCase.java:278)
	at com.google.javascript.jscomp.CompilerTestCase.test(CompilerTestCase.java:247)
	at com.google.javascript.jscomp.CompilerTestCase.test(CompilerTestCase.java:235)
	at com.google.javascript.jscomp.FoldConstantsTest.fold(FoldConstantsTest.java:52)
	at com.google.javascript.jscomp.FoldConstantsTest.testFoldTypeof(FoldConstantsTest.java:831)
	at sun.reflect.NativeMethodAccessorImpl.invoke0(Native Method)
	at sun.reflect.NativeMethodAccessorImpl.invoke(NativeMethodAccessorImpl.java:57)
	at sun.reflect.DelegatingMethodAccessorImpl.invoke(DelegatingMethodAccessorImpl.java:43)
	at java.lang.reflect.Method.invoke(Method.java:606)
	at junit.framework.TestCase.runTest(TestCase.java:176)
	at junit.framework.TestCase.runBare(TestCase.java:141)
	at junit.framework.TestResult$1.protect(TestResult.java:122)
	at junit.framework.TestResult.runProtected(TestResult.java:142)
	at junit.framework.TestResult.run(TestResult.java:125)
	at junit.framework.TestCase.run(TestCase.java:129)
	at junit.framework.TestSuite.runTest(TestSuite.java:255)
	at junit.framework.TestSuite.run(TestSuite.java:250)
	at org.junit.internal.runners.JUnit38ClassRunner.run(JUnit38ClassRunner.java:84)
	at com.gzoltar.lib.instrumentation.testing.junit.a.call(Unknown Source)
	at java.util.concurrent.FutureTask.run(FutureTask.java:262)
	at java.util.concurrent.ThreadPoolExecutor.runWorker(ThreadPoolExecutor.java:1145)
	at java.util.concurrent.ThreadPoolExecutor$Worker.run(ThreadPoolExecutor.java:615)
	at java.lang.Thread.run(Thread.java:745)
[ERROR] Class not found
java.lang.ClassNotFoundException: com.google.javascript.jscomp.mozilla.rhino.resources.Messages
	at java.lang.ClassLoader.findClass(ClassLoader.java:531)
	at java.lang.ClassLoader.loadClass(ClassLoader.java:425)
	at java.lang.ClassLoader.loadClass(ClassLoader.java:358)
	at com.gzoltar.lib.instrumentation.util.GZoltarClassLoader.loadClass(Unknown Source)
	at java.util.ResourceBundle$Control.newBundle(ResourceBundle.java:2566)
	at java.util.ResourceBundle.loadBundle(ResourceBundle.java:1436)
	at java.util.ResourceBundle.findBundle(ResourceBundle.java:1400)
	at java.util.ResourceBundle.findBundle(ResourceBundle.java:1354)
	at java.util.ResourceBundle.findBundle(ResourceBundle.java:1354)
	at java.util.ResourceBundle.getBundleImpl(ResourceBundle.java:1296)
	at java.util.ResourceBundle.getBundle(ResourceBundle.java:795)
	at com.google.javascript.jscomp.mozilla.rhino.ScriptRuntime$DefaultMessageProvider.getMessage(ScriptRuntime.java:3707)
	at com.google.javascript.jscomp.mozilla.rhino.ScriptRuntime.getMessage(ScriptRuntime.java:3691)
	at com.google.javascript.jscomp.mozilla.rhino.ScriptRuntime.getMessage0(ScriptRuntime.java:3639)
	at com.google.javascript.jscomp.RhinoErrorReporter.<init>(RhinoErrorReporter.java:69)
	at com.google.javascript.jscomp.RhinoErrorReporter.<init>(RhinoErrorReporter.java:33)
	at com.google.javascript.jscomp.RhinoErrorReporter$OldRhinoErrorReporter.<init>(RhinoErrorReporter.java:134)
	at com.google.javascript.jscomp.RhinoErrorReporter$OldRhinoErrorReporter.<init>(RhinoErrorReporter.java:130)
	at com.google.javascript.jscomp.RhinoErrorReporter.forOldRhino(RhinoErrorReporter.java:99)
	at com.google.javascript.jscomp.Compiler.<init>(Compiler.java:129)
	at com.google.javascript.jscomp.CompilerTestCase.createCompiler(CompilerTestCase.java:882)
	at com.google.javascript.jscomp.CompilerTestCase.test(CompilerTestCase.java:337)
	at com.google.javascript.jscomp.CompilerTestCase.test(CompilerTestCase.java:278)
	at com.google.javascript.jscomp.CompilerTestCase.test(CompilerTestCase.java:247)
	at com.google.javascript.jscomp.CompilerTestCase.test(CompilerTestCase.java:235)
	at com.google.javascript.jscomp.FoldConstantsTest.fold(FoldConstantsTest.java:52)
	at com.google.javascript.jscomp.FoldConstantsTest.testFoldTypeof(FoldConstantsTest.java:831)
	at sun.reflect.NativeMethodAccessorImpl.invoke0(Native Method)
	at sun.reflect.NativeMethodAccessorImpl.invoke(NativeMethodAccessorImpl.java:57)
	at sun.reflect.DelegatingMethodAccessorImpl.invoke(DelegatingMethodAccessorImpl.java:43)
	at java.lang.reflect.Method.invoke(Method.java:606)
	at junit.framework.TestCase.runTest(TestCase.java:176)
	at junit.framework.TestCase.runBare(TestCase.java:141)
	at junit.framework.TestResult$1.protect(TestResult.java:122)
	at junit.framework.TestResult.runProtected(TestResult.java:142)
	at junit.framework.TestResult.run(TestResult.java:125)
	at junit.framework.TestCase.run(TestCase.java:129)
	at junit.framework.TestSuite.runTest(TestSuite.java:255)
	at junit.framework.TestSuite.run(TestSuite.java:250)
	at org.junit.internal.runners.JUnit38ClassRunner.run(JUnit38ClassRunner.java:84)
	at com.gzoltar.lib.instrumentation.testing.junit.a.call(Unknown Source)
	at java.util.concurrent.FutureTask.run(FutureTask.java:262)
	at java.util.concurrent.ThreadPoolExecutor.runWorker(ThreadPoolExecutor.java:1145)
	at java.util.concurrent.ThreadPoolExecutor$Worker.run(ThreadPoolExecutor.java:615)
	at java.lang.Thread.run(Thread.java:745)
[ERROR] Class not found
java.lang.ClassNotFoundException: com.google.javascript.jscomp.mozilla.rhino.resources.Messages_en
	at java.lang.ClassLoader.findClass(ClassLoader.java:531)
	at java.lang.ClassLoader.loadClass(ClassLoader.java:425)
	at java.lang.ClassLoader.loadClass(ClassLoader.java:358)
	at com.gzoltar.lib.instrumentation.util.GZoltarClassLoader.loadClass(Unknown Source)
	at java.util.ResourceBundle$Control.newBundle(ResourceBundle.java:2566)
	at java.util.ResourceBundle.loadBundle(ResourceBundle.java:1436)
	at java.util.ResourceBundle.findBundle(ResourceBundle.java:1400)
	at java.util.ResourceBundle.findBundle(ResourceBundle.java:1354)
	at java.util.ResourceBundle.getBundleImpl(ResourceBundle.java:1296)
	at java.util.ResourceBundle.getBundle(ResourceBundle.java:795)
	at com.google.javascript.jscomp.mozilla.rhino.ScriptRuntime$DefaultMessageProvider.getMessage(ScriptRuntime.java:3707)
	at com.google.javascript.jscomp.mozilla.rhino.ScriptRuntime.getMessage(ScriptRuntime.java:3691)
	at com.google.javascript.jscomp.mozilla.rhino.ScriptRuntime.getMessage0(ScriptRuntime.java:3639)
	at com.google.javascript.jscomp.RhinoErrorReporter.<init>(RhinoErrorReporter.java:69)
	at com.google.javascript.jscomp.RhinoErrorReporter.<init>(RhinoErrorReporter.java:33)
	at com.google.javascript.jscomp.RhinoErrorReporter$OldRhinoErrorReporter.<init>(RhinoErrorReporter.java:134)
	at com.google.javascript.jscomp.RhinoErrorReporter$OldRhinoErrorReporter.<init>(RhinoErrorReporter.java:130)
	at com.google.javascript.jscomp.RhinoErrorReporter.forOldRhino(RhinoErrorReporter.java:99)
	at com.google.javascript.jscomp.Compiler.<init>(Compiler.java:129)
	at com.google.javascript.jscomp.CompilerTestCase.createCompiler(CompilerTestCase.java:882)
	at com.google.javascript.jscomp.CompilerTestCase.test(CompilerTestCase.java:337)
	at com.google.javascript.jscomp.CompilerTestCase.test(CompilerTestCase.java:278)
	at com.google.javascript.jscomp.CompilerTestCase.test(CompilerTestCase.java:247)
	at com.google.javascript.jscomp.CompilerTestCase.test(CompilerTestCase.java:235)
	at com.google.javascript.jscomp.FoldConstantsTest.fold(FoldConstantsTest.java:52)
	at com.google.javascript.jscomp.FoldConstantsTest.testFoldTypeof(FoldConstantsTest.java:831)
	at sun.reflect.NativeMethodAccessorImpl.invoke0(Native Method)
	at sun.reflect.NativeMethodAccessorImpl.invoke(NativeMethodAccessorImpl.java:57)
	at sun.reflect.DelegatingMethodAccessorImpl.invoke(DelegatingMethodAccessorImpl.java:43)
	at java.lang.reflect.Method.invoke(Method.java:606)
	at junit.framework.TestCase.runTest(TestCase.java:176)
	at junit.framework.TestCase.runBare(TestCase.java:141)
	at junit.framework.TestResult$1.protect(TestResult.java:122)
	at junit.framework.TestResult.runProtected(TestResult.java:142)
	at junit.framework.TestResult.run(TestResult.java:125)
	at junit.framework.TestCase.run(TestCase.java:129)
	at junit.framework.TestSuite.runTest(TestSuite.java:255)
	at junit.framework.TestSuite.run(TestSuite.java:250)
	at org.junit.internal.runners.JUnit38ClassRunner.run(JUnit38ClassRunner.java:84)
	at com.gzoltar.lib.instrumentation.testing.junit.a.call(Unknown Source)
	at java.util.concurrent.FutureTask.run(FutureTask.java:262)
	at java.util.concurrent.ThreadPoolExecutor.runWorker(ThreadPoolExecutor.java:1145)
	at java.util.concurrent.ThreadPoolExecutor$Worker.run(ThreadPoolExecutor.java:615)
	at java.lang.Thread.run(Thread.java:745)
[ERROR] Class not found
java.lang.ClassNotFoundException: com.google.javascript.jscomp.mozilla.rhino.resources.Messages_en_US
	at java.lang.ClassLoader.findClass(ClassLoader.java:531)
	at java.lang.ClassLoader.loadClass(ClassLoader.java:425)
	at java.lang.ClassLoader.loadClass(ClassLoader.java:358)
	at com.gzoltar.lib.instrumentation.util.GZoltarClassLoader.loadClass(Unknown Source)
	at java.util.ResourceBundle$Control.newBundle(ResourceBundle.java:2566)
	at java.util.ResourceBundle.loadBundle(ResourceBundle.java:1436)
	at java.util.ResourceBundle.findBundle(ResourceBundle.java:1400)
	at java.util.ResourceBundle.getBundleImpl(ResourceBundle.java:1296)
	at java.util.ResourceBundle.getBundle(ResourceBundle.java:795)
	at com.google.javascript.jscomp.mozilla.rhino.ScriptRuntime$DefaultMessageProvider.getMessage(ScriptRuntime.java:3707)
	at com.google.javascript.jscomp.mozilla.rhino.ScriptRuntime.getMessage(ScriptRuntime.java:3691)
	at com.google.javascript.jscomp.mozilla.rhino.ScriptRuntime.getMessage0(ScriptRuntime.java:3639)
	at com.google.javascript.jscomp.RhinoErrorReporter.<init>(RhinoErrorReporter.java:69)
	at com.google.javascript.jscomp.RhinoErrorReporter.<init>(RhinoErrorReporter.java:33)
	at com.google.javascript.jscomp.RhinoErrorReporter$OldRhinoErrorReporter.<init>(RhinoErrorReporter.java:134)
	at com.google.javascript.jscomp.RhinoErrorReporter$OldRhinoErrorReporter.<init>(RhinoErrorReporter.java:130)
	at com.google.javascript.jscomp.RhinoErrorReporter.forOldRhino(RhinoErrorReporter.java:99)
	at com.google.javascript.jscomp.Compiler.<init>(Compiler.java:129)
	at com.google.javascript.jscomp.CompilerTestCase.createCompiler(CompilerTestCase.java:882)
	at com.google.javascript.jscomp.CompilerTestCase.test(CompilerTestCase.java:337)
	at com.google.javascript.jscomp.CompilerTestCase.test(CompilerTestCase.java:278)
	at com.google.javascript.jscomp.CompilerTestCase.test(CompilerTestCase.java:247)
	at com.google.javascript.jscomp.CompilerTestCase.test(CompilerTestCase.java:235)
	at com.google.javascript.jscomp.FoldConstantsTest.fold(FoldConstantsTest.java:52)
	at com.google.javascript.jscomp.FoldConstantsTest.testFoldTypeof(FoldConstantsTest.java:831)
	at sun.reflect.NativeMethodAccessorImpl.invoke0(Native Method)
	at sun.reflect.NativeMethodAccessorImpl.invoke(NativeMethodAccessorImpl.java:57)
	at sun.reflect.DelegatingMethodAccessorImpl.invoke(DelegatingMethodAccessorImpl.java:43)
	at java.lang.reflect.Method.invoke(Method.java:606)
	at junit.framework.TestCase.runTest(TestCase.java:176)
	at junit.framework.TestCase.runBare(TestCase.java:141)
	at junit.framework.TestResult$1.protect(TestResult.java:122)
	at junit.framework.TestResult.runProtected(TestResult.java:142)
	at junit.framework.TestResult.run(TestResult.java:125)
	at junit.framework.TestCase.run(TestCase.java:129)
	at junit.framework.TestSuite.runTest(TestSuite.java:255)
	at junit.framework.TestSuite.run(TestSuite.java:250)
	at org.junit.internal.runners.JUnit38ClassRunner.run(JUnit38ClassRunner.java:84)
	at com.gzoltar.lib.instrumentation.testing.junit.a.call(Unknown Source)
	at java.util.concurrent.FutureTask.run(FutureTask.java:262)
	at java.util.concurrent.ThreadPoolExecutor.runWorker(ThreadPoolExecutor.java:1145)
	at java.util.concurrent.ThreadPoolExecutor$Worker.run(ThreadPoolExecutor.java:615)
	at java.lang.Thread.run(Thread.java:745)
[ERROR] Class not found
java.lang.ClassNotFoundException: com.google.javascript.jscomp.parsing.ParserConfig
	at java.lang.ClassLoader.findClass(ClassLoader.java:531)
	at java.lang.ClassLoader.loadClass(ClassLoader.java:425)
	at java.lang.ClassLoader.loadClass(ClassLoader.java:358)
	at com.gzoltar.lib.instrumentation.util.GZoltarClassLoader.loadClass(Unknown Source)
	at java.util.ResourceBundle$Control.newBundle(ResourceBundle.java:2566)
	at java.util.ResourceBundle.loadBundle(ResourceBundle.java:1436)
	at java.util.ResourceBundle.findBundle(ResourceBundle.java:1400)
	at java.util.ResourceBundle.findBundle(ResourceBundle.java:1354)
	at java.util.ResourceBundle.findBundle(ResourceBundle.java:1354)
	at java.util.ResourceBundle.getBundleImpl(ResourceBundle.java:1296)
	at java.util.ResourceBundle.getBundle(ResourceBundle.java:721)
	at com.google.javascript.jscomp.parsing.ParserRunner.initAnnotationNames(ParserRunner.java:60)
	at com.google.javascript.jscomp.parsing.ParserRunner.parse(ParserRunner.java:86)
	at com.google.javascript.jscomp.JsAst.parse(JsAst.java:89)
	at com.google.javascript.jscomp.JsAst.createAst(JsAst.java:78)
	at com.google.javascript.jscomp.JsAst.getAstRoot(JsAst.java:51)
	at com.google.javascript.jscomp.CompilerInput.getAstRoot(CompilerInput.java:80)
	at com.google.javascript.jscomp.Compiler.parseInputs(Compiler.java:973)
	at com.google.javascript.jscomp.CompilerTestCase.test(CompilerTestCase.java:622)
	at com.google.javascript.jscomp.CompilerTestCase.test(CompilerTestCase.java:348)
	at com.google.javascript.jscomp.CompilerTestCase.test(CompilerTestCase.java:278)
	at com.google.javascript.jscomp.CompilerTestCase.test(CompilerTestCase.java:247)
	at com.google.javascript.jscomp.CompilerTestCase.test(CompilerTestCase.java:235)
	at com.google.javascript.jscomp.FoldConstantsTest.fold(FoldConstantsTest.java:52)
	at com.google.javascript.jscomp.FoldConstantsTest.testFoldTypeof(FoldConstantsTest.java:831)
	at sun.reflect.NativeMethodAccessorImpl.invoke0(Native Method)
	at sun.reflect.NativeMethodAccessorImpl.invoke(NativeMethodAccessorImpl.java:57)
	at sun.reflect.DelegatingMethodAccessorImpl.invoke(DelegatingMethodAccessorImpl.java:43)
	at java.lang.reflect.Method.invoke(Method.java:606)
	at junit.framework.TestCase.runTest(TestCase.java:176)
	at junit.framework.TestCase.runBare(TestCase.java:141)
	at junit.framework.TestResult$1.protect(TestResult.java:122)
	at junit.framework.TestResult.runProtected(TestResult.java:142)
	at junit.framework.TestResult.run(TestResult.java:125)
	at junit.framework.TestCase.run(TestCase.java:129)
	at junit.framework.TestSuite.runTest(TestSuite.java:255)
	at junit.framework.TestSuite.run(TestSuite.java:250)
	at org.junit.internal.runners.JUnit38ClassRunner.run(JUnit38ClassRunner.java:84)
	at com.gzoltar.lib.instrumentation.testing.junit.a.call(Unknown Source)
	at java.util.concurrent.FutureTask.run(FutureTask.java:262)
	at java.util.concurrent.ThreadPoolExecutor.runWorker(ThreadPoolExecutor.java:1145)
	at java.util.concurrent.ThreadPoolExecutor$Worker.run(ThreadPoolExecutor.java:615)
	at java.lang.Thread.run(Thread.java:745)
[ERROR] Class not found
java.lang.ClassNotFoundException: com.google.javascript.jscomp.parsing.ParserConfig_en
	at java.lang.ClassLoader.findClass(ClassLoader.java:531)
	at java.lang.ClassLoader.loadClass(ClassLoader.java:425)
	at java.lang.ClassLoader.loadClass(ClassLoader.java:358)
	at com.gzoltar.lib.instrumentation.util.GZoltarClassLoader.loadClass(Unknown Source)
	at java.util.ResourceBundle$Control.newBundle(ResourceBundle.java:2566)
	at java.util.ResourceBundle.loadBundle(ResourceBundle.java:1436)
	at java.util.ResourceBundle.findBundle(ResourceBundle.java:1400)
	at java.util.ResourceBundle.findBundle(ResourceBundle.java:1354)
	at java.util.ResourceBundle.getBundleImpl(ResourceBundle.java:1296)
	at java.util.ResourceBundle.getBundle(ResourceBundle.java:721)
	at com.google.javascript.jscomp.parsing.ParserRunner.initAnnotationNames(ParserRunner.java:60)
	at com.google.javascript.jscomp.parsing.ParserRunner.parse(ParserRunner.java:86)
	at com.google.javascript.jscomp.JsAst.parse(JsAst.java:89)
	at com.google.javascript.jscomp.JsAst.createAst(JsAst.java:78)
	at com.google.javascript.jscomp.JsAst.getAstRoot(JsAst.java:51)
	at com.google.javascript.jscomp.CompilerInput.getAstRoot(CompilerInput.java:80)
	at com.google.javascript.jscomp.Compiler.parseInputs(Compiler.java:973)
	at com.google.javascript.jscomp.CompilerTestCase.test(CompilerTestCase.java:622)
	at com.google.javascript.jscomp.CompilerTestCase.test(CompilerTestCase.java:348)
	at com.google.javascript.jscomp.CompilerTestCase.test(CompilerTestCase.java:278)
	at com.google.javascript.jscomp.CompilerTestCase.test(CompilerTestCase.java:247)
	at com.google.javascript.jscomp.CompilerTestCase.test(CompilerTestCase.java:235)
	at com.google.javascript.jscomp.FoldConstantsTest.fold(FoldConstantsTest.java:52)
	at com.google.javascript.jscomp.FoldConstantsTest.testFoldTypeof(FoldConstantsTest.java:831)
	at sun.reflect.NativeMethodAccessorImpl.invoke0(Native Method)
	at sun.reflect.NativeMethodAccessorImpl.invoke(NativeMethodAccessorImpl.java:57)
	at sun.reflect.DelegatingMethodAccessorImpl.invoke(DelegatingMethodAccessorImpl.java:43)
	at java.lang.reflect.Method.invoke(Method.java:606)
	at junit.framework.TestCase.runTest(TestCase.java:176)
	at junit.framework.TestCase.runBare(TestCase.java:141)
	at junit.framework.TestResult$1.protect(TestResult.java:122)
	at junit.framework.TestResult.runProtected(TestResult.java:142)
	at junit.framework.TestResult.run(TestResult.java:125)
	at junit.framework.TestCase.run(TestCase.java:129)
	at junit.framework.TestSuite.runTest(TestSuite.java:255)
	at junit.framework.TestSuite.run(TestSuite.java:250)
	at org.junit.internal.runners.JUnit38ClassRunner.run(JUnit38ClassRunner.java:84)
	at com.gzoltar.lib.instrumentation.testing.junit.a.call(Unknown Source)
	at java.util.concurrent.FutureTask.run(FutureTask.java:262)
	at java.util.concurrent.ThreadPoolExecutor.runWorker(ThreadPoolExecutor.java:1145)
	at java.util.concurrent.ThreadPoolExecutor$Worker.run(ThreadPoolExecutor.java:615)
	at java.lang.Thread.run(Thread.java:745)
[ERROR] Class not found
java.lang.ClassNotFoundException: com.google.javascript.jscomp.parsing.ParserConfig_en_US
	at java.lang.ClassLoader.findClass(ClassLoader.java:531)
	at java.lang.ClassLoader.loadClass(ClassLoader.java:425)
	at java.lang.ClassLoader.loadClass(ClassLoader.java:358)
	at com.gzoltar.lib.instrumentation.util.GZoltarClassLoader.loadClass(Unknown Source)
	at java.util.ResourceBundle$Control.newBundle(ResourceBundle.java:2566)
	at java.util.ResourceBundle.loadBundle(ResourceBundle.java:1436)
	at java.util.ResourceBundle.findBundle(ResourceBundle.java:1400)
	at java.util.ResourceBundle.getBundleImpl(ResourceBundle.java:1296)
	at java.util.ResourceBundle.getBundle(ResourceBundle.java:721)
	at com.google.javascript.jscomp.parsing.ParserRunner.initAnnotationNames(ParserRunner.java:60)
	at com.google.javascript.jscomp.parsing.ParserRunner.parse(ParserRunner.java:86)
	at com.google.javascript.jscomp.JsAst.parse(JsAst.java:89)
	at com.google.javascript.jscomp.JsAst.createAst(JsAst.java:78)
	at com.google.javascript.jscomp.JsAst.getAstRoot(JsAst.java:51)
	at com.google.javascript.jscomp.CompilerInput.getAstRoot(CompilerInput.java:80)
	at com.google.javascript.jscomp.Compiler.parseInputs(Compiler.java:973)
	at com.google.javascript.jscomp.CompilerTestCase.test(CompilerTestCase.java:622)
	at com.google.javascript.jscomp.CompilerTestCase.test(CompilerTestCase.java:348)
	at com.google.javascript.jscomp.CompilerTestCase.test(CompilerTestCase.java:278)
	at com.google.javascript.jscomp.CompilerTestCase.test(CompilerTestCase.java:247)
	at com.google.javascript.jscomp.CompilerTestCase.test(CompilerTestCase.java:235)
	at com.google.javascript.jscomp.FoldConstantsTest.fold(FoldConstantsTest.java:52)
	at com.google.javascript.jscomp.FoldConstantsTest.testFoldTypeof(FoldConstantsTest.java:831)
	at sun.reflect.NativeMethodAccessorImpl.invoke0(Native Method)
	at sun.reflect.NativeMethodAccessorImpl.invoke(NativeMethodAccessorImpl.java:57)
	at sun.reflect.DelegatingMethodAccessorImpl.invoke(DelegatingMethodAccessorImpl.java:43)
	at java.lang.reflect.Method.invoke(Method.java:606)
	at junit.framework.TestCase.runTest(TestCase.java:176)
	at junit.framework.TestCase.runBare(TestCase.java:141)
	at junit.framework.TestResult$1.protect(TestResult.java:122)
	at junit.framework.TestResult.runProtected(TestResult.java:142)
	at junit.framework.TestResult.run(TestResult.java:125)
	at junit.framework.TestCase.run(TestCase.java:129)
	at junit.framework.TestSuite.runTest(TestSuite.java:255)
	at junit.framework.TestSuite.run(TestSuite.java:250)
	at org.junit.internal.runners.JUnit38ClassRunner.run(JUnit38ClassRunner.java:84)
	at com.gzoltar.lib.instrumentation.testing.junit.a.call(Unknown Source)
	at java.util.concurrent.FutureTask.run(FutureTask.java:262)
	at java.util.concurrent.ThreadPoolExecutor.runWorker(ThreadPoolExecutor.java:1145)
	at java.util.concurrent.ThreadPoolExecutor$Worker.run(ThreadPoolExecutor.java:615)
	at java.lang.Thread.run(Thread.java:745)
* Finished com.google.javascript.jscomp.FoldConstantsTest#testFoldTypeof
* Started com.google.javascript.jscomp.FoldConstantsTest#testMinimizeCondition_example1
* Finished com.google.javascript.jscomp.FoldConstantsTest#testMinimizeCondition_example1
* Started com.google.javascript.jscomp.FoldConstantsTest#testFoldLogicalOpStringCompare
* Finished com.google.javascript.jscomp.FoldConstantsTest#testFoldLogicalOpStringCompare
* Started com.google.javascript.jscomp.FoldConstantsTest#testAndParenthesesCount
* Finished com.google.javascript.jscomp.FoldConstantsTest#testAndParenthesesCount
* Started com.google.javascript.jscomp.FoldConstantsTest#testFoldUselessDo
* Finished com.google.javascript.jscomp.FoldConstantsTest#testFoldUselessDo
* Started com.google.javascript.jscomp.FoldConstantsTest#testMinimizeWhileConstantCondition
* Finished com.google.javascript.jscomp.FoldConstantsTest#testMinimizeWhileConstantCondition
* Started com.google.javascript.jscomp.FoldConstantsTest#testFoldGetElem
* Finished com.google.javascript.jscomp.FoldConstantsTest#testFoldGetElem
* Started com.google.javascript.jscomp.FoldConstantsTest#testFoldBitwiseOp
* Finished com.google.javascript.jscomp.FoldConstantsTest#testFoldBitwiseOp
* Started com.google.javascript.jscomp.FoldConstantsTest#testStringJoinAdd_b1992789
* Finished com.google.javascript.jscomp.FoldConstantsTest#testStringJoinAdd_b1992789
* Started com.google.javascript.jscomp.FoldConstantsTest#testFoldConditionalVarDeclaration
* Finished com.google.javascript.jscomp.FoldConstantsTest#testFoldConditionalVarDeclaration
* Started com.google.javascript.jscomp.FoldConstantsTest#testFoldLiteralConstructors
* Finished com.google.javascript.jscomp.FoldConstantsTest#testFoldLiteralConstructors
* Started com.google.javascript.jscomp.FoldConstantsTest#testFoldArithmeticStringComp
* Finished com.google.javascript.jscomp.FoldConstantsTest#testFoldArithmeticStringComp
* Started com.google.javascript.jscomp.FoldConstantsTest#testUnaryOpsStringCompare
* Finished com.google.javascript.jscomp.FoldConstantsTest#testUnaryOpsStringCompare
* Started com.google.javascript.jscomp.FoldConstantsTest#testFoldNot
* Finished com.google.javascript.jscomp.FoldConstantsTest#testFoldNot
* Started com.google.javascript.jscomp.FoldConstantsTest#testFoldOneChildBlocksStringCompare
* Finished com.google.javascript.jscomp.FoldConstantsTest#testFoldOneChildBlocksStringCompare
* Started com.google.javascript.jscomp.FoldConstantsTest#testBugIssue43
* Finished com.google.javascript.jscomp.FoldConstantsTest#testBugIssue43
* Started com.google.javascript.jscomp.FoldConstantsTest#testFoldBitShiftsStringCompare
* Finished com.google.javascript.jscomp.FoldConstantsTest#testFoldBitShiftsStringCompare
* Started com.google.javascript.jscomp.FoldConstantsTest#testFoldComparison
* Finished com.google.javascript.jscomp.FoldConstantsTest#testFoldComparison
* Started com.google.javascript.jscomp.FoldConstantsTest#testFoldComplex
* Finished com.google.javascript.jscomp.FoldConstantsTest#testFoldComplex
* Started com.google.javascript.jscomp.FoldConstantsTest#testFoldArrayLength
* Finished com.google.javascript.jscomp.FoldConstantsTest#testFoldArrayLength
* Started com.google.javascript.jscomp.FoldConstantsTest#testFoldReturns
* Finished com.google.javascript.jscomp.FoldConstantsTest#testFoldReturns
* Started com.google.javascript.jscomp.FoldConstantsTest#testFoldArithmetic
* Finished com.google.javascript.jscomp.FoldConstantsTest#testFoldArithmetic
* Started com.google.javascript.jscomp.FoldConstantsTest#testMinimizeCondition
* Finished com.google.javascript.jscomp.FoldConstantsTest#testMinimizeCondition
* Started com.google.javascript.jscomp.FoldConstantsTest#testStringIndexOf
* Finished com.google.javascript.jscomp.FoldConstantsTest#testStringIndexOf
* Started com.google.javascript.jscomp.FoldConstantsTest#testFoldUselessWhile
* Finished com.google.javascript.jscomp.FoldConstantsTest#testFoldUselessWhile
* Started com.google.javascript.jscomp.FoldConstantsTest#testUndefinedComparison
* Finished com.google.javascript.jscomp.FoldConstantsTest#testUndefinedComparison
* Started com.google.javascript.jscomp.FoldConstantsTest#testUnaryOps
* Finished com.google.javascript.jscomp.FoldConstantsTest#testUnaryOps
* Started com.google.javascript.jscomp.FoldConstantsTest#testFoldStringLength
* Finished com.google.javascript.jscomp.FoldConstantsTest#testFoldStringLength
* Started com.google.javascript.jscomp.FoldConstantsTest#testFoldRegExpConstructor
* Finished com.google.javascript.jscomp.FoldConstantsTest#testFoldRegExpConstructor
* Started com.google.javascript.jscomp.FoldConstantsTest#testStringAdd
* Finished com.google.javascript.jscomp.FoldConstantsTest#testStringAdd
* Started com.google.javascript.jscomp.FoldConstantsTest#testFoldBitwiseOpStringCompare
* Finished com.google.javascript.jscomp.FoldConstantsTest#testFoldBitwiseOpStringCompare
* Started com.google.javascript.jscomp.FoldConstantsTest#testFoldLogicalOp
* Finished com.google.javascript.jscomp.FoldConstantsTest#testFoldLogicalOp
* Started com.google.javascript.jscomp.FoldConstantsTest#testFoldAssignments
* Finished com.google.javascript.jscomp.FoldConstantsTest#testFoldAssignments
* Started com.google.javascript.jscomp.FoldConstantsTest#testMinimizeExpr
* Finished com.google.javascript.jscomp.FoldConstantsTest#testMinimizeExpr
* Started com.google.javascript.jscomp.FoldConstantsTest#testStringJoinAdd
* Failure: 
Expected: x=["",foo].join(",")
Result: x=""+foo
Node tree inequality:
Tree1:
BLOCK [synthetic: 1]
    SCRIPT [source name: null] [encoded source length: 0] [base line: -1] [end line: -1] 1 [sourcename: expected0] [synthetic: 1]
        EXPR_RESULT 1
            ASSIGN 1
                NAME x 1
                CALL 1
                    GETPROP 1
                        ARRAYLIT 1
                            STRING  1
                            NAME foo 1
                        STRING join 1
                    STRING , 1


Tree2:
BLOCK [synthetic: 1]
    SCRIPT [source name: null] [encoded source length: 0] [base line: -1] [end line: -1] 1 [sourcename: testcode] [synthetic: 1]
        EXPR_RESULT 1
            ASSIGN 1
                NAME x 1
                ADD 1
                    STRING 
                    NAME foo 1
 | testStringJoinAdd(com.google.javascript.jscomp.FoldConstantsTest)
junit.framework.AssertionFailedError: 
Expected: x=["",foo].join(",")
Result: x=""+foo
Node tree inequality:
Tree1:
BLOCK [synthetic: 1]
    SCRIPT [source name: null] [encoded source length: 0] [base line: -1] [end line: -1] 1 [sourcename: expected0] [synthetic: 1]
        EXPR_RESULT 1
            ASSIGN 1
                NAME x 1
                CALL 1
                    GETPROP 1
                        ARRAYLIT 1
                            STRING  1
                            NAME foo 1
                        STRING join 1
                    STRING , 1


Tree2:
BLOCK [synthetic: 1]
    SCRIPT [source name: null] [encoded source length: 0] [base line: -1] [end line: -1] 1 [sourcename: testcode] [synthetic: 1]
        EXPR_RESULT 1
            ASSIGN 1
                NAME x 1
                ADD 1
                    STRING 
                    NAME foo 1

	at junit.framework.Assert.fail(Assert.java:57)
	at junit.framework.Assert.assertTrue(Assert.java:22)
	at junit.framework.Assert.assertNull(Assert.java:277)
	at junit.framework.TestCase.assertNull(TestCase.java:447)
	at com.google.javascript.jscomp.CompilerTestCase.test(CompilerTestCase.java:758)
	at com.google.javascript.jscomp.CompilerTestCase.test(CompilerTestCase.java:348)
	at com.google.javascript.jscomp.CompilerTestCase.test(CompilerTestCase.java:278)
	at com.google.javascript.jscomp.CompilerTestCase.test(CompilerTestCase.java:247)
	at com.google.javascript.jscomp.CompilerTestCase.test(CompilerTestCase.java:235)
	at com.google.javascript.jscomp.CompilerTestCase.testSame(CompilerTestCase.java:462)
	at com.google.javascript.jscomp.FoldConstantsTest.foldSame(FoldConstantsTest.java:48)
	at com.google.javascript.jscomp.FoldConstantsTest.testStringJoinAdd(FoldConstantsTest.java:646)
	at sun.reflect.NativeMethodAccessorImpl.invoke0(Native Method)
	at sun.reflect.NativeMethodAccessorImpl.invoke(NativeMethodAccessorImpl.java:57)
	at sun.reflect.DelegatingMethodAccessorImpl.invoke(DelegatingMethodAccessorImpl.java:43)
	at java.lang.reflect.Method.invoke(Method.java:606)
	at junit.framework.TestCase.runTest(TestCase.java:176)
	at junit.framework.TestCase.runBare(TestCase.java:141)
	at junit.framework.TestResult$1.protect(TestResult.java:122)
	at junit.framework.TestResult.runProtected(TestResult.java:142)
	at junit.framework.TestResult.run(TestResult.java:125)
	at junit.framework.TestCase.run(TestCase.java:129)
	at junit.framework.TestSuite.runTest(TestSuite.java:255)
	at junit.framework.TestSuite.run(TestSuite.java:250)
	at org.junit.internal.runners.JUnit38ClassRunner.run(JUnit38ClassRunner.java:84)
	at com.gzoltar.lib.instrumentation.testing.junit.a.call(Unknown Source)
	at java.util.concurrent.FutureTask.run(FutureTask.java:262)
	at java.util.concurrent.ThreadPoolExecutor.runWorker(ThreadPoolExecutor.java:1145)
	at java.util.concurrent.ThreadPoolExecutor$Worker.run(ThreadPoolExecutor.java:615)
	at java.lang.Thread.run(Thread.java:745)

* Finished com.google.javascript.jscomp.FoldConstantsTest#testStringJoinAdd
* Started com.google.javascript.jscomp.FoldConstantsTest#testFoldBlocksWithManyChildren
* Finished com.google.javascript.jscomp.FoldConstantsTest#testFoldBlocksWithManyChildren
* Started com.google.javascript.jscomp.FoldConstantsTest#testBugIssue3
* Finished com.google.javascript.jscomp.FoldConstantsTest#testBugIssue3
* Started com.google.javascript.jscomp.FoldConstantsTest#testContainsUnicodeEscape
* Finished com.google.javascript.jscomp.FoldConstantsTest#testContainsUnicodeEscape
* Started com.google.javascript.jscomp.FoldConstantsTest#testFoldInstanceOf
* Finished com.google.javascript.jscomp.FoldConstantsTest#testFoldInstanceOf
* Started com.google.javascript.jscomp.FoldConstantsTest#testNecessaryDanglingElse
* Finished com.google.javascript.jscomp.FoldConstantsTest#testNecessaryDanglingElse
* Started com.google.javascript.jscomp.FoldConstantsTest#testFoldUselessFor
* Finished com.google.javascript.jscomp.FoldConstantsTest#testFoldUselessFor
* Started com.google.javascript.jscomp.FoldConstantsTest#testDivision
* Finished com.google.javascript.jscomp.FoldConstantsTest#testDivision
* Started com.google.javascript.jscomp.FoldConstantsTest#testFoldReturnResult
* Finished com.google.javascript.jscomp.FoldConstantsTest#testFoldReturnResult
* Started com.google.javascript.jscomp.FoldConstantsTest#testFoldBlock
* Finished com.google.javascript.jscomp.FoldConstantsTest#testFoldBlock
* Started com.google.javascript.jscomp.FoldConstantsTest#testVarLifting
* Finished com.google.javascript.jscomp.FoldConstantsTest#testVarLifting
* Started com.google.javascript.jscomp.FoldConstantsTest#testHookIf
* Finished com.google.javascript.jscomp.FoldConstantsTest#testHookIf
* Started com.google.javascript.jscomp.FoldConstantsTest#testRemoveDuplicateStatements
* Finished com.google.javascript.jscomp.FoldConstantsTest#testRemoveDuplicateStatements
* Started com.google.javascript.jscomp.FoldConstantsTest#testFoldOneChildBlocks
* Finished com.google.javascript.jscomp.FoldConstantsTest#testFoldOneChildBlocks
* Started com.google.javascript.jscomp.FoldConstantsTest#testBug1059649
* Finished com.google.javascript.jscomp.FoldConstantsTest#testBug1059649
* Started com.google.javascript.jscomp.FoldConstantsTest#testBug1438784
* Finished com.google.javascript.jscomp.FoldConstantsTest#testBug1438784
* Started com.google.javascript.jscomp.FoldConstantsTest#testBug1509085
* Finished com.google.javascript.jscomp.FoldConstantsTest#testBug1509085
* Started com.google.javascript.jscomp.FoldConstantsTest#testNotCond
* Finished com.google.javascript.jscomp.FoldConstantsTest#testNotCond
* Started com.google.javascript.jscomp.FoldConstantsTest#testFoldBitShifts
* Finished com.google.javascript.jscomp.FoldConstantsTest#testFoldBitShifts
* Started com.google.javascript.jscomp.FoldConstantsTest#testFoldRegExpConstructorStringCompare
* Finished com.google.javascript.jscomp.FoldConstantsTest#testFoldRegExpConstructorStringCompare
* Started com.google.javascript.jscomp.FoldConstantsTest#testAssignOps
* Finished com.google.javascript.jscomp.FoldConstantsTest#testAssignOps
* Started com.google.javascript.jscomp.CodePrinterTest#testTypeAnnotationsAssign
[ERROR] Class not found
java.lang.ClassNotFoundException: rhino_ast.java.com.google.javascript.rhino.Messages
	at java.lang.ClassLoader.findClass(ClassLoader.java:531)
	at java.lang.ClassLoader.loadClass(ClassLoader.java:425)
	at java.lang.ClassLoader.loadClass(ClassLoader.java:358)
	at com.gzoltar.lib.instrumentation.util.GZoltarClassLoader.loadClass(Unknown Source)
	at java.util.ResourceBundle$Control.newBundle(ResourceBundle.java:2566)
	at java.util.ResourceBundle.loadBundle(ResourceBundle.java:1436)
	at java.util.ResourceBundle.findBundle(ResourceBundle.java:1400)
	at java.util.ResourceBundle.findBundle(ResourceBundle.java:1354)
	at java.util.ResourceBundle.findBundle(ResourceBundle.java:1354)
	at java.util.ResourceBundle.getBundleImpl(ResourceBundle.java:1296)
	at java.util.ResourceBundle.getBundle(ResourceBundle.java:795)
	at com.google.javascript.rhino.ScriptRuntime.getMessage(ScriptRuntime.java:466)
	at com.google.javascript.rhino.ScriptRuntime.getMessage0(ScriptRuntime.java:423)
	at com.google.javascript.jscomp.RhinoErrorReporter.<init>(RhinoErrorReporter.java:69)
	at com.google.javascript.jscomp.RhinoErrorReporter.<init>(RhinoErrorReporter.java:33)
	at com.google.javascript.jscomp.RhinoErrorReporter$OldRhinoErrorReporter.<init>(RhinoErrorReporter.java:134)
	at com.google.javascript.jscomp.RhinoErrorReporter$OldRhinoErrorReporter.<init>(RhinoErrorReporter.java:130)
	at com.google.javascript.jscomp.RhinoErrorReporter.forOldRhino(RhinoErrorReporter.java:99)
	at com.google.javascript.jscomp.Compiler.<init>(Compiler.java:129)
	at com.google.javascript.jscomp.CodePrinterTest.parse(CodePrinterTest.java:33)
	at com.google.javascript.jscomp.CodePrinterTest.parsePrint(CodePrinterTest.java:62)
	at com.google.javascript.jscomp.CodePrinterTest.assertTypeAnnotations(CodePrinterTest.java:513)
	at com.google.javascript.jscomp.CodePrinterTest.testTypeAnnotationsAssign(CodePrinterTest.java:400)
	at sun.reflect.NativeMethodAccessorImpl.invoke0(Native Method)
	at sun.reflect.NativeMethodAccessorImpl.invoke(NativeMethodAccessorImpl.java:57)
	at sun.reflect.DelegatingMethodAccessorImpl.invoke(DelegatingMethodAccessorImpl.java:43)
	at java.lang.reflect.Method.invoke(Method.java:606)
	at junit.framework.TestCase.runTest(TestCase.java:176)
	at junit.framework.TestCase.runBare(TestCase.java:141)
	at junit.framework.TestResult$1.protect(TestResult.java:122)
	at junit.framework.TestResult.runProtected(TestResult.java:142)
	at junit.framework.TestResult.run(TestResult.java:125)
	at junit.framework.TestCase.run(TestCase.java:129)
	at junit.framework.TestSuite.runTest(TestSuite.java:255)
	at junit.framework.TestSuite.run(TestSuite.java:250)
	at org.junit.internal.runners.JUnit38ClassRunner.run(JUnit38ClassRunner.java:84)
	at com.gzoltar.lib.instrumentation.testing.junit.a.call(Unknown Source)
	at java.util.concurrent.FutureTask.run(FutureTask.java:262)
	at java.util.concurrent.ThreadPoolExecutor.runWorker(ThreadPoolExecutor.java:1145)
	at java.util.concurrent.ThreadPoolExecutor$Worker.run(ThreadPoolExecutor.java:615)
	at java.lang.Thread.run(Thread.java:745)
[ERROR] Class not found
java.lang.ClassNotFoundException: rhino_ast.java.com.google.javascript.rhino.Messages_en
	at java.lang.ClassLoader.findClass(ClassLoader.java:531)
	at java.lang.ClassLoader.loadClass(ClassLoader.java:425)
	at java.lang.ClassLoader.loadClass(ClassLoader.java:358)
	at com.gzoltar.lib.instrumentation.util.GZoltarClassLoader.loadClass(Unknown Source)
	at java.util.ResourceBundle$Control.newBundle(ResourceBundle.java:2566)
	at java.util.ResourceBundle.loadBundle(ResourceBundle.java:1436)
	at java.util.ResourceBundle.findBundle(ResourceBundle.java:1400)
	at java.util.ResourceBundle.findBundle(ResourceBundle.java:1354)
	at java.util.ResourceBundle.getBundleImpl(ResourceBundle.java:1296)
	at java.util.ResourceBundle.getBundle(ResourceBundle.java:795)
	at com.google.javascript.rhino.ScriptRuntime.getMessage(ScriptRuntime.java:466)
	at com.google.javascript.rhino.ScriptRuntime.getMessage0(ScriptRuntime.java:423)
	at com.google.javascript.jscomp.RhinoErrorReporter.<init>(RhinoErrorReporter.java:69)
	at com.google.javascript.jscomp.RhinoErrorReporter.<init>(RhinoErrorReporter.java:33)
	at com.google.javascript.jscomp.RhinoErrorReporter$OldRhinoErrorReporter.<init>(RhinoErrorReporter.java:134)
	at com.google.javascript.jscomp.RhinoErrorReporter$OldRhinoErrorReporter.<init>(RhinoErrorReporter.java:130)
	at com.google.javascript.jscomp.RhinoErrorReporter.forOldRhino(RhinoErrorReporter.java:99)
	at com.google.javascript.jscomp.Compiler.<init>(Compiler.java:129)
	at com.google.javascript.jscomp.CodePrinterTest.parse(CodePrinterTest.java:33)
	at com.google.javascript.jscomp.CodePrinterTest.parsePrint(CodePrinterTest.java:62)
	at com.google.javascript.jscomp.CodePrinterTest.assertTypeAnnotations(CodePrinterTest.java:513)
	at com.google.javascript.jscomp.CodePrinterTest.testTypeAnnotationsAssign(CodePrinterTest.java:400)
	at sun.reflect.NativeMethodAccessorImpl.invoke0(Native Method)
	at sun.reflect.NativeMethodAccessorImpl.invoke(NativeMethodAccessorImpl.java:57)
	at sun.reflect.DelegatingMethodAccessorImpl.invoke(DelegatingMethodAccessorImpl.java:43)
	at java.lang.reflect.Method.invoke(Method.java:606)
	at junit.framework.TestCase.runTest(TestCase.java:176)
	at junit.framework.TestCase.runBare(TestCase.java:141)
	at junit.framework.TestResult$1.protect(TestResult.java:122)
	at junit.framework.TestResult.runProtected(TestResult.java:142)
	at junit.framework.TestResult.run(TestResult.java:125)
	at junit.framework.TestCase.run(TestCase.java:129)
	at junit.framework.TestSuite.runTest(TestSuite.java:255)
	at junit.framework.TestSuite.run(TestSuite.java:250)
	at org.junit.internal.runners.JUnit38ClassRunner.run(JUnit38ClassRunner.java:84)
	at com.gzoltar.lib.instrumentation.testing.junit.a.call(Unknown Source)
	at java.util.concurrent.FutureTask.run(FutureTask.java:262)
	at java.util.concurrent.ThreadPoolExecutor.runWorker(ThreadPoolExecutor.java:1145)
	at java.util.concurrent.ThreadPoolExecutor$Worker.run(ThreadPoolExecutor.java:615)
	at java.lang.Thread.run(Thread.java:745)
[ERROR] Class not found
java.lang.ClassNotFoundException: rhino_ast.java.com.google.javascript.rhino.Messages_en_US
	at java.lang.ClassLoader.findClass(ClassLoader.java:531)
	at java.lang.ClassLoader.loadClass(ClassLoader.java:425)
	at java.lang.ClassLoader.loadClass(ClassLoader.java:358)
	at com.gzoltar.lib.instrumentation.util.GZoltarClassLoader.loadClass(Unknown Source)
	at java.util.ResourceBundle$Control.newBundle(ResourceBundle.java:2566)
	at java.util.ResourceBundle.loadBundle(ResourceBundle.java:1436)
	at java.util.ResourceBundle.findBundle(ResourceBundle.java:1400)
	at java.util.ResourceBundle.getBundleImpl(ResourceBundle.java:1296)
	at java.util.ResourceBundle.getBundle(ResourceBundle.java:795)
	at com.google.javascript.rhino.ScriptRuntime.getMessage(ScriptRuntime.java:466)
	at com.google.javascript.rhino.ScriptRuntime.getMessage0(ScriptRuntime.java:423)
	at com.google.javascript.jscomp.RhinoErrorReporter.<init>(RhinoErrorReporter.java:69)
	at com.google.javascript.jscomp.RhinoErrorReporter.<init>(RhinoErrorReporter.java:33)
	at com.google.javascript.jscomp.RhinoErrorReporter$OldRhinoErrorReporter.<init>(RhinoErrorReporter.java:134)
	at com.google.javascript.jscomp.RhinoErrorReporter$OldRhinoErrorReporter.<init>(RhinoErrorReporter.java:130)
	at com.google.javascript.jscomp.RhinoErrorReporter.forOldRhino(RhinoErrorReporter.java:99)
	at com.google.javascript.jscomp.Compiler.<init>(Compiler.java:129)
	at com.google.javascript.jscomp.CodePrinterTest.parse(CodePrinterTest.java:33)
	at com.google.javascript.jscomp.CodePrinterTest.parsePrint(CodePrinterTest.java:62)
	at com.google.javascript.jscomp.CodePrinterTest.assertTypeAnnotations(CodePrinterTest.java:513)
	at com.google.javascript.jscomp.CodePrinterTest.testTypeAnnotationsAssign(CodePrinterTest.java:400)
	at sun.reflect.NativeMethodAccessorImpl.invoke0(Native Method)
	at sun.reflect.NativeMethodAccessorImpl.invoke(NativeMethodAccessorImpl.java:57)
	at sun.reflect.DelegatingMethodAccessorImpl.invoke(DelegatingMethodAccessorImpl.java:43)
	at java.lang.reflect.Method.invoke(Method.java:606)
	at junit.framework.TestCase.runTest(TestCase.java:176)
	at junit.framework.TestCase.runBare(TestCase.java:141)
	at junit.framework.TestResult$1.protect(TestResult.java:122)
	at junit.framework.TestResult.runProtected(TestResult.java:142)
	at junit.framework.TestResult.run(TestResult.java:125)
	at junit.framework.TestCase.run(TestCase.java:129)
	at junit.framework.TestSuite.runTest(TestSuite.java:255)
	at junit.framework.TestSuite.run(TestSuite.java:250)
	at org.junit.internal.runners.JUnit38ClassRunner.run(JUnit38ClassRunner.java:84)
	at com.gzoltar.lib.instrumentation.testing.junit.a.call(Unknown Source)
	at java.util.concurrent.FutureTask.run(FutureTask.java:262)
	at java.util.concurrent.ThreadPoolExecutor.runWorker(ThreadPoolExecutor.java:1145)
	at java.util.concurrent.ThreadPoolExecutor$Worker.run(ThreadPoolExecutor.java:615)
	at java.lang.Thread.run(Thread.java:745)
[ERROR] Class not found
java.lang.ClassNotFoundException: com.google.javascript.jscomp.mozilla.rhino.VMBridge_custom
	at java.lang.ClassLoader.findClass(ClassLoader.java:531)
	at java.lang.ClassLoader.loadClass(ClassLoader.java:425)
	at java.lang.ClassLoader.loadClass(ClassLoader.java:358)
	at com.gzoltar.lib.instrumentation.util.GZoltarClassLoader.loadClass(Unknown Source)
	at java.lang.Class.forName0(Native Method)
	at java.lang.Class.forName(Class.java:195)
	at com.google.javascript.jscomp.mozilla.rhino.Kit.classOrNull(Kit.java:74)
	at com.google.javascript.jscomp.mozilla.rhino.VMBridge.makeInstance(VMBridge.java:61)
	at com.google.javascript.jscomp.mozilla.rhino.VMBridge.<clinit>(VMBridge.java:49)
	at com.google.javascript.jscomp.mozilla.rhino.Context.getCurrentContext(Context.java:379)
	at com.google.javascript.jscomp.mozilla.rhino.ScriptRuntime$DefaultMessageProvider.getMessage(ScriptRuntime.java:3703)
	at com.google.javascript.jscomp.mozilla.rhino.ScriptRuntime.getMessage(ScriptRuntime.java:3691)
	at com.google.javascript.jscomp.mozilla.rhino.ScriptRuntime.getMessage0(ScriptRuntime.java:3639)
	at com.google.javascript.jscomp.RhinoErrorReporter.<init>(RhinoErrorReporter.java:69)
	at com.google.javascript.jscomp.RhinoErrorReporter.<init>(RhinoErrorReporter.java:33)
	at com.google.javascript.jscomp.RhinoErrorReporter$OldRhinoErrorReporter.<init>(RhinoErrorReporter.java:134)
	at com.google.javascript.jscomp.RhinoErrorReporter$OldRhinoErrorReporter.<init>(RhinoErrorReporter.java:130)
	at com.google.javascript.jscomp.RhinoErrorReporter.forOldRhino(RhinoErrorReporter.java:99)
	at com.google.javascript.jscomp.Compiler.<init>(Compiler.java:129)
	at com.google.javascript.jscomp.CodePrinterTest.parse(CodePrinterTest.java:33)
	at com.google.javascript.jscomp.CodePrinterTest.parsePrint(CodePrinterTest.java:62)
	at com.google.javascript.jscomp.CodePrinterTest.assertTypeAnnotations(CodePrinterTest.java:513)
	at com.google.javascript.jscomp.CodePrinterTest.testTypeAnnotationsAssign(CodePrinterTest.java:400)
	at sun.reflect.NativeMethodAccessorImpl.invoke0(Native Method)
	at sun.reflect.NativeMethodAccessorImpl.invoke(NativeMethodAccessorImpl.java:57)
	at sun.reflect.DelegatingMethodAccessorImpl.invoke(DelegatingMethodAccessorImpl.java:43)
	at java.lang.reflect.Method.invoke(Method.java:606)
	at junit.framework.TestCase.runTest(TestCase.java:176)
	at junit.framework.TestCase.runBare(TestCase.java:141)
	at junit.framework.TestResult$1.protect(TestResult.java:122)
	at junit.framework.TestResult.runProtected(TestResult.java:142)
	at junit.framework.TestResult.run(TestResult.java:125)
	at junit.framework.TestCase.run(TestCase.java:129)
	at junit.framework.TestSuite.runTest(TestSuite.java:255)
	at junit.framework.TestSuite.run(TestSuite.java:250)
	at org.junit.internal.runners.JUnit38ClassRunner.run(JUnit38ClassRunner.java:84)
	at com.gzoltar.lib.instrumentation.testing.junit.a.call(Unknown Source)
	at java.util.concurrent.FutureTask.run(FutureTask.java:262)
	at java.util.concurrent.ThreadPoolExecutor.runWorker(ThreadPoolExecutor.java:1145)
	at java.util.concurrent.ThreadPoolExecutor$Worker.run(ThreadPoolExecutor.java:615)
	at java.lang.Thread.run(Thread.java:745)
[ERROR] Class not found
java.lang.ClassNotFoundException: com.google.javascript.jscomp.mozilla.rhino.resources.Messages
	at java.lang.ClassLoader.findClass(ClassLoader.java:531)
	at java.lang.ClassLoader.loadClass(ClassLoader.java:425)
	at java.lang.ClassLoader.loadClass(ClassLoader.java:358)
	at com.gzoltar.lib.instrumentation.util.GZoltarClassLoader.loadClass(Unknown Source)
	at java.util.ResourceBundle$Control.newBundle(ResourceBundle.java:2566)
	at java.util.ResourceBundle.loadBundle(ResourceBundle.java:1436)
	at java.util.ResourceBundle.findBundle(ResourceBundle.java:1400)
	at java.util.ResourceBundle.findBundle(ResourceBundle.java:1354)
	at java.util.ResourceBundle.findBundle(ResourceBundle.java:1354)
	at java.util.ResourceBundle.getBundleImpl(ResourceBundle.java:1296)
	at java.util.ResourceBundle.getBundle(ResourceBundle.java:795)
	at com.google.javascript.jscomp.mozilla.rhino.ScriptRuntime$DefaultMessageProvider.getMessage(ScriptRuntime.java:3707)
	at com.google.javascript.jscomp.mozilla.rhino.ScriptRuntime.getMessage(ScriptRuntime.java:3691)
	at com.google.javascript.jscomp.mozilla.rhino.ScriptRuntime.getMessage0(ScriptRuntime.java:3639)
	at com.google.javascript.jscomp.RhinoErrorReporter.<init>(RhinoErrorReporter.java:69)
	at com.google.javascript.jscomp.RhinoErrorReporter.<init>(RhinoErrorReporter.java:33)
	at com.google.javascript.jscomp.RhinoErrorReporter$OldRhinoErrorReporter.<init>(RhinoErrorReporter.java:134)
	at com.google.javascript.jscomp.RhinoErrorReporter$OldRhinoErrorReporter.<init>(RhinoErrorReporter.java:130)
	at com.google.javascript.jscomp.RhinoErrorReporter.forOldRhino(RhinoErrorReporter.java:99)
	at com.google.javascript.jscomp.Compiler.<init>(Compiler.java:129)
	at com.google.javascript.jscomp.CodePrinterTest.parse(CodePrinterTest.java:33)
	at com.google.javascript.jscomp.CodePrinterTest.parsePrint(CodePrinterTest.java:62)
	at com.google.javascript.jscomp.CodePrinterTest.assertTypeAnnotations(CodePrinterTest.java:513)
	at com.google.javascript.jscomp.CodePrinterTest.testTypeAnnotationsAssign(CodePrinterTest.java:400)
	at sun.reflect.NativeMethodAccessorImpl.invoke0(Native Method)
	at sun.reflect.NativeMethodAccessorImpl.invoke(NativeMethodAccessorImpl.java:57)
	at sun.reflect.DelegatingMethodAccessorImpl.invoke(DelegatingMethodAccessorImpl.java:43)
	at java.lang.reflect.Method.invoke(Method.java:606)
	at junit.framework.TestCase.runTest(TestCase.java:176)
	at junit.framework.TestCase.runBare(TestCase.java:141)
	at junit.framework.TestResult$1.protect(TestResult.java:122)
	at junit.framework.TestResult.runProtected(TestResult.java:142)
	at junit.framework.TestResult.run(TestResult.java:125)
	at junit.framework.TestCase.run(TestCase.java:129)
	at junit.framework.TestSuite.runTest(TestSuite.java:255)
	at junit.framework.TestSuite.run(TestSuite.java:250)
	at org.junit.internal.runners.JUnit38ClassRunner.run(JUnit38ClassRunner.java:84)
	at com.gzoltar.lib.instrumentation.testing.junit.a.call(Unknown Source)
	at java.util.concurrent.FutureTask.run(FutureTask.java:262)
	at java.util.concurrent.ThreadPoolExecutor.runWorker(ThreadPoolExecutor.java:1145)
	at java.util.concurrent.ThreadPoolExecutor$Worker.run(ThreadPoolExecutor.java:615)
	at java.lang.Thread.run(Thread.java:745)
[ERROR] Class not found
java.lang.ClassNotFoundException: com.google.javascript.jscomp.mozilla.rhino.resources.Messages_en
	at java.lang.ClassLoader.findClass(ClassLoader.java:531)
	at java.lang.ClassLoader.loadClass(ClassLoader.java:425)
	at java.lang.ClassLoader.loadClass(ClassLoader.java:358)
	at com.gzoltar.lib.instrumentation.util.GZoltarClassLoader.loadClass(Unknown Source)
	at java.util.ResourceBundle$Control.newBundle(ResourceBundle.java:2566)
	at java.util.ResourceBundle.loadBundle(ResourceBundle.java:1436)
	at java.util.ResourceBundle.findBundle(ResourceBundle.java:1400)
	at java.util.ResourceBundle.findBundle(ResourceBundle.java:1354)
	at java.util.ResourceBundle.getBundleImpl(ResourceBundle.java:1296)
	at java.util.ResourceBundle.getBundle(ResourceBundle.java:795)
	at com.google.javascript.jscomp.mozilla.rhino.ScriptRuntime$DefaultMessageProvider.getMessage(ScriptRuntime.java:3707)
	at com.google.javascript.jscomp.mozilla.rhino.ScriptRuntime.getMessage(ScriptRuntime.java:3691)
	at com.google.javascript.jscomp.mozilla.rhino.ScriptRuntime.getMessage0(ScriptRuntime.java:3639)
	at com.google.javascript.jscomp.RhinoErrorReporter.<init>(RhinoErrorReporter.java:69)
	at com.google.javascript.jscomp.RhinoErrorReporter.<init>(RhinoErrorReporter.java:33)
	at com.google.javascript.jscomp.RhinoErrorReporter$OldRhinoErrorReporter.<init>(RhinoErrorReporter.java:134)
	at com.google.javascript.jscomp.RhinoErrorReporter$OldRhinoErrorReporter.<init>(RhinoErrorReporter.java:130)
	at com.google.javascript.jscomp.RhinoErrorReporter.forOldRhino(RhinoErrorReporter.java:99)
	at com.google.javascript.jscomp.Compiler.<init>(Compiler.java:129)
	at com.google.javascript.jscomp.CodePrinterTest.parse(CodePrinterTest.java:33)
	at com.google.javascript.jscomp.CodePrinterTest.parsePrint(CodePrinterTest.java:62)
	at com.google.javascript.jscomp.CodePrinterTest.assertTypeAnnotations(CodePrinterTest.java:513)
	at com.google.javascript.jscomp.CodePrinterTest.testTypeAnnotationsAssign(CodePrinterTest.java:400)
	at sun.reflect.NativeMethodAccessorImpl.invoke0(Native Method)
	at sun.reflect.NativeMethodAccessorImpl.invoke(NativeMethodAccessorImpl.java:57)
	at sun.reflect.DelegatingMethodAccessorImpl.invoke(DelegatingMethodAccessorImpl.java:43)
	at java.lang.reflect.Method.invoke(Method.java:606)
	at junit.framework.TestCase.runTest(TestCase.java:176)
	at junit.framework.TestCase.runBare(TestCase.java:141)
	at junit.framework.TestResult$1.protect(TestResult.java:122)
	at junit.framework.TestResult.runProtected(TestResult.java:142)
	at junit.framework.TestResult.run(TestResult.java:125)
	at junit.framework.TestCase.run(TestCase.java:129)
	at junit.framework.TestSuite.runTest(TestSuite.java:255)
	at junit.framework.TestSuite.run(TestSuite.java:250)
	at org.junit.internal.runners.JUnit38ClassRunner.run(JUnit38ClassRunner.java:84)
	at com.gzoltar.lib.instrumentation.testing.junit.a.call(Unknown Source)
	at java.util.concurrent.FutureTask.run(FutureTask.java:262)
	at java.util.concurrent.ThreadPoolExecutor.runWorker(ThreadPoolExecutor.java:1145)
	at java.util.concurrent.ThreadPoolExecutor$Worker.run(ThreadPoolExecutor.java:615)
	at java.lang.Thread.run(Thread.java:745)
[ERROR] Class not found
java.lang.ClassNotFoundException: com.google.javascript.jscomp.mozilla.rhino.resources.Messages_en_US
	at java.lang.ClassLoader.findClass(ClassLoader.java:531)
	at java.lang.ClassLoader.loadClass(ClassLoader.java:425)
	at java.lang.ClassLoader.loadClass(ClassLoader.java:358)
	at com.gzoltar.lib.instrumentation.util.GZoltarClassLoader.loadClass(Unknown Source)
	at java.util.ResourceBundle$Control.newBundle(ResourceBundle.java:2566)
	at java.util.ResourceBundle.loadBundle(ResourceBundle.java:1436)
	at java.util.ResourceBundle.findBundle(ResourceBundle.java:1400)
	at java.util.ResourceBundle.getBundleImpl(ResourceBundle.java:1296)
	at java.util.ResourceBundle.getBundle(ResourceBundle.java:795)
	at com.google.javascript.jscomp.mozilla.rhino.ScriptRuntime$DefaultMessageProvider.getMessage(ScriptRuntime.java:3707)
	at com.google.javascript.jscomp.mozilla.rhino.ScriptRuntime.getMessage(ScriptRuntime.java:3691)
	at com.google.javascript.jscomp.mozilla.rhino.ScriptRuntime.getMessage0(ScriptRuntime.java:3639)
	at com.google.javascript.jscomp.RhinoErrorReporter.<init>(RhinoErrorReporter.java:69)
	at com.google.javascript.jscomp.RhinoErrorReporter.<init>(RhinoErrorReporter.java:33)
	at com.google.javascript.jscomp.RhinoErrorReporter$OldRhinoErrorReporter.<init>(RhinoErrorReporter.java:134)
	at com.google.javascript.jscomp.RhinoErrorReporter$OldRhinoErrorReporter.<init>(RhinoErrorReporter.java:130)
	at com.google.javascript.jscomp.RhinoErrorReporter.forOldRhino(RhinoErrorReporter.java:99)
	at com.google.javascript.jscomp.Compiler.<init>(Compiler.java:129)
	at com.google.javascript.jscomp.CodePrinterTest.parse(CodePrinterTest.java:33)
	at com.google.javascript.jscomp.CodePrinterTest.parsePrint(CodePrinterTest.java:62)
	at com.google.javascript.jscomp.CodePrinterTest.assertTypeAnnotations(CodePrinterTest.java:513)
	at com.google.javascript.jscomp.CodePrinterTest.testTypeAnnotationsAssign(CodePrinterTest.java:400)
	at sun.reflect.NativeMethodAccessorImpl.invoke0(Native Method)
	at sun.reflect.NativeMethodAccessorImpl.invoke(NativeMethodAccessorImpl.java:57)
	at sun.reflect.DelegatingMethodAccessorImpl.invoke(DelegatingMethodAccessorImpl.java:43)
	at java.lang.reflect.Method.invoke(Method.java:606)
	at junit.framework.TestCase.runTest(TestCase.java:176)
	at junit.framework.TestCase.runBare(TestCase.java:141)
	at junit.framework.TestResult$1.protect(TestResult.java:122)
	at junit.framework.TestResult.runProtected(TestResult.java:142)
	at junit.framework.TestResult.run(TestResult.java:125)
	at junit.framework.TestCase.run(TestCase.java:129)
	at junit.framework.TestSuite.runTest(TestSuite.java:255)
	at junit.framework.TestSuite.run(TestSuite.java:250)
	at org.junit.internal.runners.JUnit38ClassRunner.run(JUnit38ClassRunner.java:84)
	at com.gzoltar.lib.instrumentation.testing.junit.a.call(Unknown Source)
	at java.util.concurrent.FutureTask.run(FutureTask.java:262)
	at java.util.concurrent.ThreadPoolExecutor.runWorker(ThreadPoolExecutor.java:1145)
	at java.util.concurrent.ThreadPoolExecutor$Worker.run(ThreadPoolExecutor.java:615)
	at java.lang.Thread.run(Thread.java:745)
[ERROR] Class not found
java.lang.ClassNotFoundException: com.google.javascript.jscomp.parsing.ParserConfig
	at java.lang.ClassLoader.findClass(ClassLoader.java:531)
	at java.lang.ClassLoader.loadClass(ClassLoader.java:425)
	at java.lang.ClassLoader.loadClass(ClassLoader.java:358)
	at com.gzoltar.lib.instrumentation.util.GZoltarClassLoader.loadClass(Unknown Source)
	at java.util.ResourceBundle$Control.newBundle(ResourceBundle.java:2566)
	at java.util.ResourceBundle.loadBundle(ResourceBundle.java:1436)
	at java.util.ResourceBundle.findBundle(ResourceBundle.java:1400)
	at java.util.ResourceBundle.findBundle(ResourceBundle.java:1354)
	at java.util.ResourceBundle.findBundle(ResourceBundle.java:1354)
	at java.util.ResourceBundle.getBundleImpl(ResourceBundle.java:1296)
	at java.util.ResourceBundle.getBundle(ResourceBundle.java:721)
	at com.google.javascript.jscomp.parsing.ParserRunner.initAnnotationNames(ParserRunner.java:60)
	at com.google.javascript.jscomp.parsing.ParserRunner.parse(ParserRunner.java:86)
	at com.google.javascript.jscomp.JsAst.parse(JsAst.java:89)
	at com.google.javascript.jscomp.JsAst.createAst(JsAst.java:78)
	at com.google.javascript.jscomp.JsAst.getAstRoot(JsAst.java:51)
	at com.google.javascript.jscomp.CompilerInput.getAstRoot(CompilerInput.java:80)
	at com.google.javascript.jscomp.Compiler.parseTestCode(Compiler.java:1045)
	at com.google.javascript.jscomp.CodePrinterTest.parse(CodePrinterTest.java:34)
	at com.google.javascript.jscomp.CodePrinterTest.parsePrint(CodePrinterTest.java:62)
	at com.google.javascript.jscomp.CodePrinterTest.assertTypeAnnotations(CodePrinterTest.java:513)
	at com.google.javascript.jscomp.CodePrinterTest.testTypeAnnotationsAssign(CodePrinterTest.java:400)
	at sun.reflect.NativeMethodAccessorImpl.invoke0(Native Method)
	at sun.reflect.NativeMethodAccessorImpl.invoke(NativeMethodAccessorImpl.java:57)
	at sun.reflect.DelegatingMethodAccessorImpl.invoke(DelegatingMethodAccessorImpl.java:43)
	at java.lang.reflect.Method.invoke(Method.java:606)
	at junit.framework.TestCase.runTest(TestCase.java:176)
	at junit.framework.TestCase.runBare(TestCase.java:141)
	at junit.framework.TestResult$1.protect(TestResult.java:122)
	at junit.framework.TestResult.runProtected(TestResult.java:142)
	at junit.framework.TestResult.run(TestResult.java:125)
	at junit.framework.TestCase.run(TestCase.java:129)
	at junit.framework.TestSuite.runTest(TestSuite.java:255)
	at junit.framework.TestSuite.run(TestSuite.java:250)
	at org.junit.internal.runners.JUnit38ClassRunner.run(JUnit38ClassRunner.java:84)
	at com.gzoltar.lib.instrumentation.testing.junit.a.call(Unknown Source)
	at java.util.concurrent.FutureTask.run(FutureTask.java:262)
	at java.util.concurrent.ThreadPoolExecutor.runWorker(ThreadPoolExecutor.java:1145)
	at java.util.concurrent.ThreadPoolExecutor$Worker.run(ThreadPoolExecutor.java:615)
	at java.lang.Thread.run(Thread.java:745)
[ERROR] Class not found
java.lang.ClassNotFoundException: com.google.javascript.jscomp.parsing.ParserConfig_en
	at java.lang.ClassLoader.findClass(ClassLoader.java:531)
	at java.lang.ClassLoader.loadClass(ClassLoader.java:425)
	at java.lang.ClassLoader.loadClass(ClassLoader.java:358)
	at com.gzoltar.lib.instrumentation.util.GZoltarClassLoader.loadClass(Unknown Source)
	at java.util.ResourceBundle$Control.newBundle(ResourceBundle.java:2566)
	at java.util.ResourceBundle.loadBundle(ResourceBundle.java:1436)
	at java.util.ResourceBundle.findBundle(ResourceBundle.java:1400)
	at java.util.ResourceBundle.findBundle(ResourceBundle.java:1354)
	at java.util.ResourceBundle.getBundleImpl(ResourceBundle.java:1296)
	at java.util.ResourceBundle.getBundle(ResourceBundle.java:721)
	at com.google.javascript.jscomp.parsing.ParserRunner.initAnnotationNames(ParserRunner.java:60)
	at com.google.javascript.jscomp.parsing.ParserRunner.parse(ParserRunner.java:86)
	at com.google.javascript.jscomp.JsAst.parse(JsAst.java:89)
	at com.google.javascript.jscomp.JsAst.createAst(JsAst.java:78)
	at com.google.javascript.jscomp.JsAst.getAstRoot(JsAst.java:51)
	at com.google.javascript.jscomp.CompilerInput.getAstRoot(CompilerInput.java:80)
	at com.google.javascript.jscomp.Compiler.parseTestCode(Compiler.java:1045)
	at com.google.javascript.jscomp.CodePrinterTest.parse(CodePrinterTest.java:34)
	at com.google.javascript.jscomp.CodePrinterTest.parsePrint(CodePrinterTest.java:62)
	at com.google.javascript.jscomp.CodePrinterTest.assertTypeAnnotations(CodePrinterTest.java:513)
	at com.google.javascript.jscomp.CodePrinterTest.testTypeAnnotationsAssign(CodePrinterTest.java:400)
	at sun.reflect.NativeMethodAccessorImpl.invoke0(Native Method)
	at sun.reflect.NativeMethodAccessorImpl.invoke(NativeMethodAccessorImpl.java:57)
	at sun.reflect.DelegatingMethodAccessorImpl.invoke(DelegatingMethodAccessorImpl.java:43)
	at java.lang.reflect.Method.invoke(Method.java:606)
	at junit.framework.TestCase.runTest(TestCase.java:176)
	at junit.framework.TestCase.runBare(TestCase.java:141)
	at junit.framework.TestResult$1.protect(TestResult.java:122)
	at junit.framework.TestResult.runProtected(TestResult.java:142)
	at junit.framework.TestResult.run(TestResult.java:125)
	at junit.framework.TestCase.run(TestCase.java:129)
	at junit.framework.TestSuite.runTest(TestSuite.java:255)
	at junit.framework.TestSuite.run(TestSuite.java:250)
	at org.junit.internal.runners.JUnit38ClassRunner.run(JUnit38ClassRunner.java:84)
	at com.gzoltar.lib.instrumentation.testing.junit.a.call(Unknown Source)
	at java.util.concurrent.FutureTask.run(FutureTask.java:262)
	at java.util.concurrent.ThreadPoolExecutor.runWorker(ThreadPoolExecutor.java:1145)
	at java.util.concurrent.ThreadPoolExecutor$Worker.run(ThreadPoolExecutor.java:615)
	at java.lang.Thread.run(Thread.java:745)
[ERROR] Class not found
java.lang.ClassNotFoundException: com.google.javascript.jscomp.parsing.ParserConfig_en_US
	at java.lang.ClassLoader.findClass(ClassLoader.java:531)
	at java.lang.ClassLoader.loadClass(ClassLoader.java:425)
	at java.lang.ClassLoader.loadClass(ClassLoader.java:358)
	at com.gzoltar.lib.instrumentation.util.GZoltarClassLoader.loadClass(Unknown Source)
	at java.util.ResourceBundle$Control.newBundle(ResourceBundle.java:2566)
	at java.util.ResourceBundle.loadBundle(ResourceBundle.java:1436)
	at java.util.ResourceBundle.findBundle(ResourceBundle.java:1400)
	at java.util.ResourceBundle.getBundleImpl(ResourceBundle.java:1296)
	at java.util.ResourceBundle.getBundle(ResourceBundle.java:721)
	at com.google.javascript.jscomp.parsing.ParserRunner.initAnnotationNames(ParserRunner.java:60)
	at com.google.javascript.jscomp.parsing.ParserRunner.parse(ParserRunner.java:86)
	at com.google.javascript.jscomp.JsAst.parse(JsAst.java:89)
	at com.google.javascript.jscomp.JsAst.createAst(JsAst.java:78)
	at com.google.javascript.jscomp.JsAst.getAstRoot(JsAst.java:51)
	at com.google.javascript.jscomp.CompilerInput.getAstRoot(CompilerInput.java:80)
	at com.google.javascript.jscomp.Compiler.parseTestCode(Compiler.java:1045)
	at com.google.javascript.jscomp.CodePrinterTest.parse(CodePrinterTest.java:34)
	at com.google.javascript.jscomp.CodePrinterTest.parsePrint(CodePrinterTest.java:62)
	at com.google.javascript.jscomp.CodePrinterTest.assertTypeAnnotations(CodePrinterTest.java:513)
	at com.google.javascript.jscomp.CodePrinterTest.testTypeAnnotationsAssign(CodePrinterTest.java:400)
	at sun.reflect.NativeMethodAccessorImpl.invoke0(Native Method)
	at sun.reflect.NativeMethodAccessorImpl.invoke(NativeMethodAccessorImpl.java:57)
	at sun.reflect.DelegatingMethodAccessorImpl.invoke(DelegatingMethodAccessorImpl.java:43)
	at java.lang.reflect.Method.invoke(Method.java:606)
	at junit.framework.TestCase.runTest(TestCase.java:176)
	at junit.framework.TestCase.runBare(TestCase.java:141)
	at junit.framework.TestResult$1.protect(TestResult.java:122)
	at junit.framework.TestResult.runProtected(TestResult.java:142)
	at junit.framework.TestResult.run(TestResult.java:125)
	at junit.framework.TestCase.run(TestCase.java:129)
	at junit.framework.TestSuite.runTest(TestSuite.java:255)
	at junit.framework.TestSuite.run(TestSuite.java:250)
	at org.junit.internal.runners.JUnit38ClassRunner.run(JUnit38ClassRunner.java:84)
	at com.gzoltar.lib.instrumentation.testing.junit.a.call(Unknown Source)
	at java.util.concurrent.FutureTask.run(FutureTask.java:262)
	at java.util.concurrent.ThreadPoolExecutor.runWorker(ThreadPoolExecutor.java:1145)
	at java.util.concurrent.ThreadPoolExecutor$Worker.run(ThreadPoolExecutor.java:615)
	at java.lang.Thread.run(Thread.java:745)
* Finished com.google.javascript.jscomp.CodePrinterTest#testTypeAnnotationsAssign
* Started com.google.javascript.jscomp.CodePrinterTest#testTypeAnnotationsMember
* Finished com.google.javascript.jscomp.CodePrinterTest#testTypeAnnotationsMember
* Started com.google.javascript.jscomp.CodePrinterTest#testFunctionSafariCompatiblity
* Finished com.google.javascript.jscomp.CodePrinterTest#testFunctionSafariCompatiblity
* Started com.google.javascript.jscomp.CodePrinterTest#testPrint
* Finished com.google.javascript.jscomp.CodePrinterTest#testPrint
* Started com.google.javascript.jscomp.CodePrinterTest#testLineBreak
* Finished com.google.javascript.jscomp.CodePrinterTest#testLineBreak
* Started com.google.javascript.jscomp.CodePrinterTest#testTypeAnnotationsInterface
* Finished com.google.javascript.jscomp.CodePrinterTest#testTypeAnnotationsInterface
* Started com.google.javascript.jscomp.CodePrinterTest#testLineLength
* Finished com.google.javascript.jscomp.CodePrinterTest#testLineLength
* Started com.google.javascript.jscomp.CodePrinterTest#testParsePrintParse
* Finished com.google.javascript.jscomp.CodePrinterTest#testParsePrintParse
* Started com.google.javascript.jscomp.CodePrinterTest#testLiteralProperty
* Finished com.google.javascript.jscomp.CodePrinterTest#testLiteralProperty
* Started com.google.javascript.jscomp.CodePrinterTest#testTypeAnnotationsDispatcher1
* Finished com.google.javascript.jscomp.CodePrinterTest#testTypeAnnotationsDispatcher1
* Started com.google.javascript.jscomp.CodePrinterTest#testTypeAnnotationsDispatcher2
* Finished com.google.javascript.jscomp.CodePrinterTest#testTypeAnnotationsDispatcher2
* Started com.google.javascript.jscomp.CodePrinterTest#testPrintInOperatorInForLoop
* Finished com.google.javascript.jscomp.CodePrinterTest#testPrintInOperatorInForLoop
* Started com.google.javascript.jscomp.CodePrinterTest#testDirectEval
* Finished com.google.javascript.jscomp.CodePrinterTest#testDirectEval
* Started com.google.javascript.jscomp.CodePrinterTest#testAmbiguousElseClauses
* Finished com.google.javascript.jscomp.CodePrinterTest#testAmbiguousElseClauses
* Started com.google.javascript.jscomp.CodePrinterTest#testTypeAnnotationsImplements
* Finished com.google.javascript.jscomp.CodePrinterTest#testTypeAnnotationsImplements
* Started com.google.javascript.jscomp.CodePrinterTest#testTypeAnnotationsNamespace
* Finished com.google.javascript.jscomp.CodePrinterTest#testTypeAnnotationsNamespace
* Started com.google.javascript.jscomp.CodePrinterTest#testDoLoopIECompatiblity
* Finished com.google.javascript.jscomp.CodePrinterTest#testDoLoopIECompatiblity
* Started com.google.javascript.jscomp.CodePrinterTest#testTypeAnnotations
* Finished com.google.javascript.jscomp.CodePrinterTest#testTypeAnnotations
* Started com.google.javascript.jscomp.CodePrinterTest#testPrettyPrinter
* Finished com.google.javascript.jscomp.CodePrinterTest#testPrettyPrinter
* Started com.google.javascript.jscomp.CodePrinterTest#testExponents
* Finished com.google.javascript.jscomp.CodePrinterTest#testExponents
* Started com.google.javascript.jscomp.CodePrinterTest#testIndirectEval
* Finished com.google.javascript.jscomp.CodePrinterTest#testIndirectEval
* Started com.google.javascript.jscomp.CodePrinterTest#testSubtraction
* Finished com.google.javascript.jscomp.CodePrinterTest#testSubtraction
* Started com.google.javascript.jscomp.CodePrinterTest#testTypeAnnotationsMemberSubclass
* Finished com.google.javascript.jscomp.CodePrinterTest#testTypeAnnotationsMemberSubclass
* Started com.google.javascript.jscomp.CreateSyntheticBlocksTest#testFold1
[ERROR] Class not found
java.lang.ClassNotFoundException: rhino_ast.java.com.google.javascript.rhino.Messages
	at java.lang.ClassLoader.findClass(ClassLoader.java:531)
	at java.lang.ClassLoader.loadClass(ClassLoader.java:425)
	at java.lang.ClassLoader.loadClass(ClassLoader.java:358)
	at com.gzoltar.lib.instrumentation.util.GZoltarClassLoader.loadClass(Unknown Source)
	at java.util.ResourceBundle$Control.newBundle(ResourceBundle.java:2566)
	at java.util.ResourceBundle.loadBundle(ResourceBundle.java:1436)
	at java.util.ResourceBundle.findBundle(ResourceBundle.java:1400)
	at java.util.ResourceBundle.findBundle(ResourceBundle.java:1354)
	at java.util.ResourceBundle.findBundle(ResourceBundle.java:1354)
	at java.util.ResourceBundle.getBundleImpl(ResourceBundle.java:1296)
	at java.util.ResourceBundle.getBundle(ResourceBundle.java:795)
	at com.google.javascript.rhino.ScriptRuntime.getMessage(ScriptRuntime.java:466)
	at com.google.javascript.rhino.ScriptRuntime.getMessage0(ScriptRuntime.java:423)
	at com.google.javascript.jscomp.RhinoErrorReporter.<init>(RhinoErrorReporter.java:69)
	at com.google.javascript.jscomp.RhinoErrorReporter.<init>(RhinoErrorReporter.java:33)
	at com.google.javascript.jscomp.RhinoErrorReporter$OldRhinoErrorReporter.<init>(RhinoErrorReporter.java:134)
	at com.google.javascript.jscomp.RhinoErrorReporter$OldRhinoErrorReporter.<init>(RhinoErrorReporter.java:130)
	at com.google.javascript.jscomp.RhinoErrorReporter.forOldRhino(RhinoErrorReporter.java:99)
	at com.google.javascript.jscomp.Compiler.<init>(Compiler.java:129)
	at com.google.javascript.jscomp.CompilerTestCase.createCompiler(CompilerTestCase.java:882)
	at com.google.javascript.jscomp.CompilerTestCase.test(CompilerTestCase.java:337)
	at com.google.javascript.jscomp.CompilerTestCase.test(CompilerTestCase.java:278)
	at com.google.javascript.jscomp.CompilerTestCase.test(CompilerTestCase.java:247)
	at com.google.javascript.jscomp.CompilerTestCase.test(CompilerTestCase.java:235)
	at com.google.javascript.jscomp.CreateSyntheticBlocksTest.testFold1(CreateSyntheticBlocksTest.java:54)
	at sun.reflect.NativeMethodAccessorImpl.invoke0(Native Method)
	at sun.reflect.NativeMethodAccessorImpl.invoke(NativeMethodAccessorImpl.java:57)
	at sun.reflect.DelegatingMethodAccessorImpl.invoke(DelegatingMethodAccessorImpl.java:43)
	at java.lang.reflect.Method.invoke(Method.java:606)
	at junit.framework.TestCase.runTest(TestCase.java:176)
	at junit.framework.TestCase.runBare(TestCase.java:141)
	at junit.framework.TestResult$1.protect(TestResult.java:122)
	at junit.framework.TestResult.runProtected(TestResult.java:142)
	at junit.framework.TestResult.run(TestResult.java:125)
	at junit.framework.TestCase.run(TestCase.java:129)
	at junit.framework.TestSuite.runTest(TestSuite.java:255)
	at junit.framework.TestSuite.run(TestSuite.java:250)
	at org.junit.internal.runners.JUnit38ClassRunner.run(JUnit38ClassRunner.java:84)
	at com.gzoltar.lib.instrumentation.testing.junit.a.call(Unknown Source)
	at java.util.concurrent.FutureTask.run(FutureTask.java:262)
	at java.util.concurrent.ThreadPoolExecutor.runWorker(ThreadPoolExecutor.java:1145)
	at java.util.concurrent.ThreadPoolExecutor$Worker.run(ThreadPoolExecutor.java:615)
	at java.lang.Thread.run(Thread.java:745)
[ERROR] Class not found
java.lang.ClassNotFoundException: rhino_ast.java.com.google.javascript.rhino.Messages_en
	at java.lang.ClassLoader.findClass(ClassLoader.java:531)
	at java.lang.ClassLoader.loadClass(ClassLoader.java:425)
	at java.lang.ClassLoader.loadClass(ClassLoader.java:358)
	at com.gzoltar.lib.instrumentation.util.GZoltarClassLoader.loadClass(Unknown Source)
	at java.util.ResourceBundle$Control.newBundle(ResourceBundle.java:2566)
	at java.util.ResourceBundle.loadBundle(ResourceBundle.java:1436)
	at java.util.ResourceBundle.findBundle(ResourceBundle.java:1400)
	at java.util.ResourceBundle.findBundle(ResourceBundle.java:1354)
	at java.util.ResourceBundle.getBundleImpl(ResourceBundle.java:1296)
	at java.util.ResourceBundle.getBundle(ResourceBundle.java:795)
	at com.google.javascript.rhino.ScriptRuntime.getMessage(ScriptRuntime.java:466)
	at com.google.javascript.rhino.ScriptRuntime.getMessage0(ScriptRuntime.java:423)
	at com.google.javascript.jscomp.RhinoErrorReporter.<init>(RhinoErrorReporter.java:69)
	at com.google.javascript.jscomp.RhinoErrorReporter.<init>(RhinoErrorReporter.java:33)
	at com.google.javascript.jscomp.RhinoErrorReporter$OldRhinoErrorReporter.<init>(RhinoErrorReporter.java:134)
	at com.google.javascript.jscomp.RhinoErrorReporter$OldRhinoErrorReporter.<init>(RhinoErrorReporter.java:130)
	at com.google.javascript.jscomp.RhinoErrorReporter.forOldRhino(RhinoErrorReporter.java:99)
	at com.google.javascript.jscomp.Compiler.<init>(Compiler.java:129)
	at com.google.javascript.jscomp.CompilerTestCase.createCompiler(CompilerTestCase.java:882)
	at com.google.javascript.jscomp.CompilerTestCase.test(CompilerTestCase.java:337)
	at com.google.javascript.jscomp.CompilerTestCase.test(CompilerTestCase.java:278)
	at com.google.javascript.jscomp.CompilerTestCase.test(CompilerTestCase.java:247)
	at com.google.javascript.jscomp.CompilerTestCase.test(CompilerTestCase.java:235)
	at com.google.javascript.jscomp.CreateSyntheticBlocksTest.testFold1(CreateSyntheticBlocksTest.java:54)
	at sun.reflect.NativeMethodAccessorImpl.invoke0(Native Method)
	at sun.reflect.NativeMethodAccessorImpl.invoke(NativeMethodAccessorImpl.java:57)
	at sun.reflect.DelegatingMethodAccessorImpl.invoke(DelegatingMethodAccessorImpl.java:43)
	at java.lang.reflect.Method.invoke(Method.java:606)
	at junit.framework.TestCase.runTest(TestCase.java:176)
	at junit.framework.TestCase.runBare(TestCase.java:141)
	at junit.framework.TestResult$1.protect(TestResult.java:122)
	at junit.framework.TestResult.runProtected(TestResult.java:142)
	at junit.framework.TestResult.run(TestResult.java:125)
	at junit.framework.TestCase.run(TestCase.java:129)
	at junit.framework.TestSuite.runTest(TestSuite.java:255)
	at junit.framework.TestSuite.run(TestSuite.java:250)
	at org.junit.internal.runners.JUnit38ClassRunner.run(JUnit38ClassRunner.java:84)
	at com.gzoltar.lib.instrumentation.testing.junit.a.call(Unknown Source)
	at java.util.concurrent.FutureTask.run(FutureTask.java:262)
	at java.util.concurrent.ThreadPoolExecutor.runWorker(ThreadPoolExecutor.java:1145)
	at java.util.concurrent.ThreadPoolExecutor$Worker.run(ThreadPoolExecutor.java:615)
	at java.lang.Thread.run(Thread.java:745)
[ERROR] Class not found
java.lang.ClassNotFoundException: rhino_ast.java.com.google.javascript.rhino.Messages_en_US
	at java.lang.ClassLoader.findClass(ClassLoader.java:531)
	at java.lang.ClassLoader.loadClass(ClassLoader.java:425)
	at java.lang.ClassLoader.loadClass(ClassLoader.java:358)
	at com.gzoltar.lib.instrumentation.util.GZoltarClassLoader.loadClass(Unknown Source)
	at java.util.ResourceBundle$Control.newBundle(ResourceBundle.java:2566)
	at java.util.ResourceBundle.loadBundle(ResourceBundle.java:1436)
	at java.util.ResourceBundle.findBundle(ResourceBundle.java:1400)
	at java.util.ResourceBundle.getBundleImpl(ResourceBundle.java:1296)
	at java.util.ResourceBundle.getBundle(ResourceBundle.java:795)
	at com.google.javascript.rhino.ScriptRuntime.getMessage(ScriptRuntime.java:466)
	at com.google.javascript.rhino.ScriptRuntime.getMessage0(ScriptRuntime.java:423)
	at com.google.javascript.jscomp.RhinoErrorReporter.<init>(RhinoErrorReporter.java:69)
	at com.google.javascript.jscomp.RhinoErrorReporter.<init>(RhinoErrorReporter.java:33)
	at com.google.javascript.jscomp.RhinoErrorReporter$OldRhinoErrorReporter.<init>(RhinoErrorReporter.java:134)
	at com.google.javascript.jscomp.RhinoErrorReporter$OldRhinoErrorReporter.<init>(RhinoErrorReporter.java:130)
	at com.google.javascript.jscomp.RhinoErrorReporter.forOldRhino(RhinoErrorReporter.java:99)
	at com.google.javascript.jscomp.Compiler.<init>(Compiler.java:129)
	at com.google.javascript.jscomp.CompilerTestCase.createCompiler(CompilerTestCase.java:882)
	at com.google.javascript.jscomp.CompilerTestCase.test(CompilerTestCase.java:337)
	at com.google.javascript.jscomp.CompilerTestCase.test(CompilerTestCase.java:278)
	at com.google.javascript.jscomp.CompilerTestCase.test(CompilerTestCase.java:247)
	at com.google.javascript.jscomp.CompilerTestCase.test(CompilerTestCase.java:235)
	at com.google.javascript.jscomp.CreateSyntheticBlocksTest.testFold1(CreateSyntheticBlocksTest.java:54)
	at sun.reflect.NativeMethodAccessorImpl.invoke0(Native Method)
	at sun.reflect.NativeMethodAccessorImpl.invoke(NativeMethodAccessorImpl.java:57)
	at sun.reflect.DelegatingMethodAccessorImpl.invoke(DelegatingMethodAccessorImpl.java:43)
	at java.lang.reflect.Method.invoke(Method.java:606)
	at junit.framework.TestCase.runTest(TestCase.java:176)
	at junit.framework.TestCase.runBare(TestCase.java:141)
	at junit.framework.TestResult$1.protect(TestResult.java:122)
	at junit.framework.TestResult.runProtected(TestResult.java:142)
	at junit.framework.TestResult.run(TestResult.java:125)
	at junit.framework.TestCase.run(TestCase.java:129)
	at junit.framework.TestSuite.runTest(TestSuite.java:255)
	at junit.framework.TestSuite.run(TestSuite.java:250)
	at org.junit.internal.runners.JUnit38ClassRunner.run(JUnit38ClassRunner.java:84)
	at com.gzoltar.lib.instrumentation.testing.junit.a.call(Unknown Source)
	at java.util.concurrent.FutureTask.run(FutureTask.java:262)
	at java.util.concurrent.ThreadPoolExecutor.runWorker(ThreadPoolExecutor.java:1145)
	at java.util.concurrent.ThreadPoolExecutor$Worker.run(ThreadPoolExecutor.java:615)
	at java.lang.Thread.run(Thread.java:745)
[ERROR] Class not found
java.lang.ClassNotFoundException: com.google.javascript.jscomp.mozilla.rhino.VMBridge_custom
	at java.lang.ClassLoader.findClass(ClassLoader.java:531)
	at java.lang.ClassLoader.loadClass(ClassLoader.java:425)
	at java.lang.ClassLoader.loadClass(ClassLoader.java:358)
	at com.gzoltar.lib.instrumentation.util.GZoltarClassLoader.loadClass(Unknown Source)
	at java.lang.Class.forName0(Native Method)
	at java.lang.Class.forName(Class.java:195)
	at com.google.javascript.jscomp.mozilla.rhino.Kit.classOrNull(Kit.java:74)
	at com.google.javascript.jscomp.mozilla.rhino.VMBridge.makeInstance(VMBridge.java:61)
	at com.google.javascript.jscomp.mozilla.rhino.VMBridge.<clinit>(VMBridge.java:49)
	at com.google.javascript.jscomp.mozilla.rhino.Context.getCurrentContext(Context.java:379)
	at com.google.javascript.jscomp.mozilla.rhino.ScriptRuntime$DefaultMessageProvider.getMessage(ScriptRuntime.java:3703)
	at com.google.javascript.jscomp.mozilla.rhino.ScriptRuntime.getMessage(ScriptRuntime.java:3691)
	at com.google.javascript.jscomp.mozilla.rhino.ScriptRuntime.getMessage0(ScriptRuntime.java:3639)
	at com.google.javascript.jscomp.RhinoErrorReporter.<init>(RhinoErrorReporter.java:69)
	at com.google.javascript.jscomp.RhinoErrorReporter.<init>(RhinoErrorReporter.java:33)
	at com.google.javascript.jscomp.RhinoErrorReporter$OldRhinoErrorReporter.<init>(RhinoErrorReporter.java:134)
	at com.google.javascript.jscomp.RhinoErrorReporter$OldRhinoErrorReporter.<init>(RhinoErrorReporter.java:130)
	at com.google.javascript.jscomp.RhinoErrorReporter.forOldRhino(RhinoErrorReporter.java:99)
	at com.google.javascript.jscomp.Compiler.<init>(Compiler.java:129)
	at com.google.javascript.jscomp.CompilerTestCase.createCompiler(CompilerTestCase.java:882)
	at com.google.javascript.jscomp.CompilerTestCase.test(CompilerTestCase.java:337)
	at com.google.javascript.jscomp.CompilerTestCase.test(CompilerTestCase.java:278)
	at com.google.javascript.jscomp.CompilerTestCase.test(CompilerTestCase.java:247)
	at com.google.javascript.jscomp.CompilerTestCase.test(CompilerTestCase.java:235)
	at com.google.javascript.jscomp.CreateSyntheticBlocksTest.testFold1(CreateSyntheticBlocksTest.java:54)
	at sun.reflect.NativeMethodAccessorImpl.invoke0(Native Method)
	at sun.reflect.NativeMethodAccessorImpl.invoke(NativeMethodAccessorImpl.java:57)
	at sun.reflect.DelegatingMethodAccessorImpl.invoke(DelegatingMethodAccessorImpl.java:43)
	at java.lang.reflect.Method.invoke(Method.java:606)
	at junit.framework.TestCase.runTest(TestCase.java:176)
	at junit.framework.TestCase.runBare(TestCase.java:141)
	at junit.framework.TestResult$1.protect(TestResult.java:122)
	at junit.framework.TestResult.runProtected(TestResult.java:142)
	at junit.framework.TestResult.run(TestResult.java:125)
	at junit.framework.TestCase.run(TestCase.java:129)
	at junit.framework.TestSuite.runTest(TestSuite.java:255)
	at junit.framework.TestSuite.run(TestSuite.java:250)
	at org.junit.internal.runners.JUnit38ClassRunner.run(JUnit38ClassRunner.java:84)
	at com.gzoltar.lib.instrumentation.testing.junit.a.call(Unknown Source)
	at java.util.concurrent.FutureTask.run(FutureTask.java:262)
	at java.util.concurrent.ThreadPoolExecutor.runWorker(ThreadPoolExecutor.java:1145)
	at java.util.concurrent.ThreadPoolExecutor$Worker.run(ThreadPoolExecutor.java:615)
	at java.lang.Thread.run(Thread.java:745)
[ERROR] Class not found
java.lang.ClassNotFoundException: com.google.javascript.jscomp.mozilla.rhino.resources.Messages
	at java.lang.ClassLoader.findClass(ClassLoader.java:531)
	at java.lang.ClassLoader.loadClass(ClassLoader.java:425)
	at java.lang.ClassLoader.loadClass(ClassLoader.java:358)
	at com.gzoltar.lib.instrumentation.util.GZoltarClassLoader.loadClass(Unknown Source)
	at java.util.ResourceBundle$Control.newBundle(ResourceBundle.java:2566)
	at java.util.ResourceBundle.loadBundle(ResourceBundle.java:1436)
	at java.util.ResourceBundle.findBundle(ResourceBundle.java:1400)
	at java.util.ResourceBundle.findBundle(ResourceBundle.java:1354)
	at java.util.ResourceBundle.findBundle(ResourceBundle.java:1354)
	at java.util.ResourceBundle.getBundleImpl(ResourceBundle.java:1296)
	at java.util.ResourceBundle.getBundle(ResourceBundle.java:795)
	at com.google.javascript.jscomp.mozilla.rhino.ScriptRuntime$DefaultMessageProvider.getMessage(ScriptRuntime.java:3707)
	at com.google.javascript.jscomp.mozilla.rhino.ScriptRuntime.getMessage(ScriptRuntime.java:3691)
	at com.google.javascript.jscomp.mozilla.rhino.ScriptRuntime.getMessage0(ScriptRuntime.java:3639)
	at com.google.javascript.jscomp.RhinoErrorReporter.<init>(RhinoErrorReporter.java:69)
	at com.google.javascript.jscomp.RhinoErrorReporter.<init>(RhinoErrorReporter.java:33)
	at com.google.javascript.jscomp.RhinoErrorReporter$OldRhinoErrorReporter.<init>(RhinoErrorReporter.java:134)
	at com.google.javascript.jscomp.RhinoErrorReporter$OldRhinoErrorReporter.<init>(RhinoErrorReporter.java:130)
	at com.google.javascript.jscomp.RhinoErrorReporter.forOldRhino(RhinoErrorReporter.java:99)
	at com.google.javascript.jscomp.Compiler.<init>(Compiler.java:129)
	at com.google.javascript.jscomp.CompilerTestCase.createCompiler(CompilerTestCase.java:882)
	at com.google.javascript.jscomp.CompilerTestCase.test(CompilerTestCase.java:337)
	at com.google.javascript.jscomp.CompilerTestCase.test(CompilerTestCase.java:278)
	at com.google.javascript.jscomp.CompilerTestCase.test(CompilerTestCase.java:247)
	at com.google.javascript.jscomp.CompilerTestCase.test(CompilerTestCase.java:235)
	at com.google.javascript.jscomp.CreateSyntheticBlocksTest.testFold1(CreateSyntheticBlocksTest.java:54)
	at sun.reflect.NativeMethodAccessorImpl.invoke0(Native Method)
	at sun.reflect.NativeMethodAccessorImpl.invoke(NativeMethodAccessorImpl.java:57)
	at sun.reflect.DelegatingMethodAccessorImpl.invoke(DelegatingMethodAccessorImpl.java:43)
	at java.lang.reflect.Method.invoke(Method.java:606)
	at junit.framework.TestCase.runTest(TestCase.java:176)
	at junit.framework.TestCase.runBare(TestCase.java:141)
	at junit.framework.TestResult$1.protect(TestResult.java:122)
	at junit.framework.TestResult.runProtected(TestResult.java:142)
	at junit.framework.TestResult.run(TestResult.java:125)
	at junit.framework.TestCase.run(TestCase.java:129)
	at junit.framework.TestSuite.runTest(TestSuite.java:255)
	at junit.framework.TestSuite.run(TestSuite.java:250)
	at org.junit.internal.runners.JUnit38ClassRunner.run(JUnit38ClassRunner.java:84)
	at com.gzoltar.lib.instrumentation.testing.junit.a.call(Unknown Source)
	at java.util.concurrent.FutureTask.run(FutureTask.java:262)
	at java.util.concurrent.ThreadPoolExecutor.runWorker(ThreadPoolExecutor.java:1145)
	at java.util.concurrent.ThreadPoolExecutor$Worker.run(ThreadPoolExecutor.java:615)
	at java.lang.Thread.run(Thread.java:745)
[ERROR] Class not found
java.lang.ClassNotFoundException: com.google.javascript.jscomp.mozilla.rhino.resources.Messages_en
	at java.lang.ClassLoader.findClass(ClassLoader.java:531)
	at java.lang.ClassLoader.loadClass(ClassLoader.java:425)
	at java.lang.ClassLoader.loadClass(ClassLoader.java:358)
	at com.gzoltar.lib.instrumentation.util.GZoltarClassLoader.loadClass(Unknown Source)
	at java.util.ResourceBundle$Control.newBundle(ResourceBundle.java:2566)
	at java.util.ResourceBundle.loadBundle(ResourceBundle.java:1436)
	at java.util.ResourceBundle.findBundle(ResourceBundle.java:1400)
	at java.util.ResourceBundle.findBundle(ResourceBundle.java:1354)
	at java.util.ResourceBundle.getBundleImpl(ResourceBundle.java:1296)
	at java.util.ResourceBundle.getBundle(ResourceBundle.java:795)
	at com.google.javascript.jscomp.mozilla.rhino.ScriptRuntime$DefaultMessageProvider.getMessage(ScriptRuntime.java:3707)
	at com.google.javascript.jscomp.mozilla.rhino.ScriptRuntime.getMessage(ScriptRuntime.java:3691)
	at com.google.javascript.jscomp.mozilla.rhino.ScriptRuntime.getMessage0(ScriptRuntime.java:3639)
	at com.google.javascript.jscomp.RhinoErrorReporter.<init>(RhinoErrorReporter.java:69)
	at com.google.javascript.jscomp.RhinoErrorReporter.<init>(RhinoErrorReporter.java:33)
	at com.google.javascript.jscomp.RhinoErrorReporter$OldRhinoErrorReporter.<init>(RhinoErrorReporter.java:134)
	at com.google.javascript.jscomp.RhinoErrorReporter$OldRhinoErrorReporter.<init>(RhinoErrorReporter.java:130)
	at com.google.javascript.jscomp.RhinoErrorReporter.forOldRhino(RhinoErrorReporter.java:99)
	at com.google.javascript.jscomp.Compiler.<init>(Compiler.java:129)
	at com.google.javascript.jscomp.CompilerTestCase.createCompiler(CompilerTestCase.java:882)
	at com.google.javascript.jscomp.CompilerTestCase.test(CompilerTestCase.java:337)
	at com.google.javascript.jscomp.CompilerTestCase.test(CompilerTestCase.java:278)
	at com.google.javascript.jscomp.CompilerTestCase.test(CompilerTestCase.java:247)
	at com.google.javascript.jscomp.CompilerTestCase.test(CompilerTestCase.java:235)
	at com.google.javascript.jscomp.CreateSyntheticBlocksTest.testFold1(CreateSyntheticBlocksTest.java:54)
	at sun.reflect.NativeMethodAccessorImpl.invoke0(Native Method)
	at sun.reflect.NativeMethodAccessorImpl.invoke(NativeMethodAccessorImpl.java:57)
	at sun.reflect.DelegatingMethodAccessorImpl.invoke(DelegatingMethodAccessorImpl.java:43)
	at java.lang.reflect.Method.invoke(Method.java:606)
	at junit.framework.TestCase.runTest(TestCase.java:176)
	at junit.framework.TestCase.runBare(TestCase.java:141)
	at junit.framework.TestResult$1.protect(TestResult.java:122)
	at junit.framework.TestResult.runProtected(TestResult.java:142)
	at junit.framework.TestResult.run(TestResult.java:125)
	at junit.framework.TestCase.run(TestCase.java:129)
	at junit.framework.TestSuite.runTest(TestSuite.java:255)
	at junit.framework.TestSuite.run(TestSuite.java:250)
	at org.junit.internal.runners.JUnit38ClassRunner.run(JUnit38ClassRunner.java:84)
	at com.gzoltar.lib.instrumentation.testing.junit.a.call(Unknown Source)
	at java.util.concurrent.FutureTask.run(FutureTask.java:262)
	at java.util.concurrent.ThreadPoolExecutor.runWorker(ThreadPoolExecutor.java:1145)
	at java.util.concurrent.ThreadPoolExecutor$Worker.run(ThreadPoolExecutor.java:615)
	at java.lang.Thread.run(Thread.java:745)
[ERROR] Class not found
java.lang.ClassNotFoundException: com.google.javascript.jscomp.mozilla.rhino.resources.Messages_en_US
	at java.lang.ClassLoader.findClass(ClassLoader.java:531)
	at java.lang.ClassLoader.loadClass(ClassLoader.java:425)
	at java.lang.ClassLoader.loadClass(ClassLoader.java:358)
	at com.gzoltar.lib.instrumentation.util.GZoltarClassLoader.loadClass(Unknown Source)
	at java.util.ResourceBundle$Control.newBundle(ResourceBundle.java:2566)
	at java.util.ResourceBundle.loadBundle(ResourceBundle.java:1436)
	at java.util.ResourceBundle.findBundle(ResourceBundle.java:1400)
	at java.util.ResourceBundle.getBundleImpl(ResourceBundle.java:1296)
	at java.util.ResourceBundle.getBundle(ResourceBundle.java:795)
	at com.google.javascript.jscomp.mozilla.rhino.ScriptRuntime$DefaultMessageProvider.getMessage(ScriptRuntime.java:3707)
	at com.google.javascript.jscomp.mozilla.rhino.ScriptRuntime.getMessage(ScriptRuntime.java:3691)
	at com.google.javascript.jscomp.mozilla.rhino.ScriptRuntime.getMessage0(ScriptRuntime.java:3639)
	at com.google.javascript.jscomp.RhinoErrorReporter.<init>(RhinoErrorReporter.java:69)
	at com.google.javascript.jscomp.RhinoErrorReporter.<init>(RhinoErrorReporter.java:33)
	at com.google.javascript.jscomp.RhinoErrorReporter$OldRhinoErrorReporter.<init>(RhinoErrorReporter.java:134)
	at com.google.javascript.jscomp.RhinoErrorReporter$OldRhinoErrorReporter.<init>(RhinoErrorReporter.java:130)
	at com.google.javascript.jscomp.RhinoErrorReporter.forOldRhino(RhinoErrorReporter.java:99)
	at com.google.javascript.jscomp.Compiler.<init>(Compiler.java:129)
	at com.google.javascript.jscomp.CompilerTestCase.createCompiler(CompilerTestCase.java:882)
	at com.google.javascript.jscomp.CompilerTestCase.test(CompilerTestCase.java:337)
	at com.google.javascript.jscomp.CompilerTestCase.test(CompilerTestCase.java:278)
	at com.google.javascript.jscomp.CompilerTestCase.test(CompilerTestCase.java:247)
	at com.google.javascript.jscomp.CompilerTestCase.test(CompilerTestCase.java:235)
	at com.google.javascript.jscomp.CreateSyntheticBlocksTest.testFold1(CreateSyntheticBlocksTest.java:54)
	at sun.reflect.NativeMethodAccessorImpl.invoke0(Native Method)
	at sun.reflect.NativeMethodAccessorImpl.invoke(NativeMethodAccessorImpl.java:57)
	at sun.reflect.DelegatingMethodAccessorImpl.invoke(DelegatingMethodAccessorImpl.java:43)
	at java.lang.reflect.Method.invoke(Method.java:606)
	at junit.framework.TestCase.runTest(TestCase.java:176)
	at junit.framework.TestCase.runBare(TestCase.java:141)
	at junit.framework.TestResult$1.protect(TestResult.java:122)
	at junit.framework.TestResult.runProtected(TestResult.java:142)
	at junit.framework.TestResult.run(TestResult.java:125)
	at junit.framework.TestCase.run(TestCase.java:129)
	at junit.framework.TestSuite.runTest(TestSuite.java:255)
	at junit.framework.TestSuite.run(TestSuite.java:250)
	at org.junit.internal.runners.JUnit38ClassRunner.run(JUnit38ClassRunner.java:84)
	at com.gzoltar.lib.instrumentation.testing.junit.a.call(Unknown Source)
	at java.util.concurrent.FutureTask.run(FutureTask.java:262)
	at java.util.concurrent.ThreadPoolExecutor.runWorker(ThreadPoolExecutor.java:1145)
	at java.util.concurrent.ThreadPoolExecutor$Worker.run(ThreadPoolExecutor.java:615)
	at java.lang.Thread.run(Thread.java:745)
[ERROR] Class not found
java.lang.ClassNotFoundException: com.google.javascript.jscomp.parsing.ParserConfig
	at java.lang.ClassLoader.findClass(ClassLoader.java:531)
	at java.lang.ClassLoader.loadClass(ClassLoader.java:425)
	at java.lang.ClassLoader.loadClass(ClassLoader.java:358)
	at com.gzoltar.lib.instrumentation.util.GZoltarClassLoader.loadClass(Unknown Source)
	at java.util.ResourceBundle$Control.newBundle(ResourceBundle.java:2566)
	at java.util.ResourceBundle.loadBundle(ResourceBundle.java:1436)
	at java.util.ResourceBundle.findBundle(ResourceBundle.java:1400)
	at java.util.ResourceBundle.findBundle(ResourceBundle.java:1354)
	at java.util.ResourceBundle.findBundle(ResourceBundle.java:1354)
	at java.util.ResourceBundle.getBundleImpl(ResourceBundle.java:1296)
	at java.util.ResourceBundle.getBundle(ResourceBundle.java:721)
	at com.google.javascript.jscomp.parsing.ParserRunner.initAnnotationNames(ParserRunner.java:60)
	at com.google.javascript.jscomp.parsing.ParserRunner.parse(ParserRunner.java:86)
	at com.google.javascript.jscomp.JsAst.parse(JsAst.java:89)
	at com.google.javascript.jscomp.JsAst.createAst(JsAst.java:78)
	at com.google.javascript.jscomp.JsAst.getAstRoot(JsAst.java:51)
	at com.google.javascript.jscomp.CompilerInput.getAstRoot(CompilerInput.java:80)
	at com.google.javascript.jscomp.Compiler.parseInputs(Compiler.java:973)
	at com.google.javascript.jscomp.CompilerTestCase.test(CompilerTestCase.java:622)
	at com.google.javascript.jscomp.CompilerTestCase.test(CompilerTestCase.java:348)
	at com.google.javascript.jscomp.CompilerTestCase.test(CompilerTestCase.java:278)
	at com.google.javascript.jscomp.CompilerTestCase.test(CompilerTestCase.java:247)
	at com.google.javascript.jscomp.CompilerTestCase.test(CompilerTestCase.java:235)
	at com.google.javascript.jscomp.CreateSyntheticBlocksTest.testFold1(CreateSyntheticBlocksTest.java:54)
	at sun.reflect.NativeMethodAccessorImpl.invoke0(Native Method)
	at sun.reflect.NativeMethodAccessorImpl.invoke(NativeMethodAccessorImpl.java:57)
	at sun.reflect.DelegatingMethodAccessorImpl.invoke(DelegatingMethodAccessorImpl.java:43)
	at java.lang.reflect.Method.invoke(Method.java:606)
	at junit.framework.TestCase.runTest(TestCase.java:176)
	at junit.framework.TestCase.runBare(TestCase.java:141)
	at junit.framework.TestResult$1.protect(TestResult.java:122)
	at junit.framework.TestResult.runProtected(TestResult.java:142)
	at junit.framework.TestResult.run(TestResult.java:125)
	at junit.framework.TestCase.run(TestCase.java:129)
	at junit.framework.TestSuite.runTest(TestSuite.java:255)
	at junit.framework.TestSuite.run(TestSuite.java:250)
	at org.junit.internal.runners.JUnit38ClassRunner.run(JUnit38ClassRunner.java:84)
	at com.gzoltar.lib.instrumentation.testing.junit.a.call(Unknown Source)
	at java.util.concurrent.FutureTask.run(FutureTask.java:262)
	at java.util.concurrent.ThreadPoolExecutor.runWorker(ThreadPoolExecutor.java:1145)
	at java.util.concurrent.ThreadPoolExecutor$Worker.run(ThreadPoolExecutor.java:615)
	at java.lang.Thread.run(Thread.java:745)
[ERROR] Class not found
java.lang.ClassNotFoundException: com.google.javascript.jscomp.parsing.ParserConfig_en
	at java.lang.ClassLoader.findClass(ClassLoader.java:531)
	at java.lang.ClassLoader.loadClass(ClassLoader.java:425)
	at java.lang.ClassLoader.loadClass(ClassLoader.java:358)
	at com.gzoltar.lib.instrumentation.util.GZoltarClassLoader.loadClass(Unknown Source)
	at java.util.ResourceBundle$Control.newBundle(ResourceBundle.java:2566)
	at java.util.ResourceBundle.loadBundle(ResourceBundle.java:1436)
	at java.util.ResourceBundle.findBundle(ResourceBundle.java:1400)
	at java.util.ResourceBundle.findBundle(ResourceBundle.java:1354)
	at java.util.ResourceBundle.getBundleImpl(ResourceBundle.java:1296)
	at java.util.ResourceBundle.getBundle(ResourceBundle.java:721)
	at com.google.javascript.jscomp.parsing.ParserRunner.initAnnotationNames(ParserRunner.java:60)
	at com.google.javascript.jscomp.parsing.ParserRunner.parse(ParserRunner.java:86)
	at com.google.javascript.jscomp.JsAst.parse(JsAst.java:89)
	at com.google.javascript.jscomp.JsAst.createAst(JsAst.java:78)
	at com.google.javascript.jscomp.JsAst.getAstRoot(JsAst.java:51)
	at com.google.javascript.jscomp.CompilerInput.getAstRoot(CompilerInput.java:80)
	at com.google.javascript.jscomp.Compiler.parseInputs(Compiler.java:973)
	at com.google.javascript.jscomp.CompilerTestCase.test(CompilerTestCase.java:622)
	at com.google.javascript.jscomp.CompilerTestCase.test(CompilerTestCase.java:348)
	at com.google.javascript.jscomp.CompilerTestCase.test(CompilerTestCase.java:278)
	at com.google.javascript.jscomp.CompilerTestCase.test(CompilerTestCase.java:247)
	at com.google.javascript.jscomp.CompilerTestCase.test(CompilerTestCase.java:235)
	at com.google.javascript.jscomp.CreateSyntheticBlocksTest.testFold1(CreateSyntheticBlocksTest.java:54)
	at sun.reflect.NativeMethodAccessorImpl.invoke0(Native Method)
	at sun.reflect.NativeMethodAccessorImpl.invoke(NativeMethodAccessorImpl.java:57)
	at sun.reflect.DelegatingMethodAccessorImpl.invoke(DelegatingMethodAccessorImpl.java:43)
	at java.lang.reflect.Method.invoke(Method.java:606)
	at junit.framework.TestCase.runTest(TestCase.java:176)
	at junit.framework.TestCase.runBare(TestCase.java:141)
	at junit.framework.TestResult$1.protect(TestResult.java:122)
	at junit.framework.TestResult.runProtected(TestResult.java:142)
	at junit.framework.TestResult.run(TestResult.java:125)
	at junit.framework.TestCase.run(TestCase.java:129)
	at junit.framework.TestSuite.runTest(TestSuite.java:255)
	at junit.framework.TestSuite.run(TestSuite.java:250)
	at org.junit.internal.runners.JUnit38ClassRunner.run(JUnit38ClassRunner.java:84)
	at com.gzoltar.lib.instrumentation.testing.junit.a.call(Unknown Source)
	at java.util.concurrent.FutureTask.run(FutureTask.java:262)
	at java.util.concurrent.ThreadPoolExecutor.runWorker(ThreadPoolExecutor.java:1145)
	at java.util.concurrent.ThreadPoolExecutor$Worker.run(ThreadPoolExecutor.java:615)
	at java.lang.Thread.run(Thread.java:745)
[ERROR] Class not found
java.lang.ClassNotFoundException: com.google.javascript.jscomp.parsing.ParserConfig_en_US
	at java.lang.ClassLoader.findClass(ClassLoader.java:531)
	at java.lang.ClassLoader.loadClass(ClassLoader.java:425)
	at java.lang.ClassLoader.loadClass(ClassLoader.java:358)
	at com.gzoltar.lib.instrumentation.util.GZoltarClassLoader.loadClass(Unknown Source)
	at java.util.ResourceBundle$Control.newBundle(ResourceBundle.java:2566)
	at java.util.ResourceBundle.loadBundle(ResourceBundle.java:1436)
	at java.util.ResourceBundle.findBundle(ResourceBundle.java:1400)
	at java.util.ResourceBundle.getBundleImpl(ResourceBundle.java:1296)
	at java.util.ResourceBundle.getBundle(ResourceBundle.java:721)
	at com.google.javascript.jscomp.parsing.ParserRunner.initAnnotationNames(ParserRunner.java:60)
	at com.google.javascript.jscomp.parsing.ParserRunner.parse(ParserRunner.java:86)
	at com.google.javascript.jscomp.JsAst.parse(JsAst.java:89)
	at com.google.javascript.jscomp.JsAst.createAst(JsAst.java:78)
	at com.google.javascript.jscomp.JsAst.getAstRoot(JsAst.java:51)
	at com.google.javascript.jscomp.CompilerInput.getAstRoot(CompilerInput.java:80)
	at com.google.javascript.jscomp.Compiler.parseInputs(Compiler.java:973)
	at com.google.javascript.jscomp.CompilerTestCase.test(CompilerTestCase.java:622)
	at com.google.javascript.jscomp.CompilerTestCase.test(CompilerTestCase.java:348)
	at com.google.javascript.jscomp.CompilerTestCase.test(CompilerTestCase.java:278)
	at com.google.javascript.jscomp.CompilerTestCase.test(CompilerTestCase.java:247)
	at com.google.javascript.jscomp.CompilerTestCase.test(CompilerTestCase.java:235)
	at com.google.javascript.jscomp.CreateSyntheticBlocksTest.testFold1(CreateSyntheticBlocksTest.java:54)
	at sun.reflect.NativeMethodAccessorImpl.invoke0(Native Method)
	at sun.reflect.NativeMethodAccessorImpl.invoke(NativeMethodAccessorImpl.java:57)
	at sun.reflect.DelegatingMethodAccessorImpl.invoke(DelegatingMethodAccessorImpl.java:43)
	at java.lang.reflect.Method.invoke(Method.java:606)
	at junit.framework.TestCase.runTest(TestCase.java:176)
	at junit.framework.TestCase.runBare(TestCase.java:141)
	at junit.framework.TestResult$1.protect(TestResult.java:122)
	at junit.framework.TestResult.runProtected(TestResult.java:142)
	at junit.framework.TestResult.run(TestResult.java:125)
	at junit.framework.TestCase.run(TestCase.java:129)
	at junit.framework.TestSuite.runTest(TestSuite.java:255)
	at junit.framework.TestSuite.run(TestSuite.java:250)
	at org.junit.internal.runners.JUnit38ClassRunner.run(JUnit38ClassRunner.java:84)
	at com.gzoltar.lib.instrumentation.testing.junit.a.call(Unknown Source)
	at java.util.concurrent.FutureTask.run(FutureTask.java:262)
	at java.util.concurrent.ThreadPoolExecutor.runWorker(ThreadPoolExecutor.java:1145)
	at java.util.concurrent.ThreadPoolExecutor$Worker.run(ThreadPoolExecutor.java:615)
	at java.lang.Thread.run(Thread.java:745)
* Finished com.google.javascript.jscomp.CreateSyntheticBlocksTest#testFold1
* Started com.google.javascript.jscomp.CreateSyntheticBlocksTest#testFold2
* Finished com.google.javascript.jscomp.CreateSyntheticBlocksTest#testFold2
* Started com.google.javascript.jscomp.CreateSyntheticBlocksTest#testFoldWithMarkers1
* Finished com.google.javascript.jscomp.CreateSyntheticBlocksTest#testFoldWithMarkers1
* Started com.google.javascript.jscomp.CreateSyntheticBlocksTest#testFoldWithMarkers2
* Finished com.google.javascript.jscomp.CreateSyntheticBlocksTest#testFoldWithMarkers2
* Started com.google.javascript.jscomp.CreateSyntheticBlocksTest#testUnmatchedEndMarker1
* Finished com.google.javascript.jscomp.CreateSyntheticBlocksTest#testUnmatchedEndMarker1
* Started com.google.javascript.jscomp.CreateSyntheticBlocksTest#testUnmatchedEndMarker2
* Finished com.google.javascript.jscomp.CreateSyntheticBlocksTest#testUnmatchedEndMarker2
* Started com.google.javascript.jscomp.CreateSyntheticBlocksTest#testUnmatchedStartMarker
* Finished com.google.javascript.jscomp.CreateSyntheticBlocksTest#testUnmatchedStartMarker
* Started com.google.javascript.jscomp.CreateSyntheticBlocksTest#testNonMarkingUse
* Finished com.google.javascript.jscomp.CreateSyntheticBlocksTest#testNonMarkingUse
* Started com.google.javascript.jscomp.CreateSyntheticBlocksTest#testDenormalize
* Finished com.google.javascript.jscomp.CreateSyntheticBlocksTest#testDenormalize
* Started com.google.javascript.jscomp.CompilerRunnerTest#testDefineFlag
[ERROR] Class not found
java.lang.ClassNotFoundException: rhino_ast.java.com.google.javascript.rhino.Messages
	at java.lang.ClassLoader.findClass(ClassLoader.java:531)
	at java.lang.ClassLoader.loadClass(ClassLoader.java:425)
	at java.lang.ClassLoader.loadClass(ClassLoader.java:358)
	at com.gzoltar.lib.instrumentation.util.GZoltarClassLoader.loadClass(Unknown Source)
	at java.util.ResourceBundle$Control.newBundle(ResourceBundle.java:2566)
	at java.util.ResourceBundle.loadBundle(ResourceBundle.java:1436)
	at java.util.ResourceBundle.findBundle(ResourceBundle.java:1400)
	at java.util.ResourceBundle.findBundle(ResourceBundle.java:1354)
	at java.util.ResourceBundle.findBundle(ResourceBundle.java:1354)
	at java.util.ResourceBundle.getBundleImpl(ResourceBundle.java:1296)
	at java.util.ResourceBundle.getBundle(ResourceBundle.java:795)
	at com.google.javascript.rhino.ScriptRuntime.getMessage(ScriptRuntime.java:466)
	at com.google.javascript.rhino.ScriptRuntime.getMessage0(ScriptRuntime.java:423)
	at com.google.javascript.jscomp.RhinoErrorReporter.<init>(RhinoErrorReporter.java:69)
	at com.google.javascript.jscomp.RhinoErrorReporter.<init>(RhinoErrorReporter.java:33)
	at com.google.javascript.jscomp.RhinoErrorReporter$OldRhinoErrorReporter.<init>(RhinoErrorReporter.java:134)
	at com.google.javascript.jscomp.RhinoErrorReporter$OldRhinoErrorReporter.<init>(RhinoErrorReporter.java:130)
	at com.google.javascript.jscomp.RhinoErrorReporter.forOldRhino(RhinoErrorReporter.java:99)
	at com.google.javascript.jscomp.Compiler.<init>(Compiler.java:129)
	at com.google.javascript.jscomp.Compiler.<init>(Compiler.java:169)
	at com.google.javascript.jscomp.CompilerRunner.createCompiler(CompilerRunner.java:143)
	at com.google.javascript.jscomp.CompilerRunnerTest.compile(CompilerRunnerTest.java:284)
	at com.google.javascript.jscomp.CompilerRunnerTest.test(CompilerRunnerTest.java:237)
	at com.google.javascript.jscomp.CompilerRunnerTest.test(CompilerRunnerTest.java:229)
	at com.google.javascript.jscomp.CompilerRunnerTest.testDefineFlag(CompilerRunnerTest.java:134)
	at sun.reflect.NativeMethodAccessorImpl.invoke0(Native Method)
	at sun.reflect.NativeMethodAccessorImpl.invoke(NativeMethodAccessorImpl.java:57)
	at sun.reflect.DelegatingMethodAccessorImpl.invoke(DelegatingMethodAccessorImpl.java:43)
	at java.lang.reflect.Method.invoke(Method.java:606)
	at junit.framework.TestCase.runTest(TestCase.java:176)
	at junit.framework.TestCase.runBare(TestCase.java:141)
	at junit.framework.TestResult$1.protect(TestResult.java:122)
	at junit.framework.TestResult.runProtected(TestResult.java:142)
	at junit.framework.TestResult.run(TestResult.java:125)
	at junit.framework.TestCase.run(TestCase.java:129)
	at junit.framework.TestSuite.runTest(TestSuite.java:255)
	at junit.framework.TestSuite.run(TestSuite.java:250)
	at org.junit.internal.runners.JUnit38ClassRunner.run(JUnit38ClassRunner.java:84)
	at com.gzoltar.lib.instrumentation.testing.junit.a.call(Unknown Source)
	at java.util.concurrent.FutureTask.run(FutureTask.java:262)
	at java.util.concurrent.ThreadPoolExecutor.runWorker(ThreadPoolExecutor.java:1145)
	at java.util.concurrent.ThreadPoolExecutor$Worker.run(ThreadPoolExecutor.java:615)
	at java.lang.Thread.run(Thread.java:745)
[ERROR] Class not found
java.lang.ClassNotFoundException: rhino_ast.java.com.google.javascript.rhino.Messages_en
	at java.lang.ClassLoader.findClass(ClassLoader.java:531)
	at java.lang.ClassLoader.loadClass(ClassLoader.java:425)
	at java.lang.ClassLoader.loadClass(ClassLoader.java:358)
	at com.gzoltar.lib.instrumentation.util.GZoltarClassLoader.loadClass(Unknown Source)
	at java.util.ResourceBundle$Control.newBundle(ResourceBundle.java:2566)
	at java.util.ResourceBundle.loadBundle(ResourceBundle.java:1436)
	at java.util.ResourceBundle.findBundle(ResourceBundle.java:1400)
	at java.util.ResourceBundle.findBundle(ResourceBundle.java:1354)
	at java.util.ResourceBundle.getBundleImpl(ResourceBundle.java:1296)
	at java.util.ResourceBundle.getBundle(ResourceBundle.java:795)
	at com.google.javascript.rhino.ScriptRuntime.getMessage(ScriptRuntime.java:466)
	at com.google.javascript.rhino.ScriptRuntime.getMessage0(ScriptRuntime.java:423)
	at com.google.javascript.jscomp.RhinoErrorReporter.<init>(RhinoErrorReporter.java:69)
	at com.google.javascript.jscomp.RhinoErrorReporter.<init>(RhinoErrorReporter.java:33)
	at com.google.javascript.jscomp.RhinoErrorReporter$OldRhinoErrorReporter.<init>(RhinoErrorReporter.java:134)
	at com.google.javascript.jscomp.RhinoErrorReporter$OldRhinoErrorReporter.<init>(RhinoErrorReporter.java:130)
	at com.google.javascript.jscomp.RhinoErrorReporter.forOldRhino(RhinoErrorReporter.java:99)
	at com.google.javascript.jscomp.Compiler.<init>(Compiler.java:129)
	at com.google.javascript.jscomp.Compiler.<init>(Compiler.java:169)
	at com.google.javascript.jscomp.CompilerRunner.createCompiler(CompilerRunner.java:143)
	at com.google.javascript.jscomp.CompilerRunnerTest.compile(CompilerRunnerTest.java:284)
	at com.google.javascript.jscomp.CompilerRunnerTest.test(CompilerRunnerTest.java:237)
	at com.google.javascript.jscomp.CompilerRunnerTest.test(CompilerRunnerTest.java:229)
	at com.google.javascript.jscomp.CompilerRunnerTest.testDefineFlag(CompilerRunnerTest.java:134)
	at sun.reflect.NativeMethodAccessorImpl.invoke0(Native Method)
	at sun.reflect.NativeMethodAccessorImpl.invoke(NativeMethodAccessorImpl.java:57)
	at sun.reflect.DelegatingMethodAccessorImpl.invoke(DelegatingMethodAccessorImpl.java:43)
	at java.lang.reflect.Method.invoke(Method.java:606)
	at junit.framework.TestCase.runTest(TestCase.java:176)
	at junit.framework.TestCase.runBare(TestCase.java:141)
	at junit.framework.TestResult$1.protect(TestResult.java:122)
	at junit.framework.TestResult.runProtected(TestResult.java:142)
	at junit.framework.TestResult.run(TestResult.java:125)
	at junit.framework.TestCase.run(TestCase.java:129)
	at junit.framework.TestSuite.runTest(TestSuite.java:255)
	at junit.framework.TestSuite.run(TestSuite.java:250)
	at org.junit.internal.runners.JUnit38ClassRunner.run(JUnit38ClassRunner.java:84)
	at com.gzoltar.lib.instrumentation.testing.junit.a.call(Unknown Source)
	at java.util.concurrent.FutureTask.run(FutureTask.java:262)
	at java.util.concurrent.ThreadPoolExecutor.runWorker(ThreadPoolExecutor.java:1145)
	at java.util.concurrent.ThreadPoolExecutor$Worker.run(ThreadPoolExecutor.java:615)
	at java.lang.Thread.run(Thread.java:745)
[ERROR] Class not found
java.lang.ClassNotFoundException: rhino_ast.java.com.google.javascript.rhino.Messages_en_US
	at java.lang.ClassLoader.findClass(ClassLoader.java:531)
	at java.lang.ClassLoader.loadClass(ClassLoader.java:425)
	at java.lang.ClassLoader.loadClass(ClassLoader.java:358)
	at com.gzoltar.lib.instrumentation.util.GZoltarClassLoader.loadClass(Unknown Source)
	at java.util.ResourceBundle$Control.newBundle(ResourceBundle.java:2566)
	at java.util.ResourceBundle.loadBundle(ResourceBundle.java:1436)
	at java.util.ResourceBundle.findBundle(ResourceBundle.java:1400)
	at java.util.ResourceBundle.getBundleImpl(ResourceBundle.java:1296)
	at java.util.ResourceBundle.getBundle(ResourceBundle.java:795)
	at com.google.javascript.rhino.ScriptRuntime.getMessage(ScriptRuntime.java:466)
	at com.google.javascript.rhino.ScriptRuntime.getMessage0(ScriptRuntime.java:423)
	at com.google.javascript.jscomp.RhinoErrorReporter.<init>(RhinoErrorReporter.java:69)
	at com.google.javascript.jscomp.RhinoErrorReporter.<init>(RhinoErrorReporter.java:33)
	at com.google.javascript.jscomp.RhinoErrorReporter$OldRhinoErrorReporter.<init>(RhinoErrorReporter.java:134)
	at com.google.javascript.jscomp.RhinoErrorReporter$OldRhinoErrorReporter.<init>(RhinoErrorReporter.java:130)
	at com.google.javascript.jscomp.RhinoErrorReporter.forOldRhino(RhinoErrorReporter.java:99)
	at com.google.javascript.jscomp.Compiler.<init>(Compiler.java:129)
	at com.google.javascript.jscomp.Compiler.<init>(Compiler.java:169)
	at com.google.javascript.jscomp.CompilerRunner.createCompiler(CompilerRunner.java:143)
	at com.google.javascript.jscomp.CompilerRunnerTest.compile(CompilerRunnerTest.java:284)
	at com.google.javascript.jscomp.CompilerRunnerTest.test(CompilerRunnerTest.java:237)
	at com.google.javascript.jscomp.CompilerRunnerTest.test(CompilerRunnerTest.java:229)
	at com.google.javascript.jscomp.CompilerRunnerTest.testDefineFlag(CompilerRunnerTest.java:134)
	at sun.reflect.NativeMethodAccessorImpl.invoke0(Native Method)
	at sun.reflect.NativeMethodAccessorImpl.invoke(NativeMethodAccessorImpl.java:57)
	at sun.reflect.DelegatingMethodAccessorImpl.invoke(DelegatingMethodAccessorImpl.java:43)
	at java.lang.reflect.Method.invoke(Method.java:606)
	at junit.framework.TestCase.runTest(TestCase.java:176)
	at junit.framework.TestCase.runBare(TestCase.java:141)
	at junit.framework.TestResult$1.protect(TestResult.java:122)
	at junit.framework.TestResult.runProtected(TestResult.java:142)
	at junit.framework.TestResult.run(TestResult.java:125)
	at junit.framework.TestCase.run(TestCase.java:129)
	at junit.framework.TestSuite.runTest(TestSuite.java:255)
	at junit.framework.TestSuite.run(TestSuite.java:250)
	at org.junit.internal.runners.JUnit38ClassRunner.run(JUnit38ClassRunner.java:84)
	at com.gzoltar.lib.instrumentation.testing.junit.a.call(Unknown Source)
	at java.util.concurrent.FutureTask.run(FutureTask.java:262)
	at java.util.concurrent.ThreadPoolExecutor.runWorker(ThreadPoolExecutor.java:1145)
	at java.util.concurrent.ThreadPoolExecutor$Worker.run(ThreadPoolExecutor.java:615)
	at java.lang.Thread.run(Thread.java:745)
[ERROR] Class not found
java.lang.ClassNotFoundException: com.google.javascript.jscomp.mozilla.rhino.VMBridge_custom
	at java.lang.ClassLoader.findClass(ClassLoader.java:531)
	at java.lang.ClassLoader.loadClass(ClassLoader.java:425)
	at java.lang.ClassLoader.loadClass(ClassLoader.java:358)
	at com.gzoltar.lib.instrumentation.util.GZoltarClassLoader.loadClass(Unknown Source)
	at java.lang.Class.forName0(Native Method)
	at java.lang.Class.forName(Class.java:195)
	at com.google.javascript.jscomp.mozilla.rhino.Kit.classOrNull(Kit.java:74)
	at com.google.javascript.jscomp.mozilla.rhino.VMBridge.makeInstance(VMBridge.java:61)
	at com.google.javascript.jscomp.mozilla.rhino.VMBridge.<clinit>(VMBridge.java:49)
	at com.google.javascript.jscomp.mozilla.rhino.Context.getCurrentContext(Context.java:379)
	at com.google.javascript.jscomp.mozilla.rhino.ScriptRuntime$DefaultMessageProvider.getMessage(ScriptRuntime.java:3703)
	at com.google.javascript.jscomp.mozilla.rhino.ScriptRuntime.getMessage(ScriptRuntime.java:3691)
	at com.google.javascript.jscomp.mozilla.rhino.ScriptRuntime.getMessage0(ScriptRuntime.java:3639)
	at com.google.javascript.jscomp.RhinoErrorReporter.<init>(RhinoErrorReporter.java:69)
	at com.google.javascript.jscomp.RhinoErrorReporter.<init>(RhinoErrorReporter.java:33)
	at com.google.javascript.jscomp.RhinoErrorReporter$OldRhinoErrorReporter.<init>(RhinoErrorReporter.java:134)
	at com.google.javascript.jscomp.RhinoErrorReporter$OldRhinoErrorReporter.<init>(RhinoErrorReporter.java:130)
	at com.google.javascript.jscomp.RhinoErrorReporter.forOldRhino(RhinoErrorReporter.java:99)
	at com.google.javascript.jscomp.Compiler.<init>(Compiler.java:129)
	at com.google.javascript.jscomp.Compiler.<init>(Compiler.java:169)
	at com.google.javascript.jscomp.CompilerRunner.createCompiler(CompilerRunner.java:143)
	at com.google.javascript.jscomp.CompilerRunnerTest.compile(CompilerRunnerTest.java:284)
	at com.google.javascript.jscomp.CompilerRunnerTest.test(CompilerRunnerTest.java:237)
	at com.google.javascript.jscomp.CompilerRunnerTest.test(CompilerRunnerTest.java:229)
	at com.google.javascript.jscomp.CompilerRunnerTest.testDefineFlag(CompilerRunnerTest.java:134)
	at sun.reflect.NativeMethodAccessorImpl.invoke0(Native Method)
	at sun.reflect.NativeMethodAccessorImpl.invoke(NativeMethodAccessorImpl.java:57)
	at sun.reflect.DelegatingMethodAccessorImpl.invoke(DelegatingMethodAccessorImpl.java:43)
	at java.lang.reflect.Method.invoke(Method.java:606)
	at junit.framework.TestCase.runTest(TestCase.java:176)
	at junit.framework.TestCase.runBare(TestCase.java:141)
	at junit.framework.TestResult$1.protect(TestResult.java:122)
	at junit.framework.TestResult.runProtected(TestResult.java:142)
	at junit.framework.TestResult.run(TestResult.java:125)
	at junit.framework.TestCase.run(TestCase.java:129)
	at junit.framework.TestSuite.runTest(TestSuite.java:255)
	at junit.framework.TestSuite.run(TestSuite.java:250)
	at org.junit.internal.runners.JUnit38ClassRunner.run(JUnit38ClassRunner.java:84)
	at com.gzoltar.lib.instrumentation.testing.junit.a.call(Unknown Source)
	at java.util.concurrent.FutureTask.run(FutureTask.java:262)
	at java.util.concurrent.ThreadPoolExecutor.runWorker(ThreadPoolExecutor.java:1145)
	at java.util.concurrent.ThreadPoolExecutor$Worker.run(ThreadPoolExecutor.java:615)
	at java.lang.Thread.run(Thread.java:745)
[ERROR] Class not found
java.lang.ClassNotFoundException: com.google.javascript.jscomp.mozilla.rhino.resources.Messages
	at java.lang.ClassLoader.findClass(ClassLoader.java:531)
	at java.lang.ClassLoader.loadClass(ClassLoader.java:425)
	at java.lang.ClassLoader.loadClass(ClassLoader.java:358)
	at com.gzoltar.lib.instrumentation.util.GZoltarClassLoader.loadClass(Unknown Source)
	at java.util.ResourceBundle$Control.newBundle(ResourceBundle.java:2566)
	at java.util.ResourceBundle.loadBundle(ResourceBundle.java:1436)
	at java.util.ResourceBundle.findBundle(ResourceBundle.java:1400)
	at java.util.ResourceBundle.findBundle(ResourceBundle.java:1354)
	at java.util.ResourceBundle.findBundle(ResourceBundle.java:1354)
	at java.util.ResourceBundle.getBundleImpl(ResourceBundle.java:1296)
	at java.util.ResourceBundle.getBundle(ResourceBundle.java:795)
	at com.google.javascript.jscomp.mozilla.rhino.ScriptRuntime$DefaultMessageProvider.getMessage(ScriptRuntime.java:3707)
	at com.google.javascript.jscomp.mozilla.rhino.ScriptRuntime.getMessage(ScriptRuntime.java:3691)
	at com.google.javascript.jscomp.mozilla.rhino.ScriptRuntime.getMessage0(ScriptRuntime.java:3639)
	at com.google.javascript.jscomp.RhinoErrorReporter.<init>(RhinoErrorReporter.java:69)
	at com.google.javascript.jscomp.RhinoErrorReporter.<init>(RhinoErrorReporter.java:33)
	at com.google.javascript.jscomp.RhinoErrorReporter$OldRhinoErrorReporter.<init>(RhinoErrorReporter.java:134)
	at com.google.javascript.jscomp.RhinoErrorReporter$OldRhinoErrorReporter.<init>(RhinoErrorReporter.java:130)
	at com.google.javascript.jscomp.RhinoErrorReporter.forOldRhino(RhinoErrorReporter.java:99)
	at com.google.javascript.jscomp.Compiler.<init>(Compiler.java:129)
	at com.google.javascript.jscomp.Compiler.<init>(Compiler.java:169)
	at com.google.javascript.jscomp.CompilerRunner.createCompiler(CompilerRunner.java:143)
	at com.google.javascript.jscomp.CompilerRunnerTest.compile(CompilerRunnerTest.java:284)
	at com.google.javascript.jscomp.CompilerRunnerTest.test(CompilerRunnerTest.java:237)
	at com.google.javascript.jscomp.CompilerRunnerTest.test(CompilerRunnerTest.java:229)
	at com.google.javascript.jscomp.CompilerRunnerTest.testDefineFlag(CompilerRunnerTest.java:134)
	at sun.reflect.NativeMethodAccessorImpl.invoke0(Native Method)
	at sun.reflect.NativeMethodAccessorImpl.invoke(NativeMethodAccessorImpl.java:57)
	at sun.reflect.DelegatingMethodAccessorImpl.invoke(DelegatingMethodAccessorImpl.java:43)
	at java.lang.reflect.Method.invoke(Method.java:606)
	at junit.framework.TestCase.runTest(TestCase.java:176)
	at junit.framework.TestCase.runBare(TestCase.java:141)
	at junit.framework.TestResult$1.protect(TestResult.java:122)
	at junit.framework.TestResult.runProtected(TestResult.java:142)
	at junit.framework.TestResult.run(TestResult.java:125)
	at junit.framework.TestCase.run(TestCase.java:129)
	at junit.framework.TestSuite.runTest(TestSuite.java:255)
	at junit.framework.TestSuite.run(TestSuite.java:250)
	at org.junit.internal.runners.JUnit38ClassRunner.run(JUnit38ClassRunner.java:84)
	at com.gzoltar.lib.instrumentation.testing.junit.a.call(Unknown Source)
	at java.util.concurrent.FutureTask.run(FutureTask.java:262)
	at java.util.concurrent.ThreadPoolExecutor.runWorker(ThreadPoolExecutor.java:1145)
	at java.util.concurrent.ThreadPoolExecutor$Worker.run(ThreadPoolExecutor.java:615)
	at java.lang.Thread.run(Thread.java:745)
[ERROR] Class not found
java.lang.ClassNotFoundException: com.google.javascript.jscomp.mozilla.rhino.resources.Messages_en
	at java.lang.ClassLoader.findClass(ClassLoader.java:531)
	at java.lang.ClassLoader.loadClass(ClassLoader.java:425)
	at java.lang.ClassLoader.loadClass(ClassLoader.java:358)
	at com.gzoltar.lib.instrumentation.util.GZoltarClassLoader.loadClass(Unknown Source)
	at java.util.ResourceBundle$Control.newBundle(ResourceBundle.java:2566)
	at java.util.ResourceBundle.loadBundle(ResourceBundle.java:1436)
	at java.util.ResourceBundle.findBundle(ResourceBundle.java:1400)
	at java.util.ResourceBundle.findBundle(ResourceBundle.java:1354)
	at java.util.ResourceBundle.getBundleImpl(ResourceBundle.java:1296)
	at java.util.ResourceBundle.getBundle(ResourceBundle.java:795)
	at com.google.javascript.jscomp.mozilla.rhino.ScriptRuntime$DefaultMessageProvider.getMessage(ScriptRuntime.java:3707)
	at com.google.javascript.jscomp.mozilla.rhino.ScriptRuntime.getMessage(ScriptRuntime.java:3691)
	at com.google.javascript.jscomp.mozilla.rhino.ScriptRuntime.getMessage0(ScriptRuntime.java:3639)
	at com.google.javascript.jscomp.RhinoErrorReporter.<init>(RhinoErrorReporter.java:69)
	at com.google.javascript.jscomp.RhinoErrorReporter.<init>(RhinoErrorReporter.java:33)
	at com.google.javascript.jscomp.RhinoErrorReporter$OldRhinoErrorReporter.<init>(RhinoErrorReporter.java:134)
	at com.google.javascript.jscomp.RhinoErrorReporter$OldRhinoErrorReporter.<init>(RhinoErrorReporter.java:130)
	at com.google.javascript.jscomp.RhinoErrorReporter.forOldRhino(RhinoErrorReporter.java:99)
	at com.google.javascript.jscomp.Compiler.<init>(Compiler.java:129)
	at com.google.javascript.jscomp.Compiler.<init>(Compiler.java:169)
	at com.google.javascript.jscomp.CompilerRunner.createCompiler(CompilerRunner.java:143)
	at com.google.javascript.jscomp.CompilerRunnerTest.compile(CompilerRunnerTest.java:284)
	at com.google.javascript.jscomp.CompilerRunnerTest.test(CompilerRunnerTest.java:237)
	at com.google.javascript.jscomp.CompilerRunnerTest.test(CompilerRunnerTest.java:229)
	at com.google.javascript.jscomp.CompilerRunnerTest.testDefineFlag(CompilerRunnerTest.java:134)
	at sun.reflect.NativeMethodAccessorImpl.invoke0(Native Method)
	at sun.reflect.NativeMethodAccessorImpl.invoke(NativeMethodAccessorImpl.java:57)
	at sun.reflect.DelegatingMethodAccessorImpl.invoke(DelegatingMethodAccessorImpl.java:43)
	at java.lang.reflect.Method.invoke(Method.java:606)
	at junit.framework.TestCase.runTest(TestCase.java:176)
	at junit.framework.TestCase.runBare(TestCase.java:141)
	at junit.framework.TestResult$1.protect(TestResult.java:122)
	at junit.framework.TestResult.runProtected(TestResult.java:142)
	at junit.framework.TestResult.run(TestResult.java:125)
	at junit.framework.TestCase.run(TestCase.java:129)
	at junit.framework.TestSuite.runTest(TestSuite.java:255)
	at junit.framework.TestSuite.run(TestSuite.java:250)
	at org.junit.internal.runners.JUnit38ClassRunner.run(JUnit38ClassRunner.java:84)
	at com.gzoltar.lib.instrumentation.testing.junit.a.call(Unknown Source)
	at java.util.concurrent.FutureTask.run(FutureTask.java:262)
	at java.util.concurrent.ThreadPoolExecutor.runWorker(ThreadPoolExecutor.java:1145)
	at java.util.concurrent.ThreadPoolExecutor$Worker.run(ThreadPoolExecutor.java:615)
	at java.lang.Thread.run(Thread.java:745)
[ERROR] Class not found
java.lang.ClassNotFoundException: com.google.javascript.jscomp.mozilla.rhino.resources.Messages_en_US
	at java.lang.ClassLoader.findClass(ClassLoader.java:531)
	at java.lang.ClassLoader.loadClass(ClassLoader.java:425)
	at java.lang.ClassLoader.loadClass(ClassLoader.java:358)
	at com.gzoltar.lib.instrumentation.util.GZoltarClassLoader.loadClass(Unknown Source)
	at java.util.ResourceBundle$Control.newBundle(ResourceBundle.java:2566)
	at java.util.ResourceBundle.loadBundle(ResourceBundle.java:1436)
	at java.util.ResourceBundle.findBundle(ResourceBundle.java:1400)
	at java.util.ResourceBundle.getBundleImpl(ResourceBundle.java:1296)
	at java.util.ResourceBundle.getBundle(ResourceBundle.java:795)
	at com.google.javascript.jscomp.mozilla.rhino.ScriptRuntime$DefaultMessageProvider.getMessage(ScriptRuntime.java:3707)
	at com.google.javascript.jscomp.mozilla.rhino.ScriptRuntime.getMessage(ScriptRuntime.java:3691)
	at com.google.javascript.jscomp.mozilla.rhino.ScriptRuntime.getMessage0(ScriptRuntime.java:3639)
	at com.google.javascript.jscomp.RhinoErrorReporter.<init>(RhinoErrorReporter.java:69)
	at com.google.javascript.jscomp.RhinoErrorReporter.<init>(RhinoErrorReporter.java:33)
	at com.google.javascript.jscomp.RhinoErrorReporter$OldRhinoErrorReporter.<init>(RhinoErrorReporter.java:134)
	at com.google.javascript.jscomp.RhinoErrorReporter$OldRhinoErrorReporter.<init>(RhinoErrorReporter.java:130)
	at com.google.javascript.jscomp.RhinoErrorReporter.forOldRhino(RhinoErrorReporter.java:99)
	at com.google.javascript.jscomp.Compiler.<init>(Compiler.java:129)
	at com.google.javascript.jscomp.Compiler.<init>(Compiler.java:169)
	at com.google.javascript.jscomp.CompilerRunner.createCompiler(CompilerRunner.java:143)
	at com.google.javascript.jscomp.CompilerRunnerTest.compile(CompilerRunnerTest.java:284)
	at com.google.javascript.jscomp.CompilerRunnerTest.test(CompilerRunnerTest.java:237)
	at com.google.javascript.jscomp.CompilerRunnerTest.test(CompilerRunnerTest.java:229)
	at com.google.javascript.jscomp.CompilerRunnerTest.testDefineFlag(CompilerRunnerTest.java:134)
	at sun.reflect.NativeMethodAccessorImpl.invoke0(Native Method)
	at sun.reflect.NativeMethodAccessorImpl.invoke(NativeMethodAccessorImpl.java:57)
	at sun.reflect.DelegatingMethodAccessorImpl.invoke(DelegatingMethodAccessorImpl.java:43)
	at java.lang.reflect.Method.invoke(Method.java:606)
	at junit.framework.TestCase.runTest(TestCase.java:176)
	at junit.framework.TestCase.runBare(TestCase.java:141)
	at junit.framework.TestResult$1.protect(TestResult.java:122)
	at junit.framework.TestResult.runProtected(TestResult.java:142)
	at junit.framework.TestResult.run(TestResult.java:125)
	at junit.framework.TestCase.run(TestCase.java:129)
	at junit.framework.TestSuite.runTest(TestSuite.java:255)
	at junit.framework.TestSuite.run(TestSuite.java:250)
	at org.junit.internal.runners.JUnit38ClassRunner.run(JUnit38ClassRunner.java:84)
	at com.gzoltar.lib.instrumentation.testing.junit.a.call(Unknown Source)
	at java.util.concurrent.FutureTask.run(FutureTask.java:262)
	at java.util.concurrent.ThreadPoolExecutor.runWorker(ThreadPoolExecutor.java:1145)
	at java.util.concurrent.ThreadPoolExecutor$Worker.run(ThreadPoolExecutor.java:615)
	at java.lang.Thread.run(Thread.java:745)
[ERROR] Class not found
java.lang.ClassNotFoundException: com.google.javascript.jscomp.parsing.ParserConfig
	at java.lang.ClassLoader.findClass(ClassLoader.java:531)
	at java.lang.ClassLoader.loadClass(ClassLoader.java:425)
	at java.lang.ClassLoader.loadClass(ClassLoader.java:358)
	at com.gzoltar.lib.instrumentation.util.GZoltarClassLoader.loadClass(Unknown Source)
	at java.util.ResourceBundle$Control.newBundle(ResourceBundle.java:2566)
	at java.util.ResourceBundle.loadBundle(ResourceBundle.java:1436)
	at java.util.ResourceBundle.findBundle(ResourceBundle.java:1400)
	at java.util.ResourceBundle.findBundle(ResourceBundle.java:1354)
	at java.util.ResourceBundle.findBundle(ResourceBundle.java:1354)
	at java.util.ResourceBundle.getBundleImpl(ResourceBundle.java:1296)
	at java.util.ResourceBundle.getBundle(ResourceBundle.java:721)
	at com.google.javascript.jscomp.parsing.ParserRunner.initAnnotationNames(ParserRunner.java:60)
	at com.google.javascript.jscomp.parsing.ParserRunner.parse(ParserRunner.java:86)
	at com.google.javascript.jscomp.JsAst.parse(JsAst.java:89)
	at com.google.javascript.jscomp.JsAst.createAst(JsAst.java:78)
	at com.google.javascript.jscomp.JsAst.getAstRoot(JsAst.java:51)
	at com.google.javascript.jscomp.CompilerInput.getAstRoot(CompilerInput.java:80)
	at com.google.javascript.jscomp.Compiler.parseInputs(Compiler.java:973)
	at com.google.javascript.jscomp.Compiler.parse(Compiler.java:551)
	at com.google.javascript.jscomp.Compiler.compileInternal(Compiler.java:510)
	at com.google.javascript.jscomp.Compiler.access$000(Compiler.java:61)
	at com.google.javascript.jscomp.Compiler$1.call(Compiler.java:443)
	at com.google.javascript.jscomp.Compiler$1.call(Compiler.java:441)
	at com.google.javascript.jscomp.Compiler$2.run(Compiler.java:475)
	at java.lang.Thread.run(Thread.java:745)
[ERROR] Class not found
java.lang.ClassNotFoundException: com.google.javascript.jscomp.parsing.ParserConfig_en
	at java.lang.ClassLoader.findClass(ClassLoader.java:531)
	at java.lang.ClassLoader.loadClass(ClassLoader.java:425)
	at java.lang.ClassLoader.loadClass(ClassLoader.java:358)
	at com.gzoltar.lib.instrumentation.util.GZoltarClassLoader.loadClass(Unknown Source)
	at java.util.ResourceBundle$Control.newBundle(ResourceBundle.java:2566)
	at java.util.ResourceBundle.loadBundle(ResourceBundle.java:1436)
	at java.util.ResourceBundle.findBundle(ResourceBundle.java:1400)
	at java.util.ResourceBundle.findBundle(ResourceBundle.java:1354)
	at java.util.ResourceBundle.getBundleImpl(ResourceBundle.java:1296)
	at java.util.ResourceBundle.getBundle(ResourceBundle.java:721)
	at com.google.javascript.jscomp.parsing.ParserRunner.initAnnotationNames(ParserRunner.java:60)
	at com.google.javascript.jscomp.parsing.ParserRunner.parse(ParserRunner.java:86)
	at com.google.javascript.jscomp.JsAst.parse(JsAst.java:89)
	at com.google.javascript.jscomp.JsAst.createAst(JsAst.java:78)
	at com.google.javascript.jscomp.JsAst.getAstRoot(JsAst.java:51)
	at com.google.javascript.jscomp.CompilerInput.getAstRoot(CompilerInput.java:80)
	at com.google.javascript.jscomp.Compiler.parseInputs(Compiler.java:973)
	at com.google.javascript.jscomp.Compiler.parse(Compiler.java:551)
	at com.google.javascript.jscomp.Compiler.compileInternal(Compiler.java:510)
	at com.google.javascript.jscomp.Compiler.access$000(Compiler.java:61)
	at com.google.javascript.jscomp.Compiler$1.call(Compiler.java:443)
	at com.google.javascript.jscomp.Compiler$1.call(Compiler.java:441)
	at com.google.javascript.jscomp.Compiler$2.run(Compiler.java:475)
	at java.lang.Thread.run(Thread.java:745)
[ERROR] Class not found
java.lang.ClassNotFoundException: com.google.javascript.jscomp.parsing.ParserConfig_en_US
	at java.lang.ClassLoader.findClass(ClassLoader.java:531)
	at java.lang.ClassLoader.loadClass(ClassLoader.java:425)
	at java.lang.ClassLoader.loadClass(ClassLoader.java:358)
	at com.gzoltar.lib.instrumentation.util.GZoltarClassLoader.loadClass(Unknown Source)
	at java.util.ResourceBundle$Control.newBundle(ResourceBundle.java:2566)
	at java.util.ResourceBundle.loadBundle(ResourceBundle.java:1436)
	at java.util.ResourceBundle.findBundle(ResourceBundle.java:1400)
	at java.util.ResourceBundle.getBundleImpl(ResourceBundle.java:1296)
	at java.util.ResourceBundle.getBundle(ResourceBundle.java:721)
	at com.google.javascript.jscomp.parsing.ParserRunner.initAnnotationNames(ParserRunner.java:60)
	at com.google.javascript.jscomp.parsing.ParserRunner.parse(ParserRunner.java:86)
	at com.google.javascript.jscomp.JsAst.parse(JsAst.java:89)
	at com.google.javascript.jscomp.JsAst.createAst(JsAst.java:78)
	at com.google.javascript.jscomp.JsAst.getAstRoot(JsAst.java:51)
	at com.google.javascript.jscomp.CompilerInput.getAstRoot(CompilerInput.java:80)
	at com.google.javascript.jscomp.Compiler.parseInputs(Compiler.java:973)
	at com.google.javascript.jscomp.Compiler.parse(Compiler.java:551)
	at com.google.javascript.jscomp.Compiler.compileInternal(Compiler.java:510)
	at com.google.javascript.jscomp.Compiler.access$000(Compiler.java:61)
	at com.google.javascript.jscomp.Compiler$1.call(Compiler.java:443)
	at com.google.javascript.jscomp.Compiler$1.call(Compiler.java:441)
	at com.google.javascript.jscomp.Compiler$2.run(Compiler.java:475)
	at java.lang.Thread.run(Thread.java:745)
Aug 26, 2019 8:29:37 PM com.google.javascript.jscomp.PhaseOptimizer$NamedPass process
INFO: suspiciousCode
Aug 26, 2019 8:29:37 PM com.google.javascript.jscomp.PhaseOptimizer$NamedPass process
INFO: checkControlStructures
Aug 26, 2019 8:29:37 PM com.google.javascript.jscomp.PhaseOptimizer$NamedPass process
INFO: processProvidesAndRequires
Aug 26, 2019 8:29:37 PM com.google.javascript.jscomp.PhaseOptimizer$NamedPass process
INFO: renameCssNames
Aug 26, 2019 8:29:37 PM com.google.javascript.jscomp.PhaseOptimizer$NamedPass process
INFO: checkVars
Aug 26, 2019 8:29:37 PM com.google.javascript.jscomp.PhaseOptimizer$NamedPass process
INFO: checkControlFlow
Aug 26, 2019 8:29:37 PM com.google.javascript.jscomp.PhaseOptimizer$NamedPass process
INFO: processDefines
Aug 26, 2019 8:29:37 PM com.google.javascript.jscomp.Compiler normalize
INFO: Normalizing
Aug 26, 2019 8:29:37 PM com.google.javascript.jscomp.PhaseOptimizer$NamedPass process
INFO: beforeStandardOptimizations
Aug 26, 2019 8:29:37 PM com.google.javascript.jscomp.PhaseOptimizer$NamedPass process
INFO: optimizeArgumentsArray
Aug 26, 2019 8:29:37 PM com.google.javascript.jscomp.PhaseOptimizer$NamedPass process
INFO: removeAbstractMethods
Aug 26, 2019 8:29:37 PM com.google.javascript.jscomp.PhaseOptimizer$NamedPass process
INFO: beforeMainOptimizations
Aug 26, 2019 8:29:37 PM com.google.javascript.jscomp.PhaseOptimizer$NamedPass process
INFO: removeConstantExpressions
Aug 26, 2019 8:29:37 PM com.google.javascript.jscomp.PhaseOptimizer$NamedPass process
INFO: removeUnreachableCode
Aug 26, 2019 8:29:37 PM com.google.javascript.jscomp.PhaseOptimizer$NamedPass process
INFO: removeUnusedVars
Aug 26, 2019 8:29:37 PM com.google.javascript.jscomp.PhaseOptimizer$NamedPass process
INFO: foldConstants
Aug 26, 2019 8:29:37 PM com.google.javascript.jscomp.PhaseOptimizer$NamedPass process
INFO: deadAssignmentsElimination
Aug 26, 2019 8:29:37 PM com.google.javascript.jscomp.PhaseOptimizer$NamedPass process
INFO: inlineVariables
Aug 26, 2019 8:29:37 PM com.google.javascript.jscomp.PhaseOptimizer$NamedPass process
INFO: minimizeExitPoints
Aug 26, 2019 8:29:37 PM com.google.javascript.jscomp.PhaseOptimizer$NamedPass process
INFO: beforeModuleMotion
Aug 26, 2019 8:29:37 PM com.google.javascript.jscomp.PhaseOptimizer$NamedPass process
INFO: afterModuleMotion
Aug 26, 2019 8:29:37 PM com.google.javascript.jscomp.PhaseOptimizer$NamedPass process
INFO: extractPrototypeMemberDeclarations
Aug 26, 2019 8:29:37 PM com.google.javascript.jscomp.PhaseOptimizer$NamedPass process
INFO: coalesceVariableNames
Aug 26, 2019 8:29:37 PM com.google.javascript.jscomp.PhaseOptimizer$NamedPass process
INFO: convertToDottedProperties
Aug 26, 2019 8:29:37 PM com.google.javascript.jscomp.PhaseOptimizer$NamedPass process
INFO: collapseVariableDeclarations
Aug 26, 2019 8:29:37 PM com.google.javascript.jscomp.PhaseOptimizer$NamedPass process
INFO: denormalize
Aug 26, 2019 8:29:37 PM com.google.javascript.jscomp.PhaseOptimizer$NamedPass process
INFO: invertNames
Aug 26, 2019 8:29:37 PM com.google.javascript.jscomp.PhaseOptimizer$NamedPass process
INFO: renameVars
Aug 26, 2019 8:29:37 PM com.google.javascript.jscomp.PhaseOptimizer$NamedPass process
INFO: renameLabels
* Finished com.google.javascript.jscomp.CompilerRunnerTest#testDefineFlag
* Started com.google.javascript.jscomp.CompilerRunnerTest#testFunctionStrictModeNoWarning
Aug 26, 2019 8:29:37 PM com.google.javascript.jscomp.PhaseOptimizer$NamedPass process
INFO: suspiciousCode
Aug 26, 2019 8:29:37 PM com.google.javascript.jscomp.PhaseOptimizer$NamedPass process
INFO: checkControlStructures
Aug 26, 2019 8:29:37 PM com.google.javascript.jscomp.PhaseOptimizer$NamedPass process
INFO: processProvidesAndRequires
Aug 26, 2019 8:29:37 PM com.google.javascript.jscomp.PhaseOptimizer$NamedPass process
INFO: renameCssNames
Aug 26, 2019 8:29:37 PM com.google.javascript.jscomp.PhaseOptimizer$NamedPass process
INFO: checkVars
Aug 26, 2019 8:29:37 PM com.google.javascript.jscomp.PhaseOptimizer$NamedPass process
INFO: checkControlFlow
Aug 26, 2019 8:29:37 PM com.google.javascript.jscomp.PhaseOptimizer$NamedPass process
INFO: processDefines
Aug 26, 2019 8:29:37 PM com.google.javascript.jscomp.Compiler normalize
INFO: Normalizing
Aug 26, 2019 8:29:37 PM com.google.javascript.jscomp.PhaseOptimizer$NamedPass process
INFO: beforeStandardOptimizations
Aug 26, 2019 8:29:37 PM com.google.javascript.jscomp.PhaseOptimizer$NamedPass process
INFO: optimizeArgumentsArray
Aug 26, 2019 8:29:37 PM com.google.javascript.jscomp.PhaseOptimizer$NamedPass process
INFO: removeAbstractMethods
Aug 26, 2019 8:29:37 PM com.google.javascript.jscomp.PhaseOptimizer$NamedPass process
INFO: beforeMainOptimizations
Aug 26, 2019 8:29:37 PM com.google.javascript.jscomp.PhaseOptimizer$NamedPass process
INFO: removeConstantExpressions
Aug 26, 2019 8:29:37 PM com.google.javascript.jscomp.PhaseOptimizer$NamedPass process
INFO: removeUnreachableCode
Aug 26, 2019 8:29:37 PM com.google.javascript.jscomp.PhaseOptimizer$NamedPass process
INFO: removeUnusedVars
Aug 26, 2019 8:29:37 PM com.google.javascript.jscomp.PhaseOptimizer$NamedPass process
INFO: foldConstants
Aug 26, 2019 8:29:37 PM com.google.javascript.jscomp.PhaseOptimizer$NamedPass process
INFO: deadAssignmentsElimination
Aug 26, 2019 8:29:37 PM com.google.javascript.jscomp.PhaseOptimizer$NamedPass process
INFO: inlineVariables
Aug 26, 2019 8:29:37 PM com.google.javascript.jscomp.PhaseOptimizer$NamedPass process
INFO: minimizeExitPoints
Aug 26, 2019 8:29:37 PM com.google.javascript.jscomp.PhaseOptimizer$NamedPass process
INFO: beforeModuleMotion
Aug 26, 2019 8:29:37 PM com.google.javascript.jscomp.PhaseOptimizer$NamedPass process
INFO: afterModuleMotion
Aug 26, 2019 8:29:37 PM com.google.javascript.jscomp.PhaseOptimizer$NamedPass process
INFO: extractPrototypeMemberDeclarations
Aug 26, 2019 8:29:37 PM com.google.javascript.jscomp.PhaseOptimizer$NamedPass process
INFO: coalesceVariableNames
Aug 26, 2019 8:29:37 PM com.google.javascript.jscomp.PhaseOptimizer$NamedPass process
INFO: convertToDottedProperties
Aug 26, 2019 8:29:37 PM com.google.javascript.jscomp.PhaseOptimizer$NamedPass process
INFO: collapseVariableDeclarations
Aug 26, 2019 8:29:37 PM com.google.javascript.jscomp.PhaseOptimizer$NamedPass process
INFO: denormalize
Aug 26, 2019 8:29:37 PM com.google.javascript.jscomp.PhaseOptimizer$NamedPass process
INFO: invertNames
Aug 26, 2019 8:29:37 PM com.google.javascript.jscomp.PhaseOptimizer$NamedPass process
INFO: renameVars
Aug 26, 2019 8:29:37 PM com.google.javascript.jscomp.PhaseOptimizer$NamedPass process
INFO: renameLabels
Aug 26, 2019 8:29:37 PM com.google.javascript.jscomp.PhaseOptimizer$NamedPass process
INFO: suspiciousCode
Aug 26, 2019 8:29:37 PM com.google.javascript.jscomp.PhaseOptimizer$NamedPass process
INFO: checkControlStructures
Aug 26, 2019 8:29:37 PM com.google.javascript.jscomp.PhaseOptimizer$NamedPass process
INFO: processProvidesAndRequires
Aug 26, 2019 8:29:37 PM com.google.javascript.jscomp.PhaseOptimizer$NamedPass process
INFO: renameCssNames
Aug 26, 2019 8:29:37 PM com.google.javascript.jscomp.PhaseOptimizer$NamedPass process
INFO: checkVars
Aug 26, 2019 8:29:37 PM com.google.javascript.jscomp.PhaseOptimizer$NamedPass process
INFO: checkControlFlow
Aug 26, 2019 8:29:37 PM com.google.javascript.jscomp.PhaseOptimizer$NamedPass process
INFO: processDefines
Aug 26, 2019 8:29:37 PM com.google.javascript.jscomp.Compiler normalize
INFO: Normalizing
Aug 26, 2019 8:29:37 PM com.google.javascript.jscomp.PhaseOptimizer$NamedPass process
INFO: beforeStandardOptimizations
Aug 26, 2019 8:29:37 PM com.google.javascript.jscomp.PhaseOptimizer$NamedPass process
INFO: optimizeArgumentsArray
Aug 26, 2019 8:29:37 PM com.google.javascript.jscomp.PhaseOptimizer$NamedPass process
INFO: removeAbstractMethods
Aug 26, 2019 8:29:37 PM com.google.javascript.jscomp.PhaseOptimizer$NamedPass process
INFO: beforeMainOptimizations
Aug 26, 2019 8:29:37 PM com.google.javascript.jscomp.PhaseOptimizer$NamedPass process
INFO: removeConstantExpressions
Aug 26, 2019 8:29:37 PM com.google.javascript.jscomp.PhaseOptimizer$NamedPass process
INFO: removeUnreachableCode
Aug 26, 2019 8:29:37 PM com.google.javascript.jscomp.PhaseOptimizer$NamedPass process
INFO: removeUnusedVars
Aug 26, 2019 8:29:37 PM com.google.javascript.jscomp.PhaseOptimizer$NamedPass process
INFO: foldConstants
Aug 26, 2019 8:29:37 PM com.google.javascript.jscomp.PhaseOptimizer$NamedPass process
INFO: deadAssignmentsElimination
Aug 26, 2019 8:29:37 PM com.google.javascript.jscomp.PhaseOptimizer$NamedPass process
INFO: inlineVariables
Aug 26, 2019 8:29:37 PM com.google.javascript.jscomp.PhaseOptimizer$NamedPass process
INFO: minimizeExitPoints
Aug 26, 2019 8:29:37 PM com.google.javascript.jscomp.PhaseOptimizer$NamedPass process
INFO: removeConstantExpressions
Aug 26, 2019 8:29:37 PM com.google.javascript.jscomp.PhaseOptimizer$NamedPass process
INFO: removeUnreachableCode
Aug 26, 2019 8:29:37 PM com.google.javascript.jscomp.PhaseOptimizer$NamedPass process
INFO: removeUnusedVars
Aug 26, 2019 8:29:37 PM com.google.javascript.jscomp.PhaseOptimizer$NamedPass process
INFO: foldConstants
Aug 26, 2019 8:29:37 PM com.google.javascript.jscomp.PhaseOptimizer$NamedPass process
INFO: deadAssignmentsElimination
Aug 26, 2019 8:29:37 PM com.google.javascript.jscomp.PhaseOptimizer$NamedPass process
INFO: inlineVariables
Aug 26, 2019 8:29:37 PM com.google.javascript.jscomp.PhaseOptimizer$NamedPass process
INFO: minimizeExitPoints
Aug 26, 2019 8:29:37 PM com.google.javascript.jscomp.PhaseOptimizer$NamedPass process
INFO: beforeModuleMotion
Aug 26, 2019 8:29:37 PM com.google.javascript.jscomp.PhaseOptimizer$NamedPass process
INFO: afterModuleMotion
Aug 26, 2019 8:29:37 PM com.google.javascript.jscomp.PhaseOptimizer$NamedPass process
INFO: extractPrototypeMemberDeclarations
Aug 26, 2019 8:29:37 PM com.google.javascript.jscomp.PhaseOptimizer$NamedPass process
INFO: coalesceVariableNames
Aug 26, 2019 8:29:37 PM com.google.javascript.jscomp.PhaseOptimizer$NamedPass process
INFO: convertToDottedProperties
Aug 26, 2019 8:29:37 PM com.google.javascript.jscomp.PhaseOptimizer$NamedPass process
INFO: collapseVariableDeclarations
Aug 26, 2019 8:29:37 PM com.google.javascript.jscomp.PhaseOptimizer$NamedPass process
INFO: denormalize
Aug 26, 2019 8:29:37 PM com.google.javascript.jscomp.PhaseOptimizer$NamedPass process
INFO: invertNames
Aug 26, 2019 8:29:37 PM com.google.javascript.jscomp.PhaseOptimizer$NamedPass process
INFO: renameVars
Aug 26, 2019 8:29:37 PM com.google.javascript.jscomp.PhaseOptimizer$NamedPass process
INFO: renameLabels
i0:1: WARNING - Suspicious code. Is there a missing '+' on the previous line?

0 error(s), 1 warning(s)
* Finished com.google.javascript.jscomp.CompilerRunnerTest#testFunctionStrictModeNoWarning
* Started com.google.javascript.jscomp.CompilerRunnerTest#testCheckUndefinedProperties
Aug 26, 2019 8:29:37 PM com.google.javascript.jscomp.PhaseOptimizer$NamedPass process
INFO: suspiciousCode
Aug 26, 2019 8:29:37 PM com.google.javascript.jscomp.PhaseOptimizer$NamedPass process
INFO: checkControlStructures
Aug 26, 2019 8:29:37 PM com.google.javascript.jscomp.PhaseOptimizer$NamedPass process
INFO: processProvidesAndRequires
Aug 26, 2019 8:29:37 PM com.google.javascript.jscomp.PhaseOptimizer$NamedPass process
INFO: renameCssNames
Aug 26, 2019 8:29:37 PM com.google.javascript.jscomp.PhaseOptimizer$NamedPass process
INFO: checkVars
Aug 26, 2019 8:29:37 PM com.google.javascript.jscomp.PhaseOptimizer$NamedPass process
INFO: checkVariableReferences
Aug 26, 2019 8:29:37 PM com.google.javascript.jscomp.PhaseOptimizer$NamedPass process
INFO: resolveTypes
Aug 26, 2019 8:29:37 PM com.google.javascript.jscomp.PhaseOptimizer$NamedPass process
INFO: inferTypes
Aug 26, 2019 8:29:37 PM com.google.javascript.jscomp.PhaseOptimizer$NamedPass process
INFO: checkTypes
i0:1: ERROR - Property bar never defined on x

1 error(s), 0 warning(s), 75.0% typed
* Finished com.google.javascript.jscomp.CompilerRunnerTest#testCheckUndefinedProperties
* Started com.google.javascript.jscomp.CompilerRunnerTest#testTypeCheckOverride1
Aug 26, 2019 8:29:37 PM com.google.javascript.jscomp.PhaseOptimizer$NamedPass process
INFO: suspiciousCode
Aug 26, 2019 8:29:37 PM com.google.javascript.jscomp.PhaseOptimizer$NamedPass process
INFO: checkControlStructures
Aug 26, 2019 8:29:37 PM com.google.javascript.jscomp.PhaseOptimizer$NamedPass process
INFO: processProvidesAndRequires
Aug 26, 2019 8:29:37 PM com.google.javascript.jscomp.PhaseOptimizer$NamedPass process
INFO: renameCssNames
Aug 26, 2019 8:29:37 PM com.google.javascript.jscomp.PhaseOptimizer$NamedPass process
INFO: checkVars
Aug 26, 2019 8:29:37 PM com.google.javascript.jscomp.PhaseOptimizer$NamedPass process
INFO: checkVariableReferences
Aug 26, 2019 8:29:37 PM com.google.javascript.jscomp.PhaseOptimizer$NamedPass process
INFO: checkControlFlow
Aug 26, 2019 8:29:37 PM com.google.javascript.jscomp.PhaseOptimizer$NamedPass process
INFO: Check names
Aug 26, 2019 8:29:37 PM com.google.javascript.jscomp.PhaseOptimizer$NamedPass process
INFO: processDefines
Aug 26, 2019 8:29:37 PM com.google.javascript.jscomp.Compiler normalize
INFO: Normalizing
Aug 26, 2019 8:29:37 PM com.google.javascript.jscomp.PhaseOptimizer$NamedPass process
INFO: beforeStandardOptimizations
Aug 26, 2019 8:29:37 PM com.google.javascript.jscomp.PhaseOptimizer$NamedPass process
INFO: optimizeArgumentsArray
Aug 26, 2019 8:29:37 PM com.google.javascript.jscomp.PhaseOptimizer$NamedPass process
INFO: removeAbstractMethods
Aug 26, 2019 8:29:37 PM com.google.javascript.jscomp.PhaseOptimizer$NamedPass process
INFO: beforeMainOptimizations
Aug 26, 2019 8:29:37 PM com.google.javascript.jscomp.PhaseOptimizer$NamedPass process
INFO: removeConstantExpressions
Aug 26, 2019 8:29:37 PM com.google.javascript.jscomp.PhaseOptimizer$NamedPass process
INFO: removeUnreachableCode
Aug 26, 2019 8:29:37 PM com.google.javascript.jscomp.PhaseOptimizer$NamedPass process
INFO: removeUnusedVars
Aug 26, 2019 8:29:37 PM com.google.javascript.jscomp.PhaseOptimizer$NamedPass process
INFO: foldConstants
Aug 26, 2019 8:29:37 PM com.google.javascript.jscomp.PhaseOptimizer$NamedPass process
INFO: deadAssignmentsElimination
Aug 26, 2019 8:29:37 PM com.google.javascript.jscomp.PhaseOptimizer$NamedPass process
INFO: inlineVariables
Aug 26, 2019 8:29:37 PM com.google.javascript.jscomp.PhaseOptimizer$NamedPass process
INFO: minimizeExitPoints
Aug 26, 2019 8:29:37 PM com.google.javascript.jscomp.PhaseOptimizer$NamedPass process
INFO: beforeModuleMotion
Aug 26, 2019 8:29:37 PM com.google.javascript.jscomp.PhaseOptimizer$NamedPass process
INFO: afterModuleMotion
Aug 26, 2019 8:29:37 PM com.google.javascript.jscomp.PhaseOptimizer$NamedPass process
INFO: extractPrototypeMemberDeclarations
Aug 26, 2019 8:29:37 PM com.google.javascript.jscomp.PhaseOptimizer$NamedPass process
INFO: coalesceVariableNames
Aug 26, 2019 8:29:37 PM com.google.javascript.jscomp.PhaseOptimizer$NamedPass process
INFO: convertToDottedProperties
Aug 26, 2019 8:29:37 PM com.google.javascript.jscomp.PhaseOptimizer$NamedPass process
INFO: collapseVariableDeclarations
Aug 26, 2019 8:29:37 PM com.google.javascript.jscomp.PhaseOptimizer$NamedPass process
INFO: denormalize
Aug 26, 2019 8:29:37 PM com.google.javascript.jscomp.PhaseOptimizer$NamedPass process
INFO: invertNames
Aug 26, 2019 8:29:37 PM com.google.javascript.jscomp.PhaseOptimizer$NamedPass process
INFO: renameVars
Aug 26, 2019 8:29:37 PM com.google.javascript.jscomp.PhaseOptimizer$NamedPass process
INFO: renameLabels
Aug 26, 2019 8:29:37 PM com.google.javascript.jscomp.PhaseOptimizer$NamedPass process
INFO: sanityCheckVars
* Finished com.google.javascript.jscomp.CompilerRunnerTest#testTypeCheckOverride1
* Started com.google.javascript.jscomp.CompilerRunnerTest#testTypeCheckOverride2
Aug 26, 2019 8:29:37 PM com.google.javascript.jscomp.PhaseOptimizer$NamedPass process
INFO: suspiciousCode
Aug 26, 2019 8:29:37 PM com.google.javascript.jscomp.PhaseOptimizer$NamedPass process
INFO: checkControlStructures
Aug 26, 2019 8:29:37 PM com.google.javascript.jscomp.PhaseOptimizer$NamedPass process
INFO: processProvidesAndRequires
Aug 26, 2019 8:29:37 PM com.google.javascript.jscomp.PhaseOptimizer$NamedPass process
INFO: renameCssNames
Aug 26, 2019 8:29:37 PM com.google.javascript.jscomp.PhaseOptimizer$NamedPass process
INFO: checkVars
Aug 26, 2019 8:29:37 PM com.google.javascript.jscomp.PhaseOptimizer$NamedPass process
INFO: checkControlFlow
Aug 26, 2019 8:29:37 PM com.google.javascript.jscomp.PhaseOptimizer$NamedPass process
INFO: processDefines
Aug 26, 2019 8:29:37 PM com.google.javascript.jscomp.Compiler normalize
INFO: Normalizing
Aug 26, 2019 8:29:37 PM com.google.javascript.jscomp.PhaseOptimizer$NamedPass process
INFO: beforeStandardOptimizations
Aug 26, 2019 8:29:37 PM com.google.javascript.jscomp.PhaseOptimizer$NamedPass process
INFO: optimizeArgumentsArray
Aug 26, 2019 8:29:37 PM com.google.javascript.jscomp.PhaseOptimizer$NamedPass process
INFO: removeAbstractMethods
Aug 26, 2019 8:29:37 PM com.google.javascript.jscomp.PhaseOptimizer$NamedPass process
INFO: beforeMainOptimizations
Aug 26, 2019 8:29:37 PM com.google.javascript.jscomp.PhaseOptimizer$NamedPass process
INFO: removeConstantExpressions
Aug 26, 2019 8:29:37 PM com.google.javascript.jscomp.PhaseOptimizer$NamedPass process
INFO: removeUnreachableCode
Aug 26, 2019 8:29:37 PM com.google.javascript.jscomp.PhaseOptimizer$NamedPass process
INFO: removeUnusedVars
Aug 26, 2019 8:29:37 PM com.google.javascript.jscomp.PhaseOptimizer$NamedPass process
INFO: foldConstants
Aug 26, 2019 8:29:37 PM com.google.javascript.jscomp.PhaseOptimizer$NamedPass process
INFO: deadAssignmentsElimination
Aug 26, 2019 8:29:37 PM com.google.javascript.jscomp.PhaseOptimizer$NamedPass process
INFO: inlineVariables
Aug 26, 2019 8:29:37 PM com.google.javascript.jscomp.PhaseOptimizer$NamedPass process
INFO: minimizeExitPoints
Aug 26, 2019 8:29:37 PM com.google.javascript.jscomp.PhaseOptimizer$NamedPass process
INFO: beforeModuleMotion
Aug 26, 2019 8:29:37 PM com.google.javascript.jscomp.PhaseOptimizer$NamedPass process
INFO: afterModuleMotion
Aug 26, 2019 8:29:37 PM com.google.javascript.jscomp.PhaseOptimizer$NamedPass process
INFO: extractPrototypeMemberDeclarations
Aug 26, 2019 8:29:37 PM com.google.javascript.jscomp.PhaseOptimizer$NamedPass process
INFO: coalesceVariableNames
Aug 26, 2019 8:29:37 PM com.google.javascript.jscomp.PhaseOptimizer$NamedPass process
INFO: convertToDottedProperties
Aug 26, 2019 8:29:37 PM com.google.javascript.jscomp.PhaseOptimizer$NamedPass process
INFO: collapseVariableDeclarations
Aug 26, 2019 8:29:37 PM com.google.javascript.jscomp.PhaseOptimizer$NamedPass process
INFO: denormalize
Aug 26, 2019 8:29:37 PM com.google.javascript.jscomp.PhaseOptimizer$NamedPass process
INFO: invertNames
Aug 26, 2019 8:29:37 PM com.google.javascript.jscomp.PhaseOptimizer$NamedPass process
INFO: renameVars
Aug 26, 2019 8:29:37 PM com.google.javascript.jscomp.PhaseOptimizer$NamedPass process
INFO: renameLabels
Aug 26, 2019 8:29:37 PM com.google.javascript.jscomp.PhaseOptimizer$NamedPass process
INFO: suspiciousCode
Aug 26, 2019 8:29:37 PM com.google.javascript.jscomp.PhaseOptimizer$NamedPass process
INFO: checkControlStructures
Aug 26, 2019 8:29:37 PM com.google.javascript.jscomp.PhaseOptimizer$NamedPass process
INFO: processProvidesAndRequires
Aug 26, 2019 8:29:37 PM com.google.javascript.jscomp.PhaseOptimizer$NamedPass process
INFO: renameCssNames
Aug 26, 2019 8:29:37 PM com.google.javascript.jscomp.PhaseOptimizer$NamedPass process
INFO: checkVars
Aug 26, 2019 8:29:37 PM com.google.javascript.jscomp.PhaseOptimizer$NamedPass process
INFO: resolveTypes
Aug 26, 2019 8:29:37 PM com.google.javascript.jscomp.PhaseOptimizer$NamedPass process
INFO: inferTypes
Aug 26, 2019 8:29:37 PM com.google.javascript.jscomp.PhaseOptimizer$NamedPass process
INFO: checkTypes
Aug 26, 2019 8:29:37 PM com.google.javascript.jscomp.PhaseOptimizer$NamedPass process
INFO: checkControlFlow
Aug 26, 2019 8:29:37 PM com.google.javascript.jscomp.PhaseOptimizer$NamedPass process
INFO: processDefines
Aug 26, 2019 8:29:37 PM com.google.javascript.jscomp.Compiler normalize
INFO: Normalizing
Aug 26, 2019 8:29:37 PM com.google.javascript.jscomp.PhaseOptimizer$NamedPass process
INFO: beforeStandardOptimizations
Aug 26, 2019 8:29:37 PM com.google.javascript.jscomp.PhaseOptimizer$NamedPass process
INFO: optimizeArgumentsArray
Aug 26, 2019 8:29:37 PM com.google.javascript.jscomp.PhaseOptimizer$NamedPass process
INFO: removeAbstractMethods
Aug 26, 2019 8:29:37 PM com.google.javascript.jscomp.PhaseOptimizer$NamedPass process
INFO: beforeMainOptimizations
Aug 26, 2019 8:29:37 PM com.google.javascript.jscomp.PhaseOptimizer$NamedPass process
INFO: removeConstantExpressions
Aug 26, 2019 8:29:37 PM com.google.javascript.jscomp.PhaseOptimizer$NamedPass process
INFO: removeUnreachableCode
Aug 26, 2019 8:29:37 PM com.google.javascript.jscomp.PhaseOptimizer$NamedPass process
INFO: removeUnusedVars
Aug 26, 2019 8:29:37 PM com.google.javascript.jscomp.PhaseOptimizer$NamedPass process
INFO: foldConstants
Aug 26, 2019 8:29:37 PM com.google.javascript.jscomp.PhaseOptimizer$NamedPass process
INFO: deadAssignmentsElimination
Aug 26, 2019 8:29:37 PM com.google.javascript.jscomp.PhaseOptimizer$NamedPass process
INFO: inlineVariables
Aug 26, 2019 8:29:37 PM com.google.javascript.jscomp.PhaseOptimizer$NamedPass process
INFO: minimizeExitPoints
Aug 26, 2019 8:29:37 PM com.google.javascript.jscomp.PhaseOptimizer$NamedPass process
INFO: beforeModuleMotion
Aug 26, 2019 8:29:37 PM com.google.javascript.jscomp.PhaseOptimizer$NamedPass process
INFO: afterModuleMotion
Aug 26, 2019 8:29:37 PM com.google.javascript.jscomp.PhaseOptimizer$NamedPass process
INFO: extractPrototypeMemberDeclarations
Aug 26, 2019 8:29:37 PM com.google.javascript.jscomp.PhaseOptimizer$NamedPass process
INFO: coalesceVariableNames
Aug 26, 2019 8:29:37 PM com.google.javascript.jscomp.PhaseOptimizer$NamedPass process
INFO: convertToDottedProperties
Aug 26, 2019 8:29:37 PM com.google.javascript.jscomp.PhaseOptimizer$NamedPass process
INFO: collapseVariableDeclarations
Aug 26, 2019 8:29:37 PM com.google.javascript.jscomp.PhaseOptimizer$NamedPass process
INFO: denormalize
Aug 26, 2019 8:29:37 PM com.google.javascript.jscomp.PhaseOptimizer$NamedPass process
INFO: invertNames
Aug 26, 2019 8:29:37 PM com.google.javascript.jscomp.PhaseOptimizer$NamedPass process
INFO: renameVars
Aug 26, 2019 8:29:37 PM com.google.javascript.jscomp.PhaseOptimizer$NamedPass process
INFO: renameLabels
i0:1: WARNING - Function x.f: called with 1 argument(s). Function requires at least 0 argument(s) and no more than 0 argument(s).

0 error(s), 1 warning(s), 100.0% typed
* Finished com.google.javascript.jscomp.CompilerRunnerTest#testTypeCheckOverride2
* Started com.google.javascript.jscomp.CompilerRunnerTest#testCheckSymbolsOffForDefault
Aug 26, 2019 8:29:37 PM com.google.javascript.jscomp.PhaseOptimizer$NamedPass process
INFO: suspiciousCode
Aug 26, 2019 8:29:37 PM com.google.javascript.jscomp.PhaseOptimizer$NamedPass process
INFO: checkControlStructures
Aug 26, 2019 8:29:37 PM com.google.javascript.jscomp.PhaseOptimizer$NamedPass process
INFO: processProvidesAndRequires
Aug 26, 2019 8:29:37 PM com.google.javascript.jscomp.PhaseOptimizer$NamedPass process
INFO: renameCssNames
Aug 26, 2019 8:29:37 PM com.google.javascript.jscomp.PhaseOptimizer$NamedPass process
INFO: checkVars
Aug 26, 2019 8:29:37 PM com.google.javascript.jscomp.PhaseOptimizer$NamedPass process
INFO: checkControlFlow
Aug 26, 2019 8:29:37 PM com.google.javascript.jscomp.PhaseOptimizer$NamedPass process
INFO: processDefines
Aug 26, 2019 8:29:37 PM com.google.javascript.jscomp.Compiler normalize
INFO: Normalizing
Aug 26, 2019 8:29:37 PM com.google.javascript.jscomp.PhaseOptimizer$NamedPass process
INFO: beforeStandardOptimizations
Aug 26, 2019 8:29:37 PM com.google.javascript.jscomp.PhaseOptimizer$NamedPass process
INFO: optimizeArgumentsArray
Aug 26, 2019 8:29:37 PM com.google.javascript.jscomp.PhaseOptimizer$NamedPass process
INFO: removeAbstractMethods
Aug 26, 2019 8:29:37 PM com.google.javascript.jscomp.PhaseOptimizer$NamedPass process
INFO: beforeMainOptimizations
Aug 26, 2019 8:29:37 PM com.google.javascript.jscomp.PhaseOptimizer$NamedPass process
INFO: removeConstantExpressions
Aug 26, 2019 8:29:37 PM com.google.javascript.jscomp.PhaseOptimizer$NamedPass process
INFO: removeUnreachableCode
Aug 26, 2019 8:29:37 PM com.google.javascript.jscomp.PhaseOptimizer$NamedPass process
INFO: removeUnusedVars
Aug 26, 2019 8:29:37 PM com.google.javascript.jscomp.PhaseOptimizer$NamedPass process
INFO: foldConstants
Aug 26, 2019 8:29:37 PM com.google.javascript.jscomp.PhaseOptimizer$NamedPass process
INFO: deadAssignmentsElimination
Aug 26, 2019 8:29:37 PM com.google.javascript.jscomp.PhaseOptimizer$NamedPass process
INFO: inlineVariables
Aug 26, 2019 8:29:37 PM com.google.javascript.jscomp.PhaseOptimizer$NamedPass process
INFO: minimizeExitPoints
Aug 26, 2019 8:29:37 PM com.google.javascript.jscomp.PhaseOptimizer$NamedPass process
INFO: beforeModuleMotion
Aug 26, 2019 8:29:37 PM com.google.javascript.jscomp.PhaseOptimizer$NamedPass process
INFO: afterModuleMotion
Aug 26, 2019 8:29:37 PM com.google.javascript.jscomp.PhaseOptimizer$NamedPass process
INFO: extractPrototypeMemberDeclarations
Aug 26, 2019 8:29:37 PM com.google.javascript.jscomp.PhaseOptimizer$NamedPass process
INFO: coalesceVariableNames
Aug 26, 2019 8:29:37 PM com.google.javascript.jscomp.PhaseOptimizer$NamedPass process
INFO: convertToDottedProperties
Aug 26, 2019 8:29:37 PM com.google.javascript.jscomp.PhaseOptimizer$NamedPass process
INFO: collapseVariableDeclarations
Aug 26, 2019 8:29:37 PM com.google.javascript.jscomp.PhaseOptimizer$NamedPass process
INFO: denormalize
Aug 26, 2019 8:29:37 PM com.google.javascript.jscomp.PhaseOptimizer$NamedPass process
INFO: invertNames
Aug 26, 2019 8:29:37 PM com.google.javascript.jscomp.PhaseOptimizer$NamedPass process
INFO: renameVars
Aug 26, 2019 8:29:37 PM com.google.javascript.jscomp.PhaseOptimizer$NamedPass process
INFO: renameLabels
* Finished com.google.javascript.jscomp.CompilerRunnerTest#testCheckSymbolsOffForDefault
* Started com.google.javascript.jscomp.CompilerRunnerTest#testScriptStrictModeNoWarning
Aug 26, 2019 8:29:37 PM com.google.javascript.jscomp.PhaseOptimizer$NamedPass process
INFO: suspiciousCode
Aug 26, 2019 8:29:37 PM com.google.javascript.jscomp.PhaseOptimizer$NamedPass process
INFO: checkControlStructures
Aug 26, 2019 8:29:37 PM com.google.javascript.jscomp.PhaseOptimizer$NamedPass process
INFO: processProvidesAndRequires
Aug 26, 2019 8:29:37 PM com.google.javascript.jscomp.PhaseOptimizer$NamedPass process
INFO: renameCssNames
Aug 26, 2019 8:29:37 PM com.google.javascript.jscomp.PhaseOptimizer$NamedPass process
INFO: checkVars
Aug 26, 2019 8:29:37 PM com.google.javascript.jscomp.PhaseOptimizer$NamedPass process
INFO: checkControlFlow
Aug 26, 2019 8:29:37 PM com.google.javascript.jscomp.PhaseOptimizer$NamedPass process
INFO: processDefines
Aug 26, 2019 8:29:37 PM com.google.javascript.jscomp.Compiler normalize
INFO: Normalizing
Aug 26, 2019 8:29:37 PM com.google.javascript.jscomp.PhaseOptimizer$NamedPass process
INFO: beforeStandardOptimizations
Aug 26, 2019 8:29:37 PM com.google.javascript.jscomp.PhaseOptimizer$NamedPass process
INFO: optimizeArgumentsArray
Aug 26, 2019 8:29:37 PM com.google.javascript.jscomp.PhaseOptimizer$NamedPass process
INFO: removeAbstractMethods
Aug 26, 2019 8:29:37 PM com.google.javascript.jscomp.PhaseOptimizer$NamedPass process
INFO: beforeMainOptimizations
Aug 26, 2019 8:29:37 PM com.google.javascript.jscomp.PhaseOptimizer$NamedPass process
INFO: removeConstantExpressions
Aug 26, 2019 8:29:37 PM com.google.javascript.jscomp.PhaseOptimizer$NamedPass process
INFO: removeUnreachableCode
Aug 26, 2019 8:29:37 PM com.google.javascript.jscomp.PhaseOptimizer$NamedPass process
INFO: removeUnusedVars
Aug 26, 2019 8:29:37 PM com.google.javascript.jscomp.PhaseOptimizer$NamedPass process
INFO: foldConstants
Aug 26, 2019 8:29:37 PM com.google.javascript.jscomp.PhaseOptimizer$NamedPass process
INFO: deadAssignmentsElimination
Aug 26, 2019 8:29:37 PM com.google.javascript.jscomp.PhaseOptimizer$NamedPass process
INFO: inlineVariables
Aug 26, 2019 8:29:37 PM com.google.javascript.jscomp.PhaseOptimizer$NamedPass process
INFO: minimizeExitPoints
Aug 26, 2019 8:29:37 PM com.google.javascript.jscomp.PhaseOptimizer$NamedPass process
INFO: beforeModuleMotion
Aug 26, 2019 8:29:37 PM com.google.javascript.jscomp.PhaseOptimizer$NamedPass process
INFO: afterModuleMotion
Aug 26, 2019 8:29:37 PM com.google.javascript.jscomp.PhaseOptimizer$NamedPass process
INFO: extractPrototypeMemberDeclarations
Aug 26, 2019 8:29:37 PM com.google.javascript.jscomp.PhaseOptimizer$NamedPass process
INFO: coalesceVariableNames
Aug 26, 2019 8:29:37 PM com.google.javascript.jscomp.PhaseOptimizer$NamedPass process
INFO: convertToDottedProperties
Aug 26, 2019 8:29:37 PM com.google.javascript.jscomp.PhaseOptimizer$NamedPass process
INFO: collapseVariableDeclarations
Aug 26, 2019 8:29:37 PM com.google.javascript.jscomp.PhaseOptimizer$NamedPass process
INFO: denormalize
Aug 26, 2019 8:29:37 PM com.google.javascript.jscomp.PhaseOptimizer$NamedPass process
INFO: invertNames
Aug 26, 2019 8:29:37 PM com.google.javascript.jscomp.PhaseOptimizer$NamedPass process
INFO: renameVars
Aug 26, 2019 8:29:37 PM com.google.javascript.jscomp.PhaseOptimizer$NamedPass process
INFO: renameLabels
Aug 26, 2019 8:29:37 PM com.google.javascript.jscomp.PhaseOptimizer$NamedPass process
INFO: suspiciousCode
Aug 26, 2019 8:29:37 PM com.google.javascript.jscomp.PhaseOptimizer$NamedPass process
INFO: checkControlStructures
Aug 26, 2019 8:29:37 PM com.google.javascript.jscomp.PhaseOptimizer$NamedPass process
INFO: processProvidesAndRequires
Aug 26, 2019 8:29:37 PM com.google.javascript.jscomp.PhaseOptimizer$NamedPass process
INFO: renameCssNames
Aug 26, 2019 8:29:37 PM com.google.javascript.jscomp.PhaseOptimizer$NamedPass process
INFO: checkVars
Aug 26, 2019 8:29:37 PM com.google.javascript.jscomp.PhaseOptimizer$NamedPass process
INFO: checkControlFlow
Aug 26, 2019 8:29:37 PM com.google.javascript.jscomp.PhaseOptimizer$NamedPass process
INFO: processDefines
Aug 26, 2019 8:29:37 PM com.google.javascript.jscomp.Compiler normalize
INFO: Normalizing
Aug 26, 2019 8:29:37 PM com.google.javascript.jscomp.PhaseOptimizer$NamedPass process
INFO: beforeStandardOptimizations
Aug 26, 2019 8:29:37 PM com.google.javascript.jscomp.PhaseOptimizer$NamedPass process
INFO: optimizeArgumentsArray
Aug 26, 2019 8:29:37 PM com.google.javascript.jscomp.PhaseOptimizer$NamedPass process
INFO: removeAbstractMethods
Aug 26, 2019 8:29:37 PM com.google.javascript.jscomp.PhaseOptimizer$NamedPass process
INFO: beforeMainOptimizations
Aug 26, 2019 8:29:37 PM com.google.javascript.jscomp.PhaseOptimizer$NamedPass process
INFO: removeConstantExpressions
Aug 26, 2019 8:29:37 PM com.google.javascript.jscomp.PhaseOptimizer$NamedPass process
INFO: removeUnreachableCode
Aug 26, 2019 8:29:37 PM com.google.javascript.jscomp.PhaseOptimizer$NamedPass process
INFO: removeUnusedVars
Aug 26, 2019 8:29:37 PM com.google.javascript.jscomp.PhaseOptimizer$NamedPass process
INFO: foldConstants
Aug 26, 2019 8:29:37 PM com.google.javascript.jscomp.PhaseOptimizer$NamedPass process
INFO: deadAssignmentsElimination
Aug 26, 2019 8:29:37 PM com.google.javascript.jscomp.PhaseOptimizer$NamedPass process
INFO: inlineVariables
Aug 26, 2019 8:29:37 PM com.google.javascript.jscomp.PhaseOptimizer$NamedPass process
INFO: minimizeExitPoints
Aug 26, 2019 8:29:37 PM com.google.javascript.jscomp.PhaseOptimizer$NamedPass process
INFO: removeConstantExpressions
Aug 26, 2019 8:29:37 PM com.google.javascript.jscomp.PhaseOptimizer$NamedPass process
INFO: removeUnreachableCode
Aug 26, 2019 8:29:37 PM com.google.javascript.jscomp.PhaseOptimizer$NamedPass process
INFO: removeUnusedVars
Aug 26, 2019 8:29:37 PM com.google.javascript.jscomp.PhaseOptimizer$NamedPass process
INFO: foldConstants
Aug 26, 2019 8:29:37 PM com.google.javascript.jscomp.PhaseOptimizer$NamedPass process
INFO: deadAssignmentsElimination
Aug 26, 2019 8:29:37 PM com.google.javascript.jscomp.PhaseOptimizer$NamedPass process
INFO: inlineVariables
Aug 26, 2019 8:29:37 PM com.google.javascript.jscomp.PhaseOptimizer$NamedPass process
INFO: minimizeExitPoints
Aug 26, 2019 8:29:37 PM com.google.javascript.jscomp.PhaseOptimizer$NamedPass process
INFO: beforeModuleMotion
Aug 26, 2019 8:29:37 PM com.google.javascript.jscomp.PhaseOptimizer$NamedPass process
INFO: afterModuleMotion
Aug 26, 2019 8:29:37 PM com.google.javascript.jscomp.PhaseOptimizer$NamedPass process
INFO: extractPrototypeMemberDeclarations
Aug 26, 2019 8:29:37 PM com.google.javascript.jscomp.PhaseOptimizer$NamedPass process
INFO: coalesceVariableNames
Aug 26, 2019 8:29:37 PM com.google.javascript.jscomp.PhaseOptimizer$NamedPass process
INFO: convertToDottedProperties
Aug 26, 2019 8:29:37 PM com.google.javascript.jscomp.PhaseOptimizer$NamedPass process
INFO: collapseVariableDeclarations
Aug 26, 2019 8:29:37 PM com.google.javascript.jscomp.PhaseOptimizer$NamedPass process
INFO: denormalize
Aug 26, 2019 8:29:37 PM com.google.javascript.jscomp.PhaseOptimizer$NamedPass process
INFO: invertNames
Aug 26, 2019 8:29:37 PM com.google.javascript.jscomp.PhaseOptimizer$NamedPass process
INFO: renameVars
Aug 26, 2019 8:29:37 PM com.google.javascript.jscomp.PhaseOptimizer$NamedPass process
INFO: renameLabels
i0:1: WARNING - Suspicious code. Is there a missing '+' on the previous line?

0 error(s), 1 warning(s)
* Finished com.google.javascript.jscomp.CompilerRunnerTest#testScriptStrictModeNoWarning
* Started com.google.javascript.jscomp.CompilerRunnerTest#testDuplicateParams
i0:1: ERROR - Parse error. Duplicate parameter name "a".

1 error(s), 0 warning(s)
* Finished com.google.javascript.jscomp.CompilerRunnerTest#testDuplicateParams
* Started com.google.javascript.jscomp.CompilerRunnerTest#testCheckSymbolsOnForVerbose
Aug 26, 2019 8:29:37 PM com.google.javascript.jscomp.PhaseOptimizer$NamedPass process
INFO: suspiciousCode
Aug 26, 2019 8:29:37 PM com.google.javascript.jscomp.PhaseOptimizer$NamedPass process
INFO: checkControlStructures
Aug 26, 2019 8:29:37 PM com.google.javascript.jscomp.PhaseOptimizer$NamedPass process
INFO: processProvidesAndRequires
Aug 26, 2019 8:29:37 PM com.google.javascript.jscomp.PhaseOptimizer$NamedPass process
INFO: renameCssNames
Aug 26, 2019 8:29:37 PM com.google.javascript.jscomp.PhaseOptimizer$NamedPass process
INFO: checkVars
i0:1: ERROR - variable x is undefined

1 error(s), 0 warning(s)
Aug 26, 2019 8:29:37 PM com.google.javascript.jscomp.PhaseOptimizer$NamedPass process
INFO: suspiciousCode
Aug 26, 2019 8:29:37 PM com.google.javascript.jscomp.PhaseOptimizer$NamedPass process
INFO: checkControlStructures
Aug 26, 2019 8:29:37 PM com.google.javascript.jscomp.PhaseOptimizer$NamedPass process
INFO: processProvidesAndRequires
Aug 26, 2019 8:29:37 PM com.google.javascript.jscomp.PhaseOptimizer$NamedPass process
INFO: renameCssNames
Aug 26, 2019 8:29:37 PM com.google.javascript.jscomp.PhaseOptimizer$NamedPass process
INFO: checkVars
i0:1: ERROR - Variable y first declared in i0

1 error(s), 0 warning(s)
* Finished com.google.javascript.jscomp.CompilerRunnerTest#testCheckSymbolsOnForVerbose
* Started com.google.javascript.jscomp.CompilerRunnerTest#testTypeCheckingOnWithVerbose
Aug 26, 2019 8:29:37 PM com.google.javascript.jscomp.PhaseOptimizer$NamedPass process
INFO: suspiciousCode
Aug 26, 2019 8:29:37 PM com.google.javascript.jscomp.PhaseOptimizer$NamedPass process
INFO: checkControlStructures
Aug 26, 2019 8:29:37 PM com.google.javascript.jscomp.PhaseOptimizer$NamedPass process
INFO: processProvidesAndRequires
Aug 26, 2019 8:29:37 PM com.google.javascript.jscomp.PhaseOptimizer$NamedPass process
INFO: renameCssNames
Aug 26, 2019 8:29:37 PM com.google.javascript.jscomp.PhaseOptimizer$NamedPass process
INFO: checkVars
Aug 26, 2019 8:29:37 PM com.google.javascript.jscomp.PhaseOptimizer$NamedPass process
INFO: checkVariableReferences
Aug 26, 2019 8:29:37 PM com.google.javascript.jscomp.PhaseOptimizer$NamedPass process
INFO: resolveTypes
Aug 26, 2019 8:29:37 PM com.google.javascript.jscomp.PhaseOptimizer$NamedPass process
INFO: inferTypes
Aug 26, 2019 8:29:37 PM com.google.javascript.jscomp.PhaseOptimizer$NamedPass process
INFO: checkTypes
Aug 26, 2019 8:29:37 PM com.google.javascript.jscomp.PhaseOptimizer$NamedPass process
INFO: checkControlFlow
Aug 26, 2019 8:29:37 PM com.google.javascript.jscomp.PhaseOptimizer$NamedPass process
INFO: Check names
Aug 26, 2019 8:29:37 PM com.google.javascript.jscomp.PhaseOptimizer$NamedPass process
INFO: processDefines
Aug 26, 2019 8:29:37 PM com.google.javascript.jscomp.Compiler normalize
INFO: Normalizing
Aug 26, 2019 8:29:37 PM com.google.javascript.jscomp.PhaseOptimizer$NamedPass process
INFO: beforeStandardOptimizations
Aug 26, 2019 8:29:37 PM com.google.javascript.jscomp.PhaseOptimizer$NamedPass process
INFO: optimizeArgumentsArray
Aug 26, 2019 8:29:37 PM com.google.javascript.jscomp.PhaseOptimizer$NamedPass process
INFO: removeAbstractMethods
Aug 26, 2019 8:29:37 PM com.google.javascript.jscomp.PhaseOptimizer$NamedPass process
INFO: beforeMainOptimizations
Aug 26, 2019 8:29:37 PM com.google.javascript.jscomp.PhaseOptimizer$NamedPass process
INFO: removeConstantExpressions
Aug 26, 2019 8:29:37 PM com.google.javascript.jscomp.PhaseOptimizer$NamedPass process
INFO: removeUnreachableCode
Aug 26, 2019 8:29:37 PM com.google.javascript.jscomp.PhaseOptimizer$NamedPass process
INFO: removeUnusedVars
Aug 26, 2019 8:29:37 PM com.google.javascript.jscomp.PhaseOptimizer$NamedPass process
INFO: foldConstants
Aug 26, 2019 8:29:37 PM com.google.javascript.jscomp.PhaseOptimizer$NamedPass process
INFO: deadAssignmentsElimination
Aug 26, 2019 8:29:37 PM com.google.javascript.jscomp.PhaseOptimizer$NamedPass process
INFO: inlineVariables
Aug 26, 2019 8:29:37 PM com.google.javascript.jscomp.PhaseOptimizer$NamedPass process
INFO: minimizeExitPoints
Aug 26, 2019 8:29:37 PM com.google.javascript.jscomp.PhaseOptimizer$NamedPass process
INFO: beforeModuleMotion
Aug 26, 2019 8:29:37 PM com.google.javascript.jscomp.PhaseOptimizer$NamedPass process
INFO: afterModuleMotion
Aug 26, 2019 8:29:37 PM com.google.javascript.jscomp.PhaseOptimizer$NamedPass process
INFO: extractPrototypeMemberDeclarations
Aug 26, 2019 8:29:37 PM com.google.javascript.jscomp.PhaseOptimizer$NamedPass process
INFO: coalesceVariableNames
Aug 26, 2019 8:29:37 PM com.google.javascript.jscomp.PhaseOptimizer$NamedPass process
INFO: convertToDottedProperties
Aug 26, 2019 8:29:37 PM com.google.javascript.jscomp.PhaseOptimizer$NamedPass process
INFO: collapseVariableDeclarations
Aug 26, 2019 8:29:37 PM com.google.javascript.jscomp.PhaseOptimizer$NamedPass process
INFO: denormalize
Aug 26, 2019 8:29:37 PM com.google.javascript.jscomp.PhaseOptimizer$NamedPass process
INFO: invertNames
Aug 26, 2019 8:29:37 PM com.google.javascript.jscomp.PhaseOptimizer$NamedPass process
INFO: renameVars
Aug 26, 2019 8:29:37 PM com.google.javascript.jscomp.PhaseOptimizer$NamedPass process
INFO: renameLabels
Aug 26, 2019 8:29:37 PM com.google.javascript.jscomp.PhaseOptimizer$NamedPass process
INFO: sanityCheckVars
i0:1: WARNING - Function f: called with 0 argument(s). Function requires at least 1 argument(s) and no more than 1 argument(s).

0 error(s), 1 warning(s), 66.7% typed
* Finished com.google.javascript.jscomp.CompilerRunnerTest#testTypeCheckingOnWithVerbose
* Started com.google.javascript.jscomp.CompilerRunnerTest#testTypeCheckingOffByDefault
* Finished com.google.javascript.jscomp.CompilerRunnerTest#testTypeCheckingOffByDefault
* Started com.google.javascript.jscomp.CompilerRunnerTest#testCheckSymbolsOverrideForVerbose
Aug 26, 2019 8:29:37 PM com.google.javascript.jscomp.PhaseOptimizer$NamedPass process
INFO: suspiciousCode
Aug 26, 2019 8:29:37 PM com.google.javascript.jscomp.PhaseOptimizer$NamedPass process
INFO: checkControlStructures
Aug 26, 2019 8:29:37 PM com.google.javascript.jscomp.PhaseOptimizer$NamedPass process
INFO: processProvidesAndRequires
Aug 26, 2019 8:29:37 PM com.google.javascript.jscomp.PhaseOptimizer$NamedPass process
INFO: renameCssNames
Aug 26, 2019 8:29:37 PM com.google.javascript.jscomp.PhaseOptimizer$NamedPass process
INFO: checkVars
Aug 26, 2019 8:29:37 PM com.google.javascript.jscomp.PhaseOptimizer$NamedPass process
INFO: checkVariableReferences
Aug 26, 2019 8:29:37 PM com.google.javascript.jscomp.PhaseOptimizer$NamedPass process
INFO: resolveTypes
Aug 26, 2019 8:29:37 PM com.google.javascript.jscomp.PhaseOptimizer$NamedPass process
INFO: inferTypes
Aug 26, 2019 8:29:37 PM com.google.javascript.jscomp.PhaseOptimizer$NamedPass process
INFO: checkTypes
Aug 26, 2019 8:29:37 PM com.google.javascript.jscomp.PhaseOptimizer$NamedPass process
INFO: checkControlFlow
Aug 26, 2019 8:29:37 PM com.google.javascript.jscomp.PhaseOptimizer$NamedPass process
INFO: Check names
Aug 26, 2019 8:29:37 PM com.google.javascript.jscomp.PhaseOptimizer$NamedPass process
INFO: processDefines
Aug 26, 2019 8:29:37 PM com.google.javascript.jscomp.Compiler normalize
INFO: Normalizing
Aug 26, 2019 8:29:37 PM com.google.javascript.jscomp.PhaseOptimizer$NamedPass process
INFO: beforeStandardOptimizations
Aug 26, 2019 8:29:37 PM com.google.javascript.jscomp.PhaseOptimizer$NamedPass process
INFO: optimizeArgumentsArray
Aug 26, 2019 8:29:37 PM com.google.javascript.jscomp.PhaseOptimizer$NamedPass process
INFO: removeAbstractMethods
Aug 26, 2019 8:29:37 PM com.google.javascript.jscomp.PhaseOptimizer$NamedPass process
INFO: beforeMainOptimizations
Aug 26, 2019 8:29:37 PM com.google.javascript.jscomp.PhaseOptimizer$NamedPass process
INFO: removeConstantExpressions
Aug 26, 2019 8:29:37 PM com.google.javascript.jscomp.PhaseOptimizer$NamedPass process
INFO: removeUnreachableCode
Aug 26, 2019 8:29:37 PM com.google.javascript.jscomp.PhaseOptimizer$NamedPass process
INFO: removeUnusedVars
Aug 26, 2019 8:29:37 PM com.google.javascript.jscomp.PhaseOptimizer$NamedPass process
INFO: foldConstants
Aug 26, 2019 8:29:37 PM com.google.javascript.jscomp.PhaseOptimizer$NamedPass process
INFO: deadAssignmentsElimination
Aug 26, 2019 8:29:37 PM com.google.javascript.jscomp.PhaseOptimizer$NamedPass process
INFO: inlineVariables
Aug 26, 2019 8:29:37 PM com.google.javascript.jscomp.PhaseOptimizer$NamedPass process
INFO: minimizeExitPoints
Aug 26, 2019 8:29:37 PM com.google.javascript.jscomp.PhaseOptimizer$NamedPass process
INFO: beforeModuleMotion
Aug 26, 2019 8:29:37 PM com.google.javascript.jscomp.PhaseOptimizer$NamedPass process
INFO: afterModuleMotion
Aug 26, 2019 8:29:37 PM com.google.javascript.jscomp.PhaseOptimizer$NamedPass process
INFO: extractPrototypeMemberDeclarations
Aug 26, 2019 8:29:37 PM com.google.javascript.jscomp.PhaseOptimizer$NamedPass process
INFO: coalesceVariableNames
Aug 26, 2019 8:29:37 PM com.google.javascript.jscomp.PhaseOptimizer$NamedPass process
INFO: convertToDottedProperties
Aug 26, 2019 8:29:37 PM com.google.javascript.jscomp.PhaseOptimizer$NamedPass process
INFO: collapseVariableDeclarations
Aug 26, 2019 8:29:37 PM com.google.javascript.jscomp.PhaseOptimizer$NamedPass process
INFO: denormalize
Aug 26, 2019 8:29:37 PM com.google.javascript.jscomp.PhaseOptimizer$NamedPass process
INFO: invertNames
Aug 26, 2019 8:29:37 PM com.google.javascript.jscomp.PhaseOptimizer$NamedPass process
INFO: renameVars
Aug 26, 2019 8:29:37 PM com.google.javascript.jscomp.PhaseOptimizer$NamedPass process
INFO: renameLabels
Aug 26, 2019 8:29:37 PM com.google.javascript.jscomp.PhaseOptimizer$NamedPass process
INFO: sanityCheckVars
* Finished com.google.javascript.jscomp.CompilerRunnerTest#testCheckSymbolsOverrideForVerbose
* Started com.google.javascript.jscomp.CompilerRunnerTest#testIssue70
i0:1: ERROR - Parse error. destructuring assignment forbidden

1 error(s), 0 warning(s)
* Finished com.google.javascript.jscomp.CompilerRunnerTest#testIssue70
* Started com.google.javascript.jscomp.CompilerRunnerTest#testIssue81
* Finished com.google.javascript.jscomp.CompilerRunnerTest#testIssue81
* Started com.google.javascript.jscomp.CompilerRunnerTest#testDebugFlag1
Aug 26, 2019 8:29:37 PM com.google.javascript.jscomp.PhaseOptimizer$NamedPass process
INFO: suspiciousCode
Aug 26, 2019 8:29:37 PM com.google.javascript.jscomp.PhaseOptimizer$NamedPass process
INFO: checkControlStructures
Aug 26, 2019 8:29:37 PM com.google.javascript.jscomp.PhaseOptimizer$NamedPass process
INFO: processProvidesAndRequires
Aug 26, 2019 8:29:37 PM com.google.javascript.jscomp.PhaseOptimizer$NamedPass process
INFO: renameCssNames
Aug 26, 2019 8:29:37 PM com.google.javascript.jscomp.PhaseOptimizer$NamedPass process
INFO: checkVars
Aug 26, 2019 8:29:37 PM com.google.javascript.jscomp.PhaseOptimizer$NamedPass process
INFO: checkVariableReferences
Aug 26, 2019 8:29:37 PM com.google.javascript.jscomp.PhaseOptimizer$NamedPass process
INFO: resolveTypes
Aug 26, 2019 8:29:37 PM com.google.javascript.jscomp.PhaseOptimizer$NamedPass process
INFO: inferTypes
Aug 26, 2019 8:29:37 PM com.google.javascript.jscomp.PhaseOptimizer$NamedPass process
INFO: checkTypes
Aug 26, 2019 8:29:37 PM com.google.javascript.jscomp.PhaseOptimizer$NamedPass process
INFO: checkControlFlow
Aug 26, 2019 8:29:37 PM com.google.javascript.jscomp.PhaseOptimizer$NamedPass process
INFO: Check names
Aug 26, 2019 8:29:37 PM com.google.javascript.jscomp.PhaseOptimizer$NamedPass process
INFO: processDefines
Aug 26, 2019 8:29:37 PM com.google.javascript.jscomp.Compiler normalize
INFO: Normalizing
Aug 26, 2019 8:29:37 PM com.google.javascript.jscomp.PhaseOptimizer$NamedPass process
INFO: beforeStandardOptimizations
Aug 26, 2019 8:29:37 PM com.google.javascript.jscomp.PhaseOptimizer$NamedPass process
INFO: optimizeArgumentsArray
Aug 26, 2019 8:29:37 PM com.google.javascript.jscomp.PhaseOptimizer$NamedPass process
INFO: removeAbstractMethods
Aug 26, 2019 8:29:37 PM com.google.javascript.jscomp.PhaseOptimizer$NamedPass process
INFO: beforeMainOptimizations
Aug 26, 2019 8:29:37 PM com.google.javascript.jscomp.PhaseOptimizer$NamedPass process
INFO: removeConstantExpressions
Aug 26, 2019 8:29:37 PM com.google.javascript.jscomp.PhaseOptimizer$NamedPass process
INFO: removeUnreachableCode
Aug 26, 2019 8:29:37 PM com.google.javascript.jscomp.PhaseOptimizer$NamedPass process
INFO: removeUnusedVars
Aug 26, 2019 8:29:37 PM com.google.javascript.jscomp.PhaseOptimizer$NamedPass process
INFO: foldConstants
Aug 26, 2019 8:29:37 PM com.google.javascript.jscomp.PhaseOptimizer$NamedPass process
INFO: deadAssignmentsElimination
Aug 26, 2019 8:29:37 PM com.google.javascript.jscomp.PhaseOptimizer$NamedPass process
INFO: inlineVariables
Aug 26, 2019 8:29:37 PM com.google.javascript.jscomp.PhaseOptimizer$NamedPass process
INFO: minimizeExitPoints
Aug 26, 2019 8:29:37 PM com.google.javascript.jscomp.PhaseOptimizer$NamedPass process
INFO: beforeModuleMotion
Aug 26, 2019 8:29:37 PM com.google.javascript.jscomp.PhaseOptimizer$NamedPass process
INFO: afterModuleMotion
Aug 26, 2019 8:29:37 PM com.google.javascript.jscomp.PhaseOptimizer$NamedPass process
INFO: extractPrototypeMemberDeclarations
Aug 26, 2019 8:29:37 PM com.google.javascript.jscomp.PhaseOptimizer$NamedPass process
INFO: coalesceVariableNames
Aug 26, 2019 8:29:37 PM com.google.javascript.jscomp.PhaseOptimizer$NamedPass process
INFO: convertToDottedProperties
Aug 26, 2019 8:29:37 PM com.google.javascript.jscomp.PhaseOptimizer$NamedPass process
INFO: collapseVariableDeclarations
Aug 26, 2019 8:29:37 PM com.google.javascript.jscomp.PhaseOptimizer$NamedPass process
INFO: denormalize
Aug 26, 2019 8:29:37 PM com.google.javascript.jscomp.PhaseOptimizer$NamedPass process
INFO: invertNames
Aug 26, 2019 8:29:37 PM com.google.javascript.jscomp.PhaseOptimizer$NamedPass process
INFO: renameVars
Aug 26, 2019 8:29:37 PM com.google.javascript.jscomp.PhaseOptimizer$NamedPass process
INFO: renameLabels
Aug 26, 2019 8:29:37 PM com.google.javascript.jscomp.PhaseOptimizer$NamedPass process
INFO: sanityCheckVars
* Finished com.google.javascript.jscomp.CompilerRunnerTest#testDebugFlag1
* Started com.google.javascript.jscomp.CompilerRunnerTest#testDebugFlag2
Aug 26, 2019 8:29:37 PM com.google.javascript.jscomp.PhaseOptimizer$NamedPass process
INFO: suspiciousCode
Aug 26, 2019 8:29:37 PM com.google.javascript.jscomp.PhaseOptimizer$NamedPass process
INFO: checkControlStructures
Aug 26, 2019 8:29:37 PM com.google.javascript.jscomp.PhaseOptimizer$NamedPass process
INFO: processProvidesAndRequires
Aug 26, 2019 8:29:37 PM com.google.javascript.jscomp.PhaseOptimizer$NamedPass process
INFO: renameCssNames
Aug 26, 2019 8:29:37 PM com.google.javascript.jscomp.PhaseOptimizer$NamedPass process
INFO: checkVars
Aug 26, 2019 8:29:37 PM com.google.javascript.jscomp.PhaseOptimizer$NamedPass process
INFO: checkVariableReferences
Aug 26, 2019 8:29:37 PM com.google.javascript.jscomp.PhaseOptimizer$NamedPass process
INFO: resolveTypes
Aug 26, 2019 8:29:37 PM com.google.javascript.jscomp.PhaseOptimizer$NamedPass process
INFO: inferTypes
Aug 26, 2019 8:29:37 PM com.google.javascript.jscomp.PhaseOptimizer$NamedPass process
INFO: checkTypes
Aug 26, 2019 8:29:37 PM com.google.javascript.jscomp.PhaseOptimizer$NamedPass process
INFO: checkControlFlow
Aug 26, 2019 8:29:37 PM com.google.javascript.jscomp.PhaseOptimizer$NamedPass process
INFO: Check names
Aug 26, 2019 8:29:37 PM com.google.javascript.jscomp.PhaseOptimizer$NamedPass process
INFO: processDefines
Aug 26, 2019 8:29:37 PM com.google.javascript.jscomp.Compiler normalize
INFO: Normalizing
Aug 26, 2019 8:29:37 PM com.google.javascript.jscomp.PhaseOptimizer$NamedPass process
INFO: beforeStandardOptimizations
Aug 26, 2019 8:29:37 PM com.google.javascript.jscomp.PhaseOptimizer$NamedPass process
INFO: optimizeArgumentsArray
Aug 26, 2019 8:29:37 PM com.google.javascript.jscomp.PhaseOptimizer$NamedPass process
INFO: removeAbstractMethods
Aug 26, 2019 8:29:37 PM com.google.javascript.jscomp.PhaseOptimizer$NamedPass process
INFO: beforeMainOptimizations
Aug 26, 2019 8:29:37 PM com.google.javascript.jscomp.PhaseOptimizer$NamedPass process
INFO: removeConstantExpressions
Aug 26, 2019 8:29:37 PM com.google.javascript.jscomp.PhaseOptimizer$NamedPass process
INFO: removeUnreachableCode
Aug 26, 2019 8:29:37 PM com.google.javascript.jscomp.PhaseOptimizer$NamedPass process
INFO: removeUnusedVars
Aug 26, 2019 8:29:37 PM com.google.javascript.jscomp.PhaseOptimizer$NamedPass process
INFO: foldConstants
Aug 26, 2019 8:29:37 PM com.google.javascript.jscomp.PhaseOptimizer$NamedPass process
INFO: deadAssignmentsElimination
Aug 26, 2019 8:29:37 PM com.google.javascript.jscomp.PhaseOptimizer$NamedPass process
INFO: inlineVariables
Aug 26, 2019 8:29:37 PM com.google.javascript.jscomp.PhaseOptimizer$NamedPass process
INFO: minimizeExitPoints
Aug 26, 2019 8:29:37 PM com.google.javascript.jscomp.PhaseOptimizer$NamedPass process
INFO: beforeModuleMotion
Aug 26, 2019 8:29:37 PM com.google.javascript.jscomp.PhaseOptimizer$NamedPass process
INFO: afterModuleMotion
Aug 26, 2019 8:29:37 PM com.google.javascript.jscomp.PhaseOptimizer$NamedPass process
INFO: extractPrototypeMemberDeclarations
Aug 26, 2019 8:29:37 PM com.google.javascript.jscomp.PhaseOptimizer$NamedPass process
INFO: coalesceVariableNames
Aug 26, 2019 8:29:37 PM com.google.javascript.jscomp.PhaseOptimizer$NamedPass process
INFO: convertToDottedProperties
Aug 26, 2019 8:29:37 PM com.google.javascript.jscomp.PhaseOptimizer$NamedPass process
INFO: collapseVariableDeclarations
Aug 26, 2019 8:29:37 PM com.google.javascript.jscomp.PhaseOptimizer$NamedPass process
INFO: denormalize
Aug 26, 2019 8:29:37 PM com.google.javascript.jscomp.PhaseOptimizer$NamedPass process
INFO: invertNames
Aug 26, 2019 8:29:37 PM com.google.javascript.jscomp.PhaseOptimizer$NamedPass process
INFO: renameVars
Aug 26, 2019 8:29:37 PM com.google.javascript.jscomp.PhaseOptimizer$NamedPass process
INFO: renameLabels
Aug 26, 2019 8:29:37 PM com.google.javascript.jscomp.PhaseOptimizer$NamedPass process
INFO: nameAnonymousFunctions
Aug 26, 2019 8:29:37 PM com.google.javascript.jscomp.NameAnonymousFunctions process
INFO: Named 0 anon functions using 0 bytes
Aug 26, 2019 8:29:37 PM com.google.javascript.jscomp.PhaseOptimizer$NamedPass process
INFO: sanityCheckVars
* Finished com.google.javascript.jscomp.CompilerRunnerTest#testDebugFlag2
* Started com.google.javascript.jscomp.CompilerRunnerTest#testDebugFlag3
Aug 26, 2019 8:29:37 PM com.google.javascript.jscomp.PhaseOptimizer$NamedPass process
INFO: processProvidesAndRequires
Aug 26, 2019 8:29:37 PM com.google.javascript.jscomp.PhaseOptimizer$NamedPass process
INFO: renameCssNames
Aug 26, 2019 8:29:37 PM com.google.javascript.jscomp.PhaseOptimizer$NamedPass process
INFO: checkVars
Aug 26, 2019 8:29:37 PM com.google.javascript.jscomp.PhaseOptimizer$NamedPass process
INFO: processDefines
Aug 26, 2019 8:29:37 PM com.google.javascript.jscomp.Compiler normalize
INFO: Normalizing
Aug 26, 2019 8:29:37 PM com.google.javascript.jscomp.PhaseOptimizer$NamedPass process
INFO: beforeStandardOptimizations
Aug 26, 2019 8:29:37 PM com.google.javascript.jscomp.PhaseOptimizer$NamedPass process
INFO: optimizeArgumentsArray
Aug 26, 2019 8:29:37 PM com.google.javascript.jscomp.PhaseOptimizer$NamedPass process
INFO: removeAbstractMethods
Aug 26, 2019 8:29:37 PM com.google.javascript.jscomp.PhaseOptimizer$NamedPass process
INFO: collapseProperties
Aug 26, 2019 8:29:37 PM com.google.javascript.jscomp.PhaseOptimizer$NamedPass process
INFO: markPureFunctions
Aug 26, 2019 8:29:38 PM com.google.javascript.jscomp.PhaseOptimizer$NamedPass process
INFO: checkConsts
Aug 26, 2019 8:29:38 PM com.google.javascript.jscomp.PhaseOptimizer$NamedPass process
INFO: removeConstantExpressions
Aug 26, 2019 8:29:38 PM com.google.javascript.jscomp.PhaseOptimizer$NamedPass process
INFO: removeUnreachableCode
Aug 26, 2019 8:29:38 PM com.google.javascript.jscomp.PhaseOptimizer$NamedPass process
INFO: foldConstants
Aug 26, 2019 8:29:38 PM com.google.javascript.jscomp.PhaseOptimizer$NamedPass process
INFO: inlineVariables
Aug 26, 2019 8:29:38 PM com.google.javascript.jscomp.PhaseOptimizer$NamedPass process
INFO: removeUnusedPrototypeProperties
Aug 26, 2019 8:29:38 PM com.google.javascript.jscomp.PhaseOptimizer$NamedPass process
INFO: minimizeExitPoints
Aug 26, 2019 8:29:38 PM com.google.javascript.jscomp.PhaseOptimizer$NamedPass process
INFO: smartNamePass
Aug 26, 2019 8:29:38 PM com.google.javascript.jscomp.PhaseOptimizer$NamedPass process
INFO: devirtualizePrototypeMethods
Aug 26, 2019 8:29:38 PM com.google.javascript.jscomp.PhaseOptimizer$NamedPass process
INFO: beforeMainOptimizations
Aug 26, 2019 8:29:38 PM com.google.javascript.jscomp.PhaseOptimizer$NamedPass process
INFO: inlineGetters
Aug 26, 2019 8:29:38 PM com.google.javascript.jscomp.PhaseOptimizer$NamedPass process
INFO: removeConstantExpressions
Aug 26, 2019 8:29:38 PM com.google.javascript.jscomp.PhaseOptimizer$NamedPass process
INFO: removeUnreachableCode
Aug 26, 2019 8:29:38 PM com.google.javascript.jscomp.PhaseOptimizer$NamedPass process
INFO: removeUnusedVars
Aug 26, 2019 8:29:38 PM com.google.javascript.jscomp.PhaseOptimizer$NamedPass process
INFO: foldConstants
Aug 26, 2019 8:29:38 PM com.google.javascript.jscomp.PhaseOptimizer$NamedPass process
INFO: deadAssignmentsElimination
Aug 26, 2019 8:29:38 PM com.google.javascript.jscomp.PhaseOptimizer$NamedPass process
INFO: inlineVariables
Aug 26, 2019 8:29:38 PM com.google.javascript.jscomp.PhaseOptimizer$NamedPass process
INFO: inlineFunctions
Aug 26, 2019 8:29:38 PM com.google.javascript.jscomp.PhaseOptimizer$NamedPass process
INFO: removeUnusedPrototypeProperties
Aug 26, 2019 8:29:38 PM com.google.javascript.jscomp.PhaseOptimizer$NamedPass process
INFO: minimizeExitPoints
Aug 26, 2019 8:29:38 PM com.google.javascript.jscomp.PhaseOptimizer$NamedPass process
INFO: inlineGetters
Aug 26, 2019 8:29:38 PM com.google.javascript.jscomp.PhaseOptimizer$NamedPass process
INFO: removeConstantExpressions
Aug 26, 2019 8:29:38 PM com.google.javascript.jscomp.PhaseOptimizer$NamedPass process
INFO: removeUnreachableCode
Aug 26, 2019 8:29:38 PM com.google.javascript.jscomp.PhaseOptimizer$NamedPass process
INFO: removeUnusedVars
Aug 26, 2019 8:29:38 PM com.google.javascript.jscomp.PhaseOptimizer$NamedPass process
INFO: foldConstants
Aug 26, 2019 8:29:38 PM com.google.javascript.jscomp.PhaseOptimizer$NamedPass process
INFO: deadAssignmentsElimination
Aug 26, 2019 8:29:38 PM com.google.javascript.jscomp.PhaseOptimizer$NamedPass process
INFO: inlineVariables
Aug 26, 2019 8:29:38 PM com.google.javascript.jscomp.PhaseOptimizer$NamedPass process
INFO: inlineFunctions
Aug 26, 2019 8:29:38 PM com.google.javascript.jscomp.PhaseOptimizer$NamedPass process
INFO: removeUnusedPrototypeProperties
Aug 26, 2019 8:29:38 PM com.google.javascript.jscomp.PhaseOptimizer$NamedPass process
INFO: minimizeExitPoints
Aug 26, 2019 8:29:38 PM com.google.javascript.jscomp.PhaseOptimizer$NamedPass process
INFO: inlineGetters
Aug 26, 2019 8:29:38 PM com.google.javascript.jscomp.PhaseOptimizer$NamedPass process
INFO: removeConstantExpressions
Aug 26, 2019 8:29:38 PM com.google.javascript.jscomp.PhaseOptimizer$NamedPass process
INFO: removeUnreachableCode
Aug 26, 2019 8:29:38 PM com.google.javascript.jscomp.PhaseOptimizer$NamedPass process
INFO: removeUnusedVars
Aug 26, 2019 8:29:38 PM com.google.javascript.jscomp.PhaseOptimizer$NamedPass process
INFO: foldConstants
Aug 26, 2019 8:29:38 PM com.google.javascript.jscomp.PhaseOptimizer$NamedPass process
INFO: deadAssignmentsElimination
Aug 26, 2019 8:29:38 PM com.google.javascript.jscomp.PhaseOptimizer$NamedPass process
INFO: inlineVariables
Aug 26, 2019 8:29:38 PM com.google.javascript.jscomp.PhaseOptimizer$NamedPass process
INFO: inlineFunctions
Aug 26, 2019 8:29:38 PM com.google.javascript.jscomp.PhaseOptimizer$NamedPass process
INFO: removeUnusedPrototypeProperties
Aug 26, 2019 8:29:38 PM com.google.javascript.jscomp.PhaseOptimizer$NamedPass process
INFO: minimizeExitPoints
Aug 26, 2019 8:29:38 PM com.google.javascript.jscomp.PhaseOptimizer$NamedPass process
INFO: beforeModuleMotion
Aug 26, 2019 8:29:38 PM com.google.javascript.jscomp.PhaseOptimizer$NamedPass process
INFO: afterModuleMotion
Aug 26, 2019 8:29:38 PM com.google.javascript.jscomp.PhaseOptimizer$NamedPass process
INFO: collapseAnonymousFunctions
Aug 26, 2019 8:29:38 PM com.google.javascript.jscomp.PhaseOptimizer$NamedPass process
INFO: extractPrototypeMemberDeclarations
Aug 26, 2019 8:29:38 PM com.google.javascript.jscomp.PhaseOptimizer$NamedPass process
INFO: coalesceVariableNames
Aug 26, 2019 8:29:38 PM com.google.javascript.jscomp.PhaseOptimizer$NamedPass process
INFO: renameProperties
Aug 26, 2019 8:29:38 PM com.google.javascript.jscomp.PhaseOptimizer$NamedPass process
INFO: gatherRawExports
Aug 26, 2019 8:29:38 PM com.google.javascript.jscomp.PhaseOptimizer$NamedPass process
INFO: convertToDottedProperties
Aug 26, 2019 8:29:38 PM com.google.javascript.jscomp.PhaseOptimizer$NamedPass process
INFO: rewriteFunctionExpressions
Aug 26, 2019 8:29:38 PM com.google.javascript.jscomp.PhaseOptimizer$NamedPass process
INFO: collapseVariableDeclarations
Aug 26, 2019 8:29:38 PM com.google.javascript.jscomp.PhaseOptimizer$NamedPass process
INFO: denormalize
Aug 26, 2019 8:29:38 PM com.google.javascript.jscomp.PhaseOptimizer$NamedPass process
INFO: renameVars
Aug 26, 2019 8:29:38 PM com.google.javascript.jscomp.PhaseOptimizer$NamedPass process
INFO: renameLabels
* Finished com.google.javascript.jscomp.CompilerRunnerTest#testDebugFlag3
* Started com.google.javascript.jscomp.CompilerRunnerTest#testDebugFlag4
Aug 26, 2019 8:29:38 PM com.google.javascript.jscomp.PhaseOptimizer$NamedPass process
INFO: processProvidesAndRequires
Aug 26, 2019 8:29:38 PM com.google.javascript.jscomp.PhaseOptimizer$NamedPass process
INFO: renameCssNames
Aug 26, 2019 8:29:38 PM com.google.javascript.jscomp.PhaseOptimizer$NamedPass process
INFO: checkVars
Aug 26, 2019 8:29:38 PM com.google.javascript.jscomp.PhaseOptimizer$NamedPass process
INFO: processDefines
Aug 26, 2019 8:29:38 PM com.google.javascript.jscomp.Compiler normalize
INFO: Normalizing
Aug 26, 2019 8:29:38 PM com.google.javascript.jscomp.PhaseOptimizer$NamedPass process
INFO: beforeStandardOptimizations
Aug 26, 2019 8:29:38 PM com.google.javascript.jscomp.PhaseOptimizer$NamedPass process
INFO: optimizeArgumentsArray
Aug 26, 2019 8:29:38 PM com.google.javascript.jscomp.PhaseOptimizer$NamedPass process
INFO: removeAbstractMethods
Aug 26, 2019 8:29:38 PM com.google.javascript.jscomp.PhaseOptimizer$NamedPass process
INFO: collapseProperties
Aug 26, 2019 8:29:38 PM com.google.javascript.jscomp.PhaseOptimizer$NamedPass process
INFO: markPureFunctions
Aug 26, 2019 8:29:38 PM com.google.javascript.jscomp.PhaseOptimizer$NamedPass process
INFO: checkConsts
Aug 26, 2019 8:29:38 PM com.google.javascript.jscomp.PhaseOptimizer$NamedPass process
INFO: removeConstantExpressions
Aug 26, 2019 8:29:38 PM com.google.javascript.jscomp.PhaseOptimizer$NamedPass process
INFO: removeUnreachableCode
Aug 26, 2019 8:29:38 PM com.google.javascript.jscomp.PhaseOptimizer$NamedPass process
INFO: foldConstants
Aug 26, 2019 8:29:38 PM com.google.javascript.jscomp.PhaseOptimizer$NamedPass process
INFO: inlineVariables
Aug 26, 2019 8:29:38 PM com.google.javascript.jscomp.PhaseOptimizer$NamedPass process
INFO: removeUnusedPrototypeProperties
Aug 26, 2019 8:29:38 PM com.google.javascript.jscomp.PhaseOptimizer$NamedPass process
INFO: minimizeExitPoints
Aug 26, 2019 8:29:38 PM com.google.javascript.jscomp.PhaseOptimizer$NamedPass process
INFO: smartNamePass
Aug 26, 2019 8:29:38 PM com.google.javascript.jscomp.PhaseOptimizer$NamedPass process
INFO: devirtualizePrototypeMethods
Aug 26, 2019 8:29:38 PM com.google.javascript.jscomp.PhaseOptimizer$NamedPass process
INFO: beforeMainOptimizations
Aug 26, 2019 8:29:38 PM com.google.javascript.jscomp.PhaseOptimizer$NamedPass process
INFO: inlineGetters
Aug 26, 2019 8:29:38 PM com.google.javascript.jscomp.PhaseOptimizer$NamedPass process
INFO: removeConstantExpressions
Aug 26, 2019 8:29:38 PM com.google.javascript.jscomp.PhaseOptimizer$NamedPass process
INFO: removeUnreachableCode
Aug 26, 2019 8:29:38 PM com.google.javascript.jscomp.PhaseOptimizer$NamedPass process
INFO: removeUnusedVars
Aug 26, 2019 8:29:38 PM com.google.javascript.jscomp.PhaseOptimizer$NamedPass process
INFO: foldConstants
Aug 26, 2019 8:29:38 PM com.google.javascript.jscomp.PhaseOptimizer$NamedPass process
INFO: deadAssignmentsElimination
Aug 26, 2019 8:29:38 PM com.google.javascript.jscomp.PhaseOptimizer$NamedPass process
INFO: inlineVariables
Aug 26, 2019 8:29:38 PM com.google.javascript.jscomp.PhaseOptimizer$NamedPass process
INFO: inlineFunctions
Aug 26, 2019 8:29:38 PM com.google.javascript.jscomp.PhaseOptimizer$NamedPass process
INFO: removeUnusedPrototypeProperties
Aug 26, 2019 8:29:38 PM com.google.javascript.jscomp.PhaseOptimizer$NamedPass process
INFO: minimizeExitPoints
Aug 26, 2019 8:29:38 PM com.google.javascript.jscomp.PhaseOptimizer$NamedPass process
INFO: inlineGetters
Aug 26, 2019 8:29:38 PM com.google.javascript.jscomp.PhaseOptimizer$NamedPass process
INFO: removeConstantExpressions
Aug 26, 2019 8:29:38 PM com.google.javascript.jscomp.PhaseOptimizer$NamedPass process
INFO: removeUnreachableCode
Aug 26, 2019 8:29:38 PM com.google.javascript.jscomp.PhaseOptimizer$NamedPass process
INFO: removeUnusedVars
Aug 26, 2019 8:29:38 PM com.google.javascript.jscomp.PhaseOptimizer$NamedPass process
INFO: foldConstants
Aug 26, 2019 8:29:38 PM com.google.javascript.jscomp.PhaseOptimizer$NamedPass process
INFO: deadAssignmentsElimination
Aug 26, 2019 8:29:38 PM com.google.javascript.jscomp.PhaseOptimizer$NamedPass process
INFO: inlineVariables
Aug 26, 2019 8:29:38 PM com.google.javascript.jscomp.PhaseOptimizer$NamedPass process
INFO: inlineFunctions
Aug 26, 2019 8:29:38 PM com.google.javascript.jscomp.PhaseOptimizer$NamedPass process
INFO: removeUnusedPrototypeProperties
Aug 26, 2019 8:29:38 PM com.google.javascript.jscomp.PhaseOptimizer$NamedPass process
INFO: minimizeExitPoints
Aug 26, 2019 8:29:38 PM com.google.javascript.jscomp.PhaseOptimizer$NamedPass process
INFO: inlineGetters
Aug 26, 2019 8:29:38 PM com.google.javascript.jscomp.PhaseOptimizer$NamedPass process
INFO: removeConstantExpressions
Aug 26, 2019 8:29:38 PM com.google.javascript.jscomp.PhaseOptimizer$NamedPass process
INFO: removeUnreachableCode
Aug 26, 2019 8:29:38 PM com.google.javascript.jscomp.PhaseOptimizer$NamedPass process
INFO: removeUnusedVars
Aug 26, 2019 8:29:38 PM com.google.javascript.jscomp.PhaseOptimizer$NamedPass process
INFO: foldConstants
Aug 26, 2019 8:29:38 PM com.google.javascript.jscomp.PhaseOptimizer$NamedPass process
INFO: deadAssignmentsElimination
Aug 26, 2019 8:29:38 PM com.google.javascript.jscomp.PhaseOptimizer$NamedPass process
INFO: inlineVariables
Aug 26, 2019 8:29:38 PM com.google.javascript.jscomp.PhaseOptimizer$NamedPass process
INFO: inlineFunctions
Aug 26, 2019 8:29:38 PM com.google.javascript.jscomp.PhaseOptimizer$NamedPass process
INFO: removeUnusedPrototypeProperties
Aug 26, 2019 8:29:38 PM com.google.javascript.jscomp.PhaseOptimizer$NamedPass process
INFO: minimizeExitPoints
Aug 26, 2019 8:29:38 PM com.google.javascript.jscomp.PhaseOptimizer$NamedPass process
INFO: beforeModuleMotion
Aug 26, 2019 8:29:38 PM com.google.javascript.jscomp.PhaseOptimizer$NamedPass process
INFO: afterModuleMotion
Aug 26, 2019 8:29:38 PM com.google.javascript.jscomp.PhaseOptimizer$NamedPass process
INFO: collapseAnonymousFunctions
Aug 26, 2019 8:29:38 PM com.google.javascript.jscomp.PhaseOptimizer$NamedPass process
INFO: extractPrototypeMemberDeclarations
Aug 26, 2019 8:29:38 PM com.google.javascript.jscomp.PhaseOptimizer$NamedPass process
INFO: coalesceVariableNames
Aug 26, 2019 8:29:38 PM com.google.javascript.jscomp.PhaseOptimizer$NamedPass process
INFO: renameProperties
Aug 26, 2019 8:29:38 PM com.google.javascript.jscomp.PhaseOptimizer$NamedPass process
INFO: gatherRawExports
Aug 26, 2019 8:29:38 PM com.google.javascript.jscomp.PhaseOptimizer$NamedPass process
INFO: convertToDottedProperties
Aug 26, 2019 8:29:38 PM com.google.javascript.jscomp.PhaseOptimizer$NamedPass process
INFO: rewriteFunctionExpressions
Aug 26, 2019 8:29:38 PM com.google.javascript.jscomp.PhaseOptimizer$NamedPass process
INFO: collapseVariableDeclarations
Aug 26, 2019 8:29:38 PM com.google.javascript.jscomp.PhaseOptimizer$NamedPass process
INFO: denormalize
Aug 26, 2019 8:29:38 PM com.google.javascript.jscomp.PhaseOptimizer$NamedPass process
INFO: renameVars
Aug 26, 2019 8:29:38 PM com.google.javascript.jscomp.PhaseOptimizer$NamedPass process
INFO: renameLabels
Aug 26, 2019 8:29:38 PM com.google.javascript.jscomp.PhaseOptimizer$NamedPass process
INFO: nameAnonymousFunctions
Aug 26, 2019 8:29:38 PM com.google.javascript.jscomp.NameAnonymousFunctions process
INFO: Named 0 anon functions using 0 bytes
* Finished com.google.javascript.jscomp.CompilerRunnerTest#testDebugFlag4
* Started com.google.javascript.jscomp.CompilerRunnerTest#testQuietMode
* Finished com.google.javascript.jscomp.CompilerRunnerTest#testQuietMode
* Filtering test cases that do not cover any component
* Sending data to master
* Closing connection with client
* Performing fault localization
* Running Ochiai
* Writing coverage matrix to '/home/yxb/Documents/rjust-fault-localization-data-f36d7eea9a9c/gzoltar/gzoltars/Closure/105/matrix'
* Writing spectra to '/home/yxb/Documents/rjust-fault-localization-data-f36d7eea9a9c/gzoltar/gzoltars/Closure/105/spectra'
* Metrics
* Computation finished
[INFO] End: Mon Aug 26 20:29:39 PDT 2019
[DEBUG] MATRIX OK
[DEBUG] SPECTRA OK

DONE!
