[DEBUG] PID: Closure
[DEBUG] VID: 78
[DEBUG] DATA_DIR: /home/yxb/Documents/rjust-fault-localization-data-f36d7eea9a9c/gzoltar/gzoltars/Closure/78
[DEBUG] TOOL: developer
[DEBUG] TESTS_DIR: 
[DEBUG] TMP_DIR: /tmp/yxb/gzoltar_95333_Closure-78
[DEBUG] DIR_PROJECT: /home/yxb/Documents/rjust-fault-localization-data-f36d7eea9a9c/defects4j//framework/projects/Closure
[DEBUG] DIR_LOADED_CLASSES: /home/yxb/Documents/rjust-fault-localization-data-f36d7eea9a9c/defects4j//framework/projects/Closure/loaded_classes
[DEBUG] DIR_RELEVANT_TESTS: /home/yxb/Documents/rjust-fault-localization-data-f36d7eea9a9c/defects4j//framework/projects/Closure/relevant_tests
[DEBUG] DIR_TRIGGER_TESTS: /home/yxb/Documents/rjust-fault-localization-data-f36d7eea9a9c/defects4j//framework/projects/Closure/trigger_tests
[DEBUG] JAVA_VERSION:
Picked up _JAVA_OPTIONS: -XX:MaxHeapSize=1024m -Xmx4096m
java version "1.7.0_80"
Java(TM) SE Runtime Environment (build 1.7.0_80-b15)
Java HotSpot(TM) 64-Bit Server VM (build 24.80-b11, mixed mode)
[INFO] Checking out Closure-78 to /tmp/yxb/gzoltar_95333_Closure-78
Check out 25829b03 to /tmp/yxb/gzoltar_95333_Closure-78.................... OK
Init local repository...................................................... OK
Tag post-fix revision...................................................... OK
Run post-checkout hook..................................................... OK
Initialize fixed program version........................................... OK
Apply patch................................................................ OK
Initialize buggy program version........................................... OK
Diff 25829b03:b40c6c7e..................................................... OK
Apply patch................................................................ OK
Tag pre-fix revision....................................................... OK
Check out program version: Closure-78b..................................... OK
[DEBUG] LOADED_CLASSES: com.google.javascript.rhino.jstype.StringType:com.google.javascript.jscomp.LightweightMessageFormatter:com.google.javascript.jscomp.ComposeWarningsGuard:com.google.javascript.rhino.FunctionNode:com.google.javascript.jscomp.TypeCheck:com.google.javascript.rhino.EvaluatorException:com.google.javascript.rhino.Node:com.google.javascript.jscomp.JSModule:com.google.javascript.jscomp.ProcessTweaks:com.google.javascript.rhino.jstype.NumberType:com.google.javascript.jscomp.PassConfig:com.google.javascript.rhino.jstype.PrototypeObjectType:com.google.javascript.jscomp.NodeTraversal:com.google.javascript.rhino.jstype.TemplateType:com.google.javascript.jscomp.JSSourceFile:com.google.javascript.jscomp.SourceFile:com.google.javascript.jscomp.parsing.TypeSafeDispatcher:com.google.javascript.jscomp.LineNumberCheck:com.google.javascript.rhino.jstype.JSTypeRegistry:com.google.javascript.jscomp.DefaultCodingConvention:com.google.javascript.jscomp.JSError:com.google.javascript.jscomp.parsing.Config:com.google.javascript.jscomp.ErrorFormat:com.google.javascript.rhino.ScriptRuntime:com.google.javascript.jscomp.DiagnosticType:com.google.javascript.jscomp.NodeUtil:com.google.javascript.jscomp.ChainableReverseAbstractInterpreter:com.google.javascript.jscomp.graph.DiGraph:com.google.javascript.rhino.jstype.ObjectType:com.google.javascript.jscomp.SourceAst:com.google.javascript.rhino.jstype.FunctionType:com.google.javascript.jscomp.CheckUnreachableCode:com.google.javascript.jscomp.ScopeCreator:com.google.javascript.rhino.ScriptOrFnNode:com.google.javascript.jscomp.deps.DependencyInfo:com.google.javascript.jscomp.FunctionTypeBuilder:com.google.javascript.jscomp.CompilerOptions:com.google.javascript.jscomp.VariableReferenceCheck:com.google.javascript.jscomp.CodePrinter:com.google.javascript.jscomp.graph.GraphvizGraph:com.google.javascript.jscomp.graph.LinkedDirectedGraph:com.google.javascript.jscomp.AbstractMessageFormatter:com.google.javascript.rhino.jstype.JSType:com.google.javascript.jscomp.Region:com.google.javascript.rhino.jstype.UnresolvedTypeExpression:com.google.javascript.jscomp.CheckLevel:com.google.javascript.jscomp.parsing.ParserRunner:com.google.javascript.jscomp.DefaultPassConfig:com.google.javascript.jscomp.deps.SortedDependencies:com.google.javascript.jscomp.AbstractPeepholeOptimization:com.google.javascript.rhino.jstype.NoType:com.google.javascript.jscomp.ControlFlowGraph:com.google.javascript.jscomp.AbstractCompiler:com.google.javascript.jscomp.SuppressDocWarningsGuard:com.google.javascript.rhino.jstype.UnionTypeBuilder:com.google.javascript.rhino.jstype.AllType:com.google.javascript.rhino.jstype.ValueType:com.google.javascript.jscomp.ProcessDefines:com.google.javascript.rhino.ErrorReporter:com.google.javascript.rhino.jstype.JSTypeNative:com.google.javascript.jscomp.CheckGlobalNames:com.google.javascript.jscomp.DiagnosticGroup:com.google.javascript.jscomp.CodeConsumer:com.google.javascript.rhino.jstype.StaticScope:com.google.javascript.jscomp.SemanticReverseAbstractInterpreter:com.google.javascript.jscomp.TypeValidator:com.google.javascript.jscomp.AnonymousFunctionNamingPolicy:com.google.javascript.rhino.jstype.NamedType:com.google.javascript.jscomp.ClosureCodingConvention:com.google.javascript.rhino.jstype.RecordType:com.google.javascript.jscomp.DisambiguateProperties:com.google.javascript.jscomp.CheckAccessControls:com.google.javascript.jscomp.JSModuleGraph:com.google.debugging.sourcemap.SourceMapGenerator:com.google.javascript.rhino.jstype.NoResolvedType:com.google.javascript.jscomp.CodingConvention:com.google.javascript.jscomp.PropertyRenamingPolicy:com.google.javascript.jscomp.CodeGenerator:com.google.javascript.jscomp.PassFactory:com.google.javascript.jscomp.TypedCodeGenerator:com.google.javascript.rhino.jstype.InstanceObjectType:com.google.javascript.jscomp.Compiler:com.google.javascript.rhino.jstype.FunctionBuilder:com.google.javascript.rhino.RhinoException:com.google.javascript.jscomp.VarCheck:com.google.javascript.jscomp.DiagnosticGroupWarningsGuard:com.google.javascript.jscomp.ReferenceCollectingCallback:com.google.javascript.jscomp.MessageFormatter:com.google.javascript.jscomp.LoggerErrorManager:com.google.javascript.rhino.jstype.IndexedType:com.google.javascript.rhino.jstype.VoidType:com.google.javascript.jscomp.RhinoErrorReporter:com.google.javascript.jscomp.PeepholeOptimizationsPass:com.google.javascript.rhino.jstype.UnknownType:com.google.javascript.jscomp.JsAst:com.google.javascript.jscomp.TypedScopeCreator:com.google.javascript.jscomp.SyntacticScopeCreator:com.google.javascript.jscomp.parsing.Annotation:com.google.javascript.jscomp.CompilerPass:com.google.javascript.rhino.EcmaError:com.google.javascript.rhino.jstype.ErrorFunctionType:com.google.javascript.rhino.jstype.NoObjectType:com.google.javascript.rhino.jstype.NullType:com.google.javascript.rhino.jstype.ArrowType:com.google.javascript.rhino.jstype.ProxyObjectType:com.google.javascript.jscomp.BasicErrorManager:com.google.javascript.jscomp.PrepareAst:com.google.javascript.jscomp.SourceExcerptProvider:com.google.javascript.jscomp.SourceMap:com.google.javascript.rhino.jstype.ParameterizedType:com.google.javascript.jscomp.ReverseAbstractInterpreter:com.google.javascript.jscomp.PeepholeFoldConstants:com.google.javascript.jscomp.Tracer:com.google.javascript.rhino.jstype.FunctionParamBuilder:com.google.javascript.rhino.Context:com.google.javascript.jscomp.DiagnosticGroups:com.google.javascript.rhino.jstype.BooleanType:com.google.javascript.jscomp.GoogleCodingConvention:com.google.javascript.rhino.jstype.FunctionPrototypeType:com.google.javascript.jscomp.CheckSideEffects:com.google.javascript.rhino.jstype.UnionType:com.google.javascript.jscomp.CheckRegExp:com.google.javascript.jscomp.parsing.IRFactory:com.google.javascript.jscomp.graph.AdjacencyGraph:com.google.javascript.jscomp.WarningsGuard:com.google.javascript.jscomp.ErrorManager:com.google.javascript.jscomp.graph.Graph:com.google.javascript.jscomp.CodeChangeHandler:com.google.javascript.jscomp.CompilerInput:com.google.javascript.jscomp.VariableRenamingPolicy:
[DEBUG] LOADED_SUB_CLASSES: com.google.javascript.rhino.jstype.StringType$*:com.google.javascript.jscomp.LightweightMessageFormatter$*:com.google.javascript.jscomp.ComposeWarningsGuard$*:com.google.javascript.rhino.FunctionNode$*:com.google.javascript.jscomp.TypeCheck$*:com.google.javascript.rhino.EvaluatorException$*:com.google.javascript.rhino.Node$*:com.google.javascript.jscomp.JSModule$*:com.google.javascript.jscomp.ProcessTweaks$*:com.google.javascript.rhino.jstype.NumberType$*:com.google.javascript.jscomp.PassConfig$*:com.google.javascript.rhino.jstype.PrototypeObjectType$*:com.google.javascript.jscomp.NodeTraversal$*:com.google.javascript.rhino.jstype.TemplateType$*:com.google.javascript.jscomp.JSSourceFile$*:com.google.javascript.jscomp.SourceFile$*:com.google.javascript.jscomp.parsing.TypeSafeDispatcher$*:com.google.javascript.jscomp.LineNumberCheck$*:com.google.javascript.rhino.jstype.JSTypeRegistry$*:com.google.javascript.jscomp.DefaultCodingConvention$*:com.google.javascript.jscomp.JSError$*:com.google.javascript.jscomp.parsing.Config$*:com.google.javascript.jscomp.ErrorFormat$*:com.google.javascript.rhino.ScriptRuntime$*:com.google.javascript.jscomp.DiagnosticType$*:com.google.javascript.jscomp.NodeUtil$*:com.google.javascript.jscomp.ChainableReverseAbstractInterpreter$*:com.google.javascript.jscomp.graph.DiGraph$*:com.google.javascript.rhino.jstype.ObjectType$*:com.google.javascript.jscomp.SourceAst$*:com.google.javascript.rhino.jstype.FunctionType$*:com.google.javascript.jscomp.CheckUnreachableCode$*:com.google.javascript.jscomp.ScopeCreator$*:com.google.javascript.rhino.ScriptOrFnNode$*:com.google.javascript.jscomp.deps.DependencyInfo$*:com.google.javascript.jscomp.FunctionTypeBuilder$*:com.google.javascript.jscomp.CompilerOptions$*:com.google.javascript.jscomp.VariableReferenceCheck$*:com.google.javascript.jscomp.CodePrinter$*:com.google.javascript.jscomp.graph.GraphvizGraph$*:com.google.javascript.jscomp.graph.LinkedDirectedGraph$*:com.google.javascript.jscomp.AbstractMessageFormatter$*:com.google.javascript.rhino.jstype.JSType$*:com.google.javascript.jscomp.Region$*:com.google.javascript.rhino.jstype.UnresolvedTypeExpression$*:com.google.javascript.jscomp.CheckLevel$*:com.google.javascript.jscomp.parsing.ParserRunner$*:com.google.javascript.jscomp.DefaultPassConfig$*:com.google.javascript.jscomp.deps.SortedDependencies$*:com.google.javascript.jscomp.AbstractPeepholeOptimization$*:com.google.javascript.rhino.jstype.NoType$*:com.google.javascript.jscomp.ControlFlowGraph$*:com.google.javascript.jscomp.AbstractCompiler$*:com.google.javascript.jscomp.SuppressDocWarningsGuard$*:com.google.javascript.rhino.jstype.UnionTypeBuilder$*:com.google.javascript.rhino.jstype.AllType$*:com.google.javascript.rhino.jstype.ValueType$*:com.google.javascript.jscomp.ProcessDefines$*:com.google.javascript.rhino.ErrorReporter$*:com.google.javascript.rhino.jstype.JSTypeNative$*:com.google.javascript.jscomp.CheckGlobalNames$*:com.google.javascript.jscomp.DiagnosticGroup$*:com.google.javascript.jscomp.CodeConsumer$*:com.google.javascript.rhino.jstype.StaticScope$*:com.google.javascript.jscomp.SemanticReverseAbstractInterpreter$*:com.google.javascript.jscomp.TypeValidator$*:com.google.javascript.jscomp.AnonymousFunctionNamingPolicy$*:com.google.javascript.rhino.jstype.NamedType$*:com.google.javascript.jscomp.ClosureCodingConvention$*:com.google.javascript.rhino.jstype.RecordType$*:com.google.javascript.jscomp.DisambiguateProperties$*:com.google.javascript.jscomp.CheckAccessControls$*:com.google.javascript.jscomp.JSModuleGraph$*:com.google.debugging.sourcemap.SourceMapGenerator$*:com.google.javascript.rhino.jstype.NoResolvedType$*:com.google.javascript.jscomp.CodingConvention$*:com.google.javascript.jscomp.PropertyRenamingPolicy$*:com.google.javascript.jscomp.CodeGenerator$*:com.google.javascript.jscomp.PassFactory$*:com.google.javascript.jscomp.TypedCodeGenerator$*:com.google.javascript.rhino.jstype.InstanceObjectType$*:com.google.javascript.jscomp.Compiler$*:com.google.javascript.rhino.jstype.FunctionBuilder$*:com.google.javascript.rhino.RhinoException$*:com.google.javascript.jscomp.VarCheck$*:com.google.javascript.jscomp.DiagnosticGroupWarningsGuard$*:com.google.javascript.jscomp.ReferenceCollectingCallback$*:com.google.javascript.jscomp.MessageFormatter$*:com.google.javascript.jscomp.LoggerErrorManager$*:com.google.javascript.rhino.jstype.IndexedType$*:com.google.javascript.rhino.jstype.VoidType$*:com.google.javascript.jscomp.RhinoErrorReporter$*:com.google.javascript.jscomp.PeepholeOptimizationsPass$*:com.google.javascript.rhino.jstype.UnknownType$*:com.google.javascript.jscomp.JsAst$*:com.google.javascript.jscomp.TypedScopeCreator$*:com.google.javascript.jscomp.SyntacticScopeCreator$*:com.google.javascript.jscomp.parsing.Annotation$*:com.google.javascript.jscomp.CompilerPass$*:com.google.javascript.rhino.EcmaError$*:com.google.javascript.rhino.jstype.ErrorFunctionType$*:com.google.javascript.rhino.jstype.NoObjectType$*:com.google.javascript.rhino.jstype.NullType$*:com.google.javascript.rhino.jstype.ArrowType$*:com.google.javascript.rhino.jstype.ProxyObjectType$*:com.google.javascript.jscomp.BasicErrorManager$*:com.google.javascript.jscomp.PrepareAst$*:com.google.javascript.jscomp.SourceExcerptProvider$*:com.google.javascript.jscomp.SourceMap$*:com.google.javascript.rhino.jstype.ParameterizedType$*:com.google.javascript.jscomp.ReverseAbstractInterpreter$*:com.google.javascript.jscomp.PeepholeFoldConstants$*:com.google.javascript.jscomp.Tracer$*:com.google.javascript.rhino.jstype.FunctionParamBuilder$*:com.google.javascript.rhino.Context$*:com.google.javascript.jscomp.DiagnosticGroups$*:com.google.javascript.rhino.jstype.BooleanType$*:com.google.javascript.jscomp.GoogleCodingConvention$*:com.google.javascript.rhino.jstype.FunctionPrototypeType$*:com.google.javascript.jscomp.CheckSideEffects$*:com.google.javascript.rhino.jstype.UnionType$*:com.google.javascript.jscomp.CheckRegExp$*:com.google.javascript.jscomp.parsing.IRFactory$*:com.google.javascript.jscomp.graph.AdjacencyGraph$*:com.google.javascript.jscomp.WarningsGuard$*:com.google.javascript.jscomp.ErrorManager$*:com.google.javascript.jscomp.graph.Graph$*:com.google.javascript.jscomp.CodeChangeHandler$*:com.google.javascript.jscomp.CompilerInput$*:com.google.javascript.jscomp.VariableRenamingPolicy$*:
[DEBUG] RELEVANT_TESTS: com.google.javascript.jscomp.CommandLineRunnerTest:com.google.javascript.jscomp.CreateSyntheticBlocksTest:com.google.javascript.jscomp.PeepholeFoldConstantsTest:com.google.javascript.jscomp.PeepholeIntegrationTest:
[DEBUG] TRIGGER_TESTS_FILE: /home/yxb/Documents/rjust-fault-localization-data-f36d7eea9a9c/defects4j//framework/projects/Closure/trigger_tests/78
[DEBUG] CP: /home/yxb/Documents/rjust-fault-localization-data-f36d7eea9a9c/defects4j//framework/projects/lib/junit-4.11.jar:/tmp/yxb/gzoltar_95333_Closure-78/build/classes:/tmp/yxb/gzoltar_95333_Closure-78/lib/args4j.jar:/tmp/yxb/gzoltar_95333_Closure-78/lib/guava.jar:/tmp/yxb/gzoltar_95333_Closure-78/lib/jsr305.jar:/tmp/yxb/gzoltar_95333_Closure-78/lib/libtrunk_rhino_parser_jarjared.jar:/tmp/yxb/gzoltar_95333_Closure-78/lib/protobuf-java.jar:/tmp/yxb/gzoltar_95333_Closure-78/lib/ant-launcher.jar:/tmp/yxb/gzoltar_95333_Closure-78/lib/ant.jar:/tmp/yxb/gzoltar_95333_Closure-78/lib/caja-r4314.jar:/tmp/yxb/gzoltar_95333_Closure-78/lib/json.jar:/tmp/yxb/gzoltar_95333_Closure-78/lib/junit.jar:/tmp/yxb/gzoltar_95333_Closure-78/build/test
[INFO] Compiling Closure-78
Running ant (compile)...................................................... OK
Running ant (compile.tests)................................................ OK
[INFO] Running GZoltar
[INFO] Start: Mon Aug 26 16:36:00 PDT 2019
   ____ _____     _ _               
  / ___|__  /___ | | |_ __ _ _ __   
 | |  _  / // _ \| | __/ _` | '__| 
 | |_| |/ /| (_) | | || (_| | |     
  \____/____\___/|_|\__\__,_|_| 

* Preparing classpath
* Collecting classes under test
* Collecting test cases
* Performing analysis
* Started com.google.javascript.jscomp.CommandLineRunnerTest#testSourcePruningOn1
[ERROR] Class not found
java.lang.ClassNotFoundException: rhino_ast.java.com.google.javascript.rhino.Messages
	at java.lang.ClassLoader.findClass(ClassLoader.java:531)
	at java.lang.ClassLoader.loadClass(ClassLoader.java:425)
	at java.lang.ClassLoader.loadClass(ClassLoader.java:358)
	at com.gzoltar.lib.instrumentation.util.GZoltarClassLoader.loadClass(Unknown Source)
	at java.util.ResourceBundle$Control.newBundle(ResourceBundle.java:2566)
	at java.util.ResourceBundle.loadBundle(ResourceBundle.java:1436)
	at java.util.ResourceBundle.findBundle(ResourceBundle.java:1400)
	at java.util.ResourceBundle.findBundle(ResourceBundle.java:1354)
	at java.util.ResourceBundle.findBundle(ResourceBundle.java:1354)
	at java.util.ResourceBundle.getBundleImpl(ResourceBundle.java:1296)
	at java.util.ResourceBundle.getBundle(ResourceBundle.java:795)
	at com.google.javascript.rhino.ScriptRuntime.getMessage(ScriptRuntime.java:465)
	at com.google.javascript.rhino.ScriptRuntime.getMessage0(ScriptRuntime.java:422)
	at com.google.javascript.jscomp.RhinoErrorReporter.<init>(RhinoErrorReporter.java:75)
	at com.google.javascript.jscomp.RhinoErrorReporter.<init>(RhinoErrorReporter.java:33)
	at com.google.javascript.jscomp.RhinoErrorReporter$OldRhinoErrorReporter.<init>(RhinoErrorReporter.java:144)
	at com.google.javascript.jscomp.RhinoErrorReporter$OldRhinoErrorReporter.<init>(RhinoErrorReporter.java:140)
	at com.google.javascript.jscomp.RhinoErrorReporter.forOldRhino(RhinoErrorReporter.java:109)
	at com.google.javascript.jscomp.Compiler.<init>(Compiler.java:145)
	at com.google.javascript.jscomp.CommandLineRunner.createCompiler(CommandLineRunner.java:576)
	at com.google.javascript.jscomp.AbstractCommandLineRunner.doRun(AbstractCommandLineRunner.java:599)
	at com.google.javascript.jscomp.AbstractCommandLineRunner.run(AbstractCommandLineRunner.java:277)
	at com.google.javascript.jscomp.CommandLineRunnerTest.compile(CommandLineRunnerTest.java:845)
	at com.google.javascript.jscomp.CommandLineRunnerTest.test(CommandLineRunnerTest.java:732)
	at com.google.javascript.jscomp.CommandLineRunnerTest.test(CommandLineRunnerTest.java:721)
	at com.google.javascript.jscomp.CommandLineRunnerTest.testSourcePruningOn1(CommandLineRunnerTest.java:426)
	at sun.reflect.NativeMethodAccessorImpl.invoke0(Native Method)
	at sun.reflect.NativeMethodAccessorImpl.invoke(NativeMethodAccessorImpl.java:57)
	at sun.reflect.DelegatingMethodAccessorImpl.invoke(DelegatingMethodAccessorImpl.java:43)
	at java.lang.reflect.Method.invoke(Method.java:606)
	at junit.framework.TestCase.runTest(TestCase.java:176)
	at junit.framework.TestCase.runBare(TestCase.java:141)
	at junit.framework.TestResult$1.protect(TestResult.java:122)
	at junit.framework.TestResult.runProtected(TestResult.java:142)
	at junit.framework.TestResult.run(TestResult.java:125)
	at junit.framework.TestCase.run(TestCase.java:129)
	at junit.framework.TestSuite.runTest(TestSuite.java:255)
	at junit.framework.TestSuite.run(TestSuite.java:250)
	at org.junit.internal.runners.JUnit38ClassRunner.run(JUnit38ClassRunner.java:84)
	at com.gzoltar.lib.instrumentation.testing.junit.a.call(Unknown Source)
	at java.util.concurrent.FutureTask.run(FutureTask.java:262)
	at java.util.concurrent.ThreadPoolExecutor.runWorker(ThreadPoolExecutor.java:1145)
	at java.util.concurrent.ThreadPoolExecutor$Worker.run(ThreadPoolExecutor.java:615)
	at java.lang.Thread.run(Thread.java:745)
[ERROR] Class not found
java.lang.ClassNotFoundException: rhino_ast.java.com.google.javascript.rhino.Messages_en
	at java.lang.ClassLoader.findClass(ClassLoader.java:531)
	at java.lang.ClassLoader.loadClass(ClassLoader.java:425)
	at java.lang.ClassLoader.loadClass(ClassLoader.java:358)
	at com.gzoltar.lib.instrumentation.util.GZoltarClassLoader.loadClass(Unknown Source)
	at java.util.ResourceBundle$Control.newBundle(ResourceBundle.java:2566)
	at java.util.ResourceBundle.loadBundle(ResourceBundle.java:1436)
	at java.util.ResourceBundle.findBundle(ResourceBundle.java:1400)
	at java.util.ResourceBundle.findBundle(ResourceBundle.java:1354)
	at java.util.ResourceBundle.getBundleImpl(ResourceBundle.java:1296)
	at java.util.ResourceBundle.getBundle(ResourceBundle.java:795)
	at com.google.javascript.rhino.ScriptRuntime.getMessage(ScriptRuntime.java:465)
	at com.google.javascript.rhino.ScriptRuntime.getMessage0(ScriptRuntime.java:422)
	at com.google.javascript.jscomp.RhinoErrorReporter.<init>(RhinoErrorReporter.java:75)
	at com.google.javascript.jscomp.RhinoErrorReporter.<init>(RhinoErrorReporter.java:33)
	at com.google.javascript.jscomp.RhinoErrorReporter$OldRhinoErrorReporter.<init>(RhinoErrorReporter.java:144)
	at com.google.javascript.jscomp.RhinoErrorReporter$OldRhinoErrorReporter.<init>(RhinoErrorReporter.java:140)
	at com.google.javascript.jscomp.RhinoErrorReporter.forOldRhino(RhinoErrorReporter.java:109)
	at com.google.javascript.jscomp.Compiler.<init>(Compiler.java:145)
	at com.google.javascript.jscomp.CommandLineRunner.createCompiler(CommandLineRunner.java:576)
	at com.google.javascript.jscomp.AbstractCommandLineRunner.doRun(AbstractCommandLineRunner.java:599)
	at com.google.javascript.jscomp.AbstractCommandLineRunner.run(AbstractCommandLineRunner.java:277)
	at com.google.javascript.jscomp.CommandLineRunnerTest.compile(CommandLineRunnerTest.java:845)
	at com.google.javascript.jscomp.CommandLineRunnerTest.test(CommandLineRunnerTest.java:732)
	at com.google.javascript.jscomp.CommandLineRunnerTest.test(CommandLineRunnerTest.java:721)
	at com.google.javascript.jscomp.CommandLineRunnerTest.testSourcePruningOn1(CommandLineRunnerTest.java:426)
	at sun.reflect.NativeMethodAccessorImpl.invoke0(Native Method)
	at sun.reflect.NativeMethodAccessorImpl.invoke(NativeMethodAccessorImpl.java:57)
	at sun.reflect.DelegatingMethodAccessorImpl.invoke(DelegatingMethodAccessorImpl.java:43)
	at java.lang.reflect.Method.invoke(Method.java:606)
	at junit.framework.TestCase.runTest(TestCase.java:176)
	at junit.framework.TestCase.runBare(TestCase.java:141)
	at junit.framework.TestResult$1.protect(TestResult.java:122)
	at junit.framework.TestResult.runProtected(TestResult.java:142)
	at junit.framework.TestResult.run(TestResult.java:125)
	at junit.framework.TestCase.run(TestCase.java:129)
	at junit.framework.TestSuite.runTest(TestSuite.java:255)
	at junit.framework.TestSuite.run(TestSuite.java:250)
	at org.junit.internal.runners.JUnit38ClassRunner.run(JUnit38ClassRunner.java:84)
	at com.gzoltar.lib.instrumentation.testing.junit.a.call(Unknown Source)
	at java.util.concurrent.FutureTask.run(FutureTask.java:262)
	at java.util.concurrent.ThreadPoolExecutor.runWorker(ThreadPoolExecutor.java:1145)
	at java.util.concurrent.ThreadPoolExecutor$Worker.run(ThreadPoolExecutor.java:615)
	at java.lang.Thread.run(Thread.java:745)
[ERROR] Class not found
java.lang.ClassNotFoundException: rhino_ast.java.com.google.javascript.rhino.Messages_en_US
	at java.lang.ClassLoader.findClass(ClassLoader.java:531)
	at java.lang.ClassLoader.loadClass(ClassLoader.java:425)
	at java.lang.ClassLoader.loadClass(ClassLoader.java:358)
	at com.gzoltar.lib.instrumentation.util.GZoltarClassLoader.loadClass(Unknown Source)
	at java.util.ResourceBundle$Control.newBundle(ResourceBundle.java:2566)
	at java.util.ResourceBundle.loadBundle(ResourceBundle.java:1436)
	at java.util.ResourceBundle.findBundle(ResourceBundle.java:1400)
	at java.util.ResourceBundle.getBundleImpl(ResourceBundle.java:1296)
	at java.util.ResourceBundle.getBundle(ResourceBundle.java:795)
	at com.google.javascript.rhino.ScriptRuntime.getMessage(ScriptRuntime.java:465)
	at com.google.javascript.rhino.ScriptRuntime.getMessage0(ScriptRuntime.java:422)
	at com.google.javascript.jscomp.RhinoErrorReporter.<init>(RhinoErrorReporter.java:75)
	at com.google.javascript.jscomp.RhinoErrorReporter.<init>(RhinoErrorReporter.java:33)
	at com.google.javascript.jscomp.RhinoErrorReporter$OldRhinoErrorReporter.<init>(RhinoErrorReporter.java:144)
	at com.google.javascript.jscomp.RhinoErrorReporter$OldRhinoErrorReporter.<init>(RhinoErrorReporter.java:140)
	at com.google.javascript.jscomp.RhinoErrorReporter.forOldRhino(RhinoErrorReporter.java:109)
	at com.google.javascript.jscomp.Compiler.<init>(Compiler.java:145)
	at com.google.javascript.jscomp.CommandLineRunner.createCompiler(CommandLineRunner.java:576)
	at com.google.javascript.jscomp.AbstractCommandLineRunner.doRun(AbstractCommandLineRunner.java:599)
	at com.google.javascript.jscomp.AbstractCommandLineRunner.run(AbstractCommandLineRunner.java:277)
	at com.google.javascript.jscomp.CommandLineRunnerTest.compile(CommandLineRunnerTest.java:845)
	at com.google.javascript.jscomp.CommandLineRunnerTest.test(CommandLineRunnerTest.java:732)
	at com.google.javascript.jscomp.CommandLineRunnerTest.test(CommandLineRunnerTest.java:721)
	at com.google.javascript.jscomp.CommandLineRunnerTest.testSourcePruningOn1(CommandLineRunnerTest.java:426)
	at sun.reflect.NativeMethodAccessorImpl.invoke0(Native Method)
	at sun.reflect.NativeMethodAccessorImpl.invoke(NativeMethodAccessorImpl.java:57)
	at sun.reflect.DelegatingMethodAccessorImpl.invoke(DelegatingMethodAccessorImpl.java:43)
	at java.lang.reflect.Method.invoke(Method.java:606)
	at junit.framework.TestCase.runTest(TestCase.java:176)
	at junit.framework.TestCase.runBare(TestCase.java:141)
	at junit.framework.TestResult$1.protect(TestResult.java:122)
	at junit.framework.TestResult.runProtected(TestResult.java:142)
	at junit.framework.TestResult.run(TestResult.java:125)
	at junit.framework.TestCase.run(TestCase.java:129)
	at junit.framework.TestSuite.runTest(TestSuite.java:255)
	at junit.framework.TestSuite.run(TestSuite.java:250)
	at org.junit.internal.runners.JUnit38ClassRunner.run(JUnit38ClassRunner.java:84)
	at com.gzoltar.lib.instrumentation.testing.junit.a.call(Unknown Source)
	at java.util.concurrent.FutureTask.run(FutureTask.java:262)
	at java.util.concurrent.ThreadPoolExecutor.runWorker(ThreadPoolExecutor.java:1145)
	at java.util.concurrent.ThreadPoolExecutor$Worker.run(ThreadPoolExecutor.java:615)
	at java.lang.Thread.run(Thread.java:745)
[ERROR] Class not found
java.lang.ClassNotFoundException: com.google.javascript.jscomp.mozilla.rhino.VMBridge_custom
	at java.lang.ClassLoader.findClass(ClassLoader.java:531)
	at java.lang.ClassLoader.loadClass(ClassLoader.java:425)
	at java.lang.ClassLoader.loadClass(ClassLoader.java:358)
	at com.gzoltar.lib.instrumentation.util.GZoltarClassLoader.loadClass(Unknown Source)
	at java.lang.Class.forName0(Native Method)
	at java.lang.Class.forName(Class.java:195)
	at com.google.javascript.jscomp.mozilla.rhino.Kit.classOrNull(Kit.java:74)
	at com.google.javascript.jscomp.mozilla.rhino.VMBridge.makeInstance(VMBridge.java:61)
	at com.google.javascript.jscomp.mozilla.rhino.VMBridge.<clinit>(VMBridge.java:49)
	at com.google.javascript.jscomp.mozilla.rhino.Context.getCurrentContext(Context.java:379)
	at com.google.javascript.jscomp.mozilla.rhino.ScriptRuntime$DefaultMessageProvider.getMessage(ScriptRuntime.java:3703)
	at com.google.javascript.jscomp.mozilla.rhino.ScriptRuntime.getMessage(ScriptRuntime.java:3691)
	at com.google.javascript.jscomp.mozilla.rhino.ScriptRuntime.getMessage0(ScriptRuntime.java:3639)
	at com.google.javascript.jscomp.RhinoErrorReporter.<init>(RhinoErrorReporter.java:75)
	at com.google.javascript.jscomp.RhinoErrorReporter.<init>(RhinoErrorReporter.java:33)
	at com.google.javascript.jscomp.RhinoErrorReporter$OldRhinoErrorReporter.<init>(RhinoErrorReporter.java:144)
	at com.google.javascript.jscomp.RhinoErrorReporter$OldRhinoErrorReporter.<init>(RhinoErrorReporter.java:140)
	at com.google.javascript.jscomp.RhinoErrorReporter.forOldRhino(RhinoErrorReporter.java:109)
	at com.google.javascript.jscomp.Compiler.<init>(Compiler.java:145)
	at com.google.javascript.jscomp.CommandLineRunner.createCompiler(CommandLineRunner.java:576)
	at com.google.javascript.jscomp.AbstractCommandLineRunner.doRun(AbstractCommandLineRunner.java:599)
	at com.google.javascript.jscomp.AbstractCommandLineRunner.run(AbstractCommandLineRunner.java:277)
	at com.google.javascript.jscomp.CommandLineRunnerTest.compile(CommandLineRunnerTest.java:845)
	at com.google.javascript.jscomp.CommandLineRunnerTest.test(CommandLineRunnerTest.java:732)
	at com.google.javascript.jscomp.CommandLineRunnerTest.test(CommandLineRunnerTest.java:721)
	at com.google.javascript.jscomp.CommandLineRunnerTest.testSourcePruningOn1(CommandLineRunnerTest.java:426)
	at sun.reflect.NativeMethodAccessorImpl.invoke0(Native Method)
	at sun.reflect.NativeMethodAccessorImpl.invoke(NativeMethodAccessorImpl.java:57)
	at sun.reflect.DelegatingMethodAccessorImpl.invoke(DelegatingMethodAccessorImpl.java:43)
	at java.lang.reflect.Method.invoke(Method.java:606)
	at junit.framework.TestCase.runTest(TestCase.java:176)
	at junit.framework.TestCase.runBare(TestCase.java:141)
	at junit.framework.TestResult$1.protect(TestResult.java:122)
	at junit.framework.TestResult.runProtected(TestResult.java:142)
	at junit.framework.TestResult.run(TestResult.java:125)
	at junit.framework.TestCase.run(TestCase.java:129)
	at junit.framework.TestSuite.runTest(TestSuite.java:255)
	at junit.framework.TestSuite.run(TestSuite.java:250)
	at org.junit.internal.runners.JUnit38ClassRunner.run(JUnit38ClassRunner.java:84)
	at com.gzoltar.lib.instrumentation.testing.junit.a.call(Unknown Source)
	at java.util.concurrent.FutureTask.run(FutureTask.java:262)
	at java.util.concurrent.ThreadPoolExecutor.runWorker(ThreadPoolExecutor.java:1145)
	at java.util.concurrent.ThreadPoolExecutor$Worker.run(ThreadPoolExecutor.java:615)
	at java.lang.Thread.run(Thread.java:745)
[ERROR] Class not found
java.lang.ClassNotFoundException: com.google.javascript.jscomp.mozilla.rhino.resources.Messages
	at java.lang.ClassLoader.findClass(ClassLoader.java:531)
	at java.lang.ClassLoader.loadClass(ClassLoader.java:425)
	at java.lang.ClassLoader.loadClass(ClassLoader.java:358)
	at com.gzoltar.lib.instrumentation.util.GZoltarClassLoader.loadClass(Unknown Source)
	at java.util.ResourceBundle$Control.newBundle(ResourceBundle.java:2566)
	at java.util.ResourceBundle.loadBundle(ResourceBundle.java:1436)
	at java.util.ResourceBundle.findBundle(ResourceBundle.java:1400)
	at java.util.ResourceBundle.findBundle(ResourceBundle.java:1354)
	at java.util.ResourceBundle.findBundle(ResourceBundle.java:1354)
	at java.util.ResourceBundle.getBundleImpl(ResourceBundle.java:1296)
	at java.util.ResourceBundle.getBundle(ResourceBundle.java:795)
	at com.google.javascript.jscomp.mozilla.rhino.ScriptRuntime$DefaultMessageProvider.getMessage(ScriptRuntime.java:3707)
	at com.google.javascript.jscomp.mozilla.rhino.ScriptRuntime.getMessage(ScriptRuntime.java:3691)
	at com.google.javascript.jscomp.mozilla.rhino.ScriptRuntime.getMessage0(ScriptRuntime.java:3639)
	at com.google.javascript.jscomp.RhinoErrorReporter.<init>(RhinoErrorReporter.java:75)
	at com.google.javascript.jscomp.RhinoErrorReporter.<init>(RhinoErrorReporter.java:33)
	at com.google.javascript.jscomp.RhinoErrorReporter$OldRhinoErrorReporter.<init>(RhinoErrorReporter.java:144)
	at com.google.javascript.jscomp.RhinoErrorReporter$OldRhinoErrorReporter.<init>(RhinoErrorReporter.java:140)
	at com.google.javascript.jscomp.RhinoErrorReporter.forOldRhino(RhinoErrorReporter.java:109)
	at com.google.javascript.jscomp.Compiler.<init>(Compiler.java:145)
	at com.google.javascript.jscomp.CommandLineRunner.createCompiler(CommandLineRunner.java:576)
	at com.google.javascript.jscomp.AbstractCommandLineRunner.doRun(AbstractCommandLineRunner.java:599)
	at com.google.javascript.jscomp.AbstractCommandLineRunner.run(AbstractCommandLineRunner.java:277)
	at com.google.javascript.jscomp.CommandLineRunnerTest.compile(CommandLineRunnerTest.java:845)
	at com.google.javascript.jscomp.CommandLineRunnerTest.test(CommandLineRunnerTest.java:732)
	at com.google.javascript.jscomp.CommandLineRunnerTest.test(CommandLineRunnerTest.java:721)
	at com.google.javascript.jscomp.CommandLineRunnerTest.testSourcePruningOn1(CommandLineRunnerTest.java:426)
	at sun.reflect.NativeMethodAccessorImpl.invoke0(Native Method)
	at sun.reflect.NativeMethodAccessorImpl.invoke(NativeMethodAccessorImpl.java:57)
	at sun.reflect.DelegatingMethodAccessorImpl.invoke(DelegatingMethodAccessorImpl.java:43)
	at java.lang.reflect.Method.invoke(Method.java:606)
	at junit.framework.TestCase.runTest(TestCase.java:176)
	at junit.framework.TestCase.runBare(TestCase.java:141)
	at junit.framework.TestResult$1.protect(TestResult.java:122)
	at junit.framework.TestResult.runProtected(TestResult.java:142)
	at junit.framework.TestResult.run(TestResult.java:125)
	at junit.framework.TestCase.run(TestCase.java:129)
	at junit.framework.TestSuite.runTest(TestSuite.java:255)
	at junit.framework.TestSuite.run(TestSuite.java:250)
	at org.junit.internal.runners.JUnit38ClassRunner.run(JUnit38ClassRunner.java:84)
	at com.gzoltar.lib.instrumentation.testing.junit.a.call(Unknown Source)
	at java.util.concurrent.FutureTask.run(FutureTask.java:262)
	at java.util.concurrent.ThreadPoolExecutor.runWorker(ThreadPoolExecutor.java:1145)
	at java.util.concurrent.ThreadPoolExecutor$Worker.run(ThreadPoolExecutor.java:615)
	at java.lang.Thread.run(Thread.java:745)
[ERROR] Class not found
java.lang.ClassNotFoundException: com.google.javascript.jscomp.mozilla.rhino.resources.Messages_en
	at java.lang.ClassLoader.findClass(ClassLoader.java:531)
	at java.lang.ClassLoader.loadClass(ClassLoader.java:425)
	at java.lang.ClassLoader.loadClass(ClassLoader.java:358)
	at com.gzoltar.lib.instrumentation.util.GZoltarClassLoader.loadClass(Unknown Source)
	at java.util.ResourceBundle$Control.newBundle(ResourceBundle.java:2566)
	at java.util.ResourceBundle.loadBundle(ResourceBundle.java:1436)
	at java.util.ResourceBundle.findBundle(ResourceBundle.java:1400)
	at java.util.ResourceBundle.findBundle(ResourceBundle.java:1354)
	at java.util.ResourceBundle.getBundleImpl(ResourceBundle.java:1296)
	at java.util.ResourceBundle.getBundle(ResourceBundle.java:795)
	at com.google.javascript.jscomp.mozilla.rhino.ScriptRuntime$DefaultMessageProvider.getMessage(ScriptRuntime.java:3707)
	at com.google.javascript.jscomp.mozilla.rhino.ScriptRuntime.getMessage(ScriptRuntime.java:3691)
	at com.google.javascript.jscomp.mozilla.rhino.ScriptRuntime.getMessage0(ScriptRuntime.java:3639)
	at com.google.javascript.jscomp.RhinoErrorReporter.<init>(RhinoErrorReporter.java:75)
	at com.google.javascript.jscomp.RhinoErrorReporter.<init>(RhinoErrorReporter.java:33)
	at com.google.javascript.jscomp.RhinoErrorReporter$OldRhinoErrorReporter.<init>(RhinoErrorReporter.java:144)
	at com.google.javascript.jscomp.RhinoErrorReporter$OldRhinoErrorReporter.<init>(RhinoErrorReporter.java:140)
	at com.google.javascript.jscomp.RhinoErrorReporter.forOldRhino(RhinoErrorReporter.java:109)
	at com.google.javascript.jscomp.Compiler.<init>(Compiler.java:145)
	at com.google.javascript.jscomp.CommandLineRunner.createCompiler(CommandLineRunner.java:576)
	at com.google.javascript.jscomp.AbstractCommandLineRunner.doRun(AbstractCommandLineRunner.java:599)
	at com.google.javascript.jscomp.AbstractCommandLineRunner.run(AbstractCommandLineRunner.java:277)
	at com.google.javascript.jscomp.CommandLineRunnerTest.compile(CommandLineRunnerTest.java:845)
	at com.google.javascript.jscomp.CommandLineRunnerTest.test(CommandLineRunnerTest.java:732)
	at com.google.javascript.jscomp.CommandLineRunnerTest.test(CommandLineRunnerTest.java:721)
	at com.google.javascript.jscomp.CommandLineRunnerTest.testSourcePruningOn1(CommandLineRunnerTest.java:426)
	at sun.reflect.NativeMethodAccessorImpl.invoke0(Native Method)
	at sun.reflect.NativeMethodAccessorImpl.invoke(NativeMethodAccessorImpl.java:57)
	at sun.reflect.DelegatingMethodAccessorImpl.invoke(DelegatingMethodAccessorImpl.java:43)
	at java.lang.reflect.Method.invoke(Method.java:606)
	at junit.framework.TestCase.runTest(TestCase.java:176)
	at junit.framework.TestCase.runBare(TestCase.java:141)
	at junit.framework.TestResult$1.protect(TestResult.java:122)
	at junit.framework.TestResult.runProtected(TestResult.java:142)
	at junit.framework.TestResult.run(TestResult.java:125)
	at junit.framework.TestCase.run(TestCase.java:129)
	at junit.framework.TestSuite.runTest(TestSuite.java:255)
	at junit.framework.TestSuite.run(TestSuite.java:250)
	at org.junit.internal.runners.JUnit38ClassRunner.run(JUnit38ClassRunner.java:84)
	at com.gzoltar.lib.instrumentation.testing.junit.a.call(Unknown Source)
	at java.util.concurrent.FutureTask.run(FutureTask.java:262)
	at java.util.concurrent.ThreadPoolExecutor.runWorker(ThreadPoolExecutor.java:1145)
	at java.util.concurrent.ThreadPoolExecutor$Worker.run(ThreadPoolExecutor.java:615)
	at java.lang.Thread.run(Thread.java:745)
[ERROR] Class not found
java.lang.ClassNotFoundException: com.google.javascript.jscomp.mozilla.rhino.resources.Messages_en_US
	at java.lang.ClassLoader.findClass(ClassLoader.java:531)
	at java.lang.ClassLoader.loadClass(ClassLoader.java:425)
	at java.lang.ClassLoader.loadClass(ClassLoader.java:358)
	at com.gzoltar.lib.instrumentation.util.GZoltarClassLoader.loadClass(Unknown Source)
	at java.util.ResourceBundle$Control.newBundle(ResourceBundle.java:2566)
	at java.util.ResourceBundle.loadBundle(ResourceBundle.java:1436)
	at java.util.ResourceBundle.findBundle(ResourceBundle.java:1400)
	at java.util.ResourceBundle.getBundleImpl(ResourceBundle.java:1296)
	at java.util.ResourceBundle.getBundle(ResourceBundle.java:795)
	at com.google.javascript.jscomp.mozilla.rhino.ScriptRuntime$DefaultMessageProvider.getMessage(ScriptRuntime.java:3707)
	at com.google.javascript.jscomp.mozilla.rhino.ScriptRuntime.getMessage(ScriptRuntime.java:3691)
	at com.google.javascript.jscomp.mozilla.rhino.ScriptRuntime.getMessage0(ScriptRuntime.java:3639)
	at com.google.javascript.jscomp.RhinoErrorReporter.<init>(RhinoErrorReporter.java:75)
	at com.google.javascript.jscomp.RhinoErrorReporter.<init>(RhinoErrorReporter.java:33)
	at com.google.javascript.jscomp.RhinoErrorReporter$OldRhinoErrorReporter.<init>(RhinoErrorReporter.java:144)
	at com.google.javascript.jscomp.RhinoErrorReporter$OldRhinoErrorReporter.<init>(RhinoErrorReporter.java:140)
	at com.google.javascript.jscomp.RhinoErrorReporter.forOldRhino(RhinoErrorReporter.java:109)
	at com.google.javascript.jscomp.Compiler.<init>(Compiler.java:145)
	at com.google.javascript.jscomp.CommandLineRunner.createCompiler(CommandLineRunner.java:576)
	at com.google.javascript.jscomp.AbstractCommandLineRunner.doRun(AbstractCommandLineRunner.java:599)
	at com.google.javascript.jscomp.AbstractCommandLineRunner.run(AbstractCommandLineRunner.java:277)
	at com.google.javascript.jscomp.CommandLineRunnerTest.compile(CommandLineRunnerTest.java:845)
	at com.google.javascript.jscomp.CommandLineRunnerTest.test(CommandLineRunnerTest.java:732)
	at com.google.javascript.jscomp.CommandLineRunnerTest.test(CommandLineRunnerTest.java:721)
	at com.google.javascript.jscomp.CommandLineRunnerTest.testSourcePruningOn1(CommandLineRunnerTest.java:426)
	at sun.reflect.NativeMethodAccessorImpl.invoke0(Native Method)
	at sun.reflect.NativeMethodAccessorImpl.invoke(NativeMethodAccessorImpl.java:57)
	at sun.reflect.DelegatingMethodAccessorImpl.invoke(DelegatingMethodAccessorImpl.java:43)
	at java.lang.reflect.Method.invoke(Method.java:606)
	at junit.framework.TestCase.runTest(TestCase.java:176)
	at junit.framework.TestCase.runBare(TestCase.java:141)
	at junit.framework.TestResult$1.protect(TestResult.java:122)
	at junit.framework.TestResult.runProtected(TestResult.java:142)
	at junit.framework.TestResult.run(TestResult.java:125)
	at junit.framework.TestCase.run(TestCase.java:129)
	at junit.framework.TestSuite.runTest(TestSuite.java:255)
	at junit.framework.TestSuite.run(TestSuite.java:250)
	at org.junit.internal.runners.JUnit38ClassRunner.run(JUnit38ClassRunner.java:84)
	at com.gzoltar.lib.instrumentation.testing.junit.a.call(Unknown Source)
	at java.util.concurrent.FutureTask.run(FutureTask.java:262)
	at java.util.concurrent.ThreadPoolExecutor.runWorker(ThreadPoolExecutor.java:1145)
	at java.util.concurrent.ThreadPoolExecutor$Worker.run(ThreadPoolExecutor.java:615)
	at java.lang.Thread.run(Thread.java:745)
[ERROR] Class not found
java.lang.ClassNotFoundException: com.google.javascript.jscomp.parsing.ParserConfig
	at java.lang.ClassLoader.findClass(ClassLoader.java:531)
	at java.lang.ClassLoader.loadClass(ClassLoader.java:425)
	at java.lang.ClassLoader.loadClass(ClassLoader.java:358)
	at com.gzoltar.lib.instrumentation.util.GZoltarClassLoader.loadClass(Unknown Source)
	at java.util.ResourceBundle$Control.newBundle(ResourceBundle.java:2566)
	at java.util.ResourceBundle.loadBundle(ResourceBundle.java:1436)
	at java.util.ResourceBundle.findBundle(ResourceBundle.java:1400)
	at java.util.ResourceBundle.findBundle(ResourceBundle.java:1354)
	at java.util.ResourceBundle.findBundle(ResourceBundle.java:1354)
	at java.util.ResourceBundle.getBundleImpl(ResourceBundle.java:1296)
	at java.util.ResourceBundle.getBundle(ResourceBundle.java:721)
	at com.google.javascript.jscomp.parsing.ParserRunner.initResourceConfig(ParserRunner.java:66)
	at com.google.javascript.jscomp.parsing.ParserRunner.createConfig(ParserRunner.java:55)
	at com.google.javascript.jscomp.Compiler.getParserConfig(Compiler.java:1679)
	at com.google.javascript.jscomp.JsAst.parse(JsAst.java:88)
	at com.google.javascript.jscomp.JsAst.createAst(JsAst.java:77)
	at com.google.javascript.jscomp.JsAst.getAstRoot(JsAst.java:50)
	at com.google.javascript.jscomp.CompilerInput.getAstRoot(CompilerInput.java:102)
	at com.google.javascript.jscomp.Compiler.parseInputs(Compiler.java:1096)
	at com.google.javascript.jscomp.Compiler.parse(Compiler.java:659)
	at com.google.javascript.jscomp.Compiler.compileInternal(Compiler.java:617)
	at com.google.javascript.jscomp.Compiler.access$000(Compiler.java:65)
	at com.google.javascript.jscomp.Compiler$1.call(Compiler.java:541)
	at com.google.javascript.jscomp.Compiler$1.call(Compiler.java:539)
	at com.google.javascript.jscomp.Compiler$2.run(Compiler.java:582)
	at java.lang.Thread.run(Thread.java:745)
[ERROR] Class not found
java.lang.ClassNotFoundException: com.google.javascript.jscomp.parsing.ParserConfig_en
	at java.lang.ClassLoader.findClass(ClassLoader.java:531)
	at java.lang.ClassLoader.loadClass(ClassLoader.java:425)
	at java.lang.ClassLoader.loadClass(ClassLoader.java:358)
	at com.gzoltar.lib.instrumentation.util.GZoltarClassLoader.loadClass(Unknown Source)
	at java.util.ResourceBundle$Control.newBundle(ResourceBundle.java:2566)
	at java.util.ResourceBundle.loadBundle(ResourceBundle.java:1436)
	at java.util.ResourceBundle.findBundle(ResourceBundle.java:1400)
	at java.util.ResourceBundle.findBundle(ResourceBundle.java:1354)
	at java.util.ResourceBundle.getBundleImpl(ResourceBundle.java:1296)
	at java.util.ResourceBundle.getBundle(ResourceBundle.java:721)
	at com.google.javascript.jscomp.parsing.ParserRunner.initResourceConfig(ParserRunner.java:66)
	at com.google.javascript.jscomp.parsing.ParserRunner.createConfig(ParserRunner.java:55)
	at com.google.javascript.jscomp.Compiler.getParserConfig(Compiler.java:1679)
	at com.google.javascript.jscomp.JsAst.parse(JsAst.java:88)
	at com.google.javascript.jscomp.JsAst.createAst(JsAst.java:77)
	at com.google.javascript.jscomp.JsAst.getAstRoot(JsAst.java:50)
	at com.google.javascript.jscomp.CompilerInput.getAstRoot(CompilerInput.java:102)
	at com.google.javascript.jscomp.Compiler.parseInputs(Compiler.java:1096)
	at com.google.javascript.jscomp.Compiler.parse(Compiler.java:659)
	at com.google.javascript.jscomp.Compiler.compileInternal(Compiler.java:617)
	at com.google.javascript.jscomp.Compiler.access$000(Compiler.java:65)
	at com.google.javascript.jscomp.Compiler$1.call(Compiler.java:541)
	at com.google.javascript.jscomp.Compiler$1.call(Compiler.java:539)
	at com.google.javascript.jscomp.Compiler$2.run(Compiler.java:582)
	at java.lang.Thread.run(Thread.java:745)
[ERROR] Class not found
java.lang.ClassNotFoundException: com.google.javascript.jscomp.parsing.ParserConfig_en_US
	at java.lang.ClassLoader.findClass(ClassLoader.java:531)
	at java.lang.ClassLoader.loadClass(ClassLoader.java:425)
	at java.lang.ClassLoader.loadClass(ClassLoader.java:358)
	at com.gzoltar.lib.instrumentation.util.GZoltarClassLoader.loadClass(Unknown Source)
	at java.util.ResourceBundle$Control.newBundle(ResourceBundle.java:2566)
	at java.util.ResourceBundle.loadBundle(ResourceBundle.java:1436)
	at java.util.ResourceBundle.findBundle(ResourceBundle.java:1400)
	at java.util.ResourceBundle.getBundleImpl(ResourceBundle.java:1296)
	at java.util.ResourceBundle.getBundle(ResourceBundle.java:721)
	at com.google.javascript.jscomp.parsing.ParserRunner.initResourceConfig(ParserRunner.java:66)
	at com.google.javascript.jscomp.parsing.ParserRunner.createConfig(ParserRunner.java:55)
	at com.google.javascript.jscomp.Compiler.getParserConfig(Compiler.java:1679)
	at com.google.javascript.jscomp.JsAst.parse(JsAst.java:88)
	at com.google.javascript.jscomp.JsAst.createAst(JsAst.java:77)
	at com.google.javascript.jscomp.JsAst.getAstRoot(JsAst.java:50)
	at com.google.javascript.jscomp.CompilerInput.getAstRoot(CompilerInput.java:102)
	at com.google.javascript.jscomp.Compiler.parseInputs(Compiler.java:1096)
	at com.google.javascript.jscomp.Compiler.parse(Compiler.java:659)
	at com.google.javascript.jscomp.Compiler.compileInternal(Compiler.java:617)
	at com.google.javascript.jscomp.Compiler.access$000(Compiler.java:65)
	at com.google.javascript.jscomp.Compiler$1.call(Compiler.java:541)
	at com.google.javascript.jscomp.Compiler$1.call(Compiler.java:539)
	at com.google.javascript.jscomp.Compiler$2.run(Compiler.java:582)
	at java.lang.Thread.run(Thread.java:745)
* Finished com.google.javascript.jscomp.CommandLineRunnerTest#testSourcePruningOn1
* Started com.google.javascript.jscomp.CommandLineRunnerTest#testSourcePruningOn2
* Finished com.google.javascript.jscomp.CommandLineRunnerTest#testSourcePruningOn2
* Started com.google.javascript.jscomp.CommandLineRunnerTest#testSourcePruningOn3
* Finished com.google.javascript.jscomp.CommandLineRunnerTest#testSourcePruningOn3
* Started com.google.javascript.jscomp.CommandLineRunnerTest#testSourcePruningOn4
* Finished com.google.javascript.jscomp.CommandLineRunnerTest#testSourcePruningOn4
* Started com.google.javascript.jscomp.CommandLineRunnerTest#testSourcePruningOn5
* Finished com.google.javascript.jscomp.CommandLineRunnerTest#testSourcePruningOn5
* Started com.google.javascript.jscomp.CommandLineRunnerTest#testSourcePruningOn6
* Finished com.google.javascript.jscomp.CommandLineRunnerTest#testSourcePruningOn6
* Started com.google.javascript.jscomp.CommandLineRunnerTest#testExternsLifting1
* Finished com.google.javascript.jscomp.CommandLineRunnerTest#testExternsLifting1
* Started com.google.javascript.jscomp.CommandLineRunnerTest#testExternsLifting2
* Finished com.google.javascript.jscomp.CommandLineRunnerTest#testExternsLifting2
* Started com.google.javascript.jscomp.CommandLineRunnerTest#testSourceMapFormat1
* Finished com.google.javascript.jscomp.CommandLineRunnerTest#testSourceMapFormat1
* Started com.google.javascript.jscomp.CommandLineRunnerTest#testDefineFlag
* Finished com.google.javascript.jscomp.CommandLineRunnerTest#testDefineFlag
* Started com.google.javascript.jscomp.CommandLineRunnerTest#testProcessClosurePrimitives
* Finished com.google.javascript.jscomp.CommandLineRunnerTest#testProcessClosurePrimitives
* Started com.google.javascript.jscomp.CommandLineRunnerTest#testSourceSortingOff
* Finished com.google.javascript.jscomp.CommandLineRunnerTest#testSourceSortingOff
* Started com.google.javascript.jscomp.CommandLineRunnerTest#testCharSetExpansion
* Finished com.google.javascript.jscomp.CommandLineRunnerTest#testCharSetExpansion
* Started com.google.javascript.jscomp.CommandLineRunnerTest#testTypeParsingOnWithVerbose
* Finished com.google.javascript.jscomp.CommandLineRunnerTest#testTypeParsingOnWithVerbose
* Started com.google.javascript.jscomp.CommandLineRunnerTest#testChainModuleManifest
* Finished com.google.javascript.jscomp.CommandLineRunnerTest#testChainModuleManifest
* Started com.google.javascript.jscomp.CommandLineRunnerTest#testFunctionStrictModeNoWarning
* Finished com.google.javascript.jscomp.CommandLineRunnerTest#testFunctionStrictModeNoWarning
* Started com.google.javascript.jscomp.CommandLineRunnerTest#testForwardDeclareDroppedTypes
* Finished com.google.javascript.jscomp.CommandLineRunnerTest#testForwardDeclareDroppedTypes
* Started com.google.javascript.jscomp.CommandLineRunnerTest#testSourceMapExpansion1
* Finished com.google.javascript.jscomp.CommandLineRunnerTest#testSourceMapExpansion1
* Started com.google.javascript.jscomp.CommandLineRunnerTest#testSourceMapExpansion2
* Finished com.google.javascript.jscomp.CommandLineRunnerTest#testSourceMapExpansion2
* Started com.google.javascript.jscomp.CommandLineRunnerTest#testSourceMapExpansion3
* Finished com.google.javascript.jscomp.CommandLineRunnerTest#testSourceMapExpansion3
* Started com.google.javascript.jscomp.CommandLineRunnerTest#testGenerateExports
* Finished com.google.javascript.jscomp.CommandLineRunnerTest#testGenerateExports
* Started com.google.javascript.jscomp.CommandLineRunnerTest#testMissingReturnCheckOnWithVerbose
* Finished com.google.javascript.jscomp.CommandLineRunnerTest#testMissingReturnCheckOnWithVerbose
* Started com.google.javascript.jscomp.CommandLineRunnerTest#testStarModuleManifest
* Finished com.google.javascript.jscomp.CommandLineRunnerTest#testStarModuleManifest
* Started com.google.javascript.jscomp.CommandLineRunnerTest#testTypeCheckOverride1
* Finished com.google.javascript.jscomp.CommandLineRunnerTest#testTypeCheckOverride1
* Started com.google.javascript.jscomp.CommandLineRunnerTest#testTypeCheckOverride2
* Finished com.google.javascript.jscomp.CommandLineRunnerTest#testTypeCheckOverride2
* Started com.google.javascript.jscomp.CommandLineRunnerTest#testHelpFlag
* Finished com.google.javascript.jscomp.CommandLineRunnerTest#testHelpFlag
* Started com.google.javascript.jscomp.CommandLineRunnerTest#testBooleanFlag1
* Finished com.google.javascript.jscomp.CommandLineRunnerTest#testBooleanFlag1
* Started com.google.javascript.jscomp.CommandLineRunnerTest#testBooleanFlag2
* Finished com.google.javascript.jscomp.CommandLineRunnerTest#testBooleanFlag2
* Started com.google.javascript.jscomp.CommandLineRunnerTest#testCheckSymbolsOffForDefault
* Finished com.google.javascript.jscomp.CommandLineRunnerTest#testCheckSymbolsOffForDefault
* Started com.google.javascript.jscomp.CommandLineRunnerTest#testSourceSortingCircularDeps1
* Finished com.google.javascript.jscomp.CommandLineRunnerTest#testSourceSortingCircularDeps1
* Started com.google.javascript.jscomp.CommandLineRunnerTest#testSourceSortingCircularDeps2
* Finished com.google.javascript.jscomp.CommandLineRunnerTest#testSourceSortingCircularDeps2
* Started com.google.javascript.jscomp.CommandLineRunnerTest#testVersionFlag
Closure Compiler (http://code.google.com/closure/compiler)
Version: Unversioned directory
Built on: 2019/08/26 16:35
* Finished com.google.javascript.jscomp.CommandLineRunnerTest#testVersionFlag
* Started com.google.javascript.jscomp.CommandLineRunnerTest#testTypeParsingOffByDefault
* Finished com.google.javascript.jscomp.CommandLineRunnerTest#testTypeParsingOffByDefault
* Started com.google.javascript.jscomp.CommandLineRunnerTest#testScriptStrictModeNoWarning
* Finished com.google.javascript.jscomp.CommandLineRunnerTest#testScriptStrictModeNoWarning
* Started com.google.javascript.jscomp.CommandLineRunnerTest#testDuplicateParams
* Finished com.google.javascript.jscomp.CommandLineRunnerTest#testDuplicateParams
* Started com.google.javascript.jscomp.CommandLineRunnerTest#testPrintAstFlag
* Finished com.google.javascript.jscomp.CommandLineRunnerTest#testPrintAstFlag
* Started com.google.javascript.jscomp.CommandLineRunnerTest#testSourceSortingOn
* Finished com.google.javascript.jscomp.CommandLineRunnerTest#testSourceSortingOn
* Started com.google.javascript.jscomp.CommandLineRunnerTest#testDepreciationWithVerbose
* Finished com.google.javascript.jscomp.CommandLineRunnerTest#testDepreciationWithVerbose
* Started com.google.javascript.jscomp.CommandLineRunnerTest#testCheckSymbolsOnForVerbose
* Finished com.google.javascript.jscomp.CommandLineRunnerTest#testCheckSymbolsOnForVerbose
* Started com.google.javascript.jscomp.CommandLineRunnerTest#testTypeCheckingOnWithVerbose
* Finished com.google.javascript.jscomp.CommandLineRunnerTest#testTypeCheckingOnWithVerbose
* Started com.google.javascript.jscomp.CommandLineRunnerTest#testGoogAssertStripping
* Finished com.google.javascript.jscomp.CommandLineRunnerTest#testGoogAssertStripping
* Started com.google.javascript.jscomp.CommandLineRunnerTest#testVersionFlag2
[ERROR] Class not found
java.lang.ClassNotFoundException: org.kohsuke.args4j.Messages_en
	at java.lang.ClassLoader.findClass(ClassLoader.java:531)
	at java.lang.ClassLoader.loadClass(ClassLoader.java:425)
	at java.lang.ClassLoader.loadClass(ClassLoader.java:358)
	at com.gzoltar.lib.instrumentation.util.GZoltarClassLoader.loadClass(Unknown Source)
	at java.util.ResourceBundle$Control.newBundle(ResourceBundle.java:2566)
	at java.util.ResourceBundle.loadBundle(ResourceBundle.java:1436)
	at java.util.ResourceBundle.findBundle(ResourceBundle.java:1400)
	at java.util.ResourceBundle.findBundle(ResourceBundle.java:1354)
	at java.util.ResourceBundle.getBundleImpl(ResourceBundle.java:1296)
	at java.util.ResourceBundle.getBundle(ResourceBundle.java:721)
	at org.kohsuke.args4j.Messages.format(Messages.java:25)
	at org.kohsuke.args4j.CmdLineParser$CmdLineImpl.getParameter(CmdLineParser.java:401)
	at com.google.javascript.jscomp.CommandLineRunner$Flags$BooleanOptionHandler.parseArguments(CommandLineRunner.java:356)
	at org.kohsuke.args4j.CmdLineParser.parseArgument(CmdLineParser.java:451)
	at com.google.javascript.jscomp.CommandLineRunner.initConfigFromFlags(CommandLineRunner.java:487)
	at com.google.javascript.jscomp.CommandLineRunner.<init>(CommandLineRunner.java:424)
	at com.google.javascript.jscomp.CommandLineRunnerTest.createCommandLineRunner(CommandLineRunnerTest.java:805)
	at com.google.javascript.jscomp.CommandLineRunnerTest.compile(CommandLineRunnerTest.java:812)
	at com.google.javascript.jscomp.CommandLineRunnerTest.test(CommandLineRunnerTest.java:732)
	at com.google.javascript.jscomp.CommandLineRunnerTest.test(CommandLineRunnerTest.java:721)
	at com.google.javascript.jscomp.CommandLineRunnerTest.testSame(CommandLineRunnerTest.java:709)
	at com.google.javascript.jscomp.CommandLineRunnerTest.testSame(CommandLineRunnerTest.java:705)
	at com.google.javascript.jscomp.CommandLineRunnerTest.testVersionFlag2(CommandLineRunnerTest.java:631)
	at sun.reflect.NativeMethodAccessorImpl.invoke0(Native Method)
	at sun.reflect.NativeMethodAccessorImpl.invoke(NativeMethodAccessorImpl.java:57)
	at sun.reflect.DelegatingMethodAccessorImpl.invoke(DelegatingMethodAccessorImpl.java:43)
	at java.lang.reflect.Method.invoke(Method.java:606)
	at junit.framework.TestCase.runTest(TestCase.java:176)
	at junit.framework.TestCase.runBare(TestCase.java:141)
	at junit.framework.TestResult$1.protect(TestResult.java:122)
	at junit.framework.TestResult.runProtected(TestResult.java:142)
	at junit.framework.TestResult.run(TestResult.java:125)
	at junit.framework.TestCase.run(TestCase.java:129)
	at junit.framework.TestSuite.runTest(TestSuite.java:255)
	at junit.framework.TestSuite.run(TestSuite.java:250)
	at org.junit.internal.runners.JUnit38ClassRunner.run(JUnit38ClassRunner.java:84)
	at com.gzoltar.lib.instrumentation.testing.junit.a.call(Unknown Source)
	at java.util.concurrent.FutureTask.run(FutureTask.java:262)
	at java.util.concurrent.ThreadPoolExecutor.runWorker(ThreadPoolExecutor.java:1145)
	at java.util.concurrent.ThreadPoolExecutor$Worker.run(ThreadPoolExecutor.java:615)
	at java.lang.Thread.run(Thread.java:745)
[ERROR] Class not found
java.lang.ClassNotFoundException: org.kohsuke.args4j.Messages_en_US
	at java.lang.ClassLoader.findClass(ClassLoader.java:531)
	at java.lang.ClassLoader.loadClass(ClassLoader.java:425)
	at java.lang.ClassLoader.loadClass(ClassLoader.java:358)
	at com.gzoltar.lib.instrumentation.util.GZoltarClassLoader.loadClass(Unknown Source)
	at java.util.ResourceBundle$Control.newBundle(ResourceBundle.java:2566)
	at java.util.ResourceBundle.loadBundle(ResourceBundle.java:1436)
	at java.util.ResourceBundle.findBundle(ResourceBundle.java:1400)
	at java.util.ResourceBundle.getBundleImpl(ResourceBundle.java:1296)
	at java.util.ResourceBundle.getBundle(ResourceBundle.java:721)
	at org.kohsuke.args4j.Messages.format(Messages.java:25)
	at org.kohsuke.args4j.CmdLineParser$CmdLineImpl.getParameter(CmdLineParser.java:401)
	at com.google.javascript.jscomp.CommandLineRunner$Flags$BooleanOptionHandler.parseArguments(CommandLineRunner.java:356)
	at org.kohsuke.args4j.CmdLineParser.parseArgument(CmdLineParser.java:451)
	at com.google.javascript.jscomp.CommandLineRunner.initConfigFromFlags(CommandLineRunner.java:487)
	at com.google.javascript.jscomp.CommandLineRunner.<init>(CommandLineRunner.java:424)
	at com.google.javascript.jscomp.CommandLineRunnerTest.createCommandLineRunner(CommandLineRunnerTest.java:805)
	at com.google.javascript.jscomp.CommandLineRunnerTest.compile(CommandLineRunnerTest.java:812)
	at com.google.javascript.jscomp.CommandLineRunnerTest.test(CommandLineRunnerTest.java:732)
	at com.google.javascript.jscomp.CommandLineRunnerTest.test(CommandLineRunnerTest.java:721)
	at com.google.javascript.jscomp.CommandLineRunnerTest.testSame(CommandLineRunnerTest.java:709)
	at com.google.javascript.jscomp.CommandLineRunnerTest.testSame(CommandLineRunnerTest.java:705)
	at com.google.javascript.jscomp.CommandLineRunnerTest.testVersionFlag2(CommandLineRunnerTest.java:631)
	at sun.reflect.NativeMethodAccessorImpl.invoke0(Native Method)
	at sun.reflect.NativeMethodAccessorImpl.invoke(NativeMethodAccessorImpl.java:57)
	at sun.reflect.DelegatingMethodAccessorImpl.invoke(DelegatingMethodAccessorImpl.java:43)
	at java.lang.reflect.Method.invoke(Method.java:606)
	at junit.framework.TestCase.runTest(TestCase.java:176)
	at junit.framework.TestCase.runBare(TestCase.java:141)
	at junit.framework.TestResult$1.protect(TestResult.java:122)
	at junit.framework.TestResult.runProtected(TestResult.java:142)
	at junit.framework.TestResult.run(TestResult.java:125)
	at junit.framework.TestCase.run(TestCase.java:129)
	at junit.framework.TestSuite.runTest(TestSuite.java:255)
	at junit.framework.TestSuite.run(TestSuite.java:250)
	at org.junit.internal.runners.JUnit38ClassRunner.run(JUnit38ClassRunner.java:84)
	at com.gzoltar.lib.instrumentation.testing.junit.a.call(Unknown Source)
	at java.util.concurrent.FutureTask.run(FutureTask.java:262)
	at java.util.concurrent.ThreadPoolExecutor.runWorker(ThreadPoolExecutor.java:1145)
	at java.util.concurrent.ThreadPoolExecutor$Worker.run(ThreadPoolExecutor.java:615)
	at java.lang.Thread.run(Thread.java:745)
Closure Compiler (http://code.google.com/closure/compiler)
Version: Unversioned directory
Built on: 2019/08/26 16:35
* Finished com.google.javascript.jscomp.CommandLineRunnerTest#testVersionFlag2
* Started com.google.javascript.jscomp.CommandLineRunnerTest#testTypeCheckingOffByDefault
* Finished com.google.javascript.jscomp.CommandLineRunnerTest#testTypeCheckingOffByDefault
* Started com.google.javascript.jscomp.CommandLineRunnerTest#testSyntheticExterns
* Finished com.google.javascript.jscomp.CommandLineRunnerTest#testSyntheticExterns
* Started com.google.javascript.jscomp.CommandLineRunnerTest#testIssue115
* Finished com.google.javascript.jscomp.CommandLineRunnerTest#testIssue115
* Started com.google.javascript.jscomp.CommandLineRunnerTest#testIssue297
* Finished com.google.javascript.jscomp.CommandLineRunnerTest#testIssue297
* Started com.google.javascript.jscomp.CommandLineRunnerTest#testCheckUndefinedProperties1
* Finished com.google.javascript.jscomp.CommandLineRunnerTest#testCheckUndefinedProperties1
* Started com.google.javascript.jscomp.CommandLineRunnerTest#testCheckUndefinedProperties2
* Finished com.google.javascript.jscomp.CommandLineRunnerTest#testCheckUndefinedProperties2
* Started com.google.javascript.jscomp.CommandLineRunnerTest#testCheckUndefinedProperties3
* Finished com.google.javascript.jscomp.CommandLineRunnerTest#testCheckUndefinedProperties3
* Started com.google.javascript.jscomp.CommandLineRunnerTest#testCssNameWiring
* Finished com.google.javascript.jscomp.CommandLineRunnerTest#testCssNameWiring
* Started com.google.javascript.jscomp.CommandLineRunnerTest#testCheckSymbolsOverrideForVerbose
* Finished com.google.javascript.jscomp.CommandLineRunnerTest#testCheckSymbolsOverrideForVerbose
* Started com.google.javascript.jscomp.CommandLineRunnerTest#testIssue70
* Finished com.google.javascript.jscomp.CommandLineRunnerTest#testIssue70
* Started com.google.javascript.jscomp.CommandLineRunnerTest#testIssue81
* Finished com.google.javascript.jscomp.CommandLineRunnerTest#testIssue81
* Started com.google.javascript.jscomp.CommandLineRunnerTest#testDebugFlag1
* Finished com.google.javascript.jscomp.CommandLineRunnerTest#testDebugFlag1
* Started com.google.javascript.jscomp.CommandLineRunnerTest#testDebugFlag2
* Finished com.google.javascript.jscomp.CommandLineRunnerTest#testDebugFlag2
* Started com.google.javascript.jscomp.CommandLineRunnerTest#testDebugFlag3
* Finished com.google.javascript.jscomp.CommandLineRunnerTest#testDebugFlag3
* Started com.google.javascript.jscomp.CommandLineRunnerTest#testDebugFlag4
* Finished com.google.javascript.jscomp.CommandLineRunnerTest#testDebugFlag4
* Started com.google.javascript.jscomp.CommandLineRunnerTest#testQuietMode
* Finished com.google.javascript.jscomp.CommandLineRunnerTest#testQuietMode
* Started com.google.javascript.jscomp.CommandLineRunnerTest#testDefineFlag2
* Finished com.google.javascript.jscomp.CommandLineRunnerTest#testDefineFlag2
* Started com.google.javascript.jscomp.CommandLineRunnerTest#testDefineFlag3
* Finished com.google.javascript.jscomp.CommandLineRunnerTest#testDefineFlag3
* Started com.google.javascript.jscomp.PeepholeFoldConstantsTest#testFoldTypeof
[ERROR] Class not found
java.lang.ClassNotFoundException: rhino_ast.java.com.google.javascript.rhino.Messages
	at java.lang.ClassLoader.findClass(ClassLoader.java:531)
	at java.lang.ClassLoader.loadClass(ClassLoader.java:425)
	at java.lang.ClassLoader.loadClass(ClassLoader.java:358)
	at com.gzoltar.lib.instrumentation.util.GZoltarClassLoader.loadClass(Unknown Source)
	at java.util.ResourceBundle$Control.newBundle(ResourceBundle.java:2566)
	at java.util.ResourceBundle.loadBundle(ResourceBundle.java:1436)
	at java.util.ResourceBundle.findBundle(ResourceBundle.java:1400)
	at java.util.ResourceBundle.findBundle(ResourceBundle.java:1354)
	at java.util.ResourceBundle.findBundle(ResourceBundle.java:1354)
	at java.util.ResourceBundle.getBundleImpl(ResourceBundle.java:1296)
	at java.util.ResourceBundle.getBundle(ResourceBundle.java:795)
	at com.google.javascript.rhino.ScriptRuntime.getMessage(ScriptRuntime.java:465)
	at com.google.javascript.rhino.ScriptRuntime.getMessage0(ScriptRuntime.java:422)
	at com.google.javascript.jscomp.RhinoErrorReporter.<init>(RhinoErrorReporter.java:75)
	at com.google.javascript.jscomp.RhinoErrorReporter.<init>(RhinoErrorReporter.java:33)
	at com.google.javascript.jscomp.RhinoErrorReporter$OldRhinoErrorReporter.<init>(RhinoErrorReporter.java:144)
	at com.google.javascript.jscomp.RhinoErrorReporter$OldRhinoErrorReporter.<init>(RhinoErrorReporter.java:140)
	at com.google.javascript.jscomp.RhinoErrorReporter.forOldRhino(RhinoErrorReporter.java:109)
	at com.google.javascript.jscomp.Compiler.<init>(Compiler.java:145)
	at com.google.javascript.jscomp.Compiler.<init>(Compiler.java:177)
	at com.google.javascript.jscomp.CompilerTestCase.createCompiler(CompilerTestCase.java:1009)
	at com.google.javascript.jscomp.CompilerTestCase.test(CompilerTestCase.java:394)
	at com.google.javascript.jscomp.CompilerTestCase.test(CompilerTestCase.java:335)
	at com.google.javascript.jscomp.CompilerTestCase.test(CompilerTestCase.java:304)
	at com.google.javascript.jscomp.CompilerTestCase.test(CompilerTestCase.java:292)
	at com.google.javascript.jscomp.PeepholeFoldConstantsTest.fold(PeepholeFoldConstantsTest.java:69)
	at com.google.javascript.jscomp.PeepholeFoldConstantsTest.testFoldTypeof(PeepholeFoldConstantsTest.java:744)
	at sun.reflect.NativeMethodAccessorImpl.invoke0(Native Method)
	at sun.reflect.NativeMethodAccessorImpl.invoke(NativeMethodAccessorImpl.java:57)
	at sun.reflect.DelegatingMethodAccessorImpl.invoke(DelegatingMethodAccessorImpl.java:43)
	at java.lang.reflect.Method.invoke(Method.java:606)
	at junit.framework.TestCase.runTest(TestCase.java:176)
	at junit.framework.TestCase.runBare(TestCase.java:141)
	at junit.framework.TestResult$1.protect(TestResult.java:122)
	at junit.framework.TestResult.runProtected(TestResult.java:142)
	at junit.framework.TestResult.run(TestResult.java:125)
	at junit.framework.TestCase.run(TestCase.java:129)
	at junit.framework.TestSuite.runTest(TestSuite.java:255)
	at junit.framework.TestSuite.run(TestSuite.java:250)
	at org.junit.internal.runners.JUnit38ClassRunner.run(JUnit38ClassRunner.java:84)
	at com.gzoltar.lib.instrumentation.testing.junit.a.call(Unknown Source)
	at java.util.concurrent.FutureTask.run(FutureTask.java:262)
	at java.util.concurrent.ThreadPoolExecutor.runWorker(ThreadPoolExecutor.java:1145)
	at java.util.concurrent.ThreadPoolExecutor$Worker.run(ThreadPoolExecutor.java:615)
	at java.lang.Thread.run(Thread.java:745)
[ERROR] Class not found
java.lang.ClassNotFoundException: rhino_ast.java.com.google.javascript.rhino.Messages_en
	at java.lang.ClassLoader.findClass(ClassLoader.java:531)
	at java.lang.ClassLoader.loadClass(ClassLoader.java:425)
	at java.lang.ClassLoader.loadClass(ClassLoader.java:358)
	at com.gzoltar.lib.instrumentation.util.GZoltarClassLoader.loadClass(Unknown Source)
	at java.util.ResourceBundle$Control.newBundle(ResourceBundle.java:2566)
	at java.util.ResourceBundle.loadBundle(ResourceBundle.java:1436)
	at java.util.ResourceBundle.findBundle(ResourceBundle.java:1400)
	at java.util.ResourceBundle.findBundle(ResourceBundle.java:1354)
	at java.util.ResourceBundle.getBundleImpl(ResourceBundle.java:1296)
	at java.util.ResourceBundle.getBundle(ResourceBundle.java:795)
	at com.google.javascript.rhino.ScriptRuntime.getMessage(ScriptRuntime.java:465)
	at com.google.javascript.rhino.ScriptRuntime.getMessage0(ScriptRuntime.java:422)
	at com.google.javascript.jscomp.RhinoErrorReporter.<init>(RhinoErrorReporter.java:75)
	at com.google.javascript.jscomp.RhinoErrorReporter.<init>(RhinoErrorReporter.java:33)
	at com.google.javascript.jscomp.RhinoErrorReporter$OldRhinoErrorReporter.<init>(RhinoErrorReporter.java:144)
	at com.google.javascript.jscomp.RhinoErrorReporter$OldRhinoErrorReporter.<init>(RhinoErrorReporter.java:140)
	at com.google.javascript.jscomp.RhinoErrorReporter.forOldRhino(RhinoErrorReporter.java:109)
	at com.google.javascript.jscomp.Compiler.<init>(Compiler.java:145)
	at com.google.javascript.jscomp.Compiler.<init>(Compiler.java:177)
	at com.google.javascript.jscomp.CompilerTestCase.createCompiler(CompilerTestCase.java:1009)
	at com.google.javascript.jscomp.CompilerTestCase.test(CompilerTestCase.java:394)
	at com.google.javascript.jscomp.CompilerTestCase.test(CompilerTestCase.java:335)
	at com.google.javascript.jscomp.CompilerTestCase.test(CompilerTestCase.java:304)
	at com.google.javascript.jscomp.CompilerTestCase.test(CompilerTestCase.java:292)
	at com.google.javascript.jscomp.PeepholeFoldConstantsTest.fold(PeepholeFoldConstantsTest.java:69)
	at com.google.javascript.jscomp.PeepholeFoldConstantsTest.testFoldTypeof(PeepholeFoldConstantsTest.java:744)
	at sun.reflect.NativeMethodAccessorImpl.invoke0(Native Method)
	at sun.reflect.NativeMethodAccessorImpl.invoke(NativeMethodAccessorImpl.java:57)
	at sun.reflect.DelegatingMethodAccessorImpl.invoke(DelegatingMethodAccessorImpl.java:43)
	at java.lang.reflect.Method.invoke(Method.java:606)
	at junit.framework.TestCase.runTest(TestCase.java:176)
	at junit.framework.TestCase.runBare(TestCase.java:141)
	at junit.framework.TestResult$1.protect(TestResult.java:122)
	at junit.framework.TestResult.runProtected(TestResult.java:142)
	at junit.framework.TestResult.run(TestResult.java:125)
	at junit.framework.TestCase.run(TestCase.java:129)
	at junit.framework.TestSuite.runTest(TestSuite.java:255)
	at junit.framework.TestSuite.run(TestSuite.java:250)
	at org.junit.internal.runners.JUnit38ClassRunner.run(JUnit38ClassRunner.java:84)
	at com.gzoltar.lib.instrumentation.testing.junit.a.call(Unknown Source)
	at java.util.concurrent.FutureTask.run(FutureTask.java:262)
	at java.util.concurrent.ThreadPoolExecutor.runWorker(ThreadPoolExecutor.java:1145)
	at java.util.concurrent.ThreadPoolExecutor$Worker.run(ThreadPoolExecutor.java:615)
	at java.lang.Thread.run(Thread.java:745)
[ERROR] Class not found
java.lang.ClassNotFoundException: rhino_ast.java.com.google.javascript.rhino.Messages_en_US
	at java.lang.ClassLoader.findClass(ClassLoader.java:531)
	at java.lang.ClassLoader.loadClass(ClassLoader.java:425)
	at java.lang.ClassLoader.loadClass(ClassLoader.java:358)
	at com.gzoltar.lib.instrumentation.util.GZoltarClassLoader.loadClass(Unknown Source)
	at java.util.ResourceBundle$Control.newBundle(ResourceBundle.java:2566)
	at java.util.ResourceBundle.loadBundle(ResourceBundle.java:1436)
	at java.util.ResourceBundle.findBundle(ResourceBundle.java:1400)
	at java.util.ResourceBundle.getBundleImpl(ResourceBundle.java:1296)
	at java.util.ResourceBundle.getBundle(ResourceBundle.java:795)
	at com.google.javascript.rhino.ScriptRuntime.getMessage(ScriptRuntime.java:465)
	at com.google.javascript.rhino.ScriptRuntime.getMessage0(ScriptRuntime.java:422)
	at com.google.javascript.jscomp.RhinoErrorReporter.<init>(RhinoErrorReporter.java:75)
	at com.google.javascript.jscomp.RhinoErrorReporter.<init>(RhinoErrorReporter.java:33)
	at com.google.javascript.jscomp.RhinoErrorReporter$OldRhinoErrorReporter.<init>(RhinoErrorReporter.java:144)
	at com.google.javascript.jscomp.RhinoErrorReporter$OldRhinoErrorReporter.<init>(RhinoErrorReporter.java:140)
	at com.google.javascript.jscomp.RhinoErrorReporter.forOldRhino(RhinoErrorReporter.java:109)
	at com.google.javascript.jscomp.Compiler.<init>(Compiler.java:145)
	at com.google.javascript.jscomp.Compiler.<init>(Compiler.java:177)
	at com.google.javascript.jscomp.CompilerTestCase.createCompiler(CompilerTestCase.java:1009)
	at com.google.javascript.jscomp.CompilerTestCase.test(CompilerTestCase.java:394)
	at com.google.javascript.jscomp.CompilerTestCase.test(CompilerTestCase.java:335)
	at com.google.javascript.jscomp.CompilerTestCase.test(CompilerTestCase.java:304)
	at com.google.javascript.jscomp.CompilerTestCase.test(CompilerTestCase.java:292)
	at com.google.javascript.jscomp.PeepholeFoldConstantsTest.fold(PeepholeFoldConstantsTest.java:69)
	at com.google.javascript.jscomp.PeepholeFoldConstantsTest.testFoldTypeof(PeepholeFoldConstantsTest.java:744)
	at sun.reflect.NativeMethodAccessorImpl.invoke0(Native Method)
	at sun.reflect.NativeMethodAccessorImpl.invoke(NativeMethodAccessorImpl.java:57)
	at sun.reflect.DelegatingMethodAccessorImpl.invoke(DelegatingMethodAccessorImpl.java:43)
	at java.lang.reflect.Method.invoke(Method.java:606)
	at junit.framework.TestCase.runTest(TestCase.java:176)
	at junit.framework.TestCase.runBare(TestCase.java:141)
	at junit.framework.TestResult$1.protect(TestResult.java:122)
	at junit.framework.TestResult.runProtected(TestResult.java:142)
	at junit.framework.TestResult.run(TestResult.java:125)
	at junit.framework.TestCase.run(TestCase.java:129)
	at junit.framework.TestSuite.runTest(TestSuite.java:255)
	at junit.framework.TestSuite.run(TestSuite.java:250)
	at org.junit.internal.runners.JUnit38ClassRunner.run(JUnit38ClassRunner.java:84)
	at com.gzoltar.lib.instrumentation.testing.junit.a.call(Unknown Source)
	at java.util.concurrent.FutureTask.run(FutureTask.java:262)
	at java.util.concurrent.ThreadPoolExecutor.runWorker(ThreadPoolExecutor.java:1145)
	at java.util.concurrent.ThreadPoolExecutor$Worker.run(ThreadPoolExecutor.java:615)
	at java.lang.Thread.run(Thread.java:745)
[ERROR] Class not found
java.lang.ClassNotFoundException: com.google.javascript.jscomp.mozilla.rhino.VMBridge_custom
	at java.lang.ClassLoader.findClass(ClassLoader.java:531)
	at java.lang.ClassLoader.loadClass(ClassLoader.java:425)
	at java.lang.ClassLoader.loadClass(ClassLoader.java:358)
	at com.gzoltar.lib.instrumentation.util.GZoltarClassLoader.loadClass(Unknown Source)
	at java.lang.Class.forName0(Native Method)
	at java.lang.Class.forName(Class.java:195)
	at com.google.javascript.jscomp.mozilla.rhino.Kit.classOrNull(Kit.java:74)
	at com.google.javascript.jscomp.mozilla.rhino.VMBridge.makeInstance(VMBridge.java:61)
	at com.google.javascript.jscomp.mozilla.rhino.VMBridge.<clinit>(VMBridge.java:49)
	at com.google.javascript.jscomp.mozilla.rhino.Context.getCurrentContext(Context.java:379)
	at com.google.javascript.jscomp.mozilla.rhino.ScriptRuntime$DefaultMessageProvider.getMessage(ScriptRuntime.java:3703)
	at com.google.javascript.jscomp.mozilla.rhino.ScriptRuntime.getMessage(ScriptRuntime.java:3691)
	at com.google.javascript.jscomp.mozilla.rhino.ScriptRuntime.getMessage0(ScriptRuntime.java:3639)
	at com.google.javascript.jscomp.RhinoErrorReporter.<init>(RhinoErrorReporter.java:75)
	at com.google.javascript.jscomp.RhinoErrorReporter.<init>(RhinoErrorReporter.java:33)
	at com.google.javascript.jscomp.RhinoErrorReporter$OldRhinoErrorReporter.<init>(RhinoErrorReporter.java:144)
	at com.google.javascript.jscomp.RhinoErrorReporter$OldRhinoErrorReporter.<init>(RhinoErrorReporter.java:140)
	at com.google.javascript.jscomp.RhinoErrorReporter.forOldRhino(RhinoErrorReporter.java:109)
	at com.google.javascript.jscomp.Compiler.<init>(Compiler.java:145)
	at com.google.javascript.jscomp.Compiler.<init>(Compiler.java:177)
	at com.google.javascript.jscomp.CompilerTestCase.createCompiler(CompilerTestCase.java:1009)
	at com.google.javascript.jscomp.CompilerTestCase.test(CompilerTestCase.java:394)
	at com.google.javascript.jscomp.CompilerTestCase.test(CompilerTestCase.java:335)
	at com.google.javascript.jscomp.CompilerTestCase.test(CompilerTestCase.java:304)
	at com.google.javascript.jscomp.CompilerTestCase.test(CompilerTestCase.java:292)
	at com.google.javascript.jscomp.PeepholeFoldConstantsTest.fold(PeepholeFoldConstantsTest.java:69)
	at com.google.javascript.jscomp.PeepholeFoldConstantsTest.testFoldTypeof(PeepholeFoldConstantsTest.java:744)
	at sun.reflect.NativeMethodAccessorImpl.invoke0(Native Method)
	at sun.reflect.NativeMethodAccessorImpl.invoke(NativeMethodAccessorImpl.java:57)
	at sun.reflect.DelegatingMethodAccessorImpl.invoke(DelegatingMethodAccessorImpl.java:43)
	at java.lang.reflect.Method.invoke(Method.java:606)
	at junit.framework.TestCase.runTest(TestCase.java:176)
	at junit.framework.TestCase.runBare(TestCase.java:141)
	at junit.framework.TestResult$1.protect(TestResult.java:122)
	at junit.framework.TestResult.runProtected(TestResult.java:142)
	at junit.framework.TestResult.run(TestResult.java:125)
	at junit.framework.TestCase.run(TestCase.java:129)
	at junit.framework.TestSuite.runTest(TestSuite.java:255)
	at junit.framework.TestSuite.run(TestSuite.java:250)
	at org.junit.internal.runners.JUnit38ClassRunner.run(JUnit38ClassRunner.java:84)
	at com.gzoltar.lib.instrumentation.testing.junit.a.call(Unknown Source)
	at java.util.concurrent.FutureTask.run(FutureTask.java:262)
	at java.util.concurrent.ThreadPoolExecutor.runWorker(ThreadPoolExecutor.java:1145)
	at java.util.concurrent.ThreadPoolExecutor$Worker.run(ThreadPoolExecutor.java:615)
	at java.lang.Thread.run(Thread.java:745)
[ERROR] Class not found
java.lang.ClassNotFoundException: com.google.javascript.jscomp.mozilla.rhino.resources.Messages
	at java.lang.ClassLoader.findClass(ClassLoader.java:531)
	at java.lang.ClassLoader.loadClass(ClassLoader.java:425)
	at java.lang.ClassLoader.loadClass(ClassLoader.java:358)
	at com.gzoltar.lib.instrumentation.util.GZoltarClassLoader.loadClass(Unknown Source)
	at java.util.ResourceBundle$Control.newBundle(ResourceBundle.java:2566)
	at java.util.ResourceBundle.loadBundle(ResourceBundle.java:1436)
	at java.util.ResourceBundle.findBundle(ResourceBundle.java:1400)
	at java.util.ResourceBundle.findBundle(ResourceBundle.java:1354)
	at java.util.ResourceBundle.findBundle(ResourceBundle.java:1354)
	at java.util.ResourceBundle.getBundleImpl(ResourceBundle.java:1296)
	at java.util.ResourceBundle.getBundle(ResourceBundle.java:795)
	at com.google.javascript.jscomp.mozilla.rhino.ScriptRuntime$DefaultMessageProvider.getMessage(ScriptRuntime.java:3707)
	at com.google.javascript.jscomp.mozilla.rhino.ScriptRuntime.getMessage(ScriptRuntime.java:3691)
	at com.google.javascript.jscomp.mozilla.rhino.ScriptRuntime.getMessage0(ScriptRuntime.java:3639)
	at com.google.javascript.jscomp.RhinoErrorReporter.<init>(RhinoErrorReporter.java:75)
	at com.google.javascript.jscomp.RhinoErrorReporter.<init>(RhinoErrorReporter.java:33)
	at com.google.javascript.jscomp.RhinoErrorReporter$OldRhinoErrorReporter.<init>(RhinoErrorReporter.java:144)
	at com.google.javascript.jscomp.RhinoErrorReporter$OldRhinoErrorReporter.<init>(RhinoErrorReporter.java:140)
	at com.google.javascript.jscomp.RhinoErrorReporter.forOldRhino(RhinoErrorReporter.java:109)
	at com.google.javascript.jscomp.Compiler.<init>(Compiler.java:145)
	at com.google.javascript.jscomp.Compiler.<init>(Compiler.java:177)
	at com.google.javascript.jscomp.CompilerTestCase.createCompiler(CompilerTestCase.java:1009)
	at com.google.javascript.jscomp.CompilerTestCase.test(CompilerTestCase.java:394)
	at com.google.javascript.jscomp.CompilerTestCase.test(CompilerTestCase.java:335)
	at com.google.javascript.jscomp.CompilerTestCase.test(CompilerTestCase.java:304)
	at com.google.javascript.jscomp.CompilerTestCase.test(CompilerTestCase.java:292)
	at com.google.javascript.jscomp.PeepholeFoldConstantsTest.fold(PeepholeFoldConstantsTest.java:69)
	at com.google.javascript.jscomp.PeepholeFoldConstantsTest.testFoldTypeof(PeepholeFoldConstantsTest.java:744)
	at sun.reflect.NativeMethodAccessorImpl.invoke0(Native Method)
	at sun.reflect.NativeMethodAccessorImpl.invoke(NativeMethodAccessorImpl.java:57)
	at sun.reflect.DelegatingMethodAccessorImpl.invoke(DelegatingMethodAccessorImpl.java:43)
	at java.lang.reflect.Method.invoke(Method.java:606)
	at junit.framework.TestCase.runTest(TestCase.java:176)
	at junit.framework.TestCase.runBare(TestCase.java:141)
	at junit.framework.TestResult$1.protect(TestResult.java:122)
	at junit.framework.TestResult.runProtected(TestResult.java:142)
	at junit.framework.TestResult.run(TestResult.java:125)
	at junit.framework.TestCase.run(TestCase.java:129)
	at junit.framework.TestSuite.runTest(TestSuite.java:255)
	at junit.framework.TestSuite.run(TestSuite.java:250)
	at org.junit.internal.runners.JUnit38ClassRunner.run(JUnit38ClassRunner.java:84)
	at com.gzoltar.lib.instrumentation.testing.junit.a.call(Unknown Source)
	at java.util.concurrent.FutureTask.run(FutureTask.java:262)
	at java.util.concurrent.ThreadPoolExecutor.runWorker(ThreadPoolExecutor.java:1145)
	at java.util.concurrent.ThreadPoolExecutor$Worker.run(ThreadPoolExecutor.java:615)
	at java.lang.Thread.run(Thread.java:745)
[ERROR] Class not found
java.lang.ClassNotFoundException: com.google.javascript.jscomp.mozilla.rhino.resources.Messages_en
	at java.lang.ClassLoader.findClass(ClassLoader.java:531)
	at java.lang.ClassLoader.loadClass(ClassLoader.java:425)
	at java.lang.ClassLoader.loadClass(ClassLoader.java:358)
	at com.gzoltar.lib.instrumentation.util.GZoltarClassLoader.loadClass(Unknown Source)
	at java.util.ResourceBundle$Control.newBundle(ResourceBundle.java:2566)
	at java.util.ResourceBundle.loadBundle(ResourceBundle.java:1436)
	at java.util.ResourceBundle.findBundle(ResourceBundle.java:1400)
	at java.util.ResourceBundle.findBundle(ResourceBundle.java:1354)
	at java.util.ResourceBundle.getBundleImpl(ResourceBundle.java:1296)
	at java.util.ResourceBundle.getBundle(ResourceBundle.java:795)
	at com.google.javascript.jscomp.mozilla.rhino.ScriptRuntime$DefaultMessageProvider.getMessage(ScriptRuntime.java:3707)
	at com.google.javascript.jscomp.mozilla.rhino.ScriptRuntime.getMessage(ScriptRuntime.java:3691)
	at com.google.javascript.jscomp.mozilla.rhino.ScriptRuntime.getMessage0(ScriptRuntime.java:3639)
	at com.google.javascript.jscomp.RhinoErrorReporter.<init>(RhinoErrorReporter.java:75)
	at com.google.javascript.jscomp.RhinoErrorReporter.<init>(RhinoErrorReporter.java:33)
	at com.google.javascript.jscomp.RhinoErrorReporter$OldRhinoErrorReporter.<init>(RhinoErrorReporter.java:144)
	at com.google.javascript.jscomp.RhinoErrorReporter$OldRhinoErrorReporter.<init>(RhinoErrorReporter.java:140)
	at com.google.javascript.jscomp.RhinoErrorReporter.forOldRhino(RhinoErrorReporter.java:109)
	at com.google.javascript.jscomp.Compiler.<init>(Compiler.java:145)
	at com.google.javascript.jscomp.Compiler.<init>(Compiler.java:177)
	at com.google.javascript.jscomp.CompilerTestCase.createCompiler(CompilerTestCase.java:1009)
	at com.google.javascript.jscomp.CompilerTestCase.test(CompilerTestCase.java:394)
	at com.google.javascript.jscomp.CompilerTestCase.test(CompilerTestCase.java:335)
	at com.google.javascript.jscomp.CompilerTestCase.test(CompilerTestCase.java:304)
	at com.google.javascript.jscomp.CompilerTestCase.test(CompilerTestCase.java:292)
	at com.google.javascript.jscomp.PeepholeFoldConstantsTest.fold(PeepholeFoldConstantsTest.java:69)
	at com.google.javascript.jscomp.PeepholeFoldConstantsTest.testFoldTypeof(PeepholeFoldConstantsTest.java:744)
	at sun.reflect.NativeMethodAccessorImpl.invoke0(Native Method)
	at sun.reflect.NativeMethodAccessorImpl.invoke(NativeMethodAccessorImpl.java:57)
	at sun.reflect.DelegatingMethodAccessorImpl.invoke(DelegatingMethodAccessorImpl.java:43)
	at java.lang.reflect.Method.invoke(Method.java:606)
	at junit.framework.TestCase.runTest(TestCase.java:176)
	at junit.framework.TestCase.runBare(TestCase.java:141)
	at junit.framework.TestResult$1.protect(TestResult.java:122)
	at junit.framework.TestResult.runProtected(TestResult.java:142)
	at junit.framework.TestResult.run(TestResult.java:125)
	at junit.framework.TestCase.run(TestCase.java:129)
	at junit.framework.TestSuite.runTest(TestSuite.java:255)
	at junit.framework.TestSuite.run(TestSuite.java:250)
	at org.junit.internal.runners.JUnit38ClassRunner.run(JUnit38ClassRunner.java:84)
	at com.gzoltar.lib.instrumentation.testing.junit.a.call(Unknown Source)
	at java.util.concurrent.FutureTask.run(FutureTask.java:262)
	at java.util.concurrent.ThreadPoolExecutor.runWorker(ThreadPoolExecutor.java:1145)
	at java.util.concurrent.ThreadPoolExecutor$Worker.run(ThreadPoolExecutor.java:615)
	at java.lang.Thread.run(Thread.java:745)
[ERROR] Class not found
java.lang.ClassNotFoundException: com.google.javascript.jscomp.mozilla.rhino.resources.Messages_en_US
	at java.lang.ClassLoader.findClass(ClassLoader.java:531)
	at java.lang.ClassLoader.loadClass(ClassLoader.java:425)
	at java.lang.ClassLoader.loadClass(ClassLoader.java:358)
	at com.gzoltar.lib.instrumentation.util.GZoltarClassLoader.loadClass(Unknown Source)
	at java.util.ResourceBundle$Control.newBundle(ResourceBundle.java:2566)
	at java.util.ResourceBundle.loadBundle(ResourceBundle.java:1436)
	at java.util.ResourceBundle.findBundle(ResourceBundle.java:1400)
	at java.util.ResourceBundle.getBundleImpl(ResourceBundle.java:1296)
	at java.util.ResourceBundle.getBundle(ResourceBundle.java:795)
	at com.google.javascript.jscomp.mozilla.rhino.ScriptRuntime$DefaultMessageProvider.getMessage(ScriptRuntime.java:3707)
	at com.google.javascript.jscomp.mozilla.rhino.ScriptRuntime.getMessage(ScriptRuntime.java:3691)
	at com.google.javascript.jscomp.mozilla.rhino.ScriptRuntime.getMessage0(ScriptRuntime.java:3639)
	at com.google.javascript.jscomp.RhinoErrorReporter.<init>(RhinoErrorReporter.java:75)
	at com.google.javascript.jscomp.RhinoErrorReporter.<init>(RhinoErrorReporter.java:33)
	at com.google.javascript.jscomp.RhinoErrorReporter$OldRhinoErrorReporter.<init>(RhinoErrorReporter.java:144)
	at com.google.javascript.jscomp.RhinoErrorReporter$OldRhinoErrorReporter.<init>(RhinoErrorReporter.java:140)
	at com.google.javascript.jscomp.RhinoErrorReporter.forOldRhino(RhinoErrorReporter.java:109)
	at com.google.javascript.jscomp.Compiler.<init>(Compiler.java:145)
	at com.google.javascript.jscomp.Compiler.<init>(Compiler.java:177)
	at com.google.javascript.jscomp.CompilerTestCase.createCompiler(CompilerTestCase.java:1009)
	at com.google.javascript.jscomp.CompilerTestCase.test(CompilerTestCase.java:394)
	at com.google.javascript.jscomp.CompilerTestCase.test(CompilerTestCase.java:335)
	at com.google.javascript.jscomp.CompilerTestCase.test(CompilerTestCase.java:304)
	at com.google.javascript.jscomp.CompilerTestCase.test(CompilerTestCase.java:292)
	at com.google.javascript.jscomp.PeepholeFoldConstantsTest.fold(PeepholeFoldConstantsTest.java:69)
	at com.google.javascript.jscomp.PeepholeFoldConstantsTest.testFoldTypeof(PeepholeFoldConstantsTest.java:744)
	at sun.reflect.NativeMethodAccessorImpl.invoke0(Native Method)
	at sun.reflect.NativeMethodAccessorImpl.invoke(NativeMethodAccessorImpl.java:57)
	at sun.reflect.DelegatingMethodAccessorImpl.invoke(DelegatingMethodAccessorImpl.java:43)
	at java.lang.reflect.Method.invoke(Method.java:606)
	at junit.framework.TestCase.runTest(TestCase.java:176)
	at junit.framework.TestCase.runBare(TestCase.java:141)
	at junit.framework.TestResult$1.protect(TestResult.java:122)
	at junit.framework.TestResult.runProtected(TestResult.java:142)
	at junit.framework.TestResult.run(TestResult.java:125)
	at junit.framework.TestCase.run(TestCase.java:129)
	at junit.framework.TestSuite.runTest(TestSuite.java:255)
	at junit.framework.TestSuite.run(TestSuite.java:250)
	at org.junit.internal.runners.JUnit38ClassRunner.run(JUnit38ClassRunner.java:84)
	at com.gzoltar.lib.instrumentation.testing.junit.a.call(Unknown Source)
	at java.util.concurrent.FutureTask.run(FutureTask.java:262)
	at java.util.concurrent.ThreadPoolExecutor.runWorker(ThreadPoolExecutor.java:1145)
	at java.util.concurrent.ThreadPoolExecutor$Worker.run(ThreadPoolExecutor.java:615)
	at java.lang.Thread.run(Thread.java:745)
[ERROR] Class not found
java.lang.ClassNotFoundException: com.google.javascript.jscomp.parsing.ParserConfig
	at java.lang.ClassLoader.findClass(ClassLoader.java:531)
	at java.lang.ClassLoader.loadClass(ClassLoader.java:425)
	at java.lang.ClassLoader.loadClass(ClassLoader.java:358)
	at com.gzoltar.lib.instrumentation.util.GZoltarClassLoader.loadClass(Unknown Source)
	at java.util.ResourceBundle$Control.newBundle(ResourceBundle.java:2566)
	at java.util.ResourceBundle.loadBundle(ResourceBundle.java:1436)
	at java.util.ResourceBundle.findBundle(ResourceBundle.java:1400)
	at java.util.ResourceBundle.findBundle(ResourceBundle.java:1354)
	at java.util.ResourceBundle.findBundle(ResourceBundle.java:1354)
	at java.util.ResourceBundle.getBundleImpl(ResourceBundle.java:1296)
	at java.util.ResourceBundle.getBundle(ResourceBundle.java:721)
	at com.google.javascript.jscomp.parsing.ParserRunner.initResourceConfig(ParserRunner.java:66)
	at com.google.javascript.jscomp.parsing.ParserRunner.createConfig(ParserRunner.java:55)
	at com.google.javascript.jscomp.Compiler.getParserConfig(Compiler.java:1679)
	at com.google.javascript.jscomp.JsAst.parse(JsAst.java:88)
	at com.google.javascript.jscomp.JsAst.createAst(JsAst.java:77)
	at com.google.javascript.jscomp.JsAst.getAstRoot(JsAst.java:50)
	at com.google.javascript.jscomp.CompilerInput.getAstRoot(CompilerInput.java:102)
	at com.google.javascript.jscomp.Compiler.parseInputs(Compiler.java:1096)
	at com.google.javascript.jscomp.CompilerTestCase.test(CompilerTestCase.java:703)
	at com.google.javascript.jscomp.CompilerTestCase.test(CompilerTestCase.java:410)
	at com.google.javascript.jscomp.CompilerTestCase.test(CompilerTestCase.java:335)
	at com.google.javascript.jscomp.CompilerTestCase.test(CompilerTestCase.java:304)
	at com.google.javascript.jscomp.CompilerTestCase.test(CompilerTestCase.java:292)
	at com.google.javascript.jscomp.PeepholeFoldConstantsTest.fold(PeepholeFoldConstantsTest.java:69)
	at com.google.javascript.jscomp.PeepholeFoldConstantsTest.testFoldTypeof(PeepholeFoldConstantsTest.java:744)
	at sun.reflect.NativeMethodAccessorImpl.invoke0(Native Method)
	at sun.reflect.NativeMethodAccessorImpl.invoke(NativeMethodAccessorImpl.java:57)
	at sun.reflect.DelegatingMethodAccessorImpl.invoke(DelegatingMethodAccessorImpl.java:43)
	at java.lang.reflect.Method.invoke(Method.java:606)
	at junit.framework.TestCase.runTest(TestCase.java:176)
	at junit.framework.TestCase.runBare(TestCase.java:141)
	at junit.framework.TestResult$1.protect(TestResult.java:122)
	at junit.framework.TestResult.runProtected(TestResult.java:142)
	at junit.framework.TestResult.run(TestResult.java:125)
	at junit.framework.TestCase.run(TestCase.java:129)
	at junit.framework.TestSuite.runTest(TestSuite.java:255)
	at junit.framework.TestSuite.run(TestSuite.java:250)
	at org.junit.internal.runners.JUnit38ClassRunner.run(JUnit38ClassRunner.java:84)
	at com.gzoltar.lib.instrumentation.testing.junit.a.call(Unknown Source)
	at java.util.concurrent.FutureTask.run(FutureTask.java:262)
	at java.util.concurrent.ThreadPoolExecutor.runWorker(ThreadPoolExecutor.java:1145)
	at java.util.concurrent.ThreadPoolExecutor$Worker.run(ThreadPoolExecutor.java:615)
	at java.lang.Thread.run(Thread.java:745)
[ERROR] Class not found
java.lang.ClassNotFoundException: com.google.javascript.jscomp.parsing.ParserConfig_en
	at java.lang.ClassLoader.findClass(ClassLoader.java:531)
	at java.lang.ClassLoader.loadClass(ClassLoader.java:425)
	at java.lang.ClassLoader.loadClass(ClassLoader.java:358)
	at com.gzoltar.lib.instrumentation.util.GZoltarClassLoader.loadClass(Unknown Source)
	at java.util.ResourceBundle$Control.newBundle(ResourceBundle.java:2566)
	at java.util.ResourceBundle.loadBundle(ResourceBundle.java:1436)
	at java.util.ResourceBundle.findBundle(ResourceBundle.java:1400)
	at java.util.ResourceBundle.findBundle(ResourceBundle.java:1354)
	at java.util.ResourceBundle.getBundleImpl(ResourceBundle.java:1296)
	at java.util.ResourceBundle.getBundle(ResourceBundle.java:721)
	at com.google.javascript.jscomp.parsing.ParserRunner.initResourceConfig(ParserRunner.java:66)
	at com.google.javascript.jscomp.parsing.ParserRunner.createConfig(ParserRunner.java:55)
	at com.google.javascript.jscomp.Compiler.getParserConfig(Compiler.java:1679)
	at com.google.javascript.jscomp.JsAst.parse(JsAst.java:88)
	at com.google.javascript.jscomp.JsAst.createAst(JsAst.java:77)
	at com.google.javascript.jscomp.JsAst.getAstRoot(JsAst.java:50)
	at com.google.javascript.jscomp.CompilerInput.getAstRoot(CompilerInput.java:102)
	at com.google.javascript.jscomp.Compiler.parseInputs(Compiler.java:1096)
	at com.google.javascript.jscomp.CompilerTestCase.test(CompilerTestCase.java:703)
	at com.google.javascript.jscomp.CompilerTestCase.test(CompilerTestCase.java:410)
	at com.google.javascript.jscomp.CompilerTestCase.test(CompilerTestCase.java:335)
	at com.google.javascript.jscomp.CompilerTestCase.test(CompilerTestCase.java:304)
	at com.google.javascript.jscomp.CompilerTestCase.test(CompilerTestCase.java:292)
	at com.google.javascript.jscomp.PeepholeFoldConstantsTest.fold(PeepholeFoldConstantsTest.java:69)
	at com.google.javascript.jscomp.PeepholeFoldConstantsTest.testFoldTypeof(PeepholeFoldConstantsTest.java:744)
	at sun.reflect.NativeMethodAccessorImpl.invoke0(Native Method)
	at sun.reflect.NativeMethodAccessorImpl.invoke(NativeMethodAccessorImpl.java:57)
	at sun.reflect.DelegatingMethodAccessorImpl.invoke(DelegatingMethodAccessorImpl.java:43)
	at java.lang.reflect.Method.invoke(Method.java:606)
	at junit.framework.TestCase.runTest(TestCase.java:176)
	at junit.framework.TestCase.runBare(TestCase.java:141)
	at junit.framework.TestResult$1.protect(TestResult.java:122)
	at junit.framework.TestResult.runProtected(TestResult.java:142)
	at junit.framework.TestResult.run(TestResult.java:125)
	at junit.framework.TestCase.run(TestCase.java:129)
	at junit.framework.TestSuite.runTest(TestSuite.java:255)
	at junit.framework.TestSuite.run(TestSuite.java:250)
	at org.junit.internal.runners.JUnit38ClassRunner.run(JUnit38ClassRunner.java:84)
	at com.gzoltar.lib.instrumentation.testing.junit.a.call(Unknown Source)
	at java.util.concurrent.FutureTask.run(FutureTask.java:262)
	at java.util.concurrent.ThreadPoolExecutor.runWorker(ThreadPoolExecutor.java:1145)
	at java.util.concurrent.ThreadPoolExecutor$Worker.run(ThreadPoolExecutor.java:615)
	at java.lang.Thread.run(Thread.java:745)
[ERROR] Class not found
java.lang.ClassNotFoundException: com.google.javascript.jscomp.parsing.ParserConfig_en_US
	at java.lang.ClassLoader.findClass(ClassLoader.java:531)
	at java.lang.ClassLoader.loadClass(ClassLoader.java:425)
	at java.lang.ClassLoader.loadClass(ClassLoader.java:358)
	at com.gzoltar.lib.instrumentation.util.GZoltarClassLoader.loadClass(Unknown Source)
	at java.util.ResourceBundle$Control.newBundle(ResourceBundle.java:2566)
	at java.util.ResourceBundle.loadBundle(ResourceBundle.java:1436)
	at java.util.ResourceBundle.findBundle(ResourceBundle.java:1400)
	at java.util.ResourceBundle.getBundleImpl(ResourceBundle.java:1296)
	at java.util.ResourceBundle.getBundle(ResourceBundle.java:721)
	at com.google.javascript.jscomp.parsing.ParserRunner.initResourceConfig(ParserRunner.java:66)
	at com.google.javascript.jscomp.parsing.ParserRunner.createConfig(ParserRunner.java:55)
	at com.google.javascript.jscomp.Compiler.getParserConfig(Compiler.java:1679)
	at com.google.javascript.jscomp.JsAst.parse(JsAst.java:88)
	at com.google.javascript.jscomp.JsAst.createAst(JsAst.java:77)
	at com.google.javascript.jscomp.JsAst.getAstRoot(JsAst.java:50)
	at com.google.javascript.jscomp.CompilerInput.getAstRoot(CompilerInput.java:102)
	at com.google.javascript.jscomp.Compiler.parseInputs(Compiler.java:1096)
	at com.google.javascript.jscomp.CompilerTestCase.test(CompilerTestCase.java:703)
	at com.google.javascript.jscomp.CompilerTestCase.test(CompilerTestCase.java:410)
	at com.google.javascript.jscomp.CompilerTestCase.test(CompilerTestCase.java:335)
	at com.google.javascript.jscomp.CompilerTestCase.test(CompilerTestCase.java:304)
	at com.google.javascript.jscomp.CompilerTestCase.test(CompilerTestCase.java:292)
	at com.google.javascript.jscomp.PeepholeFoldConstantsTest.fold(PeepholeFoldConstantsTest.java:69)
	at com.google.javascript.jscomp.PeepholeFoldConstantsTest.testFoldTypeof(PeepholeFoldConstantsTest.java:744)
	at sun.reflect.NativeMethodAccessorImpl.invoke0(Native Method)
	at sun.reflect.NativeMethodAccessorImpl.invoke(NativeMethodAccessorImpl.java:57)
	at sun.reflect.DelegatingMethodAccessorImpl.invoke(DelegatingMethodAccessorImpl.java:43)
	at java.lang.reflect.Method.invoke(Method.java:606)
	at junit.framework.TestCase.runTest(TestCase.java:176)
	at junit.framework.TestCase.runBare(TestCase.java:141)
	at junit.framework.TestResult$1.protect(TestResult.java:122)
	at junit.framework.TestResult.runProtected(TestResult.java:142)
	at junit.framework.TestResult.run(TestResult.java:125)
	at junit.framework.TestCase.run(TestCase.java:129)
	at junit.framework.TestSuite.runTest(TestSuite.java:255)
	at junit.framework.TestSuite.run(TestSuite.java:250)
	at org.junit.internal.runners.JUnit38ClassRunner.run(JUnit38ClassRunner.java:84)
	at com.gzoltar.lib.instrumentation.testing.junit.a.call(Unknown Source)
	at java.util.concurrent.FutureTask.run(FutureTask.java:262)
	at java.util.concurrent.ThreadPoolExecutor.runWorker(ThreadPoolExecutor.java:1145)
	at java.util.concurrent.ThreadPoolExecutor$Worker.run(ThreadPoolExecutor.java:615)
	at java.lang.Thread.run(Thread.java:745)
* Finished com.google.javascript.jscomp.PeepholeFoldConstantsTest#testFoldTypeof
* Started com.google.javascript.jscomp.PeepholeFoldConstantsTest#testJoinBug
* Finished com.google.javascript.jscomp.PeepholeFoldConstantsTest#testJoinBug
* Started com.google.javascript.jscomp.PeepholeFoldConstantsTest#testNotFoldBackToTrueFalse
* Finished com.google.javascript.jscomp.PeepholeFoldConstantsTest#testNotFoldBackToTrueFalse
* Started com.google.javascript.jscomp.PeepholeFoldConstantsTest#testFoldArithmeticInfinity
* Finished com.google.javascript.jscomp.PeepholeFoldConstantsTest#testFoldArithmeticInfinity
* Started com.google.javascript.jscomp.PeepholeFoldConstantsTest#testFoldGetElem
* Finished com.google.javascript.jscomp.PeepholeFoldConstantsTest#testFoldGetElem
* Started com.google.javascript.jscomp.PeepholeFoldConstantsTest#testFoldBangConstants
* Finished com.google.javascript.jscomp.PeepholeFoldConstantsTest#testFoldBangConstants
* Started com.google.javascript.jscomp.PeepholeFoldConstantsTest#testFoldLeftChildOp
* Finished com.google.javascript.jscomp.PeepholeFoldConstantsTest#testFoldLeftChildOp
* Started com.google.javascript.jscomp.PeepholeFoldConstantsTest#testFoldComparison2
* Finished com.google.javascript.jscomp.PeepholeFoldConstantsTest#testFoldComparison2
* Started com.google.javascript.jscomp.PeepholeFoldConstantsTest#testFoldStringSubstring
* Finished com.google.javascript.jscomp.PeepholeFoldConstantsTest#testFoldStringSubstring
* Started com.google.javascript.jscomp.PeepholeFoldConstantsTest#testFoldLiteralNames
* Finished com.google.javascript.jscomp.PeepholeFoldConstantsTest#testFoldLiteralNames
* Started com.google.javascript.jscomp.PeepholeFoldConstantsTest#testToLower
* Finished com.google.javascript.jscomp.PeepholeFoldConstantsTest#testToLower
* Started com.google.javascript.jscomp.PeepholeFoldConstantsTest#testToUpper
* Finished com.google.javascript.jscomp.PeepholeFoldConstantsTest#testToUpper
* Started com.google.javascript.jscomp.PeepholeFoldConstantsTest#testFoldingAdd
* Finished com.google.javascript.jscomp.PeepholeFoldConstantsTest#testFoldingAdd
* Started com.google.javascript.jscomp.PeepholeFoldConstantsTest#testFoldBitwiseOp
* Finished com.google.javascript.jscomp.PeepholeFoldConstantsTest#testFoldBitwiseOp
* Started com.google.javascript.jscomp.PeepholeFoldConstantsTest#testUndefinedComparison1
* Finished com.google.javascript.jscomp.PeepholeFoldConstantsTest#testUndefinedComparison1
* Started com.google.javascript.jscomp.PeepholeFoldConstantsTest#testUndefinedComparison2
* Finished com.google.javascript.jscomp.PeepholeFoldConstantsTest#testUndefinedComparison2
* Started com.google.javascript.jscomp.PeepholeFoldConstantsTest#testUndefinedComparison3
* Finished com.google.javascript.jscomp.PeepholeFoldConstantsTest#testUndefinedComparison3
* Started com.google.javascript.jscomp.PeepholeFoldConstantsTest#testUndefinedComparison4
* Finished com.google.javascript.jscomp.PeepholeFoldConstantsTest#testUndefinedComparison4
* Started com.google.javascript.jscomp.PeepholeFoldConstantsTest#testStringJoinAdd_b1992789
* Finished com.google.javascript.jscomp.PeepholeFoldConstantsTest#testStringJoinAdd_b1992789
* Started com.google.javascript.jscomp.PeepholeFoldConstantsTest#testFoldArithmeticStringComp
* Finished com.google.javascript.jscomp.PeepholeFoldConstantsTest#testFoldArithmeticStringComp
* Started com.google.javascript.jscomp.PeepholeFoldConstantsTest#testFoldBitwiseOp2
* Finished com.google.javascript.jscomp.PeepholeFoldConstantsTest#testFoldBitwiseOp2
* Started com.google.javascript.jscomp.PeepholeFoldConstantsTest#testUnaryOpsStringCompare
* Finished com.google.javascript.jscomp.PeepholeFoldConstantsTest#testUnaryOpsStringCompare
* Started com.google.javascript.jscomp.PeepholeFoldConstantsTest#testFoldSimpleArithmeticOp
* Finished com.google.javascript.jscomp.PeepholeFoldConstantsTest#testFoldSimpleArithmeticOp
* Started com.google.javascript.jscomp.PeepholeFoldConstantsTest#testStringJoinAddSparse
* Finished com.google.javascript.jscomp.PeepholeFoldConstantsTest#testStringJoinAddSparse
* Started com.google.javascript.jscomp.PeepholeFoldConstantsTest#testInvertibleOperators
* Finished com.google.javascript.jscomp.PeepholeFoldConstantsTest#testInvertibleOperators
* Started com.google.javascript.jscomp.PeepholeFoldConstantsTest#testFoldingMixTypes
* Finished com.google.javascript.jscomp.PeepholeFoldConstantsTest#testFoldingMixTypes
* Started com.google.javascript.jscomp.PeepholeFoldConstantsTest#testFoldBitShiftsStringCompare
* Finished com.google.javascript.jscomp.PeepholeFoldConstantsTest#testFoldBitShiftsStringCompare
* Started com.google.javascript.jscomp.PeepholeFoldConstantsTest#testFoldComparison
* Finished com.google.javascript.jscomp.PeepholeFoldConstantsTest#testFoldComparison
* Started com.google.javascript.jscomp.PeepholeFoldConstantsTest#testFoldLiteralsTypeMismatches
* Finished com.google.javascript.jscomp.PeepholeFoldConstantsTest#testFoldLiteralsTypeMismatches
* Started com.google.javascript.jscomp.PeepholeFoldConstantsTest#testFoldComplex
* Finished com.google.javascript.jscomp.PeepholeFoldConstantsTest#testFoldComplex
* Started com.google.javascript.jscomp.PeepholeFoldConstantsTest#testFoldArrayLength
* Finished com.google.javascript.jscomp.PeepholeFoldConstantsTest#testFoldArrayLength
* Started com.google.javascript.jscomp.PeepholeFoldConstantsTest#testFoldArithmetic
* Failure: Unexpected error(s): JSC_DIVIDE_BY_0_ERROR. Divide by 0 at testcode line 1 : 8 expected:<0> but was:<1> | testFoldArithmetic(com.google.javascript.jscomp.PeepholeFoldConstantsTest)
junit.framework.AssertionFailedError: Unexpected error(s): JSC_DIVIDE_BY_0_ERROR. Divide by 0 at testcode line 1 : 8 expected:<0> but was:<1>
	at junit.framework.Assert.fail(Assert.java:57)
	at junit.framework.Assert.failNotEquals(Assert.java:329)
	at junit.framework.Assert.assertEquals(Assert.java:78)
	at junit.framework.Assert.assertEquals(Assert.java:234)
	at junit.framework.TestCase.assertEquals(TestCase.java:401)
	at com.google.javascript.jscomp.CompilerTestCase.test(CompilerTestCase.java:767)
	at com.google.javascript.jscomp.CompilerTestCase.test(CompilerTestCase.java:410)
	at com.google.javascript.jscomp.CompilerTestCase.test(CompilerTestCase.java:335)
	at com.google.javascript.jscomp.CompilerTestCase.test(CompilerTestCase.java:304)
	at com.google.javascript.jscomp.CompilerTestCase.test(CompilerTestCase.java:292)
	at com.google.javascript.jscomp.PeepholeFoldConstantsTest.fold(PeepholeFoldConstantsTest.java:69)
	at com.google.javascript.jscomp.PeepholeFoldConstantsTest.testFoldArithmetic(PeepholeFoldConstantsTest.java:558)
	at sun.reflect.NativeMethodAccessorImpl.invoke0(Native Method)
	at sun.reflect.NativeMethodAccessorImpl.invoke(NativeMethodAccessorImpl.java:57)
	at sun.reflect.DelegatingMethodAccessorImpl.invoke(DelegatingMethodAccessorImpl.java:43)
	at java.lang.reflect.Method.invoke(Method.java:606)
	at junit.framework.TestCase.runTest(TestCase.java:176)
	at junit.framework.TestCase.runBare(TestCase.java:141)
	at junit.framework.TestResult$1.protect(TestResult.java:122)
	at junit.framework.TestResult.runProtected(TestResult.java:142)
	at junit.framework.TestResult.run(TestResult.java:125)
	at junit.framework.TestCase.run(TestCase.java:129)
	at junit.framework.TestSuite.runTest(TestSuite.java:255)
	at junit.framework.TestSuite.run(TestSuite.java:250)
	at org.junit.internal.runners.JUnit38ClassRunner.run(JUnit38ClassRunner.java:84)
	at com.gzoltar.lib.instrumentation.testing.junit.a.call(Unknown Source)
	at java.util.concurrent.FutureTask.run(FutureTask.java:262)
	at java.util.concurrent.ThreadPoolExecutor.runWorker(ThreadPoolExecutor.java:1145)
	at java.util.concurrent.ThreadPoolExecutor$Worker.run(ThreadPoolExecutor.java:615)
	at java.lang.Thread.run(Thread.java:745)

* Finished com.google.javascript.jscomp.PeepholeFoldConstantsTest#testFoldArithmetic
* Started com.google.javascript.jscomp.PeepholeFoldConstantsTest#testStringIndexOf
* Finished com.google.javascript.jscomp.PeepholeFoldConstantsTest#testStringIndexOf
* Started com.google.javascript.jscomp.PeepholeFoldConstantsTest#testCommutativeOperators
* Finished com.google.javascript.jscomp.PeepholeFoldConstantsTest#testCommutativeOperators
* Started com.google.javascript.jscomp.PeepholeFoldConstantsTest#testFoldArithmetic2
* Finished com.google.javascript.jscomp.PeepholeFoldConstantsTest#testFoldArithmetic2
* Started com.google.javascript.jscomp.PeepholeFoldConstantsTest#testFoldArithmetic3
* Finished com.google.javascript.jscomp.PeepholeFoldConstantsTest#testFoldArithmetic3
* Started com.google.javascript.jscomp.PeepholeFoldConstantsTest#testUnaryOps
* Finished com.google.javascript.jscomp.PeepholeFoldConstantsTest#testUnaryOps
* Started com.google.javascript.jscomp.PeepholeFoldConstantsTest#testFoldStringLength
* Finished com.google.javascript.jscomp.PeepholeFoldConstantsTest#testFoldStringLength
* Started com.google.javascript.jscomp.PeepholeFoldConstantsTest#testFoldStringSubstr
* Finished com.google.javascript.jscomp.PeepholeFoldConstantsTest#testFoldStringSubstr
* Started com.google.javascript.jscomp.PeepholeFoldConstantsTest#testStringAdd
* Finished com.google.javascript.jscomp.PeepholeFoldConstantsTest#testStringAdd
* Started com.google.javascript.jscomp.PeepholeFoldConstantsTest#testFoldBitwiseOpStringCompare
* Finished com.google.javascript.jscomp.PeepholeFoldConstantsTest#testFoldBitwiseOpStringCompare
* Started com.google.javascript.jscomp.PeepholeFoldConstantsTest#testFoldLogicalOp
* Finished com.google.javascript.jscomp.PeepholeFoldConstantsTest#testFoldLogicalOp
* Started com.google.javascript.jscomp.PeepholeFoldConstantsTest#testStringJoinAdd
* Finished com.google.javascript.jscomp.PeepholeFoldConstantsTest#testStringJoinAdd
* Started com.google.javascript.jscomp.PeepholeFoldConstantsTest#testFoldInstanceOf
* Finished com.google.javascript.jscomp.PeepholeFoldConstantsTest#testFoldInstanceOf
* Started com.google.javascript.jscomp.PeepholeFoldConstantsTest#testFoldLeftChildConcat
* Finished com.google.javascript.jscomp.PeepholeFoldConstantsTest#testFoldLeftChildConcat
* Started com.google.javascript.jscomp.PeepholeFoldConstantsTest#testFoldAdd1
* Finished com.google.javascript.jscomp.PeepholeFoldConstantsTest#testFoldAdd1
* Started com.google.javascript.jscomp.PeepholeFoldConstantsTest#testFoldLeft
* Finished com.google.javascript.jscomp.PeepholeFoldConstantsTest#testFoldLeft
* Started com.google.javascript.jscomp.PeepholeFoldConstantsTest#testFoldVoid
* Finished com.google.javascript.jscomp.PeepholeFoldConstantsTest#testFoldVoid
* Started com.google.javascript.jscomp.PeepholeFoldConstantsTest#testFoldLiteralsAsNumbers
* Finished com.google.javascript.jscomp.PeepholeFoldConstantsTest#testFoldLiteralsAsNumbers
* Started com.google.javascript.jscomp.PeepholeFoldConstantsTest#testDivision
* Finished com.google.javascript.jscomp.PeepholeFoldConstantsTest#testDivision
* Started com.google.javascript.jscomp.PeepholeFoldConstantsTest#testFoldMixed
* Finished com.google.javascript.jscomp.PeepholeFoldConstantsTest#testFoldMixed
* Started com.google.javascript.jscomp.PeepholeFoldConstantsTest#testFoldConstructor
* Finished com.google.javascript.jscomp.PeepholeFoldConstantsTest#testFoldConstructor
* Started com.google.javascript.jscomp.PeepholeFoldConstantsTest#testFoldBitShifts
* Finished com.google.javascript.jscomp.PeepholeFoldConstantsTest#testFoldBitShifts
* Started com.google.javascript.jscomp.PeepholeFoldConstantsTest#testAssignOps
* Finished com.google.javascript.jscomp.PeepholeFoldConstantsTest#testAssignOps
* Started com.google.javascript.jscomp.CreateSyntheticBlocksTest#testFold1
[ERROR] Class not found
java.lang.ClassNotFoundException: rhino_ast.java.com.google.javascript.rhino.Messages
	at java.lang.ClassLoader.findClass(ClassLoader.java:531)
	at java.lang.ClassLoader.loadClass(ClassLoader.java:425)
	at java.lang.ClassLoader.loadClass(ClassLoader.java:358)
	at com.gzoltar.lib.instrumentation.util.GZoltarClassLoader.loadClass(Unknown Source)
	at java.util.ResourceBundle$Control.newBundle(ResourceBundle.java:2566)
	at java.util.ResourceBundle.loadBundle(ResourceBundle.java:1436)
	at java.util.ResourceBundle.findBundle(ResourceBundle.java:1400)
	at java.util.ResourceBundle.findBundle(ResourceBundle.java:1354)
	at java.util.ResourceBundle.findBundle(ResourceBundle.java:1354)
	at java.util.ResourceBundle.getBundleImpl(ResourceBundle.java:1296)
	at java.util.ResourceBundle.getBundle(ResourceBundle.java:795)
	at com.google.javascript.rhino.ScriptRuntime.getMessage(ScriptRuntime.java:465)
	at com.google.javascript.rhino.ScriptRuntime.getMessage0(ScriptRuntime.java:422)
	at com.google.javascript.jscomp.RhinoErrorReporter.<init>(RhinoErrorReporter.java:75)
	at com.google.javascript.jscomp.RhinoErrorReporter.<init>(RhinoErrorReporter.java:33)
	at com.google.javascript.jscomp.RhinoErrorReporter$OldRhinoErrorReporter.<init>(RhinoErrorReporter.java:144)
	at com.google.javascript.jscomp.RhinoErrorReporter$OldRhinoErrorReporter.<init>(RhinoErrorReporter.java:140)
	at com.google.javascript.jscomp.RhinoErrorReporter.forOldRhino(RhinoErrorReporter.java:109)
	at com.google.javascript.jscomp.Compiler.<init>(Compiler.java:145)
	at com.google.javascript.jscomp.Compiler.<init>(Compiler.java:177)
	at com.google.javascript.jscomp.CompilerTestCase.createCompiler(CompilerTestCase.java:1009)
	at com.google.javascript.jscomp.CompilerTestCase.test(CompilerTestCase.java:394)
	at com.google.javascript.jscomp.CompilerTestCase.test(CompilerTestCase.java:335)
	at com.google.javascript.jscomp.CompilerTestCase.test(CompilerTestCase.java:304)
	at com.google.javascript.jscomp.CompilerTestCase.test(CompilerTestCase.java:292)
	at com.google.javascript.jscomp.CreateSyntheticBlocksTest.testFold1(CreateSyntheticBlocksTest.java:66)
	at sun.reflect.NativeMethodAccessorImpl.invoke0(Native Method)
	at sun.reflect.NativeMethodAccessorImpl.invoke(NativeMethodAccessorImpl.java:57)
	at sun.reflect.DelegatingMethodAccessorImpl.invoke(DelegatingMethodAccessorImpl.java:43)
	at java.lang.reflect.Method.invoke(Method.java:606)
	at junit.framework.TestCase.runTest(TestCase.java:176)
	at junit.framework.TestCase.runBare(TestCase.java:141)
	at junit.framework.TestResult$1.protect(TestResult.java:122)
	at junit.framework.TestResult.runProtected(TestResult.java:142)
	at junit.framework.TestResult.run(TestResult.java:125)
	at junit.framework.TestCase.run(TestCase.java:129)
	at junit.framework.TestSuite.runTest(TestSuite.java:255)
	at junit.framework.TestSuite.run(TestSuite.java:250)
	at org.junit.internal.runners.JUnit38ClassRunner.run(JUnit38ClassRunner.java:84)
	at com.gzoltar.lib.instrumentation.testing.junit.a.call(Unknown Source)
	at java.util.concurrent.FutureTask.run(FutureTask.java:262)
	at java.util.concurrent.ThreadPoolExecutor.runWorker(ThreadPoolExecutor.java:1145)
	at java.util.concurrent.ThreadPoolExecutor$Worker.run(ThreadPoolExecutor.java:615)
	at java.lang.Thread.run(Thread.java:745)
[ERROR] Class not found
java.lang.ClassNotFoundException: rhino_ast.java.com.google.javascript.rhino.Messages_en
	at java.lang.ClassLoader.findClass(ClassLoader.java:531)
	at java.lang.ClassLoader.loadClass(ClassLoader.java:425)
	at java.lang.ClassLoader.loadClass(ClassLoader.java:358)
	at com.gzoltar.lib.instrumentation.util.GZoltarClassLoader.loadClass(Unknown Source)
	at java.util.ResourceBundle$Control.newBundle(ResourceBundle.java:2566)
	at java.util.ResourceBundle.loadBundle(ResourceBundle.java:1436)
	at java.util.ResourceBundle.findBundle(ResourceBundle.java:1400)
	at java.util.ResourceBundle.findBundle(ResourceBundle.java:1354)
	at java.util.ResourceBundle.getBundleImpl(ResourceBundle.java:1296)
	at java.util.ResourceBundle.getBundle(ResourceBundle.java:795)
	at com.google.javascript.rhino.ScriptRuntime.getMessage(ScriptRuntime.java:465)
	at com.google.javascript.rhino.ScriptRuntime.getMessage0(ScriptRuntime.java:422)
	at com.google.javascript.jscomp.RhinoErrorReporter.<init>(RhinoErrorReporter.java:75)
	at com.google.javascript.jscomp.RhinoErrorReporter.<init>(RhinoErrorReporter.java:33)
	at com.google.javascript.jscomp.RhinoErrorReporter$OldRhinoErrorReporter.<init>(RhinoErrorReporter.java:144)
	at com.google.javascript.jscomp.RhinoErrorReporter$OldRhinoErrorReporter.<init>(RhinoErrorReporter.java:140)
	at com.google.javascript.jscomp.RhinoErrorReporter.forOldRhino(RhinoErrorReporter.java:109)
	at com.google.javascript.jscomp.Compiler.<init>(Compiler.java:145)
	at com.google.javascript.jscomp.Compiler.<init>(Compiler.java:177)
	at com.google.javascript.jscomp.CompilerTestCase.createCompiler(CompilerTestCase.java:1009)
	at com.google.javascript.jscomp.CompilerTestCase.test(CompilerTestCase.java:394)
	at com.google.javascript.jscomp.CompilerTestCase.test(CompilerTestCase.java:335)
	at com.google.javascript.jscomp.CompilerTestCase.test(CompilerTestCase.java:304)
	at com.google.javascript.jscomp.CompilerTestCase.test(CompilerTestCase.java:292)
	at com.google.javascript.jscomp.CreateSyntheticBlocksTest.testFold1(CreateSyntheticBlocksTest.java:66)
	at sun.reflect.NativeMethodAccessorImpl.invoke0(Native Method)
	at sun.reflect.NativeMethodAccessorImpl.invoke(NativeMethodAccessorImpl.java:57)
	at sun.reflect.DelegatingMethodAccessorImpl.invoke(DelegatingMethodAccessorImpl.java:43)
	at java.lang.reflect.Method.invoke(Method.java:606)
	at junit.framework.TestCase.runTest(TestCase.java:176)
	at junit.framework.TestCase.runBare(TestCase.java:141)
	at junit.framework.TestResult$1.protect(TestResult.java:122)
	at junit.framework.TestResult.runProtected(TestResult.java:142)
	at junit.framework.TestResult.run(TestResult.java:125)
	at junit.framework.TestCase.run(TestCase.java:129)
	at junit.framework.TestSuite.runTest(TestSuite.java:255)
	at junit.framework.TestSuite.run(TestSuite.java:250)
	at org.junit.internal.runners.JUnit38ClassRunner.run(JUnit38ClassRunner.java:84)
	at com.gzoltar.lib.instrumentation.testing.junit.a.call(Unknown Source)
	at java.util.concurrent.FutureTask.run(FutureTask.java:262)
	at java.util.concurrent.ThreadPoolExecutor.runWorker(ThreadPoolExecutor.java:1145)
	at java.util.concurrent.ThreadPoolExecutor$Worker.run(ThreadPoolExecutor.java:615)
	at java.lang.Thread.run(Thread.java:745)
[ERROR] Class not found
java.lang.ClassNotFoundException: rhino_ast.java.com.google.javascript.rhino.Messages_en_US
	at java.lang.ClassLoader.findClass(ClassLoader.java:531)
	at java.lang.ClassLoader.loadClass(ClassLoader.java:425)
	at java.lang.ClassLoader.loadClass(ClassLoader.java:358)
	at com.gzoltar.lib.instrumentation.util.GZoltarClassLoader.loadClass(Unknown Source)
	at java.util.ResourceBundle$Control.newBundle(ResourceBundle.java:2566)
	at java.util.ResourceBundle.loadBundle(ResourceBundle.java:1436)
	at java.util.ResourceBundle.findBundle(ResourceBundle.java:1400)
	at java.util.ResourceBundle.getBundleImpl(ResourceBundle.java:1296)
	at java.util.ResourceBundle.getBundle(ResourceBundle.java:795)
	at com.google.javascript.rhino.ScriptRuntime.getMessage(ScriptRuntime.java:465)
	at com.google.javascript.rhino.ScriptRuntime.getMessage0(ScriptRuntime.java:422)
	at com.google.javascript.jscomp.RhinoErrorReporter.<init>(RhinoErrorReporter.java:75)
	at com.google.javascript.jscomp.RhinoErrorReporter.<init>(RhinoErrorReporter.java:33)
	at com.google.javascript.jscomp.RhinoErrorReporter$OldRhinoErrorReporter.<init>(RhinoErrorReporter.java:144)
	at com.google.javascript.jscomp.RhinoErrorReporter$OldRhinoErrorReporter.<init>(RhinoErrorReporter.java:140)
	at com.google.javascript.jscomp.RhinoErrorReporter.forOldRhino(RhinoErrorReporter.java:109)
	at com.google.javascript.jscomp.Compiler.<init>(Compiler.java:145)
	at com.google.javascript.jscomp.Compiler.<init>(Compiler.java:177)
	at com.google.javascript.jscomp.CompilerTestCase.createCompiler(CompilerTestCase.java:1009)
	at com.google.javascript.jscomp.CompilerTestCase.test(CompilerTestCase.java:394)
	at com.google.javascript.jscomp.CompilerTestCase.test(CompilerTestCase.java:335)
	at com.google.javascript.jscomp.CompilerTestCase.test(CompilerTestCase.java:304)
	at com.google.javascript.jscomp.CompilerTestCase.test(CompilerTestCase.java:292)
	at com.google.javascript.jscomp.CreateSyntheticBlocksTest.testFold1(CreateSyntheticBlocksTest.java:66)
	at sun.reflect.NativeMethodAccessorImpl.invoke0(Native Method)
	at sun.reflect.NativeMethodAccessorImpl.invoke(NativeMethodAccessorImpl.java:57)
	at sun.reflect.DelegatingMethodAccessorImpl.invoke(DelegatingMethodAccessorImpl.java:43)
	at java.lang.reflect.Method.invoke(Method.java:606)
	at junit.framework.TestCase.runTest(TestCase.java:176)
	at junit.framework.TestCase.runBare(TestCase.java:141)
	at junit.framework.TestResult$1.protect(TestResult.java:122)
	at junit.framework.TestResult.runProtected(TestResult.java:142)
	at junit.framework.TestResult.run(TestResult.java:125)
	at junit.framework.TestCase.run(TestCase.java:129)
	at junit.framework.TestSuite.runTest(TestSuite.java:255)
	at junit.framework.TestSuite.run(TestSuite.java:250)
	at org.junit.internal.runners.JUnit38ClassRunner.run(JUnit38ClassRunner.java:84)
	at com.gzoltar.lib.instrumentation.testing.junit.a.call(Unknown Source)
	at java.util.concurrent.FutureTask.run(FutureTask.java:262)
	at java.util.concurrent.ThreadPoolExecutor.runWorker(ThreadPoolExecutor.java:1145)
	at java.util.concurrent.ThreadPoolExecutor$Worker.run(ThreadPoolExecutor.java:615)
	at java.lang.Thread.run(Thread.java:745)
[ERROR] Class not found
java.lang.ClassNotFoundException: com.google.javascript.jscomp.mozilla.rhino.VMBridge_custom
	at java.lang.ClassLoader.findClass(ClassLoader.java:531)
	at java.lang.ClassLoader.loadClass(ClassLoader.java:425)
	at java.lang.ClassLoader.loadClass(ClassLoader.java:358)
	at com.gzoltar.lib.instrumentation.util.GZoltarClassLoader.loadClass(Unknown Source)
	at java.lang.Class.forName0(Native Method)
	at java.lang.Class.forName(Class.java:195)
	at com.google.javascript.jscomp.mozilla.rhino.Kit.classOrNull(Kit.java:74)
	at com.google.javascript.jscomp.mozilla.rhino.VMBridge.makeInstance(VMBridge.java:61)
	at com.google.javascript.jscomp.mozilla.rhino.VMBridge.<clinit>(VMBridge.java:49)
	at com.google.javascript.jscomp.mozilla.rhino.Context.getCurrentContext(Context.java:379)
	at com.google.javascript.jscomp.mozilla.rhino.ScriptRuntime$DefaultMessageProvider.getMessage(ScriptRuntime.java:3703)
	at com.google.javascript.jscomp.mozilla.rhino.ScriptRuntime.getMessage(ScriptRuntime.java:3691)
	at com.google.javascript.jscomp.mozilla.rhino.ScriptRuntime.getMessage0(ScriptRuntime.java:3639)
	at com.google.javascript.jscomp.RhinoErrorReporter.<init>(RhinoErrorReporter.java:75)
	at com.google.javascript.jscomp.RhinoErrorReporter.<init>(RhinoErrorReporter.java:33)
	at com.google.javascript.jscomp.RhinoErrorReporter$OldRhinoErrorReporter.<init>(RhinoErrorReporter.java:144)
	at com.google.javascript.jscomp.RhinoErrorReporter$OldRhinoErrorReporter.<init>(RhinoErrorReporter.java:140)
	at com.google.javascript.jscomp.RhinoErrorReporter.forOldRhino(RhinoErrorReporter.java:109)
	at com.google.javascript.jscomp.Compiler.<init>(Compiler.java:145)
	at com.google.javascript.jscomp.Compiler.<init>(Compiler.java:177)
	at com.google.javascript.jscomp.CompilerTestCase.createCompiler(CompilerTestCase.java:1009)
	at com.google.javascript.jscomp.CompilerTestCase.test(CompilerTestCase.java:394)
	at com.google.javascript.jscomp.CompilerTestCase.test(CompilerTestCase.java:335)
	at com.google.javascript.jscomp.CompilerTestCase.test(CompilerTestCase.java:304)
	at com.google.javascript.jscomp.CompilerTestCase.test(CompilerTestCase.java:292)
	at com.google.javascript.jscomp.CreateSyntheticBlocksTest.testFold1(CreateSyntheticBlocksTest.java:66)
	at sun.reflect.NativeMethodAccessorImpl.invoke0(Native Method)
	at sun.reflect.NativeMethodAccessorImpl.invoke(NativeMethodAccessorImpl.java:57)
	at sun.reflect.DelegatingMethodAccessorImpl.invoke(DelegatingMethodAccessorImpl.java:43)
	at java.lang.reflect.Method.invoke(Method.java:606)
	at junit.framework.TestCase.runTest(TestCase.java:176)
	at junit.framework.TestCase.runBare(TestCase.java:141)
	at junit.framework.TestResult$1.protect(TestResult.java:122)
	at junit.framework.TestResult.runProtected(TestResult.java:142)
	at junit.framework.TestResult.run(TestResult.java:125)
	at junit.framework.TestCase.run(TestCase.java:129)
	at junit.framework.TestSuite.runTest(TestSuite.java:255)
	at junit.framework.TestSuite.run(TestSuite.java:250)
	at org.junit.internal.runners.JUnit38ClassRunner.run(JUnit38ClassRunner.java:84)
	at com.gzoltar.lib.instrumentation.testing.junit.a.call(Unknown Source)
	at java.util.concurrent.FutureTask.run(FutureTask.java:262)
	at java.util.concurrent.ThreadPoolExecutor.runWorker(ThreadPoolExecutor.java:1145)
	at java.util.concurrent.ThreadPoolExecutor$Worker.run(ThreadPoolExecutor.java:615)
	at java.lang.Thread.run(Thread.java:745)
[ERROR] Class not found
java.lang.ClassNotFoundException: com.google.javascript.jscomp.mozilla.rhino.resources.Messages
	at java.lang.ClassLoader.findClass(ClassLoader.java:531)
	at java.lang.ClassLoader.loadClass(ClassLoader.java:425)
	at java.lang.ClassLoader.loadClass(ClassLoader.java:358)
	at com.gzoltar.lib.instrumentation.util.GZoltarClassLoader.loadClass(Unknown Source)
	at java.util.ResourceBundle$Control.newBundle(ResourceBundle.java:2566)
	at java.util.ResourceBundle.loadBundle(ResourceBundle.java:1436)
	at java.util.ResourceBundle.findBundle(ResourceBundle.java:1400)
	at java.util.ResourceBundle.findBundle(ResourceBundle.java:1354)
	at java.util.ResourceBundle.findBundle(ResourceBundle.java:1354)
	at java.util.ResourceBundle.getBundleImpl(ResourceBundle.java:1296)
	at java.util.ResourceBundle.getBundle(ResourceBundle.java:795)
	at com.google.javascript.jscomp.mozilla.rhino.ScriptRuntime$DefaultMessageProvider.getMessage(ScriptRuntime.java:3707)
	at com.google.javascript.jscomp.mozilla.rhino.ScriptRuntime.getMessage(ScriptRuntime.java:3691)
	at com.google.javascript.jscomp.mozilla.rhino.ScriptRuntime.getMessage0(ScriptRuntime.java:3639)
	at com.google.javascript.jscomp.RhinoErrorReporter.<init>(RhinoErrorReporter.java:75)
	at com.google.javascript.jscomp.RhinoErrorReporter.<init>(RhinoErrorReporter.java:33)
	at com.google.javascript.jscomp.RhinoErrorReporter$OldRhinoErrorReporter.<init>(RhinoErrorReporter.java:144)
	at com.google.javascript.jscomp.RhinoErrorReporter$OldRhinoErrorReporter.<init>(RhinoErrorReporter.java:140)
	at com.google.javascript.jscomp.RhinoErrorReporter.forOldRhino(RhinoErrorReporter.java:109)
	at com.google.javascript.jscomp.Compiler.<init>(Compiler.java:145)
	at com.google.javascript.jscomp.Compiler.<init>(Compiler.java:177)
	at com.google.javascript.jscomp.CompilerTestCase.createCompiler(CompilerTestCase.java:1009)
	at com.google.javascript.jscomp.CompilerTestCase.test(CompilerTestCase.java:394)
	at com.google.javascript.jscomp.CompilerTestCase.test(CompilerTestCase.java:335)
	at com.google.javascript.jscomp.CompilerTestCase.test(CompilerTestCase.java:304)
	at com.google.javascript.jscomp.CompilerTestCase.test(CompilerTestCase.java:292)
	at com.google.javascript.jscomp.CreateSyntheticBlocksTest.testFold1(CreateSyntheticBlocksTest.java:66)
	at sun.reflect.NativeMethodAccessorImpl.invoke0(Native Method)
	at sun.reflect.NativeMethodAccessorImpl.invoke(NativeMethodAccessorImpl.java:57)
	at sun.reflect.DelegatingMethodAccessorImpl.invoke(DelegatingMethodAccessorImpl.java:43)
	at java.lang.reflect.Method.invoke(Method.java:606)
	at junit.framework.TestCase.runTest(TestCase.java:176)
	at junit.framework.TestCase.runBare(TestCase.java:141)
	at junit.framework.TestResult$1.protect(TestResult.java:122)
	at junit.framework.TestResult.runProtected(TestResult.java:142)
	at junit.framework.TestResult.run(TestResult.java:125)
	at junit.framework.TestCase.run(TestCase.java:129)
	at junit.framework.TestSuite.runTest(TestSuite.java:255)
	at junit.framework.TestSuite.run(TestSuite.java:250)
	at org.junit.internal.runners.JUnit38ClassRunner.run(JUnit38ClassRunner.java:84)
	at com.gzoltar.lib.instrumentation.testing.junit.a.call(Unknown Source)
	at java.util.concurrent.FutureTask.run(FutureTask.java:262)
	at java.util.concurrent.ThreadPoolExecutor.runWorker(ThreadPoolExecutor.java:1145)
	at java.util.concurrent.ThreadPoolExecutor$Worker.run(ThreadPoolExecutor.java:615)
	at java.lang.Thread.run(Thread.java:745)
[ERROR] Class not found
java.lang.ClassNotFoundException: com.google.javascript.jscomp.mozilla.rhino.resources.Messages_en
	at java.lang.ClassLoader.findClass(ClassLoader.java:531)
	at java.lang.ClassLoader.loadClass(ClassLoader.java:425)
	at java.lang.ClassLoader.loadClass(ClassLoader.java:358)
	at com.gzoltar.lib.instrumentation.util.GZoltarClassLoader.loadClass(Unknown Source)
	at java.util.ResourceBundle$Control.newBundle(ResourceBundle.java:2566)
	at java.util.ResourceBundle.loadBundle(ResourceBundle.java:1436)
	at java.util.ResourceBundle.findBundle(ResourceBundle.java:1400)
	at java.util.ResourceBundle.findBundle(ResourceBundle.java:1354)
	at java.util.ResourceBundle.getBundleImpl(ResourceBundle.java:1296)
	at java.util.ResourceBundle.getBundle(ResourceBundle.java:795)
	at com.google.javascript.jscomp.mozilla.rhino.ScriptRuntime$DefaultMessageProvider.getMessage(ScriptRuntime.java:3707)
	at com.google.javascript.jscomp.mozilla.rhino.ScriptRuntime.getMessage(ScriptRuntime.java:3691)
	at com.google.javascript.jscomp.mozilla.rhino.ScriptRuntime.getMessage0(ScriptRuntime.java:3639)
	at com.google.javascript.jscomp.RhinoErrorReporter.<init>(RhinoErrorReporter.java:75)
	at com.google.javascript.jscomp.RhinoErrorReporter.<init>(RhinoErrorReporter.java:33)
	at com.google.javascript.jscomp.RhinoErrorReporter$OldRhinoErrorReporter.<init>(RhinoErrorReporter.java:144)
	at com.google.javascript.jscomp.RhinoErrorReporter$OldRhinoErrorReporter.<init>(RhinoErrorReporter.java:140)
	at com.google.javascript.jscomp.RhinoErrorReporter.forOldRhino(RhinoErrorReporter.java:109)
	at com.google.javascript.jscomp.Compiler.<init>(Compiler.java:145)
	at com.google.javascript.jscomp.Compiler.<init>(Compiler.java:177)
	at com.google.javascript.jscomp.CompilerTestCase.createCompiler(CompilerTestCase.java:1009)
	at com.google.javascript.jscomp.CompilerTestCase.test(CompilerTestCase.java:394)
	at com.google.javascript.jscomp.CompilerTestCase.test(CompilerTestCase.java:335)
	at com.google.javascript.jscomp.CompilerTestCase.test(CompilerTestCase.java:304)
	at com.google.javascript.jscomp.CompilerTestCase.test(CompilerTestCase.java:292)
	at com.google.javascript.jscomp.CreateSyntheticBlocksTest.testFold1(CreateSyntheticBlocksTest.java:66)
	at sun.reflect.NativeMethodAccessorImpl.invoke0(Native Method)
	at sun.reflect.NativeMethodAccessorImpl.invoke(NativeMethodAccessorImpl.java:57)
	at sun.reflect.DelegatingMethodAccessorImpl.invoke(DelegatingMethodAccessorImpl.java:43)
	at java.lang.reflect.Method.invoke(Method.java:606)
	at junit.framework.TestCase.runTest(TestCase.java:176)
	at junit.framework.TestCase.runBare(TestCase.java:141)
	at junit.framework.TestResult$1.protect(TestResult.java:122)
	at junit.framework.TestResult.runProtected(TestResult.java:142)
	at junit.framework.TestResult.run(TestResult.java:125)
	at junit.framework.TestCase.run(TestCase.java:129)
	at junit.framework.TestSuite.runTest(TestSuite.java:255)
	at junit.framework.TestSuite.run(TestSuite.java:250)
	at org.junit.internal.runners.JUnit38ClassRunner.run(JUnit38ClassRunner.java:84)
	at com.gzoltar.lib.instrumentation.testing.junit.a.call(Unknown Source)
	at java.util.concurrent.FutureTask.run(FutureTask.java:262)
	at java.util.concurrent.ThreadPoolExecutor.runWorker(ThreadPoolExecutor.java:1145)
	at java.util.concurrent.ThreadPoolExecutor$Worker.run(ThreadPoolExecutor.java:615)
	at java.lang.Thread.run(Thread.java:745)
[ERROR] Class not found
java.lang.ClassNotFoundException: com.google.javascript.jscomp.mozilla.rhino.resources.Messages_en_US
	at java.lang.ClassLoader.findClass(ClassLoader.java:531)
	at java.lang.ClassLoader.loadClass(ClassLoader.java:425)
	at java.lang.ClassLoader.loadClass(ClassLoader.java:358)
	at com.gzoltar.lib.instrumentation.util.GZoltarClassLoader.loadClass(Unknown Source)
	at java.util.ResourceBundle$Control.newBundle(ResourceBundle.java:2566)
	at java.util.ResourceBundle.loadBundle(ResourceBundle.java:1436)
	at java.util.ResourceBundle.findBundle(ResourceBundle.java:1400)
	at java.util.ResourceBundle.getBundleImpl(ResourceBundle.java:1296)
	at java.util.ResourceBundle.getBundle(ResourceBundle.java:795)
	at com.google.javascript.jscomp.mozilla.rhino.ScriptRuntime$DefaultMessageProvider.getMessage(ScriptRuntime.java:3707)
	at com.google.javascript.jscomp.mozilla.rhino.ScriptRuntime.getMessage(ScriptRuntime.java:3691)
	at com.google.javascript.jscomp.mozilla.rhino.ScriptRuntime.getMessage0(ScriptRuntime.java:3639)
	at com.google.javascript.jscomp.RhinoErrorReporter.<init>(RhinoErrorReporter.java:75)
	at com.google.javascript.jscomp.RhinoErrorReporter.<init>(RhinoErrorReporter.java:33)
	at com.google.javascript.jscomp.RhinoErrorReporter$OldRhinoErrorReporter.<init>(RhinoErrorReporter.java:144)
	at com.google.javascript.jscomp.RhinoErrorReporter$OldRhinoErrorReporter.<init>(RhinoErrorReporter.java:140)
	at com.google.javascript.jscomp.RhinoErrorReporter.forOldRhino(RhinoErrorReporter.java:109)
	at com.google.javascript.jscomp.Compiler.<init>(Compiler.java:145)
	at com.google.javascript.jscomp.Compiler.<init>(Compiler.java:177)
	at com.google.javascript.jscomp.CompilerTestCase.createCompiler(CompilerTestCase.java:1009)
	at com.google.javascript.jscomp.CompilerTestCase.test(CompilerTestCase.java:394)
	at com.google.javascript.jscomp.CompilerTestCase.test(CompilerTestCase.java:335)
	at com.google.javascript.jscomp.CompilerTestCase.test(CompilerTestCase.java:304)
	at com.google.javascript.jscomp.CompilerTestCase.test(CompilerTestCase.java:292)
	at com.google.javascript.jscomp.CreateSyntheticBlocksTest.testFold1(CreateSyntheticBlocksTest.java:66)
	at sun.reflect.NativeMethodAccessorImpl.invoke0(Native Method)
	at sun.reflect.NativeMethodAccessorImpl.invoke(NativeMethodAccessorImpl.java:57)
	at sun.reflect.DelegatingMethodAccessorImpl.invoke(DelegatingMethodAccessorImpl.java:43)
	at java.lang.reflect.Method.invoke(Method.java:606)
	at junit.framework.TestCase.runTest(TestCase.java:176)
	at junit.framework.TestCase.runBare(TestCase.java:141)
	at junit.framework.TestResult$1.protect(TestResult.java:122)
	at junit.framework.TestResult.runProtected(TestResult.java:142)
	at junit.framework.TestResult.run(TestResult.java:125)
	at junit.framework.TestCase.run(TestCase.java:129)
	at junit.framework.TestSuite.runTest(TestSuite.java:255)
	at junit.framework.TestSuite.run(TestSuite.java:250)
	at org.junit.internal.runners.JUnit38ClassRunner.run(JUnit38ClassRunner.java:84)
	at com.gzoltar.lib.instrumentation.testing.junit.a.call(Unknown Source)
	at java.util.concurrent.FutureTask.run(FutureTask.java:262)
	at java.util.concurrent.ThreadPoolExecutor.runWorker(ThreadPoolExecutor.java:1145)
	at java.util.concurrent.ThreadPoolExecutor$Worker.run(ThreadPoolExecutor.java:615)
	at java.lang.Thread.run(Thread.java:745)
[ERROR] Class not found
java.lang.ClassNotFoundException: com.google.javascript.jscomp.parsing.ParserConfig
	at java.lang.ClassLoader.findClass(ClassLoader.java:531)
	at java.lang.ClassLoader.loadClass(ClassLoader.java:425)
	at java.lang.ClassLoader.loadClass(ClassLoader.java:358)
	at com.gzoltar.lib.instrumentation.util.GZoltarClassLoader.loadClass(Unknown Source)
	at java.util.ResourceBundle$Control.newBundle(ResourceBundle.java:2566)
	at java.util.ResourceBundle.loadBundle(ResourceBundle.java:1436)
	at java.util.ResourceBundle.findBundle(ResourceBundle.java:1400)
	at java.util.ResourceBundle.findBundle(ResourceBundle.java:1354)
	at java.util.ResourceBundle.findBundle(ResourceBundle.java:1354)
	at java.util.ResourceBundle.getBundleImpl(ResourceBundle.java:1296)
	at java.util.ResourceBundle.getBundle(ResourceBundle.java:721)
	at com.google.javascript.jscomp.parsing.ParserRunner.initResourceConfig(ParserRunner.java:66)
	at com.google.javascript.jscomp.parsing.ParserRunner.createConfig(ParserRunner.java:55)
	at com.google.javascript.jscomp.Compiler.getParserConfig(Compiler.java:1679)
	at com.google.javascript.jscomp.JsAst.parse(JsAst.java:88)
	at com.google.javascript.jscomp.JsAst.createAst(JsAst.java:77)
	at com.google.javascript.jscomp.JsAst.getAstRoot(JsAst.java:50)
	at com.google.javascript.jscomp.CompilerInput.getAstRoot(CompilerInput.java:102)
	at com.google.javascript.jscomp.Compiler.parseInputs(Compiler.java:1096)
	at com.google.javascript.jscomp.CompilerTestCase.test(CompilerTestCase.java:703)
	at com.google.javascript.jscomp.CompilerTestCase.test(CompilerTestCase.java:410)
	at com.google.javascript.jscomp.CompilerTestCase.test(CompilerTestCase.java:335)
	at com.google.javascript.jscomp.CompilerTestCase.test(CompilerTestCase.java:304)
	at com.google.javascript.jscomp.CompilerTestCase.test(CompilerTestCase.java:292)
	at com.google.javascript.jscomp.CreateSyntheticBlocksTest.testFold1(CreateSyntheticBlocksTest.java:66)
	at sun.reflect.NativeMethodAccessorImpl.invoke0(Native Method)
	at sun.reflect.NativeMethodAccessorImpl.invoke(NativeMethodAccessorImpl.java:57)
	at sun.reflect.DelegatingMethodAccessorImpl.invoke(DelegatingMethodAccessorImpl.java:43)
	at java.lang.reflect.Method.invoke(Method.java:606)
	at junit.framework.TestCase.runTest(TestCase.java:176)
	at junit.framework.TestCase.runBare(TestCase.java:141)
	at junit.framework.TestResult$1.protect(TestResult.java:122)
	at junit.framework.TestResult.runProtected(TestResult.java:142)
	at junit.framework.TestResult.run(TestResult.java:125)
	at junit.framework.TestCase.run(TestCase.java:129)
	at junit.framework.TestSuite.runTest(TestSuite.java:255)
	at junit.framework.TestSuite.run(TestSuite.java:250)
	at org.junit.internal.runners.JUnit38ClassRunner.run(JUnit38ClassRunner.java:84)
	at com.gzoltar.lib.instrumentation.testing.junit.a.call(Unknown Source)
	at java.util.concurrent.FutureTask.run(FutureTask.java:262)
	at java.util.concurrent.ThreadPoolExecutor.runWorker(ThreadPoolExecutor.java:1145)
	at java.util.concurrent.ThreadPoolExecutor$Worker.run(ThreadPoolExecutor.java:615)
	at java.lang.Thread.run(Thread.java:745)
[ERROR] Class not found
java.lang.ClassNotFoundException: com.google.javascript.jscomp.parsing.ParserConfig_en
	at java.lang.ClassLoader.findClass(ClassLoader.java:531)
	at java.lang.ClassLoader.loadClass(ClassLoader.java:425)
	at java.lang.ClassLoader.loadClass(ClassLoader.java:358)
	at com.gzoltar.lib.instrumentation.util.GZoltarClassLoader.loadClass(Unknown Source)
	at java.util.ResourceBundle$Control.newBundle(ResourceBundle.java:2566)
	at java.util.ResourceBundle.loadBundle(ResourceBundle.java:1436)
	at java.util.ResourceBundle.findBundle(ResourceBundle.java:1400)
	at java.util.ResourceBundle.findBundle(ResourceBundle.java:1354)
	at java.util.ResourceBundle.getBundleImpl(ResourceBundle.java:1296)
	at java.util.ResourceBundle.getBundle(ResourceBundle.java:721)
	at com.google.javascript.jscomp.parsing.ParserRunner.initResourceConfig(ParserRunner.java:66)
	at com.google.javascript.jscomp.parsing.ParserRunner.createConfig(ParserRunner.java:55)
	at com.google.javascript.jscomp.Compiler.getParserConfig(Compiler.java:1679)
	at com.google.javascript.jscomp.JsAst.parse(JsAst.java:88)
	at com.google.javascript.jscomp.JsAst.createAst(JsAst.java:77)
	at com.google.javascript.jscomp.JsAst.getAstRoot(JsAst.java:50)
	at com.google.javascript.jscomp.CompilerInput.getAstRoot(CompilerInput.java:102)
	at com.google.javascript.jscomp.Compiler.parseInputs(Compiler.java:1096)
	at com.google.javascript.jscomp.CompilerTestCase.test(CompilerTestCase.java:703)
	at com.google.javascript.jscomp.CompilerTestCase.test(CompilerTestCase.java:410)
	at com.google.javascript.jscomp.CompilerTestCase.test(CompilerTestCase.java:335)
	at com.google.javascript.jscomp.CompilerTestCase.test(CompilerTestCase.java:304)
	at com.google.javascript.jscomp.CompilerTestCase.test(CompilerTestCase.java:292)
	at com.google.javascript.jscomp.CreateSyntheticBlocksTest.testFold1(CreateSyntheticBlocksTest.java:66)
	at sun.reflect.NativeMethodAccessorImpl.invoke0(Native Method)
	at sun.reflect.NativeMethodAccessorImpl.invoke(NativeMethodAccessorImpl.java:57)
	at sun.reflect.DelegatingMethodAccessorImpl.invoke(DelegatingMethodAccessorImpl.java:43)
	at java.lang.reflect.Method.invoke(Method.java:606)
	at junit.framework.TestCase.runTest(TestCase.java:176)
	at junit.framework.TestCase.runBare(TestCase.java:141)
	at junit.framework.TestResult$1.protect(TestResult.java:122)
	at junit.framework.TestResult.runProtected(TestResult.java:142)
	at junit.framework.TestResult.run(TestResult.java:125)
	at junit.framework.TestCase.run(TestCase.java:129)
	at junit.framework.TestSuite.runTest(TestSuite.java:255)
	at junit.framework.TestSuite.run(TestSuite.java:250)
	at org.junit.internal.runners.JUnit38ClassRunner.run(JUnit38ClassRunner.java:84)
	at com.gzoltar.lib.instrumentation.testing.junit.a.call(Unknown Source)
	at java.util.concurrent.FutureTask.run(FutureTask.java:262)
	at java.util.concurrent.ThreadPoolExecutor.runWorker(ThreadPoolExecutor.java:1145)
	at java.util.concurrent.ThreadPoolExecutor$Worker.run(ThreadPoolExecutor.java:615)
	at java.lang.Thread.run(Thread.java:745)
[ERROR] Class not found
java.lang.ClassNotFoundException: com.google.javascript.jscomp.parsing.ParserConfig_en_US
	at java.lang.ClassLoader.findClass(ClassLoader.java:531)
	at java.lang.ClassLoader.loadClass(ClassLoader.java:425)
	at java.lang.ClassLoader.loadClass(ClassLoader.java:358)
	at com.gzoltar.lib.instrumentation.util.GZoltarClassLoader.loadClass(Unknown Source)
	at java.util.ResourceBundle$Control.newBundle(ResourceBundle.java:2566)
	at java.util.ResourceBundle.loadBundle(ResourceBundle.java:1436)
	at java.util.ResourceBundle.findBundle(ResourceBundle.java:1400)
	at java.util.ResourceBundle.getBundleImpl(ResourceBundle.java:1296)
	at java.util.ResourceBundle.getBundle(ResourceBundle.java:721)
	at com.google.javascript.jscomp.parsing.ParserRunner.initResourceConfig(ParserRunner.java:66)
	at com.google.javascript.jscomp.parsing.ParserRunner.createConfig(ParserRunner.java:55)
	at com.google.javascript.jscomp.Compiler.getParserConfig(Compiler.java:1679)
	at com.google.javascript.jscomp.JsAst.parse(JsAst.java:88)
	at com.google.javascript.jscomp.JsAst.createAst(JsAst.java:77)
	at com.google.javascript.jscomp.JsAst.getAstRoot(JsAst.java:50)
	at com.google.javascript.jscomp.CompilerInput.getAstRoot(CompilerInput.java:102)
	at com.google.javascript.jscomp.Compiler.parseInputs(Compiler.java:1096)
	at com.google.javascript.jscomp.CompilerTestCase.test(CompilerTestCase.java:703)
	at com.google.javascript.jscomp.CompilerTestCase.test(CompilerTestCase.java:410)
	at com.google.javascript.jscomp.CompilerTestCase.test(CompilerTestCase.java:335)
	at com.google.javascript.jscomp.CompilerTestCase.test(CompilerTestCase.java:304)
	at com.google.javascript.jscomp.CompilerTestCase.test(CompilerTestCase.java:292)
	at com.google.javascript.jscomp.CreateSyntheticBlocksTest.testFold1(CreateSyntheticBlocksTest.java:66)
	at sun.reflect.NativeMethodAccessorImpl.invoke0(Native Method)
	at sun.reflect.NativeMethodAccessorImpl.invoke(NativeMethodAccessorImpl.java:57)
	at sun.reflect.DelegatingMethodAccessorImpl.invoke(DelegatingMethodAccessorImpl.java:43)
	at java.lang.reflect.Method.invoke(Method.java:606)
	at junit.framework.TestCase.runTest(TestCase.java:176)
	at junit.framework.TestCase.runBare(TestCase.java:141)
	at junit.framework.TestResult$1.protect(TestResult.java:122)
	at junit.framework.TestResult.runProtected(TestResult.java:142)
	at junit.framework.TestResult.run(TestResult.java:125)
	at junit.framework.TestCase.run(TestCase.java:129)
	at junit.framework.TestSuite.runTest(TestSuite.java:255)
	at junit.framework.TestSuite.run(TestSuite.java:250)
	at org.junit.internal.runners.JUnit38ClassRunner.run(JUnit38ClassRunner.java:84)
	at com.gzoltar.lib.instrumentation.testing.junit.a.call(Unknown Source)
	at java.util.concurrent.FutureTask.run(FutureTask.java:262)
	at java.util.concurrent.ThreadPoolExecutor.runWorker(ThreadPoolExecutor.java:1145)
	at java.util.concurrent.ThreadPoolExecutor$Worker.run(ThreadPoolExecutor.java:615)
	at java.lang.Thread.run(Thread.java:745)
* Finished com.google.javascript.jscomp.CreateSyntheticBlocksTest#testFold1
* Started com.google.javascript.jscomp.CreateSyntheticBlocksTest#testFold2
* Finished com.google.javascript.jscomp.CreateSyntheticBlocksTest#testFold2
* Started com.google.javascript.jscomp.CreateSyntheticBlocksTest#testFoldWithMarkers1a
* Finished com.google.javascript.jscomp.CreateSyntheticBlocksTest#testFoldWithMarkers1a
* Started com.google.javascript.jscomp.CreateSyntheticBlocksTest#testFoldWithMarkers1
* Finished com.google.javascript.jscomp.CreateSyntheticBlocksTest#testFoldWithMarkers1
* Started com.google.javascript.jscomp.CreateSyntheticBlocksTest#testFoldWithMarkers2
* Finished com.google.javascript.jscomp.CreateSyntheticBlocksTest#testFoldWithMarkers2
* Started com.google.javascript.jscomp.CreateSyntheticBlocksTest#testUnmatchedEndMarker1
* Finished com.google.javascript.jscomp.CreateSyntheticBlocksTest#testUnmatchedEndMarker1
* Started com.google.javascript.jscomp.CreateSyntheticBlocksTest#testUnmatchedEndMarker2
* Finished com.google.javascript.jscomp.CreateSyntheticBlocksTest#testUnmatchedEndMarker2
* Started com.google.javascript.jscomp.CreateSyntheticBlocksTest#testUnmatchedStartMarker
* Finished com.google.javascript.jscomp.CreateSyntheticBlocksTest#testUnmatchedStartMarker
* Started com.google.javascript.jscomp.CreateSyntheticBlocksTest#testNonMarkingUse
* Finished com.google.javascript.jscomp.CreateSyntheticBlocksTest#testNonMarkingUse
* Started com.google.javascript.jscomp.CreateSyntheticBlocksTest#testInvalid1
* Finished com.google.javascript.jscomp.CreateSyntheticBlocksTest#testInvalid1
* Started com.google.javascript.jscomp.CreateSyntheticBlocksTest#testInvalid2
* Finished com.google.javascript.jscomp.CreateSyntheticBlocksTest#testInvalid2
* Started com.google.javascript.jscomp.CreateSyntheticBlocksTest#testContainingBlockPreservation
* Finished com.google.javascript.jscomp.CreateSyntheticBlocksTest#testContainingBlockPreservation
* Started com.google.javascript.jscomp.CreateSyntheticBlocksTest#testDenormalize
* Finished com.google.javascript.jscomp.CreateSyntheticBlocksTest#testDenormalize
* Started com.google.javascript.jscomp.PeepholeIntegrationTest#testFoldLogicalOpIntegration
[ERROR] Class not found
java.lang.ClassNotFoundException: rhino_ast.java.com.google.javascript.rhino.Messages
	at java.lang.ClassLoader.findClass(ClassLoader.java:531)
	at java.lang.ClassLoader.loadClass(ClassLoader.java:425)
	at java.lang.ClassLoader.loadClass(ClassLoader.java:358)
	at com.gzoltar.lib.instrumentation.util.GZoltarClassLoader.loadClass(Unknown Source)
	at java.util.ResourceBundle$Control.newBundle(ResourceBundle.java:2566)
	at java.util.ResourceBundle.loadBundle(ResourceBundle.java:1436)
	at java.util.ResourceBundle.findBundle(ResourceBundle.java:1400)
	at java.util.ResourceBundle.findBundle(ResourceBundle.java:1354)
	at java.util.ResourceBundle.findBundle(ResourceBundle.java:1354)
	at java.util.ResourceBundle.getBundleImpl(ResourceBundle.java:1296)
	at java.util.ResourceBundle.getBundle(ResourceBundle.java:795)
	at com.google.javascript.rhino.ScriptRuntime.getMessage(ScriptRuntime.java:465)
	at com.google.javascript.rhino.ScriptRuntime.getMessage0(ScriptRuntime.java:422)
	at com.google.javascript.jscomp.RhinoErrorReporter.<init>(RhinoErrorReporter.java:75)
	at com.google.javascript.jscomp.RhinoErrorReporter.<init>(RhinoErrorReporter.java:33)
	at com.google.javascript.jscomp.RhinoErrorReporter$OldRhinoErrorReporter.<init>(RhinoErrorReporter.java:144)
	at com.google.javascript.jscomp.RhinoErrorReporter$OldRhinoErrorReporter.<init>(RhinoErrorReporter.java:140)
	at com.google.javascript.jscomp.RhinoErrorReporter.forOldRhino(RhinoErrorReporter.java:109)
	at com.google.javascript.jscomp.Compiler.<init>(Compiler.java:145)
	at com.google.javascript.jscomp.Compiler.<init>(Compiler.java:177)
	at com.google.javascript.jscomp.CompilerTestCase.createCompiler(CompilerTestCase.java:1009)
	at com.google.javascript.jscomp.CompilerTestCase.test(CompilerTestCase.java:394)
	at com.google.javascript.jscomp.CompilerTestCase.test(CompilerTestCase.java:335)
	at com.google.javascript.jscomp.CompilerTestCase.test(CompilerTestCase.java:304)
	at com.google.javascript.jscomp.CompilerTestCase.test(CompilerTestCase.java:292)
	at com.google.javascript.jscomp.PeepholeIntegrationTest.testFoldLogicalOpIntegration(PeepholeIntegrationTest.java:179)
	at sun.reflect.NativeMethodAccessorImpl.invoke0(Native Method)
	at sun.reflect.NativeMethodAccessorImpl.invoke(NativeMethodAccessorImpl.java:57)
	at sun.reflect.DelegatingMethodAccessorImpl.invoke(DelegatingMethodAccessorImpl.java:43)
	at java.lang.reflect.Method.invoke(Method.java:606)
	at junit.framework.TestCase.runTest(TestCase.java:176)
	at junit.framework.TestCase.runBare(TestCase.java:141)
	at junit.framework.TestResult$1.protect(TestResult.java:122)
	at junit.framework.TestResult.runProtected(TestResult.java:142)
	at junit.framework.TestResult.run(TestResult.java:125)
	at junit.framework.TestCase.run(TestCase.java:129)
	at junit.framework.TestSuite.runTest(TestSuite.java:255)
	at junit.framework.TestSuite.run(TestSuite.java:250)
	at org.junit.internal.runners.JUnit38ClassRunner.run(JUnit38ClassRunner.java:84)
	at com.gzoltar.lib.instrumentation.testing.junit.a.call(Unknown Source)
	at java.util.concurrent.FutureTask.run(FutureTask.java:262)
	at java.util.concurrent.ThreadPoolExecutor.runWorker(ThreadPoolExecutor.java:1145)
	at java.util.concurrent.ThreadPoolExecutor$Worker.run(ThreadPoolExecutor.java:615)
	at java.lang.Thread.run(Thread.java:745)
[ERROR] Class not found
java.lang.ClassNotFoundException: rhino_ast.java.com.google.javascript.rhino.Messages_en
	at java.lang.ClassLoader.findClass(ClassLoader.java:531)
	at java.lang.ClassLoader.loadClass(ClassLoader.java:425)
	at java.lang.ClassLoader.loadClass(ClassLoader.java:358)
	at com.gzoltar.lib.instrumentation.util.GZoltarClassLoader.loadClass(Unknown Source)
	at java.util.ResourceBundle$Control.newBundle(ResourceBundle.java:2566)
	at java.util.ResourceBundle.loadBundle(ResourceBundle.java:1436)
	at java.util.ResourceBundle.findBundle(ResourceBundle.java:1400)
	at java.util.ResourceBundle.findBundle(ResourceBundle.java:1354)
	at java.util.ResourceBundle.getBundleImpl(ResourceBundle.java:1296)
	at java.util.ResourceBundle.getBundle(ResourceBundle.java:795)
	at com.google.javascript.rhino.ScriptRuntime.getMessage(ScriptRuntime.java:465)
	at com.google.javascript.rhino.ScriptRuntime.getMessage0(ScriptRuntime.java:422)
	at com.google.javascript.jscomp.RhinoErrorReporter.<init>(RhinoErrorReporter.java:75)
	at com.google.javascript.jscomp.RhinoErrorReporter.<init>(RhinoErrorReporter.java:33)
	at com.google.javascript.jscomp.RhinoErrorReporter$OldRhinoErrorReporter.<init>(RhinoErrorReporter.java:144)
	at com.google.javascript.jscomp.RhinoErrorReporter$OldRhinoErrorReporter.<init>(RhinoErrorReporter.java:140)
	at com.google.javascript.jscomp.RhinoErrorReporter.forOldRhino(RhinoErrorReporter.java:109)
	at com.google.javascript.jscomp.Compiler.<init>(Compiler.java:145)
	at com.google.javascript.jscomp.Compiler.<init>(Compiler.java:177)
	at com.google.javascript.jscomp.CompilerTestCase.createCompiler(CompilerTestCase.java:1009)
	at com.google.javascript.jscomp.CompilerTestCase.test(CompilerTestCase.java:394)
	at com.google.javascript.jscomp.CompilerTestCase.test(CompilerTestCase.java:335)
	at com.google.javascript.jscomp.CompilerTestCase.test(CompilerTestCase.java:304)
	at com.google.javascript.jscomp.CompilerTestCase.test(CompilerTestCase.java:292)
	at com.google.javascript.jscomp.PeepholeIntegrationTest.testFoldLogicalOpIntegration(PeepholeIntegrationTest.java:179)
	at sun.reflect.NativeMethodAccessorImpl.invoke0(Native Method)
	at sun.reflect.NativeMethodAccessorImpl.invoke(NativeMethodAccessorImpl.java:57)
	at sun.reflect.DelegatingMethodAccessorImpl.invoke(DelegatingMethodAccessorImpl.java:43)
	at java.lang.reflect.Method.invoke(Method.java:606)
	at junit.framework.TestCase.runTest(TestCase.java:176)
	at junit.framework.TestCase.runBare(TestCase.java:141)
	at junit.framework.TestResult$1.protect(TestResult.java:122)
	at junit.framework.TestResult.runProtected(TestResult.java:142)
	at junit.framework.TestResult.run(TestResult.java:125)
	at junit.framework.TestCase.run(TestCase.java:129)
	at junit.framework.TestSuite.runTest(TestSuite.java:255)
	at junit.framework.TestSuite.run(TestSuite.java:250)
	at org.junit.internal.runners.JUnit38ClassRunner.run(JUnit38ClassRunner.java:84)
	at com.gzoltar.lib.instrumentation.testing.junit.a.call(Unknown Source)
	at java.util.concurrent.FutureTask.run(FutureTask.java:262)
	at java.util.concurrent.ThreadPoolExecutor.runWorker(ThreadPoolExecutor.java:1145)
	at java.util.concurrent.ThreadPoolExecutor$Worker.run(ThreadPoolExecutor.java:615)
	at java.lang.Thread.run(Thread.java:745)
[ERROR] Class not found
java.lang.ClassNotFoundException: rhino_ast.java.com.google.javascript.rhino.Messages_en_US
	at java.lang.ClassLoader.findClass(ClassLoader.java:531)
	at java.lang.ClassLoader.loadClass(ClassLoader.java:425)
	at java.lang.ClassLoader.loadClass(ClassLoader.java:358)
	at com.gzoltar.lib.instrumentation.util.GZoltarClassLoader.loadClass(Unknown Source)
	at java.util.ResourceBundle$Control.newBundle(ResourceBundle.java:2566)
	at java.util.ResourceBundle.loadBundle(ResourceBundle.java:1436)
	at java.util.ResourceBundle.findBundle(ResourceBundle.java:1400)
	at java.util.ResourceBundle.getBundleImpl(ResourceBundle.java:1296)
	at java.util.ResourceBundle.getBundle(ResourceBundle.java:795)
	at com.google.javascript.rhino.ScriptRuntime.getMessage(ScriptRuntime.java:465)
	at com.google.javascript.rhino.ScriptRuntime.getMessage0(ScriptRuntime.java:422)
	at com.google.javascript.jscomp.RhinoErrorReporter.<init>(RhinoErrorReporter.java:75)
	at com.google.javascript.jscomp.RhinoErrorReporter.<init>(RhinoErrorReporter.java:33)
	at com.google.javascript.jscomp.RhinoErrorReporter$OldRhinoErrorReporter.<init>(RhinoErrorReporter.java:144)
	at com.google.javascript.jscomp.RhinoErrorReporter$OldRhinoErrorReporter.<init>(RhinoErrorReporter.java:140)
	at com.google.javascript.jscomp.RhinoErrorReporter.forOldRhino(RhinoErrorReporter.java:109)
	at com.google.javascript.jscomp.Compiler.<init>(Compiler.java:145)
	at com.google.javascript.jscomp.Compiler.<init>(Compiler.java:177)
	at com.google.javascript.jscomp.CompilerTestCase.createCompiler(CompilerTestCase.java:1009)
	at com.google.javascript.jscomp.CompilerTestCase.test(CompilerTestCase.java:394)
	at com.google.javascript.jscomp.CompilerTestCase.test(CompilerTestCase.java:335)
	at com.google.javascript.jscomp.CompilerTestCase.test(CompilerTestCase.java:304)
	at com.google.javascript.jscomp.CompilerTestCase.test(CompilerTestCase.java:292)
	at com.google.javascript.jscomp.PeepholeIntegrationTest.testFoldLogicalOpIntegration(PeepholeIntegrationTest.java:179)
	at sun.reflect.NativeMethodAccessorImpl.invoke0(Native Method)
	at sun.reflect.NativeMethodAccessorImpl.invoke(NativeMethodAccessorImpl.java:57)
	at sun.reflect.DelegatingMethodAccessorImpl.invoke(DelegatingMethodAccessorImpl.java:43)
	at java.lang.reflect.Method.invoke(Method.java:606)
	at junit.framework.TestCase.runTest(TestCase.java:176)
	at junit.framework.TestCase.runBare(TestCase.java:141)
	at junit.framework.TestResult$1.protect(TestResult.java:122)
	at junit.framework.TestResult.runProtected(TestResult.java:142)
	at junit.framework.TestResult.run(TestResult.java:125)
	at junit.framework.TestCase.run(TestCase.java:129)
	at junit.framework.TestSuite.runTest(TestSuite.java:255)
	at junit.framework.TestSuite.run(TestSuite.java:250)
	at org.junit.internal.runners.JUnit38ClassRunner.run(JUnit38ClassRunner.java:84)
	at com.gzoltar.lib.instrumentation.testing.junit.a.call(Unknown Source)
	at java.util.concurrent.FutureTask.run(FutureTask.java:262)
	at java.util.concurrent.ThreadPoolExecutor.runWorker(ThreadPoolExecutor.java:1145)
	at java.util.concurrent.ThreadPoolExecutor$Worker.run(ThreadPoolExecutor.java:615)
	at java.lang.Thread.run(Thread.java:745)
[ERROR] Class not found
java.lang.ClassNotFoundException: com.google.javascript.jscomp.mozilla.rhino.VMBridge_custom
	at java.lang.ClassLoader.findClass(ClassLoader.java:531)
	at java.lang.ClassLoader.loadClass(ClassLoader.java:425)
	at java.lang.ClassLoader.loadClass(ClassLoader.java:358)
	at com.gzoltar.lib.instrumentation.util.GZoltarClassLoader.loadClass(Unknown Source)
	at java.lang.Class.forName0(Native Method)
	at java.lang.Class.forName(Class.java:195)
	at com.google.javascript.jscomp.mozilla.rhino.Kit.classOrNull(Kit.java:74)
	at com.google.javascript.jscomp.mozilla.rhino.VMBridge.makeInstance(VMBridge.java:61)
	at com.google.javascript.jscomp.mozilla.rhino.VMBridge.<clinit>(VMBridge.java:49)
	at com.google.javascript.jscomp.mozilla.rhino.Context.getCurrentContext(Context.java:379)
	at com.google.javascript.jscomp.mozilla.rhino.ScriptRuntime$DefaultMessageProvider.getMessage(ScriptRuntime.java:3703)
	at com.google.javascript.jscomp.mozilla.rhino.ScriptRuntime.getMessage(ScriptRuntime.java:3691)
	at com.google.javascript.jscomp.mozilla.rhino.ScriptRuntime.getMessage0(ScriptRuntime.java:3639)
	at com.google.javascript.jscomp.RhinoErrorReporter.<init>(RhinoErrorReporter.java:75)
	at com.google.javascript.jscomp.RhinoErrorReporter.<init>(RhinoErrorReporter.java:33)
	at com.google.javascript.jscomp.RhinoErrorReporter$OldRhinoErrorReporter.<init>(RhinoErrorReporter.java:144)
	at com.google.javascript.jscomp.RhinoErrorReporter$OldRhinoErrorReporter.<init>(RhinoErrorReporter.java:140)
	at com.google.javascript.jscomp.RhinoErrorReporter.forOldRhino(RhinoErrorReporter.java:109)
	at com.google.javascript.jscomp.Compiler.<init>(Compiler.java:145)
	at com.google.javascript.jscomp.Compiler.<init>(Compiler.java:177)
	at com.google.javascript.jscomp.CompilerTestCase.createCompiler(CompilerTestCase.java:1009)
	at com.google.javascript.jscomp.CompilerTestCase.test(CompilerTestCase.java:394)
	at com.google.javascript.jscomp.CompilerTestCase.test(CompilerTestCase.java:335)
	at com.google.javascript.jscomp.CompilerTestCase.test(CompilerTestCase.java:304)
	at com.google.javascript.jscomp.CompilerTestCase.test(CompilerTestCase.java:292)
	at com.google.javascript.jscomp.PeepholeIntegrationTest.testFoldLogicalOpIntegration(PeepholeIntegrationTest.java:179)
	at sun.reflect.NativeMethodAccessorImpl.invoke0(Native Method)
	at sun.reflect.NativeMethodAccessorImpl.invoke(NativeMethodAccessorImpl.java:57)
	at sun.reflect.DelegatingMethodAccessorImpl.invoke(DelegatingMethodAccessorImpl.java:43)
	at java.lang.reflect.Method.invoke(Method.java:606)
	at junit.framework.TestCase.runTest(TestCase.java:176)
	at junit.framework.TestCase.runBare(TestCase.java:141)
	at junit.framework.TestResult$1.protect(TestResult.java:122)
	at junit.framework.TestResult.runProtected(TestResult.java:142)
	at junit.framework.TestResult.run(TestResult.java:125)
	at junit.framework.TestCase.run(TestCase.java:129)
	at junit.framework.TestSuite.runTest(TestSuite.java:255)
	at junit.framework.TestSuite.run(TestSuite.java:250)
	at org.junit.internal.runners.JUnit38ClassRunner.run(JUnit38ClassRunner.java:84)
	at com.gzoltar.lib.instrumentation.testing.junit.a.call(Unknown Source)
	at java.util.concurrent.FutureTask.run(FutureTask.java:262)
	at java.util.concurrent.ThreadPoolExecutor.runWorker(ThreadPoolExecutor.java:1145)
	at java.util.concurrent.ThreadPoolExecutor$Worker.run(ThreadPoolExecutor.java:615)
	at java.lang.Thread.run(Thread.java:745)
[ERROR] Class not found
java.lang.ClassNotFoundException: com.google.javascript.jscomp.mozilla.rhino.resources.Messages
	at java.lang.ClassLoader.findClass(ClassLoader.java:531)
	at java.lang.ClassLoader.loadClass(ClassLoader.java:425)
	at java.lang.ClassLoader.loadClass(ClassLoader.java:358)
	at com.gzoltar.lib.instrumentation.util.GZoltarClassLoader.loadClass(Unknown Source)
	at java.util.ResourceBundle$Control.newBundle(ResourceBundle.java:2566)
	at java.util.ResourceBundle.loadBundle(ResourceBundle.java:1436)
	at java.util.ResourceBundle.findBundle(ResourceBundle.java:1400)
	at java.util.ResourceBundle.findBundle(ResourceBundle.java:1354)
	at java.util.ResourceBundle.findBundle(ResourceBundle.java:1354)
	at java.util.ResourceBundle.getBundleImpl(ResourceBundle.java:1296)
	at java.util.ResourceBundle.getBundle(ResourceBundle.java:795)
	at com.google.javascript.jscomp.mozilla.rhino.ScriptRuntime$DefaultMessageProvider.getMessage(ScriptRuntime.java:3707)
	at com.google.javascript.jscomp.mozilla.rhino.ScriptRuntime.getMessage(ScriptRuntime.java:3691)
	at com.google.javascript.jscomp.mozilla.rhino.ScriptRuntime.getMessage0(ScriptRuntime.java:3639)
	at com.google.javascript.jscomp.RhinoErrorReporter.<init>(RhinoErrorReporter.java:75)
	at com.google.javascript.jscomp.RhinoErrorReporter.<init>(RhinoErrorReporter.java:33)
	at com.google.javascript.jscomp.RhinoErrorReporter$OldRhinoErrorReporter.<init>(RhinoErrorReporter.java:144)
	at com.google.javascript.jscomp.RhinoErrorReporter$OldRhinoErrorReporter.<init>(RhinoErrorReporter.java:140)
	at com.google.javascript.jscomp.RhinoErrorReporter.forOldRhino(RhinoErrorReporter.java:109)
	at com.google.javascript.jscomp.Compiler.<init>(Compiler.java:145)
	at com.google.javascript.jscomp.Compiler.<init>(Compiler.java:177)
	at com.google.javascript.jscomp.CompilerTestCase.createCompiler(CompilerTestCase.java:1009)
	at com.google.javascript.jscomp.CompilerTestCase.test(CompilerTestCase.java:394)
	at com.google.javascript.jscomp.CompilerTestCase.test(CompilerTestCase.java:335)
	at com.google.javascript.jscomp.CompilerTestCase.test(CompilerTestCase.java:304)
	at com.google.javascript.jscomp.CompilerTestCase.test(CompilerTestCase.java:292)
	at com.google.javascript.jscomp.PeepholeIntegrationTest.testFoldLogicalOpIntegration(PeepholeIntegrationTest.java:179)
	at sun.reflect.NativeMethodAccessorImpl.invoke0(Native Method)
	at sun.reflect.NativeMethodAccessorImpl.invoke(NativeMethodAccessorImpl.java:57)
	at sun.reflect.DelegatingMethodAccessorImpl.invoke(DelegatingMethodAccessorImpl.java:43)
	at java.lang.reflect.Method.invoke(Method.java:606)
	at junit.framework.TestCase.runTest(TestCase.java:176)
	at junit.framework.TestCase.runBare(TestCase.java:141)
	at junit.framework.TestResult$1.protect(TestResult.java:122)
	at junit.framework.TestResult.runProtected(TestResult.java:142)
	at junit.framework.TestResult.run(TestResult.java:125)
	at junit.framework.TestCase.run(TestCase.java:129)
	at junit.framework.TestSuite.runTest(TestSuite.java:255)
	at junit.framework.TestSuite.run(TestSuite.java:250)
	at org.junit.internal.runners.JUnit38ClassRunner.run(JUnit38ClassRunner.java:84)
	at com.gzoltar.lib.instrumentation.testing.junit.a.call(Unknown Source)
	at java.util.concurrent.FutureTask.run(FutureTask.java:262)
	at java.util.concurrent.ThreadPoolExecutor.runWorker(ThreadPoolExecutor.java:1145)
	at java.util.concurrent.ThreadPoolExecutor$Worker.run(ThreadPoolExecutor.java:615)
	at java.lang.Thread.run(Thread.java:745)
[ERROR] Class not found
java.lang.ClassNotFoundException: com.google.javascript.jscomp.mozilla.rhino.resources.Messages_en
	at java.lang.ClassLoader.findClass(ClassLoader.java:531)
	at java.lang.ClassLoader.loadClass(ClassLoader.java:425)
	at java.lang.ClassLoader.loadClass(ClassLoader.java:358)
	at com.gzoltar.lib.instrumentation.util.GZoltarClassLoader.loadClass(Unknown Source)
	at java.util.ResourceBundle$Control.newBundle(ResourceBundle.java:2566)
	at java.util.ResourceBundle.loadBundle(ResourceBundle.java:1436)
	at java.util.ResourceBundle.findBundle(ResourceBundle.java:1400)
	at java.util.ResourceBundle.findBundle(ResourceBundle.java:1354)
	at java.util.ResourceBundle.getBundleImpl(ResourceBundle.java:1296)
	at java.util.ResourceBundle.getBundle(ResourceBundle.java:795)
	at com.google.javascript.jscomp.mozilla.rhino.ScriptRuntime$DefaultMessageProvider.getMessage(ScriptRuntime.java:3707)
	at com.google.javascript.jscomp.mozilla.rhino.ScriptRuntime.getMessage(ScriptRuntime.java:3691)
	at com.google.javascript.jscomp.mozilla.rhino.ScriptRuntime.getMessage0(ScriptRuntime.java:3639)
	at com.google.javascript.jscomp.RhinoErrorReporter.<init>(RhinoErrorReporter.java:75)
	at com.google.javascript.jscomp.RhinoErrorReporter.<init>(RhinoErrorReporter.java:33)
	at com.google.javascript.jscomp.RhinoErrorReporter$OldRhinoErrorReporter.<init>(RhinoErrorReporter.java:144)
	at com.google.javascript.jscomp.RhinoErrorReporter$OldRhinoErrorReporter.<init>(RhinoErrorReporter.java:140)
	at com.google.javascript.jscomp.RhinoErrorReporter.forOldRhino(RhinoErrorReporter.java:109)
	at com.google.javascript.jscomp.Compiler.<init>(Compiler.java:145)
	at com.google.javascript.jscomp.Compiler.<init>(Compiler.java:177)
	at com.google.javascript.jscomp.CompilerTestCase.createCompiler(CompilerTestCase.java:1009)
	at com.google.javascript.jscomp.CompilerTestCase.test(CompilerTestCase.java:394)
	at com.google.javascript.jscomp.CompilerTestCase.test(CompilerTestCase.java:335)
	at com.google.javascript.jscomp.CompilerTestCase.test(CompilerTestCase.java:304)
	at com.google.javascript.jscomp.CompilerTestCase.test(CompilerTestCase.java:292)
	at com.google.javascript.jscomp.PeepholeIntegrationTest.testFoldLogicalOpIntegration(PeepholeIntegrationTest.java:179)
	at sun.reflect.NativeMethodAccessorImpl.invoke0(Native Method)
	at sun.reflect.NativeMethodAccessorImpl.invoke(NativeMethodAccessorImpl.java:57)
	at sun.reflect.DelegatingMethodAccessorImpl.invoke(DelegatingMethodAccessorImpl.java:43)
	at java.lang.reflect.Method.invoke(Method.java:606)
	at junit.framework.TestCase.runTest(TestCase.java:176)
	at junit.framework.TestCase.runBare(TestCase.java:141)
	at junit.framework.TestResult$1.protect(TestResult.java:122)
	at junit.framework.TestResult.runProtected(TestResult.java:142)
	at junit.framework.TestResult.run(TestResult.java:125)
	at junit.framework.TestCase.run(TestCase.java:129)
	at junit.framework.TestSuite.runTest(TestSuite.java:255)
	at junit.framework.TestSuite.run(TestSuite.java:250)
	at org.junit.internal.runners.JUnit38ClassRunner.run(JUnit38ClassRunner.java:84)
	at com.gzoltar.lib.instrumentation.testing.junit.a.call(Unknown Source)
	at java.util.concurrent.FutureTask.run(FutureTask.java:262)
	at java.util.concurrent.ThreadPoolExecutor.runWorker(ThreadPoolExecutor.java:1145)
	at java.util.concurrent.ThreadPoolExecutor$Worker.run(ThreadPoolExecutor.java:615)
	at java.lang.Thread.run(Thread.java:745)
[ERROR] Class not found
java.lang.ClassNotFoundException: com.google.javascript.jscomp.mozilla.rhino.resources.Messages_en_US
	at java.lang.ClassLoader.findClass(ClassLoader.java:531)
	at java.lang.ClassLoader.loadClass(ClassLoader.java:425)
	at java.lang.ClassLoader.loadClass(ClassLoader.java:358)
	at com.gzoltar.lib.instrumentation.util.GZoltarClassLoader.loadClass(Unknown Source)
	at java.util.ResourceBundle$Control.newBundle(ResourceBundle.java:2566)
	at java.util.ResourceBundle.loadBundle(ResourceBundle.java:1436)
	at java.util.ResourceBundle.findBundle(ResourceBundle.java:1400)
	at java.util.ResourceBundle.getBundleImpl(ResourceBundle.java:1296)
	at java.util.ResourceBundle.getBundle(ResourceBundle.java:795)
	at com.google.javascript.jscomp.mozilla.rhino.ScriptRuntime$DefaultMessageProvider.getMessage(ScriptRuntime.java:3707)
	at com.google.javascript.jscomp.mozilla.rhino.ScriptRuntime.getMessage(ScriptRuntime.java:3691)
	at com.google.javascript.jscomp.mozilla.rhino.ScriptRuntime.getMessage0(ScriptRuntime.java:3639)
	at com.google.javascript.jscomp.RhinoErrorReporter.<init>(RhinoErrorReporter.java:75)
	at com.google.javascript.jscomp.RhinoErrorReporter.<init>(RhinoErrorReporter.java:33)
	at com.google.javascript.jscomp.RhinoErrorReporter$OldRhinoErrorReporter.<init>(RhinoErrorReporter.java:144)
	at com.google.javascript.jscomp.RhinoErrorReporter$OldRhinoErrorReporter.<init>(RhinoErrorReporter.java:140)
	at com.google.javascript.jscomp.RhinoErrorReporter.forOldRhino(RhinoErrorReporter.java:109)
	at com.google.javascript.jscomp.Compiler.<init>(Compiler.java:145)
	at com.google.javascript.jscomp.Compiler.<init>(Compiler.java:177)
	at com.google.javascript.jscomp.CompilerTestCase.createCompiler(CompilerTestCase.java:1009)
	at com.google.javascript.jscomp.CompilerTestCase.test(CompilerTestCase.java:394)
	at com.google.javascript.jscomp.CompilerTestCase.test(CompilerTestCase.java:335)
	at com.google.javascript.jscomp.CompilerTestCase.test(CompilerTestCase.java:304)
	at com.google.javascript.jscomp.CompilerTestCase.test(CompilerTestCase.java:292)
	at com.google.javascript.jscomp.PeepholeIntegrationTest.testFoldLogicalOpIntegration(PeepholeIntegrationTest.java:179)
	at sun.reflect.NativeMethodAccessorImpl.invoke0(Native Method)
	at sun.reflect.NativeMethodAccessorImpl.invoke(NativeMethodAccessorImpl.java:57)
	at sun.reflect.DelegatingMethodAccessorImpl.invoke(DelegatingMethodAccessorImpl.java:43)
	at java.lang.reflect.Method.invoke(Method.java:606)
	at junit.framework.TestCase.runTest(TestCase.java:176)
	at junit.framework.TestCase.runBare(TestCase.java:141)
	at junit.framework.TestResult$1.protect(TestResult.java:122)
	at junit.framework.TestResult.runProtected(TestResult.java:142)
	at junit.framework.TestResult.run(TestResult.java:125)
	at junit.framework.TestCase.run(TestCase.java:129)
	at junit.framework.TestSuite.runTest(TestSuite.java:255)
	at junit.framework.TestSuite.run(TestSuite.java:250)
	at org.junit.internal.runners.JUnit38ClassRunner.run(JUnit38ClassRunner.java:84)
	at com.gzoltar.lib.instrumentation.testing.junit.a.call(Unknown Source)
	at java.util.concurrent.FutureTask.run(FutureTask.java:262)
	at java.util.concurrent.ThreadPoolExecutor.runWorker(ThreadPoolExecutor.java:1145)
	at java.util.concurrent.ThreadPoolExecutor$Worker.run(ThreadPoolExecutor.java:615)
	at java.lang.Thread.run(Thread.java:745)
[ERROR] Class not found
java.lang.ClassNotFoundException: com.google.javascript.jscomp.parsing.ParserConfig
	at java.lang.ClassLoader.findClass(ClassLoader.java:531)
	at java.lang.ClassLoader.loadClass(ClassLoader.java:425)
	at java.lang.ClassLoader.loadClass(ClassLoader.java:358)
	at com.gzoltar.lib.instrumentation.util.GZoltarClassLoader.loadClass(Unknown Source)
	at java.util.ResourceBundle$Control.newBundle(ResourceBundle.java:2566)
	at java.util.ResourceBundle.loadBundle(ResourceBundle.java:1436)
	at java.util.ResourceBundle.findBundle(ResourceBundle.java:1400)
	at java.util.ResourceBundle.findBundle(ResourceBundle.java:1354)
	at java.util.ResourceBundle.findBundle(ResourceBundle.java:1354)
	at java.util.ResourceBundle.getBundleImpl(ResourceBundle.java:1296)
	at java.util.ResourceBundle.getBundle(ResourceBundle.java:721)
	at com.google.javascript.jscomp.parsing.ParserRunner.initResourceConfig(ParserRunner.java:66)
	at com.google.javascript.jscomp.parsing.ParserRunner.createConfig(ParserRunner.java:55)
	at com.google.javascript.jscomp.Compiler.getParserConfig(Compiler.java:1679)
	at com.google.javascript.jscomp.JsAst.parse(JsAst.java:88)
	at com.google.javascript.jscomp.JsAst.createAst(JsAst.java:77)
	at com.google.javascript.jscomp.JsAst.getAstRoot(JsAst.java:50)
	at com.google.javascript.jscomp.CompilerInput.getAstRoot(CompilerInput.java:102)
	at com.google.javascript.jscomp.Compiler.parseInputs(Compiler.java:1096)
	at com.google.javascript.jscomp.CompilerTestCase.test(CompilerTestCase.java:703)
	at com.google.javascript.jscomp.CompilerTestCase.test(CompilerTestCase.java:410)
	at com.google.javascript.jscomp.CompilerTestCase.test(CompilerTestCase.java:335)
	at com.google.javascript.jscomp.CompilerTestCase.test(CompilerTestCase.java:304)
	at com.google.javascript.jscomp.CompilerTestCase.test(CompilerTestCase.java:292)
	at com.google.javascript.jscomp.PeepholeIntegrationTest.testFoldLogicalOpIntegration(PeepholeIntegrationTest.java:179)
	at sun.reflect.NativeMethodAccessorImpl.invoke0(Native Method)
	at sun.reflect.NativeMethodAccessorImpl.invoke(NativeMethodAccessorImpl.java:57)
	at sun.reflect.DelegatingMethodAccessorImpl.invoke(DelegatingMethodAccessorImpl.java:43)
	at java.lang.reflect.Method.invoke(Method.java:606)
	at junit.framework.TestCase.runTest(TestCase.java:176)
	at junit.framework.TestCase.runBare(TestCase.java:141)
	at junit.framework.TestResult$1.protect(TestResult.java:122)
	at junit.framework.TestResult.runProtected(TestResult.java:142)
	at junit.framework.TestResult.run(TestResult.java:125)
	at junit.framework.TestCase.run(TestCase.java:129)
	at junit.framework.TestSuite.runTest(TestSuite.java:255)
	at junit.framework.TestSuite.run(TestSuite.java:250)
	at org.junit.internal.runners.JUnit38ClassRunner.run(JUnit38ClassRunner.java:84)
	at com.gzoltar.lib.instrumentation.testing.junit.a.call(Unknown Source)
	at java.util.concurrent.FutureTask.run(FutureTask.java:262)
	at java.util.concurrent.ThreadPoolExecutor.runWorker(ThreadPoolExecutor.java:1145)
	at java.util.concurrent.ThreadPoolExecutor$Worker.run(ThreadPoolExecutor.java:615)
	at java.lang.Thread.run(Thread.java:745)
[ERROR] Class not found
java.lang.ClassNotFoundException: com.google.javascript.jscomp.parsing.ParserConfig_en
	at java.lang.ClassLoader.findClass(ClassLoader.java:531)
	at java.lang.ClassLoader.loadClass(ClassLoader.java:425)
	at java.lang.ClassLoader.loadClass(ClassLoader.java:358)
	at com.gzoltar.lib.instrumentation.util.GZoltarClassLoader.loadClass(Unknown Source)
	at java.util.ResourceBundle$Control.newBundle(ResourceBundle.java:2566)
	at java.util.ResourceBundle.loadBundle(ResourceBundle.java:1436)
	at java.util.ResourceBundle.findBundle(ResourceBundle.java:1400)
	at java.util.ResourceBundle.findBundle(ResourceBundle.java:1354)
	at java.util.ResourceBundle.getBundleImpl(ResourceBundle.java:1296)
	at java.util.ResourceBundle.getBundle(ResourceBundle.java:721)
	at com.google.javascript.jscomp.parsing.ParserRunner.initResourceConfig(ParserRunner.java:66)
	at com.google.javascript.jscomp.parsing.ParserRunner.createConfig(ParserRunner.java:55)
	at com.google.javascript.jscomp.Compiler.getParserConfig(Compiler.java:1679)
	at com.google.javascript.jscomp.JsAst.parse(JsAst.java:88)
	at com.google.javascript.jscomp.JsAst.createAst(JsAst.java:77)
	at com.google.javascript.jscomp.JsAst.getAstRoot(JsAst.java:50)
	at com.google.javascript.jscomp.CompilerInput.getAstRoot(CompilerInput.java:102)
	at com.google.javascript.jscomp.Compiler.parseInputs(Compiler.java:1096)
	at com.google.javascript.jscomp.CompilerTestCase.test(CompilerTestCase.java:703)
	at com.google.javascript.jscomp.CompilerTestCase.test(CompilerTestCase.java:410)
	at com.google.javascript.jscomp.CompilerTestCase.test(CompilerTestCase.java:335)
	at com.google.javascript.jscomp.CompilerTestCase.test(CompilerTestCase.java:304)
	at com.google.javascript.jscomp.CompilerTestCase.test(CompilerTestCase.java:292)
	at com.google.javascript.jscomp.PeepholeIntegrationTest.testFoldLogicalOpIntegration(PeepholeIntegrationTest.java:179)
	at sun.reflect.NativeMethodAccessorImpl.invoke0(Native Method)
	at sun.reflect.NativeMethodAccessorImpl.invoke(NativeMethodAccessorImpl.java:57)
	at sun.reflect.DelegatingMethodAccessorImpl.invoke(DelegatingMethodAccessorImpl.java:43)
	at java.lang.reflect.Method.invoke(Method.java:606)
	at junit.framework.TestCase.runTest(TestCase.java:176)
	at junit.framework.TestCase.runBare(TestCase.java:141)
	at junit.framework.TestResult$1.protect(TestResult.java:122)
	at junit.framework.TestResult.runProtected(TestResult.java:142)
	at junit.framework.TestResult.run(TestResult.java:125)
	at junit.framework.TestCase.run(TestCase.java:129)
	at junit.framework.TestSuite.runTest(TestSuite.java:255)
	at junit.framework.TestSuite.run(TestSuite.java:250)
	at org.junit.internal.runners.JUnit38ClassRunner.run(JUnit38ClassRunner.java:84)
	at com.gzoltar.lib.instrumentation.testing.junit.a.call(Unknown Source)
	at java.util.concurrent.FutureTask.run(FutureTask.java:262)
	at java.util.concurrent.ThreadPoolExecutor.runWorker(ThreadPoolExecutor.java:1145)
	at java.util.concurrent.ThreadPoolExecutor$Worker.run(ThreadPoolExecutor.java:615)
	at java.lang.Thread.run(Thread.java:745)
[ERROR] Class not found
java.lang.ClassNotFoundException: com.google.javascript.jscomp.parsing.ParserConfig_en_US
	at java.lang.ClassLoader.findClass(ClassLoader.java:531)
	at java.lang.ClassLoader.loadClass(ClassLoader.java:425)
	at java.lang.ClassLoader.loadClass(ClassLoader.java:358)
	at com.gzoltar.lib.instrumentation.util.GZoltarClassLoader.loadClass(Unknown Source)
	at java.util.ResourceBundle$Control.newBundle(ResourceBundle.java:2566)
	at java.util.ResourceBundle.loadBundle(ResourceBundle.java:1436)
	at java.util.ResourceBundle.findBundle(ResourceBundle.java:1400)
	at java.util.ResourceBundle.getBundleImpl(ResourceBundle.java:1296)
	at java.util.ResourceBundle.getBundle(ResourceBundle.java:721)
	at com.google.javascript.jscomp.parsing.ParserRunner.initResourceConfig(ParserRunner.java:66)
	at com.google.javascript.jscomp.parsing.ParserRunner.createConfig(ParserRunner.java:55)
	at com.google.javascript.jscomp.Compiler.getParserConfig(Compiler.java:1679)
	at com.google.javascript.jscomp.JsAst.parse(JsAst.java:88)
	at com.google.javascript.jscomp.JsAst.createAst(JsAst.java:77)
	at com.google.javascript.jscomp.JsAst.getAstRoot(JsAst.java:50)
	at com.google.javascript.jscomp.CompilerInput.getAstRoot(CompilerInput.java:102)
	at com.google.javascript.jscomp.Compiler.parseInputs(Compiler.java:1096)
	at com.google.javascript.jscomp.CompilerTestCase.test(CompilerTestCase.java:703)
	at com.google.javascript.jscomp.CompilerTestCase.test(CompilerTestCase.java:410)
	at com.google.javascript.jscomp.CompilerTestCase.test(CompilerTestCase.java:335)
	at com.google.javascript.jscomp.CompilerTestCase.test(CompilerTestCase.java:304)
	at com.google.javascript.jscomp.CompilerTestCase.test(CompilerTestCase.java:292)
	at com.google.javascript.jscomp.PeepholeIntegrationTest.testFoldLogicalOpIntegration(PeepholeIntegrationTest.java:179)
	at sun.reflect.NativeMethodAccessorImpl.invoke0(Native Method)
	at sun.reflect.NativeMethodAccessorImpl.invoke(NativeMethodAccessorImpl.java:57)
	at sun.reflect.DelegatingMethodAccessorImpl.invoke(DelegatingMethodAccessorImpl.java:43)
	at java.lang.reflect.Method.invoke(Method.java:606)
	at junit.framework.TestCase.runTest(TestCase.java:176)
	at junit.framework.TestCase.runBare(TestCase.java:141)
	at junit.framework.TestResult$1.protect(TestResult.java:122)
	at junit.framework.TestResult.runProtected(TestResult.java:142)
	at junit.framework.TestResult.run(TestResult.java:125)
	at junit.framework.TestCase.run(TestCase.java:129)
	at junit.framework.TestSuite.runTest(TestSuite.java:255)
	at junit.framework.TestSuite.run(TestSuite.java:250)
	at org.junit.internal.runners.JUnit38ClassRunner.run(JUnit38ClassRunner.java:84)
	at com.gzoltar.lib.instrumentation.testing.junit.a.call(Unknown Source)
	at java.util.concurrent.FutureTask.run(FutureTask.java:262)
	at java.util.concurrent.ThreadPoolExecutor.runWorker(ThreadPoolExecutor.java:1145)
	at java.util.concurrent.ThreadPoolExecutor$Worker.run(ThreadPoolExecutor.java:615)
	at java.lang.Thread.run(Thread.java:745)
* Finished com.google.javascript.jscomp.PeepholeIntegrationTest#testFoldLogicalOpIntegration
* Started com.google.javascript.jscomp.PeepholeIntegrationTest#testFoldUselessWhileIntegration
* Finished com.google.javascript.jscomp.PeepholeIntegrationTest#testFoldUselessWhileIntegration
* Started com.google.javascript.jscomp.PeepholeIntegrationTest#testFoldUselessForIntegration
* Finished com.google.javascript.jscomp.PeepholeIntegrationTest#testFoldUselessForIntegration
* Started com.google.javascript.jscomp.PeepholeIntegrationTest#testFoldBitwiseOpStringCompareIntegration
* Finished com.google.javascript.jscomp.PeepholeIntegrationTest#testFoldBitwiseOpStringCompareIntegration
* Started com.google.javascript.jscomp.PeepholeIntegrationTest#testTrueFalseFolding
* Finished com.google.javascript.jscomp.PeepholeIntegrationTest#testTrueFalseFolding
* Started com.google.javascript.jscomp.PeepholeIntegrationTest#testFoldOneChildBlocksStringCompare
* Finished com.google.javascript.jscomp.PeepholeIntegrationTest#testFoldOneChildBlocksStringCompare
* Started com.google.javascript.jscomp.PeepholeIntegrationTest#testFoldNegativeBug
* Finished com.google.javascript.jscomp.PeepholeIntegrationTest#testFoldNegativeBug
* Started com.google.javascript.jscomp.PeepholeIntegrationTest#testBugIssue43
* Finished com.google.javascript.jscomp.PeepholeIntegrationTest#testBugIssue43
* Started com.google.javascript.jscomp.PeepholeIntegrationTest#testShortCircuit1
* Finished com.google.javascript.jscomp.PeepholeIntegrationTest#testShortCircuit1
* Started com.google.javascript.jscomp.PeepholeIntegrationTest#testShortCircuit2
* Finished com.google.javascript.jscomp.PeepholeIntegrationTest#testShortCircuit2
* Started com.google.javascript.jscomp.PeepholeIntegrationTest#testShortCircuit3
* Finished com.google.javascript.jscomp.PeepholeIntegrationTest#testShortCircuit3
* Started com.google.javascript.jscomp.PeepholeIntegrationTest#testShortCircuit4
* Finished com.google.javascript.jscomp.PeepholeIntegrationTest#testShortCircuit4
* Started com.google.javascript.jscomp.PeepholeIntegrationTest#testMinimizeWhileConstantConditionIntegration
* Finished com.google.javascript.jscomp.PeepholeIntegrationTest#testMinimizeWhileConstantConditionIntegration
* Started com.google.javascript.jscomp.PeepholeIntegrationTest#testAvoidCommaSplitting
* Finished com.google.javascript.jscomp.PeepholeIntegrationTest#testAvoidCommaSplitting
* Started com.google.javascript.jscomp.PeepholeIntegrationTest#testRemoveDuplicateStatementsIntegration
* Finished com.google.javascript.jscomp.PeepholeIntegrationTest#testRemoveDuplicateStatementsIntegration
* Started com.google.javascript.jscomp.PeepholeIntegrationTest#testVarLiftingIntegration
* Finished com.google.javascript.jscomp.PeepholeIntegrationTest#testVarLiftingIntegration
* Started com.google.javascript.jscomp.PeepholeIntegrationTest#testMinimizeExpr
* Finished com.google.javascript.jscomp.PeepholeIntegrationTest#testMinimizeExpr
* Started com.google.javascript.jscomp.PeepholeIntegrationTest#testNoNormalizeLabeledExpr
* Finished com.google.javascript.jscomp.PeepholeIntegrationTest#testNoNormalizeLabeledExpr
* Started com.google.javascript.jscomp.PeepholeIntegrationTest#testHookIfIntegration
* Finished com.google.javascript.jscomp.PeepholeIntegrationTest#testHookIfIntegration
* Started com.google.javascript.jscomp.PeepholeIntegrationTest#testBugIssue3
* Finished com.google.javascript.jscomp.PeepholeIntegrationTest#testBugIssue3
* Started com.google.javascript.jscomp.PeepholeIntegrationTest#testNecessaryDanglingElse
* Finished com.google.javascript.jscomp.PeepholeIntegrationTest#testNecessaryDanglingElse
* Started com.google.javascript.jscomp.PeepholeIntegrationTest#testFoldUselessDoIntegration
* Finished com.google.javascript.jscomp.PeepholeIntegrationTest#testFoldUselessDoIntegration
* Started com.google.javascript.jscomp.PeepholeIntegrationTest#testMinimizeExprCondition
* Finished com.google.javascript.jscomp.PeepholeIntegrationTest#testMinimizeExprCondition
* Started com.google.javascript.jscomp.PeepholeIntegrationTest#testBug1059649
* Finished com.google.javascript.jscomp.PeepholeIntegrationTest#testBug1059649
* Started com.google.javascript.jscomp.PeepholeIntegrationTest#testFoldReturnsIntegration
* Finished com.google.javascript.jscomp.PeepholeIntegrationTest#testFoldReturnsIntegration
* Started com.google.javascript.jscomp.PeepholeIntegrationTest#testFoldOneChildBlocksIntegration
* Finished com.google.javascript.jscomp.PeepholeIntegrationTest#testFoldOneChildBlocksIntegration
* Started com.google.javascript.jscomp.PeepholeIntegrationTest#testBug1438784
* Finished com.google.javascript.jscomp.PeepholeIntegrationTest#testBug1438784
* Started com.google.javascript.jscomp.PeepholeIntegrationTest#testBug1509085
* Finished com.google.javascript.jscomp.PeepholeIntegrationTest#testBug1509085
* Started com.google.javascript.jscomp.PeepholeIntegrationTest#testCommaSplitingConstantCondition
* Finished com.google.javascript.jscomp.PeepholeIntegrationTest#testCommaSplitingConstantCondition
* Filtering test cases that do not cover any component
* Sending data to master
* Closing connection with client
* Performing fault localization
* Running Ochiai
* Writing coverage matrix to '/home/yxb/Documents/rjust-fault-localization-data-f36d7eea9a9c/gzoltar/gzoltars/Closure/78/matrix'
* Writing spectra to '/home/yxb/Documents/rjust-fault-localization-data-f36d7eea9a9c/gzoltar/gzoltars/Closure/78/spectra'
* Metrics
* Computation finished
[INFO] End: Mon Aug 26 16:36:22 PDT 2019
[DEBUG] MATRIX OK
[DEBUG] SPECTRA OK

DONE!
