[DEBUG] PID: Closure
[DEBUG] VID: 40
[DEBUG] DATA_DIR: /home/yxb/Documents/rjust-fault-localization-data-f36d7eea9a9c/gzoltar/gzoltars/Closure/40
[DEBUG] TOOL: developer
[DEBUG] TESTS_DIR: 
[DEBUG] TMP_DIR: /tmp/yxb/gzoltar_67251_Closure-40
[DEBUG] DIR_PROJECT: /home/yxb/Documents/rjust-fault-localization-data-f36d7eea9a9c/defects4j//framework/projects/Closure
[DEBUG] DIR_LOADED_CLASSES: /home/yxb/Documents/rjust-fault-localization-data-f36d7eea9a9c/defects4j//framework/projects/Closure/loaded_classes
[DEBUG] DIR_RELEVANT_TESTS: /home/yxb/Documents/rjust-fault-localization-data-f36d7eea9a9c/defects4j//framework/projects/Closure/relevant_tests
[DEBUG] DIR_TRIGGER_TESTS: /home/yxb/Documents/rjust-fault-localization-data-f36d7eea9a9c/defects4j//framework/projects/Closure/trigger_tests
[DEBUG] JAVA_VERSION:
Picked up _JAVA_OPTIONS: -XX:MaxHeapSize=1024m -Xmx4096m
java version "1.7.0_80"
Java(TM) SE Runtime Environment (build 1.7.0_80-b15)
Java HotSpot(TM) 64-Bit Server VM (build 24.80-b11, mixed mode)
[INFO] Checking out Closure-40 to /tmp/yxb/gzoltar_67251_Closure-40
Check out 6ebc0c3d to /tmp/yxb/gzoltar_67251_Closure-40.................... OK
Init local repository...................................................... OK
Tag post-fix revision...................................................... OK
Run post-checkout hook..................................................... OK
Initialize fixed program version........................................... OK
Apply patch................................................................ OK
Initialize buggy program version........................................... OK
Diff 6ebc0c3d:a90f4b4f..................................................... OK
Apply patch................................................................ OK
Tag pre-fix revision....................................................... OK
Check out program version: Closure-40b..................................... OK
[DEBUG] LOADED_CLASSES: com.google.javascript.jscomp.DefinitionProvider:com.google.javascript.rhino.jstype.StringType:com.google.javascript.jscomp.LightweightMessageFormatter:com.google.javascript.jscomp.ComposeWarningsGuard:com.google.javascript.jscomp.TypeCheck:com.google.javascript.jscomp.ConstCheck:com.google.javascript.jscomp.JSModule:com.google.javascript.rhino.Node:com.google.javascript.jscomp.ProcessTweaks:com.google.javascript.rhino.jstype.NumberType:com.google.javascript.jscomp.PassConfig:com.google.javascript.rhino.jstype.PrototypeObjectType:com.google.javascript.jscomp.Scope:com.google.javascript.jscomp.JsMessageVisitor:com.google.javascript.jscomp.NodeTraversal:com.google.javascript.rhino.jstype.TemplateType:com.google.javascript.rhino.JSDocInfoBuilder:com.google.javascript.jscomp.JSSourceFile:com.google.javascript.jscomp.SourceFile:com.google.javascript.jscomp.StrictModeCheck:com.google.javascript.jscomp.parsing.TypeSafeDispatcher:com.google.javascript.jscomp.LineNumberCheck:com.google.javascript.rhino.jstype.JSTypeRegistry:com.google.javascript.jscomp.HotSwapCompilerPass:com.google.javascript.jscomp.JSError:com.google.javascript.jscomp.parsing.Config:com.google.javascript.jscomp.ErrorFormat:com.google.javascript.rhino.IR:com.google.javascript.rhino.ScriptRuntime:com.google.javascript.jscomp.DiagnosticType:com.google.javascript.jscomp.NodeUtil:com.google.javascript.jscomp.ChainableReverseAbstractInterpreter:com.google.javascript.jscomp.graph.DiGraph:com.google.javascript.jscomp.CheckGlobalThis:com.google.javascript.jscomp.SourceAst:com.google.javascript.rhino.jstype.ObjectType:com.google.javascript.rhino.jstype.FunctionType:com.google.javascript.jscomp.parsing.JsDocToken:com.google.javascript.jscomp.MessageBundle:com.google.javascript.jscomp.CheckUnreachableCode:com.google.javascript.jscomp.ScopeCreator:com.google.javascript.jscomp.DefinitionsRemover:com.google.javascript.jscomp.Normalize:com.google.javascript.rhino.Token:com.google.javascript.jscomp.NameAnalyzer:com.google.javascript.jscomp.CheckProvides:com.google.javascript.jscomp.deps.DependencyInfo:com.google.javascript.jscomp.FunctionTypeBuilder:com.google.javascript.jscomp.CompilerOptions:com.google.javascript.jscomp.VariableReferenceCheck:com.google.javascript.jscomp.CodePrinter:com.google.javascript.jscomp.parsing.JsDocInfoParser:com.google.javascript.jscomp.graph.GraphvizGraph:com.google.javascript.jscomp.graph.LinkedDirectedGraph:com.google.javascript.jscomp.AbstractMessageFormatter:com.google.javascript.rhino.jstype.JSType:com.google.javascript.jscomp.Region:com.google.javascript.rhino.jstype.UnresolvedTypeExpression:com.google.javascript.jscomp.MarkNoSideEffectCalls:com.google.javascript.jscomp.CustomPassExecutionTime:com.google.javascript.jscomp.CheckLevel:com.google.javascript.rhino.InputId:com.google.javascript.jscomp.parsing.ParserRunner:com.google.javascript.jscomp.DefaultPassConfig:com.google.javascript.jscomp.graph.SubGraph:com.google.javascript.jscomp.deps.SortedDependencies:com.google.javascript.rhino.jstype.NoType:com.google.javascript.jscomp.Result:com.google.javascript.jscomp.AstChangeProxy:com.google.javascript.jscomp.GlobalNamespace:com.google.javascript.jscomp.ControlFlowGraph:com.google.javascript.jscomp.CrossModuleMethodMotion:com.google.javascript.jscomp.DependencyOptions:com.google.javascript.jscomp.AbstractCompiler:com.google.javascript.jscomp.SuppressDocWarningsGuard:com.google.javascript.rhino.jstype.UnionTypeBuilder:com.google.javascript.rhino.jstype.AllType:com.google.javascript.rhino.jstype.ValueType:com.google.javascript.jscomp.GatherSideEffectSubexpressionsCallback:com.google.javascript.jscomp.ProcessDefines:com.google.javascript.rhino.ErrorReporter:com.google.javascript.rhino.jstype.JSTypeNative:com.google.javascript.jscomp.UseSite:com.google.javascript.jscomp.CheckGlobalNames:com.google.javascript.jscomp.DiagnosticGroup:com.google.javascript.jscomp.CodeConsumer:com.google.javascript.rhino.jstype.StaticScope:com.google.javascript.jscomp.graph.Annotatable:com.google.javascript.jscomp.SemanticReverseAbstractInterpreter:com.google.javascript.jscomp.MakeDeclaredNamesUnique:com.google.javascript.jscomp.DefinitionSite:com.google.javascript.jscomp.TypeValidator:com.google.javascript.rhino.JSTypeExpression:com.google.javascript.jscomp.AnonymousFunctionNamingPolicy:com.google.javascript.rhino.jstype.NamedType:com.google.javascript.jscomp.ClosureCodingConvention:com.google.javascript.rhino.jstype.StaticSourceFile:com.google.javascript.rhino.jstype.StaticSlot:com.google.javascript.jscomp.DisambiguateProperties:com.google.javascript.jscomp.CheckAccessControls:com.google.javascript.jscomp.CheckDebuggerStatement:com.google.javascript.jscomp.JSModuleGraph:com.google.javascript.rhino.jstype.NoResolvedType:com.google.javascript.jscomp.ControlStructureCheck:com.google.javascript.rhino.JSDocInfo:com.google.javascript.jscomp.CodingConvention:com.google.javascript.rhino.jstype.StaticSymbolTable:com.google.javascript.jscomp.PropertyRenamingPolicy:com.google.javascript.jscomp.CodeGenerator:com.google.javascript.jscomp.parsing.JsDocTokenStream:com.google.javascript.jscomp.PassFactory:com.google.javascript.jscomp.TypedCodeGenerator:com.google.javascript.rhino.jstype.InstanceObjectType:com.google.javascript.jscomp.OptimizeCalls:com.google.javascript.jscomp.SimpleDefinitionFinder:com.google.javascript.jscomp.Compiler:com.google.javascript.rhino.jstype.FunctionBuilder:com.google.javascript.jscomp.VarCheck:com.google.javascript.jscomp.DiagnosticGroupWarningsGuard:com.google.javascript.jscomp.ReplaceIdGenerators:com.google.javascript.rhino.SourcePosition:com.google.javascript.jscomp.CodingConventions:com.google.javascript.rhino.jstype.StaticReference:com.google.javascript.jscomp.ReferenceCollectingCallback:com.google.javascript.jscomp.MessageFormatter:com.google.javascript.jscomp.LoggerErrorManager:com.google.javascript.rhino.jstype.IndexedType:com.google.javascript.rhino.jstype.VoidType:com.google.javascript.jscomp.RhinoErrorReporter:com.google.javascript.jscomp.graph.GraphNode:com.google.javascript.rhino.jstype.UnknownType:com.google.javascript.jscomp.JsAst:com.google.javascript.jscomp.TypedScopeCreator:com.google.javascript.jscomp.SyntacticScopeCreator:com.google.javascript.jscomp.parsing.Annotation:com.google.javascript.jscomp.CompilerPass:com.google.javascript.jscomp.graph.FixedPointGraphTraversal:com.google.javascript.rhino.jstype.ErrorFunctionType:com.google.javascript.rhino.jstype.NoObjectType:com.google.javascript.rhino.jstype.NullType:com.google.javascript.rhino.jstype.ArrowType:com.google.javascript.rhino.jstype.ProxyObjectType:com.google.javascript.jscomp.BasicErrorManager:com.google.javascript.jscomp.CreateSyntheticBlocks:com.google.javascript.jscomp.AstValidator:com.google.javascript.jscomp.PhaseOptimizer:com.google.javascript.jscomp.PrepareAst:com.google.javascript.jscomp.SourceExcerptProvider:com.google.javascript.jscomp.SourceMap:com.google.javascript.rhino.jstype.ParameterizedType:com.google.javascript.jscomp.ReverseAbstractInterpreter:com.google.javascript.rhino.jstype.FunctionParamBuilder:com.google.javascript.jscomp.Tracer:com.google.javascript.jscomp.DiagnosticGroups:com.google.javascript.rhino.jstype.BooleanType:com.google.javascript.jscomp.GoogleCodingConvention:com.google.javascript.jscomp.CheckSideEffects:com.google.javascript.rhino.jstype.UnionType:com.google.javascript.jscomp.CheckRegExp:com.google.javascript.jscomp.parsing.IRFactory:com.google.javascript.jscomp.graph.AdjacencyGraph:com.google.javascript.jscomp.WarningsGuard:com.google.javascript.jscomp.Denormalize:com.google.javascript.jscomp.ErrorManager:com.google.javascript.jscomp.graph.Graph:com.google.javascript.jscomp.CodeChangeHandler:com.google.javascript.jscomp.CompilerInput:com.google.javascript.jscomp.VariableRenamingPolicy:
[DEBUG] LOADED_SUB_CLASSES: com.google.javascript.jscomp.DefinitionProvider$*:com.google.javascript.rhino.jstype.StringType$*:com.google.javascript.jscomp.LightweightMessageFormatter$*:com.google.javascript.jscomp.ComposeWarningsGuard$*:com.google.javascript.jscomp.TypeCheck$*:com.google.javascript.jscomp.ConstCheck$*:com.google.javascript.jscomp.JSModule$*:com.google.javascript.rhino.Node$*:com.google.javascript.jscomp.ProcessTweaks$*:com.google.javascript.rhino.jstype.NumberType$*:com.google.javascript.jscomp.PassConfig$*:com.google.javascript.rhino.jstype.PrototypeObjectType$*:com.google.javascript.jscomp.Scope$*:com.google.javascript.jscomp.JsMessageVisitor$*:com.google.javascript.jscomp.NodeTraversal$*:com.google.javascript.rhino.jstype.TemplateType$*:com.google.javascript.rhino.JSDocInfoBuilder$*:com.google.javascript.jscomp.JSSourceFile$*:com.google.javascript.jscomp.SourceFile$*:com.google.javascript.jscomp.StrictModeCheck$*:com.google.javascript.jscomp.parsing.TypeSafeDispatcher$*:com.google.javascript.jscomp.LineNumberCheck$*:com.google.javascript.rhino.jstype.JSTypeRegistry$*:com.google.javascript.jscomp.HotSwapCompilerPass$*:com.google.javascript.jscomp.JSError$*:com.google.javascript.jscomp.parsing.Config$*:com.google.javascript.jscomp.ErrorFormat$*:com.google.javascript.rhino.IR$*:com.google.javascript.rhino.ScriptRuntime$*:com.google.javascript.jscomp.DiagnosticType$*:com.google.javascript.jscomp.NodeUtil$*:com.google.javascript.jscomp.ChainableReverseAbstractInterpreter$*:com.google.javascript.jscomp.graph.DiGraph$*:com.google.javascript.jscomp.CheckGlobalThis$*:com.google.javascript.jscomp.SourceAst$*:com.google.javascript.rhino.jstype.ObjectType$*:com.google.javascript.rhino.jstype.FunctionType$*:com.google.javascript.jscomp.parsing.JsDocToken$*:com.google.javascript.jscomp.MessageBundle$*:com.google.javascript.jscomp.CheckUnreachableCode$*:com.google.javascript.jscomp.ScopeCreator$*:com.google.javascript.jscomp.DefinitionsRemover$*:com.google.javascript.jscomp.Normalize$*:com.google.javascript.rhino.Token$*:com.google.javascript.jscomp.NameAnalyzer$*:com.google.javascript.jscomp.CheckProvides$*:com.google.javascript.jscomp.deps.DependencyInfo$*:com.google.javascript.jscomp.FunctionTypeBuilder$*:com.google.javascript.jscomp.CompilerOptions$*:com.google.javascript.jscomp.VariableReferenceCheck$*:com.google.javascript.jscomp.CodePrinter$*:com.google.javascript.jscomp.parsing.JsDocInfoParser$*:com.google.javascript.jscomp.graph.GraphvizGraph$*:com.google.javascript.jscomp.graph.LinkedDirectedGraph$*:com.google.javascript.jscomp.AbstractMessageFormatter$*:com.google.javascript.rhino.jstype.JSType$*:com.google.javascript.jscomp.Region$*:com.google.javascript.rhino.jstype.UnresolvedTypeExpression$*:com.google.javascript.jscomp.MarkNoSideEffectCalls$*:com.google.javascript.jscomp.CustomPassExecutionTime$*:com.google.javascript.jscomp.CheckLevel$*:com.google.javascript.rhino.InputId$*:com.google.javascript.jscomp.parsing.ParserRunner$*:com.google.javascript.jscomp.DefaultPassConfig$*:com.google.javascript.jscomp.graph.SubGraph$*:com.google.javascript.jscomp.deps.SortedDependencies$*:com.google.javascript.rhino.jstype.NoType$*:com.google.javascript.jscomp.Result$*:com.google.javascript.jscomp.AstChangeProxy$*:com.google.javascript.jscomp.GlobalNamespace$*:com.google.javascript.jscomp.ControlFlowGraph$*:com.google.javascript.jscomp.CrossModuleMethodMotion$*:com.google.javascript.jscomp.DependencyOptions$*:com.google.javascript.jscomp.AbstractCompiler$*:com.google.javascript.jscomp.SuppressDocWarningsGuard$*:com.google.javascript.rhino.jstype.UnionTypeBuilder$*:com.google.javascript.rhino.jstype.AllType$*:com.google.javascript.rhino.jstype.ValueType$*:com.google.javascript.jscomp.GatherSideEffectSubexpressionsCallback$*:com.google.javascript.jscomp.ProcessDefines$*:com.google.javascript.rhino.ErrorReporter$*:com.google.javascript.rhino.jstype.JSTypeNative$*:com.google.javascript.jscomp.UseSite$*:com.google.javascript.jscomp.CheckGlobalNames$*:com.google.javascript.jscomp.DiagnosticGroup$*:com.google.javascript.jscomp.CodeConsumer$*:com.google.javascript.rhino.jstype.StaticScope$*:com.google.javascript.jscomp.graph.Annotatable$*:com.google.javascript.jscomp.SemanticReverseAbstractInterpreter$*:com.google.javascript.jscomp.MakeDeclaredNamesUnique$*:com.google.javascript.jscomp.DefinitionSite$*:com.google.javascript.jscomp.TypeValidator$*:com.google.javascript.rhino.JSTypeExpression$*:com.google.javascript.jscomp.AnonymousFunctionNamingPolicy$*:com.google.javascript.rhino.jstype.NamedType$*:com.google.javascript.jscomp.ClosureCodingConvention$*:com.google.javascript.rhino.jstype.StaticSourceFile$*:com.google.javascript.rhino.jstype.StaticSlot$*:com.google.javascript.jscomp.DisambiguateProperties$*:com.google.javascript.jscomp.CheckAccessControls$*:com.google.javascript.jscomp.CheckDebuggerStatement$*:com.google.javascript.jscomp.JSModuleGraph$*:com.google.javascript.rhino.jstype.NoResolvedType$*:com.google.javascript.jscomp.ControlStructureCheck$*:com.google.javascript.rhino.JSDocInfo$*:com.google.javascript.jscomp.CodingConvention$*:com.google.javascript.rhino.jstype.StaticSymbolTable$*:com.google.javascript.jscomp.PropertyRenamingPolicy$*:com.google.javascript.jscomp.CodeGenerator$*:com.google.javascript.jscomp.parsing.JsDocTokenStream$*:com.google.javascript.jscomp.PassFactory$*:com.google.javascript.jscomp.TypedCodeGenerator$*:com.google.javascript.rhino.jstype.InstanceObjectType$*:com.google.javascript.jscomp.OptimizeCalls$*:com.google.javascript.jscomp.SimpleDefinitionFinder$*:com.google.javascript.jscomp.Compiler$*:com.google.javascript.rhino.jstype.FunctionBuilder$*:com.google.javascript.jscomp.VarCheck$*:com.google.javascript.jscomp.DiagnosticGroupWarningsGuard$*:com.google.javascript.jscomp.ReplaceIdGenerators$*:com.google.javascript.rhino.SourcePosition$*:com.google.javascript.jscomp.CodingConventions$*:com.google.javascript.rhino.jstype.StaticReference$*:com.google.javascript.jscomp.ReferenceCollectingCallback$*:com.google.javascript.jscomp.MessageFormatter$*:com.google.javascript.jscomp.LoggerErrorManager$*:com.google.javascript.rhino.jstype.IndexedType$*:com.google.javascript.rhino.jstype.VoidType$*:com.google.javascript.jscomp.RhinoErrorReporter$*:com.google.javascript.jscomp.graph.GraphNode$*:com.google.javascript.rhino.jstype.UnknownType$*:com.google.javascript.jscomp.JsAst$*:com.google.javascript.jscomp.TypedScopeCreator$*:com.google.javascript.jscomp.SyntacticScopeCreator$*:com.google.javascript.jscomp.parsing.Annotation$*:com.google.javascript.jscomp.CompilerPass$*:com.google.javascript.jscomp.graph.FixedPointGraphTraversal$*:com.google.javascript.rhino.jstype.ErrorFunctionType$*:com.google.javascript.rhino.jstype.NoObjectType$*:com.google.javascript.rhino.jstype.NullType$*:com.google.javascript.rhino.jstype.ArrowType$*:com.google.javascript.rhino.jstype.ProxyObjectType$*:com.google.javascript.jscomp.BasicErrorManager$*:com.google.javascript.jscomp.CreateSyntheticBlocks$*:com.google.javascript.jscomp.AstValidator$*:com.google.javascript.jscomp.PhaseOptimizer$*:com.google.javascript.jscomp.PrepareAst$*:com.google.javascript.jscomp.SourceExcerptProvider$*:com.google.javascript.jscomp.SourceMap$*:com.google.javascript.rhino.jstype.ParameterizedType$*:com.google.javascript.jscomp.ReverseAbstractInterpreter$*:com.google.javascript.rhino.jstype.FunctionParamBuilder$*:com.google.javascript.jscomp.Tracer$*:com.google.javascript.jscomp.DiagnosticGroups$*:com.google.javascript.rhino.jstype.BooleanType$*:com.google.javascript.jscomp.GoogleCodingConvention$*:com.google.javascript.jscomp.CheckSideEffects$*:com.google.javascript.rhino.jstype.UnionType$*:com.google.javascript.jscomp.CheckRegExp$*:com.google.javascript.jscomp.parsing.IRFactory$*:com.google.javascript.jscomp.graph.AdjacencyGraph$*:com.google.javascript.jscomp.WarningsGuard$*:com.google.javascript.jscomp.Denormalize$*:com.google.javascript.jscomp.ErrorManager$*:com.google.javascript.jscomp.graph.Graph$*:com.google.javascript.jscomp.CodeChangeHandler$*:com.google.javascript.jscomp.CompilerInput$*:com.google.javascript.jscomp.VariableRenamingPolicy$*:
[DEBUG] RELEVANT_TESTS: com.google.javascript.jscomp.CommandLineRunnerTest:com.google.javascript.jscomp.IntegrationTest:com.google.javascript.jscomp.NameAnalyzerTest:
[DEBUG] TRIGGER_TESTS_FILE: /home/yxb/Documents/rjust-fault-localization-data-f36d7eea9a9c/defects4j//framework/projects/Closure/trigger_tests/40
[DEBUG] CP: /home/yxb/Documents/rjust-fault-localization-data-f36d7eea9a9c/defects4j//framework/projects/lib/junit-4.11.jar:/tmp/yxb/gzoltar_67251_Closure-40/build/classes:/tmp/yxb/gzoltar_67251_Closure-40/lib/args4j.jar:/tmp/yxb/gzoltar_67251_Closure-40/lib/guava.jar:/tmp/yxb/gzoltar_67251_Closure-40/lib/json.jar:/tmp/yxb/gzoltar_67251_Closure-40/lib/jsr305.jar:/tmp/yxb/gzoltar_67251_Closure-40/lib/protobuf-java.jar:/tmp/yxb/gzoltar_67251_Closure-40/build/lib/rhino.jar:/tmp/yxb/gzoltar_67251_Closure-40/lib/ant-launcher.jar:/tmp/yxb/gzoltar_67251_Closure-40/lib/ant.jar:/tmp/yxb/gzoltar_67251_Closure-40/lib/caja-r4314.jar:/tmp/yxb/gzoltar_67251_Closure-40/lib/jarjar.jar:/tmp/yxb/gzoltar_67251_Closure-40/lib/junit.jar:/tmp/yxb/gzoltar_67251_Closure-40/build/test
[INFO] Compiling Closure-40
Running ant (compile)...................................................... OK
Running ant (compile.tests)................................................ OK
[INFO] Running GZoltar
[INFO] Start: Mon Aug 26 08:18:43 PDT 2019
   ____ _____     _ _               
  / ___|__  /___ | | |_ __ _ _ __   
 | |  _  / // _ \| | __/ _` | '__| 
 | |_| |/ /| (_) | | || (_| | |     
  \____/____\___/|_|\__\__,_|_| 

* Preparing classpath
* Collecting classes under test
* Collecting test cases
* Performing analysis
* Started com.google.javascript.jscomp.CommandLineRunnerTest#testSourcePruningOn1
[ERROR] Class not found
java.lang.ClassNotFoundException: rhino_ast.java.com.google.javascript.rhino.Messages
	at java.lang.ClassLoader.findClass(ClassLoader.java:531)
	at java.lang.ClassLoader.loadClass(ClassLoader.java:425)
	at java.lang.ClassLoader.loadClass(ClassLoader.java:358)
	at com.gzoltar.lib.instrumentation.util.GZoltarClassLoader.loadClass(Unknown Source)
	at java.util.ResourceBundle$Control.newBundle(ResourceBundle.java:2566)
	at java.util.ResourceBundle.loadBundle(ResourceBundle.java:1436)
	at java.util.ResourceBundle.findBundle(ResourceBundle.java:1400)
	at java.util.ResourceBundle.findBundle(ResourceBundle.java:1354)
	at java.util.ResourceBundle.findBundle(ResourceBundle.java:1354)
	at java.util.ResourceBundle.getBundleImpl(ResourceBundle.java:1296)
	at java.util.ResourceBundle.getBundle(ResourceBundle.java:795)
	at com.google.javascript.rhino.ScriptRuntime.getMessage(ScriptRuntime.java:386)
	at com.google.javascript.rhino.ScriptRuntime.getMessage0(ScriptRuntime.java:367)
	at com.google.javascript.jscomp.RhinoErrorReporter.<init>(RhinoErrorReporter.java:74)
	at com.google.javascript.jscomp.RhinoErrorReporter.<init>(RhinoErrorReporter.java:32)
	at com.google.javascript.jscomp.RhinoErrorReporter$OldRhinoErrorReporter.<init>(RhinoErrorReporter.java:143)
	at com.google.javascript.jscomp.RhinoErrorReporter$OldRhinoErrorReporter.<init>(RhinoErrorReporter.java:139)
	at com.google.javascript.jscomp.RhinoErrorReporter.forOldRhino(RhinoErrorReporter.java:108)
	at com.google.javascript.jscomp.Compiler.<init>(Compiler.java:151)
	at com.google.javascript.jscomp.CommandLineRunner.createCompiler(CommandLineRunner.java:755)
	at com.google.javascript.jscomp.AbstractCommandLineRunner.doRun(AbstractCommandLineRunner.java:690)
	at com.google.javascript.jscomp.AbstractCommandLineRunner.run(AbstractCommandLineRunner.java:332)
	at com.google.javascript.jscomp.CommandLineRunnerTest.compile(CommandLineRunnerTest.java:1083)
	at com.google.javascript.jscomp.CommandLineRunnerTest.test(CommandLineRunnerTest.java:966)
	at com.google.javascript.jscomp.CommandLineRunnerTest.test(CommandLineRunnerTest.java:955)
	at com.google.javascript.jscomp.CommandLineRunnerTest.testSourcePruningOn1(CommandLineRunnerTest.java:545)
	at sun.reflect.NativeMethodAccessorImpl.invoke0(Native Method)
	at sun.reflect.NativeMethodAccessorImpl.invoke(NativeMethodAccessorImpl.java:57)
	at sun.reflect.DelegatingMethodAccessorImpl.invoke(DelegatingMethodAccessorImpl.java:43)
	at java.lang.reflect.Method.invoke(Method.java:606)
	at junit.framework.TestCase.runTest(TestCase.java:176)
	at junit.framework.TestCase.runBare(TestCase.java:141)
	at junit.framework.TestResult$1.protect(TestResult.java:122)
	at junit.framework.TestResult.runProtected(TestResult.java:142)
	at junit.framework.TestResult.run(TestResult.java:125)
	at junit.framework.TestCase.run(TestCase.java:129)
	at junit.framework.TestSuite.runTest(TestSuite.java:255)
	at junit.framework.TestSuite.run(TestSuite.java:250)
	at org.junit.internal.runners.JUnit38ClassRunner.run(JUnit38ClassRunner.java:84)
	at com.gzoltar.lib.instrumentation.testing.junit.a.call(Unknown Source)
	at java.util.concurrent.FutureTask.run(FutureTask.java:262)
	at java.util.concurrent.ThreadPoolExecutor.runWorker(ThreadPoolExecutor.java:1145)
	at java.util.concurrent.ThreadPoolExecutor$Worker.run(ThreadPoolExecutor.java:615)
	at java.lang.Thread.run(Thread.java:745)
[ERROR] Class not found
java.lang.ClassNotFoundException: rhino_ast.java.com.google.javascript.rhino.Messages_en
	at java.lang.ClassLoader.findClass(ClassLoader.java:531)
	at java.lang.ClassLoader.loadClass(ClassLoader.java:425)
	at java.lang.ClassLoader.loadClass(ClassLoader.java:358)
	at com.gzoltar.lib.instrumentation.util.GZoltarClassLoader.loadClass(Unknown Source)
	at java.util.ResourceBundle$Control.newBundle(ResourceBundle.java:2566)
	at java.util.ResourceBundle.loadBundle(ResourceBundle.java:1436)
	at java.util.ResourceBundle.findBundle(ResourceBundle.java:1400)
	at java.util.ResourceBundle.findBundle(ResourceBundle.java:1354)
	at java.util.ResourceBundle.getBundleImpl(ResourceBundle.java:1296)
	at java.util.ResourceBundle.getBundle(ResourceBundle.java:795)
	at com.google.javascript.rhino.ScriptRuntime.getMessage(ScriptRuntime.java:386)
	at com.google.javascript.rhino.ScriptRuntime.getMessage0(ScriptRuntime.java:367)
	at com.google.javascript.jscomp.RhinoErrorReporter.<init>(RhinoErrorReporter.java:74)
	at com.google.javascript.jscomp.RhinoErrorReporter.<init>(RhinoErrorReporter.java:32)
	at com.google.javascript.jscomp.RhinoErrorReporter$OldRhinoErrorReporter.<init>(RhinoErrorReporter.java:143)
	at com.google.javascript.jscomp.RhinoErrorReporter$OldRhinoErrorReporter.<init>(RhinoErrorReporter.java:139)
	at com.google.javascript.jscomp.RhinoErrorReporter.forOldRhino(RhinoErrorReporter.java:108)
	at com.google.javascript.jscomp.Compiler.<init>(Compiler.java:151)
	at com.google.javascript.jscomp.CommandLineRunner.createCompiler(CommandLineRunner.java:755)
	at com.google.javascript.jscomp.AbstractCommandLineRunner.doRun(AbstractCommandLineRunner.java:690)
	at com.google.javascript.jscomp.AbstractCommandLineRunner.run(AbstractCommandLineRunner.java:332)
	at com.google.javascript.jscomp.CommandLineRunnerTest.compile(CommandLineRunnerTest.java:1083)
	at com.google.javascript.jscomp.CommandLineRunnerTest.test(CommandLineRunnerTest.java:966)
	at com.google.javascript.jscomp.CommandLineRunnerTest.test(CommandLineRunnerTest.java:955)
	at com.google.javascript.jscomp.CommandLineRunnerTest.testSourcePruningOn1(CommandLineRunnerTest.java:545)
	at sun.reflect.NativeMethodAccessorImpl.invoke0(Native Method)
	at sun.reflect.NativeMethodAccessorImpl.invoke(NativeMethodAccessorImpl.java:57)
	at sun.reflect.DelegatingMethodAccessorImpl.invoke(DelegatingMethodAccessorImpl.java:43)
	at java.lang.reflect.Method.invoke(Method.java:606)
	at junit.framework.TestCase.runTest(TestCase.java:176)
	at junit.framework.TestCase.runBare(TestCase.java:141)
	at junit.framework.TestResult$1.protect(TestResult.java:122)
	at junit.framework.TestResult.runProtected(TestResult.java:142)
	at junit.framework.TestResult.run(TestResult.java:125)
	at junit.framework.TestCase.run(TestCase.java:129)
	at junit.framework.TestSuite.runTest(TestSuite.java:255)
	at junit.framework.TestSuite.run(TestSuite.java:250)
	at org.junit.internal.runners.JUnit38ClassRunner.run(JUnit38ClassRunner.java:84)
	at com.gzoltar.lib.instrumentation.testing.junit.a.call(Unknown Source)
	at java.util.concurrent.FutureTask.run(FutureTask.java:262)
	at java.util.concurrent.ThreadPoolExecutor.runWorker(ThreadPoolExecutor.java:1145)
	at java.util.concurrent.ThreadPoolExecutor$Worker.run(ThreadPoolExecutor.java:615)
	at java.lang.Thread.run(Thread.java:745)
[ERROR] Class not found
java.lang.ClassNotFoundException: rhino_ast.java.com.google.javascript.rhino.Messages_en_US
	at java.lang.ClassLoader.findClass(ClassLoader.java:531)
	at java.lang.ClassLoader.loadClass(ClassLoader.java:425)
	at java.lang.ClassLoader.loadClass(ClassLoader.java:358)
	at com.gzoltar.lib.instrumentation.util.GZoltarClassLoader.loadClass(Unknown Source)
	at java.util.ResourceBundle$Control.newBundle(ResourceBundle.java:2566)
	at java.util.ResourceBundle.loadBundle(ResourceBundle.java:1436)
	at java.util.ResourceBundle.findBundle(ResourceBundle.java:1400)
	at java.util.ResourceBundle.getBundleImpl(ResourceBundle.java:1296)
	at java.util.ResourceBundle.getBundle(ResourceBundle.java:795)
	at com.google.javascript.rhino.ScriptRuntime.getMessage(ScriptRuntime.java:386)
	at com.google.javascript.rhino.ScriptRuntime.getMessage0(ScriptRuntime.java:367)
	at com.google.javascript.jscomp.RhinoErrorReporter.<init>(RhinoErrorReporter.java:74)
	at com.google.javascript.jscomp.RhinoErrorReporter.<init>(RhinoErrorReporter.java:32)
	at com.google.javascript.jscomp.RhinoErrorReporter$OldRhinoErrorReporter.<init>(RhinoErrorReporter.java:143)
	at com.google.javascript.jscomp.RhinoErrorReporter$OldRhinoErrorReporter.<init>(RhinoErrorReporter.java:139)
	at com.google.javascript.jscomp.RhinoErrorReporter.forOldRhino(RhinoErrorReporter.java:108)
	at com.google.javascript.jscomp.Compiler.<init>(Compiler.java:151)
	at com.google.javascript.jscomp.CommandLineRunner.createCompiler(CommandLineRunner.java:755)
	at com.google.javascript.jscomp.AbstractCommandLineRunner.doRun(AbstractCommandLineRunner.java:690)
	at com.google.javascript.jscomp.AbstractCommandLineRunner.run(AbstractCommandLineRunner.java:332)
	at com.google.javascript.jscomp.CommandLineRunnerTest.compile(CommandLineRunnerTest.java:1083)
	at com.google.javascript.jscomp.CommandLineRunnerTest.test(CommandLineRunnerTest.java:966)
	at com.google.javascript.jscomp.CommandLineRunnerTest.test(CommandLineRunnerTest.java:955)
	at com.google.javascript.jscomp.CommandLineRunnerTest.testSourcePruningOn1(CommandLineRunnerTest.java:545)
	at sun.reflect.NativeMethodAccessorImpl.invoke0(Native Method)
	at sun.reflect.NativeMethodAccessorImpl.invoke(NativeMethodAccessorImpl.java:57)
	at sun.reflect.DelegatingMethodAccessorImpl.invoke(DelegatingMethodAccessorImpl.java:43)
	at java.lang.reflect.Method.invoke(Method.java:606)
	at junit.framework.TestCase.runTest(TestCase.java:176)
	at junit.framework.TestCase.runBare(TestCase.java:141)
	at junit.framework.TestResult$1.protect(TestResult.java:122)
	at junit.framework.TestResult.runProtected(TestResult.java:142)
	at junit.framework.TestResult.run(TestResult.java:125)
	at junit.framework.TestCase.run(TestCase.java:129)
	at junit.framework.TestSuite.runTest(TestSuite.java:255)
	at junit.framework.TestSuite.run(TestSuite.java:250)
	at org.junit.internal.runners.JUnit38ClassRunner.run(JUnit38ClassRunner.java:84)
	at com.gzoltar.lib.instrumentation.testing.junit.a.call(Unknown Source)
	at java.util.concurrent.FutureTask.run(FutureTask.java:262)
	at java.util.concurrent.ThreadPoolExecutor.runWorker(ThreadPoolExecutor.java:1145)
	at java.util.concurrent.ThreadPoolExecutor$Worker.run(ThreadPoolExecutor.java:615)
	at java.lang.Thread.run(Thread.java:745)
[ERROR] Class not found
java.lang.ClassNotFoundException: com.google.javascript.rhino.head.VMBridge_custom
	at java.lang.ClassLoader.findClass(ClassLoader.java:531)
	at java.lang.ClassLoader.loadClass(ClassLoader.java:425)
	at java.lang.ClassLoader.loadClass(ClassLoader.java:358)
	at com.gzoltar.lib.instrumentation.util.GZoltarClassLoader.loadClass(Unknown Source)
	at java.lang.Class.forName0(Native Method)
	at java.lang.Class.forName(Class.java:195)
	at com.google.javascript.rhino.head.Kit.classOrNull(Kit.java:74)
	at com.google.javascript.rhino.head.VMBridge.makeInstance(VMBridge.java:61)
	at com.google.javascript.rhino.head.VMBridge.<clinit>(VMBridge.java:49)
	at com.google.javascript.rhino.head.Context.getCurrentContext(Context.java:376)
	at com.google.javascript.rhino.head.ScriptRuntime$DefaultMessageProvider.getMessage(ScriptRuntime.java:3674)
	at com.google.javascript.rhino.head.ScriptRuntime.getMessage(ScriptRuntime.java:3662)
	at com.google.javascript.rhino.head.ScriptRuntime.getMessage0(ScriptRuntime.java:3611)
	at com.google.javascript.jscomp.RhinoErrorReporter.<init>(RhinoErrorReporter.java:74)
	at com.google.javascript.jscomp.RhinoErrorReporter.<init>(RhinoErrorReporter.java:32)
	at com.google.javascript.jscomp.RhinoErrorReporter$OldRhinoErrorReporter.<init>(RhinoErrorReporter.java:143)
	at com.google.javascript.jscomp.RhinoErrorReporter$OldRhinoErrorReporter.<init>(RhinoErrorReporter.java:139)
	at com.google.javascript.jscomp.RhinoErrorReporter.forOldRhino(RhinoErrorReporter.java:108)
	at com.google.javascript.jscomp.Compiler.<init>(Compiler.java:151)
	at com.google.javascript.jscomp.CommandLineRunner.createCompiler(CommandLineRunner.java:755)
	at com.google.javascript.jscomp.AbstractCommandLineRunner.doRun(AbstractCommandLineRunner.java:690)
	at com.google.javascript.jscomp.AbstractCommandLineRunner.run(AbstractCommandLineRunner.java:332)
	at com.google.javascript.jscomp.CommandLineRunnerTest.compile(CommandLineRunnerTest.java:1083)
	at com.google.javascript.jscomp.CommandLineRunnerTest.test(CommandLineRunnerTest.java:966)
	at com.google.javascript.jscomp.CommandLineRunnerTest.test(CommandLineRunnerTest.java:955)
	at com.google.javascript.jscomp.CommandLineRunnerTest.testSourcePruningOn1(CommandLineRunnerTest.java:545)
	at sun.reflect.NativeMethodAccessorImpl.invoke0(Native Method)
	at sun.reflect.NativeMethodAccessorImpl.invoke(NativeMethodAccessorImpl.java:57)
	at sun.reflect.DelegatingMethodAccessorImpl.invoke(DelegatingMethodAccessorImpl.java:43)
	at java.lang.reflect.Method.invoke(Method.java:606)
	at junit.framework.TestCase.runTest(TestCase.java:176)
	at junit.framework.TestCase.runBare(TestCase.java:141)
	at junit.framework.TestResult$1.protect(TestResult.java:122)
	at junit.framework.TestResult.runProtected(TestResult.java:142)
	at junit.framework.TestResult.run(TestResult.java:125)
	at junit.framework.TestCase.run(TestCase.java:129)
	at junit.framework.TestSuite.runTest(TestSuite.java:255)
	at junit.framework.TestSuite.run(TestSuite.java:250)
	at org.junit.internal.runners.JUnit38ClassRunner.run(JUnit38ClassRunner.java:84)
	at com.gzoltar.lib.instrumentation.testing.junit.a.call(Unknown Source)
	at java.util.concurrent.FutureTask.run(FutureTask.java:262)
	at java.util.concurrent.ThreadPoolExecutor.runWorker(ThreadPoolExecutor.java:1145)
	at java.util.concurrent.ThreadPoolExecutor$Worker.run(ThreadPoolExecutor.java:615)
	at java.lang.Thread.run(Thread.java:745)
[ERROR] Class not found
java.lang.ClassNotFoundException: com.google.javascript.rhino.head.resources.Messages
	at java.lang.ClassLoader.findClass(ClassLoader.java:531)
	at java.lang.ClassLoader.loadClass(ClassLoader.java:425)
	at java.lang.ClassLoader.loadClass(ClassLoader.java:358)
	at com.gzoltar.lib.instrumentation.util.GZoltarClassLoader.loadClass(Unknown Source)
	at java.util.ResourceBundle$Control.newBundle(ResourceBundle.java:2566)
	at java.util.ResourceBundle.loadBundle(ResourceBundle.java:1436)
	at java.util.ResourceBundle.findBundle(ResourceBundle.java:1400)
	at java.util.ResourceBundle.findBundle(ResourceBundle.java:1354)
	at java.util.ResourceBundle.findBundle(ResourceBundle.java:1354)
	at java.util.ResourceBundle.getBundleImpl(ResourceBundle.java:1296)
	at java.util.ResourceBundle.getBundle(ResourceBundle.java:795)
	at com.google.javascript.rhino.head.ScriptRuntime$DefaultMessageProvider.getMessage(ScriptRuntime.java:3678)
	at com.google.javascript.rhino.head.ScriptRuntime.getMessage(ScriptRuntime.java:3662)
	at com.google.javascript.rhino.head.ScriptRuntime.getMessage0(ScriptRuntime.java:3611)
	at com.google.javascript.jscomp.RhinoErrorReporter.<init>(RhinoErrorReporter.java:74)
	at com.google.javascript.jscomp.RhinoErrorReporter.<init>(RhinoErrorReporter.java:32)
	at com.google.javascript.jscomp.RhinoErrorReporter$OldRhinoErrorReporter.<init>(RhinoErrorReporter.java:143)
	at com.google.javascript.jscomp.RhinoErrorReporter$OldRhinoErrorReporter.<init>(RhinoErrorReporter.java:139)
	at com.google.javascript.jscomp.RhinoErrorReporter.forOldRhino(RhinoErrorReporter.java:108)
	at com.google.javascript.jscomp.Compiler.<init>(Compiler.java:151)
	at com.google.javascript.jscomp.CommandLineRunner.createCompiler(CommandLineRunner.java:755)
	at com.google.javascript.jscomp.AbstractCommandLineRunner.doRun(AbstractCommandLineRunner.java:690)
	at com.google.javascript.jscomp.AbstractCommandLineRunner.run(AbstractCommandLineRunner.java:332)
	at com.google.javascript.jscomp.CommandLineRunnerTest.compile(CommandLineRunnerTest.java:1083)
	at com.google.javascript.jscomp.CommandLineRunnerTest.test(CommandLineRunnerTest.java:966)
	at com.google.javascript.jscomp.CommandLineRunnerTest.test(CommandLineRunnerTest.java:955)
	at com.google.javascript.jscomp.CommandLineRunnerTest.testSourcePruningOn1(CommandLineRunnerTest.java:545)
	at sun.reflect.NativeMethodAccessorImpl.invoke0(Native Method)
	at sun.reflect.NativeMethodAccessorImpl.invoke(NativeMethodAccessorImpl.java:57)
	at sun.reflect.DelegatingMethodAccessorImpl.invoke(DelegatingMethodAccessorImpl.java:43)
	at java.lang.reflect.Method.invoke(Method.java:606)
	at junit.framework.TestCase.runTest(TestCase.java:176)
	at junit.framework.TestCase.runBare(TestCase.java:141)
	at junit.framework.TestResult$1.protect(TestResult.java:122)
	at junit.framework.TestResult.runProtected(TestResult.java:142)
	at junit.framework.TestResult.run(TestResult.java:125)
	at junit.framework.TestCase.run(TestCase.java:129)
	at junit.framework.TestSuite.runTest(TestSuite.java:255)
	at junit.framework.TestSuite.run(TestSuite.java:250)
	at org.junit.internal.runners.JUnit38ClassRunner.run(JUnit38ClassRunner.java:84)
	at com.gzoltar.lib.instrumentation.testing.junit.a.call(Unknown Source)
	at java.util.concurrent.FutureTask.run(FutureTask.java:262)
	at java.util.concurrent.ThreadPoolExecutor.runWorker(ThreadPoolExecutor.java:1145)
	at java.util.concurrent.ThreadPoolExecutor$Worker.run(ThreadPoolExecutor.java:615)
	at java.lang.Thread.run(Thread.java:745)
[ERROR] Class not found
java.lang.ClassNotFoundException: com.google.javascript.rhino.head.resources.Messages_en
	at java.lang.ClassLoader.findClass(ClassLoader.java:531)
	at java.lang.ClassLoader.loadClass(ClassLoader.java:425)
	at java.lang.ClassLoader.loadClass(ClassLoader.java:358)
	at com.gzoltar.lib.instrumentation.util.GZoltarClassLoader.loadClass(Unknown Source)
	at java.util.ResourceBundle$Control.newBundle(ResourceBundle.java:2566)
	at java.util.ResourceBundle.loadBundle(ResourceBundle.java:1436)
	at java.util.ResourceBundle.findBundle(ResourceBundle.java:1400)
	at java.util.ResourceBundle.findBundle(ResourceBundle.java:1354)
	at java.util.ResourceBundle.getBundleImpl(ResourceBundle.java:1296)
	at java.util.ResourceBundle.getBundle(ResourceBundle.java:795)
	at com.google.javascript.rhino.head.ScriptRuntime$DefaultMessageProvider.getMessage(ScriptRuntime.java:3678)
	at com.google.javascript.rhino.head.ScriptRuntime.getMessage(ScriptRuntime.java:3662)
	at com.google.javascript.rhino.head.ScriptRuntime.getMessage0(ScriptRuntime.java:3611)
	at com.google.javascript.jscomp.RhinoErrorReporter.<init>(RhinoErrorReporter.java:74)
	at com.google.javascript.jscomp.RhinoErrorReporter.<init>(RhinoErrorReporter.java:32)
	at com.google.javascript.jscomp.RhinoErrorReporter$OldRhinoErrorReporter.<init>(RhinoErrorReporter.java:143)
	at com.google.javascript.jscomp.RhinoErrorReporter$OldRhinoErrorReporter.<init>(RhinoErrorReporter.java:139)
	at com.google.javascript.jscomp.RhinoErrorReporter.forOldRhino(RhinoErrorReporter.java:108)
	at com.google.javascript.jscomp.Compiler.<init>(Compiler.java:151)
	at com.google.javascript.jscomp.CommandLineRunner.createCompiler(CommandLineRunner.java:755)
	at com.google.javascript.jscomp.AbstractCommandLineRunner.doRun(AbstractCommandLineRunner.java:690)
	at com.google.javascript.jscomp.AbstractCommandLineRunner.run(AbstractCommandLineRunner.java:332)
	at com.google.javascript.jscomp.CommandLineRunnerTest.compile(CommandLineRunnerTest.java:1083)
	at com.google.javascript.jscomp.CommandLineRunnerTest.test(CommandLineRunnerTest.java:966)
	at com.google.javascript.jscomp.CommandLineRunnerTest.test(CommandLineRunnerTest.java:955)
	at com.google.javascript.jscomp.CommandLineRunnerTest.testSourcePruningOn1(CommandLineRunnerTest.java:545)
	at sun.reflect.NativeMethodAccessorImpl.invoke0(Native Method)
	at sun.reflect.NativeMethodAccessorImpl.invoke(NativeMethodAccessorImpl.java:57)
	at sun.reflect.DelegatingMethodAccessorImpl.invoke(DelegatingMethodAccessorImpl.java:43)
	at java.lang.reflect.Method.invoke(Method.java:606)
	at junit.framework.TestCase.runTest(TestCase.java:176)
	at junit.framework.TestCase.runBare(TestCase.java:141)
	at junit.framework.TestResult$1.protect(TestResult.java:122)
	at junit.framework.TestResult.runProtected(TestResult.java:142)
	at junit.framework.TestResult.run(TestResult.java:125)
	at junit.framework.TestCase.run(TestCase.java:129)
	at junit.framework.TestSuite.runTest(TestSuite.java:255)
	at junit.framework.TestSuite.run(TestSuite.java:250)
	at org.junit.internal.runners.JUnit38ClassRunner.run(JUnit38ClassRunner.java:84)
	at com.gzoltar.lib.instrumentation.testing.junit.a.call(Unknown Source)
	at java.util.concurrent.FutureTask.run(FutureTask.java:262)
	at java.util.concurrent.ThreadPoolExecutor.runWorker(ThreadPoolExecutor.java:1145)
	at java.util.concurrent.ThreadPoolExecutor$Worker.run(ThreadPoolExecutor.java:615)
	at java.lang.Thread.run(Thread.java:745)
[ERROR] Class not found
java.lang.ClassNotFoundException: com.google.javascript.rhino.head.resources.Messages_en_US
	at java.lang.ClassLoader.findClass(ClassLoader.java:531)
	at java.lang.ClassLoader.loadClass(ClassLoader.java:425)
	at java.lang.ClassLoader.loadClass(ClassLoader.java:358)
	at com.gzoltar.lib.instrumentation.util.GZoltarClassLoader.loadClass(Unknown Source)
	at java.util.ResourceBundle$Control.newBundle(ResourceBundle.java:2566)
	at java.util.ResourceBundle.loadBundle(ResourceBundle.java:1436)
	at java.util.ResourceBundle.findBundle(ResourceBundle.java:1400)
	at java.util.ResourceBundle.getBundleImpl(ResourceBundle.java:1296)
	at java.util.ResourceBundle.getBundle(ResourceBundle.java:795)
	at com.google.javascript.rhino.head.ScriptRuntime$DefaultMessageProvider.getMessage(ScriptRuntime.java:3678)
	at com.google.javascript.rhino.head.ScriptRuntime.getMessage(ScriptRuntime.java:3662)
	at com.google.javascript.rhino.head.ScriptRuntime.getMessage0(ScriptRuntime.java:3611)
	at com.google.javascript.jscomp.RhinoErrorReporter.<init>(RhinoErrorReporter.java:74)
	at com.google.javascript.jscomp.RhinoErrorReporter.<init>(RhinoErrorReporter.java:32)
	at com.google.javascript.jscomp.RhinoErrorReporter$OldRhinoErrorReporter.<init>(RhinoErrorReporter.java:143)
	at com.google.javascript.jscomp.RhinoErrorReporter$OldRhinoErrorReporter.<init>(RhinoErrorReporter.java:139)
	at com.google.javascript.jscomp.RhinoErrorReporter.forOldRhino(RhinoErrorReporter.java:108)
	at com.google.javascript.jscomp.Compiler.<init>(Compiler.java:151)
	at com.google.javascript.jscomp.CommandLineRunner.createCompiler(CommandLineRunner.java:755)
	at com.google.javascript.jscomp.AbstractCommandLineRunner.doRun(AbstractCommandLineRunner.java:690)
	at com.google.javascript.jscomp.AbstractCommandLineRunner.run(AbstractCommandLineRunner.java:332)
	at com.google.javascript.jscomp.CommandLineRunnerTest.compile(CommandLineRunnerTest.java:1083)
	at com.google.javascript.jscomp.CommandLineRunnerTest.test(CommandLineRunnerTest.java:966)
	at com.google.javascript.jscomp.CommandLineRunnerTest.test(CommandLineRunnerTest.java:955)
	at com.google.javascript.jscomp.CommandLineRunnerTest.testSourcePruningOn1(CommandLineRunnerTest.java:545)
	at sun.reflect.NativeMethodAccessorImpl.invoke0(Native Method)
	at sun.reflect.NativeMethodAccessorImpl.invoke(NativeMethodAccessorImpl.java:57)
	at sun.reflect.DelegatingMethodAccessorImpl.invoke(DelegatingMethodAccessorImpl.java:43)
	at java.lang.reflect.Method.invoke(Method.java:606)
	at junit.framework.TestCase.runTest(TestCase.java:176)
	at junit.framework.TestCase.runBare(TestCase.java:141)
	at junit.framework.TestResult$1.protect(TestResult.java:122)
	at junit.framework.TestResult.runProtected(TestResult.java:142)
	at junit.framework.TestResult.run(TestResult.java:125)
	at junit.framework.TestCase.run(TestCase.java:129)
	at junit.framework.TestSuite.runTest(TestSuite.java:255)
	at junit.framework.TestSuite.run(TestSuite.java:250)
	at org.junit.internal.runners.JUnit38ClassRunner.run(JUnit38ClassRunner.java:84)
	at com.gzoltar.lib.instrumentation.testing.junit.a.call(Unknown Source)
	at java.util.concurrent.FutureTask.run(FutureTask.java:262)
	at java.util.concurrent.ThreadPoolExecutor.runWorker(ThreadPoolExecutor.java:1145)
	at java.util.concurrent.ThreadPoolExecutor$Worker.run(ThreadPoolExecutor.java:615)
	at java.lang.Thread.run(Thread.java:745)
[ERROR] Class not found
java.lang.ClassNotFoundException: com.google.javascript.jscomp.parsing.ParserConfig
	at java.lang.ClassLoader.findClass(ClassLoader.java:531)
	at java.lang.ClassLoader.loadClass(ClassLoader.java:425)
	at java.lang.ClassLoader.loadClass(ClassLoader.java:358)
	at com.gzoltar.lib.instrumentation.util.GZoltarClassLoader.loadClass(Unknown Source)
	at java.util.ResourceBundle$Control.newBundle(ResourceBundle.java:2566)
	at java.util.ResourceBundle.loadBundle(ResourceBundle.java:1436)
	at java.util.ResourceBundle.findBundle(ResourceBundle.java:1400)
	at java.util.ResourceBundle.findBundle(ResourceBundle.java:1354)
	at java.util.ResourceBundle.findBundle(ResourceBundle.java:1354)
	at java.util.ResourceBundle.getBundleImpl(ResourceBundle.java:1296)
	at java.util.ResourceBundle.getBundle(ResourceBundle.java:721)
	at com.google.javascript.jscomp.parsing.ParserRunner.initResourceConfig(ParserRunner.java:81)
	at com.google.javascript.jscomp.parsing.ParserRunner.createConfig(ParserRunner.java:64)
	at com.google.javascript.jscomp.Compiler.getParserConfig(Compiler.java:1910)
	at com.google.javascript.jscomp.JsAst.parse(JsAst.java:86)
	at com.google.javascript.jscomp.JsAst.getAstRoot(JsAst.java:52)
	at com.google.javascript.jscomp.CompilerInput.getAstRoot(CompilerInput.java:119)
	at com.google.javascript.jscomp.Compiler.parseInputs(Compiler.java:1233)
	at com.google.javascript.jscomp.Compiler.parse(Compiler.java:688)
	at com.google.javascript.jscomp.Compiler.compileInternal(Compiler.java:646)
	at com.google.javascript.jscomp.Compiler.access$000(Compiler.java:70)
	at com.google.javascript.jscomp.Compiler$1.call(Compiler.java:569)
	at com.google.javascript.jscomp.Compiler$1.call(Compiler.java:566)
	at com.google.javascript.jscomp.Compiler$2.run(Compiler.java:611)
	at java.lang.Thread.run(Thread.java:745)
[ERROR] Class not found
java.lang.ClassNotFoundException: com.google.javascript.jscomp.parsing.ParserConfig_en
	at java.lang.ClassLoader.findClass(ClassLoader.java:531)
	at java.lang.ClassLoader.loadClass(ClassLoader.java:425)
	at java.lang.ClassLoader.loadClass(ClassLoader.java:358)
	at com.gzoltar.lib.instrumentation.util.GZoltarClassLoader.loadClass(Unknown Source)
	at java.util.ResourceBundle$Control.newBundle(ResourceBundle.java:2566)
	at java.util.ResourceBundle.loadBundle(ResourceBundle.java:1436)
	at java.util.ResourceBundle.findBundle(ResourceBundle.java:1400)
	at java.util.ResourceBundle.findBundle(ResourceBundle.java:1354)
	at java.util.ResourceBundle.getBundleImpl(ResourceBundle.java:1296)
	at java.util.ResourceBundle.getBundle(ResourceBundle.java:721)
	at com.google.javascript.jscomp.parsing.ParserRunner.initResourceConfig(ParserRunner.java:81)
	at com.google.javascript.jscomp.parsing.ParserRunner.createConfig(ParserRunner.java:64)
	at com.google.javascript.jscomp.Compiler.getParserConfig(Compiler.java:1910)
	at com.google.javascript.jscomp.JsAst.parse(JsAst.java:86)
	at com.google.javascript.jscomp.JsAst.getAstRoot(JsAst.java:52)
	at com.google.javascript.jscomp.CompilerInput.getAstRoot(CompilerInput.java:119)
	at com.google.javascript.jscomp.Compiler.parseInputs(Compiler.java:1233)
	at com.google.javascript.jscomp.Compiler.parse(Compiler.java:688)
	at com.google.javascript.jscomp.Compiler.compileInternal(Compiler.java:646)
	at com.google.javascript.jscomp.Compiler.access$000(Compiler.java:70)
	at com.google.javascript.jscomp.Compiler$1.call(Compiler.java:569)
	at com.google.javascript.jscomp.Compiler$1.call(Compiler.java:566)
	at com.google.javascript.jscomp.Compiler$2.run(Compiler.java:611)
	at java.lang.Thread.run(Thread.java:745)
[ERROR] Class not found
java.lang.ClassNotFoundException: com.google.javascript.jscomp.parsing.ParserConfig_en_US
	at java.lang.ClassLoader.findClass(ClassLoader.java:531)
	at java.lang.ClassLoader.loadClass(ClassLoader.java:425)
	at java.lang.ClassLoader.loadClass(ClassLoader.java:358)
	at com.gzoltar.lib.instrumentation.util.GZoltarClassLoader.loadClass(Unknown Source)
	at java.util.ResourceBundle$Control.newBundle(ResourceBundle.java:2566)
	at java.util.ResourceBundle.loadBundle(ResourceBundle.java:1436)
	at java.util.ResourceBundle.findBundle(ResourceBundle.java:1400)
	at java.util.ResourceBundle.getBundleImpl(ResourceBundle.java:1296)
	at java.util.ResourceBundle.getBundle(ResourceBundle.java:721)
	at com.google.javascript.jscomp.parsing.ParserRunner.initResourceConfig(ParserRunner.java:81)
	at com.google.javascript.jscomp.parsing.ParserRunner.createConfig(ParserRunner.java:64)
	at com.google.javascript.jscomp.Compiler.getParserConfig(Compiler.java:1910)
	at com.google.javascript.jscomp.JsAst.parse(JsAst.java:86)
	at com.google.javascript.jscomp.JsAst.getAstRoot(JsAst.java:52)
	at com.google.javascript.jscomp.CompilerInput.getAstRoot(CompilerInput.java:119)
	at com.google.javascript.jscomp.Compiler.parseInputs(Compiler.java:1233)
	at com.google.javascript.jscomp.Compiler.parse(Compiler.java:688)
	at com.google.javascript.jscomp.Compiler.compileInternal(Compiler.java:646)
	at com.google.javascript.jscomp.Compiler.access$000(Compiler.java:70)
	at com.google.javascript.jscomp.Compiler$1.call(Compiler.java:569)
	at com.google.javascript.jscomp.Compiler$1.call(Compiler.java:566)
	at com.google.javascript.jscomp.Compiler$2.run(Compiler.java:611)
	at java.lang.Thread.run(Thread.java:745)
* Finished com.google.javascript.jscomp.CommandLineRunnerTest#testSourcePruningOn1
* Started com.google.javascript.jscomp.CommandLineRunnerTest#testSourcePruningOn2
* Finished com.google.javascript.jscomp.CommandLineRunnerTest#testSourcePruningOn2
* Started com.google.javascript.jscomp.CommandLineRunnerTest#testSourcePruningOn3
* Finished com.google.javascript.jscomp.CommandLineRunnerTest#testSourcePruningOn3
* Started com.google.javascript.jscomp.CommandLineRunnerTest#testSourcePruningOn4
* Finished com.google.javascript.jscomp.CommandLineRunnerTest#testSourcePruningOn4
* Started com.google.javascript.jscomp.CommandLineRunnerTest#testSourcePruningOn5
* Finished com.google.javascript.jscomp.CommandLineRunnerTest#testSourcePruningOn5
* Started com.google.javascript.jscomp.CommandLineRunnerTest#testSourcePruningOn6
* Finished com.google.javascript.jscomp.CommandLineRunnerTest#testSourcePruningOn6
* Started com.google.javascript.jscomp.CommandLineRunnerTest#testExternsLifting1
* Finished com.google.javascript.jscomp.CommandLineRunnerTest#testExternsLifting1
* Started com.google.javascript.jscomp.CommandLineRunnerTest#testExternsLifting2
* Finished com.google.javascript.jscomp.CommandLineRunnerTest#testExternsLifting2
* Started com.google.javascript.jscomp.CommandLineRunnerTest#testWarningGuardOrdering1
* Finished com.google.javascript.jscomp.CommandLineRunnerTest#testWarningGuardOrdering1
* Started com.google.javascript.jscomp.CommandLineRunnerTest#testWarningGuardOrdering2
* Finished com.google.javascript.jscomp.CommandLineRunnerTest#testWarningGuardOrdering2
* Started com.google.javascript.jscomp.CommandLineRunnerTest#testWarningGuardOrdering3
* Finished com.google.javascript.jscomp.CommandLineRunnerTest#testWarningGuardOrdering3
* Started com.google.javascript.jscomp.CommandLineRunnerTest#testWarningGuardOrdering4
* Finished com.google.javascript.jscomp.CommandLineRunnerTest#testWarningGuardOrdering4
* Started com.google.javascript.jscomp.CommandLineRunnerTest#testSourceMapFormat1
* Finished com.google.javascript.jscomp.CommandLineRunnerTest#testSourceMapFormat1
* Started com.google.javascript.jscomp.CommandLineRunnerTest#testSourceMapFormat2
* Finished com.google.javascript.jscomp.CommandLineRunnerTest#testSourceMapFormat2
* Started com.google.javascript.jscomp.CommandLineRunnerTest#testDefineFlag
* Finished com.google.javascript.jscomp.CommandLineRunnerTest#testDefineFlag
* Started com.google.javascript.jscomp.CommandLineRunnerTest#testHiddenSideEffect
* Finished com.google.javascript.jscomp.CommandLineRunnerTest#testHiddenSideEffect
* Started com.google.javascript.jscomp.CommandLineRunnerTest#testProcessClosurePrimitives
* Finished com.google.javascript.jscomp.CommandLineRunnerTest#testProcessClosurePrimitives
* Started com.google.javascript.jscomp.CommandLineRunnerTest#testSourceSortingOff
* Finished com.google.javascript.jscomp.CommandLineRunnerTest#testSourceSortingOff
* Started com.google.javascript.jscomp.CommandLineRunnerTest#testES5
* Finished com.google.javascript.jscomp.CommandLineRunnerTest#testES5
* Started com.google.javascript.jscomp.CommandLineRunnerTest#testCharSetExpansion
* Finished com.google.javascript.jscomp.CommandLineRunnerTest#testCharSetExpansion
* Started com.google.javascript.jscomp.CommandLineRunnerTest#testTypeParsingOnWithVerbose
* Finished com.google.javascript.jscomp.CommandLineRunnerTest#testTypeParsingOnWithVerbose
* Started com.google.javascript.jscomp.CommandLineRunnerTest#testChainModuleManifest
* Finished com.google.javascript.jscomp.CommandLineRunnerTest#testChainModuleManifest
* Started com.google.javascript.jscomp.CommandLineRunnerTest#testTransformAMDAndProcessCJS
* Finished com.google.javascript.jscomp.CommandLineRunnerTest#testTransformAMDAndProcessCJS
* Started com.google.javascript.jscomp.CommandLineRunnerTest#testFunctionStrictModeNoWarning
* Finished com.google.javascript.jscomp.CommandLineRunnerTest#testFunctionStrictModeNoWarning
* Started com.google.javascript.jscomp.CommandLineRunnerTest#testForwardDeclareDroppedTypes
* Finished com.google.javascript.jscomp.CommandLineRunnerTest#testForwardDeclareDroppedTypes
* Started com.google.javascript.jscomp.CommandLineRunnerTest#testSourceMapExpansion1
* Finished com.google.javascript.jscomp.CommandLineRunnerTest#testSourceMapExpansion1
* Started com.google.javascript.jscomp.CommandLineRunnerTest#testSourceMapExpansion2
* Finished com.google.javascript.jscomp.CommandLineRunnerTest#testSourceMapExpansion2
* Started com.google.javascript.jscomp.CommandLineRunnerTest#testSourceMapExpansion3
* Finished com.google.javascript.jscomp.CommandLineRunnerTest#testSourceMapExpansion3
* Started com.google.javascript.jscomp.CommandLineRunnerTest#testNoSrCFilesWithManifest
* Finished com.google.javascript.jscomp.CommandLineRunnerTest#testNoSrCFilesWithManifest
* Started com.google.javascript.jscomp.CommandLineRunnerTest#testTransformAMD
* Finished com.google.javascript.jscomp.CommandLineRunnerTest#testTransformAMD
* Started com.google.javascript.jscomp.CommandLineRunnerTest#testGenerateExports
* Finished com.google.javascript.jscomp.CommandLineRunnerTest#testGenerateExports
* Started com.google.javascript.jscomp.CommandLineRunnerTest#testES5Strict
* Finished com.google.javascript.jscomp.CommandLineRunnerTest#testES5Strict
* Started com.google.javascript.jscomp.CommandLineRunnerTest#testMissingReturnCheckOnWithVerbose
* Finished com.google.javascript.jscomp.CommandLineRunnerTest#testMissingReturnCheckOnWithVerbose
* Started com.google.javascript.jscomp.CommandLineRunnerTest#testGetMsgWiring
* Finished com.google.javascript.jscomp.CommandLineRunnerTest#testGetMsgWiring
* Started com.google.javascript.jscomp.CommandLineRunnerTest#testProcessCJS
* Finished com.google.javascript.jscomp.CommandLineRunnerTest#testProcessCJS
* Started com.google.javascript.jscomp.CommandLineRunnerTest#testStarModuleManifest
* Finished com.google.javascript.jscomp.CommandLineRunnerTest#testStarModuleManifest
* Started com.google.javascript.jscomp.CommandLineRunnerTest#testTypeCheckOverride1
* Finished com.google.javascript.jscomp.CommandLineRunnerTest#testTypeCheckOverride1
* Started com.google.javascript.jscomp.CommandLineRunnerTest#testTypeCheckOverride2
* Finished com.google.javascript.jscomp.CommandLineRunnerTest#testTypeCheckOverride2
* Started com.google.javascript.jscomp.CommandLineRunnerTest#testHelpFlag
* Finished com.google.javascript.jscomp.CommandLineRunnerTest#testHelpFlag
* Started com.google.javascript.jscomp.CommandLineRunnerTest#testBooleanFlag1
* Finished com.google.javascript.jscomp.CommandLineRunnerTest#testBooleanFlag1
* Started com.google.javascript.jscomp.CommandLineRunnerTest#testBooleanFlag2
* Finished com.google.javascript.jscomp.CommandLineRunnerTest#testBooleanFlag2
* Started com.google.javascript.jscomp.CommandLineRunnerTest#testCheckSymbolsOffForDefault
* Finished com.google.javascript.jscomp.CommandLineRunnerTest#testCheckSymbolsOffForDefault
* Started com.google.javascript.jscomp.CommandLineRunnerTest#testSourceSortingCircularDeps1
* Finished com.google.javascript.jscomp.CommandLineRunnerTest#testSourceSortingCircularDeps1
* Started com.google.javascript.jscomp.CommandLineRunnerTest#testSourceSortingCircularDeps2
* Finished com.google.javascript.jscomp.CommandLineRunnerTest#testSourceSortingCircularDeps2
* Started com.google.javascript.jscomp.CommandLineRunnerTest#testVersionFlag
Closure Compiler (http://code.google.com/closure/compiler)
Version: Unversioned directory
Built on: 2019/08/26 08:18
* Finished com.google.javascript.jscomp.CommandLineRunnerTest#testVersionFlag
* Started com.google.javascript.jscomp.CommandLineRunnerTest#testCheckGlobalThisOnWithErrorFlag
* Finished com.google.javascript.jscomp.CommandLineRunnerTest#testCheckGlobalThisOnWithErrorFlag
* Started com.google.javascript.jscomp.CommandLineRunnerTest#testModuleWrapperBaseNameExpansion
* Finished com.google.javascript.jscomp.CommandLineRunnerTest#testModuleWrapperBaseNameExpansion
* Started com.google.javascript.jscomp.CommandLineRunnerTest#testTypeParsingOffByDefault
* Finished com.google.javascript.jscomp.CommandLineRunnerTest#testTypeParsingOffByDefault
* Started com.google.javascript.jscomp.CommandLineRunnerTest#testScriptStrictModeNoWarning
* Finished com.google.javascript.jscomp.CommandLineRunnerTest#testScriptStrictModeNoWarning
* Started com.google.javascript.jscomp.CommandLineRunnerTest#testCheckGlobalThisOff
* Finished com.google.javascript.jscomp.CommandLineRunnerTest#testCheckGlobalThisOff
* Started com.google.javascript.jscomp.CommandLineRunnerTest#testDuplicateParams
* Finished com.google.javascript.jscomp.CommandLineRunnerTest#testDuplicateParams
* Started com.google.javascript.jscomp.CommandLineRunnerTest#testPrintAstFlag
* Finished com.google.javascript.jscomp.CommandLineRunnerTest#testPrintAstFlag
* Started com.google.javascript.jscomp.CommandLineRunnerTest#testSourceSortingOn
* Finished com.google.javascript.jscomp.CommandLineRunnerTest#testSourceSortingOn
* Started com.google.javascript.jscomp.CommandLineRunnerTest#testDepreciationWithVerbose
* Finished com.google.javascript.jscomp.CommandLineRunnerTest#testDepreciationWithVerbose
* Started com.google.javascript.jscomp.CommandLineRunnerTest#testCheckSymbolsOnForVerbose
* Finished com.google.javascript.jscomp.CommandLineRunnerTest#testCheckSymbolsOnForVerbose
* Started com.google.javascript.jscomp.CommandLineRunnerTest#testWithKeywordDefault
* Finished com.google.javascript.jscomp.CommandLineRunnerTest#testWithKeywordDefault
* Started com.google.javascript.jscomp.CommandLineRunnerTest#testTypeCheckingOnWithVerbose
* Finished com.google.javascript.jscomp.CommandLineRunnerTest#testTypeCheckingOnWithVerbose
* Started com.google.javascript.jscomp.CommandLineRunnerTest#testGoogAssertStripping
* Finished com.google.javascript.jscomp.CommandLineRunnerTest#testGoogAssertStripping
* Started com.google.javascript.jscomp.CommandLineRunnerTest#testIssue601b
* Finished com.google.javascript.jscomp.CommandLineRunnerTest#testIssue601b
* Started com.google.javascript.jscomp.CommandLineRunnerTest#testIssue601c
* Finished com.google.javascript.jscomp.CommandLineRunnerTest#testIssue601c
* Started com.google.javascript.jscomp.CommandLineRunnerTest#testVersionFlag2
[ERROR] Class not found
java.lang.ClassNotFoundException: org.kohsuke.args4j.Messages_en
	at java.lang.ClassLoader.findClass(ClassLoader.java:531)
	at java.lang.ClassLoader.loadClass(ClassLoader.java:425)
	at java.lang.ClassLoader.loadClass(ClassLoader.java:358)
	at com.gzoltar.lib.instrumentation.util.GZoltarClassLoader.loadClass(Unknown Source)
	at java.util.ResourceBundle$Control.newBundle(ResourceBundle.java:2566)
	at java.util.ResourceBundle.loadBundle(ResourceBundle.java:1436)
	at java.util.ResourceBundle.findBundle(ResourceBundle.java:1400)
	at java.util.ResourceBundle.findBundle(ResourceBundle.java:1354)
	at java.util.ResourceBundle.getBundleImpl(ResourceBundle.java:1296)
	at java.util.ResourceBundle.getBundle(ResourceBundle.java:721)
	at org.kohsuke.args4j.Messages.format(Messages.java:25)
	at org.kohsuke.args4j.CmdLineParser$CmdLineImpl.getParameter(CmdLineParser.java:401)
	at com.google.javascript.jscomp.CommandLineRunner$Flags$BooleanOptionHandler.parseArguments(CommandLineRunner.java:439)
	at org.kohsuke.args4j.CmdLineParser.parseArgument(CmdLineParser.java:451)
	at com.google.javascript.jscomp.CommandLineRunner.initConfigFromFlags(CommandLineRunner.java:626)
	at com.google.javascript.jscomp.CommandLineRunner.<init>(CommandLineRunner.java:561)
	at com.google.javascript.jscomp.CommandLineRunnerTest.createCommandLineRunner(CommandLineRunnerTest.java:1043)
	at com.google.javascript.jscomp.CommandLineRunnerTest.compile(CommandLineRunnerTest.java:1050)
	at com.google.javascript.jscomp.CommandLineRunnerTest.test(CommandLineRunnerTest.java:966)
	at com.google.javascript.jscomp.CommandLineRunnerTest.test(CommandLineRunnerTest.java:955)
	at com.google.javascript.jscomp.CommandLineRunnerTest.testSame(CommandLineRunnerTest.java:943)
	at com.google.javascript.jscomp.CommandLineRunnerTest.testSame(CommandLineRunnerTest.java:939)
	at com.google.javascript.jscomp.CommandLineRunnerTest.testVersionFlag2(CommandLineRunnerTest.java:774)
	at sun.reflect.NativeMethodAccessorImpl.invoke0(Native Method)
	at sun.reflect.NativeMethodAccessorImpl.invoke(NativeMethodAccessorImpl.java:57)
	at sun.reflect.DelegatingMethodAccessorImpl.invoke(DelegatingMethodAccessorImpl.java:43)
	at java.lang.reflect.Method.invoke(Method.java:606)
	at junit.framework.TestCase.runTest(TestCase.java:176)
	at junit.framework.TestCase.runBare(TestCase.java:141)
	at junit.framework.TestResult$1.protect(TestResult.java:122)
	at junit.framework.TestResult.runProtected(TestResult.java:142)
	at junit.framework.TestResult.run(TestResult.java:125)
	at junit.framework.TestCase.run(TestCase.java:129)
	at junit.framework.TestSuite.runTest(TestSuite.java:255)
	at junit.framework.TestSuite.run(TestSuite.java:250)
	at org.junit.internal.runners.JUnit38ClassRunner.run(JUnit38ClassRunner.java:84)
	at com.gzoltar.lib.instrumentation.testing.junit.a.call(Unknown Source)
	at java.util.concurrent.FutureTask.run(FutureTask.java:262)
	at java.util.concurrent.ThreadPoolExecutor.runWorker(ThreadPoolExecutor.java:1145)
	at java.util.concurrent.ThreadPoolExecutor$Worker.run(ThreadPoolExecutor.java:615)
	at java.lang.Thread.run(Thread.java:745)
[ERROR] Class not found
java.lang.ClassNotFoundException: org.kohsuke.args4j.Messages_en_US
	at java.lang.ClassLoader.findClass(ClassLoader.java:531)
	at java.lang.ClassLoader.loadClass(ClassLoader.java:425)
	at java.lang.ClassLoader.loadClass(ClassLoader.java:358)
	at com.gzoltar.lib.instrumentation.util.GZoltarClassLoader.loadClass(Unknown Source)
	at java.util.ResourceBundle$Control.newBundle(ResourceBundle.java:2566)
	at java.util.ResourceBundle.loadBundle(ResourceBundle.java:1436)
	at java.util.ResourceBundle.findBundle(ResourceBundle.java:1400)
	at java.util.ResourceBundle.getBundleImpl(ResourceBundle.java:1296)
	at java.util.ResourceBundle.getBundle(ResourceBundle.java:721)
	at org.kohsuke.args4j.Messages.format(Messages.java:25)
	at org.kohsuke.args4j.CmdLineParser$CmdLineImpl.getParameter(CmdLineParser.java:401)
	at com.google.javascript.jscomp.CommandLineRunner$Flags$BooleanOptionHandler.parseArguments(CommandLineRunner.java:439)
	at org.kohsuke.args4j.CmdLineParser.parseArgument(CmdLineParser.java:451)
	at com.google.javascript.jscomp.CommandLineRunner.initConfigFromFlags(CommandLineRunner.java:626)
	at com.google.javascript.jscomp.CommandLineRunner.<init>(CommandLineRunner.java:561)
	at com.google.javascript.jscomp.CommandLineRunnerTest.createCommandLineRunner(CommandLineRunnerTest.java:1043)
	at com.google.javascript.jscomp.CommandLineRunnerTest.compile(CommandLineRunnerTest.java:1050)
	at com.google.javascript.jscomp.CommandLineRunnerTest.test(CommandLineRunnerTest.java:966)
	at com.google.javascript.jscomp.CommandLineRunnerTest.test(CommandLineRunnerTest.java:955)
	at com.google.javascript.jscomp.CommandLineRunnerTest.testSame(CommandLineRunnerTest.java:943)
	at com.google.javascript.jscomp.CommandLineRunnerTest.testSame(CommandLineRunnerTest.java:939)
	at com.google.javascript.jscomp.CommandLineRunnerTest.testVersionFlag2(CommandLineRunnerTest.java:774)
	at sun.reflect.NativeMethodAccessorImpl.invoke0(Native Method)
	at sun.reflect.NativeMethodAccessorImpl.invoke(NativeMethodAccessorImpl.java:57)
	at sun.reflect.DelegatingMethodAccessorImpl.invoke(DelegatingMethodAccessorImpl.java:43)
	at java.lang.reflect.Method.invoke(Method.java:606)
	at junit.framework.TestCase.runTest(TestCase.java:176)
	at junit.framework.TestCase.runBare(TestCase.java:141)
	at junit.framework.TestResult$1.protect(TestResult.java:122)
	at junit.framework.TestResult.runProtected(TestResult.java:142)
	at junit.framework.TestResult.run(TestResult.java:125)
	at junit.framework.TestCase.run(TestCase.java:129)
	at junit.framework.TestSuite.runTest(TestSuite.java:255)
	at junit.framework.TestSuite.run(TestSuite.java:250)
	at org.junit.internal.runners.JUnit38ClassRunner.run(JUnit38ClassRunner.java:84)
	at com.gzoltar.lib.instrumentation.testing.junit.a.call(Unknown Source)
	at java.util.concurrent.FutureTask.run(FutureTask.java:262)
	at java.util.concurrent.ThreadPoolExecutor.runWorker(ThreadPoolExecutor.java:1145)
	at java.util.concurrent.ThreadPoolExecutor$Worker.run(ThreadPoolExecutor.java:615)
	at java.lang.Thread.run(Thread.java:745)
Closure Compiler (http://code.google.com/closure/compiler)
Version: Unversioned directory
Built on: 2019/08/26 08:18
* Finished com.google.javascript.jscomp.CommandLineRunnerTest#testVersionFlag2
* Started com.google.javascript.jscomp.CommandLineRunnerTest#testTypeCheckingOffByDefault
* Finished com.google.javascript.jscomp.CommandLineRunnerTest#testTypeCheckingOffByDefault
* Started com.google.javascript.jscomp.CommandLineRunnerTest#testReflectedMethods
* Finished com.google.javascript.jscomp.CommandLineRunnerTest#testReflectedMethods
* Started com.google.javascript.jscomp.CommandLineRunnerTest#testCheckGlobalThisOnWithAdvancedMode
* Finished com.google.javascript.jscomp.CommandLineRunnerTest#testCheckGlobalThisOnWithAdvancedMode
* Started com.google.javascript.jscomp.CommandLineRunnerTest#testES5StrictUseStrictMultipleInputs
* Finished com.google.javascript.jscomp.CommandLineRunnerTest#testES5StrictUseStrictMultipleInputs
* Started com.google.javascript.jscomp.CommandLineRunnerTest#testES3ByDefault
* Finished com.google.javascript.jscomp.CommandLineRunnerTest#testES3ByDefault
* Started com.google.javascript.jscomp.CommandLineRunnerTest#testSyntheticExterns
* Finished com.google.javascript.jscomp.CommandLineRunnerTest#testSyntheticExterns
* Started com.google.javascript.jscomp.CommandLineRunnerTest#testIssue115
* Finished com.google.javascript.jscomp.CommandLineRunnerTest#testIssue115
* Started com.google.javascript.jscomp.CommandLineRunnerTest#testIssue297
* Finished com.google.javascript.jscomp.CommandLineRunnerTest#testIssue297
* Started com.google.javascript.jscomp.CommandLineRunnerTest#testIssue504
* Finished com.google.javascript.jscomp.CommandLineRunnerTest#testIssue504
* Started com.google.javascript.jscomp.CommandLineRunnerTest#testIssue601
* Finished com.google.javascript.jscomp.CommandLineRunnerTest#testIssue601
* Started com.google.javascript.jscomp.CommandLineRunnerTest#testCheckUndefinedProperties1
* Finished com.google.javascript.jscomp.CommandLineRunnerTest#testCheckUndefinedProperties1
* Started com.google.javascript.jscomp.CommandLineRunnerTest#testCheckUndefinedProperties2
* Finished com.google.javascript.jscomp.CommandLineRunnerTest#testCheckUndefinedProperties2
* Started com.google.javascript.jscomp.CommandLineRunnerTest#testCheckUndefinedProperties3
* Finished com.google.javascript.jscomp.CommandLineRunnerTest#testCheckUndefinedProperties3
* Started com.google.javascript.jscomp.CommandLineRunnerTest#testCssNameWiring
* Finished com.google.javascript.jscomp.CommandLineRunnerTest#testCssNameWiring
* Started com.google.javascript.jscomp.CommandLineRunnerTest#testCheckSymbolsOverrideForVerbose
* Finished com.google.javascript.jscomp.CommandLineRunnerTest#testCheckSymbolsOverrideForVerbose
* Started com.google.javascript.jscomp.CommandLineRunnerTest#testCheckSymbolsOverrideForQuiet
* Finished com.google.javascript.jscomp.CommandLineRunnerTest#testCheckSymbolsOverrideForQuiet
* Started com.google.javascript.jscomp.CommandLineRunnerTest#testTwoParseErrors
* Finished com.google.javascript.jscomp.CommandLineRunnerTest#testTwoParseErrors
* Started com.google.javascript.jscomp.CommandLineRunnerTest#testIssue70
* Finished com.google.javascript.jscomp.CommandLineRunnerTest#testIssue70
* Started com.google.javascript.jscomp.CommandLineRunnerTest#testIssue81
* Finished com.google.javascript.jscomp.CommandLineRunnerTest#testIssue81
* Started com.google.javascript.jscomp.CommandLineRunnerTest#testDebugFlag1
* Finished com.google.javascript.jscomp.CommandLineRunnerTest#testDebugFlag1
* Started com.google.javascript.jscomp.CommandLineRunnerTest#testDebugFlag2
* Finished com.google.javascript.jscomp.CommandLineRunnerTest#testDebugFlag2
* Started com.google.javascript.jscomp.CommandLineRunnerTest#testDebugFlag3
* Finished com.google.javascript.jscomp.CommandLineRunnerTest#testDebugFlag3
* Started com.google.javascript.jscomp.CommandLineRunnerTest#testDebugFlag4
* Finished com.google.javascript.jscomp.CommandLineRunnerTest#testDebugFlag4
* Started com.google.javascript.jscomp.CommandLineRunnerTest#testWithKeywordWithEs5ChecksOff
* Finished com.google.javascript.jscomp.CommandLineRunnerTest#testWithKeywordWithEs5ChecksOff
* Started com.google.javascript.jscomp.CommandLineRunnerTest#testES5StrictUseStrict
* Finished com.google.javascript.jscomp.CommandLineRunnerTest#testES5StrictUseStrict
* Started com.google.javascript.jscomp.CommandLineRunnerTest#testQuietMode
* Finished com.google.javascript.jscomp.CommandLineRunnerTest#testQuietMode
* Started com.google.javascript.jscomp.CommandLineRunnerTest#testDefineFlag2
* Finished com.google.javascript.jscomp.CommandLineRunnerTest#testDefineFlag2
* Started com.google.javascript.jscomp.CommandLineRunnerTest#testDefineFlag3
* Finished com.google.javascript.jscomp.CommandLineRunnerTest#testDefineFlag3
* Started com.google.javascript.jscomp.CommandLineRunnerTest#testCheckGlobalThisOffByDefault
* Finished com.google.javascript.jscomp.CommandLineRunnerTest#testCheckGlobalThisOffByDefault
* Started com.google.javascript.jscomp.IntegrationTest#testFlowSensitiveInlineVariables1
[ERROR] Class not found
java.lang.ClassNotFoundException: rhino_ast.java.com.google.javascript.rhino.Messages
	at java.lang.ClassLoader.findClass(ClassLoader.java:531)
	at java.lang.ClassLoader.loadClass(ClassLoader.java:425)
	at java.lang.ClassLoader.loadClass(ClassLoader.java:358)
	at com.gzoltar.lib.instrumentation.util.GZoltarClassLoader.loadClass(Unknown Source)
	at java.util.ResourceBundle$Control.newBundle(ResourceBundle.java:2566)
	at java.util.ResourceBundle.loadBundle(ResourceBundle.java:1436)
	at java.util.ResourceBundle.findBundle(ResourceBundle.java:1400)
	at java.util.ResourceBundle.findBundle(ResourceBundle.java:1354)
	at java.util.ResourceBundle.findBundle(ResourceBundle.java:1354)
	at java.util.ResourceBundle.getBundleImpl(ResourceBundle.java:1296)
	at java.util.ResourceBundle.getBundle(ResourceBundle.java:795)
	at com.google.javascript.rhino.ScriptRuntime.getMessage(ScriptRuntime.java:386)
	at com.google.javascript.rhino.ScriptRuntime.getMessage0(ScriptRuntime.java:367)
	at com.google.javascript.jscomp.RhinoErrorReporter.<init>(RhinoErrorReporter.java:74)
	at com.google.javascript.jscomp.RhinoErrorReporter.<init>(RhinoErrorReporter.java:32)
	at com.google.javascript.jscomp.RhinoErrorReporter$OldRhinoErrorReporter.<init>(RhinoErrorReporter.java:143)
	at com.google.javascript.jscomp.RhinoErrorReporter$OldRhinoErrorReporter.<init>(RhinoErrorReporter.java:139)
	at com.google.javascript.jscomp.RhinoErrorReporter.forOldRhino(RhinoErrorReporter.java:108)
	at com.google.javascript.jscomp.Compiler.<init>(Compiler.java:151)
	at com.google.javascript.jscomp.Compiler.<init>(Compiler.java:185)
	at com.google.javascript.jscomp.IntegrationTest.compile(IntegrationTest.java:2041)
	at com.google.javascript.jscomp.IntegrationTest.test(IntegrationTest.java:1960)
	at com.google.javascript.jscomp.IntegrationTest.testSame(IntegrationTest.java:1942)
	at com.google.javascript.jscomp.IntegrationTest.testSame(IntegrationTest.java:1938)
	at com.google.javascript.jscomp.IntegrationTest.testFlowSensitiveInlineVariables1(IntegrationTest.java:1062)
	at sun.reflect.NativeMethodAccessorImpl.invoke0(Native Method)
	at sun.reflect.NativeMethodAccessorImpl.invoke(NativeMethodAccessorImpl.java:57)
	at sun.reflect.DelegatingMethodAccessorImpl.invoke(DelegatingMethodAccessorImpl.java:43)
	at java.lang.reflect.Method.invoke(Method.java:606)
	at junit.framework.TestCase.runTest(TestCase.java:176)
	at junit.framework.TestCase.runBare(TestCase.java:141)
	at junit.framework.TestResult$1.protect(TestResult.java:122)
	at junit.framework.TestResult.runProtected(TestResult.java:142)
	at junit.framework.TestResult.run(TestResult.java:125)
	at junit.framework.TestCase.run(TestCase.java:129)
	at junit.framework.TestSuite.runTest(TestSuite.java:255)
	at junit.framework.TestSuite.run(TestSuite.java:250)
	at org.junit.internal.runners.JUnit38ClassRunner.run(JUnit38ClassRunner.java:84)
	at com.gzoltar.lib.instrumentation.testing.junit.a.call(Unknown Source)
	at java.util.concurrent.FutureTask.run(FutureTask.java:262)
	at java.util.concurrent.ThreadPoolExecutor.runWorker(ThreadPoolExecutor.java:1145)
	at java.util.concurrent.ThreadPoolExecutor$Worker.run(ThreadPoolExecutor.java:615)
	at java.lang.Thread.run(Thread.java:745)
[ERROR] Class not found
java.lang.ClassNotFoundException: rhino_ast.java.com.google.javascript.rhino.Messages_en
	at java.lang.ClassLoader.findClass(ClassLoader.java:531)
	at java.lang.ClassLoader.loadClass(ClassLoader.java:425)
	at java.lang.ClassLoader.loadClass(ClassLoader.java:358)
	at com.gzoltar.lib.instrumentation.util.GZoltarClassLoader.loadClass(Unknown Source)
	at java.util.ResourceBundle$Control.newBundle(ResourceBundle.java:2566)
	at java.util.ResourceBundle.loadBundle(ResourceBundle.java:1436)
	at java.util.ResourceBundle.findBundle(ResourceBundle.java:1400)
	at java.util.ResourceBundle.findBundle(ResourceBundle.java:1354)
	at java.util.ResourceBundle.getBundleImpl(ResourceBundle.java:1296)
	at java.util.ResourceBundle.getBundle(ResourceBundle.java:795)
	at com.google.javascript.rhino.ScriptRuntime.getMessage(ScriptRuntime.java:386)
	at com.google.javascript.rhino.ScriptRuntime.getMessage0(ScriptRuntime.java:367)
	at com.google.javascript.jscomp.RhinoErrorReporter.<init>(RhinoErrorReporter.java:74)
	at com.google.javascript.jscomp.RhinoErrorReporter.<init>(RhinoErrorReporter.java:32)
	at com.google.javascript.jscomp.RhinoErrorReporter$OldRhinoErrorReporter.<init>(RhinoErrorReporter.java:143)
	at com.google.javascript.jscomp.RhinoErrorReporter$OldRhinoErrorReporter.<init>(RhinoErrorReporter.java:139)
	at com.google.javascript.jscomp.RhinoErrorReporter.forOldRhino(RhinoErrorReporter.java:108)
	at com.google.javascript.jscomp.Compiler.<init>(Compiler.java:151)
	at com.google.javascript.jscomp.Compiler.<init>(Compiler.java:185)
	at com.google.javascript.jscomp.IntegrationTest.compile(IntegrationTest.java:2041)
	at com.google.javascript.jscomp.IntegrationTest.test(IntegrationTest.java:1960)
	at com.google.javascript.jscomp.IntegrationTest.testSame(IntegrationTest.java:1942)
	at com.google.javascript.jscomp.IntegrationTest.testSame(IntegrationTest.java:1938)
	at com.google.javascript.jscomp.IntegrationTest.testFlowSensitiveInlineVariables1(IntegrationTest.java:1062)
	at sun.reflect.NativeMethodAccessorImpl.invoke0(Native Method)
	at sun.reflect.NativeMethodAccessorImpl.invoke(NativeMethodAccessorImpl.java:57)
	at sun.reflect.DelegatingMethodAccessorImpl.invoke(DelegatingMethodAccessorImpl.java:43)
	at java.lang.reflect.Method.invoke(Method.java:606)
	at junit.framework.TestCase.runTest(TestCase.java:176)
	at junit.framework.TestCase.runBare(TestCase.java:141)
	at junit.framework.TestResult$1.protect(TestResult.java:122)
	at junit.framework.TestResult.runProtected(TestResult.java:142)
	at junit.framework.TestResult.run(TestResult.java:125)
	at junit.framework.TestCase.run(TestCase.java:129)
	at junit.framework.TestSuite.runTest(TestSuite.java:255)
	at junit.framework.TestSuite.run(TestSuite.java:250)
	at org.junit.internal.runners.JUnit38ClassRunner.run(JUnit38ClassRunner.java:84)
	at com.gzoltar.lib.instrumentation.testing.junit.a.call(Unknown Source)
	at java.util.concurrent.FutureTask.run(FutureTask.java:262)
	at java.util.concurrent.ThreadPoolExecutor.runWorker(ThreadPoolExecutor.java:1145)
	at java.util.concurrent.ThreadPoolExecutor$Worker.run(ThreadPoolExecutor.java:615)
	at java.lang.Thread.run(Thread.java:745)
[ERROR] Class not found
java.lang.ClassNotFoundException: rhino_ast.java.com.google.javascript.rhino.Messages_en_US
	at java.lang.ClassLoader.findClass(ClassLoader.java:531)
	at java.lang.ClassLoader.loadClass(ClassLoader.java:425)
	at java.lang.ClassLoader.loadClass(ClassLoader.java:358)
	at com.gzoltar.lib.instrumentation.util.GZoltarClassLoader.loadClass(Unknown Source)
	at java.util.ResourceBundle$Control.newBundle(ResourceBundle.java:2566)
	at java.util.ResourceBundle.loadBundle(ResourceBundle.java:1436)
	at java.util.ResourceBundle.findBundle(ResourceBundle.java:1400)
	at java.util.ResourceBundle.getBundleImpl(ResourceBundle.java:1296)
	at java.util.ResourceBundle.getBundle(ResourceBundle.java:795)
	at com.google.javascript.rhino.ScriptRuntime.getMessage(ScriptRuntime.java:386)
	at com.google.javascript.rhino.ScriptRuntime.getMessage0(ScriptRuntime.java:367)
	at com.google.javascript.jscomp.RhinoErrorReporter.<init>(RhinoErrorReporter.java:74)
	at com.google.javascript.jscomp.RhinoErrorReporter.<init>(RhinoErrorReporter.java:32)
	at com.google.javascript.jscomp.RhinoErrorReporter$OldRhinoErrorReporter.<init>(RhinoErrorReporter.java:143)
	at com.google.javascript.jscomp.RhinoErrorReporter$OldRhinoErrorReporter.<init>(RhinoErrorReporter.java:139)
	at com.google.javascript.jscomp.RhinoErrorReporter.forOldRhino(RhinoErrorReporter.java:108)
	at com.google.javascript.jscomp.Compiler.<init>(Compiler.java:151)
	at com.google.javascript.jscomp.Compiler.<init>(Compiler.java:185)
	at com.google.javascript.jscomp.IntegrationTest.compile(IntegrationTest.java:2041)
	at com.google.javascript.jscomp.IntegrationTest.test(IntegrationTest.java:1960)
	at com.google.javascript.jscomp.IntegrationTest.testSame(IntegrationTest.java:1942)
	at com.google.javascript.jscomp.IntegrationTest.testSame(IntegrationTest.java:1938)
	at com.google.javascript.jscomp.IntegrationTest.testFlowSensitiveInlineVariables1(IntegrationTest.java:1062)
	at sun.reflect.NativeMethodAccessorImpl.invoke0(Native Method)
	at sun.reflect.NativeMethodAccessorImpl.invoke(NativeMethodAccessorImpl.java:57)
	at sun.reflect.DelegatingMethodAccessorImpl.invoke(DelegatingMethodAccessorImpl.java:43)
	at java.lang.reflect.Method.invoke(Method.java:606)
	at junit.framework.TestCase.runTest(TestCase.java:176)
	at junit.framework.TestCase.runBare(TestCase.java:141)
	at junit.framework.TestResult$1.protect(TestResult.java:122)
	at junit.framework.TestResult.runProtected(TestResult.java:142)
	at junit.framework.TestResult.run(TestResult.java:125)
	at junit.framework.TestCase.run(TestCase.java:129)
	at junit.framework.TestSuite.runTest(TestSuite.java:255)
	at junit.framework.TestSuite.run(TestSuite.java:250)
	at org.junit.internal.runners.JUnit38ClassRunner.run(JUnit38ClassRunner.java:84)
	at com.gzoltar.lib.instrumentation.testing.junit.a.call(Unknown Source)
	at java.util.concurrent.FutureTask.run(FutureTask.java:262)
	at java.util.concurrent.ThreadPoolExecutor.runWorker(ThreadPoolExecutor.java:1145)
	at java.util.concurrent.ThreadPoolExecutor$Worker.run(ThreadPoolExecutor.java:615)
	at java.lang.Thread.run(Thread.java:745)
[ERROR] Class not found
java.lang.ClassNotFoundException: com.google.javascript.rhino.head.VMBridge_custom
	at java.lang.ClassLoader.findClass(ClassLoader.java:531)
	at java.lang.ClassLoader.loadClass(ClassLoader.java:425)
	at java.lang.ClassLoader.loadClass(ClassLoader.java:358)
	at com.gzoltar.lib.instrumentation.util.GZoltarClassLoader.loadClass(Unknown Source)
	at java.lang.Class.forName0(Native Method)
	at java.lang.Class.forName(Class.java:195)
	at com.google.javascript.rhino.head.Kit.classOrNull(Kit.java:74)
	at com.google.javascript.rhino.head.VMBridge.makeInstance(VMBridge.java:61)
	at com.google.javascript.rhino.head.VMBridge.<clinit>(VMBridge.java:49)
	at com.google.javascript.rhino.head.Context.getCurrentContext(Context.java:376)
	at com.google.javascript.rhino.head.ScriptRuntime$DefaultMessageProvider.getMessage(ScriptRuntime.java:3674)
	at com.google.javascript.rhino.head.ScriptRuntime.getMessage(ScriptRuntime.java:3662)
	at com.google.javascript.rhino.head.ScriptRuntime.getMessage0(ScriptRuntime.java:3611)
	at com.google.javascript.jscomp.RhinoErrorReporter.<init>(RhinoErrorReporter.java:74)
	at com.google.javascript.jscomp.RhinoErrorReporter.<init>(RhinoErrorReporter.java:32)
	at com.google.javascript.jscomp.RhinoErrorReporter$OldRhinoErrorReporter.<init>(RhinoErrorReporter.java:143)
	at com.google.javascript.jscomp.RhinoErrorReporter$OldRhinoErrorReporter.<init>(RhinoErrorReporter.java:139)
	at com.google.javascript.jscomp.RhinoErrorReporter.forOldRhino(RhinoErrorReporter.java:108)
	at com.google.javascript.jscomp.Compiler.<init>(Compiler.java:151)
	at com.google.javascript.jscomp.Compiler.<init>(Compiler.java:185)
	at com.google.javascript.jscomp.IntegrationTest.compile(IntegrationTest.java:2041)
	at com.google.javascript.jscomp.IntegrationTest.test(IntegrationTest.java:1960)
	at com.google.javascript.jscomp.IntegrationTest.testSame(IntegrationTest.java:1942)
	at com.google.javascript.jscomp.IntegrationTest.testSame(IntegrationTest.java:1938)
	at com.google.javascript.jscomp.IntegrationTest.testFlowSensitiveInlineVariables1(IntegrationTest.java:1062)
	at sun.reflect.NativeMethodAccessorImpl.invoke0(Native Method)
	at sun.reflect.NativeMethodAccessorImpl.invoke(NativeMethodAccessorImpl.java:57)
	at sun.reflect.DelegatingMethodAccessorImpl.invoke(DelegatingMethodAccessorImpl.java:43)
	at java.lang.reflect.Method.invoke(Method.java:606)
	at junit.framework.TestCase.runTest(TestCase.java:176)
	at junit.framework.TestCase.runBare(TestCase.java:141)
	at junit.framework.TestResult$1.protect(TestResult.java:122)
	at junit.framework.TestResult.runProtected(TestResult.java:142)
	at junit.framework.TestResult.run(TestResult.java:125)
	at junit.framework.TestCase.run(TestCase.java:129)
	at junit.framework.TestSuite.runTest(TestSuite.java:255)
	at junit.framework.TestSuite.run(TestSuite.java:250)
	at org.junit.internal.runners.JUnit38ClassRunner.run(JUnit38ClassRunner.java:84)
	at com.gzoltar.lib.instrumentation.testing.junit.a.call(Unknown Source)
	at java.util.concurrent.FutureTask.run(FutureTask.java:262)
	at java.util.concurrent.ThreadPoolExecutor.runWorker(ThreadPoolExecutor.java:1145)
	at java.util.concurrent.ThreadPoolExecutor$Worker.run(ThreadPoolExecutor.java:615)
	at java.lang.Thread.run(Thread.java:745)
[ERROR] Class not found
java.lang.ClassNotFoundException: com.google.javascript.rhino.head.resources.Messages
	at java.lang.ClassLoader.findClass(ClassLoader.java:531)
	at java.lang.ClassLoader.loadClass(ClassLoader.java:425)
	at java.lang.ClassLoader.loadClass(ClassLoader.java:358)
	at com.gzoltar.lib.instrumentation.util.GZoltarClassLoader.loadClass(Unknown Source)
	at java.util.ResourceBundle$Control.newBundle(ResourceBundle.java:2566)
	at java.util.ResourceBundle.loadBundle(ResourceBundle.java:1436)
	at java.util.ResourceBundle.findBundle(ResourceBundle.java:1400)
	at java.util.ResourceBundle.findBundle(ResourceBundle.java:1354)
	at java.util.ResourceBundle.findBundle(ResourceBundle.java:1354)
	at java.util.ResourceBundle.getBundleImpl(ResourceBundle.java:1296)
	at java.util.ResourceBundle.getBundle(ResourceBundle.java:795)
	at com.google.javascript.rhino.head.ScriptRuntime$DefaultMessageProvider.getMessage(ScriptRuntime.java:3678)
	at com.google.javascript.rhino.head.ScriptRuntime.getMessage(ScriptRuntime.java:3662)
	at com.google.javascript.rhino.head.ScriptRuntime.getMessage0(ScriptRuntime.java:3611)
	at com.google.javascript.jscomp.RhinoErrorReporter.<init>(RhinoErrorReporter.java:74)
	at com.google.javascript.jscomp.RhinoErrorReporter.<init>(RhinoErrorReporter.java:32)
	at com.google.javascript.jscomp.RhinoErrorReporter$OldRhinoErrorReporter.<init>(RhinoErrorReporter.java:143)
	at com.google.javascript.jscomp.RhinoErrorReporter$OldRhinoErrorReporter.<init>(RhinoErrorReporter.java:139)
	at com.google.javascript.jscomp.RhinoErrorReporter.forOldRhino(RhinoErrorReporter.java:108)
	at com.google.javascript.jscomp.Compiler.<init>(Compiler.java:151)
	at com.google.javascript.jscomp.Compiler.<init>(Compiler.java:185)
	at com.google.javascript.jscomp.IntegrationTest.compile(IntegrationTest.java:2041)
	at com.google.javascript.jscomp.IntegrationTest.test(IntegrationTest.java:1960)
	at com.google.javascript.jscomp.IntegrationTest.testSame(IntegrationTest.java:1942)
	at com.google.javascript.jscomp.IntegrationTest.testSame(IntegrationTest.java:1938)
	at com.google.javascript.jscomp.IntegrationTest.testFlowSensitiveInlineVariables1(IntegrationTest.java:1062)
	at sun.reflect.NativeMethodAccessorImpl.invoke0(Native Method)
	at sun.reflect.NativeMethodAccessorImpl.invoke(NativeMethodAccessorImpl.java:57)
	at sun.reflect.DelegatingMethodAccessorImpl.invoke(DelegatingMethodAccessorImpl.java:43)
	at java.lang.reflect.Method.invoke(Method.java:606)
	at junit.framework.TestCase.runTest(TestCase.java:176)
	at junit.framework.TestCase.runBare(TestCase.java:141)
	at junit.framework.TestResult$1.protect(TestResult.java:122)
	at junit.framework.TestResult.runProtected(TestResult.java:142)
	at junit.framework.TestResult.run(TestResult.java:125)
	at junit.framework.TestCase.run(TestCase.java:129)
	at junit.framework.TestSuite.runTest(TestSuite.java:255)
	at junit.framework.TestSuite.run(TestSuite.java:250)
	at org.junit.internal.runners.JUnit38ClassRunner.run(JUnit38ClassRunner.java:84)
	at com.gzoltar.lib.instrumentation.testing.junit.a.call(Unknown Source)
	at java.util.concurrent.FutureTask.run(FutureTask.java:262)
	at java.util.concurrent.ThreadPoolExecutor.runWorker(ThreadPoolExecutor.java:1145)
	at java.util.concurrent.ThreadPoolExecutor$Worker.run(ThreadPoolExecutor.java:615)
	at java.lang.Thread.run(Thread.java:745)
[ERROR] Class not found
java.lang.ClassNotFoundException: com.google.javascript.rhino.head.resources.Messages_en
	at java.lang.ClassLoader.findClass(ClassLoader.java:531)
	at java.lang.ClassLoader.loadClass(ClassLoader.java:425)
	at java.lang.ClassLoader.loadClass(ClassLoader.java:358)
	at com.gzoltar.lib.instrumentation.util.GZoltarClassLoader.loadClass(Unknown Source)
	at java.util.ResourceBundle$Control.newBundle(ResourceBundle.java:2566)
	at java.util.ResourceBundle.loadBundle(ResourceBundle.java:1436)
	at java.util.ResourceBundle.findBundle(ResourceBundle.java:1400)
	at java.util.ResourceBundle.findBundle(ResourceBundle.java:1354)
	at java.util.ResourceBundle.getBundleImpl(ResourceBundle.java:1296)
	at java.util.ResourceBundle.getBundle(ResourceBundle.java:795)
	at com.google.javascript.rhino.head.ScriptRuntime$DefaultMessageProvider.getMessage(ScriptRuntime.java:3678)
	at com.google.javascript.rhino.head.ScriptRuntime.getMessage(ScriptRuntime.java:3662)
	at com.google.javascript.rhino.head.ScriptRuntime.getMessage0(ScriptRuntime.java:3611)
	at com.google.javascript.jscomp.RhinoErrorReporter.<init>(RhinoErrorReporter.java:74)
	at com.google.javascript.jscomp.RhinoErrorReporter.<init>(RhinoErrorReporter.java:32)
	at com.google.javascript.jscomp.RhinoErrorReporter$OldRhinoErrorReporter.<init>(RhinoErrorReporter.java:143)
	at com.google.javascript.jscomp.RhinoErrorReporter$OldRhinoErrorReporter.<init>(RhinoErrorReporter.java:139)
	at com.google.javascript.jscomp.RhinoErrorReporter.forOldRhino(RhinoErrorReporter.java:108)
	at com.google.javascript.jscomp.Compiler.<init>(Compiler.java:151)
	at com.google.javascript.jscomp.Compiler.<init>(Compiler.java:185)
	at com.google.javascript.jscomp.IntegrationTest.compile(IntegrationTest.java:2041)
	at com.google.javascript.jscomp.IntegrationTest.test(IntegrationTest.java:1960)
	at com.google.javascript.jscomp.IntegrationTest.testSame(IntegrationTest.java:1942)
	at com.google.javascript.jscomp.IntegrationTest.testSame(IntegrationTest.java:1938)
	at com.google.javascript.jscomp.IntegrationTest.testFlowSensitiveInlineVariables1(IntegrationTest.java:1062)
	at sun.reflect.NativeMethodAccessorImpl.invoke0(Native Method)
	at sun.reflect.NativeMethodAccessorImpl.invoke(NativeMethodAccessorImpl.java:57)
	at sun.reflect.DelegatingMethodAccessorImpl.invoke(DelegatingMethodAccessorImpl.java:43)
	at java.lang.reflect.Method.invoke(Method.java:606)
	at junit.framework.TestCase.runTest(TestCase.java:176)
	at junit.framework.TestCase.runBare(TestCase.java:141)
	at junit.framework.TestResult$1.protect(TestResult.java:122)
	at junit.framework.TestResult.runProtected(TestResult.java:142)
	at junit.framework.TestResult.run(TestResult.java:125)
	at junit.framework.TestCase.run(TestCase.java:129)
	at junit.framework.TestSuite.runTest(TestSuite.java:255)
	at junit.framework.TestSuite.run(TestSuite.java:250)
	at org.junit.internal.runners.JUnit38ClassRunner.run(JUnit38ClassRunner.java:84)
	at com.gzoltar.lib.instrumentation.testing.junit.a.call(Unknown Source)
	at java.util.concurrent.FutureTask.run(FutureTask.java:262)
	at java.util.concurrent.ThreadPoolExecutor.runWorker(ThreadPoolExecutor.java:1145)
	at java.util.concurrent.ThreadPoolExecutor$Worker.run(ThreadPoolExecutor.java:615)
	at java.lang.Thread.run(Thread.java:745)
[ERROR] Class not found
java.lang.ClassNotFoundException: com.google.javascript.rhino.head.resources.Messages_en_US
	at java.lang.ClassLoader.findClass(ClassLoader.java:531)
	at java.lang.ClassLoader.loadClass(ClassLoader.java:425)
	at java.lang.ClassLoader.loadClass(ClassLoader.java:358)
	at com.gzoltar.lib.instrumentation.util.GZoltarClassLoader.loadClass(Unknown Source)
	at java.util.ResourceBundle$Control.newBundle(ResourceBundle.java:2566)
	at java.util.ResourceBundle.loadBundle(ResourceBundle.java:1436)
	at java.util.ResourceBundle.findBundle(ResourceBundle.java:1400)
	at java.util.ResourceBundle.getBundleImpl(ResourceBundle.java:1296)
	at java.util.ResourceBundle.getBundle(ResourceBundle.java:795)
	at com.google.javascript.rhino.head.ScriptRuntime$DefaultMessageProvider.getMessage(ScriptRuntime.java:3678)
	at com.google.javascript.rhino.head.ScriptRuntime.getMessage(ScriptRuntime.java:3662)
	at com.google.javascript.rhino.head.ScriptRuntime.getMessage0(ScriptRuntime.java:3611)
	at com.google.javascript.jscomp.RhinoErrorReporter.<init>(RhinoErrorReporter.java:74)
	at com.google.javascript.jscomp.RhinoErrorReporter.<init>(RhinoErrorReporter.java:32)
	at com.google.javascript.jscomp.RhinoErrorReporter$OldRhinoErrorReporter.<init>(RhinoErrorReporter.java:143)
	at com.google.javascript.jscomp.RhinoErrorReporter$OldRhinoErrorReporter.<init>(RhinoErrorReporter.java:139)
	at com.google.javascript.jscomp.RhinoErrorReporter.forOldRhino(RhinoErrorReporter.java:108)
	at com.google.javascript.jscomp.Compiler.<init>(Compiler.java:151)
	at com.google.javascript.jscomp.Compiler.<init>(Compiler.java:185)
	at com.google.javascript.jscomp.IntegrationTest.compile(IntegrationTest.java:2041)
	at com.google.javascript.jscomp.IntegrationTest.test(IntegrationTest.java:1960)
	at com.google.javascript.jscomp.IntegrationTest.testSame(IntegrationTest.java:1942)
	at com.google.javascript.jscomp.IntegrationTest.testSame(IntegrationTest.java:1938)
	at com.google.javascript.jscomp.IntegrationTest.testFlowSensitiveInlineVariables1(IntegrationTest.java:1062)
	at sun.reflect.NativeMethodAccessorImpl.invoke0(Native Method)
	at sun.reflect.NativeMethodAccessorImpl.invoke(NativeMethodAccessorImpl.java:57)
	at sun.reflect.DelegatingMethodAccessorImpl.invoke(DelegatingMethodAccessorImpl.java:43)
	at java.lang.reflect.Method.invoke(Method.java:606)
	at junit.framework.TestCase.runTest(TestCase.java:176)
	at junit.framework.TestCase.runBare(TestCase.java:141)
	at junit.framework.TestResult$1.protect(TestResult.java:122)
	at junit.framework.TestResult.runProtected(TestResult.java:142)
	at junit.framework.TestResult.run(TestResult.java:125)
	at junit.framework.TestCase.run(TestCase.java:129)
	at junit.framework.TestSuite.runTest(TestSuite.java:255)
	at junit.framework.TestSuite.run(TestSuite.java:250)
	at org.junit.internal.runners.JUnit38ClassRunner.run(JUnit38ClassRunner.java:84)
	at com.gzoltar.lib.instrumentation.testing.junit.a.call(Unknown Source)
	at java.util.concurrent.FutureTask.run(FutureTask.java:262)
	at java.util.concurrent.ThreadPoolExecutor.runWorker(ThreadPoolExecutor.java:1145)
	at java.util.concurrent.ThreadPoolExecutor$Worker.run(ThreadPoolExecutor.java:615)
	at java.lang.Thread.run(Thread.java:745)
[ERROR] Class not found
java.lang.ClassNotFoundException: com.google.javascript.jscomp.parsing.ParserConfig
	at java.lang.ClassLoader.findClass(ClassLoader.java:531)
	at java.lang.ClassLoader.loadClass(ClassLoader.java:425)
	at java.lang.ClassLoader.loadClass(ClassLoader.java:358)
	at com.gzoltar.lib.instrumentation.util.GZoltarClassLoader.loadClass(Unknown Source)
	at java.util.ResourceBundle$Control.newBundle(ResourceBundle.java:2566)
	at java.util.ResourceBundle.loadBundle(ResourceBundle.java:1436)
	at java.util.ResourceBundle.findBundle(ResourceBundle.java:1400)
	at java.util.ResourceBundle.findBundle(ResourceBundle.java:1354)
	at java.util.ResourceBundle.findBundle(ResourceBundle.java:1354)
	at java.util.ResourceBundle.getBundleImpl(ResourceBundle.java:1296)
	at java.util.ResourceBundle.getBundle(ResourceBundle.java:721)
	at com.google.javascript.jscomp.parsing.ParserRunner.initResourceConfig(ParserRunner.java:81)
	at com.google.javascript.jscomp.parsing.ParserRunner.createConfig(ParserRunner.java:64)
	at com.google.javascript.jscomp.Compiler.getParserConfig(Compiler.java:1910)
	at com.google.javascript.jscomp.JsAst.parse(JsAst.java:86)
	at com.google.javascript.jscomp.JsAst.getAstRoot(JsAst.java:52)
	at com.google.javascript.jscomp.CompilerInput.getAstRoot(CompilerInput.java:119)
	at com.google.javascript.jscomp.Compiler.parseInputs(Compiler.java:1233)
	at com.google.javascript.jscomp.Compiler.parse(Compiler.java:688)
	at com.google.javascript.jscomp.Compiler.compileInternal(Compiler.java:646)
	at com.google.javascript.jscomp.Compiler.access$000(Compiler.java:70)
	at com.google.javascript.jscomp.Compiler$1.call(Compiler.java:569)
	at com.google.javascript.jscomp.Compiler$1.call(Compiler.java:566)
	at com.google.javascript.jscomp.Compiler$2.run(Compiler.java:611)
	at java.lang.Thread.run(Thread.java:745)
[ERROR] Class not found
java.lang.ClassNotFoundException: com.google.javascript.jscomp.parsing.ParserConfig_en
	at java.lang.ClassLoader.findClass(ClassLoader.java:531)
	at java.lang.ClassLoader.loadClass(ClassLoader.java:425)
	at java.lang.ClassLoader.loadClass(ClassLoader.java:358)
	at com.gzoltar.lib.instrumentation.util.GZoltarClassLoader.loadClass(Unknown Source)
	at java.util.ResourceBundle$Control.newBundle(ResourceBundle.java:2566)
	at java.util.ResourceBundle.loadBundle(ResourceBundle.java:1436)
	at java.util.ResourceBundle.findBundle(ResourceBundle.java:1400)
	at java.util.ResourceBundle.findBundle(ResourceBundle.java:1354)
	at java.util.ResourceBundle.getBundleImpl(ResourceBundle.java:1296)
	at java.util.ResourceBundle.getBundle(ResourceBundle.java:721)
	at com.google.javascript.jscomp.parsing.ParserRunner.initResourceConfig(ParserRunner.java:81)
	at com.google.javascript.jscomp.parsing.ParserRunner.createConfig(ParserRunner.java:64)
	at com.google.javascript.jscomp.Compiler.getParserConfig(Compiler.java:1910)
	at com.google.javascript.jscomp.JsAst.parse(JsAst.java:86)
	at com.google.javascript.jscomp.JsAst.getAstRoot(JsAst.java:52)
	at com.google.javascript.jscomp.CompilerInput.getAstRoot(CompilerInput.java:119)
	at com.google.javascript.jscomp.Compiler.parseInputs(Compiler.java:1233)
	at com.google.javascript.jscomp.Compiler.parse(Compiler.java:688)
	at com.google.javascript.jscomp.Compiler.compileInternal(Compiler.java:646)
	at com.google.javascript.jscomp.Compiler.access$000(Compiler.java:70)
	at com.google.javascript.jscomp.Compiler$1.call(Compiler.java:569)
	at com.google.javascript.jscomp.Compiler$1.call(Compiler.java:566)
	at com.google.javascript.jscomp.Compiler$2.run(Compiler.java:611)
	at java.lang.Thread.run(Thread.java:745)
[ERROR] Class not found
java.lang.ClassNotFoundException: com.google.javascript.jscomp.parsing.ParserConfig_en_US
	at java.lang.ClassLoader.findClass(ClassLoader.java:531)
	at java.lang.ClassLoader.loadClass(ClassLoader.java:425)
	at java.lang.ClassLoader.loadClass(ClassLoader.java:358)
	at com.gzoltar.lib.instrumentation.util.GZoltarClassLoader.loadClass(Unknown Source)
	at java.util.ResourceBundle$Control.newBundle(ResourceBundle.java:2566)
	at java.util.ResourceBundle.loadBundle(ResourceBundle.java:1436)
	at java.util.ResourceBundle.findBundle(ResourceBundle.java:1400)
	at java.util.ResourceBundle.getBundleImpl(ResourceBundle.java:1296)
	at java.util.ResourceBundle.getBundle(ResourceBundle.java:721)
	at com.google.javascript.jscomp.parsing.ParserRunner.initResourceConfig(ParserRunner.java:81)
	at com.google.javascript.jscomp.parsing.ParserRunner.createConfig(ParserRunner.java:64)
	at com.google.javascript.jscomp.Compiler.getParserConfig(Compiler.java:1910)
	at com.google.javascript.jscomp.JsAst.parse(JsAst.java:86)
	at com.google.javascript.jscomp.JsAst.getAstRoot(JsAst.java:52)
	at com.google.javascript.jscomp.CompilerInput.getAstRoot(CompilerInput.java:119)
	at com.google.javascript.jscomp.Compiler.parseInputs(Compiler.java:1233)
	at com.google.javascript.jscomp.Compiler.parse(Compiler.java:688)
	at com.google.javascript.jscomp.Compiler.compileInternal(Compiler.java:646)
	at com.google.javascript.jscomp.Compiler.access$000(Compiler.java:70)
	at com.google.javascript.jscomp.Compiler$1.call(Compiler.java:569)
	at com.google.javascript.jscomp.Compiler$1.call(Compiler.java:566)
	at com.google.javascript.jscomp.Compiler$2.run(Compiler.java:611)
	at java.lang.Thread.run(Thread.java:745)
* Finished com.google.javascript.jscomp.IntegrationTest#testFlowSensitiveInlineVariables1
* Started com.google.javascript.jscomp.IntegrationTest#testFlowSensitiveInlineVariables2
* Finished com.google.javascript.jscomp.IntegrationTest#testFlowSensitiveInlineVariables2
* Started com.google.javascript.jscomp.IntegrationTest#testTypeCheckingWithSyntheticBlocks
* Finished com.google.javascript.jscomp.IntegrationTest#testTypeCheckingWithSyntheticBlocks
* Started com.google.javascript.jscomp.IntegrationTest#testDevirtualizePrototypeMethods
* Finished com.google.javascript.jscomp.IntegrationTest#testDevirtualizePrototypeMethods
* Started com.google.javascript.jscomp.IntegrationTest#testSuppressEs5StrictWarning
* Finished com.google.javascript.jscomp.IntegrationTest#testSuppressEs5StrictWarning
* Started com.google.javascript.jscomp.IntegrationTest#testExportTestFunctionsOff
* Finished com.google.javascript.jscomp.IntegrationTest#testExportTestFunctionsOff
* Started com.google.javascript.jscomp.IntegrationTest#testGenerateExportsOff
* Finished com.google.javascript.jscomp.IntegrationTest#testGenerateExportsOff
* Started com.google.javascript.jscomp.IntegrationTest#testCssNameCheck
Aug 26, 2019 8:19:02 AM com.google.javascript.jscomp.LoggerErrorManager println
SEVERE: i0:1: ERROR - missing goog.getCssName around literal 'foo'
var x = 'foo';
        ^

Aug 26, 2019 8:19:02 AM com.google.javascript.jscomp.LoggerErrorManager printSummary
WARNING: 1 error(s), 0 warning(s)
* Finished com.google.javascript.jscomp.IntegrationTest#testCssNameCheck
* Started com.google.javascript.jscomp.IntegrationTest#testConvertToDottedProperties
* Finished com.google.javascript.jscomp.IntegrationTest#testConvertToDottedProperties
* Started com.google.javascript.jscomp.IntegrationTest#testBug2410122
* Finished com.google.javascript.jscomp.IntegrationTest#testBug2410122
* Started com.google.javascript.jscomp.IntegrationTest#testDeadAssignmentsElimination
* Finished com.google.javascript.jscomp.IntegrationTest#testDeadAssignmentsElimination
* Started com.google.javascript.jscomp.IntegrationTest#testsyntheticBlockOnDeadAssignments
* Finished com.google.javascript.jscomp.IntegrationTest#testsyntheticBlockOnDeadAssignments
* Started com.google.javascript.jscomp.IntegrationTest#testBug2592659
Aug 26, 2019 8:19:02 AM com.google.javascript.jscomp.LoggerErrorManager println
WARNING: i0:8: WARNING - actual parameter 1 of goog.getCssName does not match formal parameter
found   : number
required: string
var x = goog.getCssName(123, 'a');
                        ^

Aug 26, 2019 8:19:02 AM com.google.javascript.jscomp.LoggerErrorManager printSummary
WARNING: 0 error(s), 1 warning(s), 100% typed
* Finished com.google.javascript.jscomp.IntegrationTest#testBug2592659
* Started com.google.javascript.jscomp.IntegrationTest#testHiddenSideEffect
* Finished com.google.javascript.jscomp.IntegrationTest#testHiddenSideEffect
* Started com.google.javascript.jscomp.IntegrationTest#testSuppressCheckProvidesWarning
* Finished com.google.javascript.jscomp.IntegrationTest#testSuppressCheckProvidesWarning
* Started com.google.javascript.jscomp.IntegrationTest#testRemoveUnreachableCode
* Finished com.google.javascript.jscomp.IntegrationTest#testRemoveUnreachableCode
* Started com.google.javascript.jscomp.IntegrationTest#testInlineGetters
* Finished com.google.javascript.jscomp.IntegrationTest#testInlineGetters
* Started com.google.javascript.jscomp.IntegrationTest#testRecoverOnBadExterns
Aug 26, 2019 8:19:02 AM com.google.javascript.jscomp.LoggerErrorManager println
WARNING: externs:1: WARNING - name extern is not undefined in the externs.
extern.foo
^

Aug 26, 2019 8:19:02 AM com.google.javascript.jscomp.LoggerErrorManager printSummary
WARNING: 0 error(s), 1 warning(s)
* Finished com.google.javascript.jscomp.IntegrationTest#testRecoverOnBadExterns
* Started com.google.javascript.jscomp.IntegrationTest#testClosurePassOn
Aug 26, 2019 8:19:02 AM com.google.javascript.jscomp.LoggerErrorManager println
SEVERE: i0:1: ERROR - required "foo" namespace never provided
var goog = {}; goog.require = function(x) {}; goog.require('foo');
                                              ^

Aug 26, 2019 8:19:02 AM com.google.javascript.jscomp.LoggerErrorManager printSummary
WARNING: 1 error(s), 0 warning(s)
* Finished com.google.javascript.jscomp.IntegrationTest#testClosurePassOn
* Started com.google.javascript.jscomp.IntegrationTest#testCheckGlobalThisOn
Aug 26, 2019 8:19:02 AM com.google.javascript.jscomp.LoggerErrorManager println
SEVERE: i0:1: ERROR - dangerous use of the global this object
function f() { this.y = 3; }
               ^

Aug 26, 2019 8:19:02 AM com.google.javascript.jscomp.LoggerErrorManager printSummary
WARNING: 1 error(s), 0 warning(s)
* Finished com.google.javascript.jscomp.IntegrationTest#testCheckGlobalThisOn
* Started com.google.javascript.jscomp.IntegrationTest#testFoldLocals1
* Finished com.google.javascript.jscomp.IntegrationTest#testFoldLocals1
* Started com.google.javascript.jscomp.IntegrationTest#testFoldLocals2
* Finished com.google.javascript.jscomp.IntegrationTest#testFoldLocals2
* Started com.google.javascript.jscomp.IntegrationTest#testFoldLocals3
* Finished com.google.javascript.jscomp.IntegrationTest#testFoldLocals3
* Started com.google.javascript.jscomp.IntegrationTest#testFoldLocals4
* Finished com.google.javascript.jscomp.IntegrationTest#testFoldLocals4
* Started com.google.javascript.jscomp.IntegrationTest#testFoldLocals5
* Finished com.google.javascript.jscomp.IntegrationTest#testFoldLocals5
* Started com.google.javascript.jscomp.IntegrationTest#testFoldLocals6
* Finished com.google.javascript.jscomp.IntegrationTest#testFoldLocals6
* Started com.google.javascript.jscomp.IntegrationTest#testFoldLocals7
* Finished com.google.javascript.jscomp.IntegrationTest#testFoldLocals7
* Started com.google.javascript.jscomp.IntegrationTest#testSmartNamePass
* Finished com.google.javascript.jscomp.IntegrationTest#testSmartNamePass
* Started com.google.javascript.jscomp.IntegrationTest#testCoalesceVariableNames
* Finished com.google.javascript.jscomp.IntegrationTest#testCoalesceVariableNames
* Started com.google.javascript.jscomp.IntegrationTest#testCollapseAnonymousFunctions
* Finished com.google.javascript.jscomp.IntegrationTest#testCollapseAnonymousFunctions
* Started com.google.javascript.jscomp.IntegrationTest#testShadowVaribles
* Finished com.google.javascript.jscomp.IntegrationTest#testShadowVaribles
* Started com.google.javascript.jscomp.IntegrationTest#testCheckTypes
Aug 26, 2019 8:19:03 AM com.google.javascript.jscomp.LoggerErrorManager println
WARNING: i0:1: WARNING - Function x.f: called with 1 argument(s). Function requires at least 0 argument(s) and no more than 0 argument(s).
var x = x || {}; x.f = function() {}; x.f(3);
                                      ^

Aug 26, 2019 8:19:03 AM com.google.javascript.jscomp.LoggerErrorManager printSummary
WARNING: 0 error(s), 1 warning(s), 100% typed
* Finished com.google.javascript.jscomp.IntegrationTest#testCheckTypes
* Started com.google.javascript.jscomp.IntegrationTest#testCheckReferencesOn
Aug 26, 2019 8:19:03 AM com.google.javascript.jscomp.LoggerErrorManager println
SEVERE: i0:1: ERROR - Variable referenced before declaration: x
x = 3; var x = 5;
^

Aug 26, 2019 8:19:03 AM com.google.javascript.jscomp.LoggerErrorManager printSummary
WARNING: 1 error(s), 0 warning(s)
* Finished com.google.javascript.jscomp.IntegrationTest#testCheckReferencesOn
* Started com.google.javascript.jscomp.IntegrationTest#testCheckProvidesWarning
Aug 26, 2019 8:19:03 AM com.google.javascript.jscomp.LoggerErrorManager println
WARNING: i0:2: WARNING - missing goog.provide('f')
function f() { var arguments; }
         ^

Aug 26, 2019 8:19:03 AM com.google.javascript.jscomp.LoggerErrorManager printSummary
WARNING: 0 error(s), 1 warning(s)
* Finished com.google.javascript.jscomp.IntegrationTest#testCheckProvidesWarning
* Started com.google.javascript.jscomp.IntegrationTest#testPropertyRenaming
* Finished com.google.javascript.jscomp.IntegrationTest#testPropertyRenaming
* Started com.google.javascript.jscomp.IntegrationTest#testLanguageMode
Aug 26, 2019 8:19:03 AM com.google.javascript.jscomp.LoggerErrorManager println
SEVERE: i0:1: ERROR - Parse error. getters are not supported in Internet Explorer
var a = {get f(){}}
^

Aug 26, 2019 8:19:03 AM com.google.javascript.jscomp.LoggerErrorManager printSummary
WARNING: 1 error(s), 0 warning(s)
* Finished com.google.javascript.jscomp.IntegrationTest#testLanguageMode
* Started com.google.javascript.jscomp.IntegrationTest#testConstantTagsMustAlwaysBeRemoved
* Finished com.google.javascript.jscomp.IntegrationTest#testConstantTagsMustAlwaysBeRemoved
* Started com.google.javascript.jscomp.IntegrationTest#testClosurePassOff
* Finished com.google.javascript.jscomp.IntegrationTest#testClosurePassOff
* Started com.google.javascript.jscomp.IntegrationTest#testCompilerDoesNotBlowUpIfUndefinedSymbols
* Finished com.google.javascript.jscomp.IntegrationTest#testCompilerDoesNotBlowUpIfUndefinedSymbols
* Started com.google.javascript.jscomp.IntegrationTest#testProvidedNamespaceIsConst2
Aug 26, 2019 8:19:03 AM com.google.javascript.jscomp.LoggerErrorManager println
SEVERE: i0:1: ERROR - constant foo$bar assigned a value more than once
var goog = {}; goog.provide('foo.bar'); function f() { foo.bar = {};}
                                                       ^

Aug 26, 2019 8:19:03 AM com.google.javascript.jscomp.LoggerErrorManager printSummary
WARNING: 1 error(s), 0 warning(s)
* Finished com.google.javascript.jscomp.IntegrationTest#testProvidedNamespaceIsConst2
* Started com.google.javascript.jscomp.IntegrationTest#testProvidedNamespaceIsConst3
* Finished com.google.javascript.jscomp.IntegrationTest#testProvidedNamespaceIsConst3
* Started com.google.javascript.jscomp.IntegrationTest#testProvidedNamespaceIsConst4
* Finished com.google.javascript.jscomp.IntegrationTest#testProvidedNamespaceIsConst4
* Started com.google.javascript.jscomp.IntegrationTest#testProvidedNamespaceIsConst5
* Finished com.google.javascript.jscomp.IntegrationTest#testProvidedNamespaceIsConst5
* Started com.google.javascript.jscomp.IntegrationTest#testInferTypes
Aug 26, 2019 8:19:03 AM com.google.javascript.jscomp.LoggerErrorManager println
WARNING: i0:1: WARNING - enum key a must be a syntactic constant
/** @define {boolean} */ var COMPILED = false; var goog = {};goog.exportSymbol = function() {};goog.provide('Foo'); /** @enum */ Foo = {a: 3};
                                                                                                                                        ^

Aug 26, 2019 8:19:03 AM com.google.javascript.jscomp.LoggerErrorManager printSummary
WARNING: 0 error(s), 1 warning(s)
* Finished com.google.javascript.jscomp.IntegrationTest#testInferTypes
* Started com.google.javascript.jscomp.IntegrationTest#testRemoveAbstractMethods
* Finished com.google.javascript.jscomp.IntegrationTest#testRemoveAbstractMethods
* Started com.google.javascript.jscomp.IntegrationTest#testReplaceCssNames
* Finished com.google.javascript.jscomp.IntegrationTest#testReplaceCssNames
* Started com.google.javascript.jscomp.IntegrationTest#testUnreachableCode
Aug 26, 2019 8:19:03 AM com.google.javascript.jscomp.LoggerErrorManager println
SEVERE: i0:2: ERROR - unreachable code
 3; }
 ^

Aug 26, 2019 8:19:03 AM com.google.javascript.jscomp.LoggerErrorManager printSummary
WARNING: 1 error(s), 0 warning(s)
* Finished com.google.javascript.jscomp.IntegrationTest#testUnreachableCode
* Started com.google.javascript.jscomp.IntegrationTest#testRenameVars1
* Finished com.google.javascript.jscomp.IntegrationTest#testRenameVars1
* Started com.google.javascript.jscomp.IntegrationTest#testRenameVars2
* Finished com.google.javascript.jscomp.IntegrationTest#testRenameVars2
* Started com.google.javascript.jscomp.IntegrationTest#testExploitAssigns
* Finished com.google.javascript.jscomp.IntegrationTest#testExploitAssigns
* Started com.google.javascript.jscomp.IntegrationTest#testOptimizeReturns
* Finished com.google.javascript.jscomp.IntegrationTest#testOptimizeReturns
* Started com.google.javascript.jscomp.IntegrationTest#testInlineGettersWithAmbiguate
* Finished com.google.javascript.jscomp.IntegrationTest#testInlineGettersWithAmbiguate
* Started com.google.javascript.jscomp.IntegrationTest#testLateConstantReordering
* Finished com.google.javascript.jscomp.IntegrationTest#testLateConstantReordering
* Started com.google.javascript.jscomp.IntegrationTest#testExportedNames
* Finished com.google.javascript.jscomp.IntegrationTest#testExportedNames
* Started com.google.javascript.jscomp.IntegrationTest#testRemoveClosureAsserts
* Finished com.google.javascript.jscomp.IntegrationTest#testRemoveClosureAsserts
* Started com.google.javascript.jscomp.IntegrationTest#testCheckRequiresAndCheckProvidesOff
* Finished com.google.javascript.jscomp.IntegrationTest#testCheckRequiresAndCheckProvidesOff
* Started com.google.javascript.jscomp.IntegrationTest#testCoaleseVariables
* Finished com.google.javascript.jscomp.IntegrationTest#testCoaleseVariables
* Started com.google.javascript.jscomp.IntegrationTest#testCheckConsts
Aug 26, 2019 8:19:03 AM com.google.javascript.jscomp.LoggerErrorManager println
SEVERE: i0:1: ERROR - constant FOO assigned a value more than once
var FOO = true; FOO = false
                ^

Aug 26, 2019 8:19:03 AM com.google.javascript.jscomp.LoggerErrorManager printSummary
WARNING: 1 error(s), 0 warning(s)
* Finished com.google.javascript.jscomp.IntegrationTest#testCheckConsts
* Started com.google.javascript.jscomp.IntegrationTest#testRemoveUnusedVars1
* Finished com.google.javascript.jscomp.IntegrationTest#testRemoveUnusedVars1
* Started com.google.javascript.jscomp.IntegrationTest#testRemoveUnusedVars2
* Finished com.google.javascript.jscomp.IntegrationTest#testRemoveUnusedVars2
* Started com.google.javascript.jscomp.IntegrationTest#testMinimizeExits
* Finished com.google.javascript.jscomp.IntegrationTest#testMinimizeExits
* Started com.google.javascript.jscomp.IntegrationTest#testReplaceMessages
* Finished com.google.javascript.jscomp.IntegrationTest#testReplaceMessages
* Started com.google.javascript.jscomp.IntegrationTest#testBug4152835
* Finished com.google.javascript.jscomp.IntegrationTest#testBug4152835
* Started com.google.javascript.jscomp.IntegrationTest#testCrossModuleCodeMotion
* Finished com.google.javascript.jscomp.IntegrationTest#testCrossModuleCodeMotion
* Started com.google.javascript.jscomp.IntegrationTest#testTightenTypesWithoutTypeCheck
Aug 26, 2019 8:19:03 AM com.google.javascript.jscomp.LoggerErrorManager println
SEVERE: ERROR - TightenTypes requires type checking. Please use --check_types.

Aug 26, 2019 8:19:03 AM com.google.javascript.jscomp.LoggerErrorManager printSummary
WARNING: 1 error(s), 0 warning(s)
* Finished com.google.javascript.jscomp.IntegrationTest#testTightenTypesWithoutTypeCheck
* Started com.google.javascript.jscomp.IntegrationTest#testBadBreakStatementInIdeMode
Aug 26, 2019 8:19:03 AM com.google.javascript.jscomp.LoggerErrorManager println
SEVERE: i0:1: ERROR - Parse error. unlabelled break must be inside loop or switch
function f() { try { } catch(e) { break; } }
                                        ^

Aug 26, 2019 8:19:03 AM com.google.javascript.jscomp.LoggerErrorManager printSummary
WARNING: 1 error(s), 0 warning(s), 100% typed
* Finished com.google.javascript.jscomp.IntegrationTest#testBadBreakStatementInIdeMode
* Started com.google.javascript.jscomp.IntegrationTest#testDisambiguateProperties
* Finished com.google.javascript.jscomp.IntegrationTest#testDisambiguateProperties
* Started com.google.javascript.jscomp.IntegrationTest#testBrokenNameSpace
* Finished com.google.javascript.jscomp.IntegrationTest#testBrokenNameSpace
* Started com.google.javascript.jscomp.IntegrationTest#testTypeCheckAndInference
Aug 26, 2019 8:19:04 AM com.google.javascript.jscomp.LoggerErrorManager println
WARNING: i0:1: WARNING - initializing variable
found   : string
required: number
/** @type {number} */ var n = window.name;
                              ^

Aug 26, 2019 8:19:04 AM com.google.javascript.jscomp.LoggerErrorManager printSummary
WARNING: 0 error(s), 1 warning(s), 100% typed
* Finished com.google.javascript.jscomp.IntegrationTest#testTypeCheckAndInference
* Started com.google.javascript.jscomp.IntegrationTest#testCheckSymbolsOn
Aug 26, 2019 8:19:04 AM com.google.javascript.jscomp.LoggerErrorManager println
SEVERE: i0:1: ERROR - variable x is undeclared
x = 3;
^

Aug 26, 2019 8:19:04 AM com.google.javascript.jscomp.LoggerErrorManager printSummary
WARNING: 1 error(s), 0 warning(s)
* Finished com.google.javascript.jscomp.IntegrationTest#testCheckSymbolsOn
* Started com.google.javascript.jscomp.IntegrationTest#testMarkNoSideEffects
* Finished com.google.javascript.jscomp.IntegrationTest#testMarkNoSideEffects
* Started com.google.javascript.jscomp.IntegrationTest#testMemoizedTypedScopeCreator
* Finished com.google.javascript.jscomp.IntegrationTest#testMemoizedTypedScopeCreator
* Started com.google.javascript.jscomp.IntegrationTest#testDeprecation
Aug 26, 2019 8:19:04 AM com.google.javascript.jscomp.LoggerErrorManager println
SEVERE: i0:1: ERROR - Variable f has been deprecated.
/** @deprecated */ function f() { } function g() { f(); }
                                                   ^

Aug 26, 2019 8:19:04 AM com.google.javascript.jscomp.LoggerErrorManager printSummary
WARNING: 1 error(s), 0 warning(s), 100% typed
* Finished com.google.javascript.jscomp.IntegrationTest#testDeprecation
* Started com.google.javascript.jscomp.IntegrationTest#testMissingReturn
Aug 26, 2019 8:19:04 AM com.google.javascript.jscomp.LoggerErrorManager println
SEVERE: i0:1: ERROR - Missing return statement. Function expected to return number.
/** @return {number} */ function f() { if (f) { return 3; } }
                        ^

Aug 26, 2019 8:19:04 AM com.google.javascript.jscomp.LoggerErrorManager printSummary
WARNING: 1 error(s), 0 warning(s), 100% typed
* Finished com.google.javascript.jscomp.IntegrationTest#testMissingReturn
* Started com.google.javascript.jscomp.IntegrationTest#testLateStatementFusion
* Finished com.google.javascript.jscomp.IntegrationTest#testLateStatementFusion
* Started com.google.javascript.jscomp.IntegrationTest#testExportTestFunctionsOn
* Finished com.google.javascript.jscomp.IntegrationTest#testExportTestFunctionsOn
* Started com.google.javascript.jscomp.IntegrationTest#testCheckGlobalThisOff
* Finished com.google.javascript.jscomp.IntegrationTest#testCheckGlobalThisOff
* Started com.google.javascript.jscomp.IntegrationTest#testIdGenerators
* Finished com.google.javascript.jscomp.IntegrationTest#testIdGenerators
* Started com.google.javascript.jscomp.IntegrationTest#testAliasExterns
* Finished com.google.javascript.jscomp.IntegrationTest#testAliasExterns
* Started com.google.javascript.jscomp.IntegrationTest#testProcessDefinesAdditionalReplacements
* Finished com.google.javascript.jscomp.IntegrationTest#testProcessDefinesAdditionalReplacements
* Started com.google.javascript.jscomp.IntegrationTest#testCheckReferencesOff
* Finished com.google.javascript.jscomp.IntegrationTest#testCheckReferencesOff
* Started com.google.javascript.jscomp.IntegrationTest#testExtraAnnotationNames
* Finished com.google.javascript.jscomp.IntegrationTest#testExtraAnnotationNames
* Started com.google.javascript.jscomp.IntegrationTest#testCodingConvention
* Finished com.google.javascript.jscomp.IntegrationTest#testCodingConvention
* Started com.google.javascript.jscomp.IntegrationTest#testRegExp1
* Finished com.google.javascript.jscomp.IntegrationTest#testRegExp1
* Started com.google.javascript.jscomp.IntegrationTest#testRegExp2
Aug 26, 2019 8:19:04 AM com.google.javascript.jscomp.LoggerErrorManager println
WARNING: i0:1: WARNING - References to the global RegExp object prevents optimization of regular expressions.
/(a)/.test("a");var a = RegExp.$1
                        ^

Aug 26, 2019 8:19:04 AM com.google.javascript.jscomp.LoggerErrorManager printSummary
WARNING: 0 error(s), 1 warning(s)
* Finished com.google.javascript.jscomp.IntegrationTest#testRegExp2
* Started com.google.javascript.jscomp.IntegrationTest#testTypeNameParser
Aug 26, 2019 8:19:04 AM com.google.javascript.jscomp.LoggerErrorManager println
WARNING: i0:1: WARNING - Bad type annotation. Unknown type n
/** @type {n} */ var n = window.name;
           ^

Aug 26, 2019 8:19:04 AM com.google.javascript.jscomp.LoggerErrorManager printSummary
WARNING: 0 error(s), 1 warning(s), 100% typed
* Finished com.google.javascript.jscomp.IntegrationTest#testTypeNameParser
* Started com.google.javascript.jscomp.IntegrationTest#testVarDeclarationsIntoFor
* Finished com.google.javascript.jscomp.IntegrationTest#testVarDeclarationsIntoFor
* Started com.google.javascript.jscomp.IntegrationTest#testOptimizeParameters
* Finished com.google.javascript.jscomp.IntegrationTest#testOptimizeParameters
* Started com.google.javascript.jscomp.IntegrationTest#testNamelessParameter
* Finished com.google.javascript.jscomp.IntegrationTest#testNamelessParameter
* Started com.google.javascript.jscomp.IntegrationTest#testBug1949424_v2
* Finished com.google.javascript.jscomp.IntegrationTest#testBug1949424_v2
* Started com.google.javascript.jscomp.IntegrationTest#testGenerateExportsOn
* Finished com.google.javascript.jscomp.IntegrationTest#testGenerateExportsOn
* Started com.google.javascript.jscomp.IntegrationTest#testRenameLabels
* Finished com.google.javascript.jscomp.IntegrationTest#testRenameLabels
* Started com.google.javascript.jscomp.IntegrationTest#testProvidedNamespaceIsConst
Aug 26, 2019 8:19:04 AM com.google.javascript.jscomp.LoggerErrorManager println
SEVERE: i0:1: ERROR - constant foo assigned a value more than once
var goog = {}; goog.provide('foo'); function f() { foo = {};}
                                                   ^

Aug 26, 2019 8:19:04 AM com.google.javascript.jscomp.LoggerErrorManager printSummary
WARNING: 1 error(s), 0 warning(s)
* Finished com.google.javascript.jscomp.IntegrationTest#testProvidedNamespaceIsConst
* Started com.google.javascript.jscomp.IntegrationTest#testProcessDefinesAlwaysOn
* Finished com.google.javascript.jscomp.IntegrationTest#testProcessDefinesAlwaysOn
* Started com.google.javascript.jscomp.IntegrationTest#testNameAnonymousFunctions
* Finished com.google.javascript.jscomp.IntegrationTest#testNameAnonymousFunctions
* Started com.google.javascript.jscomp.IntegrationTest#testJQueryStringSplitLoops
* Finished com.google.javascript.jscomp.IntegrationTest#testJQueryStringSplitLoops
* Started com.google.javascript.jscomp.IntegrationTest#testClosurePassPreservesJsDoc
Aug 26, 2019 8:19:04 AM com.google.javascript.jscomp.LoggerErrorManager println
WARNING: i0:1: WARNING - enum key a must be a syntactic constant
/** @define {boolean} */ var COMPILED = false; var goog = {};goog.exportSymbol = function() {};goog.provide('Foo'); /** @enum */ Foo = {a: 3};
                                                                                                                                        ^

Aug 26, 2019 8:19:04 AM com.google.javascript.jscomp.LoggerErrorManager printSummary
WARNING: 0 error(s), 1 warning(s), 100% typed
* Finished com.google.javascript.jscomp.IntegrationTest#testClosurePassPreservesJsDoc
* Started com.google.javascript.jscomp.IntegrationTest#testDevirtualizationAndExtractPrototypeMemberDeclarations
* Finished com.google.javascript.jscomp.IntegrationTest#testDevirtualizationAndExtractPrototypeMemberDeclarations
* Started com.google.javascript.jscomp.IntegrationTest#testBug5786871
Aug 26, 2019 8:19:04 AM com.google.javascript.jscomp.LoggerErrorManager println
SEVERE: i0:1: ERROR - Parse error. unnamed function statement
function () {}
^

Aug 26, 2019 8:19:04 AM com.google.javascript.jscomp.LoggerErrorManager printSummary
WARNING: 1 error(s), 0 warning(s)
* Finished com.google.javascript.jscomp.IntegrationTest#testBug5786871
* Started com.google.javascript.jscomp.IntegrationTest#testAllChecksOn
* Finished com.google.javascript.jscomp.IntegrationTest#testAllChecksOn
* Started com.google.javascript.jscomp.IntegrationTest#testCheckGlobalNames
Aug 26, 2019 8:19:04 AM com.google.javascript.jscomp.LoggerErrorManager println
SEVERE: i0:1: ERROR - x.z is never defined
var x = {}; var y = x.z;
                    ^

Aug 26, 2019 8:19:04 AM com.google.javascript.jscomp.LoggerErrorManager printSummary
WARNING: 1 error(s), 0 warning(s)
* Finished com.google.javascript.jscomp.IntegrationTest#testCheckGlobalNames
* Started com.google.javascript.jscomp.IntegrationTest#testTypedefBeforeOwner1
* Finished com.google.javascript.jscomp.IntegrationTest#testTypedefBeforeOwner1
* Started com.google.javascript.jscomp.IntegrationTest#testTypedefBeforeOwner2
* Finished com.google.javascript.jscomp.IntegrationTest#testTypedefBeforeOwner2
* Started com.google.javascript.jscomp.IntegrationTest#testChainedCalls
* Finished com.google.javascript.jscomp.IntegrationTest#testChainedCalls
* Started com.google.javascript.jscomp.IntegrationTest#testAliasAllStrings
* Finished com.google.javascript.jscomp.IntegrationTest#testAliasAllStrings
* Started com.google.javascript.jscomp.IntegrationTest#testCheckRequiresOn
Aug 26, 2019 8:19:04 AM com.google.javascript.jscomp.LoggerErrorManager println
SEVERE: i1:1: ERROR - 'Foo' used but not goog.require'd
new Foo();
    ^

Aug 26, 2019 8:19:04 AM com.google.javascript.jscomp.LoggerErrorManager printSummary
WARNING: 1 error(s), 0 warning(s)
* Finished com.google.javascript.jscomp.IntegrationTest#testCheckRequiresOn
* Started com.google.javascript.jscomp.IntegrationTest#testMoveFunctionDeclarations
* Finished com.google.javascript.jscomp.IntegrationTest#testMoveFunctionDeclarations
* Started com.google.javascript.jscomp.IntegrationTest#testVisibility
Aug 26, 2019 8:19:04 AM com.google.javascript.jscomp.LoggerErrorManager println
SEVERE: i1:1: ERROR - Access to private variable f not allowed outside file i0.
function g() { f(); }
               ^

Aug 26, 2019 8:19:04 AM com.google.javascript.jscomp.LoggerErrorManager printSummary
WARNING: 1 error(s), 0 warning(s), 100% typed
* Finished com.google.javascript.jscomp.IntegrationTest#testVisibility
* Started com.google.javascript.jscomp.IntegrationTest#testCheckProvidesOn
Aug 26, 2019 8:19:04 AM com.google.javascript.jscomp.LoggerErrorManager println
SEVERE: i0:1: ERROR - missing goog.provide('Foo')
/** @constructor */ function Foo() {}
                             ^

Aug 26, 2019 8:19:04 AM com.google.javascript.jscomp.LoggerErrorManager printSummary
WARNING: 1 error(s), 0 warning(s)
* Finished com.google.javascript.jscomp.IntegrationTest#testCheckProvidesOn
* Started com.google.javascript.jscomp.IntegrationTest#testIssue63SourceMap
* Finished com.google.javascript.jscomp.IntegrationTest#testIssue63SourceMap
* Started com.google.javascript.jscomp.IntegrationTest#testCheckSymbolsOff
* Finished com.google.javascript.jscomp.IntegrationTest#testCheckSymbolsOff
* Started com.google.javascript.jscomp.IntegrationTest#testCollapseProperties1
* Finished com.google.javascript.jscomp.IntegrationTest#testCollapseProperties1
* Started com.google.javascript.jscomp.IntegrationTest#testCollapseProperties2
* Finished com.google.javascript.jscomp.IntegrationTest#testCollapseProperties2
* Started com.google.javascript.jscomp.IntegrationTest#testIssue284
* Failure: java.lang.RuntimeException: INTERNAL COMPILER ERROR.
Please report this problem.
Unexpected variable goog
  Node(NAME goog): i0:1:252
var goog = {};goog.inherits = function(x, y) {};var ns = {};/** @constructor */ns.PageSelectionModel = function() {};/** @constructor */ns.PageSelectionModel.FooEvent = function() {};/** @constructor */ns.PageSelectionModel.SelectEvent = function() {};goog.inherits(ns.PageSelectionModel.ChangeEvent,    ns.PageSelectionModel.FooEvent);
  Parent(GETPROP): i0:1:252
var goog = {};goog.inherits = function(x, y) {};var ns = {};/** @constructor */ns.PageSelectionModel = function() {};/** @constructor */ns.PageSelectionModel.FooEvent = function() {};/** @constructor */ns.PageSelectionModel.SelectEvent = function() {};goog.inherits(ns.PageSelectionModel.ChangeEvent,    ns.PageSelectionModel.FooEvent);
 | testIssue284(com.google.javascript.jscomp.IntegrationTest)
java.lang.RuntimeException: java.lang.RuntimeException: INTERNAL COMPILER ERROR.
Please report this problem.
Unexpected variable goog
  Node(NAME goog): i0:1:252
var goog = {};goog.inherits = function(x, y) {};var ns = {};/** @constructor */ns.PageSelectionModel = function() {};/** @constructor */ns.PageSelectionModel.FooEvent = function() {};/** @constructor */ns.PageSelectionModel.SelectEvent = function() {};goog.inherits(ns.PageSelectionModel.ChangeEvent,    ns.PageSelectionModel.FooEvent);
  Parent(GETPROP): i0:1:252
var goog = {};goog.inherits = function(x, y) {};var ns = {};/** @constructor */ns.PageSelectionModel = function() {};/** @constructor */ns.PageSelectionModel.FooEvent = function() {};/** @constructor */ns.PageSelectionModel.SelectEvent = function() {};goog.inherits(ns.PageSelectionModel.ChangeEvent,    ns.PageSelectionModel.FooEvent);

	at com.google.javascript.jscomp.Compiler.runCallable(Compiler.java:639)
	at com.google.javascript.jscomp.Compiler.runInCompilerThread(Compiler.java:584)
	at com.google.javascript.jscomp.Compiler.compile(Compiler.java:566)
	at com.google.javascript.jscomp.Compiler.compileModules(Compiler.java:557)
	at com.google.javascript.jscomp.Compiler.compile(Compiler.java:539)
	at com.google.javascript.jscomp.IntegrationTest.compile(IntegrationTest.java:2046)
	at com.google.javascript.jscomp.IntegrationTest.test(IntegrationTest.java:1960)
	at com.google.javascript.jscomp.IntegrationTest.test(IntegrationTest.java:1951)
	at com.google.javascript.jscomp.IntegrationTest.testIssue284(IntegrationTest.java:1769)
	at sun.reflect.NativeMethodAccessorImpl.invoke0(Native Method)
	at sun.reflect.NativeMethodAccessorImpl.invoke(NativeMethodAccessorImpl.java:57)
	at sun.reflect.DelegatingMethodAccessorImpl.invoke(DelegatingMethodAccessorImpl.java:43)
	at java.lang.reflect.Method.invoke(Method.java:606)
	at junit.framework.TestCase.runTest(TestCase.java:176)
	at junit.framework.TestCase.runBare(TestCase.java:141)
	at junit.framework.TestResult$1.protect(TestResult.java:122)
	at junit.framework.TestResult.runProtected(TestResult.java:142)
	at junit.framework.TestResult.run(TestResult.java:125)
	at junit.framework.TestCase.run(TestCase.java:129)
	at junit.framework.TestSuite.runTest(TestSuite.java:255)
	at junit.framework.TestSuite.run(TestSuite.java:250)
	at org.junit.internal.runners.JUnit38ClassRunner.run(JUnit38ClassRunner.java:84)
	at com.gzoltar.lib.instrumentation.testing.junit.a.call(Unknown Source)
	at java.util.concurrent.FutureTask.run(FutureTask.java:262)
	at java.util.concurrent.ThreadPoolExecutor.runWorker(ThreadPoolExecutor.java:1145)
	at java.util.concurrent.ThreadPoolExecutor$Worker.run(ThreadPoolExecutor.java:615)
	at java.lang.Thread.run(Thread.java:745)
Caused by: java.lang.RuntimeException: INTERNAL COMPILER ERROR.
Please report this problem.
Unexpected variable goog
  Node(NAME goog): i0:1:252
var goog = {};goog.inherits = function(x, y) {};var ns = {};/** @constructor */ns.PageSelectionModel = function() {};/** @constructor */ns.PageSelectionModel.FooEvent = function() {};/** @constructor */ns.PageSelectionModel.SelectEvent = function() {};goog.inherits(ns.PageSelectionModel.ChangeEvent,    ns.PageSelectionModel.FooEvent);
  Parent(GETPROP): i0:1:252
var goog = {};goog.inherits = function(x, y) {};var ns = {};/** @constructor */ns.PageSelectionModel = function() {};/** @constructor */ns.PageSelectionModel.FooEvent = function() {};/** @constructor */ns.PageSelectionModel.SelectEvent = function() {};goog.inherits(ns.PageSelectionModel.ChangeEvent,    ns.PageSelectionModel.FooEvent);

	at com.google.javascript.jscomp.VarCheck.visit(VarCheck.java:159)
	at com.google.javascript.jscomp.NodeTraversal.traverseBranch(NodeTraversal.java:504)
	at com.google.javascript.jscomp.NodeTraversal.traverseBranch(NodeTraversal.java:497)
	at com.google.javascript.jscomp.NodeTraversal.traverseBranch(NodeTraversal.java:497)
	at com.google.javascript.jscomp.NodeTraversal.traverseBranch(NodeTraversal.java:497)
	at com.google.javascript.jscomp.NodeTraversal.traverseBranch(NodeTraversal.java:497)
	at com.google.javascript.jscomp.NodeTraversal.traverseBranch(NodeTraversal.java:497)
	at com.google.javascript.jscomp.NodeTraversal.traverseRoots(NodeTraversal.java:304)
	at com.google.javascript.jscomp.NodeTraversal.traverseRoots(NodeTraversal.java:464)
	at com.google.javascript.jscomp.VarCheck.process(VarCheck.java:102)
	at com.google.javascript.jscomp.PhaseOptimizer$PassFactoryDelegate.processInternal(PhaseOptimizer.java:273)
	at com.google.javascript.jscomp.PhaseOptimizer$NamedPass.process(PhaseOptimizer.java:250)
	at com.google.javascript.jscomp.PhaseOptimizer.process(PhaseOptimizer.java:168)
	at com.google.javascript.jscomp.Compiler.optimize(Compiler.java:1761)
	at com.google.javascript.jscomp.Compiler.compileInternal(Compiler.java:674)
	at com.google.javascript.jscomp.Compiler.access$000(Compiler.java:70)
	at com.google.javascript.jscomp.Compiler$1.call(Compiler.java:569)
	at com.google.javascript.jscomp.Compiler$1.call(Compiler.java:566)
	at com.google.javascript.jscomp.Compiler$2.run(Compiler.java:611)
	... 1 more
Caused by: java.lang.IllegalStateException: Unexpected variable goog
	... 20 more

* Finished com.google.javascript.jscomp.IntegrationTest#testIssue284
* Started com.google.javascript.jscomp.IntegrationTest#testIssue378
* Finished com.google.javascript.jscomp.IntegrationTest#testIssue378
* Started com.google.javascript.jscomp.IntegrationTest#testIssue550
* Finished com.google.javascript.jscomp.IntegrationTest#testIssue550
* Started com.google.javascript.jscomp.IntegrationTest#testIssue598
* Finished com.google.javascript.jscomp.IntegrationTest#testIssue598
* Started com.google.javascript.jscomp.IntegrationTest#testNegativeZero
* Finished com.google.javascript.jscomp.IntegrationTest#testNegativeZero
* Started com.google.javascript.jscomp.IntegrationTest#testLanguageMode2
Aug 26, 2019 8:19:05 AM com.google.javascript.jscomp.LoggerErrorManager println
SEVERE: i0:1: ERROR - variables, functions, and arguments cannot be deleted in ES5 strict mode
var a  = 2; delete a;
            ^

Aug 26, 2019 8:19:05 AM com.google.javascript.jscomp.LoggerErrorManager printSummary
WARNING: 1 error(s), 0 warning(s)
* Finished com.google.javascript.jscomp.IntegrationTest#testLanguageMode2
* Started com.google.javascript.jscomp.IntegrationTest#testRenamePrefixNamespaceActivatesMoveFunctionDeclarations
* Finished com.google.javascript.jscomp.IntegrationTest#testRenamePrefixNamespaceActivatesMoveFunctionDeclarations
* Started com.google.javascript.jscomp.IntegrationTest#testInlineConstants
* Finished com.google.javascript.jscomp.IntegrationTest#testInlineConstants
* Started com.google.javascript.jscomp.IntegrationTest#testMarkPureCalls
* Finished com.google.javascript.jscomp.IntegrationTest#testMarkPureCalls
* Started com.google.javascript.jscomp.IntegrationTest#testRenamePrefixNamespace
* Finished com.google.javascript.jscomp.IntegrationTest#testRenamePrefixNamespace
* Started com.google.javascript.jscomp.IntegrationTest#testCrossModuleMethodMotion
* Finished com.google.javascript.jscomp.IntegrationTest#testCrossModuleMethodMotion
* Started com.google.javascript.jscomp.IntegrationTest#testIssue90
* Finished com.google.javascript.jscomp.IntegrationTest#testIssue90
* Started com.google.javascript.jscomp.IntegrationTest#testFoldConstants
* Finished com.google.javascript.jscomp.IntegrationTest#testFoldConstants
* Started com.google.javascript.jscomp.IntegrationTest#testBug1949424
* Finished com.google.javascript.jscomp.IntegrationTest#testBug1949424
* Started com.google.javascript.jscomp.IntegrationTest#testBug1956277
* Finished com.google.javascript.jscomp.IntegrationTest#testBug1956277
* Started com.google.javascript.jscomp.IntegrationTest#testBug1962380
* Finished com.google.javascript.jscomp.IntegrationTest#testBug1962380
* Started com.google.javascript.jscomp.IntegrationTest#testExtractPrototypeMemberDeclarations
* Finished com.google.javascript.jscomp.IntegrationTest#testExtractPrototypeMemberDeclarations
* Started com.google.javascript.jscomp.IntegrationTest#testRewriteFunctionExpressions
* Finished com.google.javascript.jscomp.IntegrationTest#testRewriteFunctionExpressions
* Started com.google.javascript.jscomp.IntegrationTest#testAliasKeywords
* Finished com.google.javascript.jscomp.IntegrationTest#testAliasKeywords
* Started com.google.javascript.jscomp.IntegrationTest#testInlineFunctions
* Finished com.google.javascript.jscomp.IntegrationTest#testInlineFunctions
* Started com.google.javascript.jscomp.IntegrationTest#testCollapseObjectLiteral1
* Finished com.google.javascript.jscomp.IntegrationTest#testCollapseObjectLiteral1
* Started com.google.javascript.jscomp.IntegrationTest#testCollapseObjectLiteral2
* Finished com.google.javascript.jscomp.IntegrationTest#testCollapseObjectLiteral2
* Started com.google.javascript.jscomp.IntegrationTest#testSusiciousCodeOff
Aug 26, 2019 8:19:05 AM com.google.javascript.jscomp.LoggerErrorManager println
SEVERE: i0:1: ERROR - dangerous use of the global this object
function f() { this.y = 3; }
               ^

Aug 26, 2019 8:19:05 AM com.google.javascript.jscomp.LoggerErrorManager printSummary
WARNING: 1 error(s), 0 warning(s)
* Finished com.google.javascript.jscomp.IntegrationTest#testSusiciousCodeOff
* Started com.google.javascript.jscomp.IntegrationTest#testAlwaysRunSafetyCheck
* Finished com.google.javascript.jscomp.IntegrationTest#testAlwaysRunSafetyCheck
* Started com.google.javascript.jscomp.IntegrationTest#testInlineVariables
Aug 26, 2019 8:19:05 AM com.google.javascript.jscomp.LoggerErrorManager println
SEVERE: ERROR - Rename prototypes and inline variables cannot be used together

Aug 26, 2019 8:19:05 AM com.google.javascript.jscomp.LoggerErrorManager printSummary
WARNING: 1 error(s), 0 warning(s)
* Finished com.google.javascript.jscomp.IntegrationTest#testInlineVariables
* Started com.google.javascript.jscomp.IntegrationTest#testRemoveUnusedPrototypeProperties1
* Finished com.google.javascript.jscomp.IntegrationTest#testRemoveUnusedPrototypeProperties1
* Started com.google.javascript.jscomp.IntegrationTest#testRemoveUnusedPrototypeProperties2
* Finished com.google.javascript.jscomp.IntegrationTest#testRemoveUnusedPrototypeProperties2
* Started com.google.javascript.jscomp.IntegrationTest#testDuplicateVariablesInExterns
* Finished com.google.javascript.jscomp.IntegrationTest#testDuplicateVariablesInExterns
* Started com.google.javascript.jscomp.IntegrationTest#testOptimizeArgumentsArray
* Finished com.google.javascript.jscomp.IntegrationTest#testOptimizeArgumentsArray
* Started com.google.javascript.jscomp.NameAnalyzerTest#testAliasInstanceof4
[ERROR] Class not found
java.lang.ClassNotFoundException: rhino_ast.java.com.google.javascript.rhino.Messages
	at java.lang.ClassLoader.findClass(ClassLoader.java:531)
	at java.lang.ClassLoader.loadClass(ClassLoader.java:425)
	at java.lang.ClassLoader.loadClass(ClassLoader.java:358)
	at com.gzoltar.lib.instrumentation.util.GZoltarClassLoader.loadClass(Unknown Source)
	at java.util.ResourceBundle$Control.newBundle(ResourceBundle.java:2566)
	at java.util.ResourceBundle.loadBundle(ResourceBundle.java:1436)
	at java.util.ResourceBundle.findBundle(ResourceBundle.java:1400)
	at java.util.ResourceBundle.findBundle(ResourceBundle.java:1354)
	at java.util.ResourceBundle.findBundle(ResourceBundle.java:1354)
	at java.util.ResourceBundle.getBundleImpl(ResourceBundle.java:1296)
	at java.util.ResourceBundle.getBundle(ResourceBundle.java:795)
	at com.google.javascript.rhino.ScriptRuntime.getMessage(ScriptRuntime.java:386)
	at com.google.javascript.rhino.ScriptRuntime.getMessage0(ScriptRuntime.java:367)
	at com.google.javascript.jscomp.RhinoErrorReporter.<init>(RhinoErrorReporter.java:74)
	at com.google.javascript.jscomp.RhinoErrorReporter.<init>(RhinoErrorReporter.java:32)
	at com.google.javascript.jscomp.RhinoErrorReporter$OldRhinoErrorReporter.<init>(RhinoErrorReporter.java:143)
	at com.google.javascript.jscomp.RhinoErrorReporter$OldRhinoErrorReporter.<init>(RhinoErrorReporter.java:139)
	at com.google.javascript.jscomp.RhinoErrorReporter.forOldRhino(RhinoErrorReporter.java:108)
	at com.google.javascript.jscomp.Compiler.<init>(Compiler.java:151)
	at com.google.javascript.jscomp.Compiler.<init>(Compiler.java:185)
	at com.google.javascript.jscomp.CompilerTestCase.createCompiler(CompilerTestCase.java:1038)
	at com.google.javascript.jscomp.CompilerTestCase.test(CompilerTestCase.java:417)
	at com.google.javascript.jscomp.CompilerTestCase.test(CompilerTestCase.java:358)
	at com.google.javascript.jscomp.CompilerTestCase.test(CompilerTestCase.java:327)
	at com.google.javascript.jscomp.CompilerTestCase.test(CompilerTestCase.java:315)
	at com.google.javascript.jscomp.CompilerTestCase.testSame(CompilerTestCase.java:547)
	at com.google.javascript.jscomp.NameAnalyzerTest.testAliasInstanceof4(NameAnalyzerTest.java:1617)
	at sun.reflect.NativeMethodAccessorImpl.invoke0(Native Method)
	at sun.reflect.NativeMethodAccessorImpl.invoke(NativeMethodAccessorImpl.java:57)
	at sun.reflect.DelegatingMethodAccessorImpl.invoke(DelegatingMethodAccessorImpl.java:43)
	at java.lang.reflect.Method.invoke(Method.java:606)
	at junit.framework.TestCase.runTest(TestCase.java:176)
	at junit.framework.TestCase.runBare(TestCase.java:141)
	at junit.framework.TestResult$1.protect(TestResult.java:122)
	at junit.framework.TestResult.runProtected(TestResult.java:142)
	at junit.framework.TestResult.run(TestResult.java:125)
	at junit.framework.TestCase.run(TestCase.java:129)
	at junit.framework.TestSuite.runTest(TestSuite.java:255)
	at junit.framework.TestSuite.run(TestSuite.java:250)
	at org.junit.internal.runners.JUnit38ClassRunner.run(JUnit38ClassRunner.java:84)
	at com.gzoltar.lib.instrumentation.testing.junit.a.call(Unknown Source)
	at java.util.concurrent.FutureTask.run(FutureTask.java:262)
	at java.util.concurrent.ThreadPoolExecutor.runWorker(ThreadPoolExecutor.java:1145)
	at java.util.concurrent.ThreadPoolExecutor$Worker.run(ThreadPoolExecutor.java:615)
	at java.lang.Thread.run(Thread.java:745)
[ERROR] Class not found
java.lang.ClassNotFoundException: rhino_ast.java.com.google.javascript.rhino.Messages_en
	at java.lang.ClassLoader.findClass(ClassLoader.java:531)
	at java.lang.ClassLoader.loadClass(ClassLoader.java:425)
	at java.lang.ClassLoader.loadClass(ClassLoader.java:358)
	at com.gzoltar.lib.instrumentation.util.GZoltarClassLoader.loadClass(Unknown Source)
	at java.util.ResourceBundle$Control.newBundle(ResourceBundle.java:2566)
	at java.util.ResourceBundle.loadBundle(ResourceBundle.java:1436)
	at java.util.ResourceBundle.findBundle(ResourceBundle.java:1400)
	at java.util.ResourceBundle.findBundle(ResourceBundle.java:1354)
	at java.util.ResourceBundle.getBundleImpl(ResourceBundle.java:1296)
	at java.util.ResourceBundle.getBundle(ResourceBundle.java:795)
	at com.google.javascript.rhino.ScriptRuntime.getMessage(ScriptRuntime.java:386)
	at com.google.javascript.rhino.ScriptRuntime.getMessage0(ScriptRuntime.java:367)
	at com.google.javascript.jscomp.RhinoErrorReporter.<init>(RhinoErrorReporter.java:74)
	at com.google.javascript.jscomp.RhinoErrorReporter.<init>(RhinoErrorReporter.java:32)
	at com.google.javascript.jscomp.RhinoErrorReporter$OldRhinoErrorReporter.<init>(RhinoErrorReporter.java:143)
	at com.google.javascript.jscomp.RhinoErrorReporter$OldRhinoErrorReporter.<init>(RhinoErrorReporter.java:139)
	at com.google.javascript.jscomp.RhinoErrorReporter.forOldRhino(RhinoErrorReporter.java:108)
	at com.google.javascript.jscomp.Compiler.<init>(Compiler.java:151)
	at com.google.javascript.jscomp.Compiler.<init>(Compiler.java:185)
	at com.google.javascript.jscomp.CompilerTestCase.createCompiler(CompilerTestCase.java:1038)
	at com.google.javascript.jscomp.CompilerTestCase.test(CompilerTestCase.java:417)
	at com.google.javascript.jscomp.CompilerTestCase.test(CompilerTestCase.java:358)
	at com.google.javascript.jscomp.CompilerTestCase.test(CompilerTestCase.java:327)
	at com.google.javascript.jscomp.CompilerTestCase.test(CompilerTestCase.java:315)
	at com.google.javascript.jscomp.CompilerTestCase.testSame(CompilerTestCase.java:547)
	at com.google.javascript.jscomp.NameAnalyzerTest.testAliasInstanceof4(NameAnalyzerTest.java:1617)
	at sun.reflect.NativeMethodAccessorImpl.invoke0(Native Method)
	at sun.reflect.NativeMethodAccessorImpl.invoke(NativeMethodAccessorImpl.java:57)
	at sun.reflect.DelegatingMethodAccessorImpl.invoke(DelegatingMethodAccessorImpl.java:43)
	at java.lang.reflect.Method.invoke(Method.java:606)
	at junit.framework.TestCase.runTest(TestCase.java:176)
	at junit.framework.TestCase.runBare(TestCase.java:141)
	at junit.framework.TestResult$1.protect(TestResult.java:122)
	at junit.framework.TestResult.runProtected(TestResult.java:142)
	at junit.framework.TestResult.run(TestResult.java:125)
	at junit.framework.TestCase.run(TestCase.java:129)
	at junit.framework.TestSuite.runTest(TestSuite.java:255)
	at junit.framework.TestSuite.run(TestSuite.java:250)
	at org.junit.internal.runners.JUnit38ClassRunner.run(JUnit38ClassRunner.java:84)
	at com.gzoltar.lib.instrumentation.testing.junit.a.call(Unknown Source)
	at java.util.concurrent.FutureTask.run(FutureTask.java:262)
	at java.util.concurrent.ThreadPoolExecutor.runWorker(ThreadPoolExecutor.java:1145)
	at java.util.concurrent.ThreadPoolExecutor$Worker.run(ThreadPoolExecutor.java:615)
	at java.lang.Thread.run(Thread.java:745)
[ERROR] Class not found
java.lang.ClassNotFoundException: rhino_ast.java.com.google.javascript.rhino.Messages_en_US
	at java.lang.ClassLoader.findClass(ClassLoader.java:531)
	at java.lang.ClassLoader.loadClass(ClassLoader.java:425)
	at java.lang.ClassLoader.loadClass(ClassLoader.java:358)
	at com.gzoltar.lib.instrumentation.util.GZoltarClassLoader.loadClass(Unknown Source)
	at java.util.ResourceBundle$Control.newBundle(ResourceBundle.java:2566)
	at java.util.ResourceBundle.loadBundle(ResourceBundle.java:1436)
	at java.util.ResourceBundle.findBundle(ResourceBundle.java:1400)
	at java.util.ResourceBundle.getBundleImpl(ResourceBundle.java:1296)
	at java.util.ResourceBundle.getBundle(ResourceBundle.java:795)
	at com.google.javascript.rhino.ScriptRuntime.getMessage(ScriptRuntime.java:386)
	at com.google.javascript.rhino.ScriptRuntime.getMessage0(ScriptRuntime.java:367)
	at com.google.javascript.jscomp.RhinoErrorReporter.<init>(RhinoErrorReporter.java:74)
	at com.google.javascript.jscomp.RhinoErrorReporter.<init>(RhinoErrorReporter.java:32)
	at com.google.javascript.jscomp.RhinoErrorReporter$OldRhinoErrorReporter.<init>(RhinoErrorReporter.java:143)
	at com.google.javascript.jscomp.RhinoErrorReporter$OldRhinoErrorReporter.<init>(RhinoErrorReporter.java:139)
	at com.google.javascript.jscomp.RhinoErrorReporter.forOldRhino(RhinoErrorReporter.java:108)
	at com.google.javascript.jscomp.Compiler.<init>(Compiler.java:151)
	at com.google.javascript.jscomp.Compiler.<init>(Compiler.java:185)
	at com.google.javascript.jscomp.CompilerTestCase.createCompiler(CompilerTestCase.java:1038)
	at com.google.javascript.jscomp.CompilerTestCase.test(CompilerTestCase.java:417)
	at com.google.javascript.jscomp.CompilerTestCase.test(CompilerTestCase.java:358)
	at com.google.javascript.jscomp.CompilerTestCase.test(CompilerTestCase.java:327)
	at com.google.javascript.jscomp.CompilerTestCase.test(CompilerTestCase.java:315)
	at com.google.javascript.jscomp.CompilerTestCase.testSame(CompilerTestCase.java:547)
	at com.google.javascript.jscomp.NameAnalyzerTest.testAliasInstanceof4(NameAnalyzerTest.java:1617)
	at sun.reflect.NativeMethodAccessorImpl.invoke0(Native Method)
	at sun.reflect.NativeMethodAccessorImpl.invoke(NativeMethodAccessorImpl.java:57)
	at sun.reflect.DelegatingMethodAccessorImpl.invoke(DelegatingMethodAccessorImpl.java:43)
	at java.lang.reflect.Method.invoke(Method.java:606)
	at junit.framework.TestCase.runTest(TestCase.java:176)
	at junit.framework.TestCase.runBare(TestCase.java:141)
	at junit.framework.TestResult$1.protect(TestResult.java:122)
	at junit.framework.TestResult.runProtected(TestResult.java:142)
	at junit.framework.TestResult.run(TestResult.java:125)
	at junit.framework.TestCase.run(TestCase.java:129)
	at junit.framework.TestSuite.runTest(TestSuite.java:255)
	at junit.framework.TestSuite.run(TestSuite.java:250)
	at org.junit.internal.runners.JUnit38ClassRunner.run(JUnit38ClassRunner.java:84)
	at com.gzoltar.lib.instrumentation.testing.junit.a.call(Unknown Source)
	at java.util.concurrent.FutureTask.run(FutureTask.java:262)
	at java.util.concurrent.ThreadPoolExecutor.runWorker(ThreadPoolExecutor.java:1145)
	at java.util.concurrent.ThreadPoolExecutor$Worker.run(ThreadPoolExecutor.java:615)
	at java.lang.Thread.run(Thread.java:745)
[ERROR] Class not found
java.lang.ClassNotFoundException: com.google.javascript.rhino.head.VMBridge_custom
	at java.lang.ClassLoader.findClass(ClassLoader.java:531)
	at java.lang.ClassLoader.loadClass(ClassLoader.java:425)
	at java.lang.ClassLoader.loadClass(ClassLoader.java:358)
	at com.gzoltar.lib.instrumentation.util.GZoltarClassLoader.loadClass(Unknown Source)
	at java.lang.Class.forName0(Native Method)
	at java.lang.Class.forName(Class.java:195)
	at com.google.javascript.rhino.head.Kit.classOrNull(Kit.java:74)
	at com.google.javascript.rhino.head.VMBridge.makeInstance(VMBridge.java:61)
	at com.google.javascript.rhino.head.VMBridge.<clinit>(VMBridge.java:49)
	at com.google.javascript.rhino.head.Context.getCurrentContext(Context.java:376)
	at com.google.javascript.rhino.head.ScriptRuntime$DefaultMessageProvider.getMessage(ScriptRuntime.java:3674)
	at com.google.javascript.rhino.head.ScriptRuntime.getMessage(ScriptRuntime.java:3662)
	at com.google.javascript.rhino.head.ScriptRuntime.getMessage0(ScriptRuntime.java:3611)
	at com.google.javascript.jscomp.RhinoErrorReporter.<init>(RhinoErrorReporter.java:74)
	at com.google.javascript.jscomp.RhinoErrorReporter.<init>(RhinoErrorReporter.java:32)
	at com.google.javascript.jscomp.RhinoErrorReporter$OldRhinoErrorReporter.<init>(RhinoErrorReporter.java:143)
	at com.google.javascript.jscomp.RhinoErrorReporter$OldRhinoErrorReporter.<init>(RhinoErrorReporter.java:139)
	at com.google.javascript.jscomp.RhinoErrorReporter.forOldRhino(RhinoErrorReporter.java:108)
	at com.google.javascript.jscomp.Compiler.<init>(Compiler.java:151)
	at com.google.javascript.jscomp.Compiler.<init>(Compiler.java:185)
	at com.google.javascript.jscomp.CompilerTestCase.createCompiler(CompilerTestCase.java:1038)
	at com.google.javascript.jscomp.CompilerTestCase.test(CompilerTestCase.java:417)
	at com.google.javascript.jscomp.CompilerTestCase.test(CompilerTestCase.java:358)
	at com.google.javascript.jscomp.CompilerTestCase.test(CompilerTestCase.java:327)
	at com.google.javascript.jscomp.CompilerTestCase.test(CompilerTestCase.java:315)
	at com.google.javascript.jscomp.CompilerTestCase.testSame(CompilerTestCase.java:547)
	at com.google.javascript.jscomp.NameAnalyzerTest.testAliasInstanceof4(NameAnalyzerTest.java:1617)
	at sun.reflect.NativeMethodAccessorImpl.invoke0(Native Method)
	at sun.reflect.NativeMethodAccessorImpl.invoke(NativeMethodAccessorImpl.java:57)
	at sun.reflect.DelegatingMethodAccessorImpl.invoke(DelegatingMethodAccessorImpl.java:43)
	at java.lang.reflect.Method.invoke(Method.java:606)
	at junit.framework.TestCase.runTest(TestCase.java:176)
	at junit.framework.TestCase.runBare(TestCase.java:141)
	at junit.framework.TestResult$1.protect(TestResult.java:122)
	at junit.framework.TestResult.runProtected(TestResult.java:142)
	at junit.framework.TestResult.run(TestResult.java:125)
	at junit.framework.TestCase.run(TestCase.java:129)
	at junit.framework.TestSuite.runTest(TestSuite.java:255)
	at junit.framework.TestSuite.run(TestSuite.java:250)
	at org.junit.internal.runners.JUnit38ClassRunner.run(JUnit38ClassRunner.java:84)
	at com.gzoltar.lib.instrumentation.testing.junit.a.call(Unknown Source)
	at java.util.concurrent.FutureTask.run(FutureTask.java:262)
	at java.util.concurrent.ThreadPoolExecutor.runWorker(ThreadPoolExecutor.java:1145)
	at java.util.concurrent.ThreadPoolExecutor$Worker.run(ThreadPoolExecutor.java:615)
	at java.lang.Thread.run(Thread.java:745)
[ERROR] Class not found
java.lang.ClassNotFoundException: com.google.javascript.rhino.head.resources.Messages
	at java.lang.ClassLoader.findClass(ClassLoader.java:531)
	at java.lang.ClassLoader.loadClass(ClassLoader.java:425)
	at java.lang.ClassLoader.loadClass(ClassLoader.java:358)
	at com.gzoltar.lib.instrumentation.util.GZoltarClassLoader.loadClass(Unknown Source)
	at java.util.ResourceBundle$Control.newBundle(ResourceBundle.java:2566)
	at java.util.ResourceBundle.loadBundle(ResourceBundle.java:1436)
	at java.util.ResourceBundle.findBundle(ResourceBundle.java:1400)
	at java.util.ResourceBundle.findBundle(ResourceBundle.java:1354)
	at java.util.ResourceBundle.findBundle(ResourceBundle.java:1354)
	at java.util.ResourceBundle.getBundleImpl(ResourceBundle.java:1296)
	at java.util.ResourceBundle.getBundle(ResourceBundle.java:795)
	at com.google.javascript.rhino.head.ScriptRuntime$DefaultMessageProvider.getMessage(ScriptRuntime.java:3678)
	at com.google.javascript.rhino.head.ScriptRuntime.getMessage(ScriptRuntime.java:3662)
	at com.google.javascript.rhino.head.ScriptRuntime.getMessage0(ScriptRuntime.java:3611)
	at com.google.javascript.jscomp.RhinoErrorReporter.<init>(RhinoErrorReporter.java:74)
	at com.google.javascript.jscomp.RhinoErrorReporter.<init>(RhinoErrorReporter.java:32)
	at com.google.javascript.jscomp.RhinoErrorReporter$OldRhinoErrorReporter.<init>(RhinoErrorReporter.java:143)
	at com.google.javascript.jscomp.RhinoErrorReporter$OldRhinoErrorReporter.<init>(RhinoErrorReporter.java:139)
	at com.google.javascript.jscomp.RhinoErrorReporter.forOldRhino(RhinoErrorReporter.java:108)
	at com.google.javascript.jscomp.Compiler.<init>(Compiler.java:151)
	at com.google.javascript.jscomp.Compiler.<init>(Compiler.java:185)
	at com.google.javascript.jscomp.CompilerTestCase.createCompiler(CompilerTestCase.java:1038)
	at com.google.javascript.jscomp.CompilerTestCase.test(CompilerTestCase.java:417)
	at com.google.javascript.jscomp.CompilerTestCase.test(CompilerTestCase.java:358)
	at com.google.javascript.jscomp.CompilerTestCase.test(CompilerTestCase.java:327)
	at com.google.javascript.jscomp.CompilerTestCase.test(CompilerTestCase.java:315)
	at com.google.javascript.jscomp.CompilerTestCase.testSame(CompilerTestCase.java:547)
	at com.google.javascript.jscomp.NameAnalyzerTest.testAliasInstanceof4(NameAnalyzerTest.java:1617)
	at sun.reflect.NativeMethodAccessorImpl.invoke0(Native Method)
	at sun.reflect.NativeMethodAccessorImpl.invoke(NativeMethodAccessorImpl.java:57)
	at sun.reflect.DelegatingMethodAccessorImpl.invoke(DelegatingMethodAccessorImpl.java:43)
	at java.lang.reflect.Method.invoke(Method.java:606)
	at junit.framework.TestCase.runTest(TestCase.java:176)
	at junit.framework.TestCase.runBare(TestCase.java:141)
	at junit.framework.TestResult$1.protect(TestResult.java:122)
	at junit.framework.TestResult.runProtected(TestResult.java:142)
	at junit.framework.TestResult.run(TestResult.java:125)
	at junit.framework.TestCase.run(TestCase.java:129)
	at junit.framework.TestSuite.runTest(TestSuite.java:255)
	at junit.framework.TestSuite.run(TestSuite.java:250)
	at org.junit.internal.runners.JUnit38ClassRunner.run(JUnit38ClassRunner.java:84)
	at com.gzoltar.lib.instrumentation.testing.junit.a.call(Unknown Source)
	at java.util.concurrent.FutureTask.run(FutureTask.java:262)
	at java.util.concurrent.ThreadPoolExecutor.runWorker(ThreadPoolExecutor.java:1145)
	at java.util.concurrent.ThreadPoolExecutor$Worker.run(ThreadPoolExecutor.java:615)
	at java.lang.Thread.run(Thread.java:745)
[ERROR] Class not found
java.lang.ClassNotFoundException: com.google.javascript.rhino.head.resources.Messages_en
	at java.lang.ClassLoader.findClass(ClassLoader.java:531)
	at java.lang.ClassLoader.loadClass(ClassLoader.java:425)
	at java.lang.ClassLoader.loadClass(ClassLoader.java:358)
	at com.gzoltar.lib.instrumentation.util.GZoltarClassLoader.loadClass(Unknown Source)
	at java.util.ResourceBundle$Control.newBundle(ResourceBundle.java:2566)
	at java.util.ResourceBundle.loadBundle(ResourceBundle.java:1436)
	at java.util.ResourceBundle.findBundle(ResourceBundle.java:1400)
	at java.util.ResourceBundle.findBundle(ResourceBundle.java:1354)
	at java.util.ResourceBundle.getBundleImpl(ResourceBundle.java:1296)
	at java.util.ResourceBundle.getBundle(ResourceBundle.java:795)
	at com.google.javascript.rhino.head.ScriptRuntime$DefaultMessageProvider.getMessage(ScriptRuntime.java:3678)
	at com.google.javascript.rhino.head.ScriptRuntime.getMessage(ScriptRuntime.java:3662)
	at com.google.javascript.rhino.head.ScriptRuntime.getMessage0(ScriptRuntime.java:3611)
	at com.google.javascript.jscomp.RhinoErrorReporter.<init>(RhinoErrorReporter.java:74)
	at com.google.javascript.jscomp.RhinoErrorReporter.<init>(RhinoErrorReporter.java:32)
	at com.google.javascript.jscomp.RhinoErrorReporter$OldRhinoErrorReporter.<init>(RhinoErrorReporter.java:143)
	at com.google.javascript.jscomp.RhinoErrorReporter$OldRhinoErrorReporter.<init>(RhinoErrorReporter.java:139)
	at com.google.javascript.jscomp.RhinoErrorReporter.forOldRhino(RhinoErrorReporter.java:108)
	at com.google.javascript.jscomp.Compiler.<init>(Compiler.java:151)
	at com.google.javascript.jscomp.Compiler.<init>(Compiler.java:185)
	at com.google.javascript.jscomp.CompilerTestCase.createCompiler(CompilerTestCase.java:1038)
	at com.google.javascript.jscomp.CompilerTestCase.test(CompilerTestCase.java:417)
	at com.google.javascript.jscomp.CompilerTestCase.test(CompilerTestCase.java:358)
	at com.google.javascript.jscomp.CompilerTestCase.test(CompilerTestCase.java:327)
	at com.google.javascript.jscomp.CompilerTestCase.test(CompilerTestCase.java:315)
	at com.google.javascript.jscomp.CompilerTestCase.testSame(CompilerTestCase.java:547)
	at com.google.javascript.jscomp.NameAnalyzerTest.testAliasInstanceof4(NameAnalyzerTest.java:1617)
	at sun.reflect.NativeMethodAccessorImpl.invoke0(Native Method)
	at sun.reflect.NativeMethodAccessorImpl.invoke(NativeMethodAccessorImpl.java:57)
	at sun.reflect.DelegatingMethodAccessorImpl.invoke(DelegatingMethodAccessorImpl.java:43)
	at java.lang.reflect.Method.invoke(Method.java:606)
	at junit.framework.TestCase.runTest(TestCase.java:176)
	at junit.framework.TestCase.runBare(TestCase.java:141)
	at junit.framework.TestResult$1.protect(TestResult.java:122)
	at junit.framework.TestResult.runProtected(TestResult.java:142)
	at junit.framework.TestResult.run(TestResult.java:125)
	at junit.framework.TestCase.run(TestCase.java:129)
	at junit.framework.TestSuite.runTest(TestSuite.java:255)
	at junit.framework.TestSuite.run(TestSuite.java:250)
	at org.junit.internal.runners.JUnit38ClassRunner.run(JUnit38ClassRunner.java:84)
	at com.gzoltar.lib.instrumentation.testing.junit.a.call(Unknown Source)
	at java.util.concurrent.FutureTask.run(FutureTask.java:262)
	at java.util.concurrent.ThreadPoolExecutor.runWorker(ThreadPoolExecutor.java:1145)
	at java.util.concurrent.ThreadPoolExecutor$Worker.run(ThreadPoolExecutor.java:615)
	at java.lang.Thread.run(Thread.java:745)
[ERROR] Class not found
java.lang.ClassNotFoundException: com.google.javascript.rhino.head.resources.Messages_en_US
	at java.lang.ClassLoader.findClass(ClassLoader.java:531)
	at java.lang.ClassLoader.loadClass(ClassLoader.java:425)
	at java.lang.ClassLoader.loadClass(ClassLoader.java:358)
	at com.gzoltar.lib.instrumentation.util.GZoltarClassLoader.loadClass(Unknown Source)
	at java.util.ResourceBundle$Control.newBundle(ResourceBundle.java:2566)
	at java.util.ResourceBundle.loadBundle(ResourceBundle.java:1436)
	at java.util.ResourceBundle.findBundle(ResourceBundle.java:1400)
	at java.util.ResourceBundle.getBundleImpl(ResourceBundle.java:1296)
	at java.util.ResourceBundle.getBundle(ResourceBundle.java:795)
	at com.google.javascript.rhino.head.ScriptRuntime$DefaultMessageProvider.getMessage(ScriptRuntime.java:3678)
	at com.google.javascript.rhino.head.ScriptRuntime.getMessage(ScriptRuntime.java:3662)
	at com.google.javascript.rhino.head.ScriptRuntime.getMessage0(ScriptRuntime.java:3611)
	at com.google.javascript.jscomp.RhinoErrorReporter.<init>(RhinoErrorReporter.java:74)
	at com.google.javascript.jscomp.RhinoErrorReporter.<init>(RhinoErrorReporter.java:32)
	at com.google.javascript.jscomp.RhinoErrorReporter$OldRhinoErrorReporter.<init>(RhinoErrorReporter.java:143)
	at com.google.javascript.jscomp.RhinoErrorReporter$OldRhinoErrorReporter.<init>(RhinoErrorReporter.java:139)
	at com.google.javascript.jscomp.RhinoErrorReporter.forOldRhino(RhinoErrorReporter.java:108)
	at com.google.javascript.jscomp.Compiler.<init>(Compiler.java:151)
	at com.google.javascript.jscomp.Compiler.<init>(Compiler.java:185)
	at com.google.javascript.jscomp.CompilerTestCase.createCompiler(CompilerTestCase.java:1038)
	at com.google.javascript.jscomp.CompilerTestCase.test(CompilerTestCase.java:417)
	at com.google.javascript.jscomp.CompilerTestCase.test(CompilerTestCase.java:358)
	at com.google.javascript.jscomp.CompilerTestCase.test(CompilerTestCase.java:327)
	at com.google.javascript.jscomp.CompilerTestCase.test(CompilerTestCase.java:315)
	at com.google.javascript.jscomp.CompilerTestCase.testSame(CompilerTestCase.java:547)
	at com.google.javascript.jscomp.NameAnalyzerTest.testAliasInstanceof4(NameAnalyzerTest.java:1617)
	at sun.reflect.NativeMethodAccessorImpl.invoke0(Native Method)
	at sun.reflect.NativeMethodAccessorImpl.invoke(NativeMethodAccessorImpl.java:57)
	at sun.reflect.DelegatingMethodAccessorImpl.invoke(DelegatingMethodAccessorImpl.java:43)
	at java.lang.reflect.Method.invoke(Method.java:606)
	at junit.framework.TestCase.runTest(TestCase.java:176)
	at junit.framework.TestCase.runBare(TestCase.java:141)
	at junit.framework.TestResult$1.protect(TestResult.java:122)
	at junit.framework.TestResult.runProtected(TestResult.java:142)
	at junit.framework.TestResult.run(TestResult.java:125)
	at junit.framework.TestCase.run(TestCase.java:129)
	at junit.framework.TestSuite.runTest(TestSuite.java:255)
	at junit.framework.TestSuite.run(TestSuite.java:250)
	at org.junit.internal.runners.JUnit38ClassRunner.run(JUnit38ClassRunner.java:84)
	at com.gzoltar.lib.instrumentation.testing.junit.a.call(Unknown Source)
	at java.util.concurrent.FutureTask.run(FutureTask.java:262)
	at java.util.concurrent.ThreadPoolExecutor.runWorker(ThreadPoolExecutor.java:1145)
	at java.util.concurrent.ThreadPoolExecutor$Worker.run(ThreadPoolExecutor.java:615)
	at java.lang.Thread.run(Thread.java:745)
[ERROR] Class not found
java.lang.ClassNotFoundException: com.google.javascript.jscomp.parsing.ParserConfig
	at java.lang.ClassLoader.findClass(ClassLoader.java:531)
	at java.lang.ClassLoader.loadClass(ClassLoader.java:425)
	at java.lang.ClassLoader.loadClass(ClassLoader.java:358)
	at com.gzoltar.lib.instrumentation.util.GZoltarClassLoader.loadClass(Unknown Source)
	at java.util.ResourceBundle$Control.newBundle(ResourceBundle.java:2566)
	at java.util.ResourceBundle.loadBundle(ResourceBundle.java:1436)
	at java.util.ResourceBundle.findBundle(ResourceBundle.java:1400)
	at java.util.ResourceBundle.findBundle(ResourceBundle.java:1354)
	at java.util.ResourceBundle.findBundle(ResourceBundle.java:1354)
	at java.util.ResourceBundle.getBundleImpl(ResourceBundle.java:1296)
	at java.util.ResourceBundle.getBundle(ResourceBundle.java:721)
	at com.google.javascript.jscomp.parsing.ParserRunner.initResourceConfig(ParserRunner.java:81)
	at com.google.javascript.jscomp.parsing.ParserRunner.createConfig(ParserRunner.java:64)
	at com.google.javascript.jscomp.Compiler.getParserConfig(Compiler.java:1910)
	at com.google.javascript.jscomp.JsAst.parse(JsAst.java:86)
	at com.google.javascript.jscomp.JsAst.getAstRoot(JsAst.java:52)
	at com.google.javascript.jscomp.CompilerInput.getAstRoot(CompilerInput.java:119)
	at com.google.javascript.jscomp.Compiler.parseInputs(Compiler.java:1233)
	at com.google.javascript.jscomp.CompilerTestCase.test(CompilerTestCase.java:726)
	at com.google.javascript.jscomp.CompilerTestCase.test(CompilerTestCase.java:433)
	at com.google.javascript.jscomp.CompilerTestCase.test(CompilerTestCase.java:358)
	at com.google.javascript.jscomp.CompilerTestCase.test(CompilerTestCase.java:327)
	at com.google.javascript.jscomp.CompilerTestCase.test(CompilerTestCase.java:315)
	at com.google.javascript.jscomp.CompilerTestCase.testSame(CompilerTestCase.java:547)
	at com.google.javascript.jscomp.NameAnalyzerTest.testAliasInstanceof4(NameAnalyzerTest.java:1617)
	at sun.reflect.NativeMethodAccessorImpl.invoke0(Native Method)
	at sun.reflect.NativeMethodAccessorImpl.invoke(NativeMethodAccessorImpl.java:57)
	at sun.reflect.DelegatingMethodAccessorImpl.invoke(DelegatingMethodAccessorImpl.java:43)
	at java.lang.reflect.Method.invoke(Method.java:606)
	at junit.framework.TestCase.runTest(TestCase.java:176)
	at junit.framework.TestCase.runBare(TestCase.java:141)
	at junit.framework.TestResult$1.protect(TestResult.java:122)
	at junit.framework.TestResult.runProtected(TestResult.java:142)
	at junit.framework.TestResult.run(TestResult.java:125)
	at junit.framework.TestCase.run(TestCase.java:129)
	at junit.framework.TestSuite.runTest(TestSuite.java:255)
	at junit.framework.TestSuite.run(TestSuite.java:250)
	at org.junit.internal.runners.JUnit38ClassRunner.run(JUnit38ClassRunner.java:84)
	at com.gzoltar.lib.instrumentation.testing.junit.a.call(Unknown Source)
	at java.util.concurrent.FutureTask.run(FutureTask.java:262)
	at java.util.concurrent.ThreadPoolExecutor.runWorker(ThreadPoolExecutor.java:1145)
	at java.util.concurrent.ThreadPoolExecutor$Worker.run(ThreadPoolExecutor.java:615)
	at java.lang.Thread.run(Thread.java:745)
[ERROR] Class not found
java.lang.ClassNotFoundException: com.google.javascript.jscomp.parsing.ParserConfig_en
	at java.lang.ClassLoader.findClass(ClassLoader.java:531)
	at java.lang.ClassLoader.loadClass(ClassLoader.java:425)
	at java.lang.ClassLoader.loadClass(ClassLoader.java:358)
	at com.gzoltar.lib.instrumentation.util.GZoltarClassLoader.loadClass(Unknown Source)
	at java.util.ResourceBundle$Control.newBundle(ResourceBundle.java:2566)
	at java.util.ResourceBundle.loadBundle(ResourceBundle.java:1436)
	at java.util.ResourceBundle.findBundle(ResourceBundle.java:1400)
	at java.util.ResourceBundle.findBundle(ResourceBundle.java:1354)
	at java.util.ResourceBundle.getBundleImpl(ResourceBundle.java:1296)
	at java.util.ResourceBundle.getBundle(ResourceBundle.java:721)
	at com.google.javascript.jscomp.parsing.ParserRunner.initResourceConfig(ParserRunner.java:81)
	at com.google.javascript.jscomp.parsing.ParserRunner.createConfig(ParserRunner.java:64)
	at com.google.javascript.jscomp.Compiler.getParserConfig(Compiler.java:1910)
	at com.google.javascript.jscomp.JsAst.parse(JsAst.java:86)
	at com.google.javascript.jscomp.JsAst.getAstRoot(JsAst.java:52)
	at com.google.javascript.jscomp.CompilerInput.getAstRoot(CompilerInput.java:119)
	at com.google.javascript.jscomp.Compiler.parseInputs(Compiler.java:1233)
	at com.google.javascript.jscomp.CompilerTestCase.test(CompilerTestCase.java:726)
	at com.google.javascript.jscomp.CompilerTestCase.test(CompilerTestCase.java:433)
	at com.google.javascript.jscomp.CompilerTestCase.test(CompilerTestCase.java:358)
	at com.google.javascript.jscomp.CompilerTestCase.test(CompilerTestCase.java:327)
	at com.google.javascript.jscomp.CompilerTestCase.test(CompilerTestCase.java:315)
	at com.google.javascript.jscomp.CompilerTestCase.testSame(CompilerTestCase.java:547)
	at com.google.javascript.jscomp.NameAnalyzerTest.testAliasInstanceof4(NameAnalyzerTest.java:1617)
	at sun.reflect.NativeMethodAccessorImpl.invoke0(Native Method)
	at sun.reflect.NativeMethodAccessorImpl.invoke(NativeMethodAccessorImpl.java:57)
	at sun.reflect.DelegatingMethodAccessorImpl.invoke(DelegatingMethodAccessorImpl.java:43)
	at java.lang.reflect.Method.invoke(Method.java:606)
	at junit.framework.TestCase.runTest(TestCase.java:176)
	at junit.framework.TestCase.runBare(TestCase.java:141)
	at junit.framework.TestResult$1.protect(TestResult.java:122)
	at junit.framework.TestResult.runProtected(TestResult.java:142)
	at junit.framework.TestResult.run(TestResult.java:125)
	at junit.framework.TestCase.run(TestCase.java:129)
	at junit.framework.TestSuite.runTest(TestSuite.java:255)
	at junit.framework.TestSuite.run(TestSuite.java:250)
	at org.junit.internal.runners.JUnit38ClassRunner.run(JUnit38ClassRunner.java:84)
	at com.gzoltar.lib.instrumentation.testing.junit.a.call(Unknown Source)
	at java.util.concurrent.FutureTask.run(FutureTask.java:262)
	at java.util.concurrent.ThreadPoolExecutor.runWorker(ThreadPoolExecutor.java:1145)
	at java.util.concurrent.ThreadPoolExecutor$Worker.run(ThreadPoolExecutor.java:615)
	at java.lang.Thread.run(Thread.java:745)
[ERROR] Class not found
java.lang.ClassNotFoundException: com.google.javascript.jscomp.parsing.ParserConfig_en_US
	at java.lang.ClassLoader.findClass(ClassLoader.java:531)
	at java.lang.ClassLoader.loadClass(ClassLoader.java:425)
	at java.lang.ClassLoader.loadClass(ClassLoader.java:358)
	at com.gzoltar.lib.instrumentation.util.GZoltarClassLoader.loadClass(Unknown Source)
	at java.util.ResourceBundle$Control.newBundle(ResourceBundle.java:2566)
	at java.util.ResourceBundle.loadBundle(ResourceBundle.java:1436)
	at java.util.ResourceBundle.findBundle(ResourceBundle.java:1400)
	at java.util.ResourceBundle.getBundleImpl(ResourceBundle.java:1296)
	at java.util.ResourceBundle.getBundle(ResourceBundle.java:721)
	at com.google.javascript.jscomp.parsing.ParserRunner.initResourceConfig(ParserRunner.java:81)
	at com.google.javascript.jscomp.parsing.ParserRunner.createConfig(ParserRunner.java:64)
	at com.google.javascript.jscomp.Compiler.getParserConfig(Compiler.java:1910)
	at com.google.javascript.jscomp.JsAst.parse(JsAst.java:86)
	at com.google.javascript.jscomp.JsAst.getAstRoot(JsAst.java:52)
	at com.google.javascript.jscomp.CompilerInput.getAstRoot(CompilerInput.java:119)
	at com.google.javascript.jscomp.Compiler.parseInputs(Compiler.java:1233)
	at com.google.javascript.jscomp.CompilerTestCase.test(CompilerTestCase.java:726)
	at com.google.javascript.jscomp.CompilerTestCase.test(CompilerTestCase.java:433)
	at com.google.javascript.jscomp.CompilerTestCase.test(CompilerTestCase.java:358)
	at com.google.javascript.jscomp.CompilerTestCase.test(CompilerTestCase.java:327)
	at com.google.javascript.jscomp.CompilerTestCase.test(CompilerTestCase.java:315)
	at com.google.javascript.jscomp.CompilerTestCase.testSame(CompilerTestCase.java:547)
	at com.google.javascript.jscomp.NameAnalyzerTest.testAliasInstanceof4(NameAnalyzerTest.java:1617)
	at sun.reflect.NativeMethodAccessorImpl.invoke0(Native Method)
	at sun.reflect.NativeMethodAccessorImpl.invoke(NativeMethodAccessorImpl.java:57)
	at sun.reflect.DelegatingMethodAccessorImpl.invoke(DelegatingMethodAccessorImpl.java:43)
	at java.lang.reflect.Method.invoke(Method.java:606)
	at junit.framework.TestCase.runTest(TestCase.java:176)
	at junit.framework.TestCase.runBare(TestCase.java:141)
	at junit.framework.TestResult$1.protect(TestResult.java:122)
	at junit.framework.TestResult.runProtected(TestResult.java:142)
	at junit.framework.TestResult.run(TestResult.java:125)
	at junit.framework.TestCase.run(TestCase.java:129)
	at junit.framework.TestSuite.runTest(TestSuite.java:255)
	at junit.framework.TestSuite.run(TestSuite.java:250)
	at org.junit.internal.runners.JUnit38ClassRunner.run(JUnit38ClassRunner.java:84)
	at com.gzoltar.lib.instrumentation.testing.junit.a.call(Unknown Source)
	at java.util.concurrent.FutureTask.run(FutureTask.java:262)
	at java.util.concurrent.ThreadPoolExecutor.runWorker(ThreadPoolExecutor.java:1145)
	at java.util.concurrent.ThreadPoolExecutor$Worker.run(ThreadPoolExecutor.java:615)
	at java.lang.Thread.run(Thread.java:745)
* Finished com.google.javascript.jscomp.NameAnalyzerTest#testAliasInstanceof4
* Started com.google.javascript.jscomp.NameAnalyzerTest#testAliasInstanceof5
* Finished com.google.javascript.jscomp.NameAnalyzerTest#testAliasInstanceof5
* Started com.google.javascript.jscomp.NameAnalyzerTest#testExpressions1
* Finished com.google.javascript.jscomp.NameAnalyzerTest#testExpressions1
* Started com.google.javascript.jscomp.NameAnalyzerTest#testExpressions2
* Finished com.google.javascript.jscomp.NameAnalyzerTest#testExpressions2
* Started com.google.javascript.jscomp.NameAnalyzerTest#testExpressions3
* Finished com.google.javascript.jscomp.NameAnalyzerTest#testExpressions3
* Started com.google.javascript.jscomp.NameAnalyzerTest#testRemoveRecursiveFunction1
* Finished com.google.javascript.jscomp.NameAnalyzerTest#testRemoveRecursiveFunction1
* Started com.google.javascript.jscomp.NameAnalyzerTest#testRemoveRecursiveFunction2
* Finished com.google.javascript.jscomp.NameAnalyzerTest#testRemoveRecursiveFunction2
* Started com.google.javascript.jscomp.NameAnalyzerTest#testRemoveRecursiveFunction3
* Finished com.google.javascript.jscomp.NameAnalyzerTest#testRemoveRecursiveFunction3
* Started com.google.javascript.jscomp.NameAnalyzerTest#testRemoveRecursiveFunction4
* Finished com.google.javascript.jscomp.NameAnalyzerTest#testRemoveRecursiveFunction4
* Started com.google.javascript.jscomp.NameAnalyzerTest#testRemoveRecursiveFunction5
* Finished com.google.javascript.jscomp.NameAnalyzerTest#testRemoveRecursiveFunction5
* Started com.google.javascript.jscomp.NameAnalyzerTest#testRemoveRecursiveFunction6
* Finished com.google.javascript.jscomp.NameAnalyzerTest#testRemoveRecursiveFunction6
* Started com.google.javascript.jscomp.NameAnalyzerTest#testRemoveRecursiveFunction7
* Finished com.google.javascript.jscomp.NameAnalyzerTest#testRemoveRecursiveFunction7
* Started com.google.javascript.jscomp.NameAnalyzerTest#testRemoveRecursiveFunction8
* Finished com.google.javascript.jscomp.NameAnalyzerTest#testRemoveRecursiveFunction8
* Started com.google.javascript.jscomp.NameAnalyzerTest#testRemoveRecursiveFunction9
* Finished com.google.javascript.jscomp.NameAnalyzerTest#testRemoveRecursiveFunction9
* Started com.google.javascript.jscomp.NameAnalyzerTest#testTopLevelClass1
* Finished com.google.javascript.jscomp.NameAnalyzerTest#testTopLevelClass1
* Started com.google.javascript.jscomp.NameAnalyzerTest#testTopLevelClass2
* Finished com.google.javascript.jscomp.NameAnalyzerTest#testTopLevelClass2
* Started com.google.javascript.jscomp.NameAnalyzerTest#testTopLevelClass3
* Finished com.google.javascript.jscomp.NameAnalyzerTest#testTopLevelClass3
* Started com.google.javascript.jscomp.NameAnalyzerTest#testTopLevelClass4
* Finished com.google.javascript.jscomp.NameAnalyzerTest#testTopLevelClass4
* Started com.google.javascript.jscomp.NameAnalyzerTest#testTopLevelClass5
* Finished com.google.javascript.jscomp.NameAnalyzerTest#testTopLevelClass5
* Started com.google.javascript.jscomp.NameAnalyzerTest#testTopLevelClass6
* Finished com.google.javascript.jscomp.NameAnalyzerTest#testTopLevelClass6
* Started com.google.javascript.jscomp.NameAnalyzerTest#testTopLevelClass7
* Finished com.google.javascript.jscomp.NameAnalyzerTest#testTopLevelClass7
* Started com.google.javascript.jscomp.NameAnalyzerTest#testSetterInSwitchInput
* Finished com.google.javascript.jscomp.NameAnalyzerTest#testSetterInSwitchInput
* Started com.google.javascript.jscomp.NameAnalyzerTest#testBug2099540
* Finished com.google.javascript.jscomp.NameAnalyzerTest#testBug2099540
* Started com.google.javascript.jscomp.NameAnalyzerTest#testExternName1
* Finished com.google.javascript.jscomp.NameAnalyzerTest#testExternName1
* Started com.google.javascript.jscomp.NameAnalyzerTest#testExternName2
* Finished com.google.javascript.jscomp.NameAnalyzerTest#testExternName2
* Started com.google.javascript.jscomp.NameAnalyzerTest#testSetterInIfPredicate
* Finished com.google.javascript.jscomp.NameAnalyzerTest#testSetterInIfPredicate
* Started com.google.javascript.jscomp.NameAnalyzerTest#testArrayAliasExt
* Finished com.google.javascript.jscomp.NameAnalyzerTest#testArrayAliasExt
* Started com.google.javascript.jscomp.NameAnalyzerTest#testNoSideEffectAnnotation1
* Finished com.google.javascript.jscomp.NameAnalyzerTest#testNoSideEffectAnnotation1
* Started com.google.javascript.jscomp.NameAnalyzerTest#testNoSideEffectAnnotation2
* Finished com.google.javascript.jscomp.NameAnalyzerTest#testNoSideEffectAnnotation2
* Started com.google.javascript.jscomp.NameAnalyzerTest#testNoSideEffectAnnotation3
* Finished com.google.javascript.jscomp.NameAnalyzerTest#testNoSideEffectAnnotation3
* Started com.google.javascript.jscomp.NameAnalyzerTest#testNoSideEffectAnnotation4
* Finished com.google.javascript.jscomp.NameAnalyzerTest#testNoSideEffectAnnotation4
* Started com.google.javascript.jscomp.NameAnalyzerTest#testNoSideEffectAnnotation5
* Finished com.google.javascript.jscomp.NameAnalyzerTest#testNoSideEffectAnnotation5
* Started com.google.javascript.jscomp.NameAnalyzerTest#testNoSideEffectAnnotation6
* Finished com.google.javascript.jscomp.NameAnalyzerTest#testNoSideEffectAnnotation6
* Started com.google.javascript.jscomp.NameAnalyzerTest#testNoSideEffectAnnotation7
* Finished com.google.javascript.jscomp.NameAnalyzerTest#testNoSideEffectAnnotation7
* Started com.google.javascript.jscomp.NameAnalyzerTest#testNoSideEffectAnnotation8
* Finished com.google.javascript.jscomp.NameAnalyzerTest#testNoSideEffectAnnotation8
* Started com.google.javascript.jscomp.NameAnalyzerTest#testNoSideEffectAnnotation9
* Finished com.google.javascript.jscomp.NameAnalyzerTest#testNoSideEffectAnnotation9
* Started com.google.javascript.jscomp.NameAnalyzerTest#testNamespacedClass1
* Finished com.google.javascript.jscomp.NameAnalyzerTest#testNamespacedClass1
* Started com.google.javascript.jscomp.NameAnalyzerTest#testNamespacedClass2
* Finished com.google.javascript.jscomp.NameAnalyzerTest#testNamespacedClass2
* Started com.google.javascript.jscomp.NameAnalyzerTest#testNamespacedClass3
* Finished com.google.javascript.jscomp.NameAnalyzerTest#testNamespacedClass3
* Started com.google.javascript.jscomp.NameAnalyzerTest#testNamespacedClass4
* Finished com.google.javascript.jscomp.NameAnalyzerTest#testNamespacedClass4
* Started com.google.javascript.jscomp.NameAnalyzerTest#testNamespacedClass5
* Finished com.google.javascript.jscomp.NameAnalyzerTest#testNamespacedClass5
* Started com.google.javascript.jscomp.NameAnalyzerTest#testGetElem1
* Finished com.google.javascript.jscomp.NameAnalyzerTest#testGetElem1
* Started com.google.javascript.jscomp.NameAnalyzerTest#testGetElem2
* Finished com.google.javascript.jscomp.NameAnalyzerTest#testGetElem2
* Started com.google.javascript.jscomp.NameAnalyzerTest#testGetElem3
* Finished com.google.javascript.jscomp.NameAnalyzerTest#testGetElem3
* Started com.google.javascript.jscomp.NameAnalyzerTest#testRemoveVarDeclartion1
* Finished com.google.javascript.jscomp.NameAnalyzerTest#testRemoveVarDeclartion1
* Started com.google.javascript.jscomp.NameAnalyzerTest#testRemoveVarDeclartion2
* Finished com.google.javascript.jscomp.NameAnalyzerTest#testRemoveVarDeclartion2
* Started com.google.javascript.jscomp.NameAnalyzerTest#testRemoveVarDeclartion3
* Finished com.google.javascript.jscomp.NameAnalyzerTest#testRemoveVarDeclartion3
* Started com.google.javascript.jscomp.NameAnalyzerTest#testRemoveVarDeclartion4
* Finished com.google.javascript.jscomp.NameAnalyzerTest#testRemoveVarDeclartion4
* Started com.google.javascript.jscomp.NameAnalyzerTest#testRemoveVarDeclartion5
* Finished com.google.javascript.jscomp.NameAnalyzerTest#testRemoveVarDeclartion5
* Started com.google.javascript.jscomp.NameAnalyzerTest#testRemoveVarDeclartion6
* Finished com.google.javascript.jscomp.NameAnalyzerTest#testRemoveVarDeclartion6
* Started com.google.javascript.jscomp.NameAnalyzerTest#testRemoveVarDeclartion7
* Finished com.google.javascript.jscomp.NameAnalyzerTest#testRemoveVarDeclartion7
* Started com.google.javascript.jscomp.NameAnalyzerTest#testRemoveVarDeclartion8
* Finished com.google.javascript.jscomp.NameAnalyzerTest#testRemoveVarDeclartion8
* Started com.google.javascript.jscomp.NameAnalyzerTest#testRValueReference1
* Finished com.google.javascript.jscomp.NameAnalyzerTest#testRValueReference1
* Started com.google.javascript.jscomp.NameAnalyzerTest#testRValueReference2
* Finished com.google.javascript.jscomp.NameAnalyzerTest#testRValueReference2
* Started com.google.javascript.jscomp.NameAnalyzerTest#testRValueReference3
* Finished com.google.javascript.jscomp.NameAnalyzerTest#testRValueReference3
* Started com.google.javascript.jscomp.NameAnalyzerTest#testRValueReference4
* Finished com.google.javascript.jscomp.NameAnalyzerTest#testRValueReference4
* Started com.google.javascript.jscomp.NameAnalyzerTest#testRValueReference5
* Finished com.google.javascript.jscomp.NameAnalyzerTest#testRValueReference5
* Started com.google.javascript.jscomp.NameAnalyzerTest#testRValueReference6
* Finished com.google.javascript.jscomp.NameAnalyzerTest#testRValueReference6
* Started com.google.javascript.jscomp.NameAnalyzerTest#testRemoveFunction
* Finished com.google.javascript.jscomp.NameAnalyzerTest#testRemoveFunction
* Started com.google.javascript.jscomp.NameAnalyzerTest#testFor
* Finished com.google.javascript.jscomp.NameAnalyzerTest#testFor
* Started com.google.javascript.jscomp.NameAnalyzerTest#testIf1
* Finished com.google.javascript.jscomp.NameAnalyzerTest#testIf1
* Started com.google.javascript.jscomp.NameAnalyzerTest#testIf2
* Finished com.google.javascript.jscomp.NameAnalyzerTest#testIf2
* Started com.google.javascript.jscomp.NameAnalyzerTest#testIf3
* Finished com.google.javascript.jscomp.NameAnalyzerTest#testIf3
* Started com.google.javascript.jscomp.NameAnalyzerTest#testIf4
* Finished com.google.javascript.jscomp.NameAnalyzerTest#testIf4
* Started com.google.javascript.jscomp.NameAnalyzerTest#testIf5
* Finished com.google.javascript.jscomp.NameAnalyzerTest#testIf5
* Started com.google.javascript.jscomp.NameAnalyzerTest#testExternalAliasInstanceof1
* Finished com.google.javascript.jscomp.NameAnalyzerTest#testExternalAliasInstanceof1
* Started com.google.javascript.jscomp.NameAnalyzerTest#testExternalAliasInstanceof2
* Finished com.google.javascript.jscomp.NameAnalyzerTest#testExternalAliasInstanceof2
* Started com.google.javascript.jscomp.NameAnalyzerTest#testExternalAliasInstanceof3
* Finished com.google.javascript.jscomp.NameAnalyzerTest#testExternalAliasInstanceof3
* Started com.google.javascript.jscomp.NameAnalyzerTest#testAnonymous1
* Finished com.google.javascript.jscomp.NameAnalyzerTest#testAnonymous1
* Started com.google.javascript.jscomp.NameAnalyzerTest#testAnonymous2
* Finished com.google.javascript.jscomp.NameAnalyzerTest#testAnonymous2
* Started com.google.javascript.jscomp.NameAnalyzerTest#testAnonymous3
* Finished com.google.javascript.jscomp.NameAnalyzerTest#testAnonymous3
* Started com.google.javascript.jscomp.NameAnalyzerTest#testAnonymous4
* Finished com.google.javascript.jscomp.NameAnalyzerTest#testAnonymous4
* Started com.google.javascript.jscomp.NameAnalyzerTest#testAnonymous5
* Finished com.google.javascript.jscomp.NameAnalyzerTest#testAnonymous5
* Started com.google.javascript.jscomp.NameAnalyzerTest#testAnonymous6
* Finished com.google.javascript.jscomp.NameAnalyzerTest#testAnonymous6
* Started com.google.javascript.jscomp.NameAnalyzerTest#testAnonymous7
* Finished com.google.javascript.jscomp.NameAnalyzerTest#testAnonymous7
* Started com.google.javascript.jscomp.NameAnalyzerTest#testAnonymous8
* Finished com.google.javascript.jscomp.NameAnalyzerTest#testAnonymous8
* Started com.google.javascript.jscomp.NameAnalyzerTest#testAnonymous9
* Finished com.google.javascript.jscomp.NameAnalyzerTest#testAnonymous9
* Started com.google.javascript.jscomp.NameAnalyzerTest#testSideEffectClassification1
* Finished com.google.javascript.jscomp.NameAnalyzerTest#testSideEffectClassification1
* Started com.google.javascript.jscomp.NameAnalyzerTest#testSideEffectClassification2
* Finished com.google.javascript.jscomp.NameAnalyzerTest#testSideEffectClassification2
* Started com.google.javascript.jscomp.NameAnalyzerTest#testSideEffectClassification3
* Finished com.google.javascript.jscomp.NameAnalyzerTest#testSideEffectClassification3
* Started com.google.javascript.jscomp.NameAnalyzerTest#testSideEffectClassification4
* Finished com.google.javascript.jscomp.NameAnalyzerTest#testSideEffectClassification4
* Started com.google.javascript.jscomp.NameAnalyzerTest#testSideEffectClassification5
* Finished com.google.javascript.jscomp.NameAnalyzerTest#testSideEffectClassification5
* Started com.google.javascript.jscomp.NameAnalyzerTest#testSideEffectClassification6
* Finished com.google.javascript.jscomp.NameAnalyzerTest#testSideEffectClassification6
* Started com.google.javascript.jscomp.NameAnalyzerTest#testSideEffectClassification7
* Finished com.google.javascript.jscomp.NameAnalyzerTest#testSideEffectClassification7
* Started com.google.javascript.jscomp.NameAnalyzerTest#testRemoveInstanceOfOnly
* Finished com.google.javascript.jscomp.NameAnalyzerTest#testRemoveInstanceOfOnly
* Started com.google.javascript.jscomp.NameAnalyzerTest#testRefChain1
* Finished com.google.javascript.jscomp.NameAnalyzerTest#testRefChain1
* Started com.google.javascript.jscomp.NameAnalyzerTest#testRefChain2
* Finished com.google.javascript.jscomp.NameAnalyzerTest#testRefChain2
* Started com.google.javascript.jscomp.NameAnalyzerTest#testRefChain3
* Finished com.google.javascript.jscomp.NameAnalyzerTest#testRefChain3
* Started com.google.javascript.jscomp.NameAnalyzerTest#testRefChain4
* Finished com.google.javascript.jscomp.NameAnalyzerTest#testRefChain4
* Started com.google.javascript.jscomp.NameAnalyzerTest#testRefChain5
* Finished com.google.javascript.jscomp.NameAnalyzerTest#testRefChain5
* Started com.google.javascript.jscomp.NameAnalyzerTest#testRefChain6
* Finished com.google.javascript.jscomp.NameAnalyzerTest#testRefChain6
* Started com.google.javascript.jscomp.NameAnalyzerTest#testRefChain7
* Finished com.google.javascript.jscomp.NameAnalyzerTest#testRefChain7
* Started com.google.javascript.jscomp.NameAnalyzerTest#testRefChain8
* Finished com.google.javascript.jscomp.NameAnalyzerTest#testRefChain8
* Started com.google.javascript.jscomp.NameAnalyzerTest#testRefChain9
* Finished com.google.javascript.jscomp.NameAnalyzerTest#testRefChain9
* Started com.google.javascript.jscomp.NameAnalyzerTest#testWhile
* Finished com.google.javascript.jscomp.NameAnalyzerTest#testWhile
* Started com.google.javascript.jscomp.NameAnalyzerTest#testRhsAssign1
* Finished com.google.javascript.jscomp.NameAnalyzerTest#testRhsAssign1
* Started com.google.javascript.jscomp.NameAnalyzerTest#testRhsAssign2
* Finished com.google.javascript.jscomp.NameAnalyzerTest#testRhsAssign2
* Started com.google.javascript.jscomp.NameAnalyzerTest#testRhsAssign3
* Finished com.google.javascript.jscomp.NameAnalyzerTest#testRhsAssign3
* Started com.google.javascript.jscomp.NameAnalyzerTest#testRhsAssign4
* Finished com.google.javascript.jscomp.NameAnalyzerTest#testRhsAssign4
* Started com.google.javascript.jscomp.NameAnalyzerTest#testRhsAssign5
* Finished com.google.javascript.jscomp.NameAnalyzerTest#testRhsAssign5
* Started com.google.javascript.jscomp.NameAnalyzerTest#testRhsAssign6
* Finished com.google.javascript.jscomp.NameAnalyzerTest#testRhsAssign6
* Started com.google.javascript.jscomp.NameAnalyzerTest#testRhsAssign7
* Finished com.google.javascript.jscomp.NameAnalyzerTest#testRhsAssign7
* Started com.google.javascript.jscomp.NameAnalyzerTest#testRhsAssign8
* Finished com.google.javascript.jscomp.NameAnalyzerTest#testRhsAssign8
* Started com.google.javascript.jscomp.NameAnalyzerTest#testRhsAssign9
* Finished com.google.javascript.jscomp.NameAnalyzerTest#testRhsAssign9
* Started com.google.javascript.jscomp.NameAnalyzerTest#testFunctionPrototype
* Finished com.google.javascript.jscomp.NameAnalyzerTest#testFunctionPrototype
* Started com.google.javascript.jscomp.NameAnalyzerTest#testSetterInForStruct10
* Finished com.google.javascript.jscomp.NameAnalyzerTest#testSetterInForStruct10
* Started com.google.javascript.jscomp.NameAnalyzerTest#testSetterInForStruct11
* Finished com.google.javascript.jscomp.NameAnalyzerTest#testSetterInForStruct11
* Started com.google.javascript.jscomp.NameAnalyzerTest#testSetterInForStruct12
* Finished com.google.javascript.jscomp.NameAnalyzerTest#testSetterInForStruct12
* Started com.google.javascript.jscomp.NameAnalyzerTest#testSetterInForStruct13
* Finished com.google.javascript.jscomp.NameAnalyzerTest#testSetterInForStruct13
* Started com.google.javascript.jscomp.NameAnalyzerTest#testSetterInForStruct14
* Finished com.google.javascript.jscomp.NameAnalyzerTest#testSetterInForStruct14
* Started com.google.javascript.jscomp.NameAnalyzerTest#testSetterInForStruct15
* Finished com.google.javascript.jscomp.NameAnalyzerTest#testSetterInForStruct15
* Started com.google.javascript.jscomp.NameAnalyzerTest#testSetterInForStruct16
* Finished com.google.javascript.jscomp.NameAnalyzerTest#testSetterInForStruct16
* Started com.google.javascript.jscomp.NameAnalyzerTest#testAssignWithAnd1
* Finished com.google.javascript.jscomp.NameAnalyzerTest#testAssignWithAnd1
* Started com.google.javascript.jscomp.NameAnalyzerTest#testAssignWithAnd2
* Finished com.google.javascript.jscomp.NameAnalyzerTest#testAssignWithAnd2
* Started com.google.javascript.jscomp.NameAnalyzerTest#testAssignmentToCallResultPrototype
* Finished com.google.javascript.jscomp.NameAnalyzerTest#testAssignmentToCallResultPrototype
* Started com.google.javascript.jscomp.NameAnalyzerTest#testRemoveAlias
* Finished com.google.javascript.jscomp.NameAnalyzerTest#testRemoveAlias
* Started com.google.javascript.jscomp.NameAnalyzerTest#testConstants1
* Finished com.google.javascript.jscomp.NameAnalyzerTest#testConstants1
* Started com.google.javascript.jscomp.NameAnalyzerTest#testConstants2
* Finished com.google.javascript.jscomp.NameAnalyzerTest#testConstants2
* Started com.google.javascript.jscomp.NameAnalyzerTest#testNoSideEffectAnnotation10
* Finished com.google.javascript.jscomp.NameAnalyzerTest#testNoSideEffectAnnotation10
* Started com.google.javascript.jscomp.NameAnalyzerTest#testNoSideEffectAnnotation11
* Finished com.google.javascript.jscomp.NameAnalyzerTest#testNoSideEffectAnnotation11
* Started com.google.javascript.jscomp.NameAnalyzerTest#testNoSideEffectAnnotation12
* Finished com.google.javascript.jscomp.NameAnalyzerTest#testNoSideEffectAnnotation12
* Started com.google.javascript.jscomp.NameAnalyzerTest#testNoSideEffectAnnotation13
* Finished com.google.javascript.jscomp.NameAnalyzerTest#testNoSideEffectAnnotation13
* Started com.google.javascript.jscomp.NameAnalyzerTest#testNoSideEffectAnnotation14
* Finished com.google.javascript.jscomp.NameAnalyzerTest#testNoSideEffectAnnotation14
* Started com.google.javascript.jscomp.NameAnalyzerTest#testNoSideEffectAnnotation15
* Finished com.google.javascript.jscomp.NameAnalyzerTest#testNoSideEffectAnnotation15
* Started com.google.javascript.jscomp.NameAnalyzerTest#testNoSideEffectAnnotation16
* Finished com.google.javascript.jscomp.NameAnalyzerTest#testNoSideEffectAnnotation16
* Started com.google.javascript.jscomp.NameAnalyzerTest#testInherits1
* Finished com.google.javascript.jscomp.NameAnalyzerTest#testInherits1
* Started com.google.javascript.jscomp.NameAnalyzerTest#testInherits2
* Finished com.google.javascript.jscomp.NameAnalyzerTest#testInherits2
* Started com.google.javascript.jscomp.NameAnalyzerTest#testInherits3
* Finished com.google.javascript.jscomp.NameAnalyzerTest#testInherits3
* Started com.google.javascript.jscomp.NameAnalyzerTest#testInherits4
* Finished com.google.javascript.jscomp.NameAnalyzerTest#testInherits4
* Started com.google.javascript.jscomp.NameAnalyzerTest#testInherits5
* Finished com.google.javascript.jscomp.NameAnalyzerTest#testInherits5
* Started com.google.javascript.jscomp.NameAnalyzerTest#testInherits6
* Finished com.google.javascript.jscomp.NameAnalyzerTest#testInherits6
* Started com.google.javascript.jscomp.NameAnalyzerTest#testInherits7
* Finished com.google.javascript.jscomp.NameAnalyzerTest#testInherits7
* Started com.google.javascript.jscomp.NameAnalyzerTest#testInherits8
* Finished com.google.javascript.jscomp.NameAnalyzerTest#testInherits8
* Started com.google.javascript.jscomp.NameAnalyzerTest#testDo
* Finished com.google.javascript.jscomp.NameAnalyzerTest#testDo
* Started com.google.javascript.jscomp.NameAnalyzerTest#testFunctions1
* Finished com.google.javascript.jscomp.NameAnalyzerTest#testFunctions1
* Started com.google.javascript.jscomp.NameAnalyzerTest#testFunctions2
* Finished com.google.javascript.jscomp.NameAnalyzerTest#testFunctions2
* Started com.google.javascript.jscomp.NameAnalyzerTest#testSetterInDoWhilePredicate
* Finished com.google.javascript.jscomp.NameAnalyzerTest#testSetterInDoWhilePredicate
* Started com.google.javascript.jscomp.NameAnalyzerTest#testNestedAssign1
* Finished com.google.javascript.jscomp.NameAnalyzerTest#testNestedAssign1
* Started com.google.javascript.jscomp.NameAnalyzerTest#testNestedAssign2
* Finished com.google.javascript.jscomp.NameAnalyzerTest#testNestedAssign2
* Started com.google.javascript.jscomp.NameAnalyzerTest#testNestedAssign3
* Finished com.google.javascript.jscomp.NameAnalyzerTest#testNestedAssign3
* Started com.google.javascript.jscomp.NameAnalyzerTest#testNestedAssign4
* Finished com.google.javascript.jscomp.NameAnalyzerTest#testNestedAssign4
* Started com.google.javascript.jscomp.NameAnalyzerTest#testNestedAssign5
* Finished com.google.javascript.jscomp.NameAnalyzerTest#testNestedAssign5
* Started com.google.javascript.jscomp.NameAnalyzerTest#testNestedAssign6
* Finished com.google.javascript.jscomp.NameAnalyzerTest#testNestedAssign6
* Started com.google.javascript.jscomp.NameAnalyzerTest#testNestedAssign7
* Finished com.google.javascript.jscomp.NameAnalyzerTest#testNestedAssign7
* Started com.google.javascript.jscomp.NameAnalyzerTest#testNestedAssign8
* Finished com.google.javascript.jscomp.NameAnalyzerTest#testNestedAssign8
* Started com.google.javascript.jscomp.NameAnalyzerTest#testNestedAssigns
* Finished com.google.javascript.jscomp.NameAnalyzerTest#testNestedAssigns
* Started com.google.javascript.jscomp.NameAnalyzerTest#testDoNotChangeLocalScopeReferencedInstanceOf
* Finished com.google.javascript.jscomp.NameAnalyzerTest#testDoNotChangeLocalScopeReferencedInstanceOf
* Started com.google.javascript.jscomp.NameAnalyzerTest#testVarReferencedInClassDefinedInObjectLit1
* Finished com.google.javascript.jscomp.NameAnalyzerTest#testVarReferencedInClassDefinedInObjectLit1
* Started com.google.javascript.jscomp.NameAnalyzerTest#testVarReferencedInClassDefinedInObjectLit2
* Finished com.google.javascript.jscomp.NameAnalyzerTest#testVarReferencedInClassDefinedInObjectLit2
* Started com.google.javascript.jscomp.NameAnalyzerTest#testPrototypePropertySetInLocalScope1
* Finished com.google.javascript.jscomp.NameAnalyzerTest#testPrototypePropertySetInLocalScope1
* Started com.google.javascript.jscomp.NameAnalyzerTest#testPrototypePropertySetInLocalScope2
* Finished com.google.javascript.jscomp.NameAnalyzerTest#testPrototypePropertySetInLocalScope2
* Started com.google.javascript.jscomp.NameAnalyzerTest#testPrototypePropertySetInLocalScope3
* Finished com.google.javascript.jscomp.NameAnalyzerTest#testPrototypePropertySetInLocalScope3
* Started com.google.javascript.jscomp.NameAnalyzerTest#testPrototypePropertySetInLocalScope4
* Finished com.google.javascript.jscomp.NameAnalyzerTest#testPrototypePropertySetInLocalScope4
* Started com.google.javascript.jscomp.NameAnalyzerTest#testPrototypePropertySetInLocalScope5
* Finished com.google.javascript.jscomp.NameAnalyzerTest#testPrototypePropertySetInLocalScope5
* Started com.google.javascript.jscomp.NameAnalyzerTest#testPrototypePropertySetInLocalScope6
* Finished com.google.javascript.jscomp.NameAnalyzerTest#testPrototypePropertySetInLocalScope6
* Started com.google.javascript.jscomp.NameAnalyzerTest#testPrototypePropertySetInLocalScope7
* Finished com.google.javascript.jscomp.NameAnalyzerTest#testPrototypePropertySetInLocalScope7
* Started com.google.javascript.jscomp.NameAnalyzerTest#testArrayExt
* Finished com.google.javascript.jscomp.NameAnalyzerTest#testArrayExt
* Started com.google.javascript.jscomp.NameAnalyzerTest#testAssignmentToUnknownPrototype
* Finished com.google.javascript.jscomp.NameAnalyzerTest#testAssignmentToUnknownPrototype
* Started com.google.javascript.jscomp.NameAnalyzerTest#testNoRemoveAlias0
* Finished com.google.javascript.jscomp.NameAnalyzerTest#testNoRemoveAlias0
* Started com.google.javascript.jscomp.NameAnalyzerTest#testNoRemoveAlias1
* Finished com.google.javascript.jscomp.NameAnalyzerTest#testNoRemoveAlias1
* Started com.google.javascript.jscomp.NameAnalyzerTest#testNoRemoveAlias2
* Finished com.google.javascript.jscomp.NameAnalyzerTest#testNoRemoveAlias2
* Started com.google.javascript.jscomp.NameAnalyzerTest#testNoRemoveAlias3
* Finished com.google.javascript.jscomp.NameAnalyzerTest#testNoRemoveAlias3
* Started com.google.javascript.jscomp.NameAnalyzerTest#testShortCircuit1
* Finished com.google.javascript.jscomp.NameAnalyzerTest#testShortCircuit1
* Started com.google.javascript.jscomp.NameAnalyzerTest#testShortCircuit2
* Finished com.google.javascript.jscomp.NameAnalyzerTest#testShortCircuit2
* Started com.google.javascript.jscomp.NameAnalyzerTest#testShortCircuit3
* Finished com.google.javascript.jscomp.NameAnalyzerTest#testShortCircuit3
* Started com.google.javascript.jscomp.NameAnalyzerTest#testShortCircuit4
* Finished com.google.javascript.jscomp.NameAnalyzerTest#testShortCircuit4
* Started com.google.javascript.jscomp.NameAnalyzerTest#testShortCircuit5
* Finished com.google.javascript.jscomp.NameAnalyzerTest#testShortCircuit5
* Started com.google.javascript.jscomp.NameAnalyzerTest#testShortCircuit6
* Finished com.google.javascript.jscomp.NameAnalyzerTest#testShortCircuit6
* Started com.google.javascript.jscomp.NameAnalyzerTest#testShortCircuit7
* Finished com.google.javascript.jscomp.NameAnalyzerTest#testShortCircuit7
* Started com.google.javascript.jscomp.NameAnalyzerTest#testShortCircuit8
* Finished com.google.javascript.jscomp.NameAnalyzerTest#testShortCircuit8
* Started com.google.javascript.jscomp.NameAnalyzerTest#testUnintendedUseOfInheritsInLocalScope1
* Finished com.google.javascript.jscomp.NameAnalyzerTest#testUnintendedUseOfInheritsInLocalScope1
* Started com.google.javascript.jscomp.NameAnalyzerTest#testUnintendedUseOfInheritsInLocalScope2
* Finished com.google.javascript.jscomp.NameAnalyzerTest#testUnintendedUseOfInheritsInLocalScope2
* Started com.google.javascript.jscomp.NameAnalyzerTest#testUnintendedUseOfInheritsInLocalScope3
* Finished com.google.javascript.jscomp.NameAnalyzerTest#testUnintendedUseOfInheritsInLocalScope3
* Started com.google.javascript.jscomp.NameAnalyzerTest#testUnintendedUseOfInheritsInLocalScope4
* Finished com.google.javascript.jscomp.NameAnalyzerTest#testUnintendedUseOfInheritsInLocalScope4
* Started com.google.javascript.jscomp.NameAnalyzerTest#testSingletonGetter1
* Finished com.google.javascript.jscomp.NameAnalyzerTest#testSingletonGetter1
* Started com.google.javascript.jscomp.NameAnalyzerTest#testSingletonGetter2
* Finished com.google.javascript.jscomp.NameAnalyzerTest#testSingletonGetter2
* Started com.google.javascript.jscomp.NameAnalyzerTest#testSingletonGetter3
* Finished com.google.javascript.jscomp.NameAnalyzerTest#testSingletonGetter3
* Started com.google.javascript.jscomp.NameAnalyzerTest#testPropertyDefinedInGlobalScope
* Finished com.google.javascript.jscomp.NameAnalyzerTest#testPropertyDefinedInGlobalScope
* Started com.google.javascript.jscomp.NameAnalyzerTest#testNoRemoveAliasOfExternal0
* Finished com.google.javascript.jscomp.NameAnalyzerTest#testNoRemoveAliasOfExternal0
* Started com.google.javascript.jscomp.NameAnalyzerTest#testNoRemoveAliasOfExternal1
* Finished com.google.javascript.jscomp.NameAnalyzerTest#testNoRemoveAliasOfExternal1
* Started com.google.javascript.jscomp.NameAnalyzerTest#testNoRemoveAliasOfExternal2
* Finished com.google.javascript.jscomp.NameAnalyzerTest#testNoRemoveAliasOfExternal2
* Started com.google.javascript.jscomp.NameAnalyzerTest#testDoNotChangeReferencedInstanceOf
* Finished com.google.javascript.jscomp.NameAnalyzerTest#testDoNotChangeReferencedInstanceOf
* Started com.google.javascript.jscomp.NameAnalyzerTest#testRemovePrototypeDefinitionsInGlobalScope1
* Finished com.google.javascript.jscomp.NameAnalyzerTest#testRemovePrototypeDefinitionsInGlobalScope1
* Started com.google.javascript.jscomp.NameAnalyzerTest#testRemovePrototypeDefinitionsInGlobalScope2
* Finished com.google.javascript.jscomp.NameAnalyzerTest#testRemovePrototypeDefinitionsInGlobalScope2
* Started com.google.javascript.jscomp.NameAnalyzerTest#testAssignmentWithComplexLhs
* Finished com.google.javascript.jscomp.NameAnalyzerTest#testAssignmentWithComplexLhs
* Started com.google.javascript.jscomp.NameAnalyzerTest#testNestedAssign15
* Finished com.google.javascript.jscomp.NameAnalyzerTest#testNestedAssign15
* Started com.google.javascript.jscomp.NameAnalyzerTest#testClassDefinedInObjectLit1
* Finished com.google.javascript.jscomp.NameAnalyzerTest#testClassDefinedInObjectLit1
* Started com.google.javascript.jscomp.NameAnalyzerTest#testClassDefinedInObjectLit2
* Finished com.google.javascript.jscomp.NameAnalyzerTest#testClassDefinedInObjectLit2
* Started com.google.javascript.jscomp.NameAnalyzerTest#testClassDefinedInObjectLit3
* Finished com.google.javascript.jscomp.NameAnalyzerTest#testClassDefinedInObjectLit3
* Started com.google.javascript.jscomp.NameAnalyzerTest#testClassDefinedInObjectLit4
* Finished com.google.javascript.jscomp.NameAnalyzerTest#testClassDefinedInObjectLit4
* Started com.google.javascript.jscomp.NameAnalyzerTest#testBrokenNamespaceWithPrototypeAssignment
* Finished com.google.javascript.jscomp.NameAnalyzerTest#testBrokenNamespaceWithPrototypeAssignment
* Started com.google.javascript.jscomp.NameAnalyzerTest#testRemoveLabeledStatment
* Finished com.google.javascript.jscomp.NameAnalyzerTest#testRemoveLabeledStatment
* Started com.google.javascript.jscomp.NameAnalyzerTest#testRemoveNamedFunction
* Finished com.google.javascript.jscomp.NameAnalyzerTest#testRemoveNamedFunction
* Started com.google.javascript.jscomp.NameAnalyzerTest#testAssignmentWithComplexLhs2
* Finished com.google.javascript.jscomp.NameAnalyzerTest#testAssignmentWithComplexLhs2
* Started com.google.javascript.jscomp.NameAnalyzerTest#testAssignmentWithComplexLhs3
* Finished com.google.javascript.jscomp.NameAnalyzerTest#testAssignmentWithComplexLhs3
* Started com.google.javascript.jscomp.NameAnalyzerTest#testAssignmentWithComplexLhs4
* Finished com.google.javascript.jscomp.NameAnalyzerTest#testAssignmentWithComplexLhs4
* Started com.google.javascript.jscomp.NameAnalyzerTest#testRemoveInstanceOfWithReferencedMethod
* Finished com.google.javascript.jscomp.NameAnalyzerTest#testRemoveInstanceOfWithReferencedMethod
* Started com.google.javascript.jscomp.NameAnalyzerTest#testRefChain10
* Finished com.google.javascript.jscomp.NameAnalyzerTest#testRefChain10
* Started com.google.javascript.jscomp.NameAnalyzerTest#testRefChain11
* Finished com.google.javascript.jscomp.NameAnalyzerTest#testRefChain11
* Started com.google.javascript.jscomp.NameAnalyzerTest#testRefChain12
* Finished com.google.javascript.jscomp.NameAnalyzerTest#testRefChain12
* Started com.google.javascript.jscomp.NameAnalyzerTest#testRefChain13
* Finished com.google.javascript.jscomp.NameAnalyzerTest#testRefChain13
* Started com.google.javascript.jscomp.NameAnalyzerTest#testRefChain14
* Finished com.google.javascript.jscomp.NameAnalyzerTest#testRefChain14
* Started com.google.javascript.jscomp.NameAnalyzerTest#testRefChain15
* Finished com.google.javascript.jscomp.NameAnalyzerTest#testRefChain15
* Started com.google.javascript.jscomp.NameAnalyzerTest#testRefChain16
* Finished com.google.javascript.jscomp.NameAnalyzerTest#testRefChain16
* Started com.google.javascript.jscomp.NameAnalyzerTest#testRefChain17
* Finished com.google.javascript.jscomp.NameAnalyzerTest#testRefChain17
* Started com.google.javascript.jscomp.NameAnalyzerTest#testRefChain18
* Finished com.google.javascript.jscomp.NameAnalyzerTest#testRefChain18
* Started com.google.javascript.jscomp.NameAnalyzerTest#testRefChain19
* Finished com.google.javascript.jscomp.NameAnalyzerTest#testRefChain19
* Started com.google.javascript.jscomp.NameAnalyzerTest#testRefChain20
* Finished com.google.javascript.jscomp.NameAnalyzerTest#testRefChain20
* Started com.google.javascript.jscomp.NameAnalyzerTest#testRefChain21
* Finished com.google.javascript.jscomp.NameAnalyzerTest#testRefChain21
* Started com.google.javascript.jscomp.NameAnalyzerTest#testRefChain22
* Finished com.google.javascript.jscomp.NameAnalyzerTest#testRefChain22
* Started com.google.javascript.jscomp.NameAnalyzerTest#testRefChain23
* Finished com.google.javascript.jscomp.NameAnalyzerTest#testRefChain23
* Started com.google.javascript.jscomp.NameAnalyzerTest#testRemoveLabeledStatment2
* Finished com.google.javascript.jscomp.NameAnalyzerTest#testRemoveLabeledStatment2
* Started com.google.javascript.jscomp.NameAnalyzerTest#testRemoveLabeledStatment3
* Finished com.google.javascript.jscomp.NameAnalyzerTest#testRemoveLabeledStatment3
* Started com.google.javascript.jscomp.NameAnalyzerTest#testRemoveLabeledStatment4
* Finished com.google.javascript.jscomp.NameAnalyzerTest#testRemoveLabeledStatment4
* Started com.google.javascript.jscomp.NameAnalyzerTest#testReferredToByWindow
* Finished com.google.javascript.jscomp.NameAnalyzerTest#testReferredToByWindow
* Started com.google.javascript.jscomp.NameAnalyzerTest#testSetterInWhilePredicate
* Finished com.google.javascript.jscomp.NameAnalyzerTest#testSetterInWhilePredicate
* Started com.google.javascript.jscomp.NameAnalyzerTest#testComplexNestedAssigns1
* Finished com.google.javascript.jscomp.NameAnalyzerTest#testComplexNestedAssigns1
* Started com.google.javascript.jscomp.NameAnalyzerTest#testComplexNestedAssigns2
* Finished com.google.javascript.jscomp.NameAnalyzerTest#testComplexNestedAssigns2
* Started com.google.javascript.jscomp.NameAnalyzerTest#testComplexNestedAssigns3
* Finished com.google.javascript.jscomp.NameAnalyzerTest#testComplexNestedAssigns3
* Started com.google.javascript.jscomp.NameAnalyzerTest#testComplexNestedAssigns4
* Finished com.google.javascript.jscomp.NameAnalyzerTest#testComplexNestedAssigns4
* Started com.google.javascript.jscomp.NameAnalyzerTest#testAssignmentToThisPrototype
* Finished com.google.javascript.jscomp.NameAnalyzerTest#testAssignmentToThisPrototype
* Started com.google.javascript.jscomp.NameAnalyzerTest#testPreservePropertyMutationsToAlias1
* Finished com.google.javascript.jscomp.NameAnalyzerTest#testPreservePropertyMutationsToAlias1
* Started com.google.javascript.jscomp.NameAnalyzerTest#testPreservePropertyMutationsToAlias2
* Finished com.google.javascript.jscomp.NameAnalyzerTest#testPreservePropertyMutationsToAlias2
* Started com.google.javascript.jscomp.NameAnalyzerTest#testPreservePropertyMutationsToAlias3
* Finished com.google.javascript.jscomp.NameAnalyzerTest#testPreservePropertyMutationsToAlias3
* Started com.google.javascript.jscomp.NameAnalyzerTest#testPreservePropertyMutationsToAlias4
* Finished com.google.javascript.jscomp.NameAnalyzerTest#testPreservePropertyMutationsToAlias4
* Started com.google.javascript.jscomp.NameAnalyzerTest#testPreservePropertyMutationsToAlias5
* Finished com.google.javascript.jscomp.NameAnalyzerTest#testPreservePropertyMutationsToAlias5
* Started com.google.javascript.jscomp.NameAnalyzerTest#testPreservePropertyMutationsToAlias6
* Finished com.google.javascript.jscomp.NameAnalyzerTest#testPreservePropertyMutationsToAlias6
* Started com.google.javascript.jscomp.NameAnalyzerTest#testPreservePropertyMutationsToAlias7
* Finished com.google.javascript.jscomp.NameAnalyzerTest#testPreservePropertyMutationsToAlias7
* Started com.google.javascript.jscomp.NameAnalyzerTest#testPreservePropertyMutationsToAlias8
* Finished com.google.javascript.jscomp.NameAnalyzerTest#testPreservePropertyMutationsToAlias8
* Started com.google.javascript.jscomp.NameAnalyzerTest#testPreservePropertyMutationsToAlias9
* Finished com.google.javascript.jscomp.NameAnalyzerTest#testPreservePropertyMutationsToAlias9
* Started com.google.javascript.jscomp.NameAnalyzerTest#testNoRemovePrototypeDefinitionsOutsideGlobalScope1
* Finished com.google.javascript.jscomp.NameAnalyzerTest#testNoRemovePrototypeDefinitionsOutsideGlobalScope1
* Started com.google.javascript.jscomp.NameAnalyzerTest#testNoRemovePrototypeDefinitionsOutsideGlobalScope2
* Finished com.google.javascript.jscomp.NameAnalyzerTest#testNoRemovePrototypeDefinitionsOutsideGlobalScope2
* Started com.google.javascript.jscomp.NameAnalyzerTest#testNoRemovePrototypeDefinitionsOutsideGlobalScope4
* Finished com.google.javascript.jscomp.NameAnalyzerTest#testNoRemovePrototypeDefinitionsOutsideGlobalScope4
* Started com.google.javascript.jscomp.NameAnalyzerTest#testNoRemovePrototypeDefinitionsOutsideGlobalScope5
* Finished com.google.javascript.jscomp.NameAnalyzerTest#testNoRemovePrototypeDefinitionsOutsideGlobalScope5
* Started com.google.javascript.jscomp.NameAnalyzerTest#testDoNotChangeReferencedLocalScopedInstanceOf
* Finished com.google.javascript.jscomp.NameAnalyzerTest#testDoNotChangeReferencedLocalScopedInstanceOf
* Started com.google.javascript.jscomp.NameAnalyzerTest#testNoRemoveWindowPropertyAlias1
* Finished com.google.javascript.jscomp.NameAnalyzerTest#testNoRemoveWindowPropertyAlias1
* Started com.google.javascript.jscomp.NameAnalyzerTest#testNoRemoveWindowPropertyAlias2
* Finished com.google.javascript.jscomp.NameAnalyzerTest#testNoRemoveWindowPropertyAlias2
* Started com.google.javascript.jscomp.NameAnalyzerTest#testNoRemoveWindowPropertyAlias3
* Finished com.google.javascript.jscomp.NameAnalyzerTest#testNoRemoveWindowPropertyAlias3
* Started com.google.javascript.jscomp.NameAnalyzerTest#testSetCreatingReference
* Finished com.google.javascript.jscomp.NameAnalyzerTest#testSetCreatingReference
* Started com.google.javascript.jscomp.NameAnalyzerTest#testConditionallyDefinedFunction1
* Finished com.google.javascript.jscomp.NameAnalyzerTest#testConditionallyDefinedFunction1
* Started com.google.javascript.jscomp.NameAnalyzerTest#testConditionallyDefinedFunction2
* Finished com.google.javascript.jscomp.NameAnalyzerTest#testConditionallyDefinedFunction2
* Started com.google.javascript.jscomp.NameAnalyzerTest#testExtern
* Finished com.google.javascript.jscomp.NameAnalyzerTest#testExtern
* Started com.google.javascript.jscomp.NameAnalyzerTest#testUnhandledTopNode
* Finished com.google.javascript.jscomp.NameAnalyzerTest#testUnhandledTopNode
* Started com.google.javascript.jscomp.NameAnalyzerTest#testAssignWithHook1
* Finished com.google.javascript.jscomp.NameAnalyzerTest#testAssignWithHook1
* Started com.google.javascript.jscomp.NameAnalyzerTest#testAssignWithHook2
* Finished com.google.javascript.jscomp.NameAnalyzerTest#testAssignWithHook2
* Started com.google.javascript.jscomp.NameAnalyzerTest#testAssignWithHook3
* Finished com.google.javascript.jscomp.NameAnalyzerTest#testAssignWithHook3
* Started com.google.javascript.jscomp.NameAnalyzerTest#testAssignWithHook4
* Finished com.google.javascript.jscomp.NameAnalyzerTest#testAssignWithHook4
* Started com.google.javascript.jscomp.NameAnalyzerTest#testAssignWithHook5
* Finished com.google.javascript.jscomp.NameAnalyzerTest#testAssignWithHook5
* Started com.google.javascript.jscomp.NameAnalyzerTest#testAssignWithHook6
* Finished com.google.javascript.jscomp.NameAnalyzerTest#testAssignWithHook6
* Started com.google.javascript.jscomp.NameAnalyzerTest#testIssue284
* Failure: 
Expected: 
Result: goog.inherits(ns.PageSelectionModel.ChangeEvent,ns.PageSelectionModel.FooEvent)
Node tree inequality:
Tree1:
BLOCK [synthetic: 1]
    SCRIPT 1 [synthetic: 1] [source_file: expected0] [input_id: InputId: expected0]


Tree2:
BLOCK [synthetic: 1]
    SCRIPT 1 [synthetic: 1] [source_file: testcode] [input_id: InputId: testcode]
        EXPR_RESULT 1 [source_file: testcode]
            CALL 1 [source_file: testcode]
                GETPROP 1 [source_file: testcode]
                    NAME goog 1 [source_file: testcode]
                    STRING inherits 1 [source_file: testcode]
                GETPROP 1 [source_file: testcode]
                    GETPROP 1 [source_file: testcode]
                        NAME ns 1 [source_file: testcode]
                        STRING PageSelectionModel 1 [source_file: testcode]
                    STRING ChangeEvent 1 [source_file: testcode]
                GETPROP 1 [source_file: testcode]
                    GETPROP 1 [source_file: testcode]
                        NAME ns 1 [source_file: testcode]
                        STRING PageSelectionModel 1 [source_file: testcode]
                    STRING FooEvent 1 [source_file: testcode]


Subtree1: SCRIPT 1 [synthetic: 1] [source_file: expected0] [input_id: InputId: expected0]


Subtree2: SCRIPT 1 [synthetic: 1] [source_file: testcode] [input_id: InputId: testcode]
    EXPR_RESULT 1 [source_file: testcode]
        CALL 1 [source_file: testcode]
            GETPROP 1 [source_file: testcode]
                NAME goog 1 [source_file: testcode]
                STRING inherits 1 [source_file: testcode]
            GETPROP 1 [source_file: testcode]
                GETPROP 1 [source_file: testcode]
                    NAME ns 1 [source_file: testcode]
                    STRING PageSelectionModel 1 [source_file: testcode]
                STRING ChangeEvent 1 [source_file: testcode]
            GETPROP 1 [source_file: testcode]
                GETPROP 1 [source_file: testcode]
                    NAME ns 1 [source_file: testcode]
                    STRING PageSelectionModel 1 [source_file: testcode]
                STRING FooEvent 1 [source_file: testcode]
 | testIssue284(com.google.javascript.jscomp.NameAnalyzerTest)
junit.framework.AssertionFailedError: 
Expected: 
Result: goog.inherits(ns.PageSelectionModel.ChangeEvent,ns.PageSelectionModel.FooEvent)
Node tree inequality:
Tree1:
BLOCK [synthetic: 1]
    SCRIPT 1 [synthetic: 1] [source_file: expected0] [input_id: InputId: expected0]


Tree2:
BLOCK [synthetic: 1]
    SCRIPT 1 [synthetic: 1] [source_file: testcode] [input_id: InputId: testcode]
        EXPR_RESULT 1 [source_file: testcode]
            CALL 1 [source_file: testcode]
                GETPROP 1 [source_file: testcode]
                    NAME goog 1 [source_file: testcode]
                    STRING inherits 1 [source_file: testcode]
                GETPROP 1 [source_file: testcode]
                    GETPROP 1 [source_file: testcode]
                        NAME ns 1 [source_file: testcode]
                        STRING PageSelectionModel 1 [source_file: testcode]
                    STRING ChangeEvent 1 [source_file: testcode]
                GETPROP 1 [source_file: testcode]
                    GETPROP 1 [source_file: testcode]
                        NAME ns 1 [source_file: testcode]
                        STRING PageSelectionModel 1 [source_file: testcode]
                    STRING FooEvent 1 [source_file: testcode]


Subtree1: SCRIPT 1 [synthetic: 1] [source_file: expected0] [input_id: InputId: expected0]


Subtree2: SCRIPT 1 [synthetic: 1] [source_file: testcode] [input_id: InputId: testcode]
    EXPR_RESULT 1 [source_file: testcode]
        CALL 1 [source_file: testcode]
            GETPROP 1 [source_file: testcode]
                NAME goog 1 [source_file: testcode]
                STRING inherits 1 [source_file: testcode]
            GETPROP 1 [source_file: testcode]
                GETPROP 1 [source_file: testcode]
                    NAME ns 1 [source_file: testcode]
                    STRING PageSelectionModel 1 [source_file: testcode]
                STRING ChangeEvent 1 [source_file: testcode]
            GETPROP 1 [source_file: testcode]
                GETPROP 1 [source_file: testcode]
                    NAME ns 1 [source_file: testcode]
                    STRING PageSelectionModel 1 [source_file: testcode]
                STRING FooEvent 1 [source_file: testcode]

	at junit.framework.Assert.fail(Assert.java:57)
	at junit.framework.Assert.assertTrue(Assert.java:22)
	at junit.framework.Assert.assertNull(Assert.java:277)
	at junit.framework.TestCase.assertNull(TestCase.java:447)
	at com.google.javascript.jscomp.CompilerTestCase.test(CompilerTestCase.java:872)
	at com.google.javascript.jscomp.CompilerTestCase.test(CompilerTestCase.java:433)
	at com.google.javascript.jscomp.CompilerTestCase.test(CompilerTestCase.java:358)
	at com.google.javascript.jscomp.CompilerTestCase.test(CompilerTestCase.java:327)
	at com.google.javascript.jscomp.CompilerTestCase.test(CompilerTestCase.java:315)
	at com.google.javascript.jscomp.NameAnalyzerTest.testIssue284(NameAnalyzerTest.java:1644)
	at sun.reflect.NativeMethodAccessorImpl.invoke0(Native Method)
	at sun.reflect.NativeMethodAccessorImpl.invoke(NativeMethodAccessorImpl.java:57)
	at sun.reflect.DelegatingMethodAccessorImpl.invoke(DelegatingMethodAccessorImpl.java:43)
	at java.lang.reflect.Method.invoke(Method.java:606)
	at junit.framework.TestCase.runTest(TestCase.java:176)
	at junit.framework.TestCase.runBare(TestCase.java:141)
	at junit.framework.TestResult$1.protect(TestResult.java:122)
	at junit.framework.TestResult.runProtected(TestResult.java:142)
	at junit.framework.TestResult.run(TestResult.java:125)
	at junit.framework.TestCase.run(TestCase.java:129)
	at junit.framework.TestSuite.runTest(TestSuite.java:255)
	at junit.framework.TestSuite.run(TestSuite.java:250)
	at org.junit.internal.runners.JUnit38ClassRunner.run(JUnit38ClassRunner.java:84)
	at com.gzoltar.lib.instrumentation.testing.junit.a.call(Unknown Source)
	at java.util.concurrent.FutureTask.run(FutureTask.java:262)
	at java.util.concurrent.ThreadPoolExecutor.runWorker(ThreadPoolExecutor.java:1145)
	at java.util.concurrent.ThreadPoolExecutor$Worker.run(ThreadPoolExecutor.java:615)
	at java.lang.Thread.run(Thread.java:745)

* Finished com.google.javascript.jscomp.NameAnalyzerTest#testIssue284
* Started com.google.javascript.jscomp.NameAnalyzerTest#testDoNotChangeInstanceOfGetElem
* Finished com.google.javascript.jscomp.NameAnalyzerTest#testDoNotChangeInstanceOfGetElem
* Started com.google.javascript.jscomp.NameAnalyzerTest#testIfElse
* Finished com.google.javascript.jscomp.NameAnalyzerTest#testIfElse
* Started com.google.javascript.jscomp.NameAnalyzerTest#testAssignWithOr1
* Finished com.google.javascript.jscomp.NameAnalyzerTest#testAssignWithOr1
* Started com.google.javascript.jscomp.NameAnalyzerTest#testAssignWithOr2
* Finished com.google.javascript.jscomp.NameAnalyzerTest#testAssignWithOr2
* Started com.google.javascript.jscomp.NameAnalyzerTest#testMixin1
* Finished com.google.javascript.jscomp.NameAnalyzerTest#testMixin1
* Started com.google.javascript.jscomp.NameAnalyzerTest#testMixin2
* Finished com.google.javascript.jscomp.NameAnalyzerTest#testMixin2
* Started com.google.javascript.jscomp.NameAnalyzerTest#testMixin3
* Finished com.google.javascript.jscomp.NameAnalyzerTest#testMixin3
* Started com.google.javascript.jscomp.NameAnalyzerTest#testMixin4
* Finished com.google.javascript.jscomp.NameAnalyzerTest#testMixin4
* Started com.google.javascript.jscomp.NameAnalyzerTest#testMixin5
* Finished com.google.javascript.jscomp.NameAnalyzerTest#testMixin5
* Started com.google.javascript.jscomp.NameAnalyzerTest#testMixin6
* Finished com.google.javascript.jscomp.NameAnalyzerTest#testMixin6
* Started com.google.javascript.jscomp.NameAnalyzerTest#testMixin7
* Finished com.google.javascript.jscomp.NameAnalyzerTest#testMixin7
* Started com.google.javascript.jscomp.NameAnalyzerTest#testGetElemOnThis
* Finished com.google.javascript.jscomp.NameAnalyzerTest#testGetElemOnThis
* Started com.google.javascript.jscomp.NameAnalyzerTest#testComplexAssigns
* Finished com.google.javascript.jscomp.NameAnalyzerTest#testComplexAssigns
* Started com.google.javascript.jscomp.NameAnalyzerTest#testOtherGlobal
* Finished com.google.javascript.jscomp.NameAnalyzerTest#testOtherGlobal
* Started com.google.javascript.jscomp.NameAnalyzerTest#testNoRemoveThrowReference1
* Finished com.google.javascript.jscomp.NameAnalyzerTest#testNoRemoveThrowReference1
* Started com.google.javascript.jscomp.NameAnalyzerTest#testNoRemoveThrowReference2
* Finished com.google.javascript.jscomp.NameAnalyzerTest#testNoRemoveThrowReference2
* Started com.google.javascript.jscomp.NameAnalyzerTest#testSetterInForStruct1
* Finished com.google.javascript.jscomp.NameAnalyzerTest#testSetterInForStruct1
* Started com.google.javascript.jscomp.NameAnalyzerTest#testSetterInForStruct2
* Finished com.google.javascript.jscomp.NameAnalyzerTest#testSetterInForStruct2
* Started com.google.javascript.jscomp.NameAnalyzerTest#testSetterInForStruct3
* Finished com.google.javascript.jscomp.NameAnalyzerTest#testSetterInForStruct3
* Started com.google.javascript.jscomp.NameAnalyzerTest#testSetterInForStruct4
* Finished com.google.javascript.jscomp.NameAnalyzerTest#testSetterInForStruct4
* Started com.google.javascript.jscomp.NameAnalyzerTest#testSetterInForStruct5
* Finished com.google.javascript.jscomp.NameAnalyzerTest#testSetterInForStruct5
* Started com.google.javascript.jscomp.NameAnalyzerTest#testSetterInForStruct6
* Finished com.google.javascript.jscomp.NameAnalyzerTest#testSetterInForStruct6
* Started com.google.javascript.jscomp.NameAnalyzerTest#testSetterInForStruct7
* Finished com.google.javascript.jscomp.NameAnalyzerTest#testSetterInForStruct7
* Started com.google.javascript.jscomp.NameAnalyzerTest#testSetterInForStruct8
* Finished com.google.javascript.jscomp.NameAnalyzerTest#testSetterInForStruct8
* Started com.google.javascript.jscomp.NameAnalyzerTest#testSetterInForStruct9
* Finished com.google.javascript.jscomp.NameAnalyzerTest#testSetterInForStruct9
* Started com.google.javascript.jscomp.NameAnalyzerTest#testDoNotChangeLocalScopeReferencedLocalScopedInstanceOf
* Finished com.google.javascript.jscomp.NameAnalyzerTest#testDoNotChangeLocalScopeReferencedLocalScopedInstanceOf
* Started com.google.javascript.jscomp.NameAnalyzerTest#testRhsReference1
* Finished com.google.javascript.jscomp.NameAnalyzerTest#testRhsReference1
* Started com.google.javascript.jscomp.NameAnalyzerTest#testRhsReference2
* Finished com.google.javascript.jscomp.NameAnalyzerTest#testRhsReference2
* Started com.google.javascript.jscomp.NameAnalyzerTest#testRhsReference3
* Finished com.google.javascript.jscomp.NameAnalyzerTest#testRhsReference3
* Started com.google.javascript.jscomp.NameAnalyzerTest#testRhsReference4
* Finished com.google.javascript.jscomp.NameAnalyzerTest#testRhsReference4
* Started com.google.javascript.jscomp.NameAnalyzerTest#testRhsReference5
* Finished com.google.javascript.jscomp.NameAnalyzerTest#testRhsReference5
* Started com.google.javascript.jscomp.NameAnalyzerTest#testAssignmentToExternPrototype
* Finished com.google.javascript.jscomp.NameAnalyzerTest#testAssignmentToExternPrototype
* Started com.google.javascript.jscomp.NameAnalyzerTest#testSetterInForIn1
* Finished com.google.javascript.jscomp.NameAnalyzerTest#testSetterInForIn1
* Started com.google.javascript.jscomp.NameAnalyzerTest#testSetterInForIn2
* Finished com.google.javascript.jscomp.NameAnalyzerTest#testSetterInForIn2
* Started com.google.javascript.jscomp.NameAnalyzerTest#testSetterInForIn3
* Finished com.google.javascript.jscomp.NameAnalyzerTest#testSetterInForIn3
* Started com.google.javascript.jscomp.NameAnalyzerTest#testSetterInForIn4
* Finished com.google.javascript.jscomp.NameAnalyzerTest#testSetterInForIn4
* Started com.google.javascript.jscomp.NameAnalyzerTest#testSetterInForIn5
* Finished com.google.javascript.jscomp.NameAnalyzerTest#testSetterInForIn5
* Started com.google.javascript.jscomp.NameAnalyzerTest#testSetterInForIn6
* Finished com.google.javascript.jscomp.NameAnalyzerTest#testSetterInForIn6
* Started com.google.javascript.jscomp.NameAnalyzerTest#testWeirdnessOnLeftSideOfPrototype
* Finished com.google.javascript.jscomp.NameAnalyzerTest#testWeirdnessOnLeftSideOfPrototype
* Started com.google.javascript.jscomp.NameAnalyzerTest#testRemoveLocalScopedInstanceOfOnly
* Finished com.google.javascript.jscomp.NameAnalyzerTest#testRemoveLocalScopedInstanceOfOnly
* Filtering test cases that do not cover any component
* Sending data to master
* Closing connection with client
* Performing fault localization
* Running Ochiai
* Writing coverage matrix to '/home/yxb/Documents/rjust-fault-localization-data-f36d7eea9a9c/gzoltar/gzoltars/Closure/40/matrix'
* Writing spectra to '/home/yxb/Documents/rjust-fault-localization-data-f36d7eea9a9c/gzoltar/gzoltars/Closure/40/spectra'
* Metrics
* Computation finished
[INFO] End: Mon Aug 26 08:19:18 PDT 2019
[DEBUG] MATRIX OK
[DEBUG] SPECTRA OK

DONE!
