[DEBUG] PID: Closure
[DEBUG] VID: 91
[DEBUG] DATA_DIR: /home/yxb/Documents/rjust-fault-localization-data-f36d7eea9a9c/gzoltar/gzoltars/Closure/91
[DEBUG] TOOL: developer
[DEBUG] TESTS_DIR: 
[DEBUG] TMP_DIR: /tmp/yxb/gzoltar_103235_Closure-91
[DEBUG] DIR_PROJECT: /home/yxb/Documents/rjust-fault-localization-data-f36d7eea9a9c/defects4j//framework/projects/Closure
[DEBUG] DIR_LOADED_CLASSES: /home/yxb/Documents/rjust-fault-localization-data-f36d7eea9a9c/defects4j//framework/projects/Closure/loaded_classes
[DEBUG] DIR_RELEVANT_TESTS: /home/yxb/Documents/rjust-fault-localization-data-f36d7eea9a9c/defects4j//framework/projects/Closure/relevant_tests
[DEBUG] DIR_TRIGGER_TESTS: /home/yxb/Documents/rjust-fault-localization-data-f36d7eea9a9c/defects4j//framework/projects/Closure/trigger_tests
[DEBUG] JAVA_VERSION:
Picked up _JAVA_OPTIONS: -XX:MaxHeapSize=1024m -Xmx4096m
java version "1.7.0_80"
Java(TM) SE Runtime Environment (build 1.7.0_80-b15)
Java HotSpot(TM) 64-Bit Server VM (build 24.80-b11, mixed mode)
[INFO] Checking out Closure-91 to /tmp/yxb/gzoltar_103235_Closure-91
Check out 7eb2d84d to /tmp/yxb/gzoltar_103235_Closure-91................... OK
Init local repository...................................................... OK
Tag post-fix revision...................................................... OK
Run post-checkout hook..................................................... OK
Initialize fixed program version........................................... OK
Apply patch................................................................ OK
Initialize buggy program version........................................... OK
Diff 7eb2d84d:8eee751f..................................................... OK
Apply patch................................................................ OK
Tag pre-fix revision....................................................... OK
Check out program version: Closure-91b..................................... OK
[DEBUG] LOADED_CLASSES: com.google.javascript.rhino.jstype.StringType:com.google.javascript.jscomp.LightweightMessageFormatter:com.google.javascript.jscomp.ComposeWarningsGuard:com.google.javascript.rhino.FunctionNode:com.google.javascript.jscomp.TypeCheck:com.google.javascript.rhino.EvaluatorException:com.google.javascript.rhino.Node:com.google.javascript.jscomp.JSModule:com.google.javascript.rhino.jstype.NumberType:com.google.javascript.jscomp.PassConfig:com.google.javascript.rhino.jstype.PrototypeObjectType:com.google.javascript.jscomp.NodeTraversal:com.google.javascript.rhino.JSDocInfoBuilder:com.google.javascript.rhino.jstype.TemplateType:com.google.javascript.jscomp.JSSourceFile:com.google.javascript.jscomp.SourceFile:com.google.javascript.jscomp.parsing.TypeSafeDispatcher:com.google.javascript.jscomp.LineNumberCheck:com.google.javascript.rhino.jstype.JSTypeRegistry:com.google.javascript.jscomp.DefaultCodingConvention:com.google.javascript.jscomp.JSError:com.google.javascript.jscomp.parsing.Config:com.google.javascript.jscomp.ErrorFormat:com.google.javascript.rhino.ScriptRuntime:com.google.javascript.jscomp.DiagnosticType:com.google.javascript.jscomp.NodeUtil:com.google.javascript.jscomp.ChainableReverseAbstractInterpreter:com.google.javascript.jscomp.CheckGlobalThis:com.google.javascript.rhino.jstype.ObjectType:com.google.javascript.jscomp.SourceAst:com.google.javascript.rhino.jstype.FunctionType:com.google.javascript.jscomp.parsing.JsDocToken:com.google.javascript.jscomp.ScopeCreator:com.google.javascript.rhino.ScriptOrFnNode:com.google.javascript.rhino.Token:com.google.javascript.jscomp.deps.DependencyInfo:com.google.javascript.jscomp.CompilerOptions:com.google.javascript.jscomp.VariableReferenceCheck:com.google.javascript.jscomp.CodePrinter:com.google.javascript.jscomp.parsing.JsDocInfoParser:com.google.javascript.jscomp.AbstractMessageFormatter:com.google.javascript.rhino.jstype.JSType:com.google.javascript.jscomp.Region:com.google.javascript.rhino.jstype.UnresolvedTypeExpression:com.google.javascript.jscomp.CheckLevel:com.google.javascript.jscomp.parsing.ParserRunner:com.google.javascript.jscomp.DefaultPassConfig:com.google.javascript.jscomp.deps.SortedDependencies:com.google.javascript.rhino.jstype.NoType:com.google.javascript.jscomp.AbstractCompiler:com.google.javascript.jscomp.SuppressDocWarningsGuard:com.google.javascript.rhino.jstype.UnionTypeBuilder:com.google.javascript.rhino.jstype.AllType:com.google.javascript.rhino.jstype.ValueType:com.google.javascript.rhino.TokenStream:com.google.javascript.jscomp.ProcessDefines:com.google.javascript.rhino.ErrorReporter:com.google.javascript.rhino.jstype.JSTypeNative:com.google.javascript.jscomp.CheckGlobalNames:com.google.javascript.jscomp.DiagnosticGroup:com.google.javascript.jscomp.CodeConsumer:com.google.javascript.rhino.jstype.StaticScope:com.google.javascript.jscomp.SemanticReverseAbstractInterpreter:com.google.javascript.jscomp.TypeValidator:com.google.javascript.rhino.JSTypeExpression:com.google.javascript.jscomp.AnonymousFunctionNamingPolicy:com.google.javascript.rhino.jstype.NamedType:com.google.javascript.jscomp.ClosureCodingConvention:com.google.javascript.rhino.jstype.RecordType:com.google.javascript.jscomp.CheckAccessControls:com.google.javascript.jscomp.JSModuleGraph:com.google.javascript.rhino.JSDocInfo:com.google.javascript.jscomp.CodingConvention:com.google.javascript.jscomp.PropertyRenamingPolicy:com.google.javascript.jscomp.parsing.JsDocTokenStream:com.google.javascript.jscomp.CodeGenerator:com.google.javascript.jscomp.PassFactory:com.google.javascript.jscomp.TypedCodeGenerator:com.google.javascript.rhino.jstype.InstanceObjectType:com.google.javascript.jscomp.Compiler:com.google.javascript.rhino.jstype.FunctionBuilder:com.google.javascript.rhino.RhinoException:com.google.javascript.jscomp.VarCheck:com.google.javascript.jscomp.DiagnosticGroupWarningsGuard:com.google.javascript.jscomp.ReferenceCollectingCallback:com.google.javascript.jscomp.MessageFormatter:com.google.javascript.jscomp.LoggerErrorManager:com.google.javascript.rhino.jstype.IndexedType:com.google.javascript.rhino.jstype.VoidType:com.google.javascript.jscomp.RhinoErrorReporter:com.google.javascript.rhino.jstype.UnknownType:com.google.javascript.jscomp.JsAst:com.google.javascript.jscomp.SyntacticScopeCreator:com.google.javascript.jscomp.parsing.Annotation:com.google.javascript.jscomp.CompilerPass:com.google.javascript.rhino.EcmaError:com.google.javascript.rhino.jstype.ErrorFunctionType:com.google.javascript.rhino.jstype.NoObjectType:com.google.javascript.rhino.jstype.NullType:com.google.javascript.rhino.jstype.ArrowType:com.google.javascript.rhino.jstype.ProxyObjectType:com.google.javascript.jscomp.BasicErrorManager:com.google.javascript.jscomp.PrepareAst:com.google.javascript.jscomp.SourceExcerptProvider:com.google.javascript.jscomp.SourceMap:com.google.javascript.rhino.jstype.ParameterizedType:com.google.javascript.jscomp.ReverseAbstractInterpreter:com.google.javascript.jscomp.CombinedCompilerPass:com.google.javascript.jscomp.Tracer:com.google.javascript.rhino.jstype.FunctionParamBuilder:com.google.javascript.rhino.Context:com.google.javascript.rhino.jstype.Visitor:com.google.javascript.jscomp.DiagnosticGroups:com.google.javascript.rhino.jstype.BooleanType:com.google.javascript.rhino.jstype.FunctionPrototypeType:com.google.javascript.jscomp.GoogleCodingConvention:com.google.javascript.rhino.jstype.UnionType:com.google.javascript.jscomp.CheckRegExp:com.google.javascript.jscomp.parsing.IRFactory:com.google.javascript.jscomp.WarningsGuard:com.google.javascript.jscomp.ErrorManager:com.google.javascript.jscomp.CodeChangeHandler:com.google.javascript.jscomp.CompilerInput:com.google.javascript.jscomp.VariableRenamingPolicy:
[DEBUG] LOADED_SUB_CLASSES: com.google.javascript.rhino.jstype.StringType$*:com.google.javascript.jscomp.LightweightMessageFormatter$*:com.google.javascript.jscomp.ComposeWarningsGuard$*:com.google.javascript.rhino.FunctionNode$*:com.google.javascript.jscomp.TypeCheck$*:com.google.javascript.rhino.EvaluatorException$*:com.google.javascript.rhino.Node$*:com.google.javascript.jscomp.JSModule$*:com.google.javascript.rhino.jstype.NumberType$*:com.google.javascript.jscomp.PassConfig$*:com.google.javascript.rhino.jstype.PrototypeObjectType$*:com.google.javascript.jscomp.NodeTraversal$*:com.google.javascript.rhino.JSDocInfoBuilder$*:com.google.javascript.rhino.jstype.TemplateType$*:com.google.javascript.jscomp.JSSourceFile$*:com.google.javascript.jscomp.SourceFile$*:com.google.javascript.jscomp.parsing.TypeSafeDispatcher$*:com.google.javascript.jscomp.LineNumberCheck$*:com.google.javascript.rhino.jstype.JSTypeRegistry$*:com.google.javascript.jscomp.DefaultCodingConvention$*:com.google.javascript.jscomp.JSError$*:com.google.javascript.jscomp.parsing.Config$*:com.google.javascript.jscomp.ErrorFormat$*:com.google.javascript.rhino.ScriptRuntime$*:com.google.javascript.jscomp.DiagnosticType$*:com.google.javascript.jscomp.NodeUtil$*:com.google.javascript.jscomp.ChainableReverseAbstractInterpreter$*:com.google.javascript.jscomp.CheckGlobalThis$*:com.google.javascript.rhino.jstype.ObjectType$*:com.google.javascript.jscomp.SourceAst$*:com.google.javascript.rhino.jstype.FunctionType$*:com.google.javascript.jscomp.parsing.JsDocToken$*:com.google.javascript.jscomp.ScopeCreator$*:com.google.javascript.rhino.ScriptOrFnNode$*:com.google.javascript.rhino.Token$*:com.google.javascript.jscomp.deps.DependencyInfo$*:com.google.javascript.jscomp.CompilerOptions$*:com.google.javascript.jscomp.VariableReferenceCheck$*:com.google.javascript.jscomp.CodePrinter$*:com.google.javascript.jscomp.parsing.JsDocInfoParser$*:com.google.javascript.jscomp.AbstractMessageFormatter$*:com.google.javascript.rhino.jstype.JSType$*:com.google.javascript.jscomp.Region$*:com.google.javascript.rhino.jstype.UnresolvedTypeExpression$*:com.google.javascript.jscomp.CheckLevel$*:com.google.javascript.jscomp.parsing.ParserRunner$*:com.google.javascript.jscomp.DefaultPassConfig$*:com.google.javascript.jscomp.deps.SortedDependencies$*:com.google.javascript.rhino.jstype.NoType$*:com.google.javascript.jscomp.AbstractCompiler$*:com.google.javascript.jscomp.SuppressDocWarningsGuard$*:com.google.javascript.rhino.jstype.UnionTypeBuilder$*:com.google.javascript.rhino.jstype.AllType$*:com.google.javascript.rhino.jstype.ValueType$*:com.google.javascript.rhino.TokenStream$*:com.google.javascript.jscomp.ProcessDefines$*:com.google.javascript.rhino.ErrorReporter$*:com.google.javascript.rhino.jstype.JSTypeNative$*:com.google.javascript.jscomp.CheckGlobalNames$*:com.google.javascript.jscomp.DiagnosticGroup$*:com.google.javascript.jscomp.CodeConsumer$*:com.google.javascript.rhino.jstype.StaticScope$*:com.google.javascript.jscomp.SemanticReverseAbstractInterpreter$*:com.google.javascript.jscomp.TypeValidator$*:com.google.javascript.rhino.JSTypeExpression$*:com.google.javascript.jscomp.AnonymousFunctionNamingPolicy$*:com.google.javascript.rhino.jstype.NamedType$*:com.google.javascript.jscomp.ClosureCodingConvention$*:com.google.javascript.rhino.jstype.RecordType$*:com.google.javascript.jscomp.CheckAccessControls$*:com.google.javascript.jscomp.JSModuleGraph$*:com.google.javascript.rhino.JSDocInfo$*:com.google.javascript.jscomp.CodingConvention$*:com.google.javascript.jscomp.PropertyRenamingPolicy$*:com.google.javascript.jscomp.parsing.JsDocTokenStream$*:com.google.javascript.jscomp.CodeGenerator$*:com.google.javascript.jscomp.PassFactory$*:com.google.javascript.jscomp.TypedCodeGenerator$*:com.google.javascript.rhino.jstype.InstanceObjectType$*:com.google.javascript.jscomp.Compiler$*:com.google.javascript.rhino.jstype.FunctionBuilder$*:com.google.javascript.rhino.RhinoException$*:com.google.javascript.jscomp.VarCheck$*:com.google.javascript.jscomp.DiagnosticGroupWarningsGuard$*:com.google.javascript.jscomp.ReferenceCollectingCallback$*:com.google.javascript.jscomp.MessageFormatter$*:com.google.javascript.jscomp.LoggerErrorManager$*:com.google.javascript.rhino.jstype.IndexedType$*:com.google.javascript.rhino.jstype.VoidType$*:com.google.javascript.jscomp.RhinoErrorReporter$*:com.google.javascript.rhino.jstype.UnknownType$*:com.google.javascript.jscomp.JsAst$*:com.google.javascript.jscomp.SyntacticScopeCreator$*:com.google.javascript.jscomp.parsing.Annotation$*:com.google.javascript.jscomp.CompilerPass$*:com.google.javascript.rhino.EcmaError$*:com.google.javascript.rhino.jstype.ErrorFunctionType$*:com.google.javascript.rhino.jstype.NoObjectType$*:com.google.javascript.rhino.jstype.NullType$*:com.google.javascript.rhino.jstype.ArrowType$*:com.google.javascript.rhino.jstype.ProxyObjectType$*:com.google.javascript.jscomp.BasicErrorManager$*:com.google.javascript.jscomp.PrepareAst$*:com.google.javascript.jscomp.SourceExcerptProvider$*:com.google.javascript.jscomp.SourceMap$*:com.google.javascript.rhino.jstype.ParameterizedType$*:com.google.javascript.jscomp.ReverseAbstractInterpreter$*:com.google.javascript.jscomp.CombinedCompilerPass$*:com.google.javascript.jscomp.Tracer$*:com.google.javascript.rhino.jstype.FunctionParamBuilder$*:com.google.javascript.rhino.Context$*:com.google.javascript.rhino.jstype.Visitor$*:com.google.javascript.jscomp.DiagnosticGroups$*:com.google.javascript.rhino.jstype.BooleanType$*:com.google.javascript.rhino.jstype.FunctionPrototypeType$*:com.google.javascript.jscomp.GoogleCodingConvention$*:com.google.javascript.rhino.jstype.UnionType$*:com.google.javascript.jscomp.CheckRegExp$*:com.google.javascript.jscomp.parsing.IRFactory$*:com.google.javascript.jscomp.WarningsGuard$*:com.google.javascript.jscomp.ErrorManager$*:com.google.javascript.jscomp.CodeChangeHandler$*:com.google.javascript.jscomp.CompilerInput$*:com.google.javascript.jscomp.VariableRenamingPolicy$*:
[DEBUG] RELEVANT_TESTS: com.google.javascript.jscomp.CheckGlobalThisTest:com.google.javascript.jscomp.CommandLineRunnerTest:
[DEBUG] TRIGGER_TESTS_FILE: /home/yxb/Documents/rjust-fault-localization-data-f36d7eea9a9c/defects4j//framework/projects/Closure/trigger_tests/91
[DEBUG] CP: /home/yxb/Documents/rjust-fault-localization-data-f36d7eea9a9c/defects4j//framework/projects/lib/junit-4.11.jar:/tmp/yxb/gzoltar_103235_Closure-91/build/classes:/tmp/yxb/gzoltar_103235_Closure-91/lib/ant_deploy.jar:/tmp/yxb/gzoltar_103235_Closure-91/lib/args4j_deploy.jar:/tmp/yxb/gzoltar_103235_Closure-91/lib/guava-r06.jar:/tmp/yxb/gzoltar_103235_Closure-91/lib/hamcrest-core-1.1.jar:/tmp/yxb/gzoltar_103235_Closure-91/lib/json.jar:/tmp/yxb/gzoltar_103235_Closure-91/lib/jsr305.jar:/tmp/yxb/gzoltar_103235_Closure-91/lib/junit.jar:/tmp/yxb/gzoltar_103235_Closure-91/lib/libtrunk_rhino_parser_jarjared.jar:/tmp/yxb/gzoltar_103235_Closure-91/lib/protobuf-java-2.3.0.jar:/tmp/yxb/gzoltar_103235_Closure-91/build/test
[INFO] Compiling Closure-91
Running ant (compile)...................................................... OK
Running ant (compile.tests)................................................ OK
[INFO] Running GZoltar
[INFO] Start: Mon Aug 26 19:14:18 PDT 2019
   ____ _____     _ _               
  / ___|__  /___ | | |_ __ _ _ __   
 | |  _  / // _ \| | __/ _` | '__| 
 | |_| |/ /| (_) | | || (_| | |     
  \____/____\___/|_|\__\__,_|_| 

* Preparing classpath
* Collecting classes under test
* Collecting test cases
* Performing analysis
* Started com.google.javascript.jscomp.CommandLineRunnerTest#testSourcePruningOn1
[ERROR] Class not found
java.lang.ClassNotFoundException: rhino_ast.java.com.google.javascript.rhino.Messages
	at java.lang.ClassLoader.findClass(ClassLoader.java:531)
	at java.lang.ClassLoader.loadClass(ClassLoader.java:425)
	at java.lang.ClassLoader.loadClass(ClassLoader.java:358)
	at com.gzoltar.lib.instrumentation.util.GZoltarClassLoader.loadClass(Unknown Source)
	at java.util.ResourceBundle$Control.newBundle(ResourceBundle.java:2566)
	at java.util.ResourceBundle.loadBundle(ResourceBundle.java:1436)
	at java.util.ResourceBundle.findBundle(ResourceBundle.java:1400)
	at java.util.ResourceBundle.findBundle(ResourceBundle.java:1354)
	at java.util.ResourceBundle.findBundle(ResourceBundle.java:1354)
	at java.util.ResourceBundle.getBundleImpl(ResourceBundle.java:1296)
	at java.util.ResourceBundle.getBundle(ResourceBundle.java:795)
	at com.google.javascript.rhino.ScriptRuntime.getMessage(ScriptRuntime.java:465)
	at com.google.javascript.rhino.ScriptRuntime.getMessage0(ScriptRuntime.java:422)
	at com.google.javascript.jscomp.RhinoErrorReporter.<init>(RhinoErrorReporter.java:72)
	at com.google.javascript.jscomp.RhinoErrorReporter.<init>(RhinoErrorReporter.java:33)
	at com.google.javascript.jscomp.RhinoErrorReporter$OldRhinoErrorReporter.<init>(RhinoErrorReporter.java:137)
	at com.google.javascript.jscomp.RhinoErrorReporter$OldRhinoErrorReporter.<init>(RhinoErrorReporter.java:133)
	at com.google.javascript.jscomp.RhinoErrorReporter.forOldRhino(RhinoErrorReporter.java:102)
	at com.google.javascript.jscomp.Compiler.<init>(Compiler.java:150)
	at com.google.javascript.jscomp.CommandLineRunner.createCompiler(CommandLineRunner.java:507)
	at com.google.javascript.jscomp.AbstractCommandLineRunner.doRun(AbstractCommandLineRunner.java:561)
	at com.google.javascript.jscomp.AbstractCommandLineRunner.run(AbstractCommandLineRunner.java:252)
	at com.google.javascript.jscomp.CommandLineRunnerTest.compile(CommandLineRunnerTest.java:727)
	at com.google.javascript.jscomp.CommandLineRunnerTest.test(CommandLineRunnerTest.java:618)
	at com.google.javascript.jscomp.CommandLineRunnerTest.test(CommandLineRunnerTest.java:607)
	at com.google.javascript.jscomp.CommandLineRunnerTest.testSourcePruningOn1(CommandLineRunnerTest.java:376)
	at sun.reflect.NativeMethodAccessorImpl.invoke0(Native Method)
	at sun.reflect.NativeMethodAccessorImpl.invoke(NativeMethodAccessorImpl.java:57)
	at sun.reflect.DelegatingMethodAccessorImpl.invoke(DelegatingMethodAccessorImpl.java:43)
	at java.lang.reflect.Method.invoke(Method.java:606)
	at junit.framework.TestCase.runTest(TestCase.java:176)
	at junit.framework.TestCase.runBare(TestCase.java:141)
	at junit.framework.TestResult$1.protect(TestResult.java:122)
	at junit.framework.TestResult.runProtected(TestResult.java:142)
	at junit.framework.TestResult.run(TestResult.java:125)
	at junit.framework.TestCase.run(TestCase.java:129)
	at junit.framework.TestSuite.runTest(TestSuite.java:255)
	at junit.framework.TestSuite.run(TestSuite.java:250)
	at org.junit.internal.runners.JUnit38ClassRunner.run(JUnit38ClassRunner.java:84)
	at com.gzoltar.lib.instrumentation.testing.junit.a.call(Unknown Source)
	at java.util.concurrent.FutureTask.run(FutureTask.java:262)
	at java.util.concurrent.ThreadPoolExecutor.runWorker(ThreadPoolExecutor.java:1145)
	at java.util.concurrent.ThreadPoolExecutor$Worker.run(ThreadPoolExecutor.java:615)
	at java.lang.Thread.run(Thread.java:745)
[ERROR] Class not found
java.lang.ClassNotFoundException: rhino_ast.java.com.google.javascript.rhino.Messages_en
	at java.lang.ClassLoader.findClass(ClassLoader.java:531)
	at java.lang.ClassLoader.loadClass(ClassLoader.java:425)
	at java.lang.ClassLoader.loadClass(ClassLoader.java:358)
	at com.gzoltar.lib.instrumentation.util.GZoltarClassLoader.loadClass(Unknown Source)
	at java.util.ResourceBundle$Control.newBundle(ResourceBundle.java:2566)
	at java.util.ResourceBundle.loadBundle(ResourceBundle.java:1436)
	at java.util.ResourceBundle.findBundle(ResourceBundle.java:1400)
	at java.util.ResourceBundle.findBundle(ResourceBundle.java:1354)
	at java.util.ResourceBundle.getBundleImpl(ResourceBundle.java:1296)
	at java.util.ResourceBundle.getBundle(ResourceBundle.java:795)
	at com.google.javascript.rhino.ScriptRuntime.getMessage(ScriptRuntime.java:465)
	at com.google.javascript.rhino.ScriptRuntime.getMessage0(ScriptRuntime.java:422)
	at com.google.javascript.jscomp.RhinoErrorReporter.<init>(RhinoErrorReporter.java:72)
	at com.google.javascript.jscomp.RhinoErrorReporter.<init>(RhinoErrorReporter.java:33)
	at com.google.javascript.jscomp.RhinoErrorReporter$OldRhinoErrorReporter.<init>(RhinoErrorReporter.java:137)
	at com.google.javascript.jscomp.RhinoErrorReporter$OldRhinoErrorReporter.<init>(RhinoErrorReporter.java:133)
	at com.google.javascript.jscomp.RhinoErrorReporter.forOldRhino(RhinoErrorReporter.java:102)
	at com.google.javascript.jscomp.Compiler.<init>(Compiler.java:150)
	at com.google.javascript.jscomp.CommandLineRunner.createCompiler(CommandLineRunner.java:507)
	at com.google.javascript.jscomp.AbstractCommandLineRunner.doRun(AbstractCommandLineRunner.java:561)
	at com.google.javascript.jscomp.AbstractCommandLineRunner.run(AbstractCommandLineRunner.java:252)
	at com.google.javascript.jscomp.CommandLineRunnerTest.compile(CommandLineRunnerTest.java:727)
	at com.google.javascript.jscomp.CommandLineRunnerTest.test(CommandLineRunnerTest.java:618)
	at com.google.javascript.jscomp.CommandLineRunnerTest.test(CommandLineRunnerTest.java:607)
	at com.google.javascript.jscomp.CommandLineRunnerTest.testSourcePruningOn1(CommandLineRunnerTest.java:376)
	at sun.reflect.NativeMethodAccessorImpl.invoke0(Native Method)
	at sun.reflect.NativeMethodAccessorImpl.invoke(NativeMethodAccessorImpl.java:57)
	at sun.reflect.DelegatingMethodAccessorImpl.invoke(DelegatingMethodAccessorImpl.java:43)
	at java.lang.reflect.Method.invoke(Method.java:606)
	at junit.framework.TestCase.runTest(TestCase.java:176)
	at junit.framework.TestCase.runBare(TestCase.java:141)
	at junit.framework.TestResult$1.protect(TestResult.java:122)
	at junit.framework.TestResult.runProtected(TestResult.java:142)
	at junit.framework.TestResult.run(TestResult.java:125)
	at junit.framework.TestCase.run(TestCase.java:129)
	at junit.framework.TestSuite.runTest(TestSuite.java:255)
	at junit.framework.TestSuite.run(TestSuite.java:250)
	at org.junit.internal.runners.JUnit38ClassRunner.run(JUnit38ClassRunner.java:84)
	at com.gzoltar.lib.instrumentation.testing.junit.a.call(Unknown Source)
	at java.util.concurrent.FutureTask.run(FutureTask.java:262)
	at java.util.concurrent.ThreadPoolExecutor.runWorker(ThreadPoolExecutor.java:1145)
	at java.util.concurrent.ThreadPoolExecutor$Worker.run(ThreadPoolExecutor.java:615)
	at java.lang.Thread.run(Thread.java:745)
[ERROR] Class not found
java.lang.ClassNotFoundException: rhino_ast.java.com.google.javascript.rhino.Messages_en_US
	at java.lang.ClassLoader.findClass(ClassLoader.java:531)
	at java.lang.ClassLoader.loadClass(ClassLoader.java:425)
	at java.lang.ClassLoader.loadClass(ClassLoader.java:358)
	at com.gzoltar.lib.instrumentation.util.GZoltarClassLoader.loadClass(Unknown Source)
	at java.util.ResourceBundle$Control.newBundle(ResourceBundle.java:2566)
	at java.util.ResourceBundle.loadBundle(ResourceBundle.java:1436)
	at java.util.ResourceBundle.findBundle(ResourceBundle.java:1400)
	at java.util.ResourceBundle.getBundleImpl(ResourceBundle.java:1296)
	at java.util.ResourceBundle.getBundle(ResourceBundle.java:795)
	at com.google.javascript.rhino.ScriptRuntime.getMessage(ScriptRuntime.java:465)
	at com.google.javascript.rhino.ScriptRuntime.getMessage0(ScriptRuntime.java:422)
	at com.google.javascript.jscomp.RhinoErrorReporter.<init>(RhinoErrorReporter.java:72)
	at com.google.javascript.jscomp.RhinoErrorReporter.<init>(RhinoErrorReporter.java:33)
	at com.google.javascript.jscomp.RhinoErrorReporter$OldRhinoErrorReporter.<init>(RhinoErrorReporter.java:137)
	at com.google.javascript.jscomp.RhinoErrorReporter$OldRhinoErrorReporter.<init>(RhinoErrorReporter.java:133)
	at com.google.javascript.jscomp.RhinoErrorReporter.forOldRhino(RhinoErrorReporter.java:102)
	at com.google.javascript.jscomp.Compiler.<init>(Compiler.java:150)
	at com.google.javascript.jscomp.CommandLineRunner.createCompiler(CommandLineRunner.java:507)
	at com.google.javascript.jscomp.AbstractCommandLineRunner.doRun(AbstractCommandLineRunner.java:561)
	at com.google.javascript.jscomp.AbstractCommandLineRunner.run(AbstractCommandLineRunner.java:252)
	at com.google.javascript.jscomp.CommandLineRunnerTest.compile(CommandLineRunnerTest.java:727)
	at com.google.javascript.jscomp.CommandLineRunnerTest.test(CommandLineRunnerTest.java:618)
	at com.google.javascript.jscomp.CommandLineRunnerTest.test(CommandLineRunnerTest.java:607)
	at com.google.javascript.jscomp.CommandLineRunnerTest.testSourcePruningOn1(CommandLineRunnerTest.java:376)
	at sun.reflect.NativeMethodAccessorImpl.invoke0(Native Method)
	at sun.reflect.NativeMethodAccessorImpl.invoke(NativeMethodAccessorImpl.java:57)
	at sun.reflect.DelegatingMethodAccessorImpl.invoke(DelegatingMethodAccessorImpl.java:43)
	at java.lang.reflect.Method.invoke(Method.java:606)
	at junit.framework.TestCase.runTest(TestCase.java:176)
	at junit.framework.TestCase.runBare(TestCase.java:141)
	at junit.framework.TestResult$1.protect(TestResult.java:122)
	at junit.framework.TestResult.runProtected(TestResult.java:142)
	at junit.framework.TestResult.run(TestResult.java:125)
	at junit.framework.TestCase.run(TestCase.java:129)
	at junit.framework.TestSuite.runTest(TestSuite.java:255)
	at junit.framework.TestSuite.run(TestSuite.java:250)
	at org.junit.internal.runners.JUnit38ClassRunner.run(JUnit38ClassRunner.java:84)
	at com.gzoltar.lib.instrumentation.testing.junit.a.call(Unknown Source)
	at java.util.concurrent.FutureTask.run(FutureTask.java:262)
	at java.util.concurrent.ThreadPoolExecutor.runWorker(ThreadPoolExecutor.java:1145)
	at java.util.concurrent.ThreadPoolExecutor$Worker.run(ThreadPoolExecutor.java:615)
	at java.lang.Thread.run(Thread.java:745)
[ERROR] Class not found
java.lang.ClassNotFoundException: com.google.javascript.jscomp.mozilla.rhino.VMBridge_custom
	at java.lang.ClassLoader.findClass(ClassLoader.java:531)
	at java.lang.ClassLoader.loadClass(ClassLoader.java:425)
	at java.lang.ClassLoader.loadClass(ClassLoader.java:358)
	at com.gzoltar.lib.instrumentation.util.GZoltarClassLoader.loadClass(Unknown Source)
	at java.lang.Class.forName0(Native Method)
	at java.lang.Class.forName(Class.java:195)
	at com.google.javascript.jscomp.mozilla.rhino.Kit.classOrNull(Kit.java:74)
	at com.google.javascript.jscomp.mozilla.rhino.VMBridge.makeInstance(VMBridge.java:61)
	at com.google.javascript.jscomp.mozilla.rhino.VMBridge.<clinit>(VMBridge.java:49)
	at com.google.javascript.jscomp.mozilla.rhino.Context.getCurrentContext(Context.java:379)
	at com.google.javascript.jscomp.mozilla.rhino.ScriptRuntime$DefaultMessageProvider.getMessage(ScriptRuntime.java:3703)
	at com.google.javascript.jscomp.mozilla.rhino.ScriptRuntime.getMessage(ScriptRuntime.java:3691)
	at com.google.javascript.jscomp.mozilla.rhino.ScriptRuntime.getMessage0(ScriptRuntime.java:3639)
	at com.google.javascript.jscomp.RhinoErrorReporter.<init>(RhinoErrorReporter.java:72)
	at com.google.javascript.jscomp.RhinoErrorReporter.<init>(RhinoErrorReporter.java:33)
	at com.google.javascript.jscomp.RhinoErrorReporter$OldRhinoErrorReporter.<init>(RhinoErrorReporter.java:137)
	at com.google.javascript.jscomp.RhinoErrorReporter$OldRhinoErrorReporter.<init>(RhinoErrorReporter.java:133)
	at com.google.javascript.jscomp.RhinoErrorReporter.forOldRhino(RhinoErrorReporter.java:102)
	at com.google.javascript.jscomp.Compiler.<init>(Compiler.java:150)
	at com.google.javascript.jscomp.CommandLineRunner.createCompiler(CommandLineRunner.java:507)
	at com.google.javascript.jscomp.AbstractCommandLineRunner.doRun(AbstractCommandLineRunner.java:561)
	at com.google.javascript.jscomp.AbstractCommandLineRunner.run(AbstractCommandLineRunner.java:252)
	at com.google.javascript.jscomp.CommandLineRunnerTest.compile(CommandLineRunnerTest.java:727)
	at com.google.javascript.jscomp.CommandLineRunnerTest.test(CommandLineRunnerTest.java:618)
	at com.google.javascript.jscomp.CommandLineRunnerTest.test(CommandLineRunnerTest.java:607)
	at com.google.javascript.jscomp.CommandLineRunnerTest.testSourcePruningOn1(CommandLineRunnerTest.java:376)
	at sun.reflect.NativeMethodAccessorImpl.invoke0(Native Method)
	at sun.reflect.NativeMethodAccessorImpl.invoke(NativeMethodAccessorImpl.java:57)
	at sun.reflect.DelegatingMethodAccessorImpl.invoke(DelegatingMethodAccessorImpl.java:43)
	at java.lang.reflect.Method.invoke(Method.java:606)
	at junit.framework.TestCase.runTest(TestCase.java:176)
	at junit.framework.TestCase.runBare(TestCase.java:141)
	at junit.framework.TestResult$1.protect(TestResult.java:122)
	at junit.framework.TestResult.runProtected(TestResult.java:142)
	at junit.framework.TestResult.run(TestResult.java:125)
	at junit.framework.TestCase.run(TestCase.java:129)
	at junit.framework.TestSuite.runTest(TestSuite.java:255)
	at junit.framework.TestSuite.run(TestSuite.java:250)
	at org.junit.internal.runners.JUnit38ClassRunner.run(JUnit38ClassRunner.java:84)
	at com.gzoltar.lib.instrumentation.testing.junit.a.call(Unknown Source)
	at java.util.concurrent.FutureTask.run(FutureTask.java:262)
	at java.util.concurrent.ThreadPoolExecutor.runWorker(ThreadPoolExecutor.java:1145)
	at java.util.concurrent.ThreadPoolExecutor$Worker.run(ThreadPoolExecutor.java:615)
	at java.lang.Thread.run(Thread.java:745)
[ERROR] Class not found
java.lang.ClassNotFoundException: com.google.javascript.jscomp.mozilla.rhino.resources.Messages
	at java.lang.ClassLoader.findClass(ClassLoader.java:531)
	at java.lang.ClassLoader.loadClass(ClassLoader.java:425)
	at java.lang.ClassLoader.loadClass(ClassLoader.java:358)
	at com.gzoltar.lib.instrumentation.util.GZoltarClassLoader.loadClass(Unknown Source)
	at java.util.ResourceBundle$Control.newBundle(ResourceBundle.java:2566)
	at java.util.ResourceBundle.loadBundle(ResourceBundle.java:1436)
	at java.util.ResourceBundle.findBundle(ResourceBundle.java:1400)
	at java.util.ResourceBundle.findBundle(ResourceBundle.java:1354)
	at java.util.ResourceBundle.findBundle(ResourceBundle.java:1354)
	at java.util.ResourceBundle.getBundleImpl(ResourceBundle.java:1296)
	at java.util.ResourceBundle.getBundle(ResourceBundle.java:795)
	at com.google.javascript.jscomp.mozilla.rhino.ScriptRuntime$DefaultMessageProvider.getMessage(ScriptRuntime.java:3707)
	at com.google.javascript.jscomp.mozilla.rhino.ScriptRuntime.getMessage(ScriptRuntime.java:3691)
	at com.google.javascript.jscomp.mozilla.rhino.ScriptRuntime.getMessage0(ScriptRuntime.java:3639)
	at com.google.javascript.jscomp.RhinoErrorReporter.<init>(RhinoErrorReporter.java:72)
	at com.google.javascript.jscomp.RhinoErrorReporter.<init>(RhinoErrorReporter.java:33)
	at com.google.javascript.jscomp.RhinoErrorReporter$OldRhinoErrorReporter.<init>(RhinoErrorReporter.java:137)
	at com.google.javascript.jscomp.RhinoErrorReporter$OldRhinoErrorReporter.<init>(RhinoErrorReporter.java:133)
	at com.google.javascript.jscomp.RhinoErrorReporter.forOldRhino(RhinoErrorReporter.java:102)
	at com.google.javascript.jscomp.Compiler.<init>(Compiler.java:150)
	at com.google.javascript.jscomp.CommandLineRunner.createCompiler(CommandLineRunner.java:507)
	at com.google.javascript.jscomp.AbstractCommandLineRunner.doRun(AbstractCommandLineRunner.java:561)
	at com.google.javascript.jscomp.AbstractCommandLineRunner.run(AbstractCommandLineRunner.java:252)
	at com.google.javascript.jscomp.CommandLineRunnerTest.compile(CommandLineRunnerTest.java:727)
	at com.google.javascript.jscomp.CommandLineRunnerTest.test(CommandLineRunnerTest.java:618)
	at com.google.javascript.jscomp.CommandLineRunnerTest.test(CommandLineRunnerTest.java:607)
	at com.google.javascript.jscomp.CommandLineRunnerTest.testSourcePruningOn1(CommandLineRunnerTest.java:376)
	at sun.reflect.NativeMethodAccessorImpl.invoke0(Native Method)
	at sun.reflect.NativeMethodAccessorImpl.invoke(NativeMethodAccessorImpl.java:57)
	at sun.reflect.DelegatingMethodAccessorImpl.invoke(DelegatingMethodAccessorImpl.java:43)
	at java.lang.reflect.Method.invoke(Method.java:606)
	at junit.framework.TestCase.runTest(TestCase.java:176)
	at junit.framework.TestCase.runBare(TestCase.java:141)
	at junit.framework.TestResult$1.protect(TestResult.java:122)
	at junit.framework.TestResult.runProtected(TestResult.java:142)
	at junit.framework.TestResult.run(TestResult.java:125)
	at junit.framework.TestCase.run(TestCase.java:129)
	at junit.framework.TestSuite.runTest(TestSuite.java:255)
	at junit.framework.TestSuite.run(TestSuite.java:250)
	at org.junit.internal.runners.JUnit38ClassRunner.run(JUnit38ClassRunner.java:84)
	at com.gzoltar.lib.instrumentation.testing.junit.a.call(Unknown Source)
	at java.util.concurrent.FutureTask.run(FutureTask.java:262)
	at java.util.concurrent.ThreadPoolExecutor.runWorker(ThreadPoolExecutor.java:1145)
	at java.util.concurrent.ThreadPoolExecutor$Worker.run(ThreadPoolExecutor.java:615)
	at java.lang.Thread.run(Thread.java:745)
[ERROR] Class not found
java.lang.ClassNotFoundException: com.google.javascript.jscomp.mozilla.rhino.resources.Messages_en
	at java.lang.ClassLoader.findClass(ClassLoader.java:531)
	at java.lang.ClassLoader.loadClass(ClassLoader.java:425)
	at java.lang.ClassLoader.loadClass(ClassLoader.java:358)
	at com.gzoltar.lib.instrumentation.util.GZoltarClassLoader.loadClass(Unknown Source)
	at java.util.ResourceBundle$Control.newBundle(ResourceBundle.java:2566)
	at java.util.ResourceBundle.loadBundle(ResourceBundle.java:1436)
	at java.util.ResourceBundle.findBundle(ResourceBundle.java:1400)
	at java.util.ResourceBundle.findBundle(ResourceBundle.java:1354)
	at java.util.ResourceBundle.getBundleImpl(ResourceBundle.java:1296)
	at java.util.ResourceBundle.getBundle(ResourceBundle.java:795)
	at com.google.javascript.jscomp.mozilla.rhino.ScriptRuntime$DefaultMessageProvider.getMessage(ScriptRuntime.java:3707)
	at com.google.javascript.jscomp.mozilla.rhino.ScriptRuntime.getMessage(ScriptRuntime.java:3691)
	at com.google.javascript.jscomp.mozilla.rhino.ScriptRuntime.getMessage0(ScriptRuntime.java:3639)
	at com.google.javascript.jscomp.RhinoErrorReporter.<init>(RhinoErrorReporter.java:72)
	at com.google.javascript.jscomp.RhinoErrorReporter.<init>(RhinoErrorReporter.java:33)
	at com.google.javascript.jscomp.RhinoErrorReporter$OldRhinoErrorReporter.<init>(RhinoErrorReporter.java:137)
	at com.google.javascript.jscomp.RhinoErrorReporter$OldRhinoErrorReporter.<init>(RhinoErrorReporter.java:133)
	at com.google.javascript.jscomp.RhinoErrorReporter.forOldRhino(RhinoErrorReporter.java:102)
	at com.google.javascript.jscomp.Compiler.<init>(Compiler.java:150)
	at com.google.javascript.jscomp.CommandLineRunner.createCompiler(CommandLineRunner.java:507)
	at com.google.javascript.jscomp.AbstractCommandLineRunner.doRun(AbstractCommandLineRunner.java:561)
	at com.google.javascript.jscomp.AbstractCommandLineRunner.run(AbstractCommandLineRunner.java:252)
	at com.google.javascript.jscomp.CommandLineRunnerTest.compile(CommandLineRunnerTest.java:727)
	at com.google.javascript.jscomp.CommandLineRunnerTest.test(CommandLineRunnerTest.java:618)
	at com.google.javascript.jscomp.CommandLineRunnerTest.test(CommandLineRunnerTest.java:607)
	at com.google.javascript.jscomp.CommandLineRunnerTest.testSourcePruningOn1(CommandLineRunnerTest.java:376)
	at sun.reflect.NativeMethodAccessorImpl.invoke0(Native Method)
	at sun.reflect.NativeMethodAccessorImpl.invoke(NativeMethodAccessorImpl.java:57)
	at sun.reflect.DelegatingMethodAccessorImpl.invoke(DelegatingMethodAccessorImpl.java:43)
	at java.lang.reflect.Method.invoke(Method.java:606)
	at junit.framework.TestCase.runTest(TestCase.java:176)
	at junit.framework.TestCase.runBare(TestCase.java:141)
	at junit.framework.TestResult$1.protect(TestResult.java:122)
	at junit.framework.TestResult.runProtected(TestResult.java:142)
	at junit.framework.TestResult.run(TestResult.java:125)
	at junit.framework.TestCase.run(TestCase.java:129)
	at junit.framework.TestSuite.runTest(TestSuite.java:255)
	at junit.framework.TestSuite.run(TestSuite.java:250)
	at org.junit.internal.runners.JUnit38ClassRunner.run(JUnit38ClassRunner.java:84)
	at com.gzoltar.lib.instrumentation.testing.junit.a.call(Unknown Source)
	at java.util.concurrent.FutureTask.run(FutureTask.java:262)
	at java.util.concurrent.ThreadPoolExecutor.runWorker(ThreadPoolExecutor.java:1145)
	at java.util.concurrent.ThreadPoolExecutor$Worker.run(ThreadPoolExecutor.java:615)
	at java.lang.Thread.run(Thread.java:745)
[ERROR] Class not found
java.lang.ClassNotFoundException: com.google.javascript.jscomp.mozilla.rhino.resources.Messages_en_US
	at java.lang.ClassLoader.findClass(ClassLoader.java:531)
	at java.lang.ClassLoader.loadClass(ClassLoader.java:425)
	at java.lang.ClassLoader.loadClass(ClassLoader.java:358)
	at com.gzoltar.lib.instrumentation.util.GZoltarClassLoader.loadClass(Unknown Source)
	at java.util.ResourceBundle$Control.newBundle(ResourceBundle.java:2566)
	at java.util.ResourceBundle.loadBundle(ResourceBundle.java:1436)
	at java.util.ResourceBundle.findBundle(ResourceBundle.java:1400)
	at java.util.ResourceBundle.getBundleImpl(ResourceBundle.java:1296)
	at java.util.ResourceBundle.getBundle(ResourceBundle.java:795)
	at com.google.javascript.jscomp.mozilla.rhino.ScriptRuntime$DefaultMessageProvider.getMessage(ScriptRuntime.java:3707)
	at com.google.javascript.jscomp.mozilla.rhino.ScriptRuntime.getMessage(ScriptRuntime.java:3691)
	at com.google.javascript.jscomp.mozilla.rhino.ScriptRuntime.getMessage0(ScriptRuntime.java:3639)
	at com.google.javascript.jscomp.RhinoErrorReporter.<init>(RhinoErrorReporter.java:72)
	at com.google.javascript.jscomp.RhinoErrorReporter.<init>(RhinoErrorReporter.java:33)
	at com.google.javascript.jscomp.RhinoErrorReporter$OldRhinoErrorReporter.<init>(RhinoErrorReporter.java:137)
	at com.google.javascript.jscomp.RhinoErrorReporter$OldRhinoErrorReporter.<init>(RhinoErrorReporter.java:133)
	at com.google.javascript.jscomp.RhinoErrorReporter.forOldRhino(RhinoErrorReporter.java:102)
	at com.google.javascript.jscomp.Compiler.<init>(Compiler.java:150)
	at com.google.javascript.jscomp.CommandLineRunner.createCompiler(CommandLineRunner.java:507)
	at com.google.javascript.jscomp.AbstractCommandLineRunner.doRun(AbstractCommandLineRunner.java:561)
	at com.google.javascript.jscomp.AbstractCommandLineRunner.run(AbstractCommandLineRunner.java:252)
	at com.google.javascript.jscomp.CommandLineRunnerTest.compile(CommandLineRunnerTest.java:727)
	at com.google.javascript.jscomp.CommandLineRunnerTest.test(CommandLineRunnerTest.java:618)
	at com.google.javascript.jscomp.CommandLineRunnerTest.test(CommandLineRunnerTest.java:607)
	at com.google.javascript.jscomp.CommandLineRunnerTest.testSourcePruningOn1(CommandLineRunnerTest.java:376)
	at sun.reflect.NativeMethodAccessorImpl.invoke0(Native Method)
	at sun.reflect.NativeMethodAccessorImpl.invoke(NativeMethodAccessorImpl.java:57)
	at sun.reflect.DelegatingMethodAccessorImpl.invoke(DelegatingMethodAccessorImpl.java:43)
	at java.lang.reflect.Method.invoke(Method.java:606)
	at junit.framework.TestCase.runTest(TestCase.java:176)
	at junit.framework.TestCase.runBare(TestCase.java:141)
	at junit.framework.TestResult$1.protect(TestResult.java:122)
	at junit.framework.TestResult.runProtected(TestResult.java:142)
	at junit.framework.TestResult.run(TestResult.java:125)
	at junit.framework.TestCase.run(TestCase.java:129)
	at junit.framework.TestSuite.runTest(TestSuite.java:255)
	at junit.framework.TestSuite.run(TestSuite.java:250)
	at org.junit.internal.runners.JUnit38ClassRunner.run(JUnit38ClassRunner.java:84)
	at com.gzoltar.lib.instrumentation.testing.junit.a.call(Unknown Source)
	at java.util.concurrent.FutureTask.run(FutureTask.java:262)
	at java.util.concurrent.ThreadPoolExecutor.runWorker(ThreadPoolExecutor.java:1145)
	at java.util.concurrent.ThreadPoolExecutor$Worker.run(ThreadPoolExecutor.java:615)
	at java.lang.Thread.run(Thread.java:745)
[ERROR] Class not found
java.lang.ClassNotFoundException: com.google.javascript.jscomp.parsing.ParserConfig
	at java.lang.ClassLoader.findClass(ClassLoader.java:531)
	at java.lang.ClassLoader.loadClass(ClassLoader.java:425)
	at java.lang.ClassLoader.loadClass(ClassLoader.java:358)
	at com.gzoltar.lib.instrumentation.util.GZoltarClassLoader.loadClass(Unknown Source)
	at java.util.ResourceBundle$Control.newBundle(ResourceBundle.java:2566)
	at java.util.ResourceBundle.loadBundle(ResourceBundle.java:1436)
	at java.util.ResourceBundle.findBundle(ResourceBundle.java:1400)
	at java.util.ResourceBundle.findBundle(ResourceBundle.java:1354)
	at java.util.ResourceBundle.findBundle(ResourceBundle.java:1354)
	at java.util.ResourceBundle.getBundleImpl(ResourceBundle.java:1296)
	at java.util.ResourceBundle.getBundle(ResourceBundle.java:721)
	at com.google.javascript.jscomp.parsing.ParserRunner.initResourceConfig(ParserRunner.java:56)
	at com.google.javascript.jscomp.parsing.ParserRunner.createConfig(ParserRunner.java:47)
	at com.google.javascript.jscomp.Compiler.getParserConfig(Compiler.java:1597)
	at com.google.javascript.jscomp.JsAst.parse(JsAst.java:88)
	at com.google.javascript.jscomp.JsAst.createAst(JsAst.java:77)
	at com.google.javascript.jscomp.JsAst.getAstRoot(JsAst.java:50)
	at com.google.javascript.jscomp.CompilerInput.getAstRoot(CompilerInput.java:102)
	at com.google.javascript.jscomp.Compiler.parseInputs(Compiler.java:1057)
	at com.google.javascript.jscomp.Compiler.parse(Compiler.java:639)
	at com.google.javascript.jscomp.Compiler.compileInternal(Compiler.java:597)
	at com.google.javascript.jscomp.Compiler.access$000(Compiler.java:64)
	at com.google.javascript.jscomp.Compiler$1.call(Compiler.java:530)
	at com.google.javascript.jscomp.Compiler$1.call(Compiler.java:528)
	at com.google.javascript.jscomp.Compiler$2.run(Compiler.java:562)
	at java.lang.Thread.run(Thread.java:745)
[ERROR] Class not found
java.lang.ClassNotFoundException: com.google.javascript.jscomp.parsing.ParserConfig_en
	at java.lang.ClassLoader.findClass(ClassLoader.java:531)
	at java.lang.ClassLoader.loadClass(ClassLoader.java:425)
	at java.lang.ClassLoader.loadClass(ClassLoader.java:358)
	at com.gzoltar.lib.instrumentation.util.GZoltarClassLoader.loadClass(Unknown Source)
	at java.util.ResourceBundle$Control.newBundle(ResourceBundle.java:2566)
	at java.util.ResourceBundle.loadBundle(ResourceBundle.java:1436)
	at java.util.ResourceBundle.findBundle(ResourceBundle.java:1400)
	at java.util.ResourceBundle.findBundle(ResourceBundle.java:1354)
	at java.util.ResourceBundle.getBundleImpl(ResourceBundle.java:1296)
	at java.util.ResourceBundle.getBundle(ResourceBundle.java:721)
	at com.google.javascript.jscomp.parsing.ParserRunner.initResourceConfig(ParserRunner.java:56)
	at com.google.javascript.jscomp.parsing.ParserRunner.createConfig(ParserRunner.java:47)
	at com.google.javascript.jscomp.Compiler.getParserConfig(Compiler.java:1597)
	at com.google.javascript.jscomp.JsAst.parse(JsAst.java:88)
	at com.google.javascript.jscomp.JsAst.createAst(JsAst.java:77)
	at com.google.javascript.jscomp.JsAst.getAstRoot(JsAst.java:50)
	at com.google.javascript.jscomp.CompilerInput.getAstRoot(CompilerInput.java:102)
	at com.google.javascript.jscomp.Compiler.parseInputs(Compiler.java:1057)
	at com.google.javascript.jscomp.Compiler.parse(Compiler.java:639)
	at com.google.javascript.jscomp.Compiler.compileInternal(Compiler.java:597)
	at com.google.javascript.jscomp.Compiler.access$000(Compiler.java:64)
	at com.google.javascript.jscomp.Compiler$1.call(Compiler.java:530)
	at com.google.javascript.jscomp.Compiler$1.call(Compiler.java:528)
	at com.google.javascript.jscomp.Compiler$2.run(Compiler.java:562)
	at java.lang.Thread.run(Thread.java:745)
[ERROR] Class not found
java.lang.ClassNotFoundException: com.google.javascript.jscomp.parsing.ParserConfig_en_US
	at java.lang.ClassLoader.findClass(ClassLoader.java:531)
	at java.lang.ClassLoader.loadClass(ClassLoader.java:425)
	at java.lang.ClassLoader.loadClass(ClassLoader.java:358)
	at com.gzoltar.lib.instrumentation.util.GZoltarClassLoader.loadClass(Unknown Source)
	at java.util.ResourceBundle$Control.newBundle(ResourceBundle.java:2566)
	at java.util.ResourceBundle.loadBundle(ResourceBundle.java:1436)
	at java.util.ResourceBundle.findBundle(ResourceBundle.java:1400)
	at java.util.ResourceBundle.getBundleImpl(ResourceBundle.java:1296)
	at java.util.ResourceBundle.getBundle(ResourceBundle.java:721)
	at com.google.javascript.jscomp.parsing.ParserRunner.initResourceConfig(ParserRunner.java:56)
	at com.google.javascript.jscomp.parsing.ParserRunner.createConfig(ParserRunner.java:47)
	at com.google.javascript.jscomp.Compiler.getParserConfig(Compiler.java:1597)
	at com.google.javascript.jscomp.JsAst.parse(JsAst.java:88)
	at com.google.javascript.jscomp.JsAst.createAst(JsAst.java:77)
	at com.google.javascript.jscomp.JsAst.getAstRoot(JsAst.java:50)
	at com.google.javascript.jscomp.CompilerInput.getAstRoot(CompilerInput.java:102)
	at com.google.javascript.jscomp.Compiler.parseInputs(Compiler.java:1057)
	at com.google.javascript.jscomp.Compiler.parse(Compiler.java:639)
	at com.google.javascript.jscomp.Compiler.compileInternal(Compiler.java:597)
	at com.google.javascript.jscomp.Compiler.access$000(Compiler.java:64)
	at com.google.javascript.jscomp.Compiler$1.call(Compiler.java:530)
	at com.google.javascript.jscomp.Compiler$1.call(Compiler.java:528)
	at com.google.javascript.jscomp.Compiler$2.run(Compiler.java:562)
	at java.lang.Thread.run(Thread.java:745)
* Finished com.google.javascript.jscomp.CommandLineRunnerTest#testSourcePruningOn1
* Started com.google.javascript.jscomp.CommandLineRunnerTest#testSourcePruningOn2
* Finished com.google.javascript.jscomp.CommandLineRunnerTest#testSourcePruningOn2
* Started com.google.javascript.jscomp.CommandLineRunnerTest#testSourcePruningOn3
* Finished com.google.javascript.jscomp.CommandLineRunnerTest#testSourcePruningOn3
* Started com.google.javascript.jscomp.CommandLineRunnerTest#testSourcePruningOn4
* Finished com.google.javascript.jscomp.CommandLineRunnerTest#testSourcePruningOn4
* Started com.google.javascript.jscomp.CommandLineRunnerTest#testSourcePruningOn5
* Finished com.google.javascript.jscomp.CommandLineRunnerTest#testSourcePruningOn5
* Started com.google.javascript.jscomp.CommandLineRunnerTest#testSourcePruningOn6
* Finished com.google.javascript.jscomp.CommandLineRunnerTest#testSourcePruningOn6
* Started com.google.javascript.jscomp.CommandLineRunnerTest#testExternsLifting1
* Finished com.google.javascript.jscomp.CommandLineRunnerTest#testExternsLifting1
* Started com.google.javascript.jscomp.CommandLineRunnerTest#testExternsLifting2
* Finished com.google.javascript.jscomp.CommandLineRunnerTest#testExternsLifting2
* Started com.google.javascript.jscomp.CommandLineRunnerTest#testDefineFlag
* Finished com.google.javascript.jscomp.CommandLineRunnerTest#testDefineFlag
* Started com.google.javascript.jscomp.CommandLineRunnerTest#testProcessClosurePrimitives
* Finished com.google.javascript.jscomp.CommandLineRunnerTest#testProcessClosurePrimitives
* Started com.google.javascript.jscomp.CommandLineRunnerTest#testSourceSortingOff
* Finished com.google.javascript.jscomp.CommandLineRunnerTest#testSourceSortingOff
* Started com.google.javascript.jscomp.CommandLineRunnerTest#testCharSetExpansion
* Finished com.google.javascript.jscomp.CommandLineRunnerTest#testCharSetExpansion
* Started com.google.javascript.jscomp.CommandLineRunnerTest#testChainModuleManifest
* Finished com.google.javascript.jscomp.CommandLineRunnerTest#testChainModuleManifest
* Started com.google.javascript.jscomp.CommandLineRunnerTest#testFunctionStrictModeNoWarning
* Finished com.google.javascript.jscomp.CommandLineRunnerTest#testFunctionStrictModeNoWarning
* Started com.google.javascript.jscomp.CommandLineRunnerTest#testForwardDeclareDroppedTypes
* Finished com.google.javascript.jscomp.CommandLineRunnerTest#testForwardDeclareDroppedTypes
* Started com.google.javascript.jscomp.CommandLineRunnerTest#testSourceMapExpansion1
* Finished com.google.javascript.jscomp.CommandLineRunnerTest#testSourceMapExpansion1
* Started com.google.javascript.jscomp.CommandLineRunnerTest#testSourceMapExpansion2
* Finished com.google.javascript.jscomp.CommandLineRunnerTest#testSourceMapExpansion2
* Started com.google.javascript.jscomp.CommandLineRunnerTest#testSourceMapExpansion3
* Finished com.google.javascript.jscomp.CommandLineRunnerTest#testSourceMapExpansion3
* Started com.google.javascript.jscomp.CommandLineRunnerTest#testStarModuleManifest
* Finished com.google.javascript.jscomp.CommandLineRunnerTest#testStarModuleManifest
* Started com.google.javascript.jscomp.CommandLineRunnerTest#testTypeCheckOverride1
* Finished com.google.javascript.jscomp.CommandLineRunnerTest#testTypeCheckOverride1
* Started com.google.javascript.jscomp.CommandLineRunnerTest#testTypeCheckOverride2
* Finished com.google.javascript.jscomp.CommandLineRunnerTest#testTypeCheckOverride2
* Started com.google.javascript.jscomp.CommandLineRunnerTest#testHelpFlag
* Finished com.google.javascript.jscomp.CommandLineRunnerTest#testHelpFlag
* Started com.google.javascript.jscomp.CommandLineRunnerTest#testBooleanFlag1
* Finished com.google.javascript.jscomp.CommandLineRunnerTest#testBooleanFlag1
* Started com.google.javascript.jscomp.CommandLineRunnerTest#testBooleanFlag2
* Finished com.google.javascript.jscomp.CommandLineRunnerTest#testBooleanFlag2
* Started com.google.javascript.jscomp.CommandLineRunnerTest#testCheckSymbolsOffForDefault
* Finished com.google.javascript.jscomp.CommandLineRunnerTest#testCheckSymbolsOffForDefault
* Started com.google.javascript.jscomp.CommandLineRunnerTest#testSourceSortingCircularDeps1
* Finished com.google.javascript.jscomp.CommandLineRunnerTest#testSourceSortingCircularDeps1
* Started com.google.javascript.jscomp.CommandLineRunnerTest#testSourceSortingCircularDeps2
* Finished com.google.javascript.jscomp.CommandLineRunnerTest#testSourceSortingCircularDeps2
* Started com.google.javascript.jscomp.CommandLineRunnerTest#testVersionFlag
Closure Compiler (http://code.google.com/closure/compiler)
Version: HEAD
Built on: 2019/08/26 19:14
* Finished com.google.javascript.jscomp.CommandLineRunnerTest#testVersionFlag
* Started com.google.javascript.jscomp.CommandLineRunnerTest#testScriptStrictModeNoWarning
* Finished com.google.javascript.jscomp.CommandLineRunnerTest#testScriptStrictModeNoWarning
* Started com.google.javascript.jscomp.CommandLineRunnerTest#testDuplicateParams
* Finished com.google.javascript.jscomp.CommandLineRunnerTest#testDuplicateParams
* Started com.google.javascript.jscomp.CommandLineRunnerTest#testPrintAstFlag
* Finished com.google.javascript.jscomp.CommandLineRunnerTest#testPrintAstFlag
* Started com.google.javascript.jscomp.CommandLineRunnerTest#testSourceSortingOn
* Finished com.google.javascript.jscomp.CommandLineRunnerTest#testSourceSortingOn
* Started com.google.javascript.jscomp.CommandLineRunnerTest#testCheckSymbolsOnForVerbose
* Finished com.google.javascript.jscomp.CommandLineRunnerTest#testCheckSymbolsOnForVerbose
* Started com.google.javascript.jscomp.CommandLineRunnerTest#testTypeCheckingOnWithVerbose
* Finished com.google.javascript.jscomp.CommandLineRunnerTest#testTypeCheckingOnWithVerbose
* Started com.google.javascript.jscomp.CommandLineRunnerTest#testTypeCheckingOffByDefault
* Finished com.google.javascript.jscomp.CommandLineRunnerTest#testTypeCheckingOffByDefault
* Started com.google.javascript.jscomp.CommandLineRunnerTest#testIssue115
* Finished com.google.javascript.jscomp.CommandLineRunnerTest#testIssue115
* Started com.google.javascript.jscomp.CommandLineRunnerTest#testCheckUndefinedProperties1
* Finished com.google.javascript.jscomp.CommandLineRunnerTest#testCheckUndefinedProperties1
* Started com.google.javascript.jscomp.CommandLineRunnerTest#testCheckUndefinedProperties2
* Finished com.google.javascript.jscomp.CommandLineRunnerTest#testCheckUndefinedProperties2
* Started com.google.javascript.jscomp.CommandLineRunnerTest#testCheckUndefinedProperties3
* Finished com.google.javascript.jscomp.CommandLineRunnerTest#testCheckUndefinedProperties3
* Started com.google.javascript.jscomp.CommandLineRunnerTest#testCheckSymbolsOverrideForVerbose
* Finished com.google.javascript.jscomp.CommandLineRunnerTest#testCheckSymbolsOverrideForVerbose
* Started com.google.javascript.jscomp.CommandLineRunnerTest#testIssue70
* Finished com.google.javascript.jscomp.CommandLineRunnerTest#testIssue70
* Started com.google.javascript.jscomp.CommandLineRunnerTest#testIssue81
* Finished com.google.javascript.jscomp.CommandLineRunnerTest#testIssue81
* Started com.google.javascript.jscomp.CommandLineRunnerTest#testDebugFlag1
* Finished com.google.javascript.jscomp.CommandLineRunnerTest#testDebugFlag1
* Started com.google.javascript.jscomp.CommandLineRunnerTest#testDebugFlag2
* Finished com.google.javascript.jscomp.CommandLineRunnerTest#testDebugFlag2
* Started com.google.javascript.jscomp.CommandLineRunnerTest#testDebugFlag3
* Finished com.google.javascript.jscomp.CommandLineRunnerTest#testDebugFlag3
* Started com.google.javascript.jscomp.CommandLineRunnerTest#testDebugFlag4
* Finished com.google.javascript.jscomp.CommandLineRunnerTest#testDebugFlag4
* Started com.google.javascript.jscomp.CommandLineRunnerTest#testQuietMode
* Finished com.google.javascript.jscomp.CommandLineRunnerTest#testQuietMode
* Started com.google.javascript.jscomp.CommandLineRunnerTest#testDefineFlag2
* Finished com.google.javascript.jscomp.CommandLineRunnerTest#testDefineFlag2
* Started com.google.javascript.jscomp.CommandLineRunnerTest#testDefineFlag3
* Finished com.google.javascript.jscomp.CommandLineRunnerTest#testDefineFlag3
* Started com.google.javascript.jscomp.CheckGlobalThisTest#testStaticFunction1
[ERROR] Class not found
java.lang.ClassNotFoundException: rhino_ast.java.com.google.javascript.rhino.Messages
	at java.lang.ClassLoader.findClass(ClassLoader.java:531)
	at java.lang.ClassLoader.loadClass(ClassLoader.java:425)
	at java.lang.ClassLoader.loadClass(ClassLoader.java:358)
	at com.gzoltar.lib.instrumentation.util.GZoltarClassLoader.loadClass(Unknown Source)
	at java.util.ResourceBundle$Control.newBundle(ResourceBundle.java:2566)
	at java.util.ResourceBundle.loadBundle(ResourceBundle.java:1436)
	at java.util.ResourceBundle.findBundle(ResourceBundle.java:1400)
	at java.util.ResourceBundle.findBundle(ResourceBundle.java:1354)
	at java.util.ResourceBundle.findBundle(ResourceBundle.java:1354)
	at java.util.ResourceBundle.getBundleImpl(ResourceBundle.java:1296)
	at java.util.ResourceBundle.getBundle(ResourceBundle.java:795)
	at com.google.javascript.rhino.ScriptRuntime.getMessage(ScriptRuntime.java:465)
	at com.google.javascript.rhino.ScriptRuntime.getMessage0(ScriptRuntime.java:422)
	at com.google.javascript.jscomp.RhinoErrorReporter.<init>(RhinoErrorReporter.java:72)
	at com.google.javascript.jscomp.RhinoErrorReporter.<init>(RhinoErrorReporter.java:33)
	at com.google.javascript.jscomp.RhinoErrorReporter$OldRhinoErrorReporter.<init>(RhinoErrorReporter.java:137)
	at com.google.javascript.jscomp.RhinoErrorReporter$OldRhinoErrorReporter.<init>(RhinoErrorReporter.java:133)
	at com.google.javascript.jscomp.RhinoErrorReporter.forOldRhino(RhinoErrorReporter.java:102)
	at com.google.javascript.jscomp.Compiler.<init>(Compiler.java:150)
	at com.google.javascript.jscomp.Compiler.<init>(Compiler.java:182)
	at com.google.javascript.jscomp.CompilerTestCase.createCompiler(CompilerTestCase.java:963)
	at com.google.javascript.jscomp.CompilerTestCase.test(CompilerTestCase.java:365)
	at com.google.javascript.jscomp.CompilerTestCase.test(CompilerTestCase.java:306)
	at com.google.javascript.jscomp.CompilerTestCase.test(CompilerTestCase.java:275)
	at com.google.javascript.jscomp.CompilerTestCase.test(CompilerTestCase.java:263)
	at com.google.javascript.jscomp.CompilerTestCase.testSame(CompilerTestCase.java:491)
	at com.google.javascript.jscomp.CheckGlobalThisTest.testStaticFunction1(CheckGlobalThisTest.java:68)
	at sun.reflect.NativeMethodAccessorImpl.invoke0(Native Method)
	at sun.reflect.NativeMethodAccessorImpl.invoke(NativeMethodAccessorImpl.java:57)
	at sun.reflect.DelegatingMethodAccessorImpl.invoke(DelegatingMethodAccessorImpl.java:43)
	at java.lang.reflect.Method.invoke(Method.java:606)
	at junit.framework.TestCase.runTest(TestCase.java:176)
	at junit.framework.TestCase.runBare(TestCase.java:141)
	at junit.framework.TestResult$1.protect(TestResult.java:122)
	at junit.framework.TestResult.runProtected(TestResult.java:142)
	at junit.framework.TestResult.run(TestResult.java:125)
	at junit.framework.TestCase.run(TestCase.java:129)
	at junit.framework.TestSuite.runTest(TestSuite.java:255)
	at junit.framework.TestSuite.run(TestSuite.java:250)
	at org.junit.internal.runners.JUnit38ClassRunner.run(JUnit38ClassRunner.java:84)
	at com.gzoltar.lib.instrumentation.testing.junit.a.call(Unknown Source)
	at java.util.concurrent.FutureTask.run(FutureTask.java:262)
	at java.util.concurrent.ThreadPoolExecutor.runWorker(ThreadPoolExecutor.java:1145)
	at java.util.concurrent.ThreadPoolExecutor$Worker.run(ThreadPoolExecutor.java:615)
	at java.lang.Thread.run(Thread.java:745)
[ERROR] Class not found
java.lang.ClassNotFoundException: rhino_ast.java.com.google.javascript.rhino.Messages_en
	at java.lang.ClassLoader.findClass(ClassLoader.java:531)
	at java.lang.ClassLoader.loadClass(ClassLoader.java:425)
	at java.lang.ClassLoader.loadClass(ClassLoader.java:358)
	at com.gzoltar.lib.instrumentation.util.GZoltarClassLoader.loadClass(Unknown Source)
	at java.util.ResourceBundle$Control.newBundle(ResourceBundle.java:2566)
	at java.util.ResourceBundle.loadBundle(ResourceBundle.java:1436)
	at java.util.ResourceBundle.findBundle(ResourceBundle.java:1400)
	at java.util.ResourceBundle.findBundle(ResourceBundle.java:1354)
	at java.util.ResourceBundle.getBundleImpl(ResourceBundle.java:1296)
	at java.util.ResourceBundle.getBundle(ResourceBundle.java:795)
	at com.google.javascript.rhino.ScriptRuntime.getMessage(ScriptRuntime.java:465)
	at com.google.javascript.rhino.ScriptRuntime.getMessage0(ScriptRuntime.java:422)
	at com.google.javascript.jscomp.RhinoErrorReporter.<init>(RhinoErrorReporter.java:72)
	at com.google.javascript.jscomp.RhinoErrorReporter.<init>(RhinoErrorReporter.java:33)
	at com.google.javascript.jscomp.RhinoErrorReporter$OldRhinoErrorReporter.<init>(RhinoErrorReporter.java:137)
	at com.google.javascript.jscomp.RhinoErrorReporter$OldRhinoErrorReporter.<init>(RhinoErrorReporter.java:133)
	at com.google.javascript.jscomp.RhinoErrorReporter.forOldRhino(RhinoErrorReporter.java:102)
	at com.google.javascript.jscomp.Compiler.<init>(Compiler.java:150)
	at com.google.javascript.jscomp.Compiler.<init>(Compiler.java:182)
	at com.google.javascript.jscomp.CompilerTestCase.createCompiler(CompilerTestCase.java:963)
	at com.google.javascript.jscomp.CompilerTestCase.test(CompilerTestCase.java:365)
	at com.google.javascript.jscomp.CompilerTestCase.test(CompilerTestCase.java:306)
	at com.google.javascript.jscomp.CompilerTestCase.test(CompilerTestCase.java:275)
	at com.google.javascript.jscomp.CompilerTestCase.test(CompilerTestCase.java:263)
	at com.google.javascript.jscomp.CompilerTestCase.testSame(CompilerTestCase.java:491)
	at com.google.javascript.jscomp.CheckGlobalThisTest.testStaticFunction1(CheckGlobalThisTest.java:68)
	at sun.reflect.NativeMethodAccessorImpl.invoke0(Native Method)
	at sun.reflect.NativeMethodAccessorImpl.invoke(NativeMethodAccessorImpl.java:57)
	at sun.reflect.DelegatingMethodAccessorImpl.invoke(DelegatingMethodAccessorImpl.java:43)
	at java.lang.reflect.Method.invoke(Method.java:606)
	at junit.framework.TestCase.runTest(TestCase.java:176)
	at junit.framework.TestCase.runBare(TestCase.java:141)
	at junit.framework.TestResult$1.protect(TestResult.java:122)
	at junit.framework.TestResult.runProtected(TestResult.java:142)
	at junit.framework.TestResult.run(TestResult.java:125)
	at junit.framework.TestCase.run(TestCase.java:129)
	at junit.framework.TestSuite.runTest(TestSuite.java:255)
	at junit.framework.TestSuite.run(TestSuite.java:250)
	at org.junit.internal.runners.JUnit38ClassRunner.run(JUnit38ClassRunner.java:84)
	at com.gzoltar.lib.instrumentation.testing.junit.a.call(Unknown Source)
	at java.util.concurrent.FutureTask.run(FutureTask.java:262)
	at java.util.concurrent.ThreadPoolExecutor.runWorker(ThreadPoolExecutor.java:1145)
	at java.util.concurrent.ThreadPoolExecutor$Worker.run(ThreadPoolExecutor.java:615)
	at java.lang.Thread.run(Thread.java:745)
[ERROR] Class not found
java.lang.ClassNotFoundException: rhino_ast.java.com.google.javascript.rhino.Messages_en_US
	at java.lang.ClassLoader.findClass(ClassLoader.java:531)
	at java.lang.ClassLoader.loadClass(ClassLoader.java:425)
	at java.lang.ClassLoader.loadClass(ClassLoader.java:358)
	at com.gzoltar.lib.instrumentation.util.GZoltarClassLoader.loadClass(Unknown Source)
	at java.util.ResourceBundle$Control.newBundle(ResourceBundle.java:2566)
	at java.util.ResourceBundle.loadBundle(ResourceBundle.java:1436)
	at java.util.ResourceBundle.findBundle(ResourceBundle.java:1400)
	at java.util.ResourceBundle.getBundleImpl(ResourceBundle.java:1296)
	at java.util.ResourceBundle.getBundle(ResourceBundle.java:795)
	at com.google.javascript.rhino.ScriptRuntime.getMessage(ScriptRuntime.java:465)
	at com.google.javascript.rhino.ScriptRuntime.getMessage0(ScriptRuntime.java:422)
	at com.google.javascript.jscomp.RhinoErrorReporter.<init>(RhinoErrorReporter.java:72)
	at com.google.javascript.jscomp.RhinoErrorReporter.<init>(RhinoErrorReporter.java:33)
	at com.google.javascript.jscomp.RhinoErrorReporter$OldRhinoErrorReporter.<init>(RhinoErrorReporter.java:137)
	at com.google.javascript.jscomp.RhinoErrorReporter$OldRhinoErrorReporter.<init>(RhinoErrorReporter.java:133)
	at com.google.javascript.jscomp.RhinoErrorReporter.forOldRhino(RhinoErrorReporter.java:102)
	at com.google.javascript.jscomp.Compiler.<init>(Compiler.java:150)
	at com.google.javascript.jscomp.Compiler.<init>(Compiler.java:182)
	at com.google.javascript.jscomp.CompilerTestCase.createCompiler(CompilerTestCase.java:963)
	at com.google.javascript.jscomp.CompilerTestCase.test(CompilerTestCase.java:365)
	at com.google.javascript.jscomp.CompilerTestCase.test(CompilerTestCase.java:306)
	at com.google.javascript.jscomp.CompilerTestCase.test(CompilerTestCase.java:275)
	at com.google.javascript.jscomp.CompilerTestCase.test(CompilerTestCase.java:263)
	at com.google.javascript.jscomp.CompilerTestCase.testSame(CompilerTestCase.java:491)
	at com.google.javascript.jscomp.CheckGlobalThisTest.testStaticFunction1(CheckGlobalThisTest.java:68)
	at sun.reflect.NativeMethodAccessorImpl.invoke0(Native Method)
	at sun.reflect.NativeMethodAccessorImpl.invoke(NativeMethodAccessorImpl.java:57)
	at sun.reflect.DelegatingMethodAccessorImpl.invoke(DelegatingMethodAccessorImpl.java:43)
	at java.lang.reflect.Method.invoke(Method.java:606)
	at junit.framework.TestCase.runTest(TestCase.java:176)
	at junit.framework.TestCase.runBare(TestCase.java:141)
	at junit.framework.TestResult$1.protect(TestResult.java:122)
	at junit.framework.TestResult.runProtected(TestResult.java:142)
	at junit.framework.TestResult.run(TestResult.java:125)
	at junit.framework.TestCase.run(TestCase.java:129)
	at junit.framework.TestSuite.runTest(TestSuite.java:255)
	at junit.framework.TestSuite.run(TestSuite.java:250)
	at org.junit.internal.runners.JUnit38ClassRunner.run(JUnit38ClassRunner.java:84)
	at com.gzoltar.lib.instrumentation.testing.junit.a.call(Unknown Source)
	at java.util.concurrent.FutureTask.run(FutureTask.java:262)
	at java.util.concurrent.ThreadPoolExecutor.runWorker(ThreadPoolExecutor.java:1145)
	at java.util.concurrent.ThreadPoolExecutor$Worker.run(ThreadPoolExecutor.java:615)
	at java.lang.Thread.run(Thread.java:745)
[ERROR] Class not found
java.lang.ClassNotFoundException: com.google.javascript.jscomp.mozilla.rhino.VMBridge_custom
	at java.lang.ClassLoader.findClass(ClassLoader.java:531)
	at java.lang.ClassLoader.loadClass(ClassLoader.java:425)
	at java.lang.ClassLoader.loadClass(ClassLoader.java:358)
	at com.gzoltar.lib.instrumentation.util.GZoltarClassLoader.loadClass(Unknown Source)
	at java.lang.Class.forName0(Native Method)
	at java.lang.Class.forName(Class.java:195)
	at com.google.javascript.jscomp.mozilla.rhino.Kit.classOrNull(Kit.java:74)
	at com.google.javascript.jscomp.mozilla.rhino.VMBridge.makeInstance(VMBridge.java:61)
	at com.google.javascript.jscomp.mozilla.rhino.VMBridge.<clinit>(VMBridge.java:49)
	at com.google.javascript.jscomp.mozilla.rhino.Context.getCurrentContext(Context.java:379)
	at com.google.javascript.jscomp.mozilla.rhino.ScriptRuntime$DefaultMessageProvider.getMessage(ScriptRuntime.java:3703)
	at com.google.javascript.jscomp.mozilla.rhino.ScriptRuntime.getMessage(ScriptRuntime.java:3691)
	at com.google.javascript.jscomp.mozilla.rhino.ScriptRuntime.getMessage0(ScriptRuntime.java:3639)
	at com.google.javascript.jscomp.RhinoErrorReporter.<init>(RhinoErrorReporter.java:72)
	at com.google.javascript.jscomp.RhinoErrorReporter.<init>(RhinoErrorReporter.java:33)
	at com.google.javascript.jscomp.RhinoErrorReporter$OldRhinoErrorReporter.<init>(RhinoErrorReporter.java:137)
	at com.google.javascript.jscomp.RhinoErrorReporter$OldRhinoErrorReporter.<init>(RhinoErrorReporter.java:133)
	at com.google.javascript.jscomp.RhinoErrorReporter.forOldRhino(RhinoErrorReporter.java:102)
	at com.google.javascript.jscomp.Compiler.<init>(Compiler.java:150)
	at com.google.javascript.jscomp.Compiler.<init>(Compiler.java:182)
	at com.google.javascript.jscomp.CompilerTestCase.createCompiler(CompilerTestCase.java:963)
	at com.google.javascript.jscomp.CompilerTestCase.test(CompilerTestCase.java:365)
	at com.google.javascript.jscomp.CompilerTestCase.test(CompilerTestCase.java:306)
	at com.google.javascript.jscomp.CompilerTestCase.test(CompilerTestCase.java:275)
	at com.google.javascript.jscomp.CompilerTestCase.test(CompilerTestCase.java:263)
	at com.google.javascript.jscomp.CompilerTestCase.testSame(CompilerTestCase.java:491)
	at com.google.javascript.jscomp.CheckGlobalThisTest.testStaticFunction1(CheckGlobalThisTest.java:68)
	at sun.reflect.NativeMethodAccessorImpl.invoke0(Native Method)
	at sun.reflect.NativeMethodAccessorImpl.invoke(NativeMethodAccessorImpl.java:57)
	at sun.reflect.DelegatingMethodAccessorImpl.invoke(DelegatingMethodAccessorImpl.java:43)
	at java.lang.reflect.Method.invoke(Method.java:606)
	at junit.framework.TestCase.runTest(TestCase.java:176)
	at junit.framework.TestCase.runBare(TestCase.java:141)
	at junit.framework.TestResult$1.protect(TestResult.java:122)
	at junit.framework.TestResult.runProtected(TestResult.java:142)
	at junit.framework.TestResult.run(TestResult.java:125)
	at junit.framework.TestCase.run(TestCase.java:129)
	at junit.framework.TestSuite.runTest(TestSuite.java:255)
	at junit.framework.TestSuite.run(TestSuite.java:250)
	at org.junit.internal.runners.JUnit38ClassRunner.run(JUnit38ClassRunner.java:84)
	at com.gzoltar.lib.instrumentation.testing.junit.a.call(Unknown Source)
	at java.util.concurrent.FutureTask.run(FutureTask.java:262)
	at java.util.concurrent.ThreadPoolExecutor.runWorker(ThreadPoolExecutor.java:1145)
	at java.util.concurrent.ThreadPoolExecutor$Worker.run(ThreadPoolExecutor.java:615)
	at java.lang.Thread.run(Thread.java:745)
[ERROR] Class not found
java.lang.ClassNotFoundException: com.google.javascript.jscomp.mozilla.rhino.resources.Messages
	at java.lang.ClassLoader.findClass(ClassLoader.java:531)
	at java.lang.ClassLoader.loadClass(ClassLoader.java:425)
	at java.lang.ClassLoader.loadClass(ClassLoader.java:358)
	at com.gzoltar.lib.instrumentation.util.GZoltarClassLoader.loadClass(Unknown Source)
	at java.util.ResourceBundle$Control.newBundle(ResourceBundle.java:2566)
	at java.util.ResourceBundle.loadBundle(ResourceBundle.java:1436)
	at java.util.ResourceBundle.findBundle(ResourceBundle.java:1400)
	at java.util.ResourceBundle.findBundle(ResourceBundle.java:1354)
	at java.util.ResourceBundle.findBundle(ResourceBundle.java:1354)
	at java.util.ResourceBundle.getBundleImpl(ResourceBundle.java:1296)
	at java.util.ResourceBundle.getBundle(ResourceBundle.java:795)
	at com.google.javascript.jscomp.mozilla.rhino.ScriptRuntime$DefaultMessageProvider.getMessage(ScriptRuntime.java:3707)
	at com.google.javascript.jscomp.mozilla.rhino.ScriptRuntime.getMessage(ScriptRuntime.java:3691)
	at com.google.javascript.jscomp.mozilla.rhino.ScriptRuntime.getMessage0(ScriptRuntime.java:3639)
	at com.google.javascript.jscomp.RhinoErrorReporter.<init>(RhinoErrorReporter.java:72)
	at com.google.javascript.jscomp.RhinoErrorReporter.<init>(RhinoErrorReporter.java:33)
	at com.google.javascript.jscomp.RhinoErrorReporter$OldRhinoErrorReporter.<init>(RhinoErrorReporter.java:137)
	at com.google.javascript.jscomp.RhinoErrorReporter$OldRhinoErrorReporter.<init>(RhinoErrorReporter.java:133)
	at com.google.javascript.jscomp.RhinoErrorReporter.forOldRhino(RhinoErrorReporter.java:102)
	at com.google.javascript.jscomp.Compiler.<init>(Compiler.java:150)
	at com.google.javascript.jscomp.Compiler.<init>(Compiler.java:182)
	at com.google.javascript.jscomp.CompilerTestCase.createCompiler(CompilerTestCase.java:963)
	at com.google.javascript.jscomp.CompilerTestCase.test(CompilerTestCase.java:365)
	at com.google.javascript.jscomp.CompilerTestCase.test(CompilerTestCase.java:306)
	at com.google.javascript.jscomp.CompilerTestCase.test(CompilerTestCase.java:275)
	at com.google.javascript.jscomp.CompilerTestCase.test(CompilerTestCase.java:263)
	at com.google.javascript.jscomp.CompilerTestCase.testSame(CompilerTestCase.java:491)
	at com.google.javascript.jscomp.CheckGlobalThisTest.testStaticFunction1(CheckGlobalThisTest.java:68)
	at sun.reflect.NativeMethodAccessorImpl.invoke0(Native Method)
	at sun.reflect.NativeMethodAccessorImpl.invoke(NativeMethodAccessorImpl.java:57)
	at sun.reflect.DelegatingMethodAccessorImpl.invoke(DelegatingMethodAccessorImpl.java:43)
	at java.lang.reflect.Method.invoke(Method.java:606)
	at junit.framework.TestCase.runTest(TestCase.java:176)
	at junit.framework.TestCase.runBare(TestCase.java:141)
	at junit.framework.TestResult$1.protect(TestResult.java:122)
	at junit.framework.TestResult.runProtected(TestResult.java:142)
	at junit.framework.TestResult.run(TestResult.java:125)
	at junit.framework.TestCase.run(TestCase.java:129)
	at junit.framework.TestSuite.runTest(TestSuite.java:255)
	at junit.framework.TestSuite.run(TestSuite.java:250)
	at org.junit.internal.runners.JUnit38ClassRunner.run(JUnit38ClassRunner.java:84)
	at com.gzoltar.lib.instrumentation.testing.junit.a.call(Unknown Source)
	at java.util.concurrent.FutureTask.run(FutureTask.java:262)
	at java.util.concurrent.ThreadPoolExecutor.runWorker(ThreadPoolExecutor.java:1145)
	at java.util.concurrent.ThreadPoolExecutor$Worker.run(ThreadPoolExecutor.java:615)
	at java.lang.Thread.run(Thread.java:745)
[ERROR] Class not found
java.lang.ClassNotFoundException: com.google.javascript.jscomp.mozilla.rhino.resources.Messages_en
	at java.lang.ClassLoader.findClass(ClassLoader.java:531)
	at java.lang.ClassLoader.loadClass(ClassLoader.java:425)
	at java.lang.ClassLoader.loadClass(ClassLoader.java:358)
	at com.gzoltar.lib.instrumentation.util.GZoltarClassLoader.loadClass(Unknown Source)
	at java.util.ResourceBundle$Control.newBundle(ResourceBundle.java:2566)
	at java.util.ResourceBundle.loadBundle(ResourceBundle.java:1436)
	at java.util.ResourceBundle.findBundle(ResourceBundle.java:1400)
	at java.util.ResourceBundle.findBundle(ResourceBundle.java:1354)
	at java.util.ResourceBundle.getBundleImpl(ResourceBundle.java:1296)
	at java.util.ResourceBundle.getBundle(ResourceBundle.java:795)
	at com.google.javascript.jscomp.mozilla.rhino.ScriptRuntime$DefaultMessageProvider.getMessage(ScriptRuntime.java:3707)
	at com.google.javascript.jscomp.mozilla.rhino.ScriptRuntime.getMessage(ScriptRuntime.java:3691)
	at com.google.javascript.jscomp.mozilla.rhino.ScriptRuntime.getMessage0(ScriptRuntime.java:3639)
	at com.google.javascript.jscomp.RhinoErrorReporter.<init>(RhinoErrorReporter.java:72)
	at com.google.javascript.jscomp.RhinoErrorReporter.<init>(RhinoErrorReporter.java:33)
	at com.google.javascript.jscomp.RhinoErrorReporter$OldRhinoErrorReporter.<init>(RhinoErrorReporter.java:137)
	at com.google.javascript.jscomp.RhinoErrorReporter$OldRhinoErrorReporter.<init>(RhinoErrorReporter.java:133)
	at com.google.javascript.jscomp.RhinoErrorReporter.forOldRhino(RhinoErrorReporter.java:102)
	at com.google.javascript.jscomp.Compiler.<init>(Compiler.java:150)
	at com.google.javascript.jscomp.Compiler.<init>(Compiler.java:182)
	at com.google.javascript.jscomp.CompilerTestCase.createCompiler(CompilerTestCase.java:963)
	at com.google.javascript.jscomp.CompilerTestCase.test(CompilerTestCase.java:365)
	at com.google.javascript.jscomp.CompilerTestCase.test(CompilerTestCase.java:306)
	at com.google.javascript.jscomp.CompilerTestCase.test(CompilerTestCase.java:275)
	at com.google.javascript.jscomp.CompilerTestCase.test(CompilerTestCase.java:263)
	at com.google.javascript.jscomp.CompilerTestCase.testSame(CompilerTestCase.java:491)
	at com.google.javascript.jscomp.CheckGlobalThisTest.testStaticFunction1(CheckGlobalThisTest.java:68)
	at sun.reflect.NativeMethodAccessorImpl.invoke0(Native Method)
	at sun.reflect.NativeMethodAccessorImpl.invoke(NativeMethodAccessorImpl.java:57)
	at sun.reflect.DelegatingMethodAccessorImpl.invoke(DelegatingMethodAccessorImpl.java:43)
	at java.lang.reflect.Method.invoke(Method.java:606)
	at junit.framework.TestCase.runTest(TestCase.java:176)
	at junit.framework.TestCase.runBare(TestCase.java:141)
	at junit.framework.TestResult$1.protect(TestResult.java:122)
	at junit.framework.TestResult.runProtected(TestResult.java:142)
	at junit.framework.TestResult.run(TestResult.java:125)
	at junit.framework.TestCase.run(TestCase.java:129)
	at junit.framework.TestSuite.runTest(TestSuite.java:255)
	at junit.framework.TestSuite.run(TestSuite.java:250)
	at org.junit.internal.runners.JUnit38ClassRunner.run(JUnit38ClassRunner.java:84)
	at com.gzoltar.lib.instrumentation.testing.junit.a.call(Unknown Source)
	at java.util.concurrent.FutureTask.run(FutureTask.java:262)
	at java.util.concurrent.ThreadPoolExecutor.runWorker(ThreadPoolExecutor.java:1145)
	at java.util.concurrent.ThreadPoolExecutor$Worker.run(ThreadPoolExecutor.java:615)
	at java.lang.Thread.run(Thread.java:745)
[ERROR] Class not found
java.lang.ClassNotFoundException: com.google.javascript.jscomp.mozilla.rhino.resources.Messages_en_US
	at java.lang.ClassLoader.findClass(ClassLoader.java:531)
	at java.lang.ClassLoader.loadClass(ClassLoader.java:425)
	at java.lang.ClassLoader.loadClass(ClassLoader.java:358)
	at com.gzoltar.lib.instrumentation.util.GZoltarClassLoader.loadClass(Unknown Source)
	at java.util.ResourceBundle$Control.newBundle(ResourceBundle.java:2566)
	at java.util.ResourceBundle.loadBundle(ResourceBundle.java:1436)
	at java.util.ResourceBundle.findBundle(ResourceBundle.java:1400)
	at java.util.ResourceBundle.getBundleImpl(ResourceBundle.java:1296)
	at java.util.ResourceBundle.getBundle(ResourceBundle.java:795)
	at com.google.javascript.jscomp.mozilla.rhino.ScriptRuntime$DefaultMessageProvider.getMessage(ScriptRuntime.java:3707)
	at com.google.javascript.jscomp.mozilla.rhino.ScriptRuntime.getMessage(ScriptRuntime.java:3691)
	at com.google.javascript.jscomp.mozilla.rhino.ScriptRuntime.getMessage0(ScriptRuntime.java:3639)
	at com.google.javascript.jscomp.RhinoErrorReporter.<init>(RhinoErrorReporter.java:72)
	at com.google.javascript.jscomp.RhinoErrorReporter.<init>(RhinoErrorReporter.java:33)
	at com.google.javascript.jscomp.RhinoErrorReporter$OldRhinoErrorReporter.<init>(RhinoErrorReporter.java:137)
	at com.google.javascript.jscomp.RhinoErrorReporter$OldRhinoErrorReporter.<init>(RhinoErrorReporter.java:133)
	at com.google.javascript.jscomp.RhinoErrorReporter.forOldRhino(RhinoErrorReporter.java:102)
	at com.google.javascript.jscomp.Compiler.<init>(Compiler.java:150)
	at com.google.javascript.jscomp.Compiler.<init>(Compiler.java:182)
	at com.google.javascript.jscomp.CompilerTestCase.createCompiler(CompilerTestCase.java:963)
	at com.google.javascript.jscomp.CompilerTestCase.test(CompilerTestCase.java:365)
	at com.google.javascript.jscomp.CompilerTestCase.test(CompilerTestCase.java:306)
	at com.google.javascript.jscomp.CompilerTestCase.test(CompilerTestCase.java:275)
	at com.google.javascript.jscomp.CompilerTestCase.test(CompilerTestCase.java:263)
	at com.google.javascript.jscomp.CompilerTestCase.testSame(CompilerTestCase.java:491)
	at com.google.javascript.jscomp.CheckGlobalThisTest.testStaticFunction1(CheckGlobalThisTest.java:68)
	at sun.reflect.NativeMethodAccessorImpl.invoke0(Native Method)
	at sun.reflect.NativeMethodAccessorImpl.invoke(NativeMethodAccessorImpl.java:57)
	at sun.reflect.DelegatingMethodAccessorImpl.invoke(DelegatingMethodAccessorImpl.java:43)
	at java.lang.reflect.Method.invoke(Method.java:606)
	at junit.framework.TestCase.runTest(TestCase.java:176)
	at junit.framework.TestCase.runBare(TestCase.java:141)
	at junit.framework.TestResult$1.protect(TestResult.java:122)
	at junit.framework.TestResult.runProtected(TestResult.java:142)
	at junit.framework.TestResult.run(TestResult.java:125)
	at junit.framework.TestCase.run(TestCase.java:129)
	at junit.framework.TestSuite.runTest(TestSuite.java:255)
	at junit.framework.TestSuite.run(TestSuite.java:250)
	at org.junit.internal.runners.JUnit38ClassRunner.run(JUnit38ClassRunner.java:84)
	at com.gzoltar.lib.instrumentation.testing.junit.a.call(Unknown Source)
	at java.util.concurrent.FutureTask.run(FutureTask.java:262)
	at java.util.concurrent.ThreadPoolExecutor.runWorker(ThreadPoolExecutor.java:1145)
	at java.util.concurrent.ThreadPoolExecutor$Worker.run(ThreadPoolExecutor.java:615)
	at java.lang.Thread.run(Thread.java:745)
[ERROR] Class not found
java.lang.ClassNotFoundException: com.google.javascript.jscomp.parsing.ParserConfig
	at java.lang.ClassLoader.findClass(ClassLoader.java:531)
	at java.lang.ClassLoader.loadClass(ClassLoader.java:425)
	at java.lang.ClassLoader.loadClass(ClassLoader.java:358)
	at com.gzoltar.lib.instrumentation.util.GZoltarClassLoader.loadClass(Unknown Source)
	at java.util.ResourceBundle$Control.newBundle(ResourceBundle.java:2566)
	at java.util.ResourceBundle.loadBundle(ResourceBundle.java:1436)
	at java.util.ResourceBundle.findBundle(ResourceBundle.java:1400)
	at java.util.ResourceBundle.findBundle(ResourceBundle.java:1354)
	at java.util.ResourceBundle.findBundle(ResourceBundle.java:1354)
	at java.util.ResourceBundle.getBundleImpl(ResourceBundle.java:1296)
	at java.util.ResourceBundle.getBundle(ResourceBundle.java:721)
	at com.google.javascript.jscomp.parsing.ParserRunner.initResourceConfig(ParserRunner.java:56)
	at com.google.javascript.jscomp.parsing.ParserRunner.createConfig(ParserRunner.java:47)
	at com.google.javascript.jscomp.Compiler.getParserConfig(Compiler.java:1597)
	at com.google.javascript.jscomp.JsAst.parse(JsAst.java:88)
	at com.google.javascript.jscomp.JsAst.createAst(JsAst.java:77)
	at com.google.javascript.jscomp.JsAst.getAstRoot(JsAst.java:50)
	at com.google.javascript.jscomp.CompilerInput.getAstRoot(CompilerInput.java:102)
	at com.google.javascript.jscomp.Compiler.parseInputs(Compiler.java:1057)
	at com.google.javascript.jscomp.CompilerTestCase.test(CompilerTestCase.java:669)
	at com.google.javascript.jscomp.CompilerTestCase.test(CompilerTestCase.java:377)
	at com.google.javascript.jscomp.CompilerTestCase.test(CompilerTestCase.java:306)
	at com.google.javascript.jscomp.CompilerTestCase.test(CompilerTestCase.java:275)
	at com.google.javascript.jscomp.CompilerTestCase.test(CompilerTestCase.java:263)
	at com.google.javascript.jscomp.CompilerTestCase.testSame(CompilerTestCase.java:491)
	at com.google.javascript.jscomp.CheckGlobalThisTest.testStaticFunction1(CheckGlobalThisTest.java:68)
	at sun.reflect.NativeMethodAccessorImpl.invoke0(Native Method)
	at sun.reflect.NativeMethodAccessorImpl.invoke(NativeMethodAccessorImpl.java:57)
	at sun.reflect.DelegatingMethodAccessorImpl.invoke(DelegatingMethodAccessorImpl.java:43)
	at java.lang.reflect.Method.invoke(Method.java:606)
	at junit.framework.TestCase.runTest(TestCase.java:176)
	at junit.framework.TestCase.runBare(TestCase.java:141)
	at junit.framework.TestResult$1.protect(TestResult.java:122)
	at junit.framework.TestResult.runProtected(TestResult.java:142)
	at junit.framework.TestResult.run(TestResult.java:125)
	at junit.framework.TestCase.run(TestCase.java:129)
	at junit.framework.TestSuite.runTest(TestSuite.java:255)
	at junit.framework.TestSuite.run(TestSuite.java:250)
	at org.junit.internal.runners.JUnit38ClassRunner.run(JUnit38ClassRunner.java:84)
	at com.gzoltar.lib.instrumentation.testing.junit.a.call(Unknown Source)
	at java.util.concurrent.FutureTask.run(FutureTask.java:262)
	at java.util.concurrent.ThreadPoolExecutor.runWorker(ThreadPoolExecutor.java:1145)
	at java.util.concurrent.ThreadPoolExecutor$Worker.run(ThreadPoolExecutor.java:615)
	at java.lang.Thread.run(Thread.java:745)
[ERROR] Class not found
java.lang.ClassNotFoundException: com.google.javascript.jscomp.parsing.ParserConfig_en
	at java.lang.ClassLoader.findClass(ClassLoader.java:531)
	at java.lang.ClassLoader.loadClass(ClassLoader.java:425)
	at java.lang.ClassLoader.loadClass(ClassLoader.java:358)
	at com.gzoltar.lib.instrumentation.util.GZoltarClassLoader.loadClass(Unknown Source)
	at java.util.ResourceBundle$Control.newBundle(ResourceBundle.java:2566)
	at java.util.ResourceBundle.loadBundle(ResourceBundle.java:1436)
	at java.util.ResourceBundle.findBundle(ResourceBundle.java:1400)
	at java.util.ResourceBundle.findBundle(ResourceBundle.java:1354)
	at java.util.ResourceBundle.getBundleImpl(ResourceBundle.java:1296)
	at java.util.ResourceBundle.getBundle(ResourceBundle.java:721)
	at com.google.javascript.jscomp.parsing.ParserRunner.initResourceConfig(ParserRunner.java:56)
	at com.google.javascript.jscomp.parsing.ParserRunner.createConfig(ParserRunner.java:47)
	at com.google.javascript.jscomp.Compiler.getParserConfig(Compiler.java:1597)
	at com.google.javascript.jscomp.JsAst.parse(JsAst.java:88)
	at com.google.javascript.jscomp.JsAst.createAst(JsAst.java:77)
	at com.google.javascript.jscomp.JsAst.getAstRoot(JsAst.java:50)
	at com.google.javascript.jscomp.CompilerInput.getAstRoot(CompilerInput.java:102)
	at com.google.javascript.jscomp.Compiler.parseInputs(Compiler.java:1057)
	at com.google.javascript.jscomp.CompilerTestCase.test(CompilerTestCase.java:669)
	at com.google.javascript.jscomp.CompilerTestCase.test(CompilerTestCase.java:377)
	at com.google.javascript.jscomp.CompilerTestCase.test(CompilerTestCase.java:306)
	at com.google.javascript.jscomp.CompilerTestCase.test(CompilerTestCase.java:275)
	at com.google.javascript.jscomp.CompilerTestCase.test(CompilerTestCase.java:263)
	at com.google.javascript.jscomp.CompilerTestCase.testSame(CompilerTestCase.java:491)
	at com.google.javascript.jscomp.CheckGlobalThisTest.testStaticFunction1(CheckGlobalThisTest.java:68)
	at sun.reflect.NativeMethodAccessorImpl.invoke0(Native Method)
	at sun.reflect.NativeMethodAccessorImpl.invoke(NativeMethodAccessorImpl.java:57)
	at sun.reflect.DelegatingMethodAccessorImpl.invoke(DelegatingMethodAccessorImpl.java:43)
	at java.lang.reflect.Method.invoke(Method.java:606)
	at junit.framework.TestCase.runTest(TestCase.java:176)
	at junit.framework.TestCase.runBare(TestCase.java:141)
	at junit.framework.TestResult$1.protect(TestResult.java:122)
	at junit.framework.TestResult.runProtected(TestResult.java:142)
	at junit.framework.TestResult.run(TestResult.java:125)
	at junit.framework.TestCase.run(TestCase.java:129)
	at junit.framework.TestSuite.runTest(TestSuite.java:255)
	at junit.framework.TestSuite.run(TestSuite.java:250)
	at org.junit.internal.runners.JUnit38ClassRunner.run(JUnit38ClassRunner.java:84)
	at com.gzoltar.lib.instrumentation.testing.junit.a.call(Unknown Source)
	at java.util.concurrent.FutureTask.run(FutureTask.java:262)
	at java.util.concurrent.ThreadPoolExecutor.runWorker(ThreadPoolExecutor.java:1145)
	at java.util.concurrent.ThreadPoolExecutor$Worker.run(ThreadPoolExecutor.java:615)
	at java.lang.Thread.run(Thread.java:745)
[ERROR] Class not found
java.lang.ClassNotFoundException: com.google.javascript.jscomp.parsing.ParserConfig_en_US
	at java.lang.ClassLoader.findClass(ClassLoader.java:531)
	at java.lang.ClassLoader.loadClass(ClassLoader.java:425)
	at java.lang.ClassLoader.loadClass(ClassLoader.java:358)
	at com.gzoltar.lib.instrumentation.util.GZoltarClassLoader.loadClass(Unknown Source)
	at java.util.ResourceBundle$Control.newBundle(ResourceBundle.java:2566)
	at java.util.ResourceBundle.loadBundle(ResourceBundle.java:1436)
	at java.util.ResourceBundle.findBundle(ResourceBundle.java:1400)
	at java.util.ResourceBundle.getBundleImpl(ResourceBundle.java:1296)
	at java.util.ResourceBundle.getBundle(ResourceBundle.java:721)
	at com.google.javascript.jscomp.parsing.ParserRunner.initResourceConfig(ParserRunner.java:56)
	at com.google.javascript.jscomp.parsing.ParserRunner.createConfig(ParserRunner.java:47)
	at com.google.javascript.jscomp.Compiler.getParserConfig(Compiler.java:1597)
	at com.google.javascript.jscomp.JsAst.parse(JsAst.java:88)
	at com.google.javascript.jscomp.JsAst.createAst(JsAst.java:77)
	at com.google.javascript.jscomp.JsAst.getAstRoot(JsAst.java:50)
	at com.google.javascript.jscomp.CompilerInput.getAstRoot(CompilerInput.java:102)
	at com.google.javascript.jscomp.Compiler.parseInputs(Compiler.java:1057)
	at com.google.javascript.jscomp.CompilerTestCase.test(CompilerTestCase.java:669)
	at com.google.javascript.jscomp.CompilerTestCase.test(CompilerTestCase.java:377)
	at com.google.javascript.jscomp.CompilerTestCase.test(CompilerTestCase.java:306)
	at com.google.javascript.jscomp.CompilerTestCase.test(CompilerTestCase.java:275)
	at com.google.javascript.jscomp.CompilerTestCase.test(CompilerTestCase.java:263)
	at com.google.javascript.jscomp.CompilerTestCase.testSame(CompilerTestCase.java:491)
	at com.google.javascript.jscomp.CheckGlobalThisTest.testStaticFunction1(CheckGlobalThisTest.java:68)
	at sun.reflect.NativeMethodAccessorImpl.invoke0(Native Method)
	at sun.reflect.NativeMethodAccessorImpl.invoke(NativeMethodAccessorImpl.java:57)
	at sun.reflect.DelegatingMethodAccessorImpl.invoke(DelegatingMethodAccessorImpl.java:43)
	at java.lang.reflect.Method.invoke(Method.java:606)
	at junit.framework.TestCase.runTest(TestCase.java:176)
	at junit.framework.TestCase.runBare(TestCase.java:141)
	at junit.framework.TestResult$1.protect(TestResult.java:122)
	at junit.framework.TestResult.runProtected(TestResult.java:142)
	at junit.framework.TestResult.run(TestResult.java:125)
	at junit.framework.TestCase.run(TestCase.java:129)
	at junit.framework.TestSuite.runTest(TestSuite.java:255)
	at junit.framework.TestSuite.run(TestSuite.java:250)
	at org.junit.internal.runners.JUnit38ClassRunner.run(JUnit38ClassRunner.java:84)
	at com.gzoltar.lib.instrumentation.testing.junit.a.call(Unknown Source)
	at java.util.concurrent.FutureTask.run(FutureTask.java:262)
	at java.util.concurrent.ThreadPoolExecutor.runWorker(ThreadPoolExecutor.java:1145)
	at java.util.concurrent.ThreadPoolExecutor$Worker.run(ThreadPoolExecutor.java:615)
	at java.lang.Thread.run(Thread.java:745)
* Finished com.google.javascript.jscomp.CheckGlobalThisTest#testStaticFunction1
* Started com.google.javascript.jscomp.CheckGlobalThisTest#testStaticFunction2
* Finished com.google.javascript.jscomp.CheckGlobalThisTest#testStaticFunction2
* Started com.google.javascript.jscomp.CheckGlobalThisTest#testStaticFunction3
* Finished com.google.javascript.jscomp.CheckGlobalThisTest#testStaticFunction3
* Started com.google.javascript.jscomp.CheckGlobalThisTest#testStaticFunction4
* Finished com.google.javascript.jscomp.CheckGlobalThisTest#testStaticFunction4
* Started com.google.javascript.jscomp.CheckGlobalThisTest#testStaticFunction5
* Finished com.google.javascript.jscomp.CheckGlobalThisTest#testStaticFunction5
* Started com.google.javascript.jscomp.CheckGlobalThisTest#testStaticFunction6
* Finished com.google.javascript.jscomp.CheckGlobalThisTest#testStaticFunction6
* Started com.google.javascript.jscomp.CheckGlobalThisTest#testStaticFunction7
* Finished com.google.javascript.jscomp.CheckGlobalThisTest#testStaticFunction7
* Started com.google.javascript.jscomp.CheckGlobalThisTest#testStaticFunction8
* Finished com.google.javascript.jscomp.CheckGlobalThisTest#testStaticFunction8
* Started com.google.javascript.jscomp.CheckGlobalThisTest#testPropertyOfMethod
* Finished com.google.javascript.jscomp.CheckGlobalThisTest#testPropertyOfMethod
* Started com.google.javascript.jscomp.CheckGlobalThisTest#testThisJSDoc1
* Finished com.google.javascript.jscomp.CheckGlobalThisTest#testThisJSDoc1
* Started com.google.javascript.jscomp.CheckGlobalThisTest#testThisJSDoc2
* Finished com.google.javascript.jscomp.CheckGlobalThisTest#testThisJSDoc2
* Started com.google.javascript.jscomp.CheckGlobalThisTest#testThisJSDoc3
* Finished com.google.javascript.jscomp.CheckGlobalThisTest#testThisJSDoc3
* Started com.google.javascript.jscomp.CheckGlobalThisTest#testThisJSDoc4
* Finished com.google.javascript.jscomp.CheckGlobalThisTest#testThisJSDoc4
* Started com.google.javascript.jscomp.CheckGlobalThisTest#testThisJSDoc5
* Finished com.google.javascript.jscomp.CheckGlobalThisTest#testThisJSDoc5
* Started com.google.javascript.jscomp.CheckGlobalThisTest#testGlobalThis1
* Finished com.google.javascript.jscomp.CheckGlobalThisTest#testGlobalThis1
* Started com.google.javascript.jscomp.CheckGlobalThisTest#testGlobalThis2
* Finished com.google.javascript.jscomp.CheckGlobalThisTest#testGlobalThis2
* Started com.google.javascript.jscomp.CheckGlobalThisTest#testGlobalThis3
* Finished com.google.javascript.jscomp.CheckGlobalThisTest#testGlobalThis3
* Started com.google.javascript.jscomp.CheckGlobalThisTest#testGlobalThis4
* Finished com.google.javascript.jscomp.CheckGlobalThisTest#testGlobalThis4
* Started com.google.javascript.jscomp.CheckGlobalThisTest#testGlobalThis5
* Finished com.google.javascript.jscomp.CheckGlobalThisTest#testGlobalThis5
* Started com.google.javascript.jscomp.CheckGlobalThisTest#testGlobalThis6
* Finished com.google.javascript.jscomp.CheckGlobalThisTest#testGlobalThis6
* Started com.google.javascript.jscomp.CheckGlobalThisTest#testGlobalThis7
* Finished com.google.javascript.jscomp.CheckGlobalThisTest#testGlobalThis7
* Started com.google.javascript.jscomp.CheckGlobalThisTest#testConstructor1
* Finished com.google.javascript.jscomp.CheckGlobalThisTest#testConstructor1
* Started com.google.javascript.jscomp.CheckGlobalThisTest#testConstructor2
* Finished com.google.javascript.jscomp.CheckGlobalThisTest#testConstructor2
* Started com.google.javascript.jscomp.CheckGlobalThisTest#testConstructor3
* Finished com.google.javascript.jscomp.CheckGlobalThisTest#testConstructor3
* Started com.google.javascript.jscomp.CheckGlobalThisTest#testStaticFunctionInMethod1
* Finished com.google.javascript.jscomp.CheckGlobalThisTest#testStaticFunctionInMethod1
* Started com.google.javascript.jscomp.CheckGlobalThisTest#testStaticFunctionInMethod2
* Finished com.google.javascript.jscomp.CheckGlobalThisTest#testStaticFunctionInMethod2
* Started com.google.javascript.jscomp.CheckGlobalThisTest#testStaticMethod1
* Finished com.google.javascript.jscomp.CheckGlobalThisTest#testStaticMethod1
* Started com.google.javascript.jscomp.CheckGlobalThisTest#testStaticMethod2
* Finished com.google.javascript.jscomp.CheckGlobalThisTest#testStaticMethod2
* Started com.google.javascript.jscomp.CheckGlobalThisTest#testStaticMethod3
* Finished com.google.javascript.jscomp.CheckGlobalThisTest#testStaticMethod3
* Started com.google.javascript.jscomp.CheckGlobalThisTest#testOverride1
* Finished com.google.javascript.jscomp.CheckGlobalThisTest#testOverride1
* Started com.google.javascript.jscomp.CheckGlobalThisTest#testMethodInStaticFunction
* Finished com.google.javascript.jscomp.CheckGlobalThisTest#testMethodInStaticFunction
* Started com.google.javascript.jscomp.CheckGlobalThisTest#testInnerFunction1
* Finished com.google.javascript.jscomp.CheckGlobalThisTest#testInnerFunction1
* Started com.google.javascript.jscomp.CheckGlobalThisTest#testInnerFunction2
* Finished com.google.javascript.jscomp.CheckGlobalThisTest#testInnerFunction2
* Started com.google.javascript.jscomp.CheckGlobalThisTest#testInnerFunction3
* Finished com.google.javascript.jscomp.CheckGlobalThisTest#testInnerFunction3
* Started com.google.javascript.jscomp.CheckGlobalThisTest#testInnerFunction4
* Finished com.google.javascript.jscomp.CheckGlobalThisTest#testInnerFunction4
* Started com.google.javascript.jscomp.CheckGlobalThisTest#testMethod1
* Finished com.google.javascript.jscomp.CheckGlobalThisTest#testMethod1
* Started com.google.javascript.jscomp.CheckGlobalThisTest#testMethod2
* Finished com.google.javascript.jscomp.CheckGlobalThisTest#testMethod2
* Started com.google.javascript.jscomp.CheckGlobalThisTest#testMethod3
* Finished com.google.javascript.jscomp.CheckGlobalThisTest#testMethod3
* Started com.google.javascript.jscomp.CheckGlobalThisTest#testMethod4
* Finished com.google.javascript.jscomp.CheckGlobalThisTest#testMethod4
* Started com.google.javascript.jscomp.CheckGlobalThisTest#testIssue182a
* Finished com.google.javascript.jscomp.CheckGlobalThisTest#testIssue182a
* Started com.google.javascript.jscomp.CheckGlobalThisTest#testIssue182b
* Finished com.google.javascript.jscomp.CheckGlobalThisTest#testIssue182b
* Started com.google.javascript.jscomp.CheckGlobalThisTest#testIssue182c
* Finished com.google.javascript.jscomp.CheckGlobalThisTest#testIssue182c
* Started com.google.javascript.jscomp.CheckGlobalThisTest#testIssue182d
* Finished com.google.javascript.jscomp.CheckGlobalThisTest#testIssue182d
* Started com.google.javascript.jscomp.CheckGlobalThisTest#testLendsAnnotation1
* Finished com.google.javascript.jscomp.CheckGlobalThisTest#testLendsAnnotation1
* Started com.google.javascript.jscomp.CheckGlobalThisTest#testLendsAnnotation2
* Finished com.google.javascript.jscomp.CheckGlobalThisTest#testLendsAnnotation2
* Started com.google.javascript.jscomp.CheckGlobalThisTest#testLendsAnnotation3
* Failure: Unexpected error(s): JSC_USED_GLOBAL_THIS. dangerous use of the global this object at testcode line 1 : 110 expected:<0> but was:<1> | testLendsAnnotation3(com.google.javascript.jscomp.CheckGlobalThisTest)
junit.framework.AssertionFailedError: Unexpected error(s): JSC_USED_GLOBAL_THIS. dangerous use of the global this object at testcode line 1 : 110 expected:<0> but was:<1>
	at junit.framework.Assert.fail(Assert.java:57)
	at junit.framework.Assert.failNotEquals(Assert.java:329)
	at junit.framework.Assert.assertEquals(Assert.java:78)
	at junit.framework.Assert.assertEquals(Assert.java:234)
	at junit.framework.TestCase.assertEquals(TestCase.java:401)
	at com.google.javascript.jscomp.CompilerTestCase.test(CompilerTestCase.java:733)
	at com.google.javascript.jscomp.CompilerTestCase.test(CompilerTestCase.java:377)
	at com.google.javascript.jscomp.CompilerTestCase.test(CompilerTestCase.java:306)
	at com.google.javascript.jscomp.CompilerTestCase.test(CompilerTestCase.java:275)
	at com.google.javascript.jscomp.CompilerTestCase.test(CompilerTestCase.java:263)
	at com.google.javascript.jscomp.CompilerTestCase.testSame(CompilerTestCase.java:491)
	at com.google.javascript.jscomp.CheckGlobalThisTest.testLendsAnnotation3(CheckGlobalThisTest.java:236)
	at sun.reflect.NativeMethodAccessorImpl.invoke0(Native Method)
	at sun.reflect.NativeMethodAccessorImpl.invoke(NativeMethodAccessorImpl.java:57)
	at sun.reflect.DelegatingMethodAccessorImpl.invoke(DelegatingMethodAccessorImpl.java:43)
	at java.lang.reflect.Method.invoke(Method.java:606)
	at junit.framework.TestCase.runTest(TestCase.java:176)
	at junit.framework.TestCase.runBare(TestCase.java:141)
	at junit.framework.TestResult$1.protect(TestResult.java:122)
	at junit.framework.TestResult.runProtected(TestResult.java:142)
	at junit.framework.TestResult.run(TestResult.java:125)
	at junit.framework.TestCase.run(TestCase.java:129)
	at junit.framework.TestSuite.runTest(TestSuite.java:255)
	at junit.framework.TestSuite.run(TestSuite.java:250)
	at org.junit.internal.runners.JUnit38ClassRunner.run(JUnit38ClassRunner.java:84)
	at com.gzoltar.lib.instrumentation.testing.junit.a.call(Unknown Source)
	at java.util.concurrent.FutureTask.run(FutureTask.java:262)
	at java.util.concurrent.ThreadPoolExecutor.runWorker(ThreadPoolExecutor.java:1145)
	at java.util.concurrent.ThreadPoolExecutor$Worker.run(ThreadPoolExecutor.java:615)
	at java.lang.Thread.run(Thread.java:745)

* Finished com.google.javascript.jscomp.CheckGlobalThisTest#testLendsAnnotation3
* Started com.google.javascript.jscomp.CheckGlobalThisTest#testInterface1
* Finished com.google.javascript.jscomp.CheckGlobalThisTest#testInterface1
* Filtering test cases that do not cover any component
* Sending data to master
* Closing connection with client
* Performing fault localization
* Running Ochiai
* Writing coverage matrix to '/home/yxb/Documents/rjust-fault-localization-data-f36d7eea9a9c/gzoltar/gzoltars/Closure/91/matrix'
* Writing spectra to '/home/yxb/Documents/rjust-fault-localization-data-f36d7eea9a9c/gzoltar/gzoltars/Closure/91/spectra'
* Metrics
* Computation finished
[INFO] End: Mon Aug 26 19:14:29 PDT 2019
[DEBUG] MATRIX OK
[DEBUG] SPECTRA OK

DONE!
