[DEBUG] PID: Closure
[DEBUG] VID: 76
[DEBUG] DATA_DIR: /home/yxb/Documents/rjust-fault-localization-data-f36d7eea9a9c/gzoltar/gzoltars/Closure/76
[DEBUG] TOOL: developer
[DEBUG] TESTS_DIR: 
[DEBUG] TMP_DIR: /tmp/yxb/gzoltar_94156_Closure-76
[DEBUG] DIR_PROJECT: /home/yxb/Documents/rjust-fault-localization-data-f36d7eea9a9c/defects4j//framework/projects/Closure
[DEBUG] DIR_LOADED_CLASSES: /home/yxb/Documents/rjust-fault-localization-data-f36d7eea9a9c/defects4j//framework/projects/Closure/loaded_classes
[DEBUG] DIR_RELEVANT_TESTS: /home/yxb/Documents/rjust-fault-localization-data-f36d7eea9a9c/defects4j//framework/projects/Closure/relevant_tests
[DEBUG] DIR_TRIGGER_TESTS: /home/yxb/Documents/rjust-fault-localization-data-f36d7eea9a9c/defects4j//framework/projects/Closure/trigger_tests
[DEBUG] JAVA_VERSION:
Picked up _JAVA_OPTIONS: -XX:MaxHeapSize=1024m -Xmx4096m
java version "1.7.0_80"
Java(TM) SE Runtime Environment (build 1.7.0_80-b15)
Java HotSpot(TM) 64-Bit Server VM (build 24.80-b11, mixed mode)
[INFO] Checking out Closure-76 to /tmp/yxb/gzoltar_94156_Closure-76
Check out 78b01c3a to /tmp/yxb/gzoltar_94156_Closure-76.................... OK
Init local repository...................................................... OK
Tag post-fix revision...................................................... OK
Run post-checkout hook..................................................... OK
Initialize fixed program version........................................... OK
Apply patch................................................................ OK
Initialize buggy program version........................................... OK
Diff 78b01c3a:a6ca7c19..................................................... OK
Apply patch................................................................ OK
Tag pre-fix revision....................................................... OK
Check out program version: Closure-76b..................................... OK
[DEBUG] LOADED_CLASSES: com.google.javascript.rhino.jstype.StringType:com.google.javascript.jscomp.LightweightMessageFormatter:com.google.javascript.jscomp.ComposeWarningsGuard:com.google.javascript.rhino.FunctionNode:com.google.javascript.jscomp.TypeCheck:com.google.javascript.jscomp.DeadAssignmentsElimination:com.google.javascript.rhino.EvaluatorException:com.google.javascript.rhino.Node:com.google.javascript.jscomp.JSModule:com.google.javascript.jscomp.ProcessTweaks:com.google.javascript.jscomp.LiveVariablesAnalysis:com.google.javascript.rhino.jstype.NumberType:com.google.javascript.jscomp.PassConfig:com.google.javascript.rhino.jstype.PrototypeObjectType:com.google.javascript.jscomp.JoinOp:com.google.javascript.jscomp.Scope:com.google.javascript.jscomp.NodeTraversal:com.google.javascript.rhino.jstype.TemplateType:com.google.javascript.jscomp.JSSourceFile:com.google.javascript.jscomp.SourceFile:com.google.javascript.jscomp.parsing.TypeSafeDispatcher:com.google.javascript.jscomp.LineNumberCheck:com.google.javascript.rhino.jstype.JSTypeRegistry:com.google.javascript.jscomp.DefaultCodingConvention:com.google.javascript.jscomp.JSError:com.google.javascript.jscomp.parsing.Config:com.google.javascript.jscomp.ErrorFormat:com.google.javascript.rhino.ScriptRuntime:com.google.javascript.jscomp.DiagnosticType:com.google.javascript.jscomp.NodeUtil:com.google.javascript.jscomp.ChainableReverseAbstractInterpreter:com.google.javascript.jscomp.graph.DiGraph:com.google.javascript.rhino.jstype.ObjectType:com.google.javascript.jscomp.SourceAst:com.google.javascript.rhino.jstype.FunctionType:com.google.javascript.jscomp.CheckUnreachableCode:com.google.javascript.jscomp.ScopeCreator:com.google.javascript.rhino.ScriptOrFnNode:com.google.javascript.jscomp.deps.DependencyInfo:com.google.javascript.jscomp.FunctionTypeBuilder:com.google.javascript.jscomp.CompilerOptions:com.google.javascript.jscomp.VariableReferenceCheck:com.google.javascript.jscomp.CodePrinter:com.google.javascript.jscomp.graph.GraphvizGraph:com.google.javascript.jscomp.graph.LinkedDirectedGraph:com.google.javascript.jscomp.AbstractMessageFormatter:com.google.javascript.rhino.jstype.JSType:com.google.javascript.jscomp.Region:com.google.javascript.rhino.jstype.UnresolvedTypeExpression:com.google.javascript.jscomp.CheckLevel:com.google.javascript.jscomp.parsing.ParserRunner:com.google.javascript.jscomp.DefaultPassConfig:com.google.javascript.jscomp.graph.SubGraph:com.google.javascript.jscomp.deps.SortedDependencies:com.google.javascript.rhino.jstype.NoType:com.google.javascript.jscomp.ControlFlowGraph:com.google.javascript.jscomp.AbstractCompiler:com.google.javascript.jscomp.SuppressDocWarningsGuard:com.google.javascript.jscomp.ControlFlowAnalysis:com.google.javascript.rhino.jstype.UnionTypeBuilder:com.google.javascript.rhino.jstype.AllType:com.google.javascript.rhino.jstype.ValueType:com.google.javascript.jscomp.ProcessDefines:com.google.javascript.rhino.ErrorReporter:com.google.javascript.rhino.jstype.JSTypeNative:com.google.javascript.jscomp.CheckGlobalNames:com.google.javascript.jscomp.DiagnosticGroup:com.google.javascript.jscomp.CodeConsumer:com.google.javascript.rhino.jstype.StaticScope:com.google.javascript.jscomp.graph.Annotatable:com.google.javascript.jscomp.SemanticReverseAbstractInterpreter:com.google.javascript.jscomp.TypeValidator:com.google.javascript.jscomp.AnonymousFunctionNamingPolicy:com.google.javascript.rhino.jstype.NamedType:com.google.javascript.jscomp.ClosureCodingConvention:com.google.javascript.rhino.jstype.StaticSlot:com.google.javascript.rhino.jstype.RecordType:com.google.javascript.jscomp.DisambiguateProperties:com.google.javascript.jscomp.DataFlowAnalysis:com.google.javascript.jscomp.CheckAccessControls:com.google.javascript.jscomp.JSModuleGraph:com.google.debugging.sourcemap.SourceMapGenerator:com.google.javascript.rhino.jstype.NoResolvedType:com.google.javascript.jscomp.CodingConvention:com.google.javascript.jscomp.PropertyRenamingPolicy:com.google.javascript.jscomp.CodeGenerator:com.google.javascript.jscomp.PassFactory:com.google.javascript.jscomp.TypedCodeGenerator:com.google.javascript.rhino.jstype.InstanceObjectType:com.google.javascript.jscomp.Compiler:com.google.javascript.rhino.jstype.FunctionBuilder:com.google.javascript.rhino.RhinoException:com.google.javascript.jscomp.VarCheck:com.google.javascript.jscomp.DiagnosticGroupWarningsGuard:com.google.javascript.jscomp.ReferenceCollectingCallback:com.google.javascript.jscomp.MessageFormatter:com.google.javascript.jscomp.LoggerErrorManager:com.google.javascript.rhino.jstype.IndexedType:com.google.javascript.rhino.jstype.VoidType:com.google.javascript.jscomp.RhinoErrorReporter:com.google.javascript.jscomp.graph.GraphNode:com.google.javascript.rhino.jstype.UnknownType:com.google.javascript.jscomp.JsAst:com.google.javascript.jscomp.TypedScopeCreator:com.google.javascript.jscomp.SyntacticScopeCreator:com.google.javascript.jscomp.parsing.Annotation:com.google.javascript.jscomp.CompilerPass:com.google.javascript.rhino.EcmaError:com.google.javascript.rhino.jstype.ErrorFunctionType:com.google.javascript.rhino.jstype.NoObjectType:com.google.javascript.rhino.jstype.NullType:com.google.javascript.jscomp.LatticeElement:com.google.javascript.rhino.jstype.ArrowType:com.google.javascript.rhino.jstype.ProxyObjectType:com.google.javascript.jscomp.BasicErrorManager:com.google.javascript.jscomp.PrepareAst:com.google.javascript.jscomp.SourceExcerptProvider:com.google.javascript.jscomp.SourceMap:com.google.javascript.rhino.jstype.ParameterizedType:com.google.javascript.jscomp.graph.Annotation:com.google.javascript.jscomp.ReverseAbstractInterpreter:com.google.javascript.jscomp.Tracer:com.google.javascript.rhino.jstype.FunctionParamBuilder:com.google.javascript.rhino.Context:com.google.javascript.jscomp.DiagnosticGroups:com.google.javascript.rhino.jstype.BooleanType:com.google.javascript.jscomp.GoogleCodingConvention:com.google.javascript.rhino.jstype.FunctionPrototypeType:com.google.javascript.jscomp.CheckSideEffects:com.google.javascript.rhino.jstype.UnionType:com.google.javascript.jscomp.CheckRegExp:com.google.javascript.jscomp.parsing.IRFactory:com.google.javascript.jscomp.graph.AdjacencyGraph:com.google.javascript.jscomp.WarningsGuard:com.google.javascript.jscomp.ErrorManager:com.google.javascript.jscomp.graph.Graph:com.google.javascript.jscomp.CodeChangeHandler:com.google.javascript.jscomp.CompilerInput:com.google.javascript.jscomp.VariableRenamingPolicy:
[DEBUG] LOADED_SUB_CLASSES: com.google.javascript.rhino.jstype.StringType$*:com.google.javascript.jscomp.LightweightMessageFormatter$*:com.google.javascript.jscomp.ComposeWarningsGuard$*:com.google.javascript.rhino.FunctionNode$*:com.google.javascript.jscomp.TypeCheck$*:com.google.javascript.jscomp.DeadAssignmentsElimination$*:com.google.javascript.rhino.EvaluatorException$*:com.google.javascript.rhino.Node$*:com.google.javascript.jscomp.JSModule$*:com.google.javascript.jscomp.ProcessTweaks$*:com.google.javascript.jscomp.LiveVariablesAnalysis$*:com.google.javascript.rhino.jstype.NumberType$*:com.google.javascript.jscomp.PassConfig$*:com.google.javascript.rhino.jstype.PrototypeObjectType$*:com.google.javascript.jscomp.JoinOp$*:com.google.javascript.jscomp.Scope$*:com.google.javascript.jscomp.NodeTraversal$*:com.google.javascript.rhino.jstype.TemplateType$*:com.google.javascript.jscomp.JSSourceFile$*:com.google.javascript.jscomp.SourceFile$*:com.google.javascript.jscomp.parsing.TypeSafeDispatcher$*:com.google.javascript.jscomp.LineNumberCheck$*:com.google.javascript.rhino.jstype.JSTypeRegistry$*:com.google.javascript.jscomp.DefaultCodingConvention$*:com.google.javascript.jscomp.JSError$*:com.google.javascript.jscomp.parsing.Config$*:com.google.javascript.jscomp.ErrorFormat$*:com.google.javascript.rhino.ScriptRuntime$*:com.google.javascript.jscomp.DiagnosticType$*:com.google.javascript.jscomp.NodeUtil$*:com.google.javascript.jscomp.ChainableReverseAbstractInterpreter$*:com.google.javascript.jscomp.graph.DiGraph$*:com.google.javascript.rhino.jstype.ObjectType$*:com.google.javascript.jscomp.SourceAst$*:com.google.javascript.rhino.jstype.FunctionType$*:com.google.javascript.jscomp.CheckUnreachableCode$*:com.google.javascript.jscomp.ScopeCreator$*:com.google.javascript.rhino.ScriptOrFnNode$*:com.google.javascript.jscomp.deps.DependencyInfo$*:com.google.javascript.jscomp.FunctionTypeBuilder$*:com.google.javascript.jscomp.CompilerOptions$*:com.google.javascript.jscomp.VariableReferenceCheck$*:com.google.javascript.jscomp.CodePrinter$*:com.google.javascript.jscomp.graph.GraphvizGraph$*:com.google.javascript.jscomp.graph.LinkedDirectedGraph$*:com.google.javascript.jscomp.AbstractMessageFormatter$*:com.google.javascript.rhino.jstype.JSType$*:com.google.javascript.jscomp.Region$*:com.google.javascript.rhino.jstype.UnresolvedTypeExpression$*:com.google.javascript.jscomp.CheckLevel$*:com.google.javascript.jscomp.parsing.ParserRunner$*:com.google.javascript.jscomp.DefaultPassConfig$*:com.google.javascript.jscomp.graph.SubGraph$*:com.google.javascript.jscomp.deps.SortedDependencies$*:com.google.javascript.rhino.jstype.NoType$*:com.google.javascript.jscomp.ControlFlowGraph$*:com.google.javascript.jscomp.AbstractCompiler$*:com.google.javascript.jscomp.SuppressDocWarningsGuard$*:com.google.javascript.jscomp.ControlFlowAnalysis$*:com.google.javascript.rhino.jstype.UnionTypeBuilder$*:com.google.javascript.rhino.jstype.AllType$*:com.google.javascript.rhino.jstype.ValueType$*:com.google.javascript.jscomp.ProcessDefines$*:com.google.javascript.rhino.ErrorReporter$*:com.google.javascript.rhino.jstype.JSTypeNative$*:com.google.javascript.jscomp.CheckGlobalNames$*:com.google.javascript.jscomp.DiagnosticGroup$*:com.google.javascript.jscomp.CodeConsumer$*:com.google.javascript.rhino.jstype.StaticScope$*:com.google.javascript.jscomp.graph.Annotatable$*:com.google.javascript.jscomp.SemanticReverseAbstractInterpreter$*:com.google.javascript.jscomp.TypeValidator$*:com.google.javascript.jscomp.AnonymousFunctionNamingPolicy$*:com.google.javascript.rhino.jstype.NamedType$*:com.google.javascript.jscomp.ClosureCodingConvention$*:com.google.javascript.rhino.jstype.StaticSlot$*:com.google.javascript.rhino.jstype.RecordType$*:com.google.javascript.jscomp.DisambiguateProperties$*:com.google.javascript.jscomp.DataFlowAnalysis$*:com.google.javascript.jscomp.CheckAccessControls$*:com.google.javascript.jscomp.JSModuleGraph$*:com.google.debugging.sourcemap.SourceMapGenerator$*:com.google.javascript.rhino.jstype.NoResolvedType$*:com.google.javascript.jscomp.CodingConvention$*:com.google.javascript.jscomp.PropertyRenamingPolicy$*:com.google.javascript.jscomp.CodeGenerator$*:com.google.javascript.jscomp.PassFactory$*:com.google.javascript.jscomp.TypedCodeGenerator$*:com.google.javascript.rhino.jstype.InstanceObjectType$*:com.google.javascript.jscomp.Compiler$*:com.google.javascript.rhino.jstype.FunctionBuilder$*:com.google.javascript.rhino.RhinoException$*:com.google.javascript.jscomp.VarCheck$*:com.google.javascript.jscomp.DiagnosticGroupWarningsGuard$*:com.google.javascript.jscomp.ReferenceCollectingCallback$*:com.google.javascript.jscomp.MessageFormatter$*:com.google.javascript.jscomp.LoggerErrorManager$*:com.google.javascript.rhino.jstype.IndexedType$*:com.google.javascript.rhino.jstype.VoidType$*:com.google.javascript.jscomp.RhinoErrorReporter$*:com.google.javascript.jscomp.graph.GraphNode$*:com.google.javascript.rhino.jstype.UnknownType$*:com.google.javascript.jscomp.JsAst$*:com.google.javascript.jscomp.TypedScopeCreator$*:com.google.javascript.jscomp.SyntacticScopeCreator$*:com.google.javascript.jscomp.parsing.Annotation$*:com.google.javascript.jscomp.CompilerPass$*:com.google.javascript.rhino.EcmaError$*:com.google.javascript.rhino.jstype.ErrorFunctionType$*:com.google.javascript.rhino.jstype.NoObjectType$*:com.google.javascript.rhino.jstype.NullType$*:com.google.javascript.jscomp.LatticeElement$*:com.google.javascript.rhino.jstype.ArrowType$*:com.google.javascript.rhino.jstype.ProxyObjectType$*:com.google.javascript.jscomp.BasicErrorManager$*:com.google.javascript.jscomp.PrepareAst$*:com.google.javascript.jscomp.SourceExcerptProvider$*:com.google.javascript.jscomp.SourceMap$*:com.google.javascript.rhino.jstype.ParameterizedType$*:com.google.javascript.jscomp.graph.Annotation$*:com.google.javascript.jscomp.ReverseAbstractInterpreter$*:com.google.javascript.jscomp.Tracer$*:com.google.javascript.rhino.jstype.FunctionParamBuilder$*:com.google.javascript.rhino.Context$*:com.google.javascript.jscomp.DiagnosticGroups$*:com.google.javascript.rhino.jstype.BooleanType$*:com.google.javascript.jscomp.GoogleCodingConvention$*:com.google.javascript.rhino.jstype.FunctionPrototypeType$*:com.google.javascript.jscomp.CheckSideEffects$*:com.google.javascript.rhino.jstype.UnionType$*:com.google.javascript.jscomp.CheckRegExp$*:com.google.javascript.jscomp.parsing.IRFactory$*:com.google.javascript.jscomp.graph.AdjacencyGraph$*:com.google.javascript.jscomp.WarningsGuard$*:com.google.javascript.jscomp.ErrorManager$*:com.google.javascript.jscomp.graph.Graph$*:com.google.javascript.jscomp.CodeChangeHandler$*:com.google.javascript.jscomp.CompilerInput$*:com.google.javascript.jscomp.VariableRenamingPolicy$*:
[DEBUG] RELEVANT_TESTS: com.google.javascript.jscomp.CommandLineRunnerTest:com.google.javascript.jscomp.DeadAssignmentsEliminationTest:com.google.javascript.jscomp.jsonml.SecureCompilerTest:
[DEBUG] TRIGGER_TESTS_FILE: /home/yxb/Documents/rjust-fault-localization-data-f36d7eea9a9c/defects4j//framework/projects/Closure/trigger_tests/76
[DEBUG] CP: /home/yxb/Documents/rjust-fault-localization-data-f36d7eea9a9c/defects4j//framework/projects/lib/junit-4.11.jar:/tmp/yxb/gzoltar_94156_Closure-76/build/classes:/tmp/yxb/gzoltar_94156_Closure-76/lib/args4j.jar:/tmp/yxb/gzoltar_94156_Closure-76/lib/guava.jar:/tmp/yxb/gzoltar_94156_Closure-76/lib/jsr305.jar:/tmp/yxb/gzoltar_94156_Closure-76/lib/libtrunk_rhino_parser_jarjared.jar:/tmp/yxb/gzoltar_94156_Closure-76/lib/protobuf-java.jar:/tmp/yxb/gzoltar_94156_Closure-76/lib/ant-launcher.jar:/tmp/yxb/gzoltar_94156_Closure-76/lib/ant.jar:/tmp/yxb/gzoltar_94156_Closure-76/lib/caja-r4314.jar:/tmp/yxb/gzoltar_94156_Closure-76/lib/json.jar:/tmp/yxb/gzoltar_94156_Closure-76/lib/junit.jar:/tmp/yxb/gzoltar_94156_Closure-76/build/test
[INFO] Compiling Closure-76
Running ant (compile)...................................................... OK
Running ant (compile.tests)................................................ OK
[INFO] Running GZoltar
[INFO] Start: Mon Aug 26 16:26:27 PDT 2019
   ____ _____     _ _               
  / ___|__  /___ | | |_ __ _ _ __   
 | |  _  / // _ \| | __/ _` | '__| 
 | |_| |/ /| (_) | | || (_| | |     
  \____/____\___/|_|\__\__,_|_| 

* Preparing classpath
* Collecting classes under test
* Collecting test cases
* Performing analysis
* Started com.google.javascript.jscomp.CommandLineRunnerTest#testSourcePruningOn1
[ERROR] Class not found
java.lang.ClassNotFoundException: rhino_ast.java.com.google.javascript.rhino.Messages
	at java.lang.ClassLoader.findClass(ClassLoader.java:531)
	at java.lang.ClassLoader.loadClass(ClassLoader.java:425)
	at java.lang.ClassLoader.loadClass(ClassLoader.java:358)
	at com.gzoltar.lib.instrumentation.util.GZoltarClassLoader.loadClass(Unknown Source)
	at java.util.ResourceBundle$Control.newBundle(ResourceBundle.java:2566)
	at java.util.ResourceBundle.loadBundle(ResourceBundle.java:1436)
	at java.util.ResourceBundle.findBundle(ResourceBundle.java:1400)
	at java.util.ResourceBundle.findBundle(ResourceBundle.java:1354)
	at java.util.ResourceBundle.findBundle(ResourceBundle.java:1354)
	at java.util.ResourceBundle.getBundleImpl(ResourceBundle.java:1296)
	at java.util.ResourceBundle.getBundle(ResourceBundle.java:795)
	at com.google.javascript.rhino.ScriptRuntime.getMessage(ScriptRuntime.java:465)
	at com.google.javascript.rhino.ScriptRuntime.getMessage0(ScriptRuntime.java:422)
	at com.google.javascript.jscomp.RhinoErrorReporter.<init>(RhinoErrorReporter.java:75)
	at com.google.javascript.jscomp.RhinoErrorReporter.<init>(RhinoErrorReporter.java:33)
	at com.google.javascript.jscomp.RhinoErrorReporter$OldRhinoErrorReporter.<init>(RhinoErrorReporter.java:144)
	at com.google.javascript.jscomp.RhinoErrorReporter$OldRhinoErrorReporter.<init>(RhinoErrorReporter.java:140)
	at com.google.javascript.jscomp.RhinoErrorReporter.forOldRhino(RhinoErrorReporter.java:109)
	at com.google.javascript.jscomp.Compiler.<init>(Compiler.java:145)
	at com.google.javascript.jscomp.CommandLineRunner.createCompiler(CommandLineRunner.java:576)
	at com.google.javascript.jscomp.AbstractCommandLineRunner.doRun(AbstractCommandLineRunner.java:599)
	at com.google.javascript.jscomp.AbstractCommandLineRunner.run(AbstractCommandLineRunner.java:277)
	at com.google.javascript.jscomp.CommandLineRunnerTest.compile(CommandLineRunnerTest.java:845)
	at com.google.javascript.jscomp.CommandLineRunnerTest.test(CommandLineRunnerTest.java:732)
	at com.google.javascript.jscomp.CommandLineRunnerTest.test(CommandLineRunnerTest.java:721)
	at com.google.javascript.jscomp.CommandLineRunnerTest.testSourcePruningOn1(CommandLineRunnerTest.java:426)
	at sun.reflect.NativeMethodAccessorImpl.invoke0(Native Method)
	at sun.reflect.NativeMethodAccessorImpl.invoke(NativeMethodAccessorImpl.java:57)
	at sun.reflect.DelegatingMethodAccessorImpl.invoke(DelegatingMethodAccessorImpl.java:43)
	at java.lang.reflect.Method.invoke(Method.java:606)
	at junit.framework.TestCase.runTest(TestCase.java:176)
	at junit.framework.TestCase.runBare(TestCase.java:141)
	at junit.framework.TestResult$1.protect(TestResult.java:122)
	at junit.framework.TestResult.runProtected(TestResult.java:142)
	at junit.framework.TestResult.run(TestResult.java:125)
	at junit.framework.TestCase.run(TestCase.java:129)
	at junit.framework.TestSuite.runTest(TestSuite.java:255)
	at junit.framework.TestSuite.run(TestSuite.java:250)
	at org.junit.internal.runners.JUnit38ClassRunner.run(JUnit38ClassRunner.java:84)
	at com.gzoltar.lib.instrumentation.testing.junit.a.call(Unknown Source)
	at java.util.concurrent.FutureTask.run(FutureTask.java:262)
	at java.util.concurrent.ThreadPoolExecutor.runWorker(ThreadPoolExecutor.java:1145)
	at java.util.concurrent.ThreadPoolExecutor$Worker.run(ThreadPoolExecutor.java:615)
	at java.lang.Thread.run(Thread.java:745)
[ERROR] Class not found
java.lang.ClassNotFoundException: rhino_ast.java.com.google.javascript.rhino.Messages_en
	at java.lang.ClassLoader.findClass(ClassLoader.java:531)
	at java.lang.ClassLoader.loadClass(ClassLoader.java:425)
	at java.lang.ClassLoader.loadClass(ClassLoader.java:358)
	at com.gzoltar.lib.instrumentation.util.GZoltarClassLoader.loadClass(Unknown Source)
	at java.util.ResourceBundle$Control.newBundle(ResourceBundle.java:2566)
	at java.util.ResourceBundle.loadBundle(ResourceBundle.java:1436)
	at java.util.ResourceBundle.findBundle(ResourceBundle.java:1400)
	at java.util.ResourceBundle.findBundle(ResourceBundle.java:1354)
	at java.util.ResourceBundle.getBundleImpl(ResourceBundle.java:1296)
	at java.util.ResourceBundle.getBundle(ResourceBundle.java:795)
	at com.google.javascript.rhino.ScriptRuntime.getMessage(ScriptRuntime.java:465)
	at com.google.javascript.rhino.ScriptRuntime.getMessage0(ScriptRuntime.java:422)
	at com.google.javascript.jscomp.RhinoErrorReporter.<init>(RhinoErrorReporter.java:75)
	at com.google.javascript.jscomp.RhinoErrorReporter.<init>(RhinoErrorReporter.java:33)
	at com.google.javascript.jscomp.RhinoErrorReporter$OldRhinoErrorReporter.<init>(RhinoErrorReporter.java:144)
	at com.google.javascript.jscomp.RhinoErrorReporter$OldRhinoErrorReporter.<init>(RhinoErrorReporter.java:140)
	at com.google.javascript.jscomp.RhinoErrorReporter.forOldRhino(RhinoErrorReporter.java:109)
	at com.google.javascript.jscomp.Compiler.<init>(Compiler.java:145)
	at com.google.javascript.jscomp.CommandLineRunner.createCompiler(CommandLineRunner.java:576)
	at com.google.javascript.jscomp.AbstractCommandLineRunner.doRun(AbstractCommandLineRunner.java:599)
	at com.google.javascript.jscomp.AbstractCommandLineRunner.run(AbstractCommandLineRunner.java:277)
	at com.google.javascript.jscomp.CommandLineRunnerTest.compile(CommandLineRunnerTest.java:845)
	at com.google.javascript.jscomp.CommandLineRunnerTest.test(CommandLineRunnerTest.java:732)
	at com.google.javascript.jscomp.CommandLineRunnerTest.test(CommandLineRunnerTest.java:721)
	at com.google.javascript.jscomp.CommandLineRunnerTest.testSourcePruningOn1(CommandLineRunnerTest.java:426)
	at sun.reflect.NativeMethodAccessorImpl.invoke0(Native Method)
	at sun.reflect.NativeMethodAccessorImpl.invoke(NativeMethodAccessorImpl.java:57)
	at sun.reflect.DelegatingMethodAccessorImpl.invoke(DelegatingMethodAccessorImpl.java:43)
	at java.lang.reflect.Method.invoke(Method.java:606)
	at junit.framework.TestCase.runTest(TestCase.java:176)
	at junit.framework.TestCase.runBare(TestCase.java:141)
	at junit.framework.TestResult$1.protect(TestResult.java:122)
	at junit.framework.TestResult.runProtected(TestResult.java:142)
	at junit.framework.TestResult.run(TestResult.java:125)
	at junit.framework.TestCase.run(TestCase.java:129)
	at junit.framework.TestSuite.runTest(TestSuite.java:255)
	at junit.framework.TestSuite.run(TestSuite.java:250)
	at org.junit.internal.runners.JUnit38ClassRunner.run(JUnit38ClassRunner.java:84)
	at com.gzoltar.lib.instrumentation.testing.junit.a.call(Unknown Source)
	at java.util.concurrent.FutureTask.run(FutureTask.java:262)
	at java.util.concurrent.ThreadPoolExecutor.runWorker(ThreadPoolExecutor.java:1145)
	at java.util.concurrent.ThreadPoolExecutor$Worker.run(ThreadPoolExecutor.java:615)
	at java.lang.Thread.run(Thread.java:745)
[ERROR] Class not found
java.lang.ClassNotFoundException: rhino_ast.java.com.google.javascript.rhino.Messages_en_US
	at java.lang.ClassLoader.findClass(ClassLoader.java:531)
	at java.lang.ClassLoader.loadClass(ClassLoader.java:425)
	at java.lang.ClassLoader.loadClass(ClassLoader.java:358)
	at com.gzoltar.lib.instrumentation.util.GZoltarClassLoader.loadClass(Unknown Source)
	at java.util.ResourceBundle$Control.newBundle(ResourceBundle.java:2566)
	at java.util.ResourceBundle.loadBundle(ResourceBundle.java:1436)
	at java.util.ResourceBundle.findBundle(ResourceBundle.java:1400)
	at java.util.ResourceBundle.getBundleImpl(ResourceBundle.java:1296)
	at java.util.ResourceBundle.getBundle(ResourceBundle.java:795)
	at com.google.javascript.rhino.ScriptRuntime.getMessage(ScriptRuntime.java:465)
	at com.google.javascript.rhino.ScriptRuntime.getMessage0(ScriptRuntime.java:422)
	at com.google.javascript.jscomp.RhinoErrorReporter.<init>(RhinoErrorReporter.java:75)
	at com.google.javascript.jscomp.RhinoErrorReporter.<init>(RhinoErrorReporter.java:33)
	at com.google.javascript.jscomp.RhinoErrorReporter$OldRhinoErrorReporter.<init>(RhinoErrorReporter.java:144)
	at com.google.javascript.jscomp.RhinoErrorReporter$OldRhinoErrorReporter.<init>(RhinoErrorReporter.java:140)
	at com.google.javascript.jscomp.RhinoErrorReporter.forOldRhino(RhinoErrorReporter.java:109)
	at com.google.javascript.jscomp.Compiler.<init>(Compiler.java:145)
	at com.google.javascript.jscomp.CommandLineRunner.createCompiler(CommandLineRunner.java:576)
	at com.google.javascript.jscomp.AbstractCommandLineRunner.doRun(AbstractCommandLineRunner.java:599)
	at com.google.javascript.jscomp.AbstractCommandLineRunner.run(AbstractCommandLineRunner.java:277)
	at com.google.javascript.jscomp.CommandLineRunnerTest.compile(CommandLineRunnerTest.java:845)
	at com.google.javascript.jscomp.CommandLineRunnerTest.test(CommandLineRunnerTest.java:732)
	at com.google.javascript.jscomp.CommandLineRunnerTest.test(CommandLineRunnerTest.java:721)
	at com.google.javascript.jscomp.CommandLineRunnerTest.testSourcePruningOn1(CommandLineRunnerTest.java:426)
	at sun.reflect.NativeMethodAccessorImpl.invoke0(Native Method)
	at sun.reflect.NativeMethodAccessorImpl.invoke(NativeMethodAccessorImpl.java:57)
	at sun.reflect.DelegatingMethodAccessorImpl.invoke(DelegatingMethodAccessorImpl.java:43)
	at java.lang.reflect.Method.invoke(Method.java:606)
	at junit.framework.TestCase.runTest(TestCase.java:176)
	at junit.framework.TestCase.runBare(TestCase.java:141)
	at junit.framework.TestResult$1.protect(TestResult.java:122)
	at junit.framework.TestResult.runProtected(TestResult.java:142)
	at junit.framework.TestResult.run(TestResult.java:125)
	at junit.framework.TestCase.run(TestCase.java:129)
	at junit.framework.TestSuite.runTest(TestSuite.java:255)
	at junit.framework.TestSuite.run(TestSuite.java:250)
	at org.junit.internal.runners.JUnit38ClassRunner.run(JUnit38ClassRunner.java:84)
	at com.gzoltar.lib.instrumentation.testing.junit.a.call(Unknown Source)
	at java.util.concurrent.FutureTask.run(FutureTask.java:262)
	at java.util.concurrent.ThreadPoolExecutor.runWorker(ThreadPoolExecutor.java:1145)
	at java.util.concurrent.ThreadPoolExecutor$Worker.run(ThreadPoolExecutor.java:615)
	at java.lang.Thread.run(Thread.java:745)
[ERROR] Class not found
java.lang.ClassNotFoundException: com.google.javascript.jscomp.mozilla.rhino.VMBridge_custom
	at java.lang.ClassLoader.findClass(ClassLoader.java:531)
	at java.lang.ClassLoader.loadClass(ClassLoader.java:425)
	at java.lang.ClassLoader.loadClass(ClassLoader.java:358)
	at com.gzoltar.lib.instrumentation.util.GZoltarClassLoader.loadClass(Unknown Source)
	at java.lang.Class.forName0(Native Method)
	at java.lang.Class.forName(Class.java:195)
	at com.google.javascript.jscomp.mozilla.rhino.Kit.classOrNull(Kit.java:74)
	at com.google.javascript.jscomp.mozilla.rhino.VMBridge.makeInstance(VMBridge.java:61)
	at com.google.javascript.jscomp.mozilla.rhino.VMBridge.<clinit>(VMBridge.java:49)
	at com.google.javascript.jscomp.mozilla.rhino.Context.getCurrentContext(Context.java:379)
	at com.google.javascript.jscomp.mozilla.rhino.ScriptRuntime$DefaultMessageProvider.getMessage(ScriptRuntime.java:3703)
	at com.google.javascript.jscomp.mozilla.rhino.ScriptRuntime.getMessage(ScriptRuntime.java:3691)
	at com.google.javascript.jscomp.mozilla.rhino.ScriptRuntime.getMessage0(ScriptRuntime.java:3639)
	at com.google.javascript.jscomp.RhinoErrorReporter.<init>(RhinoErrorReporter.java:75)
	at com.google.javascript.jscomp.RhinoErrorReporter.<init>(RhinoErrorReporter.java:33)
	at com.google.javascript.jscomp.RhinoErrorReporter$OldRhinoErrorReporter.<init>(RhinoErrorReporter.java:144)
	at com.google.javascript.jscomp.RhinoErrorReporter$OldRhinoErrorReporter.<init>(RhinoErrorReporter.java:140)
	at com.google.javascript.jscomp.RhinoErrorReporter.forOldRhino(RhinoErrorReporter.java:109)
	at com.google.javascript.jscomp.Compiler.<init>(Compiler.java:145)
	at com.google.javascript.jscomp.CommandLineRunner.createCompiler(CommandLineRunner.java:576)
	at com.google.javascript.jscomp.AbstractCommandLineRunner.doRun(AbstractCommandLineRunner.java:599)
	at com.google.javascript.jscomp.AbstractCommandLineRunner.run(AbstractCommandLineRunner.java:277)
	at com.google.javascript.jscomp.CommandLineRunnerTest.compile(CommandLineRunnerTest.java:845)
	at com.google.javascript.jscomp.CommandLineRunnerTest.test(CommandLineRunnerTest.java:732)
	at com.google.javascript.jscomp.CommandLineRunnerTest.test(CommandLineRunnerTest.java:721)
	at com.google.javascript.jscomp.CommandLineRunnerTest.testSourcePruningOn1(CommandLineRunnerTest.java:426)
	at sun.reflect.NativeMethodAccessorImpl.invoke0(Native Method)
	at sun.reflect.NativeMethodAccessorImpl.invoke(NativeMethodAccessorImpl.java:57)
	at sun.reflect.DelegatingMethodAccessorImpl.invoke(DelegatingMethodAccessorImpl.java:43)
	at java.lang.reflect.Method.invoke(Method.java:606)
	at junit.framework.TestCase.runTest(TestCase.java:176)
	at junit.framework.TestCase.runBare(TestCase.java:141)
	at junit.framework.TestResult$1.protect(TestResult.java:122)
	at junit.framework.TestResult.runProtected(TestResult.java:142)
	at junit.framework.TestResult.run(TestResult.java:125)
	at junit.framework.TestCase.run(TestCase.java:129)
	at junit.framework.TestSuite.runTest(TestSuite.java:255)
	at junit.framework.TestSuite.run(TestSuite.java:250)
	at org.junit.internal.runners.JUnit38ClassRunner.run(JUnit38ClassRunner.java:84)
	at com.gzoltar.lib.instrumentation.testing.junit.a.call(Unknown Source)
	at java.util.concurrent.FutureTask.run(FutureTask.java:262)
	at java.util.concurrent.ThreadPoolExecutor.runWorker(ThreadPoolExecutor.java:1145)
	at java.util.concurrent.ThreadPoolExecutor$Worker.run(ThreadPoolExecutor.java:615)
	at java.lang.Thread.run(Thread.java:745)
[ERROR] Class not found
java.lang.ClassNotFoundException: com.google.javascript.jscomp.mozilla.rhino.resources.Messages
	at java.lang.ClassLoader.findClass(ClassLoader.java:531)
	at java.lang.ClassLoader.loadClass(ClassLoader.java:425)
	at java.lang.ClassLoader.loadClass(ClassLoader.java:358)
	at com.gzoltar.lib.instrumentation.util.GZoltarClassLoader.loadClass(Unknown Source)
	at java.util.ResourceBundle$Control.newBundle(ResourceBundle.java:2566)
	at java.util.ResourceBundle.loadBundle(ResourceBundle.java:1436)
	at java.util.ResourceBundle.findBundle(ResourceBundle.java:1400)
	at java.util.ResourceBundle.findBundle(ResourceBundle.java:1354)
	at java.util.ResourceBundle.findBundle(ResourceBundle.java:1354)
	at java.util.ResourceBundle.getBundleImpl(ResourceBundle.java:1296)
	at java.util.ResourceBundle.getBundle(ResourceBundle.java:795)
	at com.google.javascript.jscomp.mozilla.rhino.ScriptRuntime$DefaultMessageProvider.getMessage(ScriptRuntime.java:3707)
	at com.google.javascript.jscomp.mozilla.rhino.ScriptRuntime.getMessage(ScriptRuntime.java:3691)
	at com.google.javascript.jscomp.mozilla.rhino.ScriptRuntime.getMessage0(ScriptRuntime.java:3639)
	at com.google.javascript.jscomp.RhinoErrorReporter.<init>(RhinoErrorReporter.java:75)
	at com.google.javascript.jscomp.RhinoErrorReporter.<init>(RhinoErrorReporter.java:33)
	at com.google.javascript.jscomp.RhinoErrorReporter$OldRhinoErrorReporter.<init>(RhinoErrorReporter.java:144)
	at com.google.javascript.jscomp.RhinoErrorReporter$OldRhinoErrorReporter.<init>(RhinoErrorReporter.java:140)
	at com.google.javascript.jscomp.RhinoErrorReporter.forOldRhino(RhinoErrorReporter.java:109)
	at com.google.javascript.jscomp.Compiler.<init>(Compiler.java:145)
	at com.google.javascript.jscomp.CommandLineRunner.createCompiler(CommandLineRunner.java:576)
	at com.google.javascript.jscomp.AbstractCommandLineRunner.doRun(AbstractCommandLineRunner.java:599)
	at com.google.javascript.jscomp.AbstractCommandLineRunner.run(AbstractCommandLineRunner.java:277)
	at com.google.javascript.jscomp.CommandLineRunnerTest.compile(CommandLineRunnerTest.java:845)
	at com.google.javascript.jscomp.CommandLineRunnerTest.test(CommandLineRunnerTest.java:732)
	at com.google.javascript.jscomp.CommandLineRunnerTest.test(CommandLineRunnerTest.java:721)
	at com.google.javascript.jscomp.CommandLineRunnerTest.testSourcePruningOn1(CommandLineRunnerTest.java:426)
	at sun.reflect.NativeMethodAccessorImpl.invoke0(Native Method)
	at sun.reflect.NativeMethodAccessorImpl.invoke(NativeMethodAccessorImpl.java:57)
	at sun.reflect.DelegatingMethodAccessorImpl.invoke(DelegatingMethodAccessorImpl.java:43)
	at java.lang.reflect.Method.invoke(Method.java:606)
	at junit.framework.TestCase.runTest(TestCase.java:176)
	at junit.framework.TestCase.runBare(TestCase.java:141)
	at junit.framework.TestResult$1.protect(TestResult.java:122)
	at junit.framework.TestResult.runProtected(TestResult.java:142)
	at junit.framework.TestResult.run(TestResult.java:125)
	at junit.framework.TestCase.run(TestCase.java:129)
	at junit.framework.TestSuite.runTest(TestSuite.java:255)
	at junit.framework.TestSuite.run(TestSuite.java:250)
	at org.junit.internal.runners.JUnit38ClassRunner.run(JUnit38ClassRunner.java:84)
	at com.gzoltar.lib.instrumentation.testing.junit.a.call(Unknown Source)
	at java.util.concurrent.FutureTask.run(FutureTask.java:262)
	at java.util.concurrent.ThreadPoolExecutor.runWorker(ThreadPoolExecutor.java:1145)
	at java.util.concurrent.ThreadPoolExecutor$Worker.run(ThreadPoolExecutor.java:615)
	at java.lang.Thread.run(Thread.java:745)
[ERROR] Class not found
java.lang.ClassNotFoundException: com.google.javascript.jscomp.mozilla.rhino.resources.Messages_en
	at java.lang.ClassLoader.findClass(ClassLoader.java:531)
	at java.lang.ClassLoader.loadClass(ClassLoader.java:425)
	at java.lang.ClassLoader.loadClass(ClassLoader.java:358)
	at com.gzoltar.lib.instrumentation.util.GZoltarClassLoader.loadClass(Unknown Source)
	at java.util.ResourceBundle$Control.newBundle(ResourceBundle.java:2566)
	at java.util.ResourceBundle.loadBundle(ResourceBundle.java:1436)
	at java.util.ResourceBundle.findBundle(ResourceBundle.java:1400)
	at java.util.ResourceBundle.findBundle(ResourceBundle.java:1354)
	at java.util.ResourceBundle.getBundleImpl(ResourceBundle.java:1296)
	at java.util.ResourceBundle.getBundle(ResourceBundle.java:795)
	at com.google.javascript.jscomp.mozilla.rhino.ScriptRuntime$DefaultMessageProvider.getMessage(ScriptRuntime.java:3707)
	at com.google.javascript.jscomp.mozilla.rhino.ScriptRuntime.getMessage(ScriptRuntime.java:3691)
	at com.google.javascript.jscomp.mozilla.rhino.ScriptRuntime.getMessage0(ScriptRuntime.java:3639)
	at com.google.javascript.jscomp.RhinoErrorReporter.<init>(RhinoErrorReporter.java:75)
	at com.google.javascript.jscomp.RhinoErrorReporter.<init>(RhinoErrorReporter.java:33)
	at com.google.javascript.jscomp.RhinoErrorReporter$OldRhinoErrorReporter.<init>(RhinoErrorReporter.java:144)
	at com.google.javascript.jscomp.RhinoErrorReporter$OldRhinoErrorReporter.<init>(RhinoErrorReporter.java:140)
	at com.google.javascript.jscomp.RhinoErrorReporter.forOldRhino(RhinoErrorReporter.java:109)
	at com.google.javascript.jscomp.Compiler.<init>(Compiler.java:145)
	at com.google.javascript.jscomp.CommandLineRunner.createCompiler(CommandLineRunner.java:576)
	at com.google.javascript.jscomp.AbstractCommandLineRunner.doRun(AbstractCommandLineRunner.java:599)
	at com.google.javascript.jscomp.AbstractCommandLineRunner.run(AbstractCommandLineRunner.java:277)
	at com.google.javascript.jscomp.CommandLineRunnerTest.compile(CommandLineRunnerTest.java:845)
	at com.google.javascript.jscomp.CommandLineRunnerTest.test(CommandLineRunnerTest.java:732)
	at com.google.javascript.jscomp.CommandLineRunnerTest.test(CommandLineRunnerTest.java:721)
	at com.google.javascript.jscomp.CommandLineRunnerTest.testSourcePruningOn1(CommandLineRunnerTest.java:426)
	at sun.reflect.NativeMethodAccessorImpl.invoke0(Native Method)
	at sun.reflect.NativeMethodAccessorImpl.invoke(NativeMethodAccessorImpl.java:57)
	at sun.reflect.DelegatingMethodAccessorImpl.invoke(DelegatingMethodAccessorImpl.java:43)
	at java.lang.reflect.Method.invoke(Method.java:606)
	at junit.framework.TestCase.runTest(TestCase.java:176)
	at junit.framework.TestCase.runBare(TestCase.java:141)
	at junit.framework.TestResult$1.protect(TestResult.java:122)
	at junit.framework.TestResult.runProtected(TestResult.java:142)
	at junit.framework.TestResult.run(TestResult.java:125)
	at junit.framework.TestCase.run(TestCase.java:129)
	at junit.framework.TestSuite.runTest(TestSuite.java:255)
	at junit.framework.TestSuite.run(TestSuite.java:250)
	at org.junit.internal.runners.JUnit38ClassRunner.run(JUnit38ClassRunner.java:84)
	at com.gzoltar.lib.instrumentation.testing.junit.a.call(Unknown Source)
	at java.util.concurrent.FutureTask.run(FutureTask.java:262)
	at java.util.concurrent.ThreadPoolExecutor.runWorker(ThreadPoolExecutor.java:1145)
	at java.util.concurrent.ThreadPoolExecutor$Worker.run(ThreadPoolExecutor.java:615)
	at java.lang.Thread.run(Thread.java:745)
[ERROR] Class not found
java.lang.ClassNotFoundException: com.google.javascript.jscomp.mozilla.rhino.resources.Messages_en_US
	at java.lang.ClassLoader.findClass(ClassLoader.java:531)
	at java.lang.ClassLoader.loadClass(ClassLoader.java:425)
	at java.lang.ClassLoader.loadClass(ClassLoader.java:358)
	at com.gzoltar.lib.instrumentation.util.GZoltarClassLoader.loadClass(Unknown Source)
	at java.util.ResourceBundle$Control.newBundle(ResourceBundle.java:2566)
	at java.util.ResourceBundle.loadBundle(ResourceBundle.java:1436)
	at java.util.ResourceBundle.findBundle(ResourceBundle.java:1400)
	at java.util.ResourceBundle.getBundleImpl(ResourceBundle.java:1296)
	at java.util.ResourceBundle.getBundle(ResourceBundle.java:795)
	at com.google.javascript.jscomp.mozilla.rhino.ScriptRuntime$DefaultMessageProvider.getMessage(ScriptRuntime.java:3707)
	at com.google.javascript.jscomp.mozilla.rhino.ScriptRuntime.getMessage(ScriptRuntime.java:3691)
	at com.google.javascript.jscomp.mozilla.rhino.ScriptRuntime.getMessage0(ScriptRuntime.java:3639)
	at com.google.javascript.jscomp.RhinoErrorReporter.<init>(RhinoErrorReporter.java:75)
	at com.google.javascript.jscomp.RhinoErrorReporter.<init>(RhinoErrorReporter.java:33)
	at com.google.javascript.jscomp.RhinoErrorReporter$OldRhinoErrorReporter.<init>(RhinoErrorReporter.java:144)
	at com.google.javascript.jscomp.RhinoErrorReporter$OldRhinoErrorReporter.<init>(RhinoErrorReporter.java:140)
	at com.google.javascript.jscomp.RhinoErrorReporter.forOldRhino(RhinoErrorReporter.java:109)
	at com.google.javascript.jscomp.Compiler.<init>(Compiler.java:145)
	at com.google.javascript.jscomp.CommandLineRunner.createCompiler(CommandLineRunner.java:576)
	at com.google.javascript.jscomp.AbstractCommandLineRunner.doRun(AbstractCommandLineRunner.java:599)
	at com.google.javascript.jscomp.AbstractCommandLineRunner.run(AbstractCommandLineRunner.java:277)
	at com.google.javascript.jscomp.CommandLineRunnerTest.compile(CommandLineRunnerTest.java:845)
	at com.google.javascript.jscomp.CommandLineRunnerTest.test(CommandLineRunnerTest.java:732)
	at com.google.javascript.jscomp.CommandLineRunnerTest.test(CommandLineRunnerTest.java:721)
	at com.google.javascript.jscomp.CommandLineRunnerTest.testSourcePruningOn1(CommandLineRunnerTest.java:426)
	at sun.reflect.NativeMethodAccessorImpl.invoke0(Native Method)
	at sun.reflect.NativeMethodAccessorImpl.invoke(NativeMethodAccessorImpl.java:57)
	at sun.reflect.DelegatingMethodAccessorImpl.invoke(DelegatingMethodAccessorImpl.java:43)
	at java.lang.reflect.Method.invoke(Method.java:606)
	at junit.framework.TestCase.runTest(TestCase.java:176)
	at junit.framework.TestCase.runBare(TestCase.java:141)
	at junit.framework.TestResult$1.protect(TestResult.java:122)
	at junit.framework.TestResult.runProtected(TestResult.java:142)
	at junit.framework.TestResult.run(TestResult.java:125)
	at junit.framework.TestCase.run(TestCase.java:129)
	at junit.framework.TestSuite.runTest(TestSuite.java:255)
	at junit.framework.TestSuite.run(TestSuite.java:250)
	at org.junit.internal.runners.JUnit38ClassRunner.run(JUnit38ClassRunner.java:84)
	at com.gzoltar.lib.instrumentation.testing.junit.a.call(Unknown Source)
	at java.util.concurrent.FutureTask.run(FutureTask.java:262)
	at java.util.concurrent.ThreadPoolExecutor.runWorker(ThreadPoolExecutor.java:1145)
	at java.util.concurrent.ThreadPoolExecutor$Worker.run(ThreadPoolExecutor.java:615)
	at java.lang.Thread.run(Thread.java:745)
[ERROR] Class not found
java.lang.ClassNotFoundException: com.google.javascript.jscomp.parsing.ParserConfig
	at java.lang.ClassLoader.findClass(ClassLoader.java:531)
	at java.lang.ClassLoader.loadClass(ClassLoader.java:425)
	at java.lang.ClassLoader.loadClass(ClassLoader.java:358)
	at com.gzoltar.lib.instrumentation.util.GZoltarClassLoader.loadClass(Unknown Source)
	at java.util.ResourceBundle$Control.newBundle(ResourceBundle.java:2566)
	at java.util.ResourceBundle.loadBundle(ResourceBundle.java:1436)
	at java.util.ResourceBundle.findBundle(ResourceBundle.java:1400)
	at java.util.ResourceBundle.findBundle(ResourceBundle.java:1354)
	at java.util.ResourceBundle.findBundle(ResourceBundle.java:1354)
	at java.util.ResourceBundle.getBundleImpl(ResourceBundle.java:1296)
	at java.util.ResourceBundle.getBundle(ResourceBundle.java:721)
	at com.google.javascript.jscomp.parsing.ParserRunner.initResourceConfig(ParserRunner.java:66)
	at com.google.javascript.jscomp.parsing.ParserRunner.createConfig(ParserRunner.java:55)
	at com.google.javascript.jscomp.Compiler.getParserConfig(Compiler.java:1679)
	at com.google.javascript.jscomp.JsAst.parse(JsAst.java:88)
	at com.google.javascript.jscomp.JsAst.createAst(JsAst.java:77)
	at com.google.javascript.jscomp.JsAst.getAstRoot(JsAst.java:50)
	at com.google.javascript.jscomp.CompilerInput.getAstRoot(CompilerInput.java:102)
	at com.google.javascript.jscomp.Compiler.parseInputs(Compiler.java:1096)
	at com.google.javascript.jscomp.Compiler.parse(Compiler.java:659)
	at com.google.javascript.jscomp.Compiler.compileInternal(Compiler.java:617)
	at com.google.javascript.jscomp.Compiler.access$000(Compiler.java:65)
	at com.google.javascript.jscomp.Compiler$1.call(Compiler.java:541)
	at com.google.javascript.jscomp.Compiler$1.call(Compiler.java:539)
	at com.google.javascript.jscomp.Compiler$2.run(Compiler.java:582)
	at java.lang.Thread.run(Thread.java:745)
[ERROR] Class not found
java.lang.ClassNotFoundException: com.google.javascript.jscomp.parsing.ParserConfig_en
	at java.lang.ClassLoader.findClass(ClassLoader.java:531)
	at java.lang.ClassLoader.loadClass(ClassLoader.java:425)
	at java.lang.ClassLoader.loadClass(ClassLoader.java:358)
	at com.gzoltar.lib.instrumentation.util.GZoltarClassLoader.loadClass(Unknown Source)
	at java.util.ResourceBundle$Control.newBundle(ResourceBundle.java:2566)
	at java.util.ResourceBundle.loadBundle(ResourceBundle.java:1436)
	at java.util.ResourceBundle.findBundle(ResourceBundle.java:1400)
	at java.util.ResourceBundle.findBundle(ResourceBundle.java:1354)
	at java.util.ResourceBundle.getBundleImpl(ResourceBundle.java:1296)
	at java.util.ResourceBundle.getBundle(ResourceBundle.java:721)
	at com.google.javascript.jscomp.parsing.ParserRunner.initResourceConfig(ParserRunner.java:66)
	at com.google.javascript.jscomp.parsing.ParserRunner.createConfig(ParserRunner.java:55)
	at com.google.javascript.jscomp.Compiler.getParserConfig(Compiler.java:1679)
	at com.google.javascript.jscomp.JsAst.parse(JsAst.java:88)
	at com.google.javascript.jscomp.JsAst.createAst(JsAst.java:77)
	at com.google.javascript.jscomp.JsAst.getAstRoot(JsAst.java:50)
	at com.google.javascript.jscomp.CompilerInput.getAstRoot(CompilerInput.java:102)
	at com.google.javascript.jscomp.Compiler.parseInputs(Compiler.java:1096)
	at com.google.javascript.jscomp.Compiler.parse(Compiler.java:659)
	at com.google.javascript.jscomp.Compiler.compileInternal(Compiler.java:617)
	at com.google.javascript.jscomp.Compiler.access$000(Compiler.java:65)
	at com.google.javascript.jscomp.Compiler$1.call(Compiler.java:541)
	at com.google.javascript.jscomp.Compiler$1.call(Compiler.java:539)
	at com.google.javascript.jscomp.Compiler$2.run(Compiler.java:582)
	at java.lang.Thread.run(Thread.java:745)
[ERROR] Class not found
java.lang.ClassNotFoundException: com.google.javascript.jscomp.parsing.ParserConfig_en_US
	at java.lang.ClassLoader.findClass(ClassLoader.java:531)
	at java.lang.ClassLoader.loadClass(ClassLoader.java:425)
	at java.lang.ClassLoader.loadClass(ClassLoader.java:358)
	at com.gzoltar.lib.instrumentation.util.GZoltarClassLoader.loadClass(Unknown Source)
	at java.util.ResourceBundle$Control.newBundle(ResourceBundle.java:2566)
	at java.util.ResourceBundle.loadBundle(ResourceBundle.java:1436)
	at java.util.ResourceBundle.findBundle(ResourceBundle.java:1400)
	at java.util.ResourceBundle.getBundleImpl(ResourceBundle.java:1296)
	at java.util.ResourceBundle.getBundle(ResourceBundle.java:721)
	at com.google.javascript.jscomp.parsing.ParserRunner.initResourceConfig(ParserRunner.java:66)
	at com.google.javascript.jscomp.parsing.ParserRunner.createConfig(ParserRunner.java:55)
	at com.google.javascript.jscomp.Compiler.getParserConfig(Compiler.java:1679)
	at com.google.javascript.jscomp.JsAst.parse(JsAst.java:88)
	at com.google.javascript.jscomp.JsAst.createAst(JsAst.java:77)
	at com.google.javascript.jscomp.JsAst.getAstRoot(JsAst.java:50)
	at com.google.javascript.jscomp.CompilerInput.getAstRoot(CompilerInput.java:102)
	at com.google.javascript.jscomp.Compiler.parseInputs(Compiler.java:1096)
	at com.google.javascript.jscomp.Compiler.parse(Compiler.java:659)
	at com.google.javascript.jscomp.Compiler.compileInternal(Compiler.java:617)
	at com.google.javascript.jscomp.Compiler.access$000(Compiler.java:65)
	at com.google.javascript.jscomp.Compiler$1.call(Compiler.java:541)
	at com.google.javascript.jscomp.Compiler$1.call(Compiler.java:539)
	at com.google.javascript.jscomp.Compiler$2.run(Compiler.java:582)
	at java.lang.Thread.run(Thread.java:745)
* Finished com.google.javascript.jscomp.CommandLineRunnerTest#testSourcePruningOn1
* Started com.google.javascript.jscomp.CommandLineRunnerTest#testSourcePruningOn2
* Finished com.google.javascript.jscomp.CommandLineRunnerTest#testSourcePruningOn2
* Started com.google.javascript.jscomp.CommandLineRunnerTest#testSourcePruningOn3
* Finished com.google.javascript.jscomp.CommandLineRunnerTest#testSourcePruningOn3
* Started com.google.javascript.jscomp.CommandLineRunnerTest#testSourcePruningOn4
* Finished com.google.javascript.jscomp.CommandLineRunnerTest#testSourcePruningOn4
* Started com.google.javascript.jscomp.CommandLineRunnerTest#testSourcePruningOn5
* Finished com.google.javascript.jscomp.CommandLineRunnerTest#testSourcePruningOn5
* Started com.google.javascript.jscomp.CommandLineRunnerTest#testSourcePruningOn6
* Finished com.google.javascript.jscomp.CommandLineRunnerTest#testSourcePruningOn6
* Started com.google.javascript.jscomp.CommandLineRunnerTest#testExternsLifting1
* Finished com.google.javascript.jscomp.CommandLineRunnerTest#testExternsLifting1
* Started com.google.javascript.jscomp.CommandLineRunnerTest#testExternsLifting2
* Finished com.google.javascript.jscomp.CommandLineRunnerTest#testExternsLifting2
* Started com.google.javascript.jscomp.CommandLineRunnerTest#testSourceMapFormat1
* Finished com.google.javascript.jscomp.CommandLineRunnerTest#testSourceMapFormat1
* Started com.google.javascript.jscomp.CommandLineRunnerTest#testDefineFlag
* Finished com.google.javascript.jscomp.CommandLineRunnerTest#testDefineFlag
* Started com.google.javascript.jscomp.CommandLineRunnerTest#testProcessClosurePrimitives
* Finished com.google.javascript.jscomp.CommandLineRunnerTest#testProcessClosurePrimitives
* Started com.google.javascript.jscomp.CommandLineRunnerTest#testSourceSortingOff
* Finished com.google.javascript.jscomp.CommandLineRunnerTest#testSourceSortingOff
* Started com.google.javascript.jscomp.CommandLineRunnerTest#testCharSetExpansion
* Finished com.google.javascript.jscomp.CommandLineRunnerTest#testCharSetExpansion
* Started com.google.javascript.jscomp.CommandLineRunnerTest#testTypeParsingOnWithVerbose
* Finished com.google.javascript.jscomp.CommandLineRunnerTest#testTypeParsingOnWithVerbose
* Started com.google.javascript.jscomp.CommandLineRunnerTest#testChainModuleManifest
* Finished com.google.javascript.jscomp.CommandLineRunnerTest#testChainModuleManifest
* Started com.google.javascript.jscomp.CommandLineRunnerTest#testFunctionStrictModeNoWarning
* Finished com.google.javascript.jscomp.CommandLineRunnerTest#testFunctionStrictModeNoWarning
* Started com.google.javascript.jscomp.CommandLineRunnerTest#testForwardDeclareDroppedTypes
* Finished com.google.javascript.jscomp.CommandLineRunnerTest#testForwardDeclareDroppedTypes
* Started com.google.javascript.jscomp.CommandLineRunnerTest#testSourceMapExpansion1
* Finished com.google.javascript.jscomp.CommandLineRunnerTest#testSourceMapExpansion1
* Started com.google.javascript.jscomp.CommandLineRunnerTest#testSourceMapExpansion2
* Finished com.google.javascript.jscomp.CommandLineRunnerTest#testSourceMapExpansion2
* Started com.google.javascript.jscomp.CommandLineRunnerTest#testSourceMapExpansion3
* Finished com.google.javascript.jscomp.CommandLineRunnerTest#testSourceMapExpansion3
* Started com.google.javascript.jscomp.CommandLineRunnerTest#testGenerateExports
* Finished com.google.javascript.jscomp.CommandLineRunnerTest#testGenerateExports
* Started com.google.javascript.jscomp.CommandLineRunnerTest#testMissingReturnCheckOnWithVerbose
* Finished com.google.javascript.jscomp.CommandLineRunnerTest#testMissingReturnCheckOnWithVerbose
* Started com.google.javascript.jscomp.CommandLineRunnerTest#testStarModuleManifest
* Finished com.google.javascript.jscomp.CommandLineRunnerTest#testStarModuleManifest
* Started com.google.javascript.jscomp.CommandLineRunnerTest#testTypeCheckOverride1
* Finished com.google.javascript.jscomp.CommandLineRunnerTest#testTypeCheckOverride1
* Started com.google.javascript.jscomp.CommandLineRunnerTest#testTypeCheckOverride2
* Finished com.google.javascript.jscomp.CommandLineRunnerTest#testTypeCheckOverride2
* Started com.google.javascript.jscomp.CommandLineRunnerTest#testHelpFlag
* Finished com.google.javascript.jscomp.CommandLineRunnerTest#testHelpFlag
* Started com.google.javascript.jscomp.CommandLineRunnerTest#testBooleanFlag1
* Finished com.google.javascript.jscomp.CommandLineRunnerTest#testBooleanFlag1
* Started com.google.javascript.jscomp.CommandLineRunnerTest#testBooleanFlag2
* Finished com.google.javascript.jscomp.CommandLineRunnerTest#testBooleanFlag2
* Started com.google.javascript.jscomp.CommandLineRunnerTest#testCheckSymbolsOffForDefault
* Finished com.google.javascript.jscomp.CommandLineRunnerTest#testCheckSymbolsOffForDefault
* Started com.google.javascript.jscomp.CommandLineRunnerTest#testSourceSortingCircularDeps1
* Finished com.google.javascript.jscomp.CommandLineRunnerTest#testSourceSortingCircularDeps1
* Started com.google.javascript.jscomp.CommandLineRunnerTest#testSourceSortingCircularDeps2
* Finished com.google.javascript.jscomp.CommandLineRunnerTest#testSourceSortingCircularDeps2
* Started com.google.javascript.jscomp.CommandLineRunnerTest#testVersionFlag
Closure Compiler (http://code.google.com/closure/compiler)
Version: Unversioned directory
Built on: 2019/08/26 16:26
* Finished com.google.javascript.jscomp.CommandLineRunnerTest#testVersionFlag
* Started com.google.javascript.jscomp.CommandLineRunnerTest#testTypeParsingOffByDefault
* Finished com.google.javascript.jscomp.CommandLineRunnerTest#testTypeParsingOffByDefault
* Started com.google.javascript.jscomp.CommandLineRunnerTest#testScriptStrictModeNoWarning
* Finished com.google.javascript.jscomp.CommandLineRunnerTest#testScriptStrictModeNoWarning
* Started com.google.javascript.jscomp.CommandLineRunnerTest#testDuplicateParams
* Finished com.google.javascript.jscomp.CommandLineRunnerTest#testDuplicateParams
* Started com.google.javascript.jscomp.CommandLineRunnerTest#testPrintAstFlag
* Finished com.google.javascript.jscomp.CommandLineRunnerTest#testPrintAstFlag
* Started com.google.javascript.jscomp.CommandLineRunnerTest#testSourceSortingOn
* Finished com.google.javascript.jscomp.CommandLineRunnerTest#testSourceSortingOn
* Started com.google.javascript.jscomp.CommandLineRunnerTest#testDepreciationWithVerbose
* Finished com.google.javascript.jscomp.CommandLineRunnerTest#testDepreciationWithVerbose
* Started com.google.javascript.jscomp.CommandLineRunnerTest#testCheckSymbolsOnForVerbose
* Finished com.google.javascript.jscomp.CommandLineRunnerTest#testCheckSymbolsOnForVerbose
* Started com.google.javascript.jscomp.CommandLineRunnerTest#testTypeCheckingOnWithVerbose
* Finished com.google.javascript.jscomp.CommandLineRunnerTest#testTypeCheckingOnWithVerbose
* Started com.google.javascript.jscomp.CommandLineRunnerTest#testGoogAssertStripping
* Finished com.google.javascript.jscomp.CommandLineRunnerTest#testGoogAssertStripping
* Started com.google.javascript.jscomp.CommandLineRunnerTest#testVersionFlag2
[ERROR] Class not found
java.lang.ClassNotFoundException: org.kohsuke.args4j.Messages_en
	at java.lang.ClassLoader.findClass(ClassLoader.java:531)
	at java.lang.ClassLoader.loadClass(ClassLoader.java:425)
	at java.lang.ClassLoader.loadClass(ClassLoader.java:358)
	at com.gzoltar.lib.instrumentation.util.GZoltarClassLoader.loadClass(Unknown Source)
	at java.util.ResourceBundle$Control.newBundle(ResourceBundle.java:2566)
	at java.util.ResourceBundle.loadBundle(ResourceBundle.java:1436)
	at java.util.ResourceBundle.findBundle(ResourceBundle.java:1400)
	at java.util.ResourceBundle.findBundle(ResourceBundle.java:1354)
	at java.util.ResourceBundle.getBundleImpl(ResourceBundle.java:1296)
	at java.util.ResourceBundle.getBundle(ResourceBundle.java:721)
	at org.kohsuke.args4j.Messages.format(Messages.java:25)
	at org.kohsuke.args4j.CmdLineParser$CmdLineImpl.getParameter(CmdLineParser.java:401)
	at com.google.javascript.jscomp.CommandLineRunner$Flags$BooleanOptionHandler.parseArguments(CommandLineRunner.java:356)
	at org.kohsuke.args4j.CmdLineParser.parseArgument(CmdLineParser.java:451)
	at com.google.javascript.jscomp.CommandLineRunner.initConfigFromFlags(CommandLineRunner.java:487)
	at com.google.javascript.jscomp.CommandLineRunner.<init>(CommandLineRunner.java:424)
	at com.google.javascript.jscomp.CommandLineRunnerTest.createCommandLineRunner(CommandLineRunnerTest.java:805)
	at com.google.javascript.jscomp.CommandLineRunnerTest.compile(CommandLineRunnerTest.java:812)
	at com.google.javascript.jscomp.CommandLineRunnerTest.test(CommandLineRunnerTest.java:732)
	at com.google.javascript.jscomp.CommandLineRunnerTest.test(CommandLineRunnerTest.java:721)
	at com.google.javascript.jscomp.CommandLineRunnerTest.testSame(CommandLineRunnerTest.java:709)
	at com.google.javascript.jscomp.CommandLineRunnerTest.testSame(CommandLineRunnerTest.java:705)
	at com.google.javascript.jscomp.CommandLineRunnerTest.testVersionFlag2(CommandLineRunnerTest.java:631)
	at sun.reflect.NativeMethodAccessorImpl.invoke0(Native Method)
	at sun.reflect.NativeMethodAccessorImpl.invoke(NativeMethodAccessorImpl.java:57)
	at sun.reflect.DelegatingMethodAccessorImpl.invoke(DelegatingMethodAccessorImpl.java:43)
	at java.lang.reflect.Method.invoke(Method.java:606)
	at junit.framework.TestCase.runTest(TestCase.java:176)
	at junit.framework.TestCase.runBare(TestCase.java:141)
	at junit.framework.TestResult$1.protect(TestResult.java:122)
	at junit.framework.TestResult.runProtected(TestResult.java:142)
	at junit.framework.TestResult.run(TestResult.java:125)
	at junit.framework.TestCase.run(TestCase.java:129)
	at junit.framework.TestSuite.runTest(TestSuite.java:255)
	at junit.framework.TestSuite.run(TestSuite.java:250)
	at org.junit.internal.runners.JUnit38ClassRunner.run(JUnit38ClassRunner.java:84)
	at com.gzoltar.lib.instrumentation.testing.junit.a.call(Unknown Source)
	at java.util.concurrent.FutureTask.run(FutureTask.java:262)
	at java.util.concurrent.ThreadPoolExecutor.runWorker(ThreadPoolExecutor.java:1145)
	at java.util.concurrent.ThreadPoolExecutor$Worker.run(ThreadPoolExecutor.java:615)
	at java.lang.Thread.run(Thread.java:745)
[ERROR] Class not found
java.lang.ClassNotFoundException: org.kohsuke.args4j.Messages_en_US
	at java.lang.ClassLoader.findClass(ClassLoader.java:531)
	at java.lang.ClassLoader.loadClass(ClassLoader.java:425)
	at java.lang.ClassLoader.loadClass(ClassLoader.java:358)
	at com.gzoltar.lib.instrumentation.util.GZoltarClassLoader.loadClass(Unknown Source)
	at java.util.ResourceBundle$Control.newBundle(ResourceBundle.java:2566)
	at java.util.ResourceBundle.loadBundle(ResourceBundle.java:1436)
	at java.util.ResourceBundle.findBundle(ResourceBundle.java:1400)
	at java.util.ResourceBundle.getBundleImpl(ResourceBundle.java:1296)
	at java.util.ResourceBundle.getBundle(ResourceBundle.java:721)
	at org.kohsuke.args4j.Messages.format(Messages.java:25)
	at org.kohsuke.args4j.CmdLineParser$CmdLineImpl.getParameter(CmdLineParser.java:401)
	at com.google.javascript.jscomp.CommandLineRunner$Flags$BooleanOptionHandler.parseArguments(CommandLineRunner.java:356)
	at org.kohsuke.args4j.CmdLineParser.parseArgument(CmdLineParser.java:451)
	at com.google.javascript.jscomp.CommandLineRunner.initConfigFromFlags(CommandLineRunner.java:487)
	at com.google.javascript.jscomp.CommandLineRunner.<init>(CommandLineRunner.java:424)
	at com.google.javascript.jscomp.CommandLineRunnerTest.createCommandLineRunner(CommandLineRunnerTest.java:805)
	at com.google.javascript.jscomp.CommandLineRunnerTest.compile(CommandLineRunnerTest.java:812)
	at com.google.javascript.jscomp.CommandLineRunnerTest.test(CommandLineRunnerTest.java:732)
	at com.google.javascript.jscomp.CommandLineRunnerTest.test(CommandLineRunnerTest.java:721)
	at com.google.javascript.jscomp.CommandLineRunnerTest.testSame(CommandLineRunnerTest.java:709)
	at com.google.javascript.jscomp.CommandLineRunnerTest.testSame(CommandLineRunnerTest.java:705)
	at com.google.javascript.jscomp.CommandLineRunnerTest.testVersionFlag2(CommandLineRunnerTest.java:631)
	at sun.reflect.NativeMethodAccessorImpl.invoke0(Native Method)
	at sun.reflect.NativeMethodAccessorImpl.invoke(NativeMethodAccessorImpl.java:57)
	at sun.reflect.DelegatingMethodAccessorImpl.invoke(DelegatingMethodAccessorImpl.java:43)
	at java.lang.reflect.Method.invoke(Method.java:606)
	at junit.framework.TestCase.runTest(TestCase.java:176)
	at junit.framework.TestCase.runBare(TestCase.java:141)
	at junit.framework.TestResult$1.protect(TestResult.java:122)
	at junit.framework.TestResult.runProtected(TestResult.java:142)
	at junit.framework.TestResult.run(TestResult.java:125)
	at junit.framework.TestCase.run(TestCase.java:129)
	at junit.framework.TestSuite.runTest(TestSuite.java:255)
	at junit.framework.TestSuite.run(TestSuite.java:250)
	at org.junit.internal.runners.JUnit38ClassRunner.run(JUnit38ClassRunner.java:84)
	at com.gzoltar.lib.instrumentation.testing.junit.a.call(Unknown Source)
	at java.util.concurrent.FutureTask.run(FutureTask.java:262)
	at java.util.concurrent.ThreadPoolExecutor.runWorker(ThreadPoolExecutor.java:1145)
	at java.util.concurrent.ThreadPoolExecutor$Worker.run(ThreadPoolExecutor.java:615)
	at java.lang.Thread.run(Thread.java:745)
Closure Compiler (http://code.google.com/closure/compiler)
Version: Unversioned directory
Built on: 2019/08/26 16:26
* Finished com.google.javascript.jscomp.CommandLineRunnerTest#testVersionFlag2
* Started com.google.javascript.jscomp.CommandLineRunnerTest#testTypeCheckingOffByDefault
* Finished com.google.javascript.jscomp.CommandLineRunnerTest#testTypeCheckingOffByDefault
* Started com.google.javascript.jscomp.CommandLineRunnerTest#testSyntheticExterns
* Finished com.google.javascript.jscomp.CommandLineRunnerTest#testSyntheticExterns
* Started com.google.javascript.jscomp.CommandLineRunnerTest#testIssue115
* Finished com.google.javascript.jscomp.CommandLineRunnerTest#testIssue115
* Started com.google.javascript.jscomp.CommandLineRunnerTest#testIssue297
* Finished com.google.javascript.jscomp.CommandLineRunnerTest#testIssue297
* Started com.google.javascript.jscomp.CommandLineRunnerTest#testCheckUndefinedProperties1
* Finished com.google.javascript.jscomp.CommandLineRunnerTest#testCheckUndefinedProperties1
* Started com.google.javascript.jscomp.CommandLineRunnerTest#testCheckUndefinedProperties2
* Finished com.google.javascript.jscomp.CommandLineRunnerTest#testCheckUndefinedProperties2
* Started com.google.javascript.jscomp.CommandLineRunnerTest#testCheckUndefinedProperties3
* Finished com.google.javascript.jscomp.CommandLineRunnerTest#testCheckUndefinedProperties3
* Started com.google.javascript.jscomp.CommandLineRunnerTest#testCssNameWiring
* Finished com.google.javascript.jscomp.CommandLineRunnerTest#testCssNameWiring
* Started com.google.javascript.jscomp.CommandLineRunnerTest#testCheckSymbolsOverrideForVerbose
* Finished com.google.javascript.jscomp.CommandLineRunnerTest#testCheckSymbolsOverrideForVerbose
* Started com.google.javascript.jscomp.CommandLineRunnerTest#testIssue70
* Finished com.google.javascript.jscomp.CommandLineRunnerTest#testIssue70
* Started com.google.javascript.jscomp.CommandLineRunnerTest#testIssue81
* Finished com.google.javascript.jscomp.CommandLineRunnerTest#testIssue81
* Started com.google.javascript.jscomp.CommandLineRunnerTest#testDebugFlag1
* Finished com.google.javascript.jscomp.CommandLineRunnerTest#testDebugFlag1
* Started com.google.javascript.jscomp.CommandLineRunnerTest#testDebugFlag2
* Finished com.google.javascript.jscomp.CommandLineRunnerTest#testDebugFlag2
* Started com.google.javascript.jscomp.CommandLineRunnerTest#testDebugFlag3
* Finished com.google.javascript.jscomp.CommandLineRunnerTest#testDebugFlag3
* Started com.google.javascript.jscomp.CommandLineRunnerTest#testDebugFlag4
* Finished com.google.javascript.jscomp.CommandLineRunnerTest#testDebugFlag4
* Started com.google.javascript.jscomp.CommandLineRunnerTest#testQuietMode
* Finished com.google.javascript.jscomp.CommandLineRunnerTest#testQuietMode
* Started com.google.javascript.jscomp.CommandLineRunnerTest#testDefineFlag2
* Finished com.google.javascript.jscomp.CommandLineRunnerTest#testDefineFlag2
* Started com.google.javascript.jscomp.CommandLineRunnerTest#testDefineFlag3
* Finished com.google.javascript.jscomp.CommandLineRunnerTest#testDefineFlag3
* Started com.google.javascript.jscomp.DeadAssignmentsEliminationTest#testDeadVarDeclarations
[ERROR] Class not found
java.lang.ClassNotFoundException: rhino_ast.java.com.google.javascript.rhino.Messages
	at java.lang.ClassLoader.findClass(ClassLoader.java:531)
	at java.lang.ClassLoader.loadClass(ClassLoader.java:425)
	at java.lang.ClassLoader.loadClass(ClassLoader.java:358)
	at com.gzoltar.lib.instrumentation.util.GZoltarClassLoader.loadClass(Unknown Source)
	at java.util.ResourceBundle$Control.newBundle(ResourceBundle.java:2566)
	at java.util.ResourceBundle.loadBundle(ResourceBundle.java:1436)
	at java.util.ResourceBundle.findBundle(ResourceBundle.java:1400)
	at java.util.ResourceBundle.findBundle(ResourceBundle.java:1354)
	at java.util.ResourceBundle.findBundle(ResourceBundle.java:1354)
	at java.util.ResourceBundle.getBundleImpl(ResourceBundle.java:1296)
	at java.util.ResourceBundle.getBundle(ResourceBundle.java:795)
	at com.google.javascript.rhino.ScriptRuntime.getMessage(ScriptRuntime.java:465)
	at com.google.javascript.rhino.ScriptRuntime.getMessage0(ScriptRuntime.java:422)
	at com.google.javascript.jscomp.RhinoErrorReporter.<init>(RhinoErrorReporter.java:75)
	at com.google.javascript.jscomp.RhinoErrorReporter.<init>(RhinoErrorReporter.java:33)
	at com.google.javascript.jscomp.RhinoErrorReporter$OldRhinoErrorReporter.<init>(RhinoErrorReporter.java:144)
	at com.google.javascript.jscomp.RhinoErrorReporter$OldRhinoErrorReporter.<init>(RhinoErrorReporter.java:140)
	at com.google.javascript.jscomp.RhinoErrorReporter.forOldRhino(RhinoErrorReporter.java:109)
	at com.google.javascript.jscomp.Compiler.<init>(Compiler.java:145)
	at com.google.javascript.jscomp.Compiler.<init>(Compiler.java:177)
	at com.google.javascript.jscomp.CompilerTestCase.createCompiler(CompilerTestCase.java:1009)
	at com.google.javascript.jscomp.CompilerTestCase.test(CompilerTestCase.java:394)
	at com.google.javascript.jscomp.CompilerTestCase.test(CompilerTestCase.java:335)
	at com.google.javascript.jscomp.CompilerTestCase.test(CompilerTestCase.java:304)
	at com.google.javascript.jscomp.CompilerTestCase.test(CompilerTestCase.java:292)
	at com.google.javascript.jscomp.DeadAssignmentsEliminationTest.inFunction(DeadAssignmentsEliminationTest.java:345)
	at com.google.javascript.jscomp.DeadAssignmentsEliminationTest.inFunction(DeadAssignmentsEliminationTest.java:341)
	at com.google.javascript.jscomp.DeadAssignmentsEliminationTest.testDeadVarDeclarations(DeadAssignmentsEliminationTest.java:160)
	at sun.reflect.NativeMethodAccessorImpl.invoke0(Native Method)
	at sun.reflect.NativeMethodAccessorImpl.invoke(NativeMethodAccessorImpl.java:57)
	at sun.reflect.DelegatingMethodAccessorImpl.invoke(DelegatingMethodAccessorImpl.java:43)
	at java.lang.reflect.Method.invoke(Method.java:606)
	at junit.framework.TestCase.runTest(TestCase.java:176)
	at junit.framework.TestCase.runBare(TestCase.java:141)
	at junit.framework.TestResult$1.protect(TestResult.java:122)
	at junit.framework.TestResult.runProtected(TestResult.java:142)
	at junit.framework.TestResult.run(TestResult.java:125)
	at junit.framework.TestCase.run(TestCase.java:129)
	at junit.framework.TestSuite.runTest(TestSuite.java:255)
	at junit.framework.TestSuite.run(TestSuite.java:250)
	at org.junit.internal.runners.JUnit38ClassRunner.run(JUnit38ClassRunner.java:84)
	at com.gzoltar.lib.instrumentation.testing.junit.a.call(Unknown Source)
	at java.util.concurrent.FutureTask.run(FutureTask.java:262)
	at java.util.concurrent.ThreadPoolExecutor.runWorker(ThreadPoolExecutor.java:1145)
	at java.util.concurrent.ThreadPoolExecutor$Worker.run(ThreadPoolExecutor.java:615)
	at java.lang.Thread.run(Thread.java:745)
[ERROR] Class not found
java.lang.ClassNotFoundException: rhino_ast.java.com.google.javascript.rhino.Messages_en
	at java.lang.ClassLoader.findClass(ClassLoader.java:531)
	at java.lang.ClassLoader.loadClass(ClassLoader.java:425)
	at java.lang.ClassLoader.loadClass(ClassLoader.java:358)
	at com.gzoltar.lib.instrumentation.util.GZoltarClassLoader.loadClass(Unknown Source)
	at java.util.ResourceBundle$Control.newBundle(ResourceBundle.java:2566)
	at java.util.ResourceBundle.loadBundle(ResourceBundle.java:1436)
	at java.util.ResourceBundle.findBundle(ResourceBundle.java:1400)
	at java.util.ResourceBundle.findBundle(ResourceBundle.java:1354)
	at java.util.ResourceBundle.getBundleImpl(ResourceBundle.java:1296)
	at java.util.ResourceBundle.getBundle(ResourceBundle.java:795)
	at com.google.javascript.rhino.ScriptRuntime.getMessage(ScriptRuntime.java:465)
	at com.google.javascript.rhino.ScriptRuntime.getMessage0(ScriptRuntime.java:422)
	at com.google.javascript.jscomp.RhinoErrorReporter.<init>(RhinoErrorReporter.java:75)
	at com.google.javascript.jscomp.RhinoErrorReporter.<init>(RhinoErrorReporter.java:33)
	at com.google.javascript.jscomp.RhinoErrorReporter$OldRhinoErrorReporter.<init>(RhinoErrorReporter.java:144)
	at com.google.javascript.jscomp.RhinoErrorReporter$OldRhinoErrorReporter.<init>(RhinoErrorReporter.java:140)
	at com.google.javascript.jscomp.RhinoErrorReporter.forOldRhino(RhinoErrorReporter.java:109)
	at com.google.javascript.jscomp.Compiler.<init>(Compiler.java:145)
	at com.google.javascript.jscomp.Compiler.<init>(Compiler.java:177)
	at com.google.javascript.jscomp.CompilerTestCase.createCompiler(CompilerTestCase.java:1009)
	at com.google.javascript.jscomp.CompilerTestCase.test(CompilerTestCase.java:394)
	at com.google.javascript.jscomp.CompilerTestCase.test(CompilerTestCase.java:335)
	at com.google.javascript.jscomp.CompilerTestCase.test(CompilerTestCase.java:304)
	at com.google.javascript.jscomp.CompilerTestCase.test(CompilerTestCase.java:292)
	at com.google.javascript.jscomp.DeadAssignmentsEliminationTest.inFunction(DeadAssignmentsEliminationTest.java:345)
	at com.google.javascript.jscomp.DeadAssignmentsEliminationTest.inFunction(DeadAssignmentsEliminationTest.java:341)
	at com.google.javascript.jscomp.DeadAssignmentsEliminationTest.testDeadVarDeclarations(DeadAssignmentsEliminationTest.java:160)
	at sun.reflect.NativeMethodAccessorImpl.invoke0(Native Method)
	at sun.reflect.NativeMethodAccessorImpl.invoke(NativeMethodAccessorImpl.java:57)
	at sun.reflect.DelegatingMethodAccessorImpl.invoke(DelegatingMethodAccessorImpl.java:43)
	at java.lang.reflect.Method.invoke(Method.java:606)
	at junit.framework.TestCase.runTest(TestCase.java:176)
	at junit.framework.TestCase.runBare(TestCase.java:141)
	at junit.framework.TestResult$1.protect(TestResult.java:122)
	at junit.framework.TestResult.runProtected(TestResult.java:142)
	at junit.framework.TestResult.run(TestResult.java:125)
	at junit.framework.TestCase.run(TestCase.java:129)
	at junit.framework.TestSuite.runTest(TestSuite.java:255)
	at junit.framework.TestSuite.run(TestSuite.java:250)
	at org.junit.internal.runners.JUnit38ClassRunner.run(JUnit38ClassRunner.java:84)
	at com.gzoltar.lib.instrumentation.testing.junit.a.call(Unknown Source)
	at java.util.concurrent.FutureTask.run(FutureTask.java:262)
	at java.util.concurrent.ThreadPoolExecutor.runWorker(ThreadPoolExecutor.java:1145)
	at java.util.concurrent.ThreadPoolExecutor$Worker.run(ThreadPoolExecutor.java:615)
	at java.lang.Thread.run(Thread.java:745)
[ERROR] Class not found
java.lang.ClassNotFoundException: rhino_ast.java.com.google.javascript.rhino.Messages_en_US
	at java.lang.ClassLoader.findClass(ClassLoader.java:531)
	at java.lang.ClassLoader.loadClass(ClassLoader.java:425)
	at java.lang.ClassLoader.loadClass(ClassLoader.java:358)
	at com.gzoltar.lib.instrumentation.util.GZoltarClassLoader.loadClass(Unknown Source)
	at java.util.ResourceBundle$Control.newBundle(ResourceBundle.java:2566)
	at java.util.ResourceBundle.loadBundle(ResourceBundle.java:1436)
	at java.util.ResourceBundle.findBundle(ResourceBundle.java:1400)
	at java.util.ResourceBundle.getBundleImpl(ResourceBundle.java:1296)
	at java.util.ResourceBundle.getBundle(ResourceBundle.java:795)
	at com.google.javascript.rhino.ScriptRuntime.getMessage(ScriptRuntime.java:465)
	at com.google.javascript.rhino.ScriptRuntime.getMessage0(ScriptRuntime.java:422)
	at com.google.javascript.jscomp.RhinoErrorReporter.<init>(RhinoErrorReporter.java:75)
	at com.google.javascript.jscomp.RhinoErrorReporter.<init>(RhinoErrorReporter.java:33)
	at com.google.javascript.jscomp.RhinoErrorReporter$OldRhinoErrorReporter.<init>(RhinoErrorReporter.java:144)
	at com.google.javascript.jscomp.RhinoErrorReporter$OldRhinoErrorReporter.<init>(RhinoErrorReporter.java:140)
	at com.google.javascript.jscomp.RhinoErrorReporter.forOldRhino(RhinoErrorReporter.java:109)
	at com.google.javascript.jscomp.Compiler.<init>(Compiler.java:145)
	at com.google.javascript.jscomp.Compiler.<init>(Compiler.java:177)
	at com.google.javascript.jscomp.CompilerTestCase.createCompiler(CompilerTestCase.java:1009)
	at com.google.javascript.jscomp.CompilerTestCase.test(CompilerTestCase.java:394)
	at com.google.javascript.jscomp.CompilerTestCase.test(CompilerTestCase.java:335)
	at com.google.javascript.jscomp.CompilerTestCase.test(CompilerTestCase.java:304)
	at com.google.javascript.jscomp.CompilerTestCase.test(CompilerTestCase.java:292)
	at com.google.javascript.jscomp.DeadAssignmentsEliminationTest.inFunction(DeadAssignmentsEliminationTest.java:345)
	at com.google.javascript.jscomp.DeadAssignmentsEliminationTest.inFunction(DeadAssignmentsEliminationTest.java:341)
	at com.google.javascript.jscomp.DeadAssignmentsEliminationTest.testDeadVarDeclarations(DeadAssignmentsEliminationTest.java:160)
	at sun.reflect.NativeMethodAccessorImpl.invoke0(Native Method)
	at sun.reflect.NativeMethodAccessorImpl.invoke(NativeMethodAccessorImpl.java:57)
	at sun.reflect.DelegatingMethodAccessorImpl.invoke(DelegatingMethodAccessorImpl.java:43)
	at java.lang.reflect.Method.invoke(Method.java:606)
	at junit.framework.TestCase.runTest(TestCase.java:176)
	at junit.framework.TestCase.runBare(TestCase.java:141)
	at junit.framework.TestResult$1.protect(TestResult.java:122)
	at junit.framework.TestResult.runProtected(TestResult.java:142)
	at junit.framework.TestResult.run(TestResult.java:125)
	at junit.framework.TestCase.run(TestCase.java:129)
	at junit.framework.TestSuite.runTest(TestSuite.java:255)
	at junit.framework.TestSuite.run(TestSuite.java:250)
	at org.junit.internal.runners.JUnit38ClassRunner.run(JUnit38ClassRunner.java:84)
	at com.gzoltar.lib.instrumentation.testing.junit.a.call(Unknown Source)
	at java.util.concurrent.FutureTask.run(FutureTask.java:262)
	at java.util.concurrent.ThreadPoolExecutor.runWorker(ThreadPoolExecutor.java:1145)
	at java.util.concurrent.ThreadPoolExecutor$Worker.run(ThreadPoolExecutor.java:615)
	at java.lang.Thread.run(Thread.java:745)
[ERROR] Class not found
java.lang.ClassNotFoundException: com.google.javascript.jscomp.mozilla.rhino.VMBridge_custom
	at java.lang.ClassLoader.findClass(ClassLoader.java:531)
	at java.lang.ClassLoader.loadClass(ClassLoader.java:425)
	at java.lang.ClassLoader.loadClass(ClassLoader.java:358)
	at com.gzoltar.lib.instrumentation.util.GZoltarClassLoader.loadClass(Unknown Source)
	at java.lang.Class.forName0(Native Method)
	at java.lang.Class.forName(Class.java:195)
	at com.google.javascript.jscomp.mozilla.rhino.Kit.classOrNull(Kit.java:74)
	at com.google.javascript.jscomp.mozilla.rhino.VMBridge.makeInstance(VMBridge.java:61)
	at com.google.javascript.jscomp.mozilla.rhino.VMBridge.<clinit>(VMBridge.java:49)
	at com.google.javascript.jscomp.mozilla.rhino.Context.getCurrentContext(Context.java:379)
	at com.google.javascript.jscomp.mozilla.rhino.ScriptRuntime$DefaultMessageProvider.getMessage(ScriptRuntime.java:3703)
	at com.google.javascript.jscomp.mozilla.rhino.ScriptRuntime.getMessage(ScriptRuntime.java:3691)
	at com.google.javascript.jscomp.mozilla.rhino.ScriptRuntime.getMessage0(ScriptRuntime.java:3639)
	at com.google.javascript.jscomp.RhinoErrorReporter.<init>(RhinoErrorReporter.java:75)
	at com.google.javascript.jscomp.RhinoErrorReporter.<init>(RhinoErrorReporter.java:33)
	at com.google.javascript.jscomp.RhinoErrorReporter$OldRhinoErrorReporter.<init>(RhinoErrorReporter.java:144)
	at com.google.javascript.jscomp.RhinoErrorReporter$OldRhinoErrorReporter.<init>(RhinoErrorReporter.java:140)
	at com.google.javascript.jscomp.RhinoErrorReporter.forOldRhino(RhinoErrorReporter.java:109)
	at com.google.javascript.jscomp.Compiler.<init>(Compiler.java:145)
	at com.google.javascript.jscomp.Compiler.<init>(Compiler.java:177)
	at com.google.javascript.jscomp.CompilerTestCase.createCompiler(CompilerTestCase.java:1009)
	at com.google.javascript.jscomp.CompilerTestCase.test(CompilerTestCase.java:394)
	at com.google.javascript.jscomp.CompilerTestCase.test(CompilerTestCase.java:335)
	at com.google.javascript.jscomp.CompilerTestCase.test(CompilerTestCase.java:304)
	at com.google.javascript.jscomp.CompilerTestCase.test(CompilerTestCase.java:292)
	at com.google.javascript.jscomp.DeadAssignmentsEliminationTest.inFunction(DeadAssignmentsEliminationTest.java:345)
	at com.google.javascript.jscomp.DeadAssignmentsEliminationTest.inFunction(DeadAssignmentsEliminationTest.java:341)
	at com.google.javascript.jscomp.DeadAssignmentsEliminationTest.testDeadVarDeclarations(DeadAssignmentsEliminationTest.java:160)
	at sun.reflect.NativeMethodAccessorImpl.invoke0(Native Method)
	at sun.reflect.NativeMethodAccessorImpl.invoke(NativeMethodAccessorImpl.java:57)
	at sun.reflect.DelegatingMethodAccessorImpl.invoke(DelegatingMethodAccessorImpl.java:43)
	at java.lang.reflect.Method.invoke(Method.java:606)
	at junit.framework.TestCase.runTest(TestCase.java:176)
	at junit.framework.TestCase.runBare(TestCase.java:141)
	at junit.framework.TestResult$1.protect(TestResult.java:122)
	at junit.framework.TestResult.runProtected(TestResult.java:142)
	at junit.framework.TestResult.run(TestResult.java:125)
	at junit.framework.TestCase.run(TestCase.java:129)
	at junit.framework.TestSuite.runTest(TestSuite.java:255)
	at junit.framework.TestSuite.run(TestSuite.java:250)
	at org.junit.internal.runners.JUnit38ClassRunner.run(JUnit38ClassRunner.java:84)
	at com.gzoltar.lib.instrumentation.testing.junit.a.call(Unknown Source)
	at java.util.concurrent.FutureTask.run(FutureTask.java:262)
	at java.util.concurrent.ThreadPoolExecutor.runWorker(ThreadPoolExecutor.java:1145)
	at java.util.concurrent.ThreadPoolExecutor$Worker.run(ThreadPoolExecutor.java:615)
	at java.lang.Thread.run(Thread.java:745)
[ERROR] Class not found
java.lang.ClassNotFoundException: com.google.javascript.jscomp.mozilla.rhino.resources.Messages
	at java.lang.ClassLoader.findClass(ClassLoader.java:531)
	at java.lang.ClassLoader.loadClass(ClassLoader.java:425)
	at java.lang.ClassLoader.loadClass(ClassLoader.java:358)
	at com.gzoltar.lib.instrumentation.util.GZoltarClassLoader.loadClass(Unknown Source)
	at java.util.ResourceBundle$Control.newBundle(ResourceBundle.java:2566)
	at java.util.ResourceBundle.loadBundle(ResourceBundle.java:1436)
	at java.util.ResourceBundle.findBundle(ResourceBundle.java:1400)
	at java.util.ResourceBundle.findBundle(ResourceBundle.java:1354)
	at java.util.ResourceBundle.findBundle(ResourceBundle.java:1354)
	at java.util.ResourceBundle.getBundleImpl(ResourceBundle.java:1296)
	at java.util.ResourceBundle.getBundle(ResourceBundle.java:795)
	at com.google.javascript.jscomp.mozilla.rhino.ScriptRuntime$DefaultMessageProvider.getMessage(ScriptRuntime.java:3707)
	at com.google.javascript.jscomp.mozilla.rhino.ScriptRuntime.getMessage(ScriptRuntime.java:3691)
	at com.google.javascript.jscomp.mozilla.rhino.ScriptRuntime.getMessage0(ScriptRuntime.java:3639)
	at com.google.javascript.jscomp.RhinoErrorReporter.<init>(RhinoErrorReporter.java:75)
	at com.google.javascript.jscomp.RhinoErrorReporter.<init>(RhinoErrorReporter.java:33)
	at com.google.javascript.jscomp.RhinoErrorReporter$OldRhinoErrorReporter.<init>(RhinoErrorReporter.java:144)
	at com.google.javascript.jscomp.RhinoErrorReporter$OldRhinoErrorReporter.<init>(RhinoErrorReporter.java:140)
	at com.google.javascript.jscomp.RhinoErrorReporter.forOldRhino(RhinoErrorReporter.java:109)
	at com.google.javascript.jscomp.Compiler.<init>(Compiler.java:145)
	at com.google.javascript.jscomp.Compiler.<init>(Compiler.java:177)
	at com.google.javascript.jscomp.CompilerTestCase.createCompiler(CompilerTestCase.java:1009)
	at com.google.javascript.jscomp.CompilerTestCase.test(CompilerTestCase.java:394)
	at com.google.javascript.jscomp.CompilerTestCase.test(CompilerTestCase.java:335)
	at com.google.javascript.jscomp.CompilerTestCase.test(CompilerTestCase.java:304)
	at com.google.javascript.jscomp.CompilerTestCase.test(CompilerTestCase.java:292)
	at com.google.javascript.jscomp.DeadAssignmentsEliminationTest.inFunction(DeadAssignmentsEliminationTest.java:345)
	at com.google.javascript.jscomp.DeadAssignmentsEliminationTest.inFunction(DeadAssignmentsEliminationTest.java:341)
	at com.google.javascript.jscomp.DeadAssignmentsEliminationTest.testDeadVarDeclarations(DeadAssignmentsEliminationTest.java:160)
	at sun.reflect.NativeMethodAccessorImpl.invoke0(Native Method)
	at sun.reflect.NativeMethodAccessorImpl.invoke(NativeMethodAccessorImpl.java:57)
	at sun.reflect.DelegatingMethodAccessorImpl.invoke(DelegatingMethodAccessorImpl.java:43)
	at java.lang.reflect.Method.invoke(Method.java:606)
	at junit.framework.TestCase.runTest(TestCase.java:176)
	at junit.framework.TestCase.runBare(TestCase.java:141)
	at junit.framework.TestResult$1.protect(TestResult.java:122)
	at junit.framework.TestResult.runProtected(TestResult.java:142)
	at junit.framework.TestResult.run(TestResult.java:125)
	at junit.framework.TestCase.run(TestCase.java:129)
	at junit.framework.TestSuite.runTest(TestSuite.java:255)
	at junit.framework.TestSuite.run(TestSuite.java:250)
	at org.junit.internal.runners.JUnit38ClassRunner.run(JUnit38ClassRunner.java:84)
	at com.gzoltar.lib.instrumentation.testing.junit.a.call(Unknown Source)
	at java.util.concurrent.FutureTask.run(FutureTask.java:262)
	at java.util.concurrent.ThreadPoolExecutor.runWorker(ThreadPoolExecutor.java:1145)
	at java.util.concurrent.ThreadPoolExecutor$Worker.run(ThreadPoolExecutor.java:615)
	at java.lang.Thread.run(Thread.java:745)
[ERROR] Class not found
java.lang.ClassNotFoundException: com.google.javascript.jscomp.mozilla.rhino.resources.Messages_en
	at java.lang.ClassLoader.findClass(ClassLoader.java:531)
	at java.lang.ClassLoader.loadClass(ClassLoader.java:425)
	at java.lang.ClassLoader.loadClass(ClassLoader.java:358)
	at com.gzoltar.lib.instrumentation.util.GZoltarClassLoader.loadClass(Unknown Source)
	at java.util.ResourceBundle$Control.newBundle(ResourceBundle.java:2566)
	at java.util.ResourceBundle.loadBundle(ResourceBundle.java:1436)
	at java.util.ResourceBundle.findBundle(ResourceBundle.java:1400)
	at java.util.ResourceBundle.findBundle(ResourceBundle.java:1354)
	at java.util.ResourceBundle.getBundleImpl(ResourceBundle.java:1296)
	at java.util.ResourceBundle.getBundle(ResourceBundle.java:795)
	at com.google.javascript.jscomp.mozilla.rhino.ScriptRuntime$DefaultMessageProvider.getMessage(ScriptRuntime.java:3707)
	at com.google.javascript.jscomp.mozilla.rhino.ScriptRuntime.getMessage(ScriptRuntime.java:3691)
	at com.google.javascript.jscomp.mozilla.rhino.ScriptRuntime.getMessage0(ScriptRuntime.java:3639)
	at com.google.javascript.jscomp.RhinoErrorReporter.<init>(RhinoErrorReporter.java:75)
	at com.google.javascript.jscomp.RhinoErrorReporter.<init>(RhinoErrorReporter.java:33)
	at com.google.javascript.jscomp.RhinoErrorReporter$OldRhinoErrorReporter.<init>(RhinoErrorReporter.java:144)
	at com.google.javascript.jscomp.RhinoErrorReporter$OldRhinoErrorReporter.<init>(RhinoErrorReporter.java:140)
	at com.google.javascript.jscomp.RhinoErrorReporter.forOldRhino(RhinoErrorReporter.java:109)
	at com.google.javascript.jscomp.Compiler.<init>(Compiler.java:145)
	at com.google.javascript.jscomp.Compiler.<init>(Compiler.java:177)
	at com.google.javascript.jscomp.CompilerTestCase.createCompiler(CompilerTestCase.java:1009)
	at com.google.javascript.jscomp.CompilerTestCase.test(CompilerTestCase.java:394)
	at com.google.javascript.jscomp.CompilerTestCase.test(CompilerTestCase.java:335)
	at com.google.javascript.jscomp.CompilerTestCase.test(CompilerTestCase.java:304)
	at com.google.javascript.jscomp.CompilerTestCase.test(CompilerTestCase.java:292)
	at com.google.javascript.jscomp.DeadAssignmentsEliminationTest.inFunction(DeadAssignmentsEliminationTest.java:345)
	at com.google.javascript.jscomp.DeadAssignmentsEliminationTest.inFunction(DeadAssignmentsEliminationTest.java:341)
	at com.google.javascript.jscomp.DeadAssignmentsEliminationTest.testDeadVarDeclarations(DeadAssignmentsEliminationTest.java:160)
	at sun.reflect.NativeMethodAccessorImpl.invoke0(Native Method)
	at sun.reflect.NativeMethodAccessorImpl.invoke(NativeMethodAccessorImpl.java:57)
	at sun.reflect.DelegatingMethodAccessorImpl.invoke(DelegatingMethodAccessorImpl.java:43)
	at java.lang.reflect.Method.invoke(Method.java:606)
	at junit.framework.TestCase.runTest(TestCase.java:176)
	at junit.framework.TestCase.runBare(TestCase.java:141)
	at junit.framework.TestResult$1.protect(TestResult.java:122)
	at junit.framework.TestResult.runProtected(TestResult.java:142)
	at junit.framework.TestResult.run(TestResult.java:125)
	at junit.framework.TestCase.run(TestCase.java:129)
	at junit.framework.TestSuite.runTest(TestSuite.java:255)
	at junit.framework.TestSuite.run(TestSuite.java:250)
	at org.junit.internal.runners.JUnit38ClassRunner.run(JUnit38ClassRunner.java:84)
	at com.gzoltar.lib.instrumentation.testing.junit.a.call(Unknown Source)
	at java.util.concurrent.FutureTask.run(FutureTask.java:262)
	at java.util.concurrent.ThreadPoolExecutor.runWorker(ThreadPoolExecutor.java:1145)
	at java.util.concurrent.ThreadPoolExecutor$Worker.run(ThreadPoolExecutor.java:615)
	at java.lang.Thread.run(Thread.java:745)
[ERROR] Class not found
java.lang.ClassNotFoundException: com.google.javascript.jscomp.mozilla.rhino.resources.Messages_en_US
	at java.lang.ClassLoader.findClass(ClassLoader.java:531)
	at java.lang.ClassLoader.loadClass(ClassLoader.java:425)
	at java.lang.ClassLoader.loadClass(ClassLoader.java:358)
	at com.gzoltar.lib.instrumentation.util.GZoltarClassLoader.loadClass(Unknown Source)
	at java.util.ResourceBundle$Control.newBundle(ResourceBundle.java:2566)
	at java.util.ResourceBundle.loadBundle(ResourceBundle.java:1436)
	at java.util.ResourceBundle.findBundle(ResourceBundle.java:1400)
	at java.util.ResourceBundle.getBundleImpl(ResourceBundle.java:1296)
	at java.util.ResourceBundle.getBundle(ResourceBundle.java:795)
	at com.google.javascript.jscomp.mozilla.rhino.ScriptRuntime$DefaultMessageProvider.getMessage(ScriptRuntime.java:3707)
	at com.google.javascript.jscomp.mozilla.rhino.ScriptRuntime.getMessage(ScriptRuntime.java:3691)
	at com.google.javascript.jscomp.mozilla.rhino.ScriptRuntime.getMessage0(ScriptRuntime.java:3639)
	at com.google.javascript.jscomp.RhinoErrorReporter.<init>(RhinoErrorReporter.java:75)
	at com.google.javascript.jscomp.RhinoErrorReporter.<init>(RhinoErrorReporter.java:33)
	at com.google.javascript.jscomp.RhinoErrorReporter$OldRhinoErrorReporter.<init>(RhinoErrorReporter.java:144)
	at com.google.javascript.jscomp.RhinoErrorReporter$OldRhinoErrorReporter.<init>(RhinoErrorReporter.java:140)
	at com.google.javascript.jscomp.RhinoErrorReporter.forOldRhino(RhinoErrorReporter.java:109)
	at com.google.javascript.jscomp.Compiler.<init>(Compiler.java:145)
	at com.google.javascript.jscomp.Compiler.<init>(Compiler.java:177)
	at com.google.javascript.jscomp.CompilerTestCase.createCompiler(CompilerTestCase.java:1009)
	at com.google.javascript.jscomp.CompilerTestCase.test(CompilerTestCase.java:394)
	at com.google.javascript.jscomp.CompilerTestCase.test(CompilerTestCase.java:335)
	at com.google.javascript.jscomp.CompilerTestCase.test(CompilerTestCase.java:304)
	at com.google.javascript.jscomp.CompilerTestCase.test(CompilerTestCase.java:292)
	at com.google.javascript.jscomp.DeadAssignmentsEliminationTest.inFunction(DeadAssignmentsEliminationTest.java:345)
	at com.google.javascript.jscomp.DeadAssignmentsEliminationTest.inFunction(DeadAssignmentsEliminationTest.java:341)
	at com.google.javascript.jscomp.DeadAssignmentsEliminationTest.testDeadVarDeclarations(DeadAssignmentsEliminationTest.java:160)
	at sun.reflect.NativeMethodAccessorImpl.invoke0(Native Method)
	at sun.reflect.NativeMethodAccessorImpl.invoke(NativeMethodAccessorImpl.java:57)
	at sun.reflect.DelegatingMethodAccessorImpl.invoke(DelegatingMethodAccessorImpl.java:43)
	at java.lang.reflect.Method.invoke(Method.java:606)
	at junit.framework.TestCase.runTest(TestCase.java:176)
	at junit.framework.TestCase.runBare(TestCase.java:141)
	at junit.framework.TestResult$1.protect(TestResult.java:122)
	at junit.framework.TestResult.runProtected(TestResult.java:142)
	at junit.framework.TestResult.run(TestResult.java:125)
	at junit.framework.TestCase.run(TestCase.java:129)
	at junit.framework.TestSuite.runTest(TestSuite.java:255)
	at junit.framework.TestSuite.run(TestSuite.java:250)
	at org.junit.internal.runners.JUnit38ClassRunner.run(JUnit38ClassRunner.java:84)
	at com.gzoltar.lib.instrumentation.testing.junit.a.call(Unknown Source)
	at java.util.concurrent.FutureTask.run(FutureTask.java:262)
	at java.util.concurrent.ThreadPoolExecutor.runWorker(ThreadPoolExecutor.java:1145)
	at java.util.concurrent.ThreadPoolExecutor$Worker.run(ThreadPoolExecutor.java:615)
	at java.lang.Thread.run(Thread.java:745)
[ERROR] Class not found
java.lang.ClassNotFoundException: com.google.javascript.jscomp.parsing.ParserConfig
	at java.lang.ClassLoader.findClass(ClassLoader.java:531)
	at java.lang.ClassLoader.loadClass(ClassLoader.java:425)
	at java.lang.ClassLoader.loadClass(ClassLoader.java:358)
	at com.gzoltar.lib.instrumentation.util.GZoltarClassLoader.loadClass(Unknown Source)
	at java.util.ResourceBundle$Control.newBundle(ResourceBundle.java:2566)
	at java.util.ResourceBundle.loadBundle(ResourceBundle.java:1436)
	at java.util.ResourceBundle.findBundle(ResourceBundle.java:1400)
	at java.util.ResourceBundle.findBundle(ResourceBundle.java:1354)
	at java.util.ResourceBundle.findBundle(ResourceBundle.java:1354)
	at java.util.ResourceBundle.getBundleImpl(ResourceBundle.java:1296)
	at java.util.ResourceBundle.getBundle(ResourceBundle.java:721)
	at com.google.javascript.jscomp.parsing.ParserRunner.initResourceConfig(ParserRunner.java:66)
	at com.google.javascript.jscomp.parsing.ParserRunner.createConfig(ParserRunner.java:55)
	at com.google.javascript.jscomp.Compiler.getParserConfig(Compiler.java:1679)
	at com.google.javascript.jscomp.JsAst.parse(JsAst.java:88)
	at com.google.javascript.jscomp.JsAst.createAst(JsAst.java:77)
	at com.google.javascript.jscomp.JsAst.getAstRoot(JsAst.java:50)
	at com.google.javascript.jscomp.CompilerInput.getAstRoot(CompilerInput.java:102)
	at com.google.javascript.jscomp.Compiler.parseInputs(Compiler.java:1096)
	at com.google.javascript.jscomp.CompilerTestCase.test(CompilerTestCase.java:703)
	at com.google.javascript.jscomp.CompilerTestCase.test(CompilerTestCase.java:410)
	at com.google.javascript.jscomp.CompilerTestCase.test(CompilerTestCase.java:335)
	at com.google.javascript.jscomp.CompilerTestCase.test(CompilerTestCase.java:304)
	at com.google.javascript.jscomp.CompilerTestCase.test(CompilerTestCase.java:292)
	at com.google.javascript.jscomp.DeadAssignmentsEliminationTest.inFunction(DeadAssignmentsEliminationTest.java:345)
	at com.google.javascript.jscomp.DeadAssignmentsEliminationTest.inFunction(DeadAssignmentsEliminationTest.java:341)
	at com.google.javascript.jscomp.DeadAssignmentsEliminationTest.testDeadVarDeclarations(DeadAssignmentsEliminationTest.java:160)
	at sun.reflect.NativeMethodAccessorImpl.invoke0(Native Method)
	at sun.reflect.NativeMethodAccessorImpl.invoke(NativeMethodAccessorImpl.java:57)
	at sun.reflect.DelegatingMethodAccessorImpl.invoke(DelegatingMethodAccessorImpl.java:43)
	at java.lang.reflect.Method.invoke(Method.java:606)
	at junit.framework.TestCase.runTest(TestCase.java:176)
	at junit.framework.TestCase.runBare(TestCase.java:141)
	at junit.framework.TestResult$1.protect(TestResult.java:122)
	at junit.framework.TestResult.runProtected(TestResult.java:142)
	at junit.framework.TestResult.run(TestResult.java:125)
	at junit.framework.TestCase.run(TestCase.java:129)
	at junit.framework.TestSuite.runTest(TestSuite.java:255)
	at junit.framework.TestSuite.run(TestSuite.java:250)
	at org.junit.internal.runners.JUnit38ClassRunner.run(JUnit38ClassRunner.java:84)
	at com.gzoltar.lib.instrumentation.testing.junit.a.call(Unknown Source)
	at java.util.concurrent.FutureTask.run(FutureTask.java:262)
	at java.util.concurrent.ThreadPoolExecutor.runWorker(ThreadPoolExecutor.java:1145)
	at java.util.concurrent.ThreadPoolExecutor$Worker.run(ThreadPoolExecutor.java:615)
	at java.lang.Thread.run(Thread.java:745)
[ERROR] Class not found
java.lang.ClassNotFoundException: com.google.javascript.jscomp.parsing.ParserConfig_en
	at java.lang.ClassLoader.findClass(ClassLoader.java:531)
	at java.lang.ClassLoader.loadClass(ClassLoader.java:425)
	at java.lang.ClassLoader.loadClass(ClassLoader.java:358)
	at com.gzoltar.lib.instrumentation.util.GZoltarClassLoader.loadClass(Unknown Source)
	at java.util.ResourceBundle$Control.newBundle(ResourceBundle.java:2566)
	at java.util.ResourceBundle.loadBundle(ResourceBundle.java:1436)
	at java.util.ResourceBundle.findBundle(ResourceBundle.java:1400)
	at java.util.ResourceBundle.findBundle(ResourceBundle.java:1354)
	at java.util.ResourceBundle.getBundleImpl(ResourceBundle.java:1296)
	at java.util.ResourceBundle.getBundle(ResourceBundle.java:721)
	at com.google.javascript.jscomp.parsing.ParserRunner.initResourceConfig(ParserRunner.java:66)
	at com.google.javascript.jscomp.parsing.ParserRunner.createConfig(ParserRunner.java:55)
	at com.google.javascript.jscomp.Compiler.getParserConfig(Compiler.java:1679)
	at com.google.javascript.jscomp.JsAst.parse(JsAst.java:88)
	at com.google.javascript.jscomp.JsAst.createAst(JsAst.java:77)
	at com.google.javascript.jscomp.JsAst.getAstRoot(JsAst.java:50)
	at com.google.javascript.jscomp.CompilerInput.getAstRoot(CompilerInput.java:102)
	at com.google.javascript.jscomp.Compiler.parseInputs(Compiler.java:1096)
	at com.google.javascript.jscomp.CompilerTestCase.test(CompilerTestCase.java:703)
	at com.google.javascript.jscomp.CompilerTestCase.test(CompilerTestCase.java:410)
	at com.google.javascript.jscomp.CompilerTestCase.test(CompilerTestCase.java:335)
	at com.google.javascript.jscomp.CompilerTestCase.test(CompilerTestCase.java:304)
	at com.google.javascript.jscomp.CompilerTestCase.test(CompilerTestCase.java:292)
	at com.google.javascript.jscomp.DeadAssignmentsEliminationTest.inFunction(DeadAssignmentsEliminationTest.java:345)
	at com.google.javascript.jscomp.DeadAssignmentsEliminationTest.inFunction(DeadAssignmentsEliminationTest.java:341)
	at com.google.javascript.jscomp.DeadAssignmentsEliminationTest.testDeadVarDeclarations(DeadAssignmentsEliminationTest.java:160)
	at sun.reflect.NativeMethodAccessorImpl.invoke0(Native Method)
	at sun.reflect.NativeMethodAccessorImpl.invoke(NativeMethodAccessorImpl.java:57)
	at sun.reflect.DelegatingMethodAccessorImpl.invoke(DelegatingMethodAccessorImpl.java:43)
	at java.lang.reflect.Method.invoke(Method.java:606)
	at junit.framework.TestCase.runTest(TestCase.java:176)
	at junit.framework.TestCase.runBare(TestCase.java:141)
	at junit.framework.TestResult$1.protect(TestResult.java:122)
	at junit.framework.TestResult.runProtected(TestResult.java:142)
	at junit.framework.TestResult.run(TestResult.java:125)
	at junit.framework.TestCase.run(TestCase.java:129)
	at junit.framework.TestSuite.runTest(TestSuite.java:255)
	at junit.framework.TestSuite.run(TestSuite.java:250)
	at org.junit.internal.runners.JUnit38ClassRunner.run(JUnit38ClassRunner.java:84)
	at com.gzoltar.lib.instrumentation.testing.junit.a.call(Unknown Source)
	at java.util.concurrent.FutureTask.run(FutureTask.java:262)
	at java.util.concurrent.ThreadPoolExecutor.runWorker(ThreadPoolExecutor.java:1145)
	at java.util.concurrent.ThreadPoolExecutor$Worker.run(ThreadPoolExecutor.java:615)
	at java.lang.Thread.run(Thread.java:745)
[ERROR] Class not found
java.lang.ClassNotFoundException: com.google.javascript.jscomp.parsing.ParserConfig_en_US
	at java.lang.ClassLoader.findClass(ClassLoader.java:531)
	at java.lang.ClassLoader.loadClass(ClassLoader.java:425)
	at java.lang.ClassLoader.loadClass(ClassLoader.java:358)
	at com.gzoltar.lib.instrumentation.util.GZoltarClassLoader.loadClass(Unknown Source)
	at java.util.ResourceBundle$Control.newBundle(ResourceBundle.java:2566)
	at java.util.ResourceBundle.loadBundle(ResourceBundle.java:1436)
	at java.util.ResourceBundle.findBundle(ResourceBundle.java:1400)
	at java.util.ResourceBundle.getBundleImpl(ResourceBundle.java:1296)
	at java.util.ResourceBundle.getBundle(ResourceBundle.java:721)
	at com.google.javascript.jscomp.parsing.ParserRunner.initResourceConfig(ParserRunner.java:66)
	at com.google.javascript.jscomp.parsing.ParserRunner.createConfig(ParserRunner.java:55)
	at com.google.javascript.jscomp.Compiler.getParserConfig(Compiler.java:1679)
	at com.google.javascript.jscomp.JsAst.parse(JsAst.java:88)
	at com.google.javascript.jscomp.JsAst.createAst(JsAst.java:77)
	at com.google.javascript.jscomp.JsAst.getAstRoot(JsAst.java:50)
	at com.google.javascript.jscomp.CompilerInput.getAstRoot(CompilerInput.java:102)
	at com.google.javascript.jscomp.Compiler.parseInputs(Compiler.java:1096)
	at com.google.javascript.jscomp.CompilerTestCase.test(CompilerTestCase.java:703)
	at com.google.javascript.jscomp.CompilerTestCase.test(CompilerTestCase.java:410)
	at com.google.javascript.jscomp.CompilerTestCase.test(CompilerTestCase.java:335)
	at com.google.javascript.jscomp.CompilerTestCase.test(CompilerTestCase.java:304)
	at com.google.javascript.jscomp.CompilerTestCase.test(CompilerTestCase.java:292)
	at com.google.javascript.jscomp.DeadAssignmentsEliminationTest.inFunction(DeadAssignmentsEliminationTest.java:345)
	at com.google.javascript.jscomp.DeadAssignmentsEliminationTest.inFunction(DeadAssignmentsEliminationTest.java:341)
	at com.google.javascript.jscomp.DeadAssignmentsEliminationTest.testDeadVarDeclarations(DeadAssignmentsEliminationTest.java:160)
	at sun.reflect.NativeMethodAccessorImpl.invoke0(Native Method)
	at sun.reflect.NativeMethodAccessorImpl.invoke(NativeMethodAccessorImpl.java:57)
	at sun.reflect.DelegatingMethodAccessorImpl.invoke(DelegatingMethodAccessorImpl.java:43)
	at java.lang.reflect.Method.invoke(Method.java:606)
	at junit.framework.TestCase.runTest(TestCase.java:176)
	at junit.framework.TestCase.runBare(TestCase.java:141)
	at junit.framework.TestResult$1.protect(TestResult.java:122)
	at junit.framework.TestResult.runProtected(TestResult.java:142)
	at junit.framework.TestResult.run(TestResult.java:125)
	at junit.framework.TestCase.run(TestCase.java:129)
	at junit.framework.TestSuite.runTest(TestSuite.java:255)
	at junit.framework.TestSuite.run(TestSuite.java:250)
	at org.junit.internal.runners.JUnit38ClassRunner.run(JUnit38ClassRunner.java:84)
	at com.gzoltar.lib.instrumentation.testing.junit.a.call(Unknown Source)
	at java.util.concurrent.FutureTask.run(FutureTask.java:262)
	at java.util.concurrent.ThreadPoolExecutor.runWorker(ThreadPoolExecutor.java:1145)
	at java.util.concurrent.ThreadPoolExecutor$Worker.run(ThreadPoolExecutor.java:615)
	at java.lang.Thread.run(Thread.java:745)
* Finished com.google.javascript.jscomp.DeadAssignmentsEliminationTest#testDeadVarDeclarations
* Started com.google.javascript.jscomp.DeadAssignmentsEliminationTest#testAssignmentInArgs
* Finished com.google.javascript.jscomp.DeadAssignmentsEliminationTest#testAssignmentInArgs
* Started com.google.javascript.jscomp.DeadAssignmentsEliminationTest#testUsedAsConditions
* Finished com.google.javascript.jscomp.DeadAssignmentsEliminationTest#testUsedAsConditions
* Started com.google.javascript.jscomp.DeadAssignmentsEliminationTest#testDeadButAlivePartiallyWithinTheExpression
* Finished com.google.javascript.jscomp.DeadAssignmentsEliminationTest#testDeadButAlivePartiallyWithinTheExpression
* Started com.google.javascript.jscomp.DeadAssignmentsEliminationTest#testAssignAndReadInCondition
* Finished com.google.javascript.jscomp.DeadAssignmentsEliminationTest#testAssignAndReadInCondition
* Started com.google.javascript.jscomp.DeadAssignmentsEliminationTest#testDeadIncrement
* Finished com.google.javascript.jscomp.DeadAssignmentsEliminationTest#testDeadIncrement
* Started com.google.javascript.jscomp.DeadAssignmentsEliminationTest#testLoops
* Finished com.google.javascript.jscomp.DeadAssignmentsEliminationTest#testLoops
* Started com.google.javascript.jscomp.DeadAssignmentsEliminationTest#testSelfReAssignment
* Finished com.google.javascript.jscomp.DeadAssignmentsEliminationTest#testSelfReAssignment
* Started com.google.javascript.jscomp.DeadAssignmentsEliminationTest#testBug8730257
* Finished com.google.javascript.jscomp.DeadAssignmentsEliminationTest#testBug8730257
* Started com.google.javascript.jscomp.DeadAssignmentsEliminationTest#testAssignmentOpUsedAsLhs
* Finished com.google.javascript.jscomp.DeadAssignmentsEliminationTest#testAssignmentOpUsedAsLhs
* Started com.google.javascript.jscomp.DeadAssignmentsEliminationTest#testAssignmentOp
* Finished com.google.javascript.jscomp.DeadAssignmentsEliminationTest#testAssignmentOp
* Started com.google.javascript.jscomp.DeadAssignmentsEliminationTest#testIncrementalReassignmentInForLoops
* Finished com.google.javascript.jscomp.DeadAssignmentsEliminationTest#testIncrementalReassignmentInForLoops
* Started com.google.javascript.jscomp.DeadAssignmentsEliminationTest#testSelfIncrement
* Finished com.google.javascript.jscomp.DeadAssignmentsEliminationTest#testSelfIncrement
* Started com.google.javascript.jscomp.DeadAssignmentsEliminationTest#testParameters
* Finished com.google.javascript.jscomp.DeadAssignmentsEliminationTest#testParameters
* Started com.google.javascript.jscomp.DeadAssignmentsEliminationTest#testAssignmentInReturn
* Finished com.google.javascript.jscomp.DeadAssignmentsEliminationTest#testAssignmentInReturn
* Started com.google.javascript.jscomp.DeadAssignmentsEliminationTest#testInExpression1
* Finished com.google.javascript.jscomp.DeadAssignmentsEliminationTest#testInExpression1
* Started com.google.javascript.jscomp.DeadAssignmentsEliminationTest#testInExpression2
* Failure: 
Expected: function FUNC(param1,param2){var a;a=1;if(2||(a=3)||a);}
Result: function FUNC(param1,param2){var a;a=1;if((a=2)||(a=3)||a);}
Node tree inequality:
Tree1:
BLOCK [synthetic: 1]
    SCRIPT 1 [sourcename: expected0] [synthetic: 1]
        FUNCTION  1 [sourcename: expected0]
            NAME FUNC 1 [sourcename: expected0]
            LP 1 [sourcename: expected0]
                NAME param1 1 [sourcename: expected0]
                NAME param2 1 [sourcename: expected0]
            BLOCK 1 [sourcename: expected0]
                VAR 1 [sourcename: expected0]
                    NAME a 1 [sourcename: expected0]
                EXPR_RESULT 1 [sourcename: expected0]
                    ASSIGN 1 [sourcename: expected0]
                        NAME a 1 [sourcename: expected0]
                        NUMBER 1.0 1 [sourcename: expected0]
                IF 1 [sourcename: expected0]
                    OR 1 [sourcename: expected0]
                        NUMBER 2.0 1 [sourcename: expected0] [parenthesized: true]
                        OR 1 [sourcename: expected0]
                            ASSIGN 1 [sourcename: expected0] [parenthesized: true]
                                NAME a 1 [sourcename: expected0]
                                NUMBER 3.0 1 [sourcename: expected0]
                            NAME a 1 [sourcename: expected0] [parenthesized: true]
                    BLOCK 1 [sourcename: expected0]


Tree2:
BLOCK [synthetic: 1]
    SCRIPT 1 [sourcename: testcode] [synthetic: 1]
        FUNCTION  1 [sourcename: testcode]
            NAME FUNC 1 [sourcename: testcode]
            LP 1 [sourcename: testcode]
                NAME param1 1 [sourcename: testcode]
                NAME param2 1 [sourcename: testcode]
            BLOCK 1 [sourcename: testcode]
                VAR 1 [sourcename: testcode]
                    NAME a 1 [sourcename: testcode]
                EXPR_RESULT 1 [sourcename: testcode]
                    ASSIGN 1 [sourcename: testcode]
                        NAME a 1 [sourcename: testcode]
                        NUMBER 1.0 1 [sourcename: testcode]
                IF 1 [sourcename: testcode]
                    OR 1 [sourcename: testcode]
                        ASSIGN 1 [sourcename: testcode] [parenthesized: true]
                            NAME a 1 [sourcename: testcode]
                            NUMBER 2.0 1 [sourcename: testcode]
                        OR 1 [sourcename: testcode]
                            ASSIGN 1 [sourcename: testcode] [parenthesized: true]
                                NAME a 1 [sourcename: testcode]
                                NUMBER 3.0 1 [sourcename: testcode]
                            NAME a 1 [sourcename: testcode] [parenthesized: true]
                    BLOCK 1 [sourcename: testcode]


Subtree1: NUMBER 2.0 1 [sourcename: expected0] [parenthesized: true]


Subtree2: ASSIGN 1 [sourcename: testcode] [parenthesized: true]
    NAME a 1 [sourcename: testcode]
    NUMBER 2.0 1 [sourcename: testcode]
 | testInExpression2(com.google.javascript.jscomp.DeadAssignmentsEliminationTest)
junit.framework.AssertionFailedError: 
Expected: function FUNC(param1,param2){var a;a=1;if(2||(a=3)||a);}
Result: function FUNC(param1,param2){var a;a=1;if((a=2)||(a=3)||a);}
Node tree inequality:
Tree1:
BLOCK [synthetic: 1]
    SCRIPT 1 [sourcename: expected0] [synthetic: 1]
        FUNCTION  1 [sourcename: expected0]
            NAME FUNC 1 [sourcename: expected0]
            LP 1 [sourcename: expected0]
                NAME param1 1 [sourcename: expected0]
                NAME param2 1 [sourcename: expected0]
            BLOCK 1 [sourcename: expected0]
                VAR 1 [sourcename: expected0]
                    NAME a 1 [sourcename: expected0]
                EXPR_RESULT 1 [sourcename: expected0]
                    ASSIGN 1 [sourcename: expected0]
                        NAME a 1 [sourcename: expected0]
                        NUMBER 1.0 1 [sourcename: expected0]
                IF 1 [sourcename: expected0]
                    OR 1 [sourcename: expected0]
                        NUMBER 2.0 1 [sourcename: expected0] [parenthesized: true]
                        OR 1 [sourcename: expected0]
                            ASSIGN 1 [sourcename: expected0] [parenthesized: true]
                                NAME a 1 [sourcename: expected0]
                                NUMBER 3.0 1 [sourcename: expected0]
                            NAME a 1 [sourcename: expected0] [parenthesized: true]
                    BLOCK 1 [sourcename: expected0]


Tree2:
BLOCK [synthetic: 1]
    SCRIPT 1 [sourcename: testcode] [synthetic: 1]
        FUNCTION  1 [sourcename: testcode]
            NAME FUNC 1 [sourcename: testcode]
            LP 1 [sourcename: testcode]
                NAME param1 1 [sourcename: testcode]
                NAME param2 1 [sourcename: testcode]
            BLOCK 1 [sourcename: testcode]
                VAR 1 [sourcename: testcode]
                    NAME a 1 [sourcename: testcode]
                EXPR_RESULT 1 [sourcename: testcode]
                    ASSIGN 1 [sourcename: testcode]
                        NAME a 1 [sourcename: testcode]
                        NUMBER 1.0 1 [sourcename: testcode]
                IF 1 [sourcename: testcode]
                    OR 1 [sourcename: testcode]
                        ASSIGN 1 [sourcename: testcode] [parenthesized: true]
                            NAME a 1 [sourcename: testcode]
                            NUMBER 2.0 1 [sourcename: testcode]
                        OR 1 [sourcename: testcode]
                            ASSIGN 1 [sourcename: testcode] [parenthesized: true]
                                NAME a 1 [sourcename: testcode]
                                NUMBER 3.0 1 [sourcename: testcode]
                            NAME a 1 [sourcename: testcode] [parenthesized: true]
                    BLOCK 1 [sourcename: testcode]


Subtree1: NUMBER 2.0 1 [sourcename: expected0] [parenthesized: true]


Subtree2: ASSIGN 1 [sourcename: testcode] [parenthesized: true]
    NAME a 1 [sourcename: testcode]
    NUMBER 2.0 1 [sourcename: testcode]

	at junit.framework.Assert.fail(Assert.java:57)
	at junit.framework.Assert.assertTrue(Assert.java:22)
	at junit.framework.Assert.assertNull(Assert.java:277)
	at junit.framework.TestCase.assertNull(TestCase.java:447)
	at com.google.javascript.jscomp.CompilerTestCase.test(CompilerTestCase.java:843)
	at com.google.javascript.jscomp.CompilerTestCase.test(CompilerTestCase.java:410)
	at com.google.javascript.jscomp.CompilerTestCase.test(CompilerTestCase.java:335)
	at com.google.javascript.jscomp.CompilerTestCase.test(CompilerTestCase.java:304)
	at com.google.javascript.jscomp.CompilerTestCase.test(CompilerTestCase.java:292)
	at com.google.javascript.jscomp.DeadAssignmentsEliminationTest.inFunction(DeadAssignmentsEliminationTest.java:345)
	at com.google.javascript.jscomp.DeadAssignmentsEliminationTest.testInExpression2(DeadAssignmentsEliminationTest.java:459)
	at sun.reflect.NativeMethodAccessorImpl.invoke0(Native Method)
	at sun.reflect.NativeMethodAccessorImpl.invoke(NativeMethodAccessorImpl.java:57)
	at sun.reflect.DelegatingMethodAccessorImpl.invoke(DelegatingMethodAccessorImpl.java:43)
	at java.lang.reflect.Method.invoke(Method.java:606)
	at junit.framework.TestCase.runTest(TestCase.java:176)
	at junit.framework.TestCase.runBare(TestCase.java:141)
	at junit.framework.TestResult$1.protect(TestResult.java:122)
	at junit.framework.TestResult.runProtected(TestResult.java:142)
	at junit.framework.TestResult.run(TestResult.java:125)
	at junit.framework.TestCase.run(TestCase.java:129)
	at junit.framework.TestSuite.runTest(TestSuite.java:255)
	at junit.framework.TestSuite.run(TestSuite.java:250)
	at org.junit.internal.runners.JUnit38ClassRunner.run(JUnit38ClassRunner.java:84)
	at com.gzoltar.lib.instrumentation.testing.junit.a.call(Unknown Source)
	at java.util.concurrent.FutureTask.run(FutureTask.java:262)
	at java.util.concurrent.ThreadPoolExecutor.runWorker(ThreadPoolExecutor.java:1145)
	at java.util.concurrent.ThreadPoolExecutor$Worker.run(ThreadPoolExecutor.java:615)
	at java.lang.Thread.run(Thread.java:745)

* Finished com.google.javascript.jscomp.DeadAssignmentsEliminationTest#testInExpression2
* Started com.google.javascript.jscomp.DeadAssignmentsEliminationTest#testAssignmentSamples
* Finished com.google.javascript.jscomp.DeadAssignmentsEliminationTest#testAssignmentSamples
* Started com.google.javascript.jscomp.DeadAssignmentsEliminationTest#testDeadPartiallyWithinTheExpression
* Finished com.google.javascript.jscomp.DeadAssignmentsEliminationTest#testDeadPartiallyWithinTheExpression
* Started com.google.javascript.jscomp.DeadAssignmentsEliminationTest#testIncDecInSubExpressions
* Finished com.google.javascript.jscomp.DeadAssignmentsEliminationTest#testIncDecInSubExpressions
* Started com.google.javascript.jscomp.DeadAssignmentsEliminationTest#testInnerFunctions
* Finished com.google.javascript.jscomp.DeadAssignmentsEliminationTest#testInnerFunctions
* Started com.google.javascript.jscomp.DeadAssignmentsEliminationTest#testMultiPaths
* Finished com.google.javascript.jscomp.DeadAssignmentsEliminationTest#testMultiPaths
* Started com.google.javascript.jscomp.DeadAssignmentsEliminationTest#testMutipleDeadAssignmentsButAlivePartiallyWithinTheExpression
* Finished com.google.javascript.jscomp.DeadAssignmentsEliminationTest#testMutipleDeadAssignmentsButAlivePartiallyWithinTheExpression
* Started com.google.javascript.jscomp.DeadAssignmentsEliminationTest#testInnerFunctions2
* Finished com.google.javascript.jscomp.DeadAssignmentsEliminationTest#testInnerFunctions2
* Started com.google.javascript.jscomp.DeadAssignmentsEliminationTest#testAssignmentOpUsedAsCondition
* Finished com.google.javascript.jscomp.DeadAssignmentsEliminationTest#testAssignmentOpUsedAsCondition
* Started com.google.javascript.jscomp.DeadAssignmentsEliminationTest#testUsedAsConditionsInSwitchStatements
* Finished com.google.javascript.jscomp.DeadAssignmentsEliminationTest#testUsedAsConditionsInSwitchStatements
* Started com.google.javascript.jscomp.DeadAssignmentsEliminationTest#testIssue297a
* Finished com.google.javascript.jscomp.DeadAssignmentsEliminationTest#testIssue297a
* Started com.google.javascript.jscomp.DeadAssignmentsEliminationTest#testIssue297b
* Finished com.google.javascript.jscomp.DeadAssignmentsEliminationTest#testIssue297b
* Started com.google.javascript.jscomp.DeadAssignmentsEliminationTest#testIssue297c
* Finished com.google.javascript.jscomp.DeadAssignmentsEliminationTest#testIssue297c
* Started com.google.javascript.jscomp.DeadAssignmentsEliminationTest#testIssue297d
* Finished com.google.javascript.jscomp.DeadAssignmentsEliminationTest#testIssue297d
* Started com.google.javascript.jscomp.DeadAssignmentsEliminationTest#testIssue297e
* Finished com.google.javascript.jscomp.DeadAssignmentsEliminationTest#testIssue297e
* Started com.google.javascript.jscomp.DeadAssignmentsEliminationTest#testIssue297f
* Finished com.google.javascript.jscomp.DeadAssignmentsEliminationTest#testIssue297f
* Started com.google.javascript.jscomp.DeadAssignmentsEliminationTest#testIssue297g
* Finished com.google.javascript.jscomp.DeadAssignmentsEliminationTest#testIssue297g
* Started com.google.javascript.jscomp.DeadAssignmentsEliminationTest#testIssue297h
* Finished com.google.javascript.jscomp.DeadAssignmentsEliminationTest#testIssue297h
* Started com.google.javascript.jscomp.DeadAssignmentsEliminationTest#testIssue384a
* Finished com.google.javascript.jscomp.DeadAssignmentsEliminationTest#testIssue384a
* Started com.google.javascript.jscomp.DeadAssignmentsEliminationTest#testIssue384b
* Failure: 
Expected: function FUNC(param1,param2){var a,b;f(b=true)||f(b=false)?a=b:a=null;return a}
Result: function FUNC(param1,param2){var a,b;f(true)||f(b=false)?a=b:a=null;return a}
Node tree inequality:
Tree1:
BLOCK [synthetic: 1]
    SCRIPT 1 [sourcename: expected0] [synthetic: 1]
        FUNCTION  1 [sourcename: expected0]
            NAME FUNC 1 [sourcename: expected0]
            LP 1 [sourcename: expected0]
                NAME param1 1 [sourcename: expected0]
                NAME param2 1 [sourcename: expected0]
            BLOCK 1 [sourcename: expected0]
                VAR 1 [sourcename: expected0]
                    NAME a 1 [sourcename: expected0]
                    NAME b 1 [sourcename: expected0]
                EXPR_RESULT 2 [sourcename: expected0]
                    HOOK 2 [sourcename: expected0]
                        OR 2 [sourcename: expected0] [parenthesized: true]
                            CALL 2 [sourcename: expected0] [free_call: 1]
                                NAME f 2 [sourcename: expected0]
                                ASSIGN 2 [sourcename: expected0]
                                    NAME b 2 [sourcename: expected0]
                                    TRUE 2 [sourcename: expected0]
                            CALL 2 [sourcename: expected0] [free_call: 1]
                                NAME f 2 [sourcename: expected0]
                                ASSIGN 2 [sourcename: expected0]
                                    NAME b 2 [sourcename: expected0]
                                    FALSE 2 [sourcename: expected0]
                        ASSIGN 2 [sourcename: expected0] [parenthesized: true]
                            NAME a 2 [sourcename: expected0]
                            NAME b 2 [sourcename: expected0]
                        ASSIGN 2 [sourcename: expected0] [parenthesized: true]
                            NAME a 2 [sourcename: expected0]
                            NULL 2 [sourcename: expected0]
                RETURN 3 [sourcename: expected0]
                    NAME a 3 [sourcename: expected0]


Tree2:
BLOCK [synthetic: 1]
    SCRIPT 1 [sourcename: testcode] [synthetic: 1]
        FUNCTION  1 [sourcename: testcode]
            NAME FUNC 1 [sourcename: testcode]
            LP 1 [sourcename: testcode]
                NAME param1 1 [sourcename: testcode]
                NAME param2 1 [sourcename: testcode]
            BLOCK 1 [sourcename: testcode]
                VAR 1 [sourcename: testcode]
                    NAME a 1 [sourcename: testcode]
                    NAME b 1 [sourcename: testcode]
                EXPR_RESULT 2 [sourcename: testcode]
                    HOOK 2 [sourcename: testcode]
                        OR 2 [sourcename: testcode] [parenthesized: true]
                            CALL 2 [sourcename: testcode] [free_call: 1]
                                NAME f 2 [sourcename: testcode]
                                TRUE 2 [sourcename: testcode]
                            CALL 2 [sourcename: testcode] [free_call: 1]
                                NAME f 2 [sourcename: testcode]
                                ASSIGN 2 [sourcename: testcode]
                                    NAME b 2 [sourcename: testcode]
                                    FALSE 2 [sourcename: testcode]
                        ASSIGN 2 [sourcename: testcode] [parenthesized: true]
                            NAME a 2 [sourcename: testcode]
                            NAME b 2 [sourcename: testcode]
                        ASSIGN 2 [sourcename: testcode] [parenthesized: true]
                            NAME a 2 [sourcename: testcode]
                            NULL 2 [sourcename: testcode]
                RETURN 3 [sourcename: testcode]
                    NAME a 3 [sourcename: testcode]


Subtree1: ASSIGN 2 [sourcename: expected0]
    NAME b 2 [sourcename: expected0]
    TRUE 2 [sourcename: expected0]


Subtree2: TRUE 2 [sourcename: testcode]
 | testIssue384b(com.google.javascript.jscomp.DeadAssignmentsEliminationTest)
junit.framework.AssertionFailedError: 
Expected: function FUNC(param1,param2){var a,b;f(b=true)||f(b=false)?a=b:a=null;return a}
Result: function FUNC(param1,param2){var a,b;f(true)||f(b=false)?a=b:a=null;return a}
Node tree inequality:
Tree1:
BLOCK [synthetic: 1]
    SCRIPT 1 [sourcename: expected0] [synthetic: 1]
        FUNCTION  1 [sourcename: expected0]
            NAME FUNC 1 [sourcename: expected0]
            LP 1 [sourcename: expected0]
                NAME param1 1 [sourcename: expected0]
                NAME param2 1 [sourcename: expected0]
            BLOCK 1 [sourcename: expected0]
                VAR 1 [sourcename: expected0]
                    NAME a 1 [sourcename: expected0]
                    NAME b 1 [sourcename: expected0]
                EXPR_RESULT 2 [sourcename: expected0]
                    HOOK 2 [sourcename: expected0]
                        OR 2 [sourcename: expected0] [parenthesized: true]
                            CALL 2 [sourcename: expected0] [free_call: 1]
                                NAME f 2 [sourcename: expected0]
                                ASSIGN 2 [sourcename: expected0]
                                    NAME b 2 [sourcename: expected0]
                                    TRUE 2 [sourcename: expected0]
                            CALL 2 [sourcename: expected0] [free_call: 1]
                                NAME f 2 [sourcename: expected0]
                                ASSIGN 2 [sourcename: expected0]
                                    NAME b 2 [sourcename: expected0]
                                    FALSE 2 [sourcename: expected0]
                        ASSIGN 2 [sourcename: expected0] [parenthesized: true]
                            NAME a 2 [sourcename: expected0]
                            NAME b 2 [sourcename: expected0]
                        ASSIGN 2 [sourcename: expected0] [parenthesized: true]
                            NAME a 2 [sourcename: expected0]
                            NULL 2 [sourcename: expected0]
                RETURN 3 [sourcename: expected0]
                    NAME a 3 [sourcename: expected0]


Tree2:
BLOCK [synthetic: 1]
    SCRIPT 1 [sourcename: testcode] [synthetic: 1]
        FUNCTION  1 [sourcename: testcode]
            NAME FUNC 1 [sourcename: testcode]
            LP 1 [sourcename: testcode]
                NAME param1 1 [sourcename: testcode]
                NAME param2 1 [sourcename: testcode]
            BLOCK 1 [sourcename: testcode]
                VAR 1 [sourcename: testcode]
                    NAME a 1 [sourcename: testcode]
                    NAME b 1 [sourcename: testcode]
                EXPR_RESULT 2 [sourcename: testcode]
                    HOOK 2 [sourcename: testcode]
                        OR 2 [sourcename: testcode] [parenthesized: true]
                            CALL 2 [sourcename: testcode] [free_call: 1]
                                NAME f 2 [sourcename: testcode]
                                TRUE 2 [sourcename: testcode]
                            CALL 2 [sourcename: testcode] [free_call: 1]
                                NAME f 2 [sourcename: testcode]
                                ASSIGN 2 [sourcename: testcode]
                                    NAME b 2 [sourcename: testcode]
                                    FALSE 2 [sourcename: testcode]
                        ASSIGN 2 [sourcename: testcode] [parenthesized: true]
                            NAME a 2 [sourcename: testcode]
                            NAME b 2 [sourcename: testcode]
                        ASSIGN 2 [sourcename: testcode] [parenthesized: true]
                            NAME a 2 [sourcename: testcode]
                            NULL 2 [sourcename: testcode]
                RETURN 3 [sourcename: testcode]
                    NAME a 3 [sourcename: testcode]


Subtree1: ASSIGN 2 [sourcename: expected0]
    NAME b 2 [sourcename: expected0]
    TRUE 2 [sourcename: expected0]


Subtree2: TRUE 2 [sourcename: testcode]

	at junit.framework.Assert.fail(Assert.java:57)
	at junit.framework.Assert.assertTrue(Assert.java:22)
	at junit.framework.Assert.assertNull(Assert.java:277)
	at junit.framework.TestCase.assertNull(TestCase.java:447)
	at com.google.javascript.jscomp.CompilerTestCase.test(CompilerTestCase.java:843)
	at com.google.javascript.jscomp.CompilerTestCase.test(CompilerTestCase.java:410)
	at com.google.javascript.jscomp.CompilerTestCase.test(CompilerTestCase.java:335)
	at com.google.javascript.jscomp.CompilerTestCase.test(CompilerTestCase.java:304)
	at com.google.javascript.jscomp.CompilerTestCase.test(CompilerTestCase.java:292)
	at com.google.javascript.jscomp.DeadAssignmentsEliminationTest.inFunction(DeadAssignmentsEliminationTest.java:345)
	at com.google.javascript.jscomp.DeadAssignmentsEliminationTest.inFunction(DeadAssignmentsEliminationTest.java:341)
	at com.google.javascript.jscomp.DeadAssignmentsEliminationTest.testIssue384b(DeadAssignmentsEliminationTest.java:501)
	at sun.reflect.NativeMethodAccessorImpl.invoke0(Native Method)
	at sun.reflect.NativeMethodAccessorImpl.invoke(NativeMethodAccessorImpl.java:57)
	at sun.reflect.DelegatingMethodAccessorImpl.invoke(DelegatingMethodAccessorImpl.java:43)
	at java.lang.reflect.Method.invoke(Method.java:606)
	at junit.framework.TestCase.runTest(TestCase.java:176)
	at junit.framework.TestCase.runBare(TestCase.java:141)
	at junit.framework.TestResult$1.protect(TestResult.java:122)
	at junit.framework.TestResult.runProtected(TestResult.java:142)
	at junit.framework.TestResult.run(TestResult.java:125)
	at junit.framework.TestCase.run(TestCase.java:129)
	at junit.framework.TestSuite.runTest(TestSuite.java:255)
	at junit.framework.TestSuite.run(TestSuite.java:250)
	at org.junit.internal.runners.JUnit38ClassRunner.run(JUnit38ClassRunner.java:84)
	at com.gzoltar.lib.instrumentation.testing.junit.a.call(Unknown Source)
	at java.util.concurrent.FutureTask.run(FutureTask.java:262)
	at java.util.concurrent.ThreadPoolExecutor.runWorker(ThreadPoolExecutor.java:1145)
	at java.util.concurrent.ThreadPoolExecutor$Worker.run(ThreadPoolExecutor.java:615)
	at java.lang.Thread.run(Thread.java:745)

* Finished com.google.javascript.jscomp.DeadAssignmentsEliminationTest#testIssue384b
* Started com.google.javascript.jscomp.DeadAssignmentsEliminationTest#testIssue384c
* Failure: 
Expected: function FUNC(param1,param2){var a,b;(a?f(b=true):f(b=false))&&(a=b);return a}
Result: function FUNC(param1,param2){var a,b;(a?f(true):f(b=false))&&(a=b);return a}
Node tree inequality:
Tree1:
BLOCK [synthetic: 1]
    SCRIPT 1 [sourcename: expected0] [synthetic: 1]
        FUNCTION  1 [sourcename: expected0]
            NAME FUNC 1 [sourcename: expected0]
            LP 1 [sourcename: expected0]
                NAME param1 1 [sourcename: expected0]
                NAME param2 1 [sourcename: expected0]
            BLOCK 1 [sourcename: expected0]
                VAR 1 [sourcename: expected0]
                    NAME a 1 [sourcename: expected0]
                    NAME b 1 [sourcename: expected0]
                EXPR_RESULT 2 [sourcename: expected0]
                    AND 2 [sourcename: expected0]
                        HOOK 2 [sourcename: expected0] [parenthesized: true]
                            NAME a 2 [sourcename: expected0]
                            CALL 2 [sourcename: expected0] [free_call: 1]
                                NAME f 2 [sourcename: expected0]
                                ASSIGN 2 [sourcename: expected0]
                                    NAME b 2 [sourcename: expected0]
                                    TRUE 2 [sourcename: expected0]
                            CALL 2 [sourcename: expected0] [free_call: 1]
                                NAME f 2 [sourcename: expected0]
                                ASSIGN 2 [sourcename: expected0]
                                    NAME b 2 [sourcename: expected0]
                                    FALSE 2 [sourcename: expected0]
                        ASSIGN 2 [sourcename: expected0] [parenthesized: true]
                            NAME a 2 [sourcename: expected0]
                            NAME b 2 [sourcename: expected0]
                RETURN 3 [sourcename: expected0]
                    NAME a 3 [sourcename: expected0]


Tree2:
BLOCK [synthetic: 1]
    SCRIPT 1 [sourcename: testcode] [synthetic: 1]
        FUNCTION  1 [sourcename: testcode]
            NAME FUNC 1 [sourcename: testcode]
            LP 1 [sourcename: testcode]
                NAME param1 1 [sourcename: testcode]
                NAME param2 1 [sourcename: testcode]
            BLOCK 1 [sourcename: testcode]
                VAR 1 [sourcename: testcode]
                    NAME a 1 [sourcename: testcode]
                    NAME b 1 [sourcename: testcode]
                EXPR_RESULT 2 [sourcename: testcode]
                    AND 2 [sourcename: testcode]
                        HOOK 2 [sourcename: testcode] [parenthesized: true]
                            NAME a 2 [sourcename: testcode]
                            CALL 2 [sourcename: testcode] [free_call: 1]
                                NAME f 2 [sourcename: testcode]
                                TRUE 2 [sourcename: testcode]
                            CALL 2 [sourcename: testcode] [free_call: 1]
                                NAME f 2 [sourcename: testcode]
                                ASSIGN 2 [sourcename: testcode]
                                    NAME b 2 [sourcename: testcode]
                                    FALSE 2 [sourcename: testcode]
                        ASSIGN 2 [sourcename: testcode] [parenthesized: true]
                            NAME a 2 [sourcename: testcode]
                            NAME b 2 [sourcename: testcode]
                RETURN 3 [sourcename: testcode]
                    NAME a 3 [sourcename: testcode]


Subtree1: ASSIGN 2 [sourcename: expected0]
    NAME b 2 [sourcename: expected0]
    TRUE 2 [sourcename: expected0]


Subtree2: TRUE 2 [sourcename: testcode]
 | testIssue384c(com.google.javascript.jscomp.DeadAssignmentsEliminationTest)
junit.framework.AssertionFailedError: 
Expected: function FUNC(param1,param2){var a,b;(a?f(b=true):f(b=false))&&(a=b);return a}
Result: function FUNC(param1,param2){var a,b;(a?f(true):f(b=false))&&(a=b);return a}
Node tree inequality:
Tree1:
BLOCK [synthetic: 1]
    SCRIPT 1 [sourcename: expected0] [synthetic: 1]
        FUNCTION  1 [sourcename: expected0]
            NAME FUNC 1 [sourcename: expected0]
            LP 1 [sourcename: expected0]
                NAME param1 1 [sourcename: expected0]
                NAME param2 1 [sourcename: expected0]
            BLOCK 1 [sourcename: expected0]
                VAR 1 [sourcename: expected0]
                    NAME a 1 [sourcename: expected0]
                    NAME b 1 [sourcename: expected0]
                EXPR_RESULT 2 [sourcename: expected0]
                    AND 2 [sourcename: expected0]
                        HOOK 2 [sourcename: expected0] [parenthesized: true]
                            NAME a 2 [sourcename: expected0]
                            CALL 2 [sourcename: expected0] [free_call: 1]
                                NAME f 2 [sourcename: expected0]
                                ASSIGN 2 [sourcename: expected0]
                                    NAME b 2 [sourcename: expected0]
                                    TRUE 2 [sourcename: expected0]
                            CALL 2 [sourcename: expected0] [free_call: 1]
                                NAME f 2 [sourcename: expected0]
                                ASSIGN 2 [sourcename: expected0]
                                    NAME b 2 [sourcename: expected0]
                                    FALSE 2 [sourcename: expected0]
                        ASSIGN 2 [sourcename: expected0] [parenthesized: true]
                            NAME a 2 [sourcename: expected0]
                            NAME b 2 [sourcename: expected0]
                RETURN 3 [sourcename: expected0]
                    NAME a 3 [sourcename: expected0]


Tree2:
BLOCK [synthetic: 1]
    SCRIPT 1 [sourcename: testcode] [synthetic: 1]
        FUNCTION  1 [sourcename: testcode]
            NAME FUNC 1 [sourcename: testcode]
            LP 1 [sourcename: testcode]
                NAME param1 1 [sourcename: testcode]
                NAME param2 1 [sourcename: testcode]
            BLOCK 1 [sourcename: testcode]
                VAR 1 [sourcename: testcode]
                    NAME a 1 [sourcename: testcode]
                    NAME b 1 [sourcename: testcode]
                EXPR_RESULT 2 [sourcename: testcode]
                    AND 2 [sourcename: testcode]
                        HOOK 2 [sourcename: testcode] [parenthesized: true]
                            NAME a 2 [sourcename: testcode]
                            CALL 2 [sourcename: testcode] [free_call: 1]
                                NAME f 2 [sourcename: testcode]
                                TRUE 2 [sourcename: testcode]
                            CALL 2 [sourcename: testcode] [free_call: 1]
                                NAME f 2 [sourcename: testcode]
                                ASSIGN 2 [sourcename: testcode]
                                    NAME b 2 [sourcename: testcode]
                                    FALSE 2 [sourcename: testcode]
                        ASSIGN 2 [sourcename: testcode] [parenthesized: true]
                            NAME a 2 [sourcename: testcode]
                            NAME b 2 [sourcename: testcode]
                RETURN 3 [sourcename: testcode]
                    NAME a 3 [sourcename: testcode]


Subtree1: ASSIGN 2 [sourcename: expected0]
    NAME b 2 [sourcename: expected0]
    TRUE 2 [sourcename: expected0]


Subtree2: TRUE 2 [sourcename: testcode]

	at junit.framework.Assert.fail(Assert.java:57)
	at junit.framework.Assert.assertTrue(Assert.java:22)
	at junit.framework.Assert.assertNull(Assert.java:277)
	at junit.framework.TestCase.assertNull(TestCase.java:447)
	at com.google.javascript.jscomp.CompilerTestCase.test(CompilerTestCase.java:843)
	at com.google.javascript.jscomp.CompilerTestCase.test(CompilerTestCase.java:410)
	at com.google.javascript.jscomp.CompilerTestCase.test(CompilerTestCase.java:335)
	at com.google.javascript.jscomp.CompilerTestCase.test(CompilerTestCase.java:304)
	at com.google.javascript.jscomp.CompilerTestCase.test(CompilerTestCase.java:292)
	at com.google.javascript.jscomp.DeadAssignmentsEliminationTest.inFunction(DeadAssignmentsEliminationTest.java:345)
	at com.google.javascript.jscomp.DeadAssignmentsEliminationTest.inFunction(DeadAssignmentsEliminationTest.java:341)
	at com.google.javascript.jscomp.DeadAssignmentsEliminationTest.testIssue384c(DeadAssignmentsEliminationTest.java:508)
	at sun.reflect.NativeMethodAccessorImpl.invoke0(Native Method)
	at sun.reflect.NativeMethodAccessorImpl.invoke(NativeMethodAccessorImpl.java:57)
	at sun.reflect.DelegatingMethodAccessorImpl.invoke(DelegatingMethodAccessorImpl.java:43)
	at java.lang.reflect.Method.invoke(Method.java:606)
	at junit.framework.TestCase.runTest(TestCase.java:176)
	at junit.framework.TestCase.runBare(TestCase.java:141)
	at junit.framework.TestResult$1.protect(TestResult.java:122)
	at junit.framework.TestResult.runProtected(TestResult.java:142)
	at junit.framework.TestResult.run(TestResult.java:125)
	at junit.framework.TestCase.run(TestCase.java:129)
	at junit.framework.TestSuite.runTest(TestSuite.java:255)
	at junit.framework.TestSuite.run(TestSuite.java:250)
	at org.junit.internal.runners.JUnit38ClassRunner.run(JUnit38ClassRunner.java:84)
	at com.gzoltar.lib.instrumentation.testing.junit.a.call(Unknown Source)
	at java.util.concurrent.FutureTask.run(FutureTask.java:262)
	at java.util.concurrent.ThreadPoolExecutor.runWorker(ThreadPoolExecutor.java:1145)
	at java.util.concurrent.ThreadPoolExecutor$Worker.run(ThreadPoolExecutor.java:615)
	at java.lang.Thread.run(Thread.java:745)

* Finished com.google.javascript.jscomp.DeadAssignmentsEliminationTest#testIssue384c
* Started com.google.javascript.jscomp.DeadAssignmentsEliminationTest#testIssue384d
* Failure: 
Expected: function FUNC(param1,param2){var a,b;(f(b=true)||f(b=false))&&(a=b);return a}
Result: function FUNC(param1,param2){var a,b;(f(true)||f(b=false))&&(a=b);return a}
Node tree inequality:
Tree1:
BLOCK [synthetic: 1]
    SCRIPT 1 [sourcename: expected0] [synthetic: 1]
        FUNCTION  1 [sourcename: expected0]
            NAME FUNC 1 [sourcename: expected0]
            LP 1 [sourcename: expected0]
                NAME param1 1 [sourcename: expected0]
                NAME param2 1 [sourcename: expected0]
            BLOCK 1 [sourcename: expected0]
                VAR 1 [sourcename: expected0]
                    NAME a 1 [sourcename: expected0]
                    NAME b 1 [sourcename: expected0]
                EXPR_RESULT 2 [sourcename: expected0]
                    AND 2 [sourcename: expected0]
                        OR 2 [sourcename: expected0] [parenthesized: true]
                            CALL 2 [sourcename: expected0] [free_call: 1]
                                NAME f 2 [sourcename: expected0]
                                ASSIGN 2 [sourcename: expected0]
                                    NAME b 2 [sourcename: expected0]
                                    TRUE 2 [sourcename: expected0]
                            CALL 2 [sourcename: expected0] [free_call: 1]
                                NAME f 2 [sourcename: expected0]
                                ASSIGN 2 [sourcename: expected0]
                                    NAME b 2 [sourcename: expected0]
                                    FALSE 2 [sourcename: expected0]
                        ASSIGN 2 [sourcename: expected0] [parenthesized: true]
                            NAME a 2 [sourcename: expected0]
                            NAME b 2 [sourcename: expected0]
                RETURN 3 [sourcename: expected0]
                    NAME a 3 [sourcename: expected0]


Tree2:
BLOCK [synthetic: 1]
    SCRIPT 1 [sourcename: testcode] [synthetic: 1]
        FUNCTION  1 [sourcename: testcode]
            NAME FUNC 1 [sourcename: testcode]
            LP 1 [sourcename: testcode]
                NAME param1 1 [sourcename: testcode]
                NAME param2 1 [sourcename: testcode]
            BLOCK 1 [sourcename: testcode]
                VAR 1 [sourcename: testcode]
                    NAME a 1 [sourcename: testcode]
                    NAME b 1 [sourcename: testcode]
                EXPR_RESULT 2 [sourcename: testcode]
                    AND 2 [sourcename: testcode]
                        OR 2 [sourcename: testcode] [parenthesized: true]
                            CALL 2 [sourcename: testcode] [free_call: 1]
                                NAME f 2 [sourcename: testcode]
                                TRUE 2 [sourcename: testcode]
                            CALL 2 [sourcename: testcode] [free_call: 1]
                                NAME f 2 [sourcename: testcode]
                                ASSIGN 2 [sourcename: testcode]
                                    NAME b 2 [sourcename: testcode]
                                    FALSE 2 [sourcename: testcode]
                        ASSIGN 2 [sourcename: testcode] [parenthesized: true]
                            NAME a 2 [sourcename: testcode]
                            NAME b 2 [sourcename: testcode]
                RETURN 3 [sourcename: testcode]
                    NAME a 3 [sourcename: testcode]


Subtree1: ASSIGN 2 [sourcename: expected0]
    NAME b 2 [sourcename: expected0]
    TRUE 2 [sourcename: expected0]


Subtree2: TRUE 2 [sourcename: testcode]
 | testIssue384d(com.google.javascript.jscomp.DeadAssignmentsEliminationTest)
junit.framework.AssertionFailedError: 
Expected: function FUNC(param1,param2){var a,b;(f(b=true)||f(b=false))&&(a=b);return a}
Result: function FUNC(param1,param2){var a,b;(f(true)||f(b=false))&&(a=b);return a}
Node tree inequality:
Tree1:
BLOCK [synthetic: 1]
    SCRIPT 1 [sourcename: expected0] [synthetic: 1]
        FUNCTION  1 [sourcename: expected0]
            NAME FUNC 1 [sourcename: expected0]
            LP 1 [sourcename: expected0]
                NAME param1 1 [sourcename: expected0]
                NAME param2 1 [sourcename: expected0]
            BLOCK 1 [sourcename: expected0]
                VAR 1 [sourcename: expected0]
                    NAME a 1 [sourcename: expected0]
                    NAME b 1 [sourcename: expected0]
                EXPR_RESULT 2 [sourcename: expected0]
                    AND 2 [sourcename: expected0]
                        OR 2 [sourcename: expected0] [parenthesized: true]
                            CALL 2 [sourcename: expected0] [free_call: 1]
                                NAME f 2 [sourcename: expected0]
                                ASSIGN 2 [sourcename: expected0]
                                    NAME b 2 [sourcename: expected0]
                                    TRUE 2 [sourcename: expected0]
                            CALL 2 [sourcename: expected0] [free_call: 1]
                                NAME f 2 [sourcename: expected0]
                                ASSIGN 2 [sourcename: expected0]
                                    NAME b 2 [sourcename: expected0]
                                    FALSE 2 [sourcename: expected0]
                        ASSIGN 2 [sourcename: expected0] [parenthesized: true]
                            NAME a 2 [sourcename: expected0]
                            NAME b 2 [sourcename: expected0]
                RETURN 3 [sourcename: expected0]
                    NAME a 3 [sourcename: expected0]


Tree2:
BLOCK [synthetic: 1]
    SCRIPT 1 [sourcename: testcode] [synthetic: 1]
        FUNCTION  1 [sourcename: testcode]
            NAME FUNC 1 [sourcename: testcode]
            LP 1 [sourcename: testcode]
                NAME param1 1 [sourcename: testcode]
                NAME param2 1 [sourcename: testcode]
            BLOCK 1 [sourcename: testcode]
                VAR 1 [sourcename: testcode]
                    NAME a 1 [sourcename: testcode]
                    NAME b 1 [sourcename: testcode]
                EXPR_RESULT 2 [sourcename: testcode]
                    AND 2 [sourcename: testcode]
                        OR 2 [sourcename: testcode] [parenthesized: true]
                            CALL 2 [sourcename: testcode] [free_call: 1]
                                NAME f 2 [sourcename: testcode]
                                TRUE 2 [sourcename: testcode]
                            CALL 2 [sourcename: testcode] [free_call: 1]
                                NAME f 2 [sourcename: testcode]
                                ASSIGN 2 [sourcename: testcode]
                                    NAME b 2 [sourcename: testcode]
                                    FALSE 2 [sourcename: testcode]
                        ASSIGN 2 [sourcename: testcode] [parenthesized: true]
                            NAME a 2 [sourcename: testcode]
                            NAME b 2 [sourcename: testcode]
                RETURN 3 [sourcename: testcode]
                    NAME a 3 [sourcename: testcode]


Subtree1: ASSIGN 2 [sourcename: expected0]
    NAME b 2 [sourcename: expected0]
    TRUE 2 [sourcename: expected0]


Subtree2: TRUE 2 [sourcename: testcode]

	at junit.framework.Assert.fail(Assert.java:57)
	at junit.framework.Assert.assertTrue(Assert.java:22)
	at junit.framework.Assert.assertNull(Assert.java:277)
	at junit.framework.TestCase.assertNull(TestCase.java:447)
	at com.google.javascript.jscomp.CompilerTestCase.test(CompilerTestCase.java:843)
	at com.google.javascript.jscomp.CompilerTestCase.test(CompilerTestCase.java:410)
	at com.google.javascript.jscomp.CompilerTestCase.test(CompilerTestCase.java:335)
	at com.google.javascript.jscomp.CompilerTestCase.test(CompilerTestCase.java:304)
	at com.google.javascript.jscomp.CompilerTestCase.test(CompilerTestCase.java:292)
	at com.google.javascript.jscomp.DeadAssignmentsEliminationTest.inFunction(DeadAssignmentsEliminationTest.java:345)
	at com.google.javascript.jscomp.DeadAssignmentsEliminationTest.inFunction(DeadAssignmentsEliminationTest.java:341)
	at com.google.javascript.jscomp.DeadAssignmentsEliminationTest.testIssue384d(DeadAssignmentsEliminationTest.java:515)
	at sun.reflect.NativeMethodAccessorImpl.invoke0(Native Method)
	at sun.reflect.NativeMethodAccessorImpl.invoke(NativeMethodAccessorImpl.java:57)
	at sun.reflect.DelegatingMethodAccessorImpl.invoke(DelegatingMethodAccessorImpl.java:43)
	at java.lang.reflect.Method.invoke(Method.java:606)
	at junit.framework.TestCase.runTest(TestCase.java:176)
	at junit.framework.TestCase.runBare(TestCase.java:141)
	at junit.framework.TestResult$1.protect(TestResult.java:122)
	at junit.framework.TestResult.runProtected(TestResult.java:142)
	at junit.framework.TestResult.run(TestResult.java:125)
	at junit.framework.TestCase.run(TestCase.java:129)
	at junit.framework.TestSuite.runTest(TestSuite.java:255)
	at junit.framework.TestSuite.run(TestSuite.java:250)
	at org.junit.internal.runners.JUnit38ClassRunner.run(JUnit38ClassRunner.java:84)
	at com.gzoltar.lib.instrumentation.testing.junit.a.call(Unknown Source)
	at java.util.concurrent.FutureTask.run(FutureTask.java:262)
	at java.util.concurrent.ThreadPoolExecutor.runWorker(ThreadPoolExecutor.java:1145)
	at java.util.concurrent.ThreadPoolExecutor$Worker.run(ThreadPoolExecutor.java:615)
	at java.lang.Thread.run(Thread.java:745)

* Finished com.google.javascript.jscomp.DeadAssignmentsEliminationTest#testIssue384d
* Started com.google.javascript.jscomp.DeadAssignmentsEliminationTest#testErrorHandling
* Finished com.google.javascript.jscomp.DeadAssignmentsEliminationTest#testErrorHandling
* Started com.google.javascript.jscomp.DeadAssignmentsEliminationTest#testAssignmentChain
* Finished com.google.javascript.jscomp.DeadAssignmentsEliminationTest#testAssignmentChain
* Started com.google.javascript.jscomp.DeadAssignmentsEliminationTest#testAssignmentOpChain
* Finished com.google.javascript.jscomp.DeadAssignmentsEliminationTest#testAssignmentOpChain
* Started com.google.javascript.jscomp.DeadAssignmentsEliminationTest#testGlobal
* Finished com.google.javascript.jscomp.DeadAssignmentsEliminationTest#testGlobal
* Started com.google.javascript.jscomp.DeadAssignmentsEliminationTest#testIdentityAssignments
* Finished com.google.javascript.jscomp.DeadAssignmentsEliminationTest#testIdentityAssignments
* Started com.google.javascript.jscomp.DeadAssignmentsEliminationTest#testSimple
* Finished com.google.javascript.jscomp.DeadAssignmentsEliminationTest#testSimple
* Started com.google.javascript.jscomp.DeadAssignmentsEliminationTest#testAssignToExtern
* Finished com.google.javascript.jscomp.DeadAssignmentsEliminationTest#testAssignToExtern
* Started com.google.javascript.jscomp.DeadAssignmentsEliminationTest#testNestedReassignments
* Finished com.google.javascript.jscomp.DeadAssignmentsEliminationTest#testNestedReassignments
* Started com.google.javascript.jscomp.jsonml.SecureCompilerTest#testCompilerInterface
[ERROR] Class not found
java.lang.ClassNotFoundException: rhino_ast.java.com.google.javascript.rhino.Messages
	at java.lang.ClassLoader.findClass(ClassLoader.java:531)
	at java.lang.ClassLoader.loadClass(ClassLoader.java:425)
	at java.lang.ClassLoader.loadClass(ClassLoader.java:358)
	at com.gzoltar.lib.instrumentation.util.GZoltarClassLoader.loadClass(Unknown Source)
	at java.util.ResourceBundle$Control.newBundle(ResourceBundle.java:2566)
	at java.util.ResourceBundle.loadBundle(ResourceBundle.java:1436)
	at java.util.ResourceBundle.findBundle(ResourceBundle.java:1400)
	at java.util.ResourceBundle.findBundle(ResourceBundle.java:1354)
	at java.util.ResourceBundle.findBundle(ResourceBundle.java:1354)
	at java.util.ResourceBundle.getBundleImpl(ResourceBundle.java:1296)
	at java.util.ResourceBundle.getBundle(ResourceBundle.java:795)
	at com.google.javascript.rhino.ScriptRuntime.getMessage(ScriptRuntime.java:465)
	at com.google.javascript.rhino.ScriptRuntime.getMessage0(ScriptRuntime.java:422)
	at com.google.javascript.jscomp.RhinoErrorReporter.<init>(RhinoErrorReporter.java:75)
	at com.google.javascript.jscomp.RhinoErrorReporter.<init>(RhinoErrorReporter.java:33)
	at com.google.javascript.jscomp.RhinoErrorReporter$OldRhinoErrorReporter.<init>(RhinoErrorReporter.java:144)
	at com.google.javascript.jscomp.RhinoErrorReporter$OldRhinoErrorReporter.<init>(RhinoErrorReporter.java:140)
	at com.google.javascript.jscomp.RhinoErrorReporter.forOldRhino(RhinoErrorReporter.java:109)
	at com.google.javascript.jscomp.Compiler.<init>(Compiler.java:145)
	at com.google.javascript.jscomp.Compiler.<init>(Compiler.java:177)
	at com.google.javascript.jscomp.jsonml.SecureCompiler.<init>(SecureCompiler.java:70)
	at com.google.javascript.jscomp.jsonml.SecureCompilerTest.testSuccess(SecureCompilerTest.java:60)
	at com.google.javascript.jscomp.jsonml.SecureCompilerTest.testString(SecureCompilerTest.java:77)
	at com.google.javascript.jscomp.jsonml.SecureCompilerTest.testCompilerInterface(SecureCompilerTest.java:86)
	at sun.reflect.NativeMethodAccessorImpl.invoke0(Native Method)
	at sun.reflect.NativeMethodAccessorImpl.invoke(NativeMethodAccessorImpl.java:57)
	at sun.reflect.DelegatingMethodAccessorImpl.invoke(DelegatingMethodAccessorImpl.java:43)
	at java.lang.reflect.Method.invoke(Method.java:606)
	at junit.framework.TestCase.runTest(TestCase.java:176)
	at junit.framework.TestCase.runBare(TestCase.java:141)
	at junit.framework.TestResult$1.protect(TestResult.java:122)
	at junit.framework.TestResult.runProtected(TestResult.java:142)
	at junit.framework.TestResult.run(TestResult.java:125)
	at junit.framework.TestCase.run(TestCase.java:129)
	at junit.framework.TestSuite.runTest(TestSuite.java:255)
	at junit.framework.TestSuite.run(TestSuite.java:250)
	at org.junit.internal.runners.JUnit38ClassRunner.run(JUnit38ClassRunner.java:84)
	at com.gzoltar.lib.instrumentation.testing.junit.a.call(Unknown Source)
	at java.util.concurrent.FutureTask.run(FutureTask.java:262)
	at java.util.concurrent.ThreadPoolExecutor.runWorker(ThreadPoolExecutor.java:1145)
	at java.util.concurrent.ThreadPoolExecutor$Worker.run(ThreadPoolExecutor.java:615)
	at java.lang.Thread.run(Thread.java:745)
[ERROR] Class not found
java.lang.ClassNotFoundException: rhino_ast.java.com.google.javascript.rhino.Messages_en
	at java.lang.ClassLoader.findClass(ClassLoader.java:531)
	at java.lang.ClassLoader.loadClass(ClassLoader.java:425)
	at java.lang.ClassLoader.loadClass(ClassLoader.java:358)
	at com.gzoltar.lib.instrumentation.util.GZoltarClassLoader.loadClass(Unknown Source)
	at java.util.ResourceBundle$Control.newBundle(ResourceBundle.java:2566)
	at java.util.ResourceBundle.loadBundle(ResourceBundle.java:1436)
	at java.util.ResourceBundle.findBundle(ResourceBundle.java:1400)
	at java.util.ResourceBundle.findBundle(ResourceBundle.java:1354)
	at java.util.ResourceBundle.getBundleImpl(ResourceBundle.java:1296)
	at java.util.ResourceBundle.getBundle(ResourceBundle.java:795)
	at com.google.javascript.rhino.ScriptRuntime.getMessage(ScriptRuntime.java:465)
	at com.google.javascript.rhino.ScriptRuntime.getMessage0(ScriptRuntime.java:422)
	at com.google.javascript.jscomp.RhinoErrorReporter.<init>(RhinoErrorReporter.java:75)
	at com.google.javascript.jscomp.RhinoErrorReporter.<init>(RhinoErrorReporter.java:33)
	at com.google.javascript.jscomp.RhinoErrorReporter$OldRhinoErrorReporter.<init>(RhinoErrorReporter.java:144)
	at com.google.javascript.jscomp.RhinoErrorReporter$OldRhinoErrorReporter.<init>(RhinoErrorReporter.java:140)
	at com.google.javascript.jscomp.RhinoErrorReporter.forOldRhino(RhinoErrorReporter.java:109)
	at com.google.javascript.jscomp.Compiler.<init>(Compiler.java:145)
	at com.google.javascript.jscomp.Compiler.<init>(Compiler.java:177)
	at com.google.javascript.jscomp.jsonml.SecureCompiler.<init>(SecureCompiler.java:70)
	at com.google.javascript.jscomp.jsonml.SecureCompilerTest.testSuccess(SecureCompilerTest.java:60)
	at com.google.javascript.jscomp.jsonml.SecureCompilerTest.testString(SecureCompilerTest.java:77)
	at com.google.javascript.jscomp.jsonml.SecureCompilerTest.testCompilerInterface(SecureCompilerTest.java:86)
	at sun.reflect.NativeMethodAccessorImpl.invoke0(Native Method)
	at sun.reflect.NativeMethodAccessorImpl.invoke(NativeMethodAccessorImpl.java:57)
	at sun.reflect.DelegatingMethodAccessorImpl.invoke(DelegatingMethodAccessorImpl.java:43)
	at java.lang.reflect.Method.invoke(Method.java:606)
	at junit.framework.TestCase.runTest(TestCase.java:176)
	at junit.framework.TestCase.runBare(TestCase.java:141)
	at junit.framework.TestResult$1.protect(TestResult.java:122)
	at junit.framework.TestResult.runProtected(TestResult.java:142)
	at junit.framework.TestResult.run(TestResult.java:125)
	at junit.framework.TestCase.run(TestCase.java:129)
	at junit.framework.TestSuite.runTest(TestSuite.java:255)
	at junit.framework.TestSuite.run(TestSuite.java:250)
	at org.junit.internal.runners.JUnit38ClassRunner.run(JUnit38ClassRunner.java:84)
	at com.gzoltar.lib.instrumentation.testing.junit.a.call(Unknown Source)
	at java.util.concurrent.FutureTask.run(FutureTask.java:262)
	at java.util.concurrent.ThreadPoolExecutor.runWorker(ThreadPoolExecutor.java:1145)
	at java.util.concurrent.ThreadPoolExecutor$Worker.run(ThreadPoolExecutor.java:615)
	at java.lang.Thread.run(Thread.java:745)
[ERROR] Class not found
java.lang.ClassNotFoundException: rhino_ast.java.com.google.javascript.rhino.Messages_en_US
	at java.lang.ClassLoader.findClass(ClassLoader.java:531)
	at java.lang.ClassLoader.loadClass(ClassLoader.java:425)
	at java.lang.ClassLoader.loadClass(ClassLoader.java:358)
	at com.gzoltar.lib.instrumentation.util.GZoltarClassLoader.loadClass(Unknown Source)
	at java.util.ResourceBundle$Control.newBundle(ResourceBundle.java:2566)
	at java.util.ResourceBundle.loadBundle(ResourceBundle.java:1436)
	at java.util.ResourceBundle.findBundle(ResourceBundle.java:1400)
	at java.util.ResourceBundle.getBundleImpl(ResourceBundle.java:1296)
	at java.util.ResourceBundle.getBundle(ResourceBundle.java:795)
	at com.google.javascript.rhino.ScriptRuntime.getMessage(ScriptRuntime.java:465)
	at com.google.javascript.rhino.ScriptRuntime.getMessage0(ScriptRuntime.java:422)
	at com.google.javascript.jscomp.RhinoErrorReporter.<init>(RhinoErrorReporter.java:75)
	at com.google.javascript.jscomp.RhinoErrorReporter.<init>(RhinoErrorReporter.java:33)
	at com.google.javascript.jscomp.RhinoErrorReporter$OldRhinoErrorReporter.<init>(RhinoErrorReporter.java:144)
	at com.google.javascript.jscomp.RhinoErrorReporter$OldRhinoErrorReporter.<init>(RhinoErrorReporter.java:140)
	at com.google.javascript.jscomp.RhinoErrorReporter.forOldRhino(RhinoErrorReporter.java:109)
	at com.google.javascript.jscomp.Compiler.<init>(Compiler.java:145)
	at com.google.javascript.jscomp.Compiler.<init>(Compiler.java:177)
	at com.google.javascript.jscomp.jsonml.SecureCompiler.<init>(SecureCompiler.java:70)
	at com.google.javascript.jscomp.jsonml.SecureCompilerTest.testSuccess(SecureCompilerTest.java:60)
	at com.google.javascript.jscomp.jsonml.SecureCompilerTest.testString(SecureCompilerTest.java:77)
	at com.google.javascript.jscomp.jsonml.SecureCompilerTest.testCompilerInterface(SecureCompilerTest.java:86)
	at sun.reflect.NativeMethodAccessorImpl.invoke0(Native Method)
	at sun.reflect.NativeMethodAccessorImpl.invoke(NativeMethodAccessorImpl.java:57)
	at sun.reflect.DelegatingMethodAccessorImpl.invoke(DelegatingMethodAccessorImpl.java:43)
	at java.lang.reflect.Method.invoke(Method.java:606)
	at junit.framework.TestCase.runTest(TestCase.java:176)
	at junit.framework.TestCase.runBare(TestCase.java:141)
	at junit.framework.TestResult$1.protect(TestResult.java:122)
	at junit.framework.TestResult.runProtected(TestResult.java:142)
	at junit.framework.TestResult.run(TestResult.java:125)
	at junit.framework.TestCase.run(TestCase.java:129)
	at junit.framework.TestSuite.runTest(TestSuite.java:255)
	at junit.framework.TestSuite.run(TestSuite.java:250)
	at org.junit.internal.runners.JUnit38ClassRunner.run(JUnit38ClassRunner.java:84)
	at com.gzoltar.lib.instrumentation.testing.junit.a.call(Unknown Source)
	at java.util.concurrent.FutureTask.run(FutureTask.java:262)
	at java.util.concurrent.ThreadPoolExecutor.runWorker(ThreadPoolExecutor.java:1145)
	at java.util.concurrent.ThreadPoolExecutor$Worker.run(ThreadPoolExecutor.java:615)
	at java.lang.Thread.run(Thread.java:745)
[ERROR] Class not found
java.lang.ClassNotFoundException: com.google.javascript.jscomp.mozilla.rhino.VMBridge_custom
	at java.lang.ClassLoader.findClass(ClassLoader.java:531)
	at java.lang.ClassLoader.loadClass(ClassLoader.java:425)
	at java.lang.ClassLoader.loadClass(ClassLoader.java:358)
	at com.gzoltar.lib.instrumentation.util.GZoltarClassLoader.loadClass(Unknown Source)
	at java.lang.Class.forName0(Native Method)
	at java.lang.Class.forName(Class.java:195)
	at com.google.javascript.jscomp.mozilla.rhino.Kit.classOrNull(Kit.java:74)
	at com.google.javascript.jscomp.mozilla.rhino.VMBridge.makeInstance(VMBridge.java:61)
	at com.google.javascript.jscomp.mozilla.rhino.VMBridge.<clinit>(VMBridge.java:49)
	at com.google.javascript.jscomp.mozilla.rhino.Context.getCurrentContext(Context.java:379)
	at com.google.javascript.jscomp.mozilla.rhino.ScriptRuntime$DefaultMessageProvider.getMessage(ScriptRuntime.java:3703)
	at com.google.javascript.jscomp.mozilla.rhino.ScriptRuntime.getMessage(ScriptRuntime.java:3691)
	at com.google.javascript.jscomp.mozilla.rhino.ScriptRuntime.getMessage0(ScriptRuntime.java:3639)
	at com.google.javascript.jscomp.RhinoErrorReporter.<init>(RhinoErrorReporter.java:75)
	at com.google.javascript.jscomp.RhinoErrorReporter.<init>(RhinoErrorReporter.java:33)
	at com.google.javascript.jscomp.RhinoErrorReporter$OldRhinoErrorReporter.<init>(RhinoErrorReporter.java:144)
	at com.google.javascript.jscomp.RhinoErrorReporter$OldRhinoErrorReporter.<init>(RhinoErrorReporter.java:140)
	at com.google.javascript.jscomp.RhinoErrorReporter.forOldRhino(RhinoErrorReporter.java:109)
	at com.google.javascript.jscomp.Compiler.<init>(Compiler.java:145)
	at com.google.javascript.jscomp.Compiler.<init>(Compiler.java:177)
	at com.google.javascript.jscomp.jsonml.SecureCompiler.<init>(SecureCompiler.java:70)
	at com.google.javascript.jscomp.jsonml.SecureCompilerTest.testSuccess(SecureCompilerTest.java:60)
	at com.google.javascript.jscomp.jsonml.SecureCompilerTest.testString(SecureCompilerTest.java:77)
	at com.google.javascript.jscomp.jsonml.SecureCompilerTest.testCompilerInterface(SecureCompilerTest.java:86)
	at sun.reflect.NativeMethodAccessorImpl.invoke0(Native Method)
	at sun.reflect.NativeMethodAccessorImpl.invoke(NativeMethodAccessorImpl.java:57)
	at sun.reflect.DelegatingMethodAccessorImpl.invoke(DelegatingMethodAccessorImpl.java:43)
	at java.lang.reflect.Method.invoke(Method.java:606)
	at junit.framework.TestCase.runTest(TestCase.java:176)
	at junit.framework.TestCase.runBare(TestCase.java:141)
	at junit.framework.TestResult$1.protect(TestResult.java:122)
	at junit.framework.TestResult.runProtected(TestResult.java:142)
	at junit.framework.TestResult.run(TestResult.java:125)
	at junit.framework.TestCase.run(TestCase.java:129)
	at junit.framework.TestSuite.runTest(TestSuite.java:255)
	at junit.framework.TestSuite.run(TestSuite.java:250)
	at org.junit.internal.runners.JUnit38ClassRunner.run(JUnit38ClassRunner.java:84)
	at com.gzoltar.lib.instrumentation.testing.junit.a.call(Unknown Source)
	at java.util.concurrent.FutureTask.run(FutureTask.java:262)
	at java.util.concurrent.ThreadPoolExecutor.runWorker(ThreadPoolExecutor.java:1145)
	at java.util.concurrent.ThreadPoolExecutor$Worker.run(ThreadPoolExecutor.java:615)
	at java.lang.Thread.run(Thread.java:745)
[ERROR] Class not found
java.lang.ClassNotFoundException: com.google.javascript.jscomp.mozilla.rhino.resources.Messages
	at java.lang.ClassLoader.findClass(ClassLoader.java:531)
	at java.lang.ClassLoader.loadClass(ClassLoader.java:425)
	at java.lang.ClassLoader.loadClass(ClassLoader.java:358)
	at com.gzoltar.lib.instrumentation.util.GZoltarClassLoader.loadClass(Unknown Source)
	at java.util.ResourceBundle$Control.newBundle(ResourceBundle.java:2566)
	at java.util.ResourceBundle.loadBundle(ResourceBundle.java:1436)
	at java.util.ResourceBundle.findBundle(ResourceBundle.java:1400)
	at java.util.ResourceBundle.findBundle(ResourceBundle.java:1354)
	at java.util.ResourceBundle.findBundle(ResourceBundle.java:1354)
	at java.util.ResourceBundle.getBundleImpl(ResourceBundle.java:1296)
	at java.util.ResourceBundle.getBundle(ResourceBundle.java:795)
	at com.google.javascript.jscomp.mozilla.rhino.ScriptRuntime$DefaultMessageProvider.getMessage(ScriptRuntime.java:3707)
	at com.google.javascript.jscomp.mozilla.rhino.ScriptRuntime.getMessage(ScriptRuntime.java:3691)
	at com.google.javascript.jscomp.mozilla.rhino.ScriptRuntime.getMessage0(ScriptRuntime.java:3639)
	at com.google.javascript.jscomp.RhinoErrorReporter.<init>(RhinoErrorReporter.java:75)
	at com.google.javascript.jscomp.RhinoErrorReporter.<init>(RhinoErrorReporter.java:33)
	at com.google.javascript.jscomp.RhinoErrorReporter$OldRhinoErrorReporter.<init>(RhinoErrorReporter.java:144)
	at com.google.javascript.jscomp.RhinoErrorReporter$OldRhinoErrorReporter.<init>(RhinoErrorReporter.java:140)
	at com.google.javascript.jscomp.RhinoErrorReporter.forOldRhino(RhinoErrorReporter.java:109)
	at com.google.javascript.jscomp.Compiler.<init>(Compiler.java:145)
	at com.google.javascript.jscomp.Compiler.<init>(Compiler.java:177)
	at com.google.javascript.jscomp.jsonml.SecureCompiler.<init>(SecureCompiler.java:70)
	at com.google.javascript.jscomp.jsonml.SecureCompilerTest.testSuccess(SecureCompilerTest.java:60)
	at com.google.javascript.jscomp.jsonml.SecureCompilerTest.testString(SecureCompilerTest.java:77)
	at com.google.javascript.jscomp.jsonml.SecureCompilerTest.testCompilerInterface(SecureCompilerTest.java:86)
	at sun.reflect.NativeMethodAccessorImpl.invoke0(Native Method)
	at sun.reflect.NativeMethodAccessorImpl.invoke(NativeMethodAccessorImpl.java:57)
	at sun.reflect.DelegatingMethodAccessorImpl.invoke(DelegatingMethodAccessorImpl.java:43)
	at java.lang.reflect.Method.invoke(Method.java:606)
	at junit.framework.TestCase.runTest(TestCase.java:176)
	at junit.framework.TestCase.runBare(TestCase.java:141)
	at junit.framework.TestResult$1.protect(TestResult.java:122)
	at junit.framework.TestResult.runProtected(TestResult.java:142)
	at junit.framework.TestResult.run(TestResult.java:125)
	at junit.framework.TestCase.run(TestCase.java:129)
	at junit.framework.TestSuite.runTest(TestSuite.java:255)
	at junit.framework.TestSuite.run(TestSuite.java:250)
	at org.junit.internal.runners.JUnit38ClassRunner.run(JUnit38ClassRunner.java:84)
	at com.gzoltar.lib.instrumentation.testing.junit.a.call(Unknown Source)
	at java.util.concurrent.FutureTask.run(FutureTask.java:262)
	at java.util.concurrent.ThreadPoolExecutor.runWorker(ThreadPoolExecutor.java:1145)
	at java.util.concurrent.ThreadPoolExecutor$Worker.run(ThreadPoolExecutor.java:615)
	at java.lang.Thread.run(Thread.java:745)
[ERROR] Class not found
java.lang.ClassNotFoundException: com.google.javascript.jscomp.mozilla.rhino.resources.Messages_en
	at java.lang.ClassLoader.findClass(ClassLoader.java:531)
	at java.lang.ClassLoader.loadClass(ClassLoader.java:425)
	at java.lang.ClassLoader.loadClass(ClassLoader.java:358)
	at com.gzoltar.lib.instrumentation.util.GZoltarClassLoader.loadClass(Unknown Source)
	at java.util.ResourceBundle$Control.newBundle(ResourceBundle.java:2566)
	at java.util.ResourceBundle.loadBundle(ResourceBundle.java:1436)
	at java.util.ResourceBundle.findBundle(ResourceBundle.java:1400)
	at java.util.ResourceBundle.findBundle(ResourceBundle.java:1354)
	at java.util.ResourceBundle.getBundleImpl(ResourceBundle.java:1296)
	at java.util.ResourceBundle.getBundle(ResourceBundle.java:795)
	at com.google.javascript.jscomp.mozilla.rhino.ScriptRuntime$DefaultMessageProvider.getMessage(ScriptRuntime.java:3707)
	at com.google.javascript.jscomp.mozilla.rhino.ScriptRuntime.getMessage(ScriptRuntime.java:3691)
	at com.google.javascript.jscomp.mozilla.rhino.ScriptRuntime.getMessage0(ScriptRuntime.java:3639)
	at com.google.javascript.jscomp.RhinoErrorReporter.<init>(RhinoErrorReporter.java:75)
	at com.google.javascript.jscomp.RhinoErrorReporter.<init>(RhinoErrorReporter.java:33)
	at com.google.javascript.jscomp.RhinoErrorReporter$OldRhinoErrorReporter.<init>(RhinoErrorReporter.java:144)
	at com.google.javascript.jscomp.RhinoErrorReporter$OldRhinoErrorReporter.<init>(RhinoErrorReporter.java:140)
	at com.google.javascript.jscomp.RhinoErrorReporter.forOldRhino(RhinoErrorReporter.java:109)
	at com.google.javascript.jscomp.Compiler.<init>(Compiler.java:145)
	at com.google.javascript.jscomp.Compiler.<init>(Compiler.java:177)
	at com.google.javascript.jscomp.jsonml.SecureCompiler.<init>(SecureCompiler.java:70)
	at com.google.javascript.jscomp.jsonml.SecureCompilerTest.testSuccess(SecureCompilerTest.java:60)
	at com.google.javascript.jscomp.jsonml.SecureCompilerTest.testString(SecureCompilerTest.java:77)
	at com.google.javascript.jscomp.jsonml.SecureCompilerTest.testCompilerInterface(SecureCompilerTest.java:86)
	at sun.reflect.NativeMethodAccessorImpl.invoke0(Native Method)
	at sun.reflect.NativeMethodAccessorImpl.invoke(NativeMethodAccessorImpl.java:57)
	at sun.reflect.DelegatingMethodAccessorImpl.invoke(DelegatingMethodAccessorImpl.java:43)
	at java.lang.reflect.Method.invoke(Method.java:606)
	at junit.framework.TestCase.runTest(TestCase.java:176)
	at junit.framework.TestCase.runBare(TestCase.java:141)
	at junit.framework.TestResult$1.protect(TestResult.java:122)
	at junit.framework.TestResult.runProtected(TestResult.java:142)
	at junit.framework.TestResult.run(TestResult.java:125)
	at junit.framework.TestCase.run(TestCase.java:129)
	at junit.framework.TestSuite.runTest(TestSuite.java:255)
	at junit.framework.TestSuite.run(TestSuite.java:250)
	at org.junit.internal.runners.JUnit38ClassRunner.run(JUnit38ClassRunner.java:84)
	at com.gzoltar.lib.instrumentation.testing.junit.a.call(Unknown Source)
	at java.util.concurrent.FutureTask.run(FutureTask.java:262)
	at java.util.concurrent.ThreadPoolExecutor.runWorker(ThreadPoolExecutor.java:1145)
	at java.util.concurrent.ThreadPoolExecutor$Worker.run(ThreadPoolExecutor.java:615)
	at java.lang.Thread.run(Thread.java:745)
[ERROR] Class not found
java.lang.ClassNotFoundException: com.google.javascript.jscomp.mozilla.rhino.resources.Messages_en_US
	at java.lang.ClassLoader.findClass(ClassLoader.java:531)
	at java.lang.ClassLoader.loadClass(ClassLoader.java:425)
	at java.lang.ClassLoader.loadClass(ClassLoader.java:358)
	at com.gzoltar.lib.instrumentation.util.GZoltarClassLoader.loadClass(Unknown Source)
	at java.util.ResourceBundle$Control.newBundle(ResourceBundle.java:2566)
	at java.util.ResourceBundle.loadBundle(ResourceBundle.java:1436)
	at java.util.ResourceBundle.findBundle(ResourceBundle.java:1400)
	at java.util.ResourceBundle.getBundleImpl(ResourceBundle.java:1296)
	at java.util.ResourceBundle.getBundle(ResourceBundle.java:795)
	at com.google.javascript.jscomp.mozilla.rhino.ScriptRuntime$DefaultMessageProvider.getMessage(ScriptRuntime.java:3707)
	at com.google.javascript.jscomp.mozilla.rhino.ScriptRuntime.getMessage(ScriptRuntime.java:3691)
	at com.google.javascript.jscomp.mozilla.rhino.ScriptRuntime.getMessage0(ScriptRuntime.java:3639)
	at com.google.javascript.jscomp.RhinoErrorReporter.<init>(RhinoErrorReporter.java:75)
	at com.google.javascript.jscomp.RhinoErrorReporter.<init>(RhinoErrorReporter.java:33)
	at com.google.javascript.jscomp.RhinoErrorReporter$OldRhinoErrorReporter.<init>(RhinoErrorReporter.java:144)
	at com.google.javascript.jscomp.RhinoErrorReporter$OldRhinoErrorReporter.<init>(RhinoErrorReporter.java:140)
	at com.google.javascript.jscomp.RhinoErrorReporter.forOldRhino(RhinoErrorReporter.java:109)
	at com.google.javascript.jscomp.Compiler.<init>(Compiler.java:145)
	at com.google.javascript.jscomp.Compiler.<init>(Compiler.java:177)
	at com.google.javascript.jscomp.jsonml.SecureCompiler.<init>(SecureCompiler.java:70)
	at com.google.javascript.jscomp.jsonml.SecureCompilerTest.testSuccess(SecureCompilerTest.java:60)
	at com.google.javascript.jscomp.jsonml.SecureCompilerTest.testString(SecureCompilerTest.java:77)
	at com.google.javascript.jscomp.jsonml.SecureCompilerTest.testCompilerInterface(SecureCompilerTest.java:86)
	at sun.reflect.NativeMethodAccessorImpl.invoke0(Native Method)
	at sun.reflect.NativeMethodAccessorImpl.invoke(NativeMethodAccessorImpl.java:57)
	at sun.reflect.DelegatingMethodAccessorImpl.invoke(DelegatingMethodAccessorImpl.java:43)
	at java.lang.reflect.Method.invoke(Method.java:606)
	at junit.framework.TestCase.runTest(TestCase.java:176)
	at junit.framework.TestCase.runBare(TestCase.java:141)
	at junit.framework.TestResult$1.protect(TestResult.java:122)
	at junit.framework.TestResult.runProtected(TestResult.java:142)
	at junit.framework.TestResult.run(TestResult.java:125)
	at junit.framework.TestCase.run(TestCase.java:129)
	at junit.framework.TestSuite.runTest(TestSuite.java:255)
	at junit.framework.TestSuite.run(TestSuite.java:250)
	at org.junit.internal.runners.JUnit38ClassRunner.run(JUnit38ClassRunner.java:84)
	at com.gzoltar.lib.instrumentation.testing.junit.a.call(Unknown Source)
	at java.util.concurrent.FutureTask.run(FutureTask.java:262)
	at java.util.concurrent.ThreadPoolExecutor.runWorker(ThreadPoolExecutor.java:1145)
	at java.util.concurrent.ThreadPoolExecutor$Worker.run(ThreadPoolExecutor.java:615)
	at java.lang.Thread.run(Thread.java:745)
Aug 26, 2019 4:26:43 PM com.google.javascript.jscomp.LoggerErrorManager println
SEVERE: ERROR - Syntax error: Wrong type of child number 1 for VarDecl. Expected: [InitPatt, IdPatt]. Found: IdExpr.

Aug 26, 2019 4:26:43 PM com.google.javascript.jscomp.LoggerErrorManager printSummary
WARNING: 1 error(s), 0 warning(s)
* Finished com.google.javascript.jscomp.jsonml.SecureCompilerTest#testCompilerInterface
* Filtering test cases that do not cover any component
* Sending data to master
* Closing connection with client
* Performing fault localization
* Running Ochiai
* Writing coverage matrix to '/home/yxb/Documents/rjust-fault-localization-data-f36d7eea9a9c/gzoltar/gzoltars/Closure/76/matrix'
* Writing spectra to '/home/yxb/Documents/rjust-fault-localization-data-f36d7eea9a9c/gzoltar/gzoltars/Closure/76/spectra'
* Metrics
* Computation finished
[INFO] End: Mon Aug 26 16:26:45 PDT 2019
[DEBUG] MATRIX OK
[DEBUG] SPECTRA OK

DONE!
