[DEBUG] PID: Closure
[DEBUG] VID: 55
[DEBUG] DATA_DIR: /home/yxb/Documents/rjust-fault-localization-data-f36d7eea9a9c/gzoltar/gzoltars/Closure/55
[DEBUG] TOOL: developer
[DEBUG] TESTS_DIR: 
[DEBUG] TMP_DIR: /tmp/yxb/gzoltar_78695_Closure-55
[DEBUG] DIR_PROJECT: /home/yxb/Documents/rjust-fault-localization-data-f36d7eea9a9c/defects4j//framework/projects/Closure
[DEBUG] DIR_LOADED_CLASSES: /home/yxb/Documents/rjust-fault-localization-data-f36d7eea9a9c/defects4j//framework/projects/Closure/loaded_classes
[DEBUG] DIR_RELEVANT_TESTS: /home/yxb/Documents/rjust-fault-localization-data-f36d7eea9a9c/defects4j//framework/projects/Closure/relevant_tests
[DEBUG] DIR_TRIGGER_TESTS: /home/yxb/Documents/rjust-fault-localization-data-f36d7eea9a9c/defects4j//framework/projects/Closure/trigger_tests
[DEBUG] JAVA_VERSION:
Picked up _JAVA_OPTIONS: -XX:MaxHeapSize=1024m -Xmx4096m
java version "1.7.0_80"
Java(TM) SE Runtime Environment (build 1.7.0_80-b15)
Java HotSpot(TM) 64-Bit Server VM (build 24.80-b11, mixed mode)
[INFO] Checking out Closure-55 to /tmp/yxb/gzoltar_78695_Closure-55
Check out f2c0cb1f to /tmp/yxb/gzoltar_78695_Closure-55.................... OK
Init local repository...................................................... OK
Tag post-fix revision...................................................... OK
Run post-checkout hook..................................................... OK
Initialize fixed program version........................................... OK
Apply patch................................................................ OK
Initialize buggy program version........................................... OK
Diff f2c0cb1f:1d13eac7..................................................... OK
Apply patch................................................................ OK
Tag pre-fix revision....................................................... OK
Check out program version: Closure-55b..................................... OK
[DEBUG] LOADED_CLASSES: com.google.javascript.rhino.jstype.StringType:com.google.javascript.jscomp.LightweightMessageFormatter:com.google.javascript.jscomp.ComposeWarningsGuard:com.google.javascript.rhino.FunctionNode:com.google.javascript.jscomp.TypeCheck:com.google.javascript.jscomp.ConstCheck:com.google.javascript.rhino.EvaluatorException:com.google.javascript.rhino.Node:com.google.javascript.jscomp.JSModule:com.google.javascript.jscomp.ProcessTweaks:com.google.javascript.rhino.jstype.NumberType:com.google.javascript.jscomp.PassConfig:com.google.javascript.rhino.jstype.PrototypeObjectType:com.google.javascript.jscomp.FunctionRewriter:com.google.javascript.jscomp.NodeTraversal:com.google.javascript.rhino.JSDocInfoBuilder:com.google.javascript.rhino.jstype.TemplateType:com.google.javascript.jscomp.JSSourceFile:com.google.javascript.jscomp.SourceFile:com.google.javascript.jscomp.StrictModeCheck:com.google.javascript.jscomp.parsing.TypeSafeDispatcher:com.google.javascript.rhino.jstype.JSTypeRegistry:com.google.javascript.jscomp.HotSwapCompilerPass:com.google.javascript.jscomp.DefaultCodingConvention:com.google.javascript.jscomp.JSError:com.google.javascript.jscomp.parsing.Config:com.google.javascript.jscomp.ErrorFormat:com.google.javascript.rhino.ScriptRuntime:com.google.javascript.jscomp.DiagnosticType:com.google.javascript.jscomp.NodeUtil:com.google.javascript.jscomp.ChainableReverseAbstractInterpreter:com.google.javascript.jscomp.graph.DiGraph:com.google.javascript.jscomp.CheckGlobalThis:com.google.javascript.rhino.jstype.ObjectType:com.google.javascript.jscomp.SourceAst:com.google.javascript.rhino.jstype.FunctionType:com.google.javascript.jscomp.parsing.JsDocToken:com.google.javascript.jscomp.CheckUnreachableCode:com.google.javascript.jscomp.ScopeCreator:com.google.javascript.rhino.ScriptOrFnNode:com.google.javascript.jscomp.deps.DependencyInfo:com.google.javascript.jscomp.FunctionTypeBuilder:com.google.javascript.jscomp.CompilerOptions:com.google.javascript.jscomp.VariableReferenceCheck:com.google.javascript.jscomp.CodePrinter:com.google.javascript.jscomp.parsing.JsDocInfoParser:com.google.javascript.jscomp.graph.GraphvizGraph:com.google.javascript.jscomp.graph.LinkedDirectedGraph:com.google.javascript.jscomp.AbstractMessageFormatter:com.google.javascript.rhino.jstype.JSType:com.google.javascript.jscomp.Region:com.google.javascript.rhino.jstype.UnresolvedTypeExpression:com.google.javascript.jscomp.CheckLevel:com.google.javascript.rhino.InputId:com.google.javascript.jscomp.parsing.ParserRunner:com.google.javascript.jscomp.DefaultPassConfig:com.google.javascript.jscomp.deps.SortedDependencies:com.google.javascript.rhino.jstype.NoType:com.google.javascript.jscomp.ControlFlowGraph:com.google.javascript.jscomp.AbstractCompiler:com.google.javascript.jscomp.SuppressDocWarningsGuard:com.google.javascript.rhino.jstype.UnionTypeBuilder:com.google.javascript.rhino.jstype.AllType:com.google.javascript.rhino.jstype.ValueType:com.google.javascript.rhino.TokenStream:com.google.javascript.jscomp.ProcessDefines:com.google.javascript.rhino.ErrorReporter:com.google.javascript.rhino.jstype.JSTypeNative:com.google.javascript.jscomp.CheckGlobalNames:com.google.javascript.jscomp.DiagnosticGroup:com.google.javascript.jscomp.CodeConsumer:com.google.javascript.rhino.jstype.StaticScope:com.google.javascript.jscomp.SemanticReverseAbstractInterpreter:com.google.javascript.rhino.jstype.SimpleSlot:com.google.javascript.jscomp.TypeValidator:com.google.javascript.jscomp.AnonymousFunctionNamingPolicy:com.google.javascript.rhino.jstype.NamedType:com.google.javascript.jscomp.ClosureCodingConvention:com.google.javascript.rhino.jstype.StaticSourceFile:com.google.javascript.rhino.jstype.StaticSlot:com.google.javascript.rhino.jstype.RecordType:com.google.javascript.jscomp.DisambiguateProperties:com.google.javascript.jscomp.CheckAccessControls:com.google.javascript.jscomp.JSModuleGraph:com.google.javascript.rhino.jstype.NoResolvedType:com.google.javascript.jscomp.ControlStructureCheck:com.google.javascript.rhino.JSDocInfo:com.google.javascript.jscomp.CodingConvention:com.google.javascript.rhino.jstype.StaticSymbolTable:com.google.javascript.jscomp.PropertyRenamingPolicy:com.google.javascript.jscomp.CodeGenerator:com.google.javascript.jscomp.parsing.JsDocTokenStream:com.google.javascript.jscomp.PassFactory:com.google.javascript.jscomp.TypedCodeGenerator:com.google.javascript.rhino.jstype.InstanceObjectType:com.google.javascript.jscomp.Compiler:com.google.javascript.rhino.jstype.FunctionBuilder:com.google.javascript.rhino.RhinoException:com.google.javascript.jscomp.VarCheck:com.google.javascript.jscomp.DiagnosticGroupWarningsGuard:com.google.javascript.rhino.jstype.StaticReference:com.google.javascript.jscomp.ReferenceCollectingCallback:com.google.javascript.jscomp.MessageFormatter:com.google.javascript.jscomp.LoggerErrorManager:com.google.javascript.rhino.jstype.IndexedType:com.google.javascript.rhino.jstype.VoidType:com.google.javascript.jscomp.RhinoErrorReporter:com.google.javascript.rhino.jstype.UnknownType:com.google.javascript.jscomp.JsAst:com.google.javascript.jscomp.TypedScopeCreator:com.google.javascript.jscomp.SyntacticScopeCreator:com.google.javascript.jscomp.parsing.Annotation:com.google.javascript.jscomp.CompilerPass:com.google.javascript.rhino.EcmaError:com.google.javascript.rhino.jstype.ErrorFunctionType:com.google.javascript.rhino.jstype.NoObjectType:com.google.javascript.rhino.jstype.NullType:com.google.javascript.rhino.jstype.ArrowType:com.google.javascript.rhino.jstype.ProxyObjectType:com.google.javascript.jscomp.BasicErrorManager:com.google.javascript.jscomp.AstValidator:com.google.javascript.jscomp.PrepareAst:com.google.javascript.jscomp.SourceExcerptProvider:com.google.javascript.jscomp.SourceMap:com.google.javascript.rhino.jstype.ParameterizedType:com.google.javascript.jscomp.ReverseAbstractInterpreter:com.google.javascript.jscomp.Tracer:com.google.javascript.rhino.jstype.FunctionParamBuilder:com.google.javascript.rhino.Context:com.google.javascript.jscomp.DiagnosticGroups:com.google.javascript.rhino.jstype.BooleanType:com.google.javascript.jscomp.GoogleCodingConvention:com.google.javascript.rhino.jstype.FunctionPrototypeType:com.google.javascript.jscomp.CheckSideEffects:com.google.javascript.rhino.jstype.UnionType:com.google.javascript.jscomp.CheckRegExp:com.google.javascript.jscomp.parsing.IRFactory:com.google.javascript.jscomp.graph.AdjacencyGraph:com.google.javascript.jscomp.WarningsGuard:com.google.javascript.jscomp.ErrorManager:com.google.javascript.jscomp.graph.Graph:com.google.javascript.jscomp.CodeChangeHandler:com.google.javascript.jscomp.InlineCostEstimator:com.google.javascript.jscomp.CompilerInput:com.google.javascript.jscomp.VariableRenamingPolicy:
[DEBUG] LOADED_SUB_CLASSES: com.google.javascript.rhino.jstype.StringType$*:com.google.javascript.jscomp.LightweightMessageFormatter$*:com.google.javascript.jscomp.ComposeWarningsGuard$*:com.google.javascript.rhino.FunctionNode$*:com.google.javascript.jscomp.TypeCheck$*:com.google.javascript.jscomp.ConstCheck$*:com.google.javascript.rhino.EvaluatorException$*:com.google.javascript.rhino.Node$*:com.google.javascript.jscomp.JSModule$*:com.google.javascript.jscomp.ProcessTweaks$*:com.google.javascript.rhino.jstype.NumberType$*:com.google.javascript.jscomp.PassConfig$*:com.google.javascript.rhino.jstype.PrototypeObjectType$*:com.google.javascript.jscomp.FunctionRewriter$*:com.google.javascript.jscomp.NodeTraversal$*:com.google.javascript.rhino.JSDocInfoBuilder$*:com.google.javascript.rhino.jstype.TemplateType$*:com.google.javascript.jscomp.JSSourceFile$*:com.google.javascript.jscomp.SourceFile$*:com.google.javascript.jscomp.StrictModeCheck$*:com.google.javascript.jscomp.parsing.TypeSafeDispatcher$*:com.google.javascript.rhino.jstype.JSTypeRegistry$*:com.google.javascript.jscomp.HotSwapCompilerPass$*:com.google.javascript.jscomp.DefaultCodingConvention$*:com.google.javascript.jscomp.JSError$*:com.google.javascript.jscomp.parsing.Config$*:com.google.javascript.jscomp.ErrorFormat$*:com.google.javascript.rhino.ScriptRuntime$*:com.google.javascript.jscomp.DiagnosticType$*:com.google.javascript.jscomp.NodeUtil$*:com.google.javascript.jscomp.ChainableReverseAbstractInterpreter$*:com.google.javascript.jscomp.graph.DiGraph$*:com.google.javascript.jscomp.CheckGlobalThis$*:com.google.javascript.rhino.jstype.ObjectType$*:com.google.javascript.jscomp.SourceAst$*:com.google.javascript.rhino.jstype.FunctionType$*:com.google.javascript.jscomp.parsing.JsDocToken$*:com.google.javascript.jscomp.CheckUnreachableCode$*:com.google.javascript.jscomp.ScopeCreator$*:com.google.javascript.rhino.ScriptOrFnNode$*:com.google.javascript.jscomp.deps.DependencyInfo$*:com.google.javascript.jscomp.FunctionTypeBuilder$*:com.google.javascript.jscomp.CompilerOptions$*:com.google.javascript.jscomp.VariableReferenceCheck$*:com.google.javascript.jscomp.CodePrinter$*:com.google.javascript.jscomp.parsing.JsDocInfoParser$*:com.google.javascript.jscomp.graph.GraphvizGraph$*:com.google.javascript.jscomp.graph.LinkedDirectedGraph$*:com.google.javascript.jscomp.AbstractMessageFormatter$*:com.google.javascript.rhino.jstype.JSType$*:com.google.javascript.jscomp.Region$*:com.google.javascript.rhino.jstype.UnresolvedTypeExpression$*:com.google.javascript.jscomp.CheckLevel$*:com.google.javascript.rhino.InputId$*:com.google.javascript.jscomp.parsing.ParserRunner$*:com.google.javascript.jscomp.DefaultPassConfig$*:com.google.javascript.jscomp.deps.SortedDependencies$*:com.google.javascript.rhino.jstype.NoType$*:com.google.javascript.jscomp.ControlFlowGraph$*:com.google.javascript.jscomp.AbstractCompiler$*:com.google.javascript.jscomp.SuppressDocWarningsGuard$*:com.google.javascript.rhino.jstype.UnionTypeBuilder$*:com.google.javascript.rhino.jstype.AllType$*:com.google.javascript.rhino.jstype.ValueType$*:com.google.javascript.rhino.TokenStream$*:com.google.javascript.jscomp.ProcessDefines$*:com.google.javascript.rhino.ErrorReporter$*:com.google.javascript.rhino.jstype.JSTypeNative$*:com.google.javascript.jscomp.CheckGlobalNames$*:com.google.javascript.jscomp.DiagnosticGroup$*:com.google.javascript.jscomp.CodeConsumer$*:com.google.javascript.rhino.jstype.StaticScope$*:com.google.javascript.jscomp.SemanticReverseAbstractInterpreter$*:com.google.javascript.rhino.jstype.SimpleSlot$*:com.google.javascript.jscomp.TypeValidator$*:com.google.javascript.jscomp.AnonymousFunctionNamingPolicy$*:com.google.javascript.rhino.jstype.NamedType$*:com.google.javascript.jscomp.ClosureCodingConvention$*:com.google.javascript.rhino.jstype.StaticSourceFile$*:com.google.javascript.rhino.jstype.StaticSlot$*:com.google.javascript.rhino.jstype.RecordType$*:com.google.javascript.jscomp.DisambiguateProperties$*:com.google.javascript.jscomp.CheckAccessControls$*:com.google.javascript.jscomp.JSModuleGraph$*:com.google.javascript.rhino.jstype.NoResolvedType$*:com.google.javascript.jscomp.ControlStructureCheck$*:com.google.javascript.rhino.JSDocInfo$*:com.google.javascript.jscomp.CodingConvention$*:com.google.javascript.rhino.jstype.StaticSymbolTable$*:com.google.javascript.jscomp.PropertyRenamingPolicy$*:com.google.javascript.jscomp.CodeGenerator$*:com.google.javascript.jscomp.parsing.JsDocTokenStream$*:com.google.javascript.jscomp.PassFactory$*:com.google.javascript.jscomp.TypedCodeGenerator$*:com.google.javascript.rhino.jstype.InstanceObjectType$*:com.google.javascript.jscomp.Compiler$*:com.google.javascript.rhino.jstype.FunctionBuilder$*:com.google.javascript.rhino.RhinoException$*:com.google.javascript.jscomp.VarCheck$*:com.google.javascript.jscomp.DiagnosticGroupWarningsGuard$*:com.google.javascript.rhino.jstype.StaticReference$*:com.google.javascript.jscomp.ReferenceCollectingCallback$*:com.google.javascript.jscomp.MessageFormatter$*:com.google.javascript.jscomp.LoggerErrorManager$*:com.google.javascript.rhino.jstype.IndexedType$*:com.google.javascript.rhino.jstype.VoidType$*:com.google.javascript.jscomp.RhinoErrorReporter$*:com.google.javascript.rhino.jstype.UnknownType$*:com.google.javascript.jscomp.JsAst$*:com.google.javascript.jscomp.TypedScopeCreator$*:com.google.javascript.jscomp.SyntacticScopeCreator$*:com.google.javascript.jscomp.parsing.Annotation$*:com.google.javascript.jscomp.CompilerPass$*:com.google.javascript.rhino.EcmaError$*:com.google.javascript.rhino.jstype.ErrorFunctionType$*:com.google.javascript.rhino.jstype.NoObjectType$*:com.google.javascript.rhino.jstype.NullType$*:com.google.javascript.rhino.jstype.ArrowType$*:com.google.javascript.rhino.jstype.ProxyObjectType$*:com.google.javascript.jscomp.BasicErrorManager$*:com.google.javascript.jscomp.AstValidator$*:com.google.javascript.jscomp.PrepareAst$*:com.google.javascript.jscomp.SourceExcerptProvider$*:com.google.javascript.jscomp.SourceMap$*:com.google.javascript.rhino.jstype.ParameterizedType$*:com.google.javascript.jscomp.ReverseAbstractInterpreter$*:com.google.javascript.jscomp.Tracer$*:com.google.javascript.rhino.jstype.FunctionParamBuilder$*:com.google.javascript.rhino.Context$*:com.google.javascript.jscomp.DiagnosticGroups$*:com.google.javascript.rhino.jstype.BooleanType$*:com.google.javascript.jscomp.GoogleCodingConvention$*:com.google.javascript.rhino.jstype.FunctionPrototypeType$*:com.google.javascript.jscomp.CheckSideEffects$*:com.google.javascript.rhino.jstype.UnionType$*:com.google.javascript.jscomp.CheckRegExp$*:com.google.javascript.jscomp.parsing.IRFactory$*:com.google.javascript.jscomp.graph.AdjacencyGraph$*:com.google.javascript.jscomp.WarningsGuard$*:com.google.javascript.jscomp.ErrorManager$*:com.google.javascript.jscomp.graph.Graph$*:com.google.javascript.jscomp.CodeChangeHandler$*:com.google.javascript.jscomp.InlineCostEstimator$*:com.google.javascript.jscomp.CompilerInput$*:com.google.javascript.jscomp.VariableRenamingPolicy$*:
[DEBUG] RELEVANT_TESTS: com.google.javascript.jscomp.CommandLineRunnerTest:com.google.javascript.jscomp.FunctionRewriterTest:
[DEBUG] TRIGGER_TESTS_FILE: /home/yxb/Documents/rjust-fault-localization-data-f36d7eea9a9c/defects4j//framework/projects/Closure/trigger_tests/55
[DEBUG] CP: /home/yxb/Documents/rjust-fault-localization-data-f36d7eea9a9c/defects4j//framework/projects/lib/junit-4.11.jar:/tmp/yxb/gzoltar_78695_Closure-55/build/classes:/tmp/yxb/gzoltar_78695_Closure-55/lib/args4j.jar:/tmp/yxb/gzoltar_78695_Closure-55/lib/guava.jar:/tmp/yxb/gzoltar_78695_Closure-55/lib/json.jar:/tmp/yxb/gzoltar_78695_Closure-55/lib/jsr305.jar:/tmp/yxb/gzoltar_78695_Closure-55/lib/protobuf-java.jar:/tmp/yxb/gzoltar_78695_Closure-55/build/lib/rhino.jar:/tmp/yxb/gzoltar_78695_Closure-55/lib/ant-launcher.jar:/tmp/yxb/gzoltar_78695_Closure-55/lib/ant.jar:/tmp/yxb/gzoltar_78695_Closure-55/lib/caja-r4314.jar:/tmp/yxb/gzoltar_78695_Closure-55/lib/jarjar.jar:/tmp/yxb/gzoltar_78695_Closure-55/lib/junit.jar:/tmp/yxb/gzoltar_78695_Closure-55/build/test
[INFO] Compiling Closure-55
Running ant (compile)...................................................... OK
Running ant (compile.tests)................................................ OK
[INFO] Running GZoltar
[INFO] Start: Mon Aug 26 10:57:30 PDT 2019
   ____ _____     _ _               
  / ___|__  /___ | | |_ __ _ _ __   
 | |  _  / // _ \| | __/ _` | '__| 
 | |_| |/ /| (_) | | || (_| | |     
  \____/____\___/|_|\__\__,_|_| 

* Preparing classpath
* Collecting classes under test
* Collecting test cases
* Performing analysis
* Started com.google.javascript.jscomp.CommandLineRunnerTest#testSourcePruningOn1
[ERROR] Class not found
java.lang.ClassNotFoundException: rhino_ast.java.com.google.javascript.rhino.Messages
	at java.lang.ClassLoader.findClass(ClassLoader.java:531)
	at java.lang.ClassLoader.loadClass(ClassLoader.java:425)
	at java.lang.ClassLoader.loadClass(ClassLoader.java:358)
	at com.gzoltar.lib.instrumentation.util.GZoltarClassLoader.loadClass(Unknown Source)
	at java.util.ResourceBundle$Control.newBundle(ResourceBundle.java:2566)
	at java.util.ResourceBundle.loadBundle(ResourceBundle.java:1436)
	at java.util.ResourceBundle.findBundle(ResourceBundle.java:1400)
	at java.util.ResourceBundle.findBundle(ResourceBundle.java:1354)
	at java.util.ResourceBundle.findBundle(ResourceBundle.java:1354)
	at java.util.ResourceBundle.getBundleImpl(ResourceBundle.java:1296)
	at java.util.ResourceBundle.getBundle(ResourceBundle.java:795)
	at com.google.javascript.rhino.ScriptRuntime.getMessage(ScriptRuntime.java:465)
	at com.google.javascript.rhino.ScriptRuntime.getMessage0(ScriptRuntime.java:422)
	at com.google.javascript.jscomp.RhinoErrorReporter.<init>(RhinoErrorReporter.java:75)
	at com.google.javascript.jscomp.RhinoErrorReporter.<init>(RhinoErrorReporter.java:33)
	at com.google.javascript.jscomp.RhinoErrorReporter$OldRhinoErrorReporter.<init>(RhinoErrorReporter.java:144)
	at com.google.javascript.jscomp.RhinoErrorReporter$OldRhinoErrorReporter.<init>(RhinoErrorReporter.java:140)
	at com.google.javascript.jscomp.RhinoErrorReporter.forOldRhino(RhinoErrorReporter.java:109)
	at com.google.javascript.jscomp.Compiler.<init>(Compiler.java:150)
	at com.google.javascript.jscomp.CommandLineRunner.createCompiler(CommandLineRunner.java:645)
	at com.google.javascript.jscomp.AbstractCommandLineRunner.doRun(AbstractCommandLineRunner.java:655)
	at com.google.javascript.jscomp.AbstractCommandLineRunner.run(AbstractCommandLineRunner.java:317)
	at com.google.javascript.jscomp.CommandLineRunnerTest.compile(CommandLineRunnerTest.java:1000)
	at com.google.javascript.jscomp.CommandLineRunnerTest.test(CommandLineRunnerTest.java:883)
	at com.google.javascript.jscomp.CommandLineRunnerTest.test(CommandLineRunnerTest.java:872)
	at com.google.javascript.jscomp.CommandLineRunnerTest.testSourcePruningOn1(CommandLineRunnerTest.java:503)
	at sun.reflect.NativeMethodAccessorImpl.invoke0(Native Method)
	at sun.reflect.NativeMethodAccessorImpl.invoke(NativeMethodAccessorImpl.java:57)
	at sun.reflect.DelegatingMethodAccessorImpl.invoke(DelegatingMethodAccessorImpl.java:43)
	at java.lang.reflect.Method.invoke(Method.java:606)
	at junit.framework.TestCase.runTest(TestCase.java:176)
	at junit.framework.TestCase.runBare(TestCase.java:141)
	at junit.framework.TestResult$1.protect(TestResult.java:122)
	at junit.framework.TestResult.runProtected(TestResult.java:142)
	at junit.framework.TestResult.run(TestResult.java:125)
	at junit.framework.TestCase.run(TestCase.java:129)
	at junit.framework.TestSuite.runTest(TestSuite.java:255)
	at junit.framework.TestSuite.run(TestSuite.java:250)
	at org.junit.internal.runners.JUnit38ClassRunner.run(JUnit38ClassRunner.java:84)
	at com.gzoltar.lib.instrumentation.testing.junit.a.call(Unknown Source)
	at java.util.concurrent.FutureTask.run(FutureTask.java:262)
	at java.util.concurrent.ThreadPoolExecutor.runWorker(ThreadPoolExecutor.java:1145)
	at java.util.concurrent.ThreadPoolExecutor$Worker.run(ThreadPoolExecutor.java:615)
	at java.lang.Thread.run(Thread.java:745)
[ERROR] Class not found
java.lang.ClassNotFoundException: rhino_ast.java.com.google.javascript.rhino.Messages_en
	at java.lang.ClassLoader.findClass(ClassLoader.java:531)
	at java.lang.ClassLoader.loadClass(ClassLoader.java:425)
	at java.lang.ClassLoader.loadClass(ClassLoader.java:358)
	at com.gzoltar.lib.instrumentation.util.GZoltarClassLoader.loadClass(Unknown Source)
	at java.util.ResourceBundle$Control.newBundle(ResourceBundle.java:2566)
	at java.util.ResourceBundle.loadBundle(ResourceBundle.java:1436)
	at java.util.ResourceBundle.findBundle(ResourceBundle.java:1400)
	at java.util.ResourceBundle.findBundle(ResourceBundle.java:1354)
	at java.util.ResourceBundle.getBundleImpl(ResourceBundle.java:1296)
	at java.util.ResourceBundle.getBundle(ResourceBundle.java:795)
	at com.google.javascript.rhino.ScriptRuntime.getMessage(ScriptRuntime.java:465)
	at com.google.javascript.rhino.ScriptRuntime.getMessage0(ScriptRuntime.java:422)
	at com.google.javascript.jscomp.RhinoErrorReporter.<init>(RhinoErrorReporter.java:75)
	at com.google.javascript.jscomp.RhinoErrorReporter.<init>(RhinoErrorReporter.java:33)
	at com.google.javascript.jscomp.RhinoErrorReporter$OldRhinoErrorReporter.<init>(RhinoErrorReporter.java:144)
	at com.google.javascript.jscomp.RhinoErrorReporter$OldRhinoErrorReporter.<init>(RhinoErrorReporter.java:140)
	at com.google.javascript.jscomp.RhinoErrorReporter.forOldRhino(RhinoErrorReporter.java:109)
	at com.google.javascript.jscomp.Compiler.<init>(Compiler.java:150)
	at com.google.javascript.jscomp.CommandLineRunner.createCompiler(CommandLineRunner.java:645)
	at com.google.javascript.jscomp.AbstractCommandLineRunner.doRun(AbstractCommandLineRunner.java:655)
	at com.google.javascript.jscomp.AbstractCommandLineRunner.run(AbstractCommandLineRunner.java:317)
	at com.google.javascript.jscomp.CommandLineRunnerTest.compile(CommandLineRunnerTest.java:1000)
	at com.google.javascript.jscomp.CommandLineRunnerTest.test(CommandLineRunnerTest.java:883)
	at com.google.javascript.jscomp.CommandLineRunnerTest.test(CommandLineRunnerTest.java:872)
	at com.google.javascript.jscomp.CommandLineRunnerTest.testSourcePruningOn1(CommandLineRunnerTest.java:503)
	at sun.reflect.NativeMethodAccessorImpl.invoke0(Native Method)
	at sun.reflect.NativeMethodAccessorImpl.invoke(NativeMethodAccessorImpl.java:57)
	at sun.reflect.DelegatingMethodAccessorImpl.invoke(DelegatingMethodAccessorImpl.java:43)
	at java.lang.reflect.Method.invoke(Method.java:606)
	at junit.framework.TestCase.runTest(TestCase.java:176)
	at junit.framework.TestCase.runBare(TestCase.java:141)
	at junit.framework.TestResult$1.protect(TestResult.java:122)
	at junit.framework.TestResult.runProtected(TestResult.java:142)
	at junit.framework.TestResult.run(TestResult.java:125)
	at junit.framework.TestCase.run(TestCase.java:129)
	at junit.framework.TestSuite.runTest(TestSuite.java:255)
	at junit.framework.TestSuite.run(TestSuite.java:250)
	at org.junit.internal.runners.JUnit38ClassRunner.run(JUnit38ClassRunner.java:84)
	at com.gzoltar.lib.instrumentation.testing.junit.a.call(Unknown Source)
	at java.util.concurrent.FutureTask.run(FutureTask.java:262)
	at java.util.concurrent.ThreadPoolExecutor.runWorker(ThreadPoolExecutor.java:1145)
	at java.util.concurrent.ThreadPoolExecutor$Worker.run(ThreadPoolExecutor.java:615)
	at java.lang.Thread.run(Thread.java:745)
[ERROR] Class not found
java.lang.ClassNotFoundException: rhino_ast.java.com.google.javascript.rhino.Messages_en_US
	at java.lang.ClassLoader.findClass(ClassLoader.java:531)
	at java.lang.ClassLoader.loadClass(ClassLoader.java:425)
	at java.lang.ClassLoader.loadClass(ClassLoader.java:358)
	at com.gzoltar.lib.instrumentation.util.GZoltarClassLoader.loadClass(Unknown Source)
	at java.util.ResourceBundle$Control.newBundle(ResourceBundle.java:2566)
	at java.util.ResourceBundle.loadBundle(ResourceBundle.java:1436)
	at java.util.ResourceBundle.findBundle(ResourceBundle.java:1400)
	at java.util.ResourceBundle.getBundleImpl(ResourceBundle.java:1296)
	at java.util.ResourceBundle.getBundle(ResourceBundle.java:795)
	at com.google.javascript.rhino.ScriptRuntime.getMessage(ScriptRuntime.java:465)
	at com.google.javascript.rhino.ScriptRuntime.getMessage0(ScriptRuntime.java:422)
	at com.google.javascript.jscomp.RhinoErrorReporter.<init>(RhinoErrorReporter.java:75)
	at com.google.javascript.jscomp.RhinoErrorReporter.<init>(RhinoErrorReporter.java:33)
	at com.google.javascript.jscomp.RhinoErrorReporter$OldRhinoErrorReporter.<init>(RhinoErrorReporter.java:144)
	at com.google.javascript.jscomp.RhinoErrorReporter$OldRhinoErrorReporter.<init>(RhinoErrorReporter.java:140)
	at com.google.javascript.jscomp.RhinoErrorReporter.forOldRhino(RhinoErrorReporter.java:109)
	at com.google.javascript.jscomp.Compiler.<init>(Compiler.java:150)
	at com.google.javascript.jscomp.CommandLineRunner.createCompiler(CommandLineRunner.java:645)
	at com.google.javascript.jscomp.AbstractCommandLineRunner.doRun(AbstractCommandLineRunner.java:655)
	at com.google.javascript.jscomp.AbstractCommandLineRunner.run(AbstractCommandLineRunner.java:317)
	at com.google.javascript.jscomp.CommandLineRunnerTest.compile(CommandLineRunnerTest.java:1000)
	at com.google.javascript.jscomp.CommandLineRunnerTest.test(CommandLineRunnerTest.java:883)
	at com.google.javascript.jscomp.CommandLineRunnerTest.test(CommandLineRunnerTest.java:872)
	at com.google.javascript.jscomp.CommandLineRunnerTest.testSourcePruningOn1(CommandLineRunnerTest.java:503)
	at sun.reflect.NativeMethodAccessorImpl.invoke0(Native Method)
	at sun.reflect.NativeMethodAccessorImpl.invoke(NativeMethodAccessorImpl.java:57)
	at sun.reflect.DelegatingMethodAccessorImpl.invoke(DelegatingMethodAccessorImpl.java:43)
	at java.lang.reflect.Method.invoke(Method.java:606)
	at junit.framework.TestCase.runTest(TestCase.java:176)
	at junit.framework.TestCase.runBare(TestCase.java:141)
	at junit.framework.TestResult$1.protect(TestResult.java:122)
	at junit.framework.TestResult.runProtected(TestResult.java:142)
	at junit.framework.TestResult.run(TestResult.java:125)
	at junit.framework.TestCase.run(TestCase.java:129)
	at junit.framework.TestSuite.runTest(TestSuite.java:255)
	at junit.framework.TestSuite.run(TestSuite.java:250)
	at org.junit.internal.runners.JUnit38ClassRunner.run(JUnit38ClassRunner.java:84)
	at com.gzoltar.lib.instrumentation.testing.junit.a.call(Unknown Source)
	at java.util.concurrent.FutureTask.run(FutureTask.java:262)
	at java.util.concurrent.ThreadPoolExecutor.runWorker(ThreadPoolExecutor.java:1145)
	at java.util.concurrent.ThreadPoolExecutor$Worker.run(ThreadPoolExecutor.java:615)
	at java.lang.Thread.run(Thread.java:745)
[ERROR] Class not found
java.lang.ClassNotFoundException: com.google.javascript.jscomp.mozilla.rhino.VMBridge_custom
	at java.lang.ClassLoader.findClass(ClassLoader.java:531)
	at java.lang.ClassLoader.loadClass(ClassLoader.java:425)
	at java.lang.ClassLoader.loadClass(ClassLoader.java:358)
	at com.gzoltar.lib.instrumentation.util.GZoltarClassLoader.loadClass(Unknown Source)
	at java.lang.Class.forName0(Native Method)
	at java.lang.Class.forName(Class.java:195)
	at com.google.javascript.jscomp.mozilla.rhino.Kit.classOrNull(Kit.java:74)
	at com.google.javascript.jscomp.mozilla.rhino.VMBridge.makeInstance(VMBridge.java:61)
	at com.google.javascript.jscomp.mozilla.rhino.VMBridge.<clinit>(VMBridge.java:49)
	at com.google.javascript.jscomp.mozilla.rhino.Context.getCurrentContext(Context.java:377)
	at com.google.javascript.jscomp.mozilla.rhino.ScriptRuntime$DefaultMessageProvider.getMessage(ScriptRuntime.java:3701)
	at com.google.javascript.jscomp.mozilla.rhino.ScriptRuntime.getMessage(ScriptRuntime.java:3689)
	at com.google.javascript.jscomp.mozilla.rhino.ScriptRuntime.getMessage0(ScriptRuntime.java:3638)
	at com.google.javascript.jscomp.RhinoErrorReporter.<init>(RhinoErrorReporter.java:75)
	at com.google.javascript.jscomp.RhinoErrorReporter.<init>(RhinoErrorReporter.java:33)
	at com.google.javascript.jscomp.RhinoErrorReporter$OldRhinoErrorReporter.<init>(RhinoErrorReporter.java:144)
	at com.google.javascript.jscomp.RhinoErrorReporter$OldRhinoErrorReporter.<init>(RhinoErrorReporter.java:140)
	at com.google.javascript.jscomp.RhinoErrorReporter.forOldRhino(RhinoErrorReporter.java:109)
	at com.google.javascript.jscomp.Compiler.<init>(Compiler.java:150)
	at com.google.javascript.jscomp.CommandLineRunner.createCompiler(CommandLineRunner.java:645)
	at com.google.javascript.jscomp.AbstractCommandLineRunner.doRun(AbstractCommandLineRunner.java:655)
	at com.google.javascript.jscomp.AbstractCommandLineRunner.run(AbstractCommandLineRunner.java:317)
	at com.google.javascript.jscomp.CommandLineRunnerTest.compile(CommandLineRunnerTest.java:1000)
	at com.google.javascript.jscomp.CommandLineRunnerTest.test(CommandLineRunnerTest.java:883)
	at com.google.javascript.jscomp.CommandLineRunnerTest.test(CommandLineRunnerTest.java:872)
	at com.google.javascript.jscomp.CommandLineRunnerTest.testSourcePruningOn1(CommandLineRunnerTest.java:503)
	at sun.reflect.NativeMethodAccessorImpl.invoke0(Native Method)
	at sun.reflect.NativeMethodAccessorImpl.invoke(NativeMethodAccessorImpl.java:57)
	at sun.reflect.DelegatingMethodAccessorImpl.invoke(DelegatingMethodAccessorImpl.java:43)
	at java.lang.reflect.Method.invoke(Method.java:606)
	at junit.framework.TestCase.runTest(TestCase.java:176)
	at junit.framework.TestCase.runBare(TestCase.java:141)
	at junit.framework.TestResult$1.protect(TestResult.java:122)
	at junit.framework.TestResult.runProtected(TestResult.java:142)
	at junit.framework.TestResult.run(TestResult.java:125)
	at junit.framework.TestCase.run(TestCase.java:129)
	at junit.framework.TestSuite.runTest(TestSuite.java:255)
	at junit.framework.TestSuite.run(TestSuite.java:250)
	at org.junit.internal.runners.JUnit38ClassRunner.run(JUnit38ClassRunner.java:84)
	at com.gzoltar.lib.instrumentation.testing.junit.a.call(Unknown Source)
	at java.util.concurrent.FutureTask.run(FutureTask.java:262)
	at java.util.concurrent.ThreadPoolExecutor.runWorker(ThreadPoolExecutor.java:1145)
	at java.util.concurrent.ThreadPoolExecutor$Worker.run(ThreadPoolExecutor.java:615)
	at java.lang.Thread.run(Thread.java:745)
[ERROR] Class not found
java.lang.ClassNotFoundException: com.google.javascript.jscomp.mozilla.rhino.resources.Messages
	at java.lang.ClassLoader.findClass(ClassLoader.java:531)
	at java.lang.ClassLoader.loadClass(ClassLoader.java:425)
	at java.lang.ClassLoader.loadClass(ClassLoader.java:358)
	at com.gzoltar.lib.instrumentation.util.GZoltarClassLoader.loadClass(Unknown Source)
	at java.util.ResourceBundle$Control.newBundle(ResourceBundle.java:2566)
	at java.util.ResourceBundle.loadBundle(ResourceBundle.java:1436)
	at java.util.ResourceBundle.findBundle(ResourceBundle.java:1400)
	at java.util.ResourceBundle.findBundle(ResourceBundle.java:1354)
	at java.util.ResourceBundle.findBundle(ResourceBundle.java:1354)
	at java.util.ResourceBundle.getBundleImpl(ResourceBundle.java:1296)
	at java.util.ResourceBundle.getBundle(ResourceBundle.java:795)
	at com.google.javascript.jscomp.mozilla.rhino.ScriptRuntime$DefaultMessageProvider.getMessage(ScriptRuntime.java:3705)
	at com.google.javascript.jscomp.mozilla.rhino.ScriptRuntime.getMessage(ScriptRuntime.java:3689)
	at com.google.javascript.jscomp.mozilla.rhino.ScriptRuntime.getMessage0(ScriptRuntime.java:3638)
	at com.google.javascript.jscomp.RhinoErrorReporter.<init>(RhinoErrorReporter.java:75)
	at com.google.javascript.jscomp.RhinoErrorReporter.<init>(RhinoErrorReporter.java:33)
	at com.google.javascript.jscomp.RhinoErrorReporter$OldRhinoErrorReporter.<init>(RhinoErrorReporter.java:144)
	at com.google.javascript.jscomp.RhinoErrorReporter$OldRhinoErrorReporter.<init>(RhinoErrorReporter.java:140)
	at com.google.javascript.jscomp.RhinoErrorReporter.forOldRhino(RhinoErrorReporter.java:109)
	at com.google.javascript.jscomp.Compiler.<init>(Compiler.java:150)
	at com.google.javascript.jscomp.CommandLineRunner.createCompiler(CommandLineRunner.java:645)
	at com.google.javascript.jscomp.AbstractCommandLineRunner.doRun(AbstractCommandLineRunner.java:655)
	at com.google.javascript.jscomp.AbstractCommandLineRunner.run(AbstractCommandLineRunner.java:317)
	at com.google.javascript.jscomp.CommandLineRunnerTest.compile(CommandLineRunnerTest.java:1000)
	at com.google.javascript.jscomp.CommandLineRunnerTest.test(CommandLineRunnerTest.java:883)
	at com.google.javascript.jscomp.CommandLineRunnerTest.test(CommandLineRunnerTest.java:872)
	at com.google.javascript.jscomp.CommandLineRunnerTest.testSourcePruningOn1(CommandLineRunnerTest.java:503)
	at sun.reflect.NativeMethodAccessorImpl.invoke0(Native Method)
	at sun.reflect.NativeMethodAccessorImpl.invoke(NativeMethodAccessorImpl.java:57)
	at sun.reflect.DelegatingMethodAccessorImpl.invoke(DelegatingMethodAccessorImpl.java:43)
	at java.lang.reflect.Method.invoke(Method.java:606)
	at junit.framework.TestCase.runTest(TestCase.java:176)
	at junit.framework.TestCase.runBare(TestCase.java:141)
	at junit.framework.TestResult$1.protect(TestResult.java:122)
	at junit.framework.TestResult.runProtected(TestResult.java:142)
	at junit.framework.TestResult.run(TestResult.java:125)
	at junit.framework.TestCase.run(TestCase.java:129)
	at junit.framework.TestSuite.runTest(TestSuite.java:255)
	at junit.framework.TestSuite.run(TestSuite.java:250)
	at org.junit.internal.runners.JUnit38ClassRunner.run(JUnit38ClassRunner.java:84)
	at com.gzoltar.lib.instrumentation.testing.junit.a.call(Unknown Source)
	at java.util.concurrent.FutureTask.run(FutureTask.java:262)
	at java.util.concurrent.ThreadPoolExecutor.runWorker(ThreadPoolExecutor.java:1145)
	at java.util.concurrent.ThreadPoolExecutor$Worker.run(ThreadPoolExecutor.java:615)
	at java.lang.Thread.run(Thread.java:745)
[ERROR] Class not found
java.lang.ClassNotFoundException: com.google.javascript.jscomp.mozilla.rhino.resources.Messages_en
	at java.lang.ClassLoader.findClass(ClassLoader.java:531)
	at java.lang.ClassLoader.loadClass(ClassLoader.java:425)
	at java.lang.ClassLoader.loadClass(ClassLoader.java:358)
	at com.gzoltar.lib.instrumentation.util.GZoltarClassLoader.loadClass(Unknown Source)
	at java.util.ResourceBundle$Control.newBundle(ResourceBundle.java:2566)
	at java.util.ResourceBundle.loadBundle(ResourceBundle.java:1436)
	at java.util.ResourceBundle.findBundle(ResourceBundle.java:1400)
	at java.util.ResourceBundle.findBundle(ResourceBundle.java:1354)
	at java.util.ResourceBundle.getBundleImpl(ResourceBundle.java:1296)
	at java.util.ResourceBundle.getBundle(ResourceBundle.java:795)
	at com.google.javascript.jscomp.mozilla.rhino.ScriptRuntime$DefaultMessageProvider.getMessage(ScriptRuntime.java:3705)
	at com.google.javascript.jscomp.mozilla.rhino.ScriptRuntime.getMessage(ScriptRuntime.java:3689)
	at com.google.javascript.jscomp.mozilla.rhino.ScriptRuntime.getMessage0(ScriptRuntime.java:3638)
	at com.google.javascript.jscomp.RhinoErrorReporter.<init>(RhinoErrorReporter.java:75)
	at com.google.javascript.jscomp.RhinoErrorReporter.<init>(RhinoErrorReporter.java:33)
	at com.google.javascript.jscomp.RhinoErrorReporter$OldRhinoErrorReporter.<init>(RhinoErrorReporter.java:144)
	at com.google.javascript.jscomp.RhinoErrorReporter$OldRhinoErrorReporter.<init>(RhinoErrorReporter.java:140)
	at com.google.javascript.jscomp.RhinoErrorReporter.forOldRhino(RhinoErrorReporter.java:109)
	at com.google.javascript.jscomp.Compiler.<init>(Compiler.java:150)
	at com.google.javascript.jscomp.CommandLineRunner.createCompiler(CommandLineRunner.java:645)
	at com.google.javascript.jscomp.AbstractCommandLineRunner.doRun(AbstractCommandLineRunner.java:655)
	at com.google.javascript.jscomp.AbstractCommandLineRunner.run(AbstractCommandLineRunner.java:317)
	at com.google.javascript.jscomp.CommandLineRunnerTest.compile(CommandLineRunnerTest.java:1000)
	at com.google.javascript.jscomp.CommandLineRunnerTest.test(CommandLineRunnerTest.java:883)
	at com.google.javascript.jscomp.CommandLineRunnerTest.test(CommandLineRunnerTest.java:872)
	at com.google.javascript.jscomp.CommandLineRunnerTest.testSourcePruningOn1(CommandLineRunnerTest.java:503)
	at sun.reflect.NativeMethodAccessorImpl.invoke0(Native Method)
	at sun.reflect.NativeMethodAccessorImpl.invoke(NativeMethodAccessorImpl.java:57)
	at sun.reflect.DelegatingMethodAccessorImpl.invoke(DelegatingMethodAccessorImpl.java:43)
	at java.lang.reflect.Method.invoke(Method.java:606)
	at junit.framework.TestCase.runTest(TestCase.java:176)
	at junit.framework.TestCase.runBare(TestCase.java:141)
	at junit.framework.TestResult$1.protect(TestResult.java:122)
	at junit.framework.TestResult.runProtected(TestResult.java:142)
	at junit.framework.TestResult.run(TestResult.java:125)
	at junit.framework.TestCase.run(TestCase.java:129)
	at junit.framework.TestSuite.runTest(TestSuite.java:255)
	at junit.framework.TestSuite.run(TestSuite.java:250)
	at org.junit.internal.runners.JUnit38ClassRunner.run(JUnit38ClassRunner.java:84)
	at com.gzoltar.lib.instrumentation.testing.junit.a.call(Unknown Source)
	at java.util.concurrent.FutureTask.run(FutureTask.java:262)
	at java.util.concurrent.ThreadPoolExecutor.runWorker(ThreadPoolExecutor.java:1145)
	at java.util.concurrent.ThreadPoolExecutor$Worker.run(ThreadPoolExecutor.java:615)
	at java.lang.Thread.run(Thread.java:745)
[ERROR] Class not found
java.lang.ClassNotFoundException: com.google.javascript.jscomp.mozilla.rhino.resources.Messages_en_US
	at java.lang.ClassLoader.findClass(ClassLoader.java:531)
	at java.lang.ClassLoader.loadClass(ClassLoader.java:425)
	at java.lang.ClassLoader.loadClass(ClassLoader.java:358)
	at com.gzoltar.lib.instrumentation.util.GZoltarClassLoader.loadClass(Unknown Source)
	at java.util.ResourceBundle$Control.newBundle(ResourceBundle.java:2566)
	at java.util.ResourceBundle.loadBundle(ResourceBundle.java:1436)
	at java.util.ResourceBundle.findBundle(ResourceBundle.java:1400)
	at java.util.ResourceBundle.getBundleImpl(ResourceBundle.java:1296)
	at java.util.ResourceBundle.getBundle(ResourceBundle.java:795)
	at com.google.javascript.jscomp.mozilla.rhino.ScriptRuntime$DefaultMessageProvider.getMessage(ScriptRuntime.java:3705)
	at com.google.javascript.jscomp.mozilla.rhino.ScriptRuntime.getMessage(ScriptRuntime.java:3689)
	at com.google.javascript.jscomp.mozilla.rhino.ScriptRuntime.getMessage0(ScriptRuntime.java:3638)
	at com.google.javascript.jscomp.RhinoErrorReporter.<init>(RhinoErrorReporter.java:75)
	at com.google.javascript.jscomp.RhinoErrorReporter.<init>(RhinoErrorReporter.java:33)
	at com.google.javascript.jscomp.RhinoErrorReporter$OldRhinoErrorReporter.<init>(RhinoErrorReporter.java:144)
	at com.google.javascript.jscomp.RhinoErrorReporter$OldRhinoErrorReporter.<init>(RhinoErrorReporter.java:140)
	at com.google.javascript.jscomp.RhinoErrorReporter.forOldRhino(RhinoErrorReporter.java:109)
	at com.google.javascript.jscomp.Compiler.<init>(Compiler.java:150)
	at com.google.javascript.jscomp.CommandLineRunner.createCompiler(CommandLineRunner.java:645)
	at com.google.javascript.jscomp.AbstractCommandLineRunner.doRun(AbstractCommandLineRunner.java:655)
	at com.google.javascript.jscomp.AbstractCommandLineRunner.run(AbstractCommandLineRunner.java:317)
	at com.google.javascript.jscomp.CommandLineRunnerTest.compile(CommandLineRunnerTest.java:1000)
	at com.google.javascript.jscomp.CommandLineRunnerTest.test(CommandLineRunnerTest.java:883)
	at com.google.javascript.jscomp.CommandLineRunnerTest.test(CommandLineRunnerTest.java:872)
	at com.google.javascript.jscomp.CommandLineRunnerTest.testSourcePruningOn1(CommandLineRunnerTest.java:503)
	at sun.reflect.NativeMethodAccessorImpl.invoke0(Native Method)
	at sun.reflect.NativeMethodAccessorImpl.invoke(NativeMethodAccessorImpl.java:57)
	at sun.reflect.DelegatingMethodAccessorImpl.invoke(DelegatingMethodAccessorImpl.java:43)
	at java.lang.reflect.Method.invoke(Method.java:606)
	at junit.framework.TestCase.runTest(TestCase.java:176)
	at junit.framework.TestCase.runBare(TestCase.java:141)
	at junit.framework.TestResult$1.protect(TestResult.java:122)
	at junit.framework.TestResult.runProtected(TestResult.java:142)
	at junit.framework.TestResult.run(TestResult.java:125)
	at junit.framework.TestCase.run(TestCase.java:129)
	at junit.framework.TestSuite.runTest(TestSuite.java:255)
	at junit.framework.TestSuite.run(TestSuite.java:250)
	at org.junit.internal.runners.JUnit38ClassRunner.run(JUnit38ClassRunner.java:84)
	at com.gzoltar.lib.instrumentation.testing.junit.a.call(Unknown Source)
	at java.util.concurrent.FutureTask.run(FutureTask.java:262)
	at java.util.concurrent.ThreadPoolExecutor.runWorker(ThreadPoolExecutor.java:1145)
	at java.util.concurrent.ThreadPoolExecutor$Worker.run(ThreadPoolExecutor.java:615)
	at java.lang.Thread.run(Thread.java:745)
[ERROR] Class not found
java.lang.ClassNotFoundException: com.google.javascript.jscomp.parsing.ParserConfig
	at java.lang.ClassLoader.findClass(ClassLoader.java:531)
	at java.lang.ClassLoader.loadClass(ClassLoader.java:425)
	at java.lang.ClassLoader.loadClass(ClassLoader.java:358)
	at com.gzoltar.lib.instrumentation.util.GZoltarClassLoader.loadClass(Unknown Source)
	at java.util.ResourceBundle$Control.newBundle(ResourceBundle.java:2566)
	at java.util.ResourceBundle.loadBundle(ResourceBundle.java:1436)
	at java.util.ResourceBundle.findBundle(ResourceBundle.java:1400)
	at java.util.ResourceBundle.findBundle(ResourceBundle.java:1354)
	at java.util.ResourceBundle.findBundle(ResourceBundle.java:1354)
	at java.util.ResourceBundle.getBundleImpl(ResourceBundle.java:1296)
	at java.util.ResourceBundle.getBundle(ResourceBundle.java:721)
	at com.google.javascript.jscomp.parsing.ParserRunner.initResourceConfig(ParserRunner.java:81)
	at com.google.javascript.jscomp.parsing.ParserRunner.createConfig(ParserRunner.java:64)
	at com.google.javascript.jscomp.Compiler.getParserConfig(Compiler.java:1780)
	at com.google.javascript.jscomp.JsAst.parse(JsAst.java:87)
	at com.google.javascript.jscomp.JsAst.getAstRoot(JsAst.java:53)
	at com.google.javascript.jscomp.CompilerInput.getAstRoot(CompilerInput.java:121)
	at com.google.javascript.jscomp.Compiler.parseInputs(Compiler.java:1184)
	at com.google.javascript.jscomp.Compiler.parse(Compiler.java:678)
	at com.google.javascript.jscomp.Compiler.compileInternal(Compiler.java:636)
	at com.google.javascript.jscomp.Compiler.access$000(Compiler.java:70)
	at com.google.javascript.jscomp.Compiler$1.call(Compiler.java:559)
	at com.google.javascript.jscomp.Compiler$1.call(Compiler.java:556)
	at com.google.javascript.jscomp.Compiler$2.run(Compiler.java:601)
	at java.lang.Thread.run(Thread.java:745)
[ERROR] Class not found
java.lang.ClassNotFoundException: com.google.javascript.jscomp.parsing.ParserConfig_en
	at java.lang.ClassLoader.findClass(ClassLoader.java:531)
	at java.lang.ClassLoader.loadClass(ClassLoader.java:425)
	at java.lang.ClassLoader.loadClass(ClassLoader.java:358)
	at com.gzoltar.lib.instrumentation.util.GZoltarClassLoader.loadClass(Unknown Source)
	at java.util.ResourceBundle$Control.newBundle(ResourceBundle.java:2566)
	at java.util.ResourceBundle.loadBundle(ResourceBundle.java:1436)
	at java.util.ResourceBundle.findBundle(ResourceBundle.java:1400)
	at java.util.ResourceBundle.findBundle(ResourceBundle.java:1354)
	at java.util.ResourceBundle.getBundleImpl(ResourceBundle.java:1296)
	at java.util.ResourceBundle.getBundle(ResourceBundle.java:721)
	at com.google.javascript.jscomp.parsing.ParserRunner.initResourceConfig(ParserRunner.java:81)
	at com.google.javascript.jscomp.parsing.ParserRunner.createConfig(ParserRunner.java:64)
	at com.google.javascript.jscomp.Compiler.getParserConfig(Compiler.java:1780)
	at com.google.javascript.jscomp.JsAst.parse(JsAst.java:87)
	at com.google.javascript.jscomp.JsAst.getAstRoot(JsAst.java:53)
	at com.google.javascript.jscomp.CompilerInput.getAstRoot(CompilerInput.java:121)
	at com.google.javascript.jscomp.Compiler.parseInputs(Compiler.java:1184)
	at com.google.javascript.jscomp.Compiler.parse(Compiler.java:678)
	at com.google.javascript.jscomp.Compiler.compileInternal(Compiler.java:636)
	at com.google.javascript.jscomp.Compiler.access$000(Compiler.java:70)
	at com.google.javascript.jscomp.Compiler$1.call(Compiler.java:559)
	at com.google.javascript.jscomp.Compiler$1.call(Compiler.java:556)
	at com.google.javascript.jscomp.Compiler$2.run(Compiler.java:601)
	at java.lang.Thread.run(Thread.java:745)
[ERROR] Class not found
java.lang.ClassNotFoundException: com.google.javascript.jscomp.parsing.ParserConfig_en_US
	at java.lang.ClassLoader.findClass(ClassLoader.java:531)
	at java.lang.ClassLoader.loadClass(ClassLoader.java:425)
	at java.lang.ClassLoader.loadClass(ClassLoader.java:358)
	at com.gzoltar.lib.instrumentation.util.GZoltarClassLoader.loadClass(Unknown Source)
	at java.util.ResourceBundle$Control.newBundle(ResourceBundle.java:2566)
	at java.util.ResourceBundle.loadBundle(ResourceBundle.java:1436)
	at java.util.ResourceBundle.findBundle(ResourceBundle.java:1400)
	at java.util.ResourceBundle.getBundleImpl(ResourceBundle.java:1296)
	at java.util.ResourceBundle.getBundle(ResourceBundle.java:721)
	at com.google.javascript.jscomp.parsing.ParserRunner.initResourceConfig(ParserRunner.java:81)
	at com.google.javascript.jscomp.parsing.ParserRunner.createConfig(ParserRunner.java:64)
	at com.google.javascript.jscomp.Compiler.getParserConfig(Compiler.java:1780)
	at com.google.javascript.jscomp.JsAst.parse(JsAst.java:87)
	at com.google.javascript.jscomp.JsAst.getAstRoot(JsAst.java:53)
	at com.google.javascript.jscomp.CompilerInput.getAstRoot(CompilerInput.java:121)
	at com.google.javascript.jscomp.Compiler.parseInputs(Compiler.java:1184)
	at com.google.javascript.jscomp.Compiler.parse(Compiler.java:678)
	at com.google.javascript.jscomp.Compiler.compileInternal(Compiler.java:636)
	at com.google.javascript.jscomp.Compiler.access$000(Compiler.java:70)
	at com.google.javascript.jscomp.Compiler$1.call(Compiler.java:559)
	at com.google.javascript.jscomp.Compiler$1.call(Compiler.java:556)
	at com.google.javascript.jscomp.Compiler$2.run(Compiler.java:601)
	at java.lang.Thread.run(Thread.java:745)
* Finished com.google.javascript.jscomp.CommandLineRunnerTest#testSourcePruningOn1
* Started com.google.javascript.jscomp.CommandLineRunnerTest#testSourcePruningOn2
* Finished com.google.javascript.jscomp.CommandLineRunnerTest#testSourcePruningOn2
* Started com.google.javascript.jscomp.CommandLineRunnerTest#testSourcePruningOn3
* Finished com.google.javascript.jscomp.CommandLineRunnerTest#testSourcePruningOn3
* Started com.google.javascript.jscomp.CommandLineRunnerTest#testSourcePruningOn4
* Finished com.google.javascript.jscomp.CommandLineRunnerTest#testSourcePruningOn4
* Started com.google.javascript.jscomp.CommandLineRunnerTest#testSourcePruningOn5
* Finished com.google.javascript.jscomp.CommandLineRunnerTest#testSourcePruningOn5
* Started com.google.javascript.jscomp.CommandLineRunnerTest#testSourcePruningOn6
* Finished com.google.javascript.jscomp.CommandLineRunnerTest#testSourcePruningOn6
* Started com.google.javascript.jscomp.CommandLineRunnerTest#testExternsLifting1
* Finished com.google.javascript.jscomp.CommandLineRunnerTest#testExternsLifting1
* Started com.google.javascript.jscomp.CommandLineRunnerTest#testExternsLifting2
* Finished com.google.javascript.jscomp.CommandLineRunnerTest#testExternsLifting2
* Started com.google.javascript.jscomp.CommandLineRunnerTest#testWarningGuardOrdering1
* Finished com.google.javascript.jscomp.CommandLineRunnerTest#testWarningGuardOrdering1
* Started com.google.javascript.jscomp.CommandLineRunnerTest#testWarningGuardOrdering2
* Finished com.google.javascript.jscomp.CommandLineRunnerTest#testWarningGuardOrdering2
* Started com.google.javascript.jscomp.CommandLineRunnerTest#testWarningGuardOrdering3
* Finished com.google.javascript.jscomp.CommandLineRunnerTest#testWarningGuardOrdering3
* Started com.google.javascript.jscomp.CommandLineRunnerTest#testWarningGuardOrdering4
* Finished com.google.javascript.jscomp.CommandLineRunnerTest#testWarningGuardOrdering4
* Started com.google.javascript.jscomp.CommandLineRunnerTest#testSourceMapFormat1
* Finished com.google.javascript.jscomp.CommandLineRunnerTest#testSourceMapFormat1
* Started com.google.javascript.jscomp.CommandLineRunnerTest#testSourceMapFormat2
* Finished com.google.javascript.jscomp.CommandLineRunnerTest#testSourceMapFormat2
* Started com.google.javascript.jscomp.CommandLineRunnerTest#testDefineFlag
* Finished com.google.javascript.jscomp.CommandLineRunnerTest#testDefineFlag
* Started com.google.javascript.jscomp.CommandLineRunnerTest#testProcessClosurePrimitives
* Finished com.google.javascript.jscomp.CommandLineRunnerTest#testProcessClosurePrimitives
* Started com.google.javascript.jscomp.CommandLineRunnerTest#testSourceSortingOff
* Finished com.google.javascript.jscomp.CommandLineRunnerTest#testSourceSortingOff
* Started com.google.javascript.jscomp.CommandLineRunnerTest#testES5
* Finished com.google.javascript.jscomp.CommandLineRunnerTest#testES5
* Started com.google.javascript.jscomp.CommandLineRunnerTest#testCharSetExpansion
* Finished com.google.javascript.jscomp.CommandLineRunnerTest#testCharSetExpansion
* Started com.google.javascript.jscomp.CommandLineRunnerTest#testTypeParsingOnWithVerbose
* Finished com.google.javascript.jscomp.CommandLineRunnerTest#testTypeParsingOnWithVerbose
* Started com.google.javascript.jscomp.CommandLineRunnerTest#testChainModuleManifest
* Finished com.google.javascript.jscomp.CommandLineRunnerTest#testChainModuleManifest
* Started com.google.javascript.jscomp.CommandLineRunnerTest#testFunctionStrictModeNoWarning
* Finished com.google.javascript.jscomp.CommandLineRunnerTest#testFunctionStrictModeNoWarning
* Started com.google.javascript.jscomp.CommandLineRunnerTest#testForwardDeclareDroppedTypes
* Finished com.google.javascript.jscomp.CommandLineRunnerTest#testForwardDeclareDroppedTypes
* Started com.google.javascript.jscomp.CommandLineRunnerTest#testSourceMapExpansion1
* Finished com.google.javascript.jscomp.CommandLineRunnerTest#testSourceMapExpansion1
* Started com.google.javascript.jscomp.CommandLineRunnerTest#testSourceMapExpansion2
* Finished com.google.javascript.jscomp.CommandLineRunnerTest#testSourceMapExpansion2
* Started com.google.javascript.jscomp.CommandLineRunnerTest#testSourceMapExpansion3
* Finished com.google.javascript.jscomp.CommandLineRunnerTest#testSourceMapExpansion3
* Started com.google.javascript.jscomp.CommandLineRunnerTest#testNoSrCFilesWithManifest
* Finished com.google.javascript.jscomp.CommandLineRunnerTest#testNoSrCFilesWithManifest
* Started com.google.javascript.jscomp.CommandLineRunnerTest#testGenerateExports
* Finished com.google.javascript.jscomp.CommandLineRunnerTest#testGenerateExports
* Started com.google.javascript.jscomp.CommandLineRunnerTest#testES5Strict
* Finished com.google.javascript.jscomp.CommandLineRunnerTest#testES5Strict
* Started com.google.javascript.jscomp.CommandLineRunnerTest#testMissingReturnCheckOnWithVerbose
* Finished com.google.javascript.jscomp.CommandLineRunnerTest#testMissingReturnCheckOnWithVerbose
* Started com.google.javascript.jscomp.CommandLineRunnerTest#testStarModuleManifest
* Finished com.google.javascript.jscomp.CommandLineRunnerTest#testStarModuleManifest
* Started com.google.javascript.jscomp.CommandLineRunnerTest#testTypeCheckOverride1
* Finished com.google.javascript.jscomp.CommandLineRunnerTest#testTypeCheckOverride1
* Started com.google.javascript.jscomp.CommandLineRunnerTest#testTypeCheckOverride2
* Finished com.google.javascript.jscomp.CommandLineRunnerTest#testTypeCheckOverride2
* Started com.google.javascript.jscomp.CommandLineRunnerTest#testHelpFlag
* Finished com.google.javascript.jscomp.CommandLineRunnerTest#testHelpFlag
* Started com.google.javascript.jscomp.CommandLineRunnerTest#testBooleanFlag1
* Finished com.google.javascript.jscomp.CommandLineRunnerTest#testBooleanFlag1
* Started com.google.javascript.jscomp.CommandLineRunnerTest#testBooleanFlag2
* Finished com.google.javascript.jscomp.CommandLineRunnerTest#testBooleanFlag2
* Started com.google.javascript.jscomp.CommandLineRunnerTest#testCheckSymbolsOffForDefault
* Finished com.google.javascript.jscomp.CommandLineRunnerTest#testCheckSymbolsOffForDefault
* Started com.google.javascript.jscomp.CommandLineRunnerTest#testSourceSortingCircularDeps1
* Finished com.google.javascript.jscomp.CommandLineRunnerTest#testSourceSortingCircularDeps1
* Started com.google.javascript.jscomp.CommandLineRunnerTest#testSourceSortingCircularDeps2
* Finished com.google.javascript.jscomp.CommandLineRunnerTest#testSourceSortingCircularDeps2
* Started com.google.javascript.jscomp.CommandLineRunnerTest#testVersionFlag
Closure Compiler (http://code.google.com/closure/compiler)
Version: Unversioned directory
Built on: 2019/08/26 10:57
* Finished com.google.javascript.jscomp.CommandLineRunnerTest#testVersionFlag
* Started com.google.javascript.jscomp.CommandLineRunnerTest#testCheckGlobalThisOnWithErrorFlag
* Finished com.google.javascript.jscomp.CommandLineRunnerTest#testCheckGlobalThisOnWithErrorFlag
* Started com.google.javascript.jscomp.CommandLineRunnerTest#testTypeParsingOffByDefault
* Finished com.google.javascript.jscomp.CommandLineRunnerTest#testTypeParsingOffByDefault
* Started com.google.javascript.jscomp.CommandLineRunnerTest#testScriptStrictModeNoWarning
* Finished com.google.javascript.jscomp.CommandLineRunnerTest#testScriptStrictModeNoWarning
* Started com.google.javascript.jscomp.CommandLineRunnerTest#testCheckGlobalThisOff
* Finished com.google.javascript.jscomp.CommandLineRunnerTest#testCheckGlobalThisOff
* Started com.google.javascript.jscomp.CommandLineRunnerTest#testDuplicateParams
* Finished com.google.javascript.jscomp.CommandLineRunnerTest#testDuplicateParams
* Started com.google.javascript.jscomp.CommandLineRunnerTest#testPrintAstFlag
* Finished com.google.javascript.jscomp.CommandLineRunnerTest#testPrintAstFlag
* Started com.google.javascript.jscomp.CommandLineRunnerTest#testSourceSortingOn
* Finished com.google.javascript.jscomp.CommandLineRunnerTest#testSourceSortingOn
* Started com.google.javascript.jscomp.CommandLineRunnerTest#testDepreciationWithVerbose
* Finished com.google.javascript.jscomp.CommandLineRunnerTest#testDepreciationWithVerbose
* Started com.google.javascript.jscomp.CommandLineRunnerTest#testCheckSymbolsOnForVerbose
* Finished com.google.javascript.jscomp.CommandLineRunnerTest#testCheckSymbolsOnForVerbose
* Started com.google.javascript.jscomp.CommandLineRunnerTest#testWithKeywordDefault
* Finished com.google.javascript.jscomp.CommandLineRunnerTest#testWithKeywordDefault
* Started com.google.javascript.jscomp.CommandLineRunnerTest#testTypeCheckingOnWithVerbose
* Finished com.google.javascript.jscomp.CommandLineRunnerTest#testTypeCheckingOnWithVerbose
* Started com.google.javascript.jscomp.CommandLineRunnerTest#testGoogAssertStripping
* Finished com.google.javascript.jscomp.CommandLineRunnerTest#testGoogAssertStripping
* Started com.google.javascript.jscomp.CommandLineRunnerTest#testVersionFlag2
[ERROR] Class not found
java.lang.ClassNotFoundException: org.kohsuke.args4j.Messages_en
	at java.lang.ClassLoader.findClass(ClassLoader.java:531)
	at java.lang.ClassLoader.loadClass(ClassLoader.java:425)
	at java.lang.ClassLoader.loadClass(ClassLoader.java:358)
	at com.gzoltar.lib.instrumentation.util.GZoltarClassLoader.loadClass(Unknown Source)
	at java.util.ResourceBundle$Control.newBundle(ResourceBundle.java:2566)
	at java.util.ResourceBundle.loadBundle(ResourceBundle.java:1436)
	at java.util.ResourceBundle.findBundle(ResourceBundle.java:1400)
	at java.util.ResourceBundle.findBundle(ResourceBundle.java:1354)
	at java.util.ResourceBundle.getBundleImpl(ResourceBundle.java:1296)
	at java.util.ResourceBundle.getBundle(ResourceBundle.java:721)
	at org.kohsuke.args4j.Messages.format(Messages.java:25)
	at org.kohsuke.args4j.CmdLineParser$CmdLineImpl.getParameter(CmdLineParser.java:401)
	at com.google.javascript.jscomp.CommandLineRunner$Flags$BooleanOptionHandler.parseArguments(CommandLineRunner.java:371)
	at org.kohsuke.args4j.CmdLineParser.parseArgument(CmdLineParser.java:451)
	at com.google.javascript.jscomp.CommandLineRunner.initConfigFromFlags(CommandLineRunner.java:558)
	at com.google.javascript.jscomp.CommandLineRunner.<init>(CommandLineRunner.java:493)
	at com.google.javascript.jscomp.CommandLineRunnerTest.createCommandLineRunner(CommandLineRunnerTest.java:960)
	at com.google.javascript.jscomp.CommandLineRunnerTest.compile(CommandLineRunnerTest.java:967)
	at com.google.javascript.jscomp.CommandLineRunnerTest.test(CommandLineRunnerTest.java:883)
	at com.google.javascript.jscomp.CommandLineRunnerTest.test(CommandLineRunnerTest.java:872)
	at com.google.javascript.jscomp.CommandLineRunnerTest.testSame(CommandLineRunnerTest.java:860)
	at com.google.javascript.jscomp.CommandLineRunnerTest.testSame(CommandLineRunnerTest.java:856)
	at com.google.javascript.jscomp.CommandLineRunnerTest.testVersionFlag2(CommandLineRunnerTest.java:717)
	at sun.reflect.NativeMethodAccessorImpl.invoke0(Native Method)
	at sun.reflect.NativeMethodAccessorImpl.invoke(NativeMethodAccessorImpl.java:57)
	at sun.reflect.DelegatingMethodAccessorImpl.invoke(DelegatingMethodAccessorImpl.java:43)
	at java.lang.reflect.Method.invoke(Method.java:606)
	at junit.framework.TestCase.runTest(TestCase.java:176)
	at junit.framework.TestCase.runBare(TestCase.java:141)
	at junit.framework.TestResult$1.protect(TestResult.java:122)
	at junit.framework.TestResult.runProtected(TestResult.java:142)
	at junit.framework.TestResult.run(TestResult.java:125)
	at junit.framework.TestCase.run(TestCase.java:129)
	at junit.framework.TestSuite.runTest(TestSuite.java:255)
	at junit.framework.TestSuite.run(TestSuite.java:250)
	at org.junit.internal.runners.JUnit38ClassRunner.run(JUnit38ClassRunner.java:84)
	at com.gzoltar.lib.instrumentation.testing.junit.a.call(Unknown Source)
	at java.util.concurrent.FutureTask.run(FutureTask.java:262)
	at java.util.concurrent.ThreadPoolExecutor.runWorker(ThreadPoolExecutor.java:1145)
	at java.util.concurrent.ThreadPoolExecutor$Worker.run(ThreadPoolExecutor.java:615)
	at java.lang.Thread.run(Thread.java:745)
[ERROR] Class not found
java.lang.ClassNotFoundException: org.kohsuke.args4j.Messages_en_US
	at java.lang.ClassLoader.findClass(ClassLoader.java:531)
	at java.lang.ClassLoader.loadClass(ClassLoader.java:425)
	at java.lang.ClassLoader.loadClass(ClassLoader.java:358)
	at com.gzoltar.lib.instrumentation.util.GZoltarClassLoader.loadClass(Unknown Source)
	at java.util.ResourceBundle$Control.newBundle(ResourceBundle.java:2566)
	at java.util.ResourceBundle.loadBundle(ResourceBundle.java:1436)
	at java.util.ResourceBundle.findBundle(ResourceBundle.java:1400)
	at java.util.ResourceBundle.getBundleImpl(ResourceBundle.java:1296)
	at java.util.ResourceBundle.getBundle(ResourceBundle.java:721)
	at org.kohsuke.args4j.Messages.format(Messages.java:25)
	at org.kohsuke.args4j.CmdLineParser$CmdLineImpl.getParameter(CmdLineParser.java:401)
	at com.google.javascript.jscomp.CommandLineRunner$Flags$BooleanOptionHandler.parseArguments(CommandLineRunner.java:371)
	at org.kohsuke.args4j.CmdLineParser.parseArgument(CmdLineParser.java:451)
	at com.google.javascript.jscomp.CommandLineRunner.initConfigFromFlags(CommandLineRunner.java:558)
	at com.google.javascript.jscomp.CommandLineRunner.<init>(CommandLineRunner.java:493)
	at com.google.javascript.jscomp.CommandLineRunnerTest.createCommandLineRunner(CommandLineRunnerTest.java:960)
	at com.google.javascript.jscomp.CommandLineRunnerTest.compile(CommandLineRunnerTest.java:967)
	at com.google.javascript.jscomp.CommandLineRunnerTest.test(CommandLineRunnerTest.java:883)
	at com.google.javascript.jscomp.CommandLineRunnerTest.test(CommandLineRunnerTest.java:872)
	at com.google.javascript.jscomp.CommandLineRunnerTest.testSame(CommandLineRunnerTest.java:860)
	at com.google.javascript.jscomp.CommandLineRunnerTest.testSame(CommandLineRunnerTest.java:856)
	at com.google.javascript.jscomp.CommandLineRunnerTest.testVersionFlag2(CommandLineRunnerTest.java:717)
	at sun.reflect.NativeMethodAccessorImpl.invoke0(Native Method)
	at sun.reflect.NativeMethodAccessorImpl.invoke(NativeMethodAccessorImpl.java:57)
	at sun.reflect.DelegatingMethodAccessorImpl.invoke(DelegatingMethodAccessorImpl.java:43)
	at java.lang.reflect.Method.invoke(Method.java:606)
	at junit.framework.TestCase.runTest(TestCase.java:176)
	at junit.framework.TestCase.runBare(TestCase.java:141)
	at junit.framework.TestResult$1.protect(TestResult.java:122)
	at junit.framework.TestResult.runProtected(TestResult.java:142)
	at junit.framework.TestResult.run(TestResult.java:125)
	at junit.framework.TestCase.run(TestCase.java:129)
	at junit.framework.TestSuite.runTest(TestSuite.java:255)
	at junit.framework.TestSuite.run(TestSuite.java:250)
	at org.junit.internal.runners.JUnit38ClassRunner.run(JUnit38ClassRunner.java:84)
	at com.gzoltar.lib.instrumentation.testing.junit.a.call(Unknown Source)
	at java.util.concurrent.FutureTask.run(FutureTask.java:262)
	at java.util.concurrent.ThreadPoolExecutor.runWorker(ThreadPoolExecutor.java:1145)
	at java.util.concurrent.ThreadPoolExecutor$Worker.run(ThreadPoolExecutor.java:615)
	at java.lang.Thread.run(Thread.java:745)
Closure Compiler (http://code.google.com/closure/compiler)
Version: Unversioned directory
Built on: 2019/08/26 10:57
* Finished com.google.javascript.jscomp.CommandLineRunnerTest#testVersionFlag2
* Started com.google.javascript.jscomp.CommandLineRunnerTest#testTypeCheckingOffByDefault
* Finished com.google.javascript.jscomp.CommandLineRunnerTest#testTypeCheckingOffByDefault
* Started com.google.javascript.jscomp.CommandLineRunnerTest#testReflectedMethods
* Finished com.google.javascript.jscomp.CommandLineRunnerTest#testReflectedMethods
* Started com.google.javascript.jscomp.CommandLineRunnerTest#testCheckGlobalThisOnWithAdvancedMode
* Finished com.google.javascript.jscomp.CommandLineRunnerTest#testCheckGlobalThisOnWithAdvancedMode
* Started com.google.javascript.jscomp.CommandLineRunnerTest#testES5StrictUseStrictMultipleInputs
* Finished com.google.javascript.jscomp.CommandLineRunnerTest#testES5StrictUseStrictMultipleInputs
* Started com.google.javascript.jscomp.CommandLineRunnerTest#testES3ByDefault
* Finished com.google.javascript.jscomp.CommandLineRunnerTest#testES3ByDefault
* Started com.google.javascript.jscomp.CommandLineRunnerTest#testSyntheticExterns
* Finished com.google.javascript.jscomp.CommandLineRunnerTest#testSyntheticExterns
* Started com.google.javascript.jscomp.CommandLineRunnerTest#testIssue115
* Finished com.google.javascript.jscomp.CommandLineRunnerTest#testIssue115
* Started com.google.javascript.jscomp.CommandLineRunnerTest#testIssue297
* Finished com.google.javascript.jscomp.CommandLineRunnerTest#testIssue297
* Started com.google.javascript.jscomp.CommandLineRunnerTest#testIssue504
* Finished com.google.javascript.jscomp.CommandLineRunnerTest#testIssue504
* Started com.google.javascript.jscomp.CommandLineRunnerTest#testCheckUndefinedProperties1
* Finished com.google.javascript.jscomp.CommandLineRunnerTest#testCheckUndefinedProperties1
* Started com.google.javascript.jscomp.CommandLineRunnerTest#testCheckUndefinedProperties2
* Finished com.google.javascript.jscomp.CommandLineRunnerTest#testCheckUndefinedProperties2
* Started com.google.javascript.jscomp.CommandLineRunnerTest#testCheckUndefinedProperties3
* Finished com.google.javascript.jscomp.CommandLineRunnerTest#testCheckUndefinedProperties3
* Started com.google.javascript.jscomp.CommandLineRunnerTest#testCssNameWiring
* Finished com.google.javascript.jscomp.CommandLineRunnerTest#testCssNameWiring
* Started com.google.javascript.jscomp.CommandLineRunnerTest#testCheckSymbolsOverrideForVerbose
* Finished com.google.javascript.jscomp.CommandLineRunnerTest#testCheckSymbolsOverrideForVerbose
* Started com.google.javascript.jscomp.CommandLineRunnerTest#testCheckSymbolsOverrideForQuiet
* Finished com.google.javascript.jscomp.CommandLineRunnerTest#testCheckSymbolsOverrideForQuiet
* Started com.google.javascript.jscomp.CommandLineRunnerTest#testTwoParseErrors
* Finished com.google.javascript.jscomp.CommandLineRunnerTest#testTwoParseErrors
* Started com.google.javascript.jscomp.CommandLineRunnerTest#testIssue70
* Finished com.google.javascript.jscomp.CommandLineRunnerTest#testIssue70
* Started com.google.javascript.jscomp.CommandLineRunnerTest#testIssue81
* Finished com.google.javascript.jscomp.CommandLineRunnerTest#testIssue81
* Started com.google.javascript.jscomp.CommandLineRunnerTest#testDebugFlag1
* Finished com.google.javascript.jscomp.CommandLineRunnerTest#testDebugFlag1
* Started com.google.javascript.jscomp.CommandLineRunnerTest#testDebugFlag2
* Finished com.google.javascript.jscomp.CommandLineRunnerTest#testDebugFlag2
* Started com.google.javascript.jscomp.CommandLineRunnerTest#testDebugFlag3
* Finished com.google.javascript.jscomp.CommandLineRunnerTest#testDebugFlag3
* Started com.google.javascript.jscomp.CommandLineRunnerTest#testDebugFlag4
* Finished com.google.javascript.jscomp.CommandLineRunnerTest#testDebugFlag4
* Started com.google.javascript.jscomp.CommandLineRunnerTest#testWithKeywordWithEs5ChecksOff
* Finished com.google.javascript.jscomp.CommandLineRunnerTest#testWithKeywordWithEs5ChecksOff
* Started com.google.javascript.jscomp.CommandLineRunnerTest#testES5StrictUseStrict
* Finished com.google.javascript.jscomp.CommandLineRunnerTest#testES5StrictUseStrict
* Started com.google.javascript.jscomp.CommandLineRunnerTest#testQuietMode
* Finished com.google.javascript.jscomp.CommandLineRunnerTest#testQuietMode
* Started com.google.javascript.jscomp.CommandLineRunnerTest#testDefineFlag2
* Finished com.google.javascript.jscomp.CommandLineRunnerTest#testDefineFlag2
* Started com.google.javascript.jscomp.CommandLineRunnerTest#testDefineFlag3
* Finished com.google.javascript.jscomp.CommandLineRunnerTest#testDefineFlag3
* Started com.google.javascript.jscomp.CommandLineRunnerTest#testCheckGlobalThisOffByDefault
* Finished com.google.javascript.jscomp.CommandLineRunnerTest#testCheckGlobalThisOffByDefault
* Started com.google.javascript.jscomp.FunctionRewriterTest#testReplaceIdentityFunction1
[ERROR] Class not found
java.lang.ClassNotFoundException: rhino_ast.java.com.google.javascript.rhino.Messages
	at java.lang.ClassLoader.findClass(ClassLoader.java:531)
	at java.lang.ClassLoader.loadClass(ClassLoader.java:425)
	at java.lang.ClassLoader.loadClass(ClassLoader.java:358)
	at com.gzoltar.lib.instrumentation.util.GZoltarClassLoader.loadClass(Unknown Source)
	at java.util.ResourceBundle$Control.newBundle(ResourceBundle.java:2566)
	at java.util.ResourceBundle.loadBundle(ResourceBundle.java:1436)
	at java.util.ResourceBundle.findBundle(ResourceBundle.java:1400)
	at java.util.ResourceBundle.findBundle(ResourceBundle.java:1354)
	at java.util.ResourceBundle.findBundle(ResourceBundle.java:1354)
	at java.util.ResourceBundle.getBundleImpl(ResourceBundle.java:1296)
	at java.util.ResourceBundle.getBundle(ResourceBundle.java:795)
	at com.google.javascript.rhino.ScriptRuntime.getMessage(ScriptRuntime.java:465)
	at com.google.javascript.rhino.ScriptRuntime.getMessage0(ScriptRuntime.java:422)
	at com.google.javascript.jscomp.RhinoErrorReporter.<init>(RhinoErrorReporter.java:75)
	at com.google.javascript.jscomp.RhinoErrorReporter.<init>(RhinoErrorReporter.java:33)
	at com.google.javascript.jscomp.RhinoErrorReporter$OldRhinoErrorReporter.<init>(RhinoErrorReporter.java:144)
	at com.google.javascript.jscomp.RhinoErrorReporter$OldRhinoErrorReporter.<init>(RhinoErrorReporter.java:140)
	at com.google.javascript.jscomp.RhinoErrorReporter.forOldRhino(RhinoErrorReporter.java:109)
	at com.google.javascript.jscomp.Compiler.<init>(Compiler.java:150)
	at com.google.javascript.jscomp.Compiler.<init>(Compiler.java:184)
	at com.google.javascript.jscomp.CompilerTestCase.createCompiler(CompilerTestCase.java:1028)
	at com.google.javascript.jscomp.CompilerTestCase.test(CompilerTestCase.java:407)
	at com.google.javascript.jscomp.CompilerTestCase.test(CompilerTestCase.java:348)
	at com.google.javascript.jscomp.CompilerTestCase.test(CompilerTestCase.java:317)
	at com.google.javascript.jscomp.CompilerTestCase.test(CompilerTestCase.java:305)
	at com.google.javascript.jscomp.FunctionRewriterTest.checkCompilesTo(FunctionRewriterTest.java:199)
	at com.google.javascript.jscomp.FunctionRewriterTest.checkCompilesToSame(FunctionRewriterTest.java:203)
	at com.google.javascript.jscomp.FunctionRewriterTest.testReplaceIdentityFunction1(FunctionRewriterTest.java:154)
	at sun.reflect.NativeMethodAccessorImpl.invoke0(Native Method)
	at sun.reflect.NativeMethodAccessorImpl.invoke(NativeMethodAccessorImpl.java:57)
	at sun.reflect.DelegatingMethodAccessorImpl.invoke(DelegatingMethodAccessorImpl.java:43)
	at java.lang.reflect.Method.invoke(Method.java:606)
	at junit.framework.TestCase.runTest(TestCase.java:176)
	at junit.framework.TestCase.runBare(TestCase.java:141)
	at junit.framework.TestResult$1.protect(TestResult.java:122)
	at junit.framework.TestResult.runProtected(TestResult.java:142)
	at junit.framework.TestResult.run(TestResult.java:125)
	at junit.framework.TestCase.run(TestCase.java:129)
	at junit.framework.TestSuite.runTest(TestSuite.java:255)
	at junit.framework.TestSuite.run(TestSuite.java:250)
	at org.junit.internal.runners.JUnit38ClassRunner.run(JUnit38ClassRunner.java:84)
	at com.gzoltar.lib.instrumentation.testing.junit.a.call(Unknown Source)
	at java.util.concurrent.FutureTask.run(FutureTask.java:262)
	at java.util.concurrent.ThreadPoolExecutor.runWorker(ThreadPoolExecutor.java:1145)
	at java.util.concurrent.ThreadPoolExecutor$Worker.run(ThreadPoolExecutor.java:615)
	at java.lang.Thread.run(Thread.java:745)
[ERROR] Class not found
java.lang.ClassNotFoundException: rhino_ast.java.com.google.javascript.rhino.Messages_en
	at java.lang.ClassLoader.findClass(ClassLoader.java:531)
	at java.lang.ClassLoader.loadClass(ClassLoader.java:425)
	at java.lang.ClassLoader.loadClass(ClassLoader.java:358)
	at com.gzoltar.lib.instrumentation.util.GZoltarClassLoader.loadClass(Unknown Source)
	at java.util.ResourceBundle$Control.newBundle(ResourceBundle.java:2566)
	at java.util.ResourceBundle.loadBundle(ResourceBundle.java:1436)
	at java.util.ResourceBundle.findBundle(ResourceBundle.java:1400)
	at java.util.ResourceBundle.findBundle(ResourceBundle.java:1354)
	at java.util.ResourceBundle.getBundleImpl(ResourceBundle.java:1296)
	at java.util.ResourceBundle.getBundle(ResourceBundle.java:795)
	at com.google.javascript.rhino.ScriptRuntime.getMessage(ScriptRuntime.java:465)
	at com.google.javascript.rhino.ScriptRuntime.getMessage0(ScriptRuntime.java:422)
	at com.google.javascript.jscomp.RhinoErrorReporter.<init>(RhinoErrorReporter.java:75)
	at com.google.javascript.jscomp.RhinoErrorReporter.<init>(RhinoErrorReporter.java:33)
	at com.google.javascript.jscomp.RhinoErrorReporter$OldRhinoErrorReporter.<init>(RhinoErrorReporter.java:144)
	at com.google.javascript.jscomp.RhinoErrorReporter$OldRhinoErrorReporter.<init>(RhinoErrorReporter.java:140)
	at com.google.javascript.jscomp.RhinoErrorReporter.forOldRhino(RhinoErrorReporter.java:109)
	at com.google.javascript.jscomp.Compiler.<init>(Compiler.java:150)
	at com.google.javascript.jscomp.Compiler.<init>(Compiler.java:184)
	at com.google.javascript.jscomp.CompilerTestCase.createCompiler(CompilerTestCase.java:1028)
	at com.google.javascript.jscomp.CompilerTestCase.test(CompilerTestCase.java:407)
	at com.google.javascript.jscomp.CompilerTestCase.test(CompilerTestCase.java:348)
	at com.google.javascript.jscomp.CompilerTestCase.test(CompilerTestCase.java:317)
	at com.google.javascript.jscomp.CompilerTestCase.test(CompilerTestCase.java:305)
	at com.google.javascript.jscomp.FunctionRewriterTest.checkCompilesTo(FunctionRewriterTest.java:199)
	at com.google.javascript.jscomp.FunctionRewriterTest.checkCompilesToSame(FunctionRewriterTest.java:203)
	at com.google.javascript.jscomp.FunctionRewriterTest.testReplaceIdentityFunction1(FunctionRewriterTest.java:154)
	at sun.reflect.NativeMethodAccessorImpl.invoke0(Native Method)
	at sun.reflect.NativeMethodAccessorImpl.invoke(NativeMethodAccessorImpl.java:57)
	at sun.reflect.DelegatingMethodAccessorImpl.invoke(DelegatingMethodAccessorImpl.java:43)
	at java.lang.reflect.Method.invoke(Method.java:606)
	at junit.framework.TestCase.runTest(TestCase.java:176)
	at junit.framework.TestCase.runBare(TestCase.java:141)
	at junit.framework.TestResult$1.protect(TestResult.java:122)
	at junit.framework.TestResult.runProtected(TestResult.java:142)
	at junit.framework.TestResult.run(TestResult.java:125)
	at junit.framework.TestCase.run(TestCase.java:129)
	at junit.framework.TestSuite.runTest(TestSuite.java:255)
	at junit.framework.TestSuite.run(TestSuite.java:250)
	at org.junit.internal.runners.JUnit38ClassRunner.run(JUnit38ClassRunner.java:84)
	at com.gzoltar.lib.instrumentation.testing.junit.a.call(Unknown Source)
	at java.util.concurrent.FutureTask.run(FutureTask.java:262)
	at java.util.concurrent.ThreadPoolExecutor.runWorker(ThreadPoolExecutor.java:1145)
	at java.util.concurrent.ThreadPoolExecutor$Worker.run(ThreadPoolExecutor.java:615)
	at java.lang.Thread.run(Thread.java:745)
[ERROR] Class not found
java.lang.ClassNotFoundException: rhino_ast.java.com.google.javascript.rhino.Messages_en_US
	at java.lang.ClassLoader.findClass(ClassLoader.java:531)
	at java.lang.ClassLoader.loadClass(ClassLoader.java:425)
	at java.lang.ClassLoader.loadClass(ClassLoader.java:358)
	at com.gzoltar.lib.instrumentation.util.GZoltarClassLoader.loadClass(Unknown Source)
	at java.util.ResourceBundle$Control.newBundle(ResourceBundle.java:2566)
	at java.util.ResourceBundle.loadBundle(ResourceBundle.java:1436)
	at java.util.ResourceBundle.findBundle(ResourceBundle.java:1400)
	at java.util.ResourceBundle.getBundleImpl(ResourceBundle.java:1296)
	at java.util.ResourceBundle.getBundle(ResourceBundle.java:795)
	at com.google.javascript.rhino.ScriptRuntime.getMessage(ScriptRuntime.java:465)
	at com.google.javascript.rhino.ScriptRuntime.getMessage0(ScriptRuntime.java:422)
	at com.google.javascript.jscomp.RhinoErrorReporter.<init>(RhinoErrorReporter.java:75)
	at com.google.javascript.jscomp.RhinoErrorReporter.<init>(RhinoErrorReporter.java:33)
	at com.google.javascript.jscomp.RhinoErrorReporter$OldRhinoErrorReporter.<init>(RhinoErrorReporter.java:144)
	at com.google.javascript.jscomp.RhinoErrorReporter$OldRhinoErrorReporter.<init>(RhinoErrorReporter.java:140)
	at com.google.javascript.jscomp.RhinoErrorReporter.forOldRhino(RhinoErrorReporter.java:109)
	at com.google.javascript.jscomp.Compiler.<init>(Compiler.java:150)
	at com.google.javascript.jscomp.Compiler.<init>(Compiler.java:184)
	at com.google.javascript.jscomp.CompilerTestCase.createCompiler(CompilerTestCase.java:1028)
	at com.google.javascript.jscomp.CompilerTestCase.test(CompilerTestCase.java:407)
	at com.google.javascript.jscomp.CompilerTestCase.test(CompilerTestCase.java:348)
	at com.google.javascript.jscomp.CompilerTestCase.test(CompilerTestCase.java:317)
	at com.google.javascript.jscomp.CompilerTestCase.test(CompilerTestCase.java:305)
	at com.google.javascript.jscomp.FunctionRewriterTest.checkCompilesTo(FunctionRewriterTest.java:199)
	at com.google.javascript.jscomp.FunctionRewriterTest.checkCompilesToSame(FunctionRewriterTest.java:203)
	at com.google.javascript.jscomp.FunctionRewriterTest.testReplaceIdentityFunction1(FunctionRewriterTest.java:154)
	at sun.reflect.NativeMethodAccessorImpl.invoke0(Native Method)
	at sun.reflect.NativeMethodAccessorImpl.invoke(NativeMethodAccessorImpl.java:57)
	at sun.reflect.DelegatingMethodAccessorImpl.invoke(DelegatingMethodAccessorImpl.java:43)
	at java.lang.reflect.Method.invoke(Method.java:606)
	at junit.framework.TestCase.runTest(TestCase.java:176)
	at junit.framework.TestCase.runBare(TestCase.java:141)
	at junit.framework.TestResult$1.protect(TestResult.java:122)
	at junit.framework.TestResult.runProtected(TestResult.java:142)
	at junit.framework.TestResult.run(TestResult.java:125)
	at junit.framework.TestCase.run(TestCase.java:129)
	at junit.framework.TestSuite.runTest(TestSuite.java:255)
	at junit.framework.TestSuite.run(TestSuite.java:250)
	at org.junit.internal.runners.JUnit38ClassRunner.run(JUnit38ClassRunner.java:84)
	at com.gzoltar.lib.instrumentation.testing.junit.a.call(Unknown Source)
	at java.util.concurrent.FutureTask.run(FutureTask.java:262)
	at java.util.concurrent.ThreadPoolExecutor.runWorker(ThreadPoolExecutor.java:1145)
	at java.util.concurrent.ThreadPoolExecutor$Worker.run(ThreadPoolExecutor.java:615)
	at java.lang.Thread.run(Thread.java:745)
[ERROR] Class not found
java.lang.ClassNotFoundException: com.google.javascript.jscomp.mozilla.rhino.VMBridge_custom
	at java.lang.ClassLoader.findClass(ClassLoader.java:531)
	at java.lang.ClassLoader.loadClass(ClassLoader.java:425)
	at java.lang.ClassLoader.loadClass(ClassLoader.java:358)
	at com.gzoltar.lib.instrumentation.util.GZoltarClassLoader.loadClass(Unknown Source)
	at java.lang.Class.forName0(Native Method)
	at java.lang.Class.forName(Class.java:195)
	at com.google.javascript.jscomp.mozilla.rhino.Kit.classOrNull(Kit.java:74)
	at com.google.javascript.jscomp.mozilla.rhino.VMBridge.makeInstance(VMBridge.java:61)
	at com.google.javascript.jscomp.mozilla.rhino.VMBridge.<clinit>(VMBridge.java:49)
	at com.google.javascript.jscomp.mozilla.rhino.Context.getCurrentContext(Context.java:377)
	at com.google.javascript.jscomp.mozilla.rhino.ScriptRuntime$DefaultMessageProvider.getMessage(ScriptRuntime.java:3701)
	at com.google.javascript.jscomp.mozilla.rhino.ScriptRuntime.getMessage(ScriptRuntime.java:3689)
	at com.google.javascript.jscomp.mozilla.rhino.ScriptRuntime.getMessage0(ScriptRuntime.java:3638)
	at com.google.javascript.jscomp.RhinoErrorReporter.<init>(RhinoErrorReporter.java:75)
	at com.google.javascript.jscomp.RhinoErrorReporter.<init>(RhinoErrorReporter.java:33)
	at com.google.javascript.jscomp.RhinoErrorReporter$OldRhinoErrorReporter.<init>(RhinoErrorReporter.java:144)
	at com.google.javascript.jscomp.RhinoErrorReporter$OldRhinoErrorReporter.<init>(RhinoErrorReporter.java:140)
	at com.google.javascript.jscomp.RhinoErrorReporter.forOldRhino(RhinoErrorReporter.java:109)
	at com.google.javascript.jscomp.Compiler.<init>(Compiler.java:150)
	at com.google.javascript.jscomp.Compiler.<init>(Compiler.java:184)
	at com.google.javascript.jscomp.CompilerTestCase.createCompiler(CompilerTestCase.java:1028)
	at com.google.javascript.jscomp.CompilerTestCase.test(CompilerTestCase.java:407)
	at com.google.javascript.jscomp.CompilerTestCase.test(CompilerTestCase.java:348)
	at com.google.javascript.jscomp.CompilerTestCase.test(CompilerTestCase.java:317)
	at com.google.javascript.jscomp.CompilerTestCase.test(CompilerTestCase.java:305)
	at com.google.javascript.jscomp.FunctionRewriterTest.checkCompilesTo(FunctionRewriterTest.java:199)
	at com.google.javascript.jscomp.FunctionRewriterTest.checkCompilesToSame(FunctionRewriterTest.java:203)
	at com.google.javascript.jscomp.FunctionRewriterTest.testReplaceIdentityFunction1(FunctionRewriterTest.java:154)
	at sun.reflect.NativeMethodAccessorImpl.invoke0(Native Method)
	at sun.reflect.NativeMethodAccessorImpl.invoke(NativeMethodAccessorImpl.java:57)
	at sun.reflect.DelegatingMethodAccessorImpl.invoke(DelegatingMethodAccessorImpl.java:43)
	at java.lang.reflect.Method.invoke(Method.java:606)
	at junit.framework.TestCase.runTest(TestCase.java:176)
	at junit.framework.TestCase.runBare(TestCase.java:141)
	at junit.framework.TestResult$1.protect(TestResult.java:122)
	at junit.framework.TestResult.runProtected(TestResult.java:142)
	at junit.framework.TestResult.run(TestResult.java:125)
	at junit.framework.TestCase.run(TestCase.java:129)
	at junit.framework.TestSuite.runTest(TestSuite.java:255)
	at junit.framework.TestSuite.run(TestSuite.java:250)
	at org.junit.internal.runners.JUnit38ClassRunner.run(JUnit38ClassRunner.java:84)
	at com.gzoltar.lib.instrumentation.testing.junit.a.call(Unknown Source)
	at java.util.concurrent.FutureTask.run(FutureTask.java:262)
	at java.util.concurrent.ThreadPoolExecutor.runWorker(ThreadPoolExecutor.java:1145)
	at java.util.concurrent.ThreadPoolExecutor$Worker.run(ThreadPoolExecutor.java:615)
	at java.lang.Thread.run(Thread.java:745)
[ERROR] Class not found
java.lang.ClassNotFoundException: com.google.javascript.jscomp.mozilla.rhino.resources.Messages
	at java.lang.ClassLoader.findClass(ClassLoader.java:531)
	at java.lang.ClassLoader.loadClass(ClassLoader.java:425)
	at java.lang.ClassLoader.loadClass(ClassLoader.java:358)
	at com.gzoltar.lib.instrumentation.util.GZoltarClassLoader.loadClass(Unknown Source)
	at java.util.ResourceBundle$Control.newBundle(ResourceBundle.java:2566)
	at java.util.ResourceBundle.loadBundle(ResourceBundle.java:1436)
	at java.util.ResourceBundle.findBundle(ResourceBundle.java:1400)
	at java.util.ResourceBundle.findBundle(ResourceBundle.java:1354)
	at java.util.ResourceBundle.findBundle(ResourceBundle.java:1354)
	at java.util.ResourceBundle.getBundleImpl(ResourceBundle.java:1296)
	at java.util.ResourceBundle.getBundle(ResourceBundle.java:795)
	at com.google.javascript.jscomp.mozilla.rhino.ScriptRuntime$DefaultMessageProvider.getMessage(ScriptRuntime.java:3705)
	at com.google.javascript.jscomp.mozilla.rhino.ScriptRuntime.getMessage(ScriptRuntime.java:3689)
	at com.google.javascript.jscomp.mozilla.rhino.ScriptRuntime.getMessage0(ScriptRuntime.java:3638)
	at com.google.javascript.jscomp.RhinoErrorReporter.<init>(RhinoErrorReporter.java:75)
	at com.google.javascript.jscomp.RhinoErrorReporter.<init>(RhinoErrorReporter.java:33)
	at com.google.javascript.jscomp.RhinoErrorReporter$OldRhinoErrorReporter.<init>(RhinoErrorReporter.java:144)
	at com.google.javascript.jscomp.RhinoErrorReporter$OldRhinoErrorReporter.<init>(RhinoErrorReporter.java:140)
	at com.google.javascript.jscomp.RhinoErrorReporter.forOldRhino(RhinoErrorReporter.java:109)
	at com.google.javascript.jscomp.Compiler.<init>(Compiler.java:150)
	at com.google.javascript.jscomp.Compiler.<init>(Compiler.java:184)
	at com.google.javascript.jscomp.CompilerTestCase.createCompiler(CompilerTestCase.java:1028)
	at com.google.javascript.jscomp.CompilerTestCase.test(CompilerTestCase.java:407)
	at com.google.javascript.jscomp.CompilerTestCase.test(CompilerTestCase.java:348)
	at com.google.javascript.jscomp.CompilerTestCase.test(CompilerTestCase.java:317)
	at com.google.javascript.jscomp.CompilerTestCase.test(CompilerTestCase.java:305)
	at com.google.javascript.jscomp.FunctionRewriterTest.checkCompilesTo(FunctionRewriterTest.java:199)
	at com.google.javascript.jscomp.FunctionRewriterTest.checkCompilesToSame(FunctionRewriterTest.java:203)
	at com.google.javascript.jscomp.FunctionRewriterTest.testReplaceIdentityFunction1(FunctionRewriterTest.java:154)
	at sun.reflect.NativeMethodAccessorImpl.invoke0(Native Method)
	at sun.reflect.NativeMethodAccessorImpl.invoke(NativeMethodAccessorImpl.java:57)
	at sun.reflect.DelegatingMethodAccessorImpl.invoke(DelegatingMethodAccessorImpl.java:43)
	at java.lang.reflect.Method.invoke(Method.java:606)
	at junit.framework.TestCase.runTest(TestCase.java:176)
	at junit.framework.TestCase.runBare(TestCase.java:141)
	at junit.framework.TestResult$1.protect(TestResult.java:122)
	at junit.framework.TestResult.runProtected(TestResult.java:142)
	at junit.framework.TestResult.run(TestResult.java:125)
	at junit.framework.TestCase.run(TestCase.java:129)
	at junit.framework.TestSuite.runTest(TestSuite.java:255)
	at junit.framework.TestSuite.run(TestSuite.java:250)
	at org.junit.internal.runners.JUnit38ClassRunner.run(JUnit38ClassRunner.java:84)
	at com.gzoltar.lib.instrumentation.testing.junit.a.call(Unknown Source)
	at java.util.concurrent.FutureTask.run(FutureTask.java:262)
	at java.util.concurrent.ThreadPoolExecutor.runWorker(ThreadPoolExecutor.java:1145)
	at java.util.concurrent.ThreadPoolExecutor$Worker.run(ThreadPoolExecutor.java:615)
	at java.lang.Thread.run(Thread.java:745)
[ERROR] Class not found
java.lang.ClassNotFoundException: com.google.javascript.jscomp.mozilla.rhino.resources.Messages_en
	at java.lang.ClassLoader.findClass(ClassLoader.java:531)
	at java.lang.ClassLoader.loadClass(ClassLoader.java:425)
	at java.lang.ClassLoader.loadClass(ClassLoader.java:358)
	at com.gzoltar.lib.instrumentation.util.GZoltarClassLoader.loadClass(Unknown Source)
	at java.util.ResourceBundle$Control.newBundle(ResourceBundle.java:2566)
	at java.util.ResourceBundle.loadBundle(ResourceBundle.java:1436)
	at java.util.ResourceBundle.findBundle(ResourceBundle.java:1400)
	at java.util.ResourceBundle.findBundle(ResourceBundle.java:1354)
	at java.util.ResourceBundle.getBundleImpl(ResourceBundle.java:1296)
	at java.util.ResourceBundle.getBundle(ResourceBundle.java:795)
	at com.google.javascript.jscomp.mozilla.rhino.ScriptRuntime$DefaultMessageProvider.getMessage(ScriptRuntime.java:3705)
	at com.google.javascript.jscomp.mozilla.rhino.ScriptRuntime.getMessage(ScriptRuntime.java:3689)
	at com.google.javascript.jscomp.mozilla.rhino.ScriptRuntime.getMessage0(ScriptRuntime.java:3638)
	at com.google.javascript.jscomp.RhinoErrorReporter.<init>(RhinoErrorReporter.java:75)
	at com.google.javascript.jscomp.RhinoErrorReporter.<init>(RhinoErrorReporter.java:33)
	at com.google.javascript.jscomp.RhinoErrorReporter$OldRhinoErrorReporter.<init>(RhinoErrorReporter.java:144)
	at com.google.javascript.jscomp.RhinoErrorReporter$OldRhinoErrorReporter.<init>(RhinoErrorReporter.java:140)
	at com.google.javascript.jscomp.RhinoErrorReporter.forOldRhino(RhinoErrorReporter.java:109)
	at com.google.javascript.jscomp.Compiler.<init>(Compiler.java:150)
	at com.google.javascript.jscomp.Compiler.<init>(Compiler.java:184)
	at com.google.javascript.jscomp.CompilerTestCase.createCompiler(CompilerTestCase.java:1028)
	at com.google.javascript.jscomp.CompilerTestCase.test(CompilerTestCase.java:407)
	at com.google.javascript.jscomp.CompilerTestCase.test(CompilerTestCase.java:348)
	at com.google.javascript.jscomp.CompilerTestCase.test(CompilerTestCase.java:317)
	at com.google.javascript.jscomp.CompilerTestCase.test(CompilerTestCase.java:305)
	at com.google.javascript.jscomp.FunctionRewriterTest.checkCompilesTo(FunctionRewriterTest.java:199)
	at com.google.javascript.jscomp.FunctionRewriterTest.checkCompilesToSame(FunctionRewriterTest.java:203)
	at com.google.javascript.jscomp.FunctionRewriterTest.testReplaceIdentityFunction1(FunctionRewriterTest.java:154)
	at sun.reflect.NativeMethodAccessorImpl.invoke0(Native Method)
	at sun.reflect.NativeMethodAccessorImpl.invoke(NativeMethodAccessorImpl.java:57)
	at sun.reflect.DelegatingMethodAccessorImpl.invoke(DelegatingMethodAccessorImpl.java:43)
	at java.lang.reflect.Method.invoke(Method.java:606)
	at junit.framework.TestCase.runTest(TestCase.java:176)
	at junit.framework.TestCase.runBare(TestCase.java:141)
	at junit.framework.TestResult$1.protect(TestResult.java:122)
	at junit.framework.TestResult.runProtected(TestResult.java:142)
	at junit.framework.TestResult.run(TestResult.java:125)
	at junit.framework.TestCase.run(TestCase.java:129)
	at junit.framework.TestSuite.runTest(TestSuite.java:255)
	at junit.framework.TestSuite.run(TestSuite.java:250)
	at org.junit.internal.runners.JUnit38ClassRunner.run(JUnit38ClassRunner.java:84)
	at com.gzoltar.lib.instrumentation.testing.junit.a.call(Unknown Source)
	at java.util.concurrent.FutureTask.run(FutureTask.java:262)
	at java.util.concurrent.ThreadPoolExecutor.runWorker(ThreadPoolExecutor.java:1145)
	at java.util.concurrent.ThreadPoolExecutor$Worker.run(ThreadPoolExecutor.java:615)
	at java.lang.Thread.run(Thread.java:745)
[ERROR] Class not found
java.lang.ClassNotFoundException: com.google.javascript.jscomp.mozilla.rhino.resources.Messages_en_US
	at java.lang.ClassLoader.findClass(ClassLoader.java:531)
	at java.lang.ClassLoader.loadClass(ClassLoader.java:425)
	at java.lang.ClassLoader.loadClass(ClassLoader.java:358)
	at com.gzoltar.lib.instrumentation.util.GZoltarClassLoader.loadClass(Unknown Source)
	at java.util.ResourceBundle$Control.newBundle(ResourceBundle.java:2566)
	at java.util.ResourceBundle.loadBundle(ResourceBundle.java:1436)
	at java.util.ResourceBundle.findBundle(ResourceBundle.java:1400)
	at java.util.ResourceBundle.getBundleImpl(ResourceBundle.java:1296)
	at java.util.ResourceBundle.getBundle(ResourceBundle.java:795)
	at com.google.javascript.jscomp.mozilla.rhino.ScriptRuntime$DefaultMessageProvider.getMessage(ScriptRuntime.java:3705)
	at com.google.javascript.jscomp.mozilla.rhino.ScriptRuntime.getMessage(ScriptRuntime.java:3689)
	at com.google.javascript.jscomp.mozilla.rhino.ScriptRuntime.getMessage0(ScriptRuntime.java:3638)
	at com.google.javascript.jscomp.RhinoErrorReporter.<init>(RhinoErrorReporter.java:75)
	at com.google.javascript.jscomp.RhinoErrorReporter.<init>(RhinoErrorReporter.java:33)
	at com.google.javascript.jscomp.RhinoErrorReporter$OldRhinoErrorReporter.<init>(RhinoErrorReporter.java:144)
	at com.google.javascript.jscomp.RhinoErrorReporter$OldRhinoErrorReporter.<init>(RhinoErrorReporter.java:140)
	at com.google.javascript.jscomp.RhinoErrorReporter.forOldRhino(RhinoErrorReporter.java:109)
	at com.google.javascript.jscomp.Compiler.<init>(Compiler.java:150)
	at com.google.javascript.jscomp.Compiler.<init>(Compiler.java:184)
	at com.google.javascript.jscomp.CompilerTestCase.createCompiler(CompilerTestCase.java:1028)
	at com.google.javascript.jscomp.CompilerTestCase.test(CompilerTestCase.java:407)
	at com.google.javascript.jscomp.CompilerTestCase.test(CompilerTestCase.java:348)
	at com.google.javascript.jscomp.CompilerTestCase.test(CompilerTestCase.java:317)
	at com.google.javascript.jscomp.CompilerTestCase.test(CompilerTestCase.java:305)
	at com.google.javascript.jscomp.FunctionRewriterTest.checkCompilesTo(FunctionRewriterTest.java:199)
	at com.google.javascript.jscomp.FunctionRewriterTest.checkCompilesToSame(FunctionRewriterTest.java:203)
	at com.google.javascript.jscomp.FunctionRewriterTest.testReplaceIdentityFunction1(FunctionRewriterTest.java:154)
	at sun.reflect.NativeMethodAccessorImpl.invoke0(Native Method)
	at sun.reflect.NativeMethodAccessorImpl.invoke(NativeMethodAccessorImpl.java:57)
	at sun.reflect.DelegatingMethodAccessorImpl.invoke(DelegatingMethodAccessorImpl.java:43)
	at java.lang.reflect.Method.invoke(Method.java:606)
	at junit.framework.TestCase.runTest(TestCase.java:176)
	at junit.framework.TestCase.runBare(TestCase.java:141)
	at junit.framework.TestResult$1.protect(TestResult.java:122)
	at junit.framework.TestResult.runProtected(TestResult.java:142)
	at junit.framework.TestResult.run(TestResult.java:125)
	at junit.framework.TestCase.run(TestCase.java:129)
	at junit.framework.TestSuite.runTest(TestSuite.java:255)
	at junit.framework.TestSuite.run(TestSuite.java:250)
	at org.junit.internal.runners.JUnit38ClassRunner.run(JUnit38ClassRunner.java:84)
	at com.gzoltar.lib.instrumentation.testing.junit.a.call(Unknown Source)
	at java.util.concurrent.FutureTask.run(FutureTask.java:262)
	at java.util.concurrent.ThreadPoolExecutor.runWorker(ThreadPoolExecutor.java:1145)
	at java.util.concurrent.ThreadPoolExecutor$Worker.run(ThreadPoolExecutor.java:615)
	at java.lang.Thread.run(Thread.java:745)
[ERROR] Class not found
java.lang.ClassNotFoundException: com.google.javascript.jscomp.parsing.ParserConfig
	at java.lang.ClassLoader.findClass(ClassLoader.java:531)
	at java.lang.ClassLoader.loadClass(ClassLoader.java:425)
	at java.lang.ClassLoader.loadClass(ClassLoader.java:358)
	at com.gzoltar.lib.instrumentation.util.GZoltarClassLoader.loadClass(Unknown Source)
	at java.util.ResourceBundle$Control.newBundle(ResourceBundle.java:2566)
	at java.util.ResourceBundle.loadBundle(ResourceBundle.java:1436)
	at java.util.ResourceBundle.findBundle(ResourceBundle.java:1400)
	at java.util.ResourceBundle.findBundle(ResourceBundle.java:1354)
	at java.util.ResourceBundle.findBundle(ResourceBundle.java:1354)
	at java.util.ResourceBundle.getBundleImpl(ResourceBundle.java:1296)
	at java.util.ResourceBundle.getBundle(ResourceBundle.java:721)
	at com.google.javascript.jscomp.parsing.ParserRunner.initResourceConfig(ParserRunner.java:81)
	at com.google.javascript.jscomp.parsing.ParserRunner.createConfig(ParserRunner.java:64)
	at com.google.javascript.jscomp.Compiler.getParserConfig(Compiler.java:1780)
	at com.google.javascript.jscomp.JsAst.parse(JsAst.java:87)
	at com.google.javascript.jscomp.JsAst.getAstRoot(JsAst.java:53)
	at com.google.javascript.jscomp.CompilerInput.getAstRoot(CompilerInput.java:121)
	at com.google.javascript.jscomp.Compiler.parseInputs(Compiler.java:1184)
	at com.google.javascript.jscomp.CompilerTestCase.test(CompilerTestCase.java:716)
	at com.google.javascript.jscomp.CompilerTestCase.test(CompilerTestCase.java:423)
	at com.google.javascript.jscomp.CompilerTestCase.test(CompilerTestCase.java:348)
	at com.google.javascript.jscomp.CompilerTestCase.test(CompilerTestCase.java:317)
	at com.google.javascript.jscomp.CompilerTestCase.test(CompilerTestCase.java:305)
	at com.google.javascript.jscomp.FunctionRewriterTest.checkCompilesTo(FunctionRewriterTest.java:199)
	at com.google.javascript.jscomp.FunctionRewriterTest.checkCompilesToSame(FunctionRewriterTest.java:203)
	at com.google.javascript.jscomp.FunctionRewriterTest.testReplaceIdentityFunction1(FunctionRewriterTest.java:154)
	at sun.reflect.NativeMethodAccessorImpl.invoke0(Native Method)
	at sun.reflect.NativeMethodAccessorImpl.invoke(NativeMethodAccessorImpl.java:57)
	at sun.reflect.DelegatingMethodAccessorImpl.invoke(DelegatingMethodAccessorImpl.java:43)
	at java.lang.reflect.Method.invoke(Method.java:606)
	at junit.framework.TestCase.runTest(TestCase.java:176)
	at junit.framework.TestCase.runBare(TestCase.java:141)
	at junit.framework.TestResult$1.protect(TestResult.java:122)
	at junit.framework.TestResult.runProtected(TestResult.java:142)
	at junit.framework.TestResult.run(TestResult.java:125)
	at junit.framework.TestCase.run(TestCase.java:129)
	at junit.framework.TestSuite.runTest(TestSuite.java:255)
	at junit.framework.TestSuite.run(TestSuite.java:250)
	at org.junit.internal.runners.JUnit38ClassRunner.run(JUnit38ClassRunner.java:84)
	at com.gzoltar.lib.instrumentation.testing.junit.a.call(Unknown Source)
	at java.util.concurrent.FutureTask.run(FutureTask.java:262)
	at java.util.concurrent.ThreadPoolExecutor.runWorker(ThreadPoolExecutor.java:1145)
	at java.util.concurrent.ThreadPoolExecutor$Worker.run(ThreadPoolExecutor.java:615)
	at java.lang.Thread.run(Thread.java:745)
[ERROR] Class not found
java.lang.ClassNotFoundException: com.google.javascript.jscomp.parsing.ParserConfig_en
	at java.lang.ClassLoader.findClass(ClassLoader.java:531)
	at java.lang.ClassLoader.loadClass(ClassLoader.java:425)
	at java.lang.ClassLoader.loadClass(ClassLoader.java:358)
	at com.gzoltar.lib.instrumentation.util.GZoltarClassLoader.loadClass(Unknown Source)
	at java.util.ResourceBundle$Control.newBundle(ResourceBundle.java:2566)
	at java.util.ResourceBundle.loadBundle(ResourceBundle.java:1436)
	at java.util.ResourceBundle.findBundle(ResourceBundle.java:1400)
	at java.util.ResourceBundle.findBundle(ResourceBundle.java:1354)
	at java.util.ResourceBundle.getBundleImpl(ResourceBundle.java:1296)
	at java.util.ResourceBundle.getBundle(ResourceBundle.java:721)
	at com.google.javascript.jscomp.parsing.ParserRunner.initResourceConfig(ParserRunner.java:81)
	at com.google.javascript.jscomp.parsing.ParserRunner.createConfig(ParserRunner.java:64)
	at com.google.javascript.jscomp.Compiler.getParserConfig(Compiler.java:1780)
	at com.google.javascript.jscomp.JsAst.parse(JsAst.java:87)
	at com.google.javascript.jscomp.JsAst.getAstRoot(JsAst.java:53)
	at com.google.javascript.jscomp.CompilerInput.getAstRoot(CompilerInput.java:121)
	at com.google.javascript.jscomp.Compiler.parseInputs(Compiler.java:1184)
	at com.google.javascript.jscomp.CompilerTestCase.test(CompilerTestCase.java:716)
	at com.google.javascript.jscomp.CompilerTestCase.test(CompilerTestCase.java:423)
	at com.google.javascript.jscomp.CompilerTestCase.test(CompilerTestCase.java:348)
	at com.google.javascript.jscomp.CompilerTestCase.test(CompilerTestCase.java:317)
	at com.google.javascript.jscomp.CompilerTestCase.test(CompilerTestCase.java:305)
	at com.google.javascript.jscomp.FunctionRewriterTest.checkCompilesTo(FunctionRewriterTest.java:199)
	at com.google.javascript.jscomp.FunctionRewriterTest.checkCompilesToSame(FunctionRewriterTest.java:203)
	at com.google.javascript.jscomp.FunctionRewriterTest.testReplaceIdentityFunction1(FunctionRewriterTest.java:154)
	at sun.reflect.NativeMethodAccessorImpl.invoke0(Native Method)
	at sun.reflect.NativeMethodAccessorImpl.invoke(NativeMethodAccessorImpl.java:57)
	at sun.reflect.DelegatingMethodAccessorImpl.invoke(DelegatingMethodAccessorImpl.java:43)
	at java.lang.reflect.Method.invoke(Method.java:606)
	at junit.framework.TestCase.runTest(TestCase.java:176)
	at junit.framework.TestCase.runBare(TestCase.java:141)
	at junit.framework.TestResult$1.protect(TestResult.java:122)
	at junit.framework.TestResult.runProtected(TestResult.java:142)
	at junit.framework.TestResult.run(TestResult.java:125)
	at junit.framework.TestCase.run(TestCase.java:129)
	at junit.framework.TestSuite.runTest(TestSuite.java:255)
	at junit.framework.TestSuite.run(TestSuite.java:250)
	at org.junit.internal.runners.JUnit38ClassRunner.run(JUnit38ClassRunner.java:84)
	at com.gzoltar.lib.instrumentation.testing.junit.a.call(Unknown Source)
	at java.util.concurrent.FutureTask.run(FutureTask.java:262)
	at java.util.concurrent.ThreadPoolExecutor.runWorker(ThreadPoolExecutor.java:1145)
	at java.util.concurrent.ThreadPoolExecutor$Worker.run(ThreadPoolExecutor.java:615)
	at java.lang.Thread.run(Thread.java:745)
[ERROR] Class not found
java.lang.ClassNotFoundException: com.google.javascript.jscomp.parsing.ParserConfig_en_US
	at java.lang.ClassLoader.findClass(ClassLoader.java:531)
	at java.lang.ClassLoader.loadClass(ClassLoader.java:425)
	at java.lang.ClassLoader.loadClass(ClassLoader.java:358)
	at com.gzoltar.lib.instrumentation.util.GZoltarClassLoader.loadClass(Unknown Source)
	at java.util.ResourceBundle$Control.newBundle(ResourceBundle.java:2566)
	at java.util.ResourceBundle.loadBundle(ResourceBundle.java:1436)
	at java.util.ResourceBundle.findBundle(ResourceBundle.java:1400)
	at java.util.ResourceBundle.getBundleImpl(ResourceBundle.java:1296)
	at java.util.ResourceBundle.getBundle(ResourceBundle.java:721)
	at com.google.javascript.jscomp.parsing.ParserRunner.initResourceConfig(ParserRunner.java:81)
	at com.google.javascript.jscomp.parsing.ParserRunner.createConfig(ParserRunner.java:64)
	at com.google.javascript.jscomp.Compiler.getParserConfig(Compiler.java:1780)
	at com.google.javascript.jscomp.JsAst.parse(JsAst.java:87)
	at com.google.javascript.jscomp.JsAst.getAstRoot(JsAst.java:53)
	at com.google.javascript.jscomp.CompilerInput.getAstRoot(CompilerInput.java:121)
	at com.google.javascript.jscomp.Compiler.parseInputs(Compiler.java:1184)
	at com.google.javascript.jscomp.CompilerTestCase.test(CompilerTestCase.java:716)
	at com.google.javascript.jscomp.CompilerTestCase.test(CompilerTestCase.java:423)
	at com.google.javascript.jscomp.CompilerTestCase.test(CompilerTestCase.java:348)
	at com.google.javascript.jscomp.CompilerTestCase.test(CompilerTestCase.java:317)
	at com.google.javascript.jscomp.CompilerTestCase.test(CompilerTestCase.java:305)
	at com.google.javascript.jscomp.FunctionRewriterTest.checkCompilesTo(FunctionRewriterTest.java:199)
	at com.google.javascript.jscomp.FunctionRewriterTest.checkCompilesToSame(FunctionRewriterTest.java:203)
	at com.google.javascript.jscomp.FunctionRewriterTest.testReplaceIdentityFunction1(FunctionRewriterTest.java:154)
	at sun.reflect.NativeMethodAccessorImpl.invoke0(Native Method)
	at sun.reflect.NativeMethodAccessorImpl.invoke(NativeMethodAccessorImpl.java:57)
	at sun.reflect.DelegatingMethodAccessorImpl.invoke(DelegatingMethodAccessorImpl.java:43)
	at java.lang.reflect.Method.invoke(Method.java:606)
	at junit.framework.TestCase.runTest(TestCase.java:176)
	at junit.framework.TestCase.runBare(TestCase.java:141)
	at junit.framework.TestResult$1.protect(TestResult.java:122)
	at junit.framework.TestResult.runProtected(TestResult.java:142)
	at junit.framework.TestResult.run(TestResult.java:125)
	at junit.framework.TestCase.run(TestCase.java:129)
	at junit.framework.TestSuite.runTest(TestSuite.java:255)
	at junit.framework.TestSuite.run(TestSuite.java:250)
	at org.junit.internal.runners.JUnit38ClassRunner.run(JUnit38ClassRunner.java:84)
	at com.gzoltar.lib.instrumentation.testing.junit.a.call(Unknown Source)
	at java.util.concurrent.FutureTask.run(FutureTask.java:262)
	at java.util.concurrent.ThreadPoolExecutor.runWorker(ThreadPoolExecutor.java:1145)
	at java.util.concurrent.ThreadPoolExecutor$Worker.run(ThreadPoolExecutor.java:615)
	at java.lang.Thread.run(Thread.java:745)
* Finished com.google.javascript.jscomp.FunctionRewriterTest#testReplaceIdentityFunction1
* Started com.google.javascript.jscomp.FunctionRewriterTest#testReplaceIdentityFunction2
* Finished com.google.javascript.jscomp.FunctionRewriterTest#testReplaceIdentityFunction2
* Started com.google.javascript.jscomp.FunctionRewriterTest#testReplaceReturnConst1
* Finished com.google.javascript.jscomp.FunctionRewriterTest#testReplaceReturnConst1
* Started com.google.javascript.jscomp.FunctionRewriterTest#testReplaceReturnConst2
* Finished com.google.javascript.jscomp.FunctionRewriterTest#testReplaceReturnConst2
* Started com.google.javascript.jscomp.FunctionRewriterTest#testReplaceReturnConst3
* Finished com.google.javascript.jscomp.FunctionRewriterTest#testReplaceReturnConst3
* Started com.google.javascript.jscomp.FunctionRewriterTest#testReplaceGetter1
* Finished com.google.javascript.jscomp.FunctionRewriterTest#testReplaceGetter1
* Started com.google.javascript.jscomp.FunctionRewriterTest#testReplaceGetter2
* Finished com.google.javascript.jscomp.FunctionRewriterTest#testReplaceGetter2
* Started com.google.javascript.jscomp.FunctionRewriterTest#testReplaceSetter1
* Finished com.google.javascript.jscomp.FunctionRewriterTest#testReplaceSetter1
* Started com.google.javascript.jscomp.FunctionRewriterTest#testReplaceSetter2
* Finished com.google.javascript.jscomp.FunctionRewriterTest#testReplaceSetter2
* Started com.google.javascript.jscomp.FunctionRewriterTest#testReplaceSetter3
* Finished com.google.javascript.jscomp.FunctionRewriterTest#testReplaceSetter3
* Started com.google.javascript.jscomp.FunctionRewriterTest#testReplaceSetter4
* Finished com.google.javascript.jscomp.FunctionRewriterTest#testReplaceSetter4
* Started com.google.javascript.jscomp.FunctionRewriterTest#testIssue538
* Failure: Expected function but was call Reference node CALL 4 [free_call: 1] [source_file: testcode] | testIssue538(com.google.javascript.jscomp.FunctionRewriterTest)
java.lang.IllegalStateException: Expected function but was call Reference node CALL 4 [free_call: 1] [source_file: testcode]
	at com.google.javascript.jscomp.AstValidator$1.handleViolation(AstValidator.java:51)
	at com.google.javascript.jscomp.AstValidator.violation(AstValidator.java:763)
	at com.google.javascript.jscomp.AstValidator.validateNodeType(AstValidator.java:768)
	at com.google.javascript.jscomp.AstValidator.validateFunctionExpression(AstValidator.java:359)
	at com.google.javascript.jscomp.AstValidator.validateObjectLitGetKey(AstValidator.java:696)
	at com.google.javascript.jscomp.AstValidator.validateObjectLitKey(AstValidator.java:677)
	at com.google.javascript.jscomp.AstValidator.validateObjectLit(AstValidator.java:670)
	at com.google.javascript.jscomp.AstValidator.validateExpression(AstValidator.java:252)
	at com.google.javascript.jscomp.AstValidator.validateAssignmentExpression(AstValidator.java:603)
	at com.google.javascript.jscomp.AstValidator.validateExpression(AstValidator.java:219)
	at com.google.javascript.jscomp.AstValidator.validateExprStmt(AstValidator.java:476)
	at com.google.javascript.jscomp.AstValidator.validateStatement(AstValidator.java:126)
	at com.google.javascript.jscomp.AstValidator.validateScript(AstValidator.java:89)
	at com.google.javascript.jscomp.AstValidator.validateCodeRoot(AstValidator.java:79)
	at com.google.javascript.jscomp.AstValidator.validateRoot(AstValidator.java:72)
	at com.google.javascript.jscomp.CompilerTestCase.test(CompilerTestCase.java:767)
	at com.google.javascript.jscomp.CompilerTestCase.test(CompilerTestCase.java:423)
	at com.google.javascript.jscomp.CompilerTestCase.test(CompilerTestCase.java:348)
	at com.google.javascript.jscomp.CompilerTestCase.test(CompilerTestCase.java:317)
	at com.google.javascript.jscomp.CompilerTestCase.test(CompilerTestCase.java:305)
	at com.google.javascript.jscomp.FunctionRewriterTest.checkCompilesTo(FunctionRewriterTest.java:199)
	at com.google.javascript.jscomp.FunctionRewriterTest.checkCompilesToSame(FunctionRewriterTest.java:203)
	at com.google.javascript.jscomp.FunctionRewriterTest.testIssue538(FunctionRewriterTest.java:166)
	at sun.reflect.NativeMethodAccessorImpl.invoke0(Native Method)
	at sun.reflect.NativeMethodAccessorImpl.invoke(NativeMethodAccessorImpl.java:57)
	at sun.reflect.DelegatingMethodAccessorImpl.invoke(DelegatingMethodAccessorImpl.java:43)
	at java.lang.reflect.Method.invoke(Method.java:606)
	at junit.framework.TestCase.runTest(TestCase.java:176)
	at junit.framework.TestCase.runBare(TestCase.java:141)
	at junit.framework.TestResult$1.protect(TestResult.java:122)
	at junit.framework.TestResult.runProtected(TestResult.java:142)
	at junit.framework.TestResult.run(TestResult.java:125)
	at junit.framework.TestCase.run(TestCase.java:129)
	at junit.framework.TestSuite.runTest(TestSuite.java:255)
	at junit.framework.TestSuite.run(TestSuite.java:250)
	at org.junit.internal.runners.JUnit38ClassRunner.run(JUnit38ClassRunner.java:84)
	at com.gzoltar.lib.instrumentation.testing.junit.a.call(Unknown Source)
	at java.util.concurrent.FutureTask.run(FutureTask.java:262)
	at java.util.concurrent.ThreadPoolExecutor.runWorker(ThreadPoolExecutor.java:1145)
	at java.util.concurrent.ThreadPoolExecutor$Worker.run(ThreadPoolExecutor.java:615)
	at java.lang.Thread.run(Thread.java:745)

* Finished com.google.javascript.jscomp.FunctionRewriterTest#testIssue538
* Started com.google.javascript.jscomp.FunctionRewriterTest#testReplaceEmptyFunction1
* Finished com.google.javascript.jscomp.FunctionRewriterTest#testReplaceEmptyFunction1
* Started com.google.javascript.jscomp.FunctionRewriterTest#testReplaceEmptyFunction2
* Finished com.google.javascript.jscomp.FunctionRewriterTest#testReplaceEmptyFunction2
* Started com.google.javascript.jscomp.FunctionRewriterTest#testReplaceEmptyFunction3
* Finished com.google.javascript.jscomp.FunctionRewriterTest#testReplaceEmptyFunction3
* Filtering test cases that do not cover any component
* Sending data to master
* Closing connection with client
* Performing fault localization
* Running Ochiai
* Writing coverage matrix to '/home/yxb/Documents/rjust-fault-localization-data-f36d7eea9a9c/gzoltar/gzoltars/Closure/55/matrix'
* Writing spectra to '/home/yxb/Documents/rjust-fault-localization-data-f36d7eea9a9c/gzoltar/gzoltars/Closure/55/spectra'
* Metrics
* Computation finished
[INFO] End: Mon Aug 26 10:57:47 PDT 2019
[DEBUG] MATRIX OK
[DEBUG] SPECTRA OK

DONE!
