[DEBUG] PID: Lang
[DEBUG] VID: 19
[DEBUG] DATA_DIR: /home/yxb/Documents/rjust-fault-localization-data-f36d7eea9a9c/gzoltar/gzoltars/Lang/19
[DEBUG] TOOL: developer
[DEBUG] TESTS_DIR: 
[DEBUG] TMP_DIR: /tmp/yxb/gzoltar_6230_Lang-19
[DEBUG] DIR_PROJECT: /home/yxb/Documents/rjust-fault-localization-data-f36d7eea9a9c/defects4j//framework/projects/Lang
[DEBUG] DIR_LOADED_CLASSES: /home/yxb/Documents/rjust-fault-localization-data-f36d7eea9a9c/defects4j//framework/projects/Lang/loaded_classes
[DEBUG] DIR_RELEVANT_TESTS: /home/yxb/Documents/rjust-fault-localization-data-f36d7eea9a9c/defects4j//framework/projects/Lang/relevant_tests
[DEBUG] DIR_TRIGGER_TESTS: /home/yxb/Documents/rjust-fault-localization-data-f36d7eea9a9c/defects4j//framework/projects/Lang/trigger_tests
[DEBUG] JAVA_VERSION:
Picked up _JAVA_OPTIONS: -XX:MaxHeapSize=1024m -Xmx4096m
java version "1.7.0_80"
Java(TM) SE Runtime Environment (build 1.7.0_80-b15)
Java HotSpot(TM) 64-Bit Server VM (build 24.80-b11, mixed mode)
[INFO] Checking out Lang-19 to /tmp/yxb/gzoltar_6230_Lang-19
Check out 0b3a8a31 to /tmp/yxb/gzoltar_6230_Lang-19........................ OK
Init local repository...................................................... OK
Tag post-fix revision...................................................... OK
Initialize fixed program version........................................... OK
Apply patch................................................................ OK
Initialize buggy program version........................................... OK
Diff 0b3a8a31:85481c8f..................................................... OK
Apply patch................................................................ OK
Tag pre-fix revision....................................................... OK
Check out program version: Lang-19b........................................ OK
[DEBUG] LOADED_CLASSES: org.apache.commons.lang3.text.translate.NumericEntityUnescaper:org.apache.commons.lang3.text.translate.CharSequenceTranslator:org.apache.commons.lang3.text.translate.AggregateTranslator:
[DEBUG] LOADED_SUB_CLASSES: org.apache.commons.lang3.text.translate.NumericEntityUnescaper$*:org.apache.commons.lang3.text.translate.CharSequenceTranslator$*:org.apache.commons.lang3.text.translate.AggregateTranslator$*:
[DEBUG] RELEVANT_TESTS: org.apache.commons.lang3.StringEscapeUtilsTest:org.apache.commons.lang3.reflect.TypeUtilsTest:org.apache.commons.lang3.text.translate.NumericEntityUnescaperTest:
[DEBUG] TRIGGER_TESTS_FILE: /home/yxb/Documents/rjust-fault-localization-data-f36d7eea9a9c/defects4j//framework/projects/Lang/trigger_tests/19
[DEBUG] CP: /home/yxb/Documents/rjust-fault-localization-data-f36d7eea9a9c/defects4j//framework/projects/lib/junit-4.11.jar:/tmp/yxb/gzoltar_6230_Lang-19/target/classes:/tmp/yxb/gzoltar_6230_Lang-19/target/tests:/home/yxb/Documents/rjust-fault-localization-data-f36d7eea9a9c/defects4j/framework/projects/lib/junit-4.11.jar:/home/yxb/Documents/rjust-fault-localization-data-f36d7eea9a9c/defects4j/framework/projects/Lang/lib/easymock.jar:/home/yxb/Documents/rjust-fault-localization-data-f36d7eea9a9c/defects4j/framework/projects/Lang/lib/cglib.jar:/home/yxb/Documents/rjust-fault-localization-data-f36d7eea9a9c/defects4j/framework/projects/Lang/lib/asm.jar:/home/yxb/Documents/rjust-fault-localization-data-f36d7eea9a9c/defects4j/framework/projects/Lang/lib/commons-io.jar
[INFO] Compiling Lang-19
Running ant (compile)...................................................... OK
Running ant (compile.tests)................................................ OK
[INFO] Running GZoltar
[INFO] Start: Sun Aug 25 21:22:42 PDT 2019
   ____ _____     _ _               
  / ___|__  /___ | | |_ __ _ _ __   
 | |  _  / // _ \| | __/ _` | '__| 
 | |_| |/ /| (_) | | || (_| | |     
  \____/____\___/|_|\__\__,_|_| 

* Preparing classpath
* Collecting classes under test
* Collecting test cases
* Performing analysis
* Started org.apache.commons.lang3.reflect.TypeUtilsTest#testGetTypeArguments
* Finished org.apache.commons.lang3.reflect.TypeUtilsTest#testGetTypeArguments
* Started org.apache.commons.lang3.reflect.TypeUtilsTest#testIsInstance
* Finished org.apache.commons.lang3.reflect.TypeUtilsTest#testIsInstance
* Started org.apache.commons.lang3.reflect.TypeUtilsTest#testIsAssignable
* Finished org.apache.commons.lang3.reflect.TypeUtilsTest#testIsAssignable
* Started org.apache.commons.lang3.reflect.TypeUtilsTest#testGetPrimitiveArrayComponentType
* Finished org.apache.commons.lang3.reflect.TypeUtilsTest#testGetPrimitiveArrayComponentType
* Started org.apache.commons.lang3.reflect.TypeUtilsTest#testTypesSatisfyVariables
* Finished org.apache.commons.lang3.reflect.TypeUtilsTest#testTypesSatisfyVariables
* Started org.apache.commons.lang3.reflect.TypeUtilsTest#testIsArrayTypeClasses
* Finished org.apache.commons.lang3.reflect.TypeUtilsTest#testIsArrayTypeClasses
* Started org.apache.commons.lang3.reflect.TypeUtilsTest#testDetermineTypeVariableAssignments
* Finished org.apache.commons.lang3.reflect.TypeUtilsTest#testDetermineTypeVariableAssignments
* Started org.apache.commons.lang3.reflect.TypeUtilsTest#testGetRawType
* Finished org.apache.commons.lang3.reflect.TypeUtilsTest#testGetRawType
* Started org.apache.commons.lang3.reflect.TypeUtilsTest#testGetArrayComponentType
* Finished org.apache.commons.lang3.reflect.TypeUtilsTest#testGetArrayComponentType
* Started org.apache.commons.lang3.reflect.TypeUtilsTest#testIsArrayGenericTypes
* Finished org.apache.commons.lang3.reflect.TypeUtilsTest#testIsArrayGenericTypes
* Started org.apache.commons.lang3.StringEscapeUtilsTest#testUnescapeJava
* Finished org.apache.commons.lang3.StringEscapeUtilsTest#testUnescapeJava
* Started org.apache.commons.lang3.StringEscapeUtilsTest#testStandaloneAmphersand
* Finished org.apache.commons.lang3.StringEscapeUtilsTest#testStandaloneAmphersand
* Started org.apache.commons.lang3.StringEscapeUtilsTest#testUnescapeHtml4
FAIL: [7][7]
FAIL:  [7][8]
FAIL: #[7][8]
* Finished org.apache.commons.lang3.StringEscapeUtilsTest#testUnescapeHtml4
* Started org.apache.commons.lang3.StringEscapeUtilsTest#testEscapeHtml
* Finished org.apache.commons.lang3.StringEscapeUtilsTest#testEscapeHtml
* Started org.apache.commons.lang3.StringEscapeUtilsTest#testEscapeJava
* Finished org.apache.commons.lang3.StringEscapeUtilsTest#testEscapeJava
* Started org.apache.commons.lang3.StringEscapeUtilsTest#testEscapeJavaWithSlash
* Finished org.apache.commons.lang3.StringEscapeUtilsTest#testEscapeJavaWithSlash
* Started org.apache.commons.lang3.StringEscapeUtilsTest#testLang313
* Finished org.apache.commons.lang3.StringEscapeUtilsTest#testLang313
* Started org.apache.commons.lang3.StringEscapeUtilsTest#testEscapeEcmaScript
* Finished org.apache.commons.lang3.StringEscapeUtilsTest#testEscapeEcmaScript
* Started org.apache.commons.lang3.StringEscapeUtilsTest#testEscapeCsvString
* Finished org.apache.commons.lang3.StringEscapeUtilsTest#testEscapeCsvString
* Started org.apache.commons.lang3.StringEscapeUtilsTest#testEscapeCsvWriter
* Finished org.apache.commons.lang3.StringEscapeUtilsTest#testEscapeCsvWriter
* Started org.apache.commons.lang3.StringEscapeUtilsTest#testEscapeHtmlHighUnicode
* Finished org.apache.commons.lang3.StringEscapeUtilsTest#testEscapeHtmlHighUnicode
* Started org.apache.commons.lang3.StringEscapeUtilsTest#testUnescapeHexCharsHtml
* Finished org.apache.commons.lang3.StringEscapeUtilsTest#testUnescapeHexCharsHtml
* Started org.apache.commons.lang3.StringEscapeUtilsTest#testUnescapeCsvString
* Finished org.apache.commons.lang3.StringEscapeUtilsTest#testUnescapeCsvString
* Started org.apache.commons.lang3.StringEscapeUtilsTest#testUnescapeCsvWriter
* Finished org.apache.commons.lang3.StringEscapeUtilsTest#testUnescapeCsvWriter
* Started org.apache.commons.lang3.StringEscapeUtilsTest#testEscapeHtmlVersions
* Finished org.apache.commons.lang3.StringEscapeUtilsTest#testEscapeHtmlVersions
* Started org.apache.commons.lang3.StringEscapeUtilsTest#testUnescapeUnknownEntity
* Finished org.apache.commons.lang3.StringEscapeUtilsTest#testUnescapeUnknownEntity
* Started org.apache.commons.lang3.StringEscapeUtilsTest#testEscapeHiragana
* Finished org.apache.commons.lang3.StringEscapeUtilsTest#testEscapeHiragana
* Started org.apache.commons.lang3.StringEscapeUtilsTest#testEscapeXml
* Finished org.apache.commons.lang3.StringEscapeUtilsTest#testEscapeXml
* Started org.apache.commons.lang3.StringEscapeUtilsTest#testConstructor
* Finished org.apache.commons.lang3.StringEscapeUtilsTest#testConstructor
* Started org.apache.commons.lang3.text.translate.NumericEntityUnescaperTest#testSupplementaryUnescaping
* Finished org.apache.commons.lang3.text.translate.NumericEntityUnescaperTest#testSupplementaryUnescaping
* Started org.apache.commons.lang3.text.translate.NumericEntityUnescaperTest#testUnfinishedEntity
* Failure: String index out of range: 19 | testUnfinishedEntity(org.apache.commons.lang3.text.translate.NumericEntityUnescaperTest)
java.lang.StringIndexOutOfBoundsException: String index out of range: 19
	at java.lang.String.charAt(String.java:658)
	at org.apache.commons.lang3.text.translate.NumericEntityUnescaper.translate(NumericEntityUnescaper.java:54)
	at org.apache.commons.lang3.text.translate.CharSequenceTranslator.translate(CharSequenceTranslator.java:86)
	at org.apache.commons.lang3.text.translate.CharSequenceTranslator.translate(CharSequenceTranslator.java:59)
	at org.apache.commons.lang3.text.translate.NumericEntityUnescaperTest.testUnfinishedEntity(NumericEntityUnescaperTest.java:51)
	at sun.reflect.NativeMethodAccessorImpl.invoke0(Native Method)
	at sun.reflect.NativeMethodAccessorImpl.invoke(NativeMethodAccessorImpl.java:57)
	at sun.reflect.DelegatingMethodAccessorImpl.invoke(DelegatingMethodAccessorImpl.java:43)
	at java.lang.reflect.Method.invoke(Method.java:606)
	at junit.framework.TestCase.runTest(TestCase.java:176)
	at junit.framework.TestCase.runBare(TestCase.java:141)
	at junit.framework.TestResult$1.protect(TestResult.java:122)
	at junit.framework.TestResult.runProtected(TestResult.java:142)
	at junit.framework.TestResult.run(TestResult.java:125)
	at junit.framework.TestCase.run(TestCase.java:129)
	at junit.framework.TestSuite.runTest(TestSuite.java:255)
	at junit.framework.TestSuite.run(TestSuite.java:250)
	at org.junit.internal.runners.JUnit38ClassRunner.run(JUnit38ClassRunner.java:84)
	at com.gzoltar.lib.instrumentation.testing.junit.a.call(Unknown Source)
	at java.util.concurrent.FutureTask.run(FutureTask.java:262)
	at java.util.concurrent.ThreadPoolExecutor.runWorker(ThreadPoolExecutor.java:1145)
	at java.util.concurrent.ThreadPoolExecutor$Worker.run(ThreadPoolExecutor.java:615)
	at java.lang.Thread.run(Thread.java:745)

* Finished org.apache.commons.lang3.text.translate.NumericEntityUnescaperTest#testUnfinishedEntity
* Started org.apache.commons.lang3.text.translate.NumericEntityUnescaperTest#testOutOfBounds
* Failure: String index out of range: 7 | testOutOfBounds(org.apache.commons.lang3.text.translate.NumericEntityUnescaperTest)
java.lang.StringIndexOutOfBoundsException: String index out of range: 7
	at java.lang.String.charAt(String.java:658)
	at org.apache.commons.lang3.text.translate.NumericEntityUnescaper.translate(NumericEntityUnescaper.java:44)
	at org.apache.commons.lang3.text.translate.CharSequenceTranslator.translate(CharSequenceTranslator.java:86)
	at org.apache.commons.lang3.text.translate.CharSequenceTranslator.translate(CharSequenceTranslator.java:59)
	at org.apache.commons.lang3.text.translate.NumericEntityUnescaperTest.testOutOfBounds(NumericEntityUnescaperTest.java:41)
	at sun.reflect.NativeMethodAccessorImpl.invoke0(Native Method)
	at sun.reflect.NativeMethodAccessorImpl.invoke(NativeMethodAccessorImpl.java:57)
	at sun.reflect.DelegatingMethodAccessorImpl.invoke(DelegatingMethodAccessorImpl.java:43)
	at java.lang.reflect.Method.invoke(Method.java:606)
	at junit.framework.TestCase.runTest(TestCase.java:176)
	at junit.framework.TestCase.runBare(TestCase.java:141)
	at junit.framework.TestResult$1.protect(TestResult.java:122)
	at junit.framework.TestResult.runProtected(TestResult.java:142)
	at junit.framework.TestResult.run(TestResult.java:125)
	at junit.framework.TestCase.run(TestCase.java:129)
	at junit.framework.TestSuite.runTest(TestSuite.java:255)
	at junit.framework.TestSuite.run(TestSuite.java:250)
	at org.junit.internal.runners.JUnit38ClassRunner.run(JUnit38ClassRunner.java:84)
	at com.gzoltar.lib.instrumentation.testing.junit.a.call(Unknown Source)
	at java.util.concurrent.FutureTask.run(FutureTask.java:262)
	at java.util.concurrent.ThreadPoolExecutor.runWorker(ThreadPoolExecutor.java:1145)
	at java.util.concurrent.ThreadPoolExecutor$Worker.run(ThreadPoolExecutor.java:615)
	at java.lang.Thread.run(Thread.java:745)

* Finished org.apache.commons.lang3.text.translate.NumericEntityUnescaperTest#testOutOfBounds
* Filtering test cases that do not cover any component
* Sending data to master
* Closing connection with client
* Performing fault localization
* Running Ochiai
* Writing coverage matrix to '/home/yxb/Documents/rjust-fault-localization-data-f36d7eea9a9c/gzoltar/gzoltars/Lang/19/matrix'
* Writing spectra to '/home/yxb/Documents/rjust-fault-localization-data-f36d7eea9a9c/gzoltar/gzoltars/Lang/19/spectra'
* Metrics
* Computation finished
[INFO] End: Sun Aug 25 21:22:45 PDT 2019
[DEBUG] MATRIX OK
[DEBUG] SPECTRA OK

DONE!
