[DEBUG] PID: Lang
[DEBUG] VID: 29
[DEBUG] DATA_DIR: /home/yxb/Documents/rjust-fault-localization-data-f36d7eea9a9c/gzoltar/gzoltars/Lang/29
[DEBUG] TOOL: developer
[DEBUG] TESTS_DIR: 
[DEBUG] TMP_DIR: /tmp/yxb/gzoltar_8382_Lang-29
[DEBUG] DIR_PROJECT: /home/yxb/Documents/rjust-fault-localization-data-f36d7eea9a9c/defects4j//framework/projects/Lang
[DEBUG] DIR_LOADED_CLASSES: /home/yxb/Documents/rjust-fault-localization-data-f36d7eea9a9c/defects4j//framework/projects/Lang/loaded_classes
[DEBUG] DIR_RELEVANT_TESTS: /home/yxb/Documents/rjust-fault-localization-data-f36d7eea9a9c/defects4j//framework/projects/Lang/relevant_tests
[DEBUG] DIR_TRIGGER_TESTS: /home/yxb/Documents/rjust-fault-localization-data-f36d7eea9a9c/defects4j//framework/projects/Lang/trigger_tests
[DEBUG] JAVA_VERSION:
Picked up _JAVA_OPTIONS: -XX:MaxHeapSize=1024m -Xmx4096m
java version "1.7.0_80"
Java(TM) SE Runtime Environment (build 1.7.0_80-b15)
Java HotSpot(TM) 64-Bit Server VM (build 24.80-b11, mixed mode)
[INFO] Checking out Lang-29 to /tmp/yxb/gzoltar_8382_Lang-29
Check out 982e2950 to /tmp/yxb/gzoltar_8382_Lang-29........................ OK
Init local repository...................................................... OK
Tag post-fix revision...................................................... OK
Run post-checkout hook..................................................... OK
Initialize fixed program version........................................... OK
Apply patch................................................................ OK
Initialize buggy program version........................................... OK
Diff 982e2950:cbf8e4eb..................................................... OK
Apply patch................................................................ OK
Tag pre-fix revision....................................................... OK
Check out program version: Lang-29b........................................ OK
[DEBUG] LOADED_CLASSES: org.apache.commons.lang3.SystemUtils:org.apache.commons.lang3.ArrayUtils:
[DEBUG] LOADED_SUB_CLASSES: org.apache.commons.lang3.SystemUtils$*:org.apache.commons.lang3.ArrayUtils$*:
[DEBUG] RELEVANT_TESTS: org.apache.commons.lang3.ArrayUtilsTest:org.apache.commons.lang3.CharEncodingTest:org.apache.commons.lang3.ClassUtilsTest:org.apache.commons.lang3.LocaleUtilsTest:org.apache.commons.lang3.StringUtilsTrimEmptyTest:org.apache.commons.lang3.SystemUtilsTest:org.apache.commons.lang3.builder.DefaultToStringStyleTest:org.apache.commons.lang3.builder.MultiLineToStringStyleTest:org.apache.commons.lang3.builder.NoFieldNamesToStringStyleTest:org.apache.commons.lang3.builder.ReflectionToStringBuilderExcludeTest:org.apache.commons.lang3.builder.ShortPrefixToStringStyleTest:org.apache.commons.lang3.builder.SimpleToStringStyleTest:org.apache.commons.lang3.builder.StandardToStringStyleTest:org.apache.commons.lang3.builder.ToStringBuilderTest:org.apache.commons.lang3.builder.ToStringStyleTest:org.apache.commons.lang3.exception.ContextedExceptionTest:org.apache.commons.lang3.exception.ContextedRuntimeExceptionTest:org.apache.commons.lang3.exception.DefaultExceptionContextTest:org.apache.commons.lang3.exception.ExceptionUtilsTest:org.apache.commons.lang3.math.NumberUtilsTest:org.apache.commons.lang3.text.ExtendedMessageFormatTest:org.apache.commons.lang3.text.StrBuilderAppendInsertTest:org.apache.commons.lang3.text.StrTokenizerTest:org.apache.commons.lang3.text.WordUtilsTest:org.apache.commons.lang3.time.DateUtilsTest:
[DEBUG] TRIGGER_TESTS_FILE: /home/yxb/Documents/rjust-fault-localization-data-f36d7eea9a9c/defects4j//framework/projects/Lang/trigger_tests/29
[DEBUG] CP: /home/yxb/Documents/rjust-fault-localization-data-f36d7eea9a9c/defects4j//framework/projects/lib/junit-4.11.jar:/home/yxb/Documents/rjust-fault-localization-data-f36d7eea9a9c/defects4j/framework/projects/Lang/lib/junit/junit/4.7/junit-4.7.jar:/home/yxb/Documents/rjust-fault-localization-data-f36d7eea9a9c/defects4j/framework/projects/Lang/lib/org/easymock/easymock/2.5.2/easymock-2.5.2.jar:/tmp/yxb/gzoltar_8382_Lang-29/target/classes:/tmp/yxb/gzoltar_8382_Lang-29/target/test-classes:/home/yxb/Documents/rjust-fault-localization-data-f36d7eea9a9c/defects4j/framework/projects/Lang/lib/cglib.jar:/home/yxb/Documents/rjust-fault-localization-data-f36d7eea9a9c/defects4j/framework/projects/Lang/lib/asm.jar:/home/yxb/Documents/rjust-fault-localization-data-f36d7eea9a9c/defects4j/framework/projects/Lang/lib/easymock.jar:/home/yxb/Documents/rjust-fault-localization-data-f36d7eea9a9c/defects4j/framework/projects/Lang/lib/commons-io.jar
[INFO] Compiling Lang-29
Running ant (compile)...................................................... OK
Running ant (compile.tests)................................................ OK
[INFO] Running GZoltar
[INFO] Start: Sun Aug 25 21:25:22 PDT 2019
   ____ _____     _ _               
  / ___|__  /___ | | |_ __ _ _ __   
 | |  _  / // _ \| | __/ _` | '__| 
 | |_| |/ /| (_) | | || (_| | |     
  \____/____\___/|_|\__\__,_|_| 

[ERROR] /home/yxb/Documents/rjust-fault-localization-data-f36d7eea9a9c/defects4j/framework/projects/Lang/lib/junit/junit/4.7/junit-4.7.jar does not exist
java.lang.Exception
	at com.gzoltar.lib.master.modes.Diagnose.execute(Unknown Source)
	at com.gzoltar.lib.master.GZoltar.parseCommandLine(Unknown Source)
	at com.gzoltar.lib.master.GZoltar.main(Unknown Source)
* Preparing classpath
* Collecting classes under test
* Collecting test cases
* Performing analysis
* Started org.apache.commons.lang3.builder.StandardToStringStyleTest#testObjectArray
* Finished org.apache.commons.lang3.builder.StandardToStringStyleTest#testObjectArray
* Started org.apache.commons.lang3.builder.StandardToStringStyleTest#testBlank
* Finished org.apache.commons.lang3.builder.StandardToStringStyleTest#testBlank
* Started org.apache.commons.lang3.builder.StandardToStringStyleTest#testLong
* Finished org.apache.commons.lang3.builder.StandardToStringStyleTest#testLong
* Started org.apache.commons.lang3.builder.StandardToStringStyleTest#testLongArrayArray
* Finished org.apache.commons.lang3.builder.StandardToStringStyleTest#testLongArrayArray
* Started org.apache.commons.lang3.builder.StandardToStringStyleTest#testLongArray
* Finished org.apache.commons.lang3.builder.StandardToStringStyleTest#testLongArray
* Started org.apache.commons.lang3.builder.StandardToStringStyleTest#testObject
* Finished org.apache.commons.lang3.builder.StandardToStringStyleTest#testObject
* Started org.apache.commons.lang3.builder.StandardToStringStyleTest#testPerson
* Finished org.apache.commons.lang3.builder.StandardToStringStyleTest#testPerson
* Started org.apache.commons.lang3.builder.StandardToStringStyleTest#testAppendSuper
* Finished org.apache.commons.lang3.builder.StandardToStringStyleTest#testAppendSuper
* Started org.apache.commons.lang3.builder.MultiLineToStringStyleTest#testObjectArray
* Finished org.apache.commons.lang3.builder.MultiLineToStringStyleTest#testObjectArray
* Started org.apache.commons.lang3.builder.MultiLineToStringStyleTest#testBlank
* Finished org.apache.commons.lang3.builder.MultiLineToStringStyleTest#testBlank
* Started org.apache.commons.lang3.builder.MultiLineToStringStyleTest#testLong
* Finished org.apache.commons.lang3.builder.MultiLineToStringStyleTest#testLong
* Started org.apache.commons.lang3.builder.MultiLineToStringStyleTest#testLongArrayArray
* Finished org.apache.commons.lang3.builder.MultiLineToStringStyleTest#testLongArrayArray
* Started org.apache.commons.lang3.builder.MultiLineToStringStyleTest#testLongArray
* Finished org.apache.commons.lang3.builder.MultiLineToStringStyleTest#testLongArray
* Started org.apache.commons.lang3.builder.MultiLineToStringStyleTest#testObject
* Finished org.apache.commons.lang3.builder.MultiLineToStringStyleTest#testObject
* Started org.apache.commons.lang3.builder.MultiLineToStringStyleTest#testPerson
* Finished org.apache.commons.lang3.builder.MultiLineToStringStyleTest#testPerson
* Started org.apache.commons.lang3.builder.MultiLineToStringStyleTest#testAppendSuper
* Finished org.apache.commons.lang3.builder.MultiLineToStringStyleTest#testAppendSuper
* Started org.apache.commons.lang3.builder.ToStringBuilderTest#test_setUpToClass_valid
* Finished org.apache.commons.lang3.builder.ToStringBuilderTest#test_setUpToClass_valid
* Started org.apache.commons.lang3.builder.ToStringBuilderTest#testCharArray
* Finished org.apache.commons.lang3.builder.ToStringBuilderTest#testCharArray
* Started org.apache.commons.lang3.builder.ToStringBuilderTest#testReflectionHierarchyArrayList
* Finished org.apache.commons.lang3.builder.ToStringBuilderTest#testReflectionHierarchyArrayList
* Started org.apache.commons.lang3.builder.ToStringBuilderTest#testReflectionNull
* Finished org.apache.commons.lang3.builder.ToStringBuilderTest#testReflectionNull
* Started org.apache.commons.lang3.builder.ToStringBuilderTest#testDoubleArrayArray
* Finished org.apache.commons.lang3.builder.ToStringBuilderTest#testDoubleArrayArray
* Started org.apache.commons.lang3.builder.ToStringBuilderTest#testReflectionBoolean
* Finished org.apache.commons.lang3.builder.ToStringBuilderTest#testReflectionBoolean
* Started org.apache.commons.lang3.builder.ToStringBuilderTest#testObjectArray
* Finished org.apache.commons.lang3.builder.ToStringBuilderTest#testObjectArray
* Started org.apache.commons.lang3.builder.ToStringBuilderTest#testObjectBuild
* Finished org.apache.commons.lang3.builder.ToStringBuilderTest#testObjectBuild
* Started org.apache.commons.lang3.builder.ToStringBuilderTest#testObjectCycle
* Finished org.apache.commons.lang3.builder.ToStringBuilderTest#testObjectCycle
* Started org.apache.commons.lang3.builder.ToStringBuilderTest#testReflectionHierarchy
* Finished org.apache.commons.lang3.builder.ToStringBuilderTest#testReflectionHierarchy
* Started org.apache.commons.lang3.builder.ToStringBuilderTest#testSelfInstanceTwoVarsReflectionObjectCycle
* Finished org.apache.commons.lang3.builder.ToStringBuilderTest#testSelfInstanceTwoVarsReflectionObjectCycle
* Started org.apache.commons.lang3.builder.ToStringBuilderTest#testAppendToStringUsingMultiLineStyle
* Finished org.apache.commons.lang3.builder.ToStringBuilderTest#testAppendToStringUsingMultiLineStyle
* Started org.apache.commons.lang3.builder.ToStringBuilderTest#testShortArrayArray
* Finished org.apache.commons.lang3.builder.ToStringBuilderTest#testShortArrayArray
* Started org.apache.commons.lang3.builder.ToStringBuilderTest#testBooleanArrayArray
* Finished org.apache.commons.lang3.builder.ToStringBuilderTest#testBooleanArrayArray
* Started org.apache.commons.lang3.builder.ToStringBuilderTest#testFloatArray
* Finished org.apache.commons.lang3.builder.ToStringBuilderTest#testFloatArray
* Started org.apache.commons.lang3.builder.ToStringBuilderTest#testInt
* Finished org.apache.commons.lang3.builder.ToStringBuilderTest#testInt
* Started org.apache.commons.lang3.builder.ToStringBuilderTest#testByteArray
* Finished org.apache.commons.lang3.builder.ToStringBuilderTest#testByteArray
* Started org.apache.commons.lang3.builder.ToStringBuilderTest#testReflectionArrayCycle
* Finished org.apache.commons.lang3.builder.ToStringBuilderTest#testReflectionArrayCycle
* Started org.apache.commons.lang3.builder.ToStringBuilderTest#testReflectionLongArrayArray
* Finished org.apache.commons.lang3.builder.ToStringBuilderTest#testReflectionLongArrayArray
* Started org.apache.commons.lang3.builder.ToStringBuilderTest#testBlank
* Finished org.apache.commons.lang3.builder.ToStringBuilderTest#testBlank
* Started org.apache.commons.lang3.builder.ToStringBuilderTest#testFloat
* Finished org.apache.commons.lang3.builder.ToStringBuilderTest#testFloat
* Started org.apache.commons.lang3.builder.ToStringBuilderTest#testShort
* Finished org.apache.commons.lang3.builder.ToStringBuilderTest#testShort
* Started org.apache.commons.lang3.builder.ToStringBuilderTest#testReflectionArrayArrayCycle
* Finished org.apache.commons.lang3.builder.ToStringBuilderTest#testReflectionArrayArrayCycle
* Started org.apache.commons.lang3.builder.ToStringBuilderTest#testByte
* Finished org.apache.commons.lang3.builder.ToStringBuilderTest#testByte
* Started org.apache.commons.lang3.builder.ToStringBuilderTest#testChar
* Finished org.apache.commons.lang3.builder.ToStringBuilderTest#testChar
* Started org.apache.commons.lang3.builder.ToStringBuilderTest#testLong
* Finished org.apache.commons.lang3.builder.ToStringBuilderTest#testLong
* Started org.apache.commons.lang3.builder.ToStringBuilderTest#testReflectionFloatArray
* Finished org.apache.commons.lang3.builder.ToStringBuilderTest#testReflectionFloatArray
* Started org.apache.commons.lang3.builder.ToStringBuilderTest#testLongArrayArray
* Finished org.apache.commons.lang3.builder.ToStringBuilderTest#testLongArrayArray
* Started org.apache.commons.lang3.builder.ToStringBuilderTest#test_setUpToClass_invalid
* Finished org.apache.commons.lang3.builder.ToStringBuilderTest#test_setUpToClass_invalid
* Started org.apache.commons.lang3.builder.ToStringBuilderTest#testBoolean
* Finished org.apache.commons.lang3.builder.ToStringBuilderTest#testBoolean
* Started org.apache.commons.lang3.builder.ToStringBuilderTest#testReflectionDoubleArrayArray
* Finished org.apache.commons.lang3.builder.ToStringBuilderTest#testReflectionDoubleArrayArray
* Started org.apache.commons.lang3.builder.ToStringBuilderTest#testReflectionBooleanArray
* Finished org.apache.commons.lang3.builder.ToStringBuilderTest#testReflectionBooleanArray
* Started org.apache.commons.lang3.builder.ToStringBuilderTest#testReflectionInteger
* Finished org.apache.commons.lang3.builder.ToStringBuilderTest#testReflectionInteger
* Started org.apache.commons.lang3.builder.ToStringBuilderTest#testBooleanArray
* Finished org.apache.commons.lang3.builder.ToStringBuilderTest#testBooleanArray
* Started org.apache.commons.lang3.builder.ToStringBuilderTest#testFloatArrayArray
* Finished org.apache.commons.lang3.builder.ToStringBuilderTest#testFloatArrayArray
* Started org.apache.commons.lang3.builder.ToStringBuilderTest#testReflectionyteArray
* Finished org.apache.commons.lang3.builder.ToStringBuilderTest#testReflectionyteArray
* Started org.apache.commons.lang3.builder.ToStringBuilderTest#testReflectionDoubleArray
* Finished org.apache.commons.lang3.builder.ToStringBuilderTest#testReflectionDoubleArray
* Started org.apache.commons.lang3.builder.ToStringBuilderTest#testReflectionIntArrayArray
* Finished org.apache.commons.lang3.builder.ToStringBuilderTest#testReflectionIntArrayArray
* Started org.apache.commons.lang3.builder.ToStringBuilderTest#testSimpleReflectionStatics
* Finished org.apache.commons.lang3.builder.ToStringBuilderTest#testSimpleReflectionStatics
* Started org.apache.commons.lang3.builder.ToStringBuilderTest#testReflectionStatics
* Finished org.apache.commons.lang3.builder.ToStringBuilderTest#testReflectionStatics
* Started org.apache.commons.lang3.builder.ToStringBuilderTest#testReflectionLongArray
* Finished org.apache.commons.lang3.builder.ToStringBuilderTest#testReflectionLongArray
* Started org.apache.commons.lang3.builder.ToStringBuilderTest#testReflectionhortArrayArray
* Finished org.apache.commons.lang3.builder.ToStringBuilderTest#testReflectionhortArrayArray
* Started org.apache.commons.lang3.builder.ToStringBuilderTest#testConstructorEx1
* Finished org.apache.commons.lang3.builder.ToStringBuilderTest#testConstructorEx1
* Started org.apache.commons.lang3.builder.ToStringBuilderTest#testConstructorEx2
* Finished org.apache.commons.lang3.builder.ToStringBuilderTest#testConstructorEx2
* Started org.apache.commons.lang3.builder.ToStringBuilderTest#testConstructorEx3
* Finished org.apache.commons.lang3.builder.ToStringBuilderTest#testConstructorEx3
* Started org.apache.commons.lang3.builder.ToStringBuilderTest#testReflectionObjectArray
* Finished org.apache.commons.lang3.builder.ToStringBuilderTest#testReflectionObjectArray
* Started org.apache.commons.lang3.builder.ToStringBuilderTest#testReflectionObjectCycle
* Finished org.apache.commons.lang3.builder.ToStringBuilderTest#testReflectionObjectCycle
* Started org.apache.commons.lang3.builder.ToStringBuilderTest#testReflectionBooleanArrayArray
* Finished org.apache.commons.lang3.builder.ToStringBuilderTest#testReflectionBooleanArrayArray
* Started org.apache.commons.lang3.builder.ToStringBuilderTest#testLongArray
* Finished org.apache.commons.lang3.builder.ToStringBuilderTest#testLongArray
* Started org.apache.commons.lang3.builder.ToStringBuilderTest#testSimpleReflectionObjectCycle
* Finished org.apache.commons.lang3.builder.ToStringBuilderTest#testSimpleReflectionObjectCycle
* Started org.apache.commons.lang3.builder.ToStringBuilderTest#testShortArray
* Finished org.apache.commons.lang3.builder.ToStringBuilderTest#testShortArray
* Started org.apache.commons.lang3.builder.ToStringBuilderTest#testIntArrayArray
* Finished org.apache.commons.lang3.builder.ToStringBuilderTest#testIntArrayArray
* Started org.apache.commons.lang3.builder.ToStringBuilderTest#testInheritedReflectionStatics
* Finished org.apache.commons.lang3.builder.ToStringBuilderTest#testInheritedReflectionStatics
* Started org.apache.commons.lang3.builder.ToStringBuilderTest#testReflectionByteArrayArray
* Finished org.apache.commons.lang3.builder.ToStringBuilderTest#testReflectionByteArrayArray
* Started org.apache.commons.lang3.builder.ToStringBuilderTest#testReflectionArrayCycleLevel2
* Finished org.apache.commons.lang3.builder.ToStringBuilderTest#testReflectionArrayCycleLevel2
* Started org.apache.commons.lang3.builder.ToStringBuilderTest#testAppendToString
* Finished org.apache.commons.lang3.builder.ToStringBuilderTest#testAppendToString
* Started org.apache.commons.lang3.builder.ToStringBuilderTest#testReflectionArrayAndObjectCycle
* Finished org.apache.commons.lang3.builder.ToStringBuilderTest#testReflectionArrayAndObjectCycle
* Started org.apache.commons.lang3.builder.ToStringBuilderTest#testSetDefaultEx
* Finished org.apache.commons.lang3.builder.ToStringBuilderTest#testSetDefaultEx
* Started org.apache.commons.lang3.builder.ToStringBuilderTest#testReflectionCharArrayArray
* Finished org.apache.commons.lang3.builder.ToStringBuilderTest#testReflectionCharArrayArray
* Started org.apache.commons.lang3.builder.ToStringBuilderTest#testIntArray
* Finished org.apache.commons.lang3.builder.ToStringBuilderTest#testIntArray
* Started org.apache.commons.lang3.builder.ToStringBuilderTest#testDouble
* Finished org.apache.commons.lang3.builder.ToStringBuilderTest#testDouble
* Started org.apache.commons.lang3.builder.ToStringBuilderTest#testByteArrayArray
* Finished org.apache.commons.lang3.builder.ToStringBuilderTest#testByteArrayArray
* Started org.apache.commons.lang3.builder.ToStringBuilderTest#testReflectionShortArray
* Finished org.apache.commons.lang3.builder.ToStringBuilderTest#testReflectionShortArray
* Started org.apache.commons.lang3.builder.ToStringBuilderTest#testCharArrayArray
* Finished org.apache.commons.lang3.builder.ToStringBuilderTest#testCharArrayArray
* Started org.apache.commons.lang3.builder.ToStringBuilderTest#testSelfInstanceVarReflectionObjectCycle
* Finished org.apache.commons.lang3.builder.ToStringBuilderTest#testSelfInstanceVarReflectionObjectCycle
* Started org.apache.commons.lang3.builder.ToStringBuilderTest#testObject
* Finished org.apache.commons.lang3.builder.ToStringBuilderTest#testObject
* Started org.apache.commons.lang3.builder.ToStringBuilderTest#testAppendSuper
* Finished org.apache.commons.lang3.builder.ToStringBuilderTest#testAppendSuper
* Started org.apache.commons.lang3.builder.ToStringBuilderTest#testReflectionIntArray
* Finished org.apache.commons.lang3.builder.ToStringBuilderTest#testReflectionIntArray
* Started org.apache.commons.lang3.builder.ToStringBuilderTest#testReflectionCharArray
* Finished org.apache.commons.lang3.builder.ToStringBuilderTest#testReflectionCharArray
* Started org.apache.commons.lang3.builder.ToStringBuilderTest#testGetSetDefault
* Finished org.apache.commons.lang3.builder.ToStringBuilderTest#testGetSetDefault
* Started org.apache.commons.lang3.builder.ToStringBuilderTest#testInnerClassReflection
* Finished org.apache.commons.lang3.builder.ToStringBuilderTest#testInnerClassReflection
* Started org.apache.commons.lang3.builder.ToStringBuilderTest#testReflectionCharacter
* Finished org.apache.commons.lang3.builder.ToStringBuilderTest#testReflectionCharacter
* Started org.apache.commons.lang3.builder.ToStringBuilderTest#testDoubleArray
* Finished org.apache.commons.lang3.builder.ToStringBuilderTest#testDoubleArray
* Started org.apache.commons.lang3.builder.ToStringBuilderTest#testReflectionFloatArrayArray
* Finished org.apache.commons.lang3.builder.ToStringBuilderTest#testReflectionFloatArrayArray
* Started org.apache.commons.lang3.builder.SimpleToStringStyleTest#testObjectArray
* Finished org.apache.commons.lang3.builder.SimpleToStringStyleTest#testObjectArray
* Started org.apache.commons.lang3.builder.SimpleToStringStyleTest#testBlank
* Finished org.apache.commons.lang3.builder.SimpleToStringStyleTest#testBlank
* Started org.apache.commons.lang3.builder.SimpleToStringStyleTest#testLong
* Finished org.apache.commons.lang3.builder.SimpleToStringStyleTest#testLong
* Started org.apache.commons.lang3.builder.SimpleToStringStyleTest#testLongArrayArray
* Finished org.apache.commons.lang3.builder.SimpleToStringStyleTest#testLongArrayArray
* Started org.apache.commons.lang3.builder.SimpleToStringStyleTest#testLongArray
* Finished org.apache.commons.lang3.builder.SimpleToStringStyleTest#testLongArray
* Started org.apache.commons.lang3.builder.SimpleToStringStyleTest#testObject
* Finished org.apache.commons.lang3.builder.SimpleToStringStyleTest#testObject
* Started org.apache.commons.lang3.builder.SimpleToStringStyleTest#testPerson
* Finished org.apache.commons.lang3.builder.SimpleToStringStyleTest#testPerson
* Started org.apache.commons.lang3.builder.SimpleToStringStyleTest#testAppendSuper
* Finished org.apache.commons.lang3.builder.SimpleToStringStyleTest#testAppendSuper
* Started org.apache.commons.lang3.builder.NoFieldNamesToStringStyleTest#testObjectArray
* Finished org.apache.commons.lang3.builder.NoFieldNamesToStringStyleTest#testObjectArray
* Started org.apache.commons.lang3.builder.NoFieldNamesToStringStyleTest#testBlank
* Finished org.apache.commons.lang3.builder.NoFieldNamesToStringStyleTest#testBlank
* Started org.apache.commons.lang3.builder.NoFieldNamesToStringStyleTest#testLong
* Finished org.apache.commons.lang3.builder.NoFieldNamesToStringStyleTest#testLong
* Started org.apache.commons.lang3.builder.NoFieldNamesToStringStyleTest#testLongArrayArray
* Finished org.apache.commons.lang3.builder.NoFieldNamesToStringStyleTest#testLongArrayArray
* Started org.apache.commons.lang3.builder.NoFieldNamesToStringStyleTest#testLongArray
* Finished org.apache.commons.lang3.builder.NoFieldNamesToStringStyleTest#testLongArray
* Started org.apache.commons.lang3.builder.NoFieldNamesToStringStyleTest#testObject
* Finished org.apache.commons.lang3.builder.NoFieldNamesToStringStyleTest#testObject
* Started org.apache.commons.lang3.builder.NoFieldNamesToStringStyleTest#testPerson
* Finished org.apache.commons.lang3.builder.NoFieldNamesToStringStyleTest#testPerson
* Started org.apache.commons.lang3.builder.NoFieldNamesToStringStyleTest#testAppendSuper
* Finished org.apache.commons.lang3.builder.NoFieldNamesToStringStyleTest#testAppendSuper
* Started org.apache.commons.lang3.builder.ShortPrefixToStringStyleTest#testObjectArray
* Finished org.apache.commons.lang3.builder.ShortPrefixToStringStyleTest#testObjectArray
* Started org.apache.commons.lang3.builder.ShortPrefixToStringStyleTest#testBlank
* Finished org.apache.commons.lang3.builder.ShortPrefixToStringStyleTest#testBlank
* Started org.apache.commons.lang3.builder.ShortPrefixToStringStyleTest#testLong
* Finished org.apache.commons.lang3.builder.ShortPrefixToStringStyleTest#testLong
* Started org.apache.commons.lang3.builder.ShortPrefixToStringStyleTest#testLongArrayArray
* Finished org.apache.commons.lang3.builder.ShortPrefixToStringStyleTest#testLongArrayArray
* Started org.apache.commons.lang3.builder.ShortPrefixToStringStyleTest#testLongArray
* Finished org.apache.commons.lang3.builder.ShortPrefixToStringStyleTest#testLongArray
* Started org.apache.commons.lang3.builder.ShortPrefixToStringStyleTest#testObject
* Finished org.apache.commons.lang3.builder.ShortPrefixToStringStyleTest#testObject
* Started org.apache.commons.lang3.builder.ShortPrefixToStringStyleTest#testPerson
* Finished org.apache.commons.lang3.builder.ShortPrefixToStringStyleTest#testPerson
* Started org.apache.commons.lang3.builder.ShortPrefixToStringStyleTest#testAppendSuper
* Finished org.apache.commons.lang3.builder.ShortPrefixToStringStyleTest#testAppendSuper
* Started org.apache.commons.lang3.builder.ReflectionToStringBuilderExcludeTest#test_toStringExcludeEmptyCollection
* Finished org.apache.commons.lang3.builder.ReflectionToStringBuilderExcludeTest#test_toStringExcludeEmptyCollection
* Started org.apache.commons.lang3.builder.ReflectionToStringBuilderExcludeTest#test_toStringExcludeArrayWithNull
* Finished org.apache.commons.lang3.builder.ReflectionToStringBuilderExcludeTest#test_toStringExcludeArrayWithNull
* Started org.apache.commons.lang3.builder.ReflectionToStringBuilderExcludeTest#test_toStringExcludeArray
* Finished org.apache.commons.lang3.builder.ReflectionToStringBuilderExcludeTest#test_toStringExcludeArray
* Started org.apache.commons.lang3.builder.ReflectionToStringBuilderExcludeTest#test_toStringExcludeNullCollection
* Finished org.apache.commons.lang3.builder.ReflectionToStringBuilderExcludeTest#test_toStringExcludeNullCollection
* Started org.apache.commons.lang3.builder.ReflectionToStringBuilderExcludeTest#test_toStringExcludeCollection
* Finished org.apache.commons.lang3.builder.ReflectionToStringBuilderExcludeTest#test_toStringExcludeCollection
* Started org.apache.commons.lang3.builder.ReflectionToStringBuilderExcludeTest#test_toStringExcludeNullArray
* Finished org.apache.commons.lang3.builder.ReflectionToStringBuilderExcludeTest#test_toStringExcludeNullArray
* Started org.apache.commons.lang3.builder.ReflectionToStringBuilderExcludeTest#test_toStringExcludeEmptyArray
* Finished org.apache.commons.lang3.builder.ReflectionToStringBuilderExcludeTest#test_toStringExcludeEmptyArray
* Started org.apache.commons.lang3.builder.ReflectionToStringBuilderExcludeTest#test_toStringExclude
* Finished org.apache.commons.lang3.builder.ReflectionToStringBuilderExcludeTest#test_toStringExclude
* Started org.apache.commons.lang3.builder.ReflectionToStringBuilderExcludeTest#test_toStringExcludeCollectionWithNulls
* Finished org.apache.commons.lang3.builder.ReflectionToStringBuilderExcludeTest#test_toStringExcludeCollectionWithNulls
* Started org.apache.commons.lang3.builder.ReflectionToStringBuilderExcludeTest#test_toStringExcludeArrayWithNulls
* Finished org.apache.commons.lang3.builder.ReflectionToStringBuilderExcludeTest#test_toStringExcludeArrayWithNulls
* Started org.apache.commons.lang3.builder.ReflectionToStringBuilderExcludeTest#test_toStringExcludeCollectionWithNull
* Finished org.apache.commons.lang3.builder.ReflectionToStringBuilderExcludeTest#test_toStringExcludeCollectionWithNull
* Started org.apache.commons.lang3.builder.DefaultToStringStyleTest#testObjectArray
* Finished org.apache.commons.lang3.builder.DefaultToStringStyleTest#testObjectArray
* Started org.apache.commons.lang3.builder.DefaultToStringStyleTest#testBlank
* Finished org.apache.commons.lang3.builder.DefaultToStringStyleTest#testBlank
* Started org.apache.commons.lang3.builder.DefaultToStringStyleTest#testLong
* Finished org.apache.commons.lang3.builder.DefaultToStringStyleTest#testLong
* Started org.apache.commons.lang3.builder.DefaultToStringStyleTest#testLongArrayArray
* Finished org.apache.commons.lang3.builder.DefaultToStringStyleTest#testLongArrayArray
* Started org.apache.commons.lang3.builder.DefaultToStringStyleTest#testLongArray
* Finished org.apache.commons.lang3.builder.DefaultToStringStyleTest#testLongArray
* Started org.apache.commons.lang3.builder.DefaultToStringStyleTest#testObject
* Finished org.apache.commons.lang3.builder.DefaultToStringStyleTest#testObject
* Started org.apache.commons.lang3.builder.DefaultToStringStyleTest#testPerson
* Finished org.apache.commons.lang3.builder.DefaultToStringStyleTest#testPerson
* Started org.apache.commons.lang3.builder.DefaultToStringStyleTest#testAppendSuper
* Finished org.apache.commons.lang3.builder.DefaultToStringStyleTest#testAppendSuper
* Started org.apache.commons.lang3.builder.ToStringStyleTest#testSetContentEnd
* Finished org.apache.commons.lang3.builder.ToStringStyleTest#testSetContentEnd
* Started org.apache.commons.lang3.builder.ToStringStyleTest#testSetSizeStartText
* Finished org.apache.commons.lang3.builder.ToStringStyleTest#testSetSizeStartText
* Started org.apache.commons.lang3.builder.ToStringStyleTest#testSetContentStart
* Finished org.apache.commons.lang3.builder.ToStringStyleTest#testSetContentStart
* Started org.apache.commons.lang3.builder.ToStringStyleTest#testSetNullText
* Finished org.apache.commons.lang3.builder.ToStringStyleTest#testSetNullText
* Started org.apache.commons.lang3.builder.ToStringStyleTest#testSetSizeEndText
* Finished org.apache.commons.lang3.builder.ToStringStyleTest#testSetSizeEndText
* Started org.apache.commons.lang3.builder.ToStringStyleTest#testSetFieldNameValueSeparator
* Finished org.apache.commons.lang3.builder.ToStringStyleTest#testSetFieldNameValueSeparator
* Started org.apache.commons.lang3.builder.ToStringStyleTest#testSetArrayEnd
* Finished org.apache.commons.lang3.builder.ToStringStyleTest#testSetArrayEnd
* Started org.apache.commons.lang3.builder.ToStringStyleTest#testSetSummaryObjectStartText
* Finished org.apache.commons.lang3.builder.ToStringStyleTest#testSetSummaryObjectStartText
* Started org.apache.commons.lang3.builder.ToStringStyleTest#testSetFieldSeparator
* Finished org.apache.commons.lang3.builder.ToStringStyleTest#testSetFieldSeparator
* Started org.apache.commons.lang3.builder.ToStringStyleTest#testSetArraySeparator
* Finished org.apache.commons.lang3.builder.ToStringStyleTest#testSetArraySeparator
* Started org.apache.commons.lang3.builder.ToStringStyleTest#testSetArrayStart
* Finished org.apache.commons.lang3.builder.ToStringStyleTest#testSetArrayStart
* Started org.apache.commons.lang3.builder.ToStringStyleTest#testSetSummaryObjectEndText
* Finished org.apache.commons.lang3.builder.ToStringStyleTest#testSetSummaryObjectEndText
* Started org.apache.commons.lang3.CharEncodingTest#testMustBeSupportedJava1_3_1
* Finished org.apache.commons.lang3.CharEncodingTest#testMustBeSupportedJava1_3_1
* Started org.apache.commons.lang3.CharEncodingTest#testNotSupported
* Finished org.apache.commons.lang3.CharEncodingTest#testNotSupported
* Started org.apache.commons.lang3.CharEncodingTest#testWorksOnJava1_1_8
* Finished org.apache.commons.lang3.CharEncodingTest#testWorksOnJava1_1_8
* Started org.apache.commons.lang3.CharEncodingTest#testWorksOnJava1_2_2
* Finished org.apache.commons.lang3.CharEncodingTest#testWorksOnJava1_2_2
* Started org.apache.commons.lang3.CharEncodingTest#testConstructor
* Finished org.apache.commons.lang3.CharEncodingTest#testConstructor
* Started org.apache.commons.lang3.LocaleUtilsTest#testAvailableLocaleSet
* Finished org.apache.commons.lang3.LocaleUtilsTest#testAvailableLocaleSet
* Started org.apache.commons.lang3.LocaleUtilsTest#testIsAvailableLocale
* Finished org.apache.commons.lang3.LocaleUtilsTest#testIsAvailableLocale
* Started org.apache.commons.lang3.LocaleUtilsTest#testAvailableLocaleList
* Finished org.apache.commons.lang3.LocaleUtilsTest#testAvailableLocaleList
* Started org.apache.commons.lang3.LocaleUtilsTest#testLang328
* Finished org.apache.commons.lang3.LocaleUtilsTest#testLang328
* Started org.apache.commons.lang3.LocaleUtilsTest#testCountriesByLanguage
* Finished org.apache.commons.lang3.LocaleUtilsTest#testCountriesByLanguage
* Started org.apache.commons.lang3.LocaleUtilsTest#testLocaleLookupList_LocaleLocale
* Finished org.apache.commons.lang3.LocaleUtilsTest#testLocaleLookupList_LocaleLocale
* Started org.apache.commons.lang3.LocaleUtilsTest#testLanguagesByCountry
* Finished org.apache.commons.lang3.LocaleUtilsTest#testLanguagesByCountry
* Started org.apache.commons.lang3.LocaleUtilsTest#testToLocale_1Part
* Finished org.apache.commons.lang3.LocaleUtilsTest#testToLocale_1Part
* Started org.apache.commons.lang3.LocaleUtilsTest#testToLocale_2Part
* Finished org.apache.commons.lang3.LocaleUtilsTest#testToLocale_2Part
* Started org.apache.commons.lang3.LocaleUtilsTest#testToLocale_3Part
* Finished org.apache.commons.lang3.LocaleUtilsTest#testToLocale_3Part
* Started org.apache.commons.lang3.LocaleUtilsTest#testLocaleLookupList_Locale
* Finished org.apache.commons.lang3.LocaleUtilsTest#testLocaleLookupList_Locale
* Started org.apache.commons.lang3.LocaleUtilsTest#testConstructor
* Finished org.apache.commons.lang3.LocaleUtilsTest#testConstructor
* Started org.apache.commons.lang3.time.DateUtilsTest#testParseDateWithLeniency
* Finished org.apache.commons.lang3.time.DateUtilsTest#testParseDateWithLeniency
* Started org.apache.commons.lang3.time.DateUtilsTest#testAddMinutes
* Finished org.apache.commons.lang3.time.DateUtilsTest#testAddMinutes
* Started org.apache.commons.lang3.time.DateUtilsTest#testMonthIterator
* Finished org.apache.commons.lang3.time.DateUtilsTest#testMonthIterator
* Started org.apache.commons.lang3.time.DateUtilsTest#testRoundLang346
* Finished org.apache.commons.lang3.time.DateUtilsTest#testRoundLang346
* Started org.apache.commons.lang3.time.DateUtilsTest#testSetMilliseconds
* Finished org.apache.commons.lang3.time.DateUtilsTest#testSetMilliseconds
* Started org.apache.commons.lang3.time.DateUtilsTest#testTruncate
* Finished org.apache.commons.lang3.time.DateUtilsTest#testTruncate
* Started org.apache.commons.lang3.time.DateUtilsTest#testIsSameLocalTime_Cal
* Finished org.apache.commons.lang3.time.DateUtilsTest#testIsSameLocalTime_Cal
* Started org.apache.commons.lang3.time.DateUtilsTest#testAddDays
* Finished org.apache.commons.lang3.time.DateUtilsTest#testAddDays
* Started org.apache.commons.lang3.time.DateUtilsTest#testRound
* Finished org.apache.commons.lang3.time.DateUtilsTest#testRound
* Started org.apache.commons.lang3.time.DateUtilsTest#testParseDate
* Finished org.apache.commons.lang3.time.DateUtilsTest#testParseDate
* Started org.apache.commons.lang3.time.DateUtilsTest#testCeil
* Finished org.apache.commons.lang3.time.DateUtilsTest#testCeil
* Started org.apache.commons.lang3.time.DateUtilsTest#testAddSeconds
* Finished org.apache.commons.lang3.time.DateUtilsTest#testAddSeconds
* Started org.apache.commons.lang3.time.DateUtilsTest#testSetMinutes
* Finished org.apache.commons.lang3.time.DateUtilsTest#testSetMinutes
* Started org.apache.commons.lang3.time.DateUtilsTest#testAddHours
* Finished org.apache.commons.lang3.time.DateUtilsTest#testAddHours
* Started org.apache.commons.lang3.time.DateUtilsTest#testAddWeeks
* Finished org.apache.commons.lang3.time.DateUtilsTest#testAddWeeks
* Started org.apache.commons.lang3.time.DateUtilsTest#testAddYears
* Finished org.apache.commons.lang3.time.DateUtilsTest#testAddYears
* Started org.apache.commons.lang3.time.DateUtilsTest#testTruncateLang59
* Finished org.apache.commons.lang3.time.DateUtilsTest#testTruncateLang59
* Started org.apache.commons.lang3.time.DateUtilsTest#testIsSameInstant_Date
* Finished org.apache.commons.lang3.time.DateUtilsTest#testIsSameInstant_Date
* Started org.apache.commons.lang3.time.DateUtilsTest#testLang530
* Finished org.apache.commons.lang3.time.DateUtilsTest#testLang530
* Started org.apache.commons.lang3.time.DateUtilsTest#testSetSeconds
* Finished org.apache.commons.lang3.time.DateUtilsTest#testSetSeconds
* Started org.apache.commons.lang3.time.DateUtilsTest#testIsSameInstant_Cal
* Finished org.apache.commons.lang3.time.DateUtilsTest#testIsSameInstant_Cal
* Started org.apache.commons.lang3.time.DateUtilsTest#testAddMonths
* Finished org.apache.commons.lang3.time.DateUtilsTest#testAddMonths
* Started org.apache.commons.lang3.time.DateUtilsTest#testWeekIterator
* Finished org.apache.commons.lang3.time.DateUtilsTest#testWeekIterator
* Started org.apache.commons.lang3.time.DateUtilsTest#testSetMonths
* Finished org.apache.commons.lang3.time.DateUtilsTest#testSetMonths
* Started org.apache.commons.lang3.time.DateUtilsTest#testSetDays
* Finished org.apache.commons.lang3.time.DateUtilsTest#testSetDays
* Started org.apache.commons.lang3.time.DateUtilsTest#testIsSameDay_Date
* Finished org.apache.commons.lang3.time.DateUtilsTest#testIsSameDay_Date
* Started org.apache.commons.lang3.time.DateUtilsTest#testIsSameDay_Cal
* Finished org.apache.commons.lang3.time.DateUtilsTest#testIsSameDay_Cal
* Started org.apache.commons.lang3.time.DateUtilsTest#testIteratorEx
* Finished org.apache.commons.lang3.time.DateUtilsTest#testIteratorEx
* Started org.apache.commons.lang3.time.DateUtilsTest#testAddMilliseconds
* Finished org.apache.commons.lang3.time.DateUtilsTest#testAddMilliseconds
* Started org.apache.commons.lang3.time.DateUtilsTest#testConstructor
* Finished org.apache.commons.lang3.time.DateUtilsTest#testConstructor
* Started org.apache.commons.lang3.time.DateUtilsTest#testSetHours
* Finished org.apache.commons.lang3.time.DateUtilsTest#testSetHours
* Started org.apache.commons.lang3.time.DateUtilsTest#testSetYears
* Finished org.apache.commons.lang3.time.DateUtilsTest#testSetYears
* Started org.apache.commons.lang3.exception.ExceptionUtilsTest#testIndexOfType_ThrowableClass
* Finished org.apache.commons.lang3.exception.ExceptionUtilsTest#testIndexOfType_ThrowableClass
* Started org.apache.commons.lang3.exception.ExceptionUtilsTest#test_getRootCauseMessage_Throwable
* Finished org.apache.commons.lang3.exception.ExceptionUtilsTest#test_getRootCauseMessage_Throwable
* Started org.apache.commons.lang3.exception.ExceptionUtilsTest#testGetThrowableList_Throwable_null
* Finished org.apache.commons.lang3.exception.ExceptionUtilsTest#testGetThrowableList_Throwable_null
* Started org.apache.commons.lang3.exception.ExceptionUtilsTest#testGetThrowables_Throwable_nested
* Finished org.apache.commons.lang3.exception.ExceptionUtilsTest#testGetThrowables_Throwable_nested
* Started org.apache.commons.lang3.exception.ExceptionUtilsTest#testGetThrowableList_Throwable_jdkNoCause
* Finished org.apache.commons.lang3.exception.ExceptionUtilsTest#testGetThrowableList_Throwable_jdkNoCause
* Started org.apache.commons.lang3.exception.ExceptionUtilsTest#testGetThrowables_Throwable_null
* Finished org.apache.commons.lang3.exception.ExceptionUtilsTest#testGetThrowables_Throwable_null
* Started org.apache.commons.lang3.exception.ExceptionUtilsTest#testGetThrowableList_Throwable_nested
* Finished org.apache.commons.lang3.exception.ExceptionUtilsTest#testGetThrowableList_Throwable_nested
* Started org.apache.commons.lang3.exception.ExceptionUtilsTest#test_getMessage_Throwable
* Finished org.apache.commons.lang3.exception.ExceptionUtilsTest#test_getMessage_Throwable
* Started org.apache.commons.lang3.exception.ExceptionUtilsTest#testGetThrowables_Throwable_withCause
* Finished org.apache.commons.lang3.exception.ExceptionUtilsTest#testGetThrowables_Throwable_withCause
* Started org.apache.commons.lang3.exception.ExceptionUtilsTest#testGetCause_Throwable
* Finished org.apache.commons.lang3.exception.ExceptionUtilsTest#testGetCause_Throwable
* Started org.apache.commons.lang3.exception.ExceptionUtilsTest#testRemoveCommonFrames_ListList
* Finished org.apache.commons.lang3.exception.ExceptionUtilsTest#testRemoveCommonFrames_ListList
* Started org.apache.commons.lang3.exception.ExceptionUtilsTest#testPrintRootCauseStackTrace_Throwable
* Finished org.apache.commons.lang3.exception.ExceptionUtilsTest#testPrintRootCauseStackTrace_Throwable
* Started org.apache.commons.lang3.exception.ExceptionUtilsTest#testIndexOf_ThrowableClass
* Finished org.apache.commons.lang3.exception.ExceptionUtilsTest#testIndexOf_ThrowableClass
* Started org.apache.commons.lang3.exception.ExceptionUtilsTest#testPrintRootCauseStackTrace_ThrowableStream
* Finished org.apache.commons.lang3.exception.ExceptionUtilsTest#testPrintRootCauseStackTrace_ThrowableStream
* Started org.apache.commons.lang3.exception.ExceptionUtilsTest#testGetThrowableList_Throwable_withoutCause
* Finished org.apache.commons.lang3.exception.ExceptionUtilsTest#testGetThrowableList_Throwable_withoutCause
* Started org.apache.commons.lang3.exception.ExceptionUtilsTest#testPrintRootCauseStackTrace_ThrowableWriter
* Finished org.apache.commons.lang3.exception.ExceptionUtilsTest#testPrintRootCauseStackTrace_ThrowableWriter
* Started org.apache.commons.lang3.exception.ExceptionUtilsTest#testGetRootCauseStackTrace_Throwable
* Finished org.apache.commons.lang3.exception.ExceptionUtilsTest#testGetRootCauseStackTrace_Throwable
* Started org.apache.commons.lang3.exception.ExceptionUtilsTest#testGetThrowableCount_Throwable
* Finished org.apache.commons.lang3.exception.ExceptionUtilsTest#testGetThrowableCount_Throwable
* Started org.apache.commons.lang3.exception.ExceptionUtilsTest#testGetCause_ThrowableArray
* Finished org.apache.commons.lang3.exception.ExceptionUtilsTest#testGetCause_ThrowableArray
* Started org.apache.commons.lang3.exception.ExceptionUtilsTest#testGetThrowables_Throwable_withoutCause
* Finished org.apache.commons.lang3.exception.ExceptionUtilsTest#testGetThrowables_Throwable_withoutCause
* Started org.apache.commons.lang3.exception.ExceptionUtilsTest#testIndexOf_ThrowableClassInt
* Finished org.apache.commons.lang3.exception.ExceptionUtilsTest#testIndexOf_ThrowableClassInt
* Started org.apache.commons.lang3.exception.ExceptionUtilsTest#testGetThrowables_Throwable_recursiveCause
* Finished org.apache.commons.lang3.exception.ExceptionUtilsTest#testGetThrowables_Throwable_recursiveCause
* Started org.apache.commons.lang3.exception.ExceptionUtilsTest#testIndexOfType_ThrowableClassInt
* Finished org.apache.commons.lang3.exception.ExceptionUtilsTest#testIndexOfType_ThrowableClassInt
* Started org.apache.commons.lang3.exception.ExceptionUtilsTest#testGetThrowableList_Throwable_recursiveCause
* Finished org.apache.commons.lang3.exception.ExceptionUtilsTest#testGetThrowableList_Throwable_recursiveCause
* Started org.apache.commons.lang3.exception.ExceptionUtilsTest#testGetThrowables_Throwable_jdkNoCause
* Finished org.apache.commons.lang3.exception.ExceptionUtilsTest#testGetThrowables_Throwable_jdkNoCause
* Started org.apache.commons.lang3.exception.ExceptionUtilsTest#testGetThrowableList_Throwable_withCause
* Finished org.apache.commons.lang3.exception.ExceptionUtilsTest#testGetThrowableList_Throwable_withCause
* Started org.apache.commons.lang3.exception.ExceptionUtilsTest#testConstructor
* Finished org.apache.commons.lang3.exception.ExceptionUtilsTest#testConstructor
* Started org.apache.commons.lang3.exception.ExceptionUtilsTest#testGetRootCause_Throwable
* Finished org.apache.commons.lang3.exception.ExceptionUtilsTest#testGetRootCause_Throwable
* Started org.apache.commons.lang3.exception.DefaultExceptionContextTest#testGetValue
* Finished org.apache.commons.lang3.exception.DefaultExceptionContextTest#testGetValue
* Started org.apache.commons.lang3.exception.DefaultExceptionContextTest#testGetLabelSet
* Finished org.apache.commons.lang3.exception.DefaultExceptionContextTest#testGetLabelSet
* Started org.apache.commons.lang3.exception.DefaultExceptionContextTest#testAddValue
* Finished org.apache.commons.lang3.exception.DefaultExceptionContextTest#testAddValue
* Started org.apache.commons.lang3.exception.DefaultExceptionContextTest#testFormattedExceptionMessageNull
* Finished org.apache.commons.lang3.exception.DefaultExceptionContextTest#testFormattedExceptionMessageNull
* Started org.apache.commons.lang3.exception.DefaultExceptionContextTest#testReplaceValue
* Finished org.apache.commons.lang3.exception.DefaultExceptionContextTest#testReplaceValue
* Started org.apache.commons.lang3.exception.ContextedExceptionTest#testContextedException
* Finished org.apache.commons.lang3.exception.ContextedExceptionTest#testContextedException
* Started org.apache.commons.lang3.exception.ContextedExceptionTest#testNullExceptionPassing
* Finished org.apache.commons.lang3.exception.ContextedExceptionTest#testNullExceptionPassing
* Started org.apache.commons.lang3.exception.ContextedExceptionTest#testAddValue
* Finished org.apache.commons.lang3.exception.ContextedExceptionTest#testAddValue
* Started org.apache.commons.lang3.exception.ContextedExceptionTest#testContextedExceptionThrowable
* Finished org.apache.commons.lang3.exception.ContextedExceptionTest#testContextedExceptionThrowable
* Started org.apache.commons.lang3.exception.ContextedExceptionTest#testContextedExceptionStringThrowableContext
* Finished org.apache.commons.lang3.exception.ContextedExceptionTest#testContextedExceptionStringThrowableContext
* Started org.apache.commons.lang3.exception.ContextedExceptionTest#testContextedExceptionString
* Finished org.apache.commons.lang3.exception.ContextedExceptionTest#testContextedExceptionString
* Started org.apache.commons.lang3.exception.ContextedExceptionTest#testReplaceValue
* Finished org.apache.commons.lang3.exception.ContextedExceptionTest#testReplaceValue
* Started org.apache.commons.lang3.exception.ContextedExceptionTest#testContextedExceptionStringThrowable
* Finished org.apache.commons.lang3.exception.ContextedExceptionTest#testContextedExceptionStringThrowable
* Started org.apache.commons.lang3.exception.ContextedRuntimeExceptionTest#testContextedException
* Finished org.apache.commons.lang3.exception.ContextedRuntimeExceptionTest#testContextedException
* Started org.apache.commons.lang3.exception.ContextedRuntimeExceptionTest#testNullExceptionPassing
* Finished org.apache.commons.lang3.exception.ContextedRuntimeExceptionTest#testNullExceptionPassing
* Started org.apache.commons.lang3.exception.ContextedRuntimeExceptionTest#testAddValue
* Finished org.apache.commons.lang3.exception.ContextedRuntimeExceptionTest#testAddValue
* Started org.apache.commons.lang3.exception.ContextedRuntimeExceptionTest#testContextedExceptionThrowable
* Finished org.apache.commons.lang3.exception.ContextedRuntimeExceptionTest#testContextedExceptionThrowable
* Started org.apache.commons.lang3.exception.ContextedRuntimeExceptionTest#testContextedExceptionStringThrowableContext
* Finished org.apache.commons.lang3.exception.ContextedRuntimeExceptionTest#testContextedExceptionStringThrowableContext
* Started org.apache.commons.lang3.exception.ContextedRuntimeExceptionTest#testContextedExceptionString
* Finished org.apache.commons.lang3.exception.ContextedRuntimeExceptionTest#testContextedExceptionString
* Started org.apache.commons.lang3.exception.ContextedRuntimeExceptionTest#testReplaceValue
* Finished org.apache.commons.lang3.exception.ContextedRuntimeExceptionTest#testReplaceValue
* Started org.apache.commons.lang3.exception.ContextedRuntimeExceptionTest#testContextedExceptionStringThrowable
* Finished org.apache.commons.lang3.exception.ContextedRuntimeExceptionTest#testContextedExceptionStringThrowable
* Started org.apache.commons.lang3.text.WordUtilsTest#testCapitalizeWithDelimiters_String
* Finished org.apache.commons.lang3.text.WordUtilsTest#testCapitalizeWithDelimiters_String
* Started org.apache.commons.lang3.text.WordUtilsTest#testUncapitalize_String
* Finished org.apache.commons.lang3.text.WordUtilsTest#testUncapitalize_String
* Started org.apache.commons.lang3.text.WordUtilsTest#testWrap_StringIntStringBoolean
* Finished org.apache.commons.lang3.text.WordUtilsTest#testWrap_StringIntStringBoolean
* Started org.apache.commons.lang3.text.WordUtilsTest#testCapitalize_String
* Finished org.apache.commons.lang3.text.WordUtilsTest#testCapitalize_String
* Started org.apache.commons.lang3.text.WordUtilsTest#testCapitalizeFully_String
* Finished org.apache.commons.lang3.text.WordUtilsTest#testCapitalizeFully_String
* Started org.apache.commons.lang3.text.WordUtilsTest#testWrap_StringInt
* Finished org.apache.commons.lang3.text.WordUtilsTest#testWrap_StringInt
* Started org.apache.commons.lang3.text.WordUtilsTest#testInitials_String_charArray
* Finished org.apache.commons.lang3.text.WordUtilsTest#testInitials_String_charArray
* Started org.apache.commons.lang3.text.WordUtilsTest#testUncapitalizeWithDelimiters_String
* Finished org.apache.commons.lang3.text.WordUtilsTest#testUncapitalizeWithDelimiters_String
* Started org.apache.commons.lang3.text.WordUtilsTest#testAbbreviate
* Finished org.apache.commons.lang3.text.WordUtilsTest#testAbbreviate
* Started org.apache.commons.lang3.text.WordUtilsTest#testInitials_String
* Finished org.apache.commons.lang3.text.WordUtilsTest#testInitials_String
* Started org.apache.commons.lang3.text.WordUtilsTest#testCapitalizeFullyWithDelimiters_String
* Finished org.apache.commons.lang3.text.WordUtilsTest#testCapitalizeFullyWithDelimiters_String
* Started org.apache.commons.lang3.text.WordUtilsTest#testSwapCase_String
* Finished org.apache.commons.lang3.text.WordUtilsTest#testSwapCase_String
* Started org.apache.commons.lang3.text.WordUtilsTest#testConstructor
* Finished org.apache.commons.lang3.text.WordUtilsTest#testConstructor
* Started org.apache.commons.lang3.text.ExtendedMessageFormatTest#testBuiltInDateTimeFormat
* Finished org.apache.commons.lang3.text.ExtendedMessageFormatTest#testBuiltInDateTimeFormat
* Started org.apache.commons.lang3.text.ExtendedMessageFormatTest#testOverriddenBuiltinFormat
* Finished org.apache.commons.lang3.text.ExtendedMessageFormatTest#testOverriddenBuiltinFormat
* Started org.apache.commons.lang3.text.ExtendedMessageFormatTest#testBuiltInChoiceFormat
* Finished org.apache.commons.lang3.text.ExtendedMessageFormatTest#testBuiltInChoiceFormat
* Started org.apache.commons.lang3.text.ExtendedMessageFormatTest#testEscapedQuote_LANG_477
* Finished org.apache.commons.lang3.text.ExtendedMessageFormatTest#testEscapedQuote_LANG_477
* Started org.apache.commons.lang3.text.ExtendedMessageFormatTest#testExtendedFormats
* Finished org.apache.commons.lang3.text.ExtendedMessageFormatTest#testExtendedFormats
* Started org.apache.commons.lang3.text.ExtendedMessageFormatTest#testExtendedAndBuiltInFormats
* Finished org.apache.commons.lang3.text.ExtendedMessageFormatTest#testExtendedAndBuiltInFormats
* Started org.apache.commons.lang3.text.ExtendedMessageFormatTest#testBuiltInNumberFormat
* Finished org.apache.commons.lang3.text.ExtendedMessageFormatTest#testBuiltInNumberFormat
* Started org.apache.commons.lang3.text.StrBuilderAppendInsertTest#testAppendWithSeparators_Collection
* Finished org.apache.commons.lang3.text.StrBuilderAppendInsertTest#testAppendWithSeparators_Collection
* Started org.apache.commons.lang3.text.StrBuilderAppendInsertTest#testInsertWithNullText
* Finished org.apache.commons.lang3.text.StrBuilderAppendInsertTest#testInsertWithNullText
* Started org.apache.commons.lang3.text.StrBuilderAppendInsertTest#testAppendFixedWidthPadRight_int
* Finished org.apache.commons.lang3.text.StrBuilderAppendInsertTest#testAppendFixedWidthPadRight_int
* Started org.apache.commons.lang3.text.StrBuilderAppendInsertTest#testAppendln_PrimitiveNumber
* Finished org.apache.commons.lang3.text.StrBuilderAppendInsertTest#testAppendln_PrimitiveNumber
* Started org.apache.commons.lang3.text.StrBuilderAppendInsertTest#testAppend_Boolean
* Finished org.apache.commons.lang3.text.StrBuilderAppendInsertTest#testAppend_Boolean
* Started org.apache.commons.lang3.text.StrBuilderAppendInsertTest#testAppendln_Boolean
* Finished org.apache.commons.lang3.text.StrBuilderAppendInsertTest#testAppendln_Boolean
* Started org.apache.commons.lang3.text.StrBuilderAppendInsertTest#testAppend_StrBuilder_int_int
* Finished org.apache.commons.lang3.text.StrBuilderAppendInsertTest#testAppend_StrBuilder_int_int
* Started org.apache.commons.lang3.text.StrBuilderAppendInsertTest#testAppendln_CharArray_int_int
* Finished org.apache.commons.lang3.text.StrBuilderAppendInsertTest#testAppendln_CharArray_int_int
* Started org.apache.commons.lang3.text.StrBuilderAppendInsertTest#testAppendFixedWidthPadLeft
* Finished org.apache.commons.lang3.text.StrBuilderAppendInsertTest#testAppendFixedWidthPadLeft
* Started org.apache.commons.lang3.text.StrBuilderAppendInsertTest#testAppendln_String_int_int
* Finished org.apache.commons.lang3.text.StrBuilderAppendInsertTest#testAppendln_String_int_int
* Started org.apache.commons.lang3.text.StrBuilderAppendInsertTest#testAppendFixedWidthPadLeft_int
* Finished org.apache.commons.lang3.text.StrBuilderAppendInsertTest#testAppendFixedWidthPadLeft_int
* Started org.apache.commons.lang3.text.StrBuilderAppendInsertTest#testAppendAll_Collection
* Finished org.apache.commons.lang3.text.StrBuilderAppendInsertTest#testAppendAll_Collection
* Started org.apache.commons.lang3.text.StrBuilderAppendInsertTest#testAppendNewLine
* Finished org.apache.commons.lang3.text.StrBuilderAppendInsertTest#testAppendNewLine
* Started org.apache.commons.lang3.text.StrBuilderAppendInsertTest#testAppend_CharArray_int_int
* Finished org.apache.commons.lang3.text.StrBuilderAppendInsertTest#testAppend_CharArray_int_int
* Started org.apache.commons.lang3.text.StrBuilderAppendInsertTest#testAppendln_StringBuffer
* Finished org.apache.commons.lang3.text.StrBuilderAppendInsertTest#testAppendln_StringBuffer
* Started org.apache.commons.lang3.text.StrBuilderAppendInsertTest#testAppendAll_Iterator
* Finished org.apache.commons.lang3.text.StrBuilderAppendInsertTest#testAppendAll_Iterator
* Started org.apache.commons.lang3.text.StrBuilderAppendInsertTest#testAppendSeparator_char_char
* Finished org.apache.commons.lang3.text.StrBuilderAppendInsertTest#testAppendSeparator_char_char
* Started org.apache.commons.lang3.text.StrBuilderAppendInsertTest#testLang299
* Finished org.apache.commons.lang3.text.StrBuilderAppendInsertTest#testLang299
* Started org.apache.commons.lang3.text.StrBuilderAppendInsertTest#testAppendWithSeparators_Iterator
* Finished org.apache.commons.lang3.text.StrBuilderAppendInsertTest#testAppendWithSeparators_Iterator
* Started org.apache.commons.lang3.text.StrBuilderAppendInsertTest#testAppendWithNullText
* Finished org.apache.commons.lang3.text.StrBuilderAppendInsertTest#testAppendWithNullText
* Started org.apache.commons.lang3.text.StrBuilderAppendInsertTest#testAppendln_StrBuilder
* Finished org.apache.commons.lang3.text.StrBuilderAppendInsertTest#testAppendln_StrBuilder
* Started org.apache.commons.lang3.text.StrBuilderAppendInsertTest#testAppendln_Object
* Finished org.apache.commons.lang3.text.StrBuilderAppendInsertTest#testAppendln_Object
* Started org.apache.commons.lang3.text.StrBuilderAppendInsertTest#testAppend_StrBuilder
* Finished org.apache.commons.lang3.text.StrBuilderAppendInsertTest#testAppend_StrBuilder
* Started org.apache.commons.lang3.text.StrBuilderAppendInsertTest#testAppendSeparator_String
* Finished org.apache.commons.lang3.text.StrBuilderAppendInsertTest#testAppendSeparator_String
* Started org.apache.commons.lang3.text.StrBuilderAppendInsertTest#testAppendln_String
* Finished org.apache.commons.lang3.text.StrBuilderAppendInsertTest#testAppendln_String
* Started org.apache.commons.lang3.text.StrBuilderAppendInsertTest#testAppendSeparator_char_int
* Finished org.apache.commons.lang3.text.StrBuilderAppendInsertTest#testAppendSeparator_char_int
* Started org.apache.commons.lang3.text.StrBuilderAppendInsertTest#testAppendSeparator_String_String
* Finished org.apache.commons.lang3.text.StrBuilderAppendInsertTest#testAppendSeparator_String_String
* Started org.apache.commons.lang3.text.StrBuilderAppendInsertTest#testAppendAll_Array
* Finished org.apache.commons.lang3.text.StrBuilderAppendInsertTest#testAppendAll_Array
* Started org.apache.commons.lang3.text.StrBuilderAppendInsertTest#testAppendSeparator_char
* Finished org.apache.commons.lang3.text.StrBuilderAppendInsertTest#testAppendSeparator_char
* Started org.apache.commons.lang3.text.StrBuilderAppendInsertTest#testAppend_StringBuffer
* Finished org.apache.commons.lang3.text.StrBuilderAppendInsertTest#testAppend_StringBuffer
* Started org.apache.commons.lang3.text.StrBuilderAppendInsertTest#testAppendWithSeparatorsWithNullText
* Finished org.apache.commons.lang3.text.StrBuilderAppendInsertTest#testAppendWithSeparatorsWithNullText
* Started org.apache.commons.lang3.text.StrBuilderAppendInsertTest#testAppendSeparator_String_int
* Finished org.apache.commons.lang3.text.StrBuilderAppendInsertTest#testAppendSeparator_String_int
* Started org.apache.commons.lang3.text.StrBuilderAppendInsertTest#testAppendln_StringBuffer_int_int
* Finished org.apache.commons.lang3.text.StrBuilderAppendInsertTest#testAppendln_StringBuffer_int_int
* Started org.apache.commons.lang3.text.StrBuilderAppendInsertTest#testAppend_Object
* Finished org.apache.commons.lang3.text.StrBuilderAppendInsertTest#testAppend_Object
* Started org.apache.commons.lang3.text.StrBuilderAppendInsertTest#testAppend_StringBuffer_int_int
* Finished org.apache.commons.lang3.text.StrBuilderAppendInsertTest#testAppend_StringBuffer_int_int
* Started org.apache.commons.lang3.text.StrBuilderAppendInsertTest#testAppendPadding
* Finished org.apache.commons.lang3.text.StrBuilderAppendInsertTest#testAppendPadding
* Started org.apache.commons.lang3.text.StrBuilderAppendInsertTest#testAppend_String
* Finished org.apache.commons.lang3.text.StrBuilderAppendInsertTest#testAppend_String
* Started org.apache.commons.lang3.text.StrBuilderAppendInsertTest#testAppend_String_int_int
* Finished org.apache.commons.lang3.text.StrBuilderAppendInsertTest#testAppend_String_int_int
* Started org.apache.commons.lang3.text.StrBuilderAppendInsertTest#testAppend_PrimitiveNumber
* Finished org.apache.commons.lang3.text.StrBuilderAppendInsertTest#testAppend_PrimitiveNumber
* Started org.apache.commons.lang3.text.StrBuilderAppendInsertTest#testInsert
* Finished org.apache.commons.lang3.text.StrBuilderAppendInsertTest#testInsert
* Started org.apache.commons.lang3.text.StrBuilderAppendInsertTest#testAppendFixedWidthPadRight
* Finished org.apache.commons.lang3.text.StrBuilderAppendInsertTest#testAppendFixedWidthPadRight
* Started org.apache.commons.lang3.text.StrBuilderAppendInsertTest#testAppendln_StrBuilder_int_int
* Finished org.apache.commons.lang3.text.StrBuilderAppendInsertTest#testAppendln_StrBuilder_int_int
* Started org.apache.commons.lang3.text.StrBuilderAppendInsertTest#testAppend_CharArray
* Finished org.apache.commons.lang3.text.StrBuilderAppendInsertTest#testAppend_CharArray
* Started org.apache.commons.lang3.text.StrBuilderAppendInsertTest#testAppendln_CharArray
* Finished org.apache.commons.lang3.text.StrBuilderAppendInsertTest#testAppendln_CharArray
* Started org.apache.commons.lang3.text.StrBuilderAppendInsertTest#testAppendWithSeparators_Array
* Finished org.apache.commons.lang3.text.StrBuilderAppendInsertTest#testAppendWithSeparators_Array
* Started org.apache.commons.lang3.text.StrTokenizerTest#testCSVSimple
* Finished org.apache.commons.lang3.text.StrTokenizerTest#testCSVSimple
* Started org.apache.commons.lang3.text.StrTokenizerTest#testBasicDelim1
* Finished org.apache.commons.lang3.text.StrTokenizerTest#testBasicDelim1
* Started org.apache.commons.lang3.text.StrTokenizerTest#testBasicDelim2
* Finished org.apache.commons.lang3.text.StrTokenizerTest#testBasicDelim2
* Started org.apache.commons.lang3.text.StrTokenizerTest#testBasicEmpty1
* Finished org.apache.commons.lang3.text.StrTokenizerTest#testBasicEmpty1
* Started org.apache.commons.lang3.text.StrTokenizerTest#testBasicEmpty2
* Finished org.apache.commons.lang3.text.StrTokenizerTest#testBasicEmpty2
* Started org.apache.commons.lang3.text.StrTokenizerTest#testConstructor_charArray_char
* Finished org.apache.commons.lang3.text.StrTokenizerTest#testConstructor_charArray_char
* Started org.apache.commons.lang3.text.StrTokenizerTest#testTSV
* Finished org.apache.commons.lang3.text.StrTokenizerTest#testTSV
* Started org.apache.commons.lang3.text.StrTokenizerTest#testIteration
* Finished org.apache.commons.lang3.text.StrTokenizerTest#testIteration
* Started org.apache.commons.lang3.text.StrTokenizerTest#testConstructor_String_char_char
* Finished org.apache.commons.lang3.text.StrTokenizerTest#testConstructor_String_char_char
* Started org.apache.commons.lang3.text.StrTokenizerTest#testReset
* Finished org.apache.commons.lang3.text.StrTokenizerTest#testReset
* Started org.apache.commons.lang3.text.StrTokenizerTest#testReset_charArray
* Finished org.apache.commons.lang3.text.StrTokenizerTest#testReset_charArray
* Started org.apache.commons.lang3.text.StrTokenizerTest#testToString
* Finished org.apache.commons.lang3.text.StrTokenizerTest#testToString
* Started org.apache.commons.lang3.text.StrTokenizerTest#testTokenizeSubclassOutputChange
* Finished org.apache.commons.lang3.text.StrTokenizerTest#testTokenizeSubclassOutputChange
* Started org.apache.commons.lang3.text.StrTokenizerTest#testListArray
* Finished org.apache.commons.lang3.text.StrTokenizerTest#testListArray
* Started org.apache.commons.lang3.text.StrTokenizerTest#testBasicQuoted1
* Finished org.apache.commons.lang3.text.StrTokenizerTest#testBasicQuoted1
* Started org.apache.commons.lang3.text.StrTokenizerTest#testBasicQuoted2
* Finished org.apache.commons.lang3.text.StrTokenizerTest#testBasicQuoted2
* Started org.apache.commons.lang3.text.StrTokenizerTest#testBasicQuoted3
* Finished org.apache.commons.lang3.text.StrTokenizerTest#testBasicQuoted3
* Started org.apache.commons.lang3.text.StrTokenizerTest#testBasicQuoted4
* Finished org.apache.commons.lang3.text.StrTokenizerTest#testBasicQuoted4
* Started org.apache.commons.lang3.text.StrTokenizerTest#testBasicQuoted5
* Finished org.apache.commons.lang3.text.StrTokenizerTest#testBasicQuoted5
* Started org.apache.commons.lang3.text.StrTokenizerTest#testBasicQuoted6
* Finished org.apache.commons.lang3.text.StrTokenizerTest#testBasicQuoted6
* Started org.apache.commons.lang3.text.StrTokenizerTest#testBasicQuoted7
* Finished org.apache.commons.lang3.text.StrTokenizerTest#testBasicQuoted7
* Started org.apache.commons.lang3.text.StrTokenizerTest#testCloneNotSupportedException
* Finished org.apache.commons.lang3.text.StrTokenizerTest#testCloneNotSupportedException
* Started org.apache.commons.lang3.text.StrTokenizerTest#testReset_String
* Finished org.apache.commons.lang3.text.StrTokenizerTest#testReset_String
* Started org.apache.commons.lang3.text.StrTokenizerTest#testTSVEmpty
* Finished org.apache.commons.lang3.text.StrTokenizerTest#testTSVEmpty
* Started org.apache.commons.lang3.text.StrTokenizerTest#testConstructor_String
* Finished org.apache.commons.lang3.text.StrTokenizerTest#testConstructor_String
* Started org.apache.commons.lang3.text.StrTokenizerTest#testCloneNull
* Finished org.apache.commons.lang3.text.StrTokenizerTest#testCloneNull
* Started org.apache.commons.lang3.text.StrTokenizerTest#test1
* Finished org.apache.commons.lang3.text.StrTokenizerTest#test1
* Started org.apache.commons.lang3.text.StrTokenizerTest#test2
* Finished org.apache.commons.lang3.text.StrTokenizerTest#test2
* Started org.apache.commons.lang3.text.StrTokenizerTest#test3
* Finished org.apache.commons.lang3.text.StrTokenizerTest#test3
* Started org.apache.commons.lang3.text.StrTokenizerTest#test4
* Finished org.apache.commons.lang3.text.StrTokenizerTest#test4
* Started org.apache.commons.lang3.text.StrTokenizerTest#test5
* Finished org.apache.commons.lang3.text.StrTokenizerTest#test5
* Started org.apache.commons.lang3.text.StrTokenizerTest#test6
* Finished org.apache.commons.lang3.text.StrTokenizerTest#test6
* Started org.apache.commons.lang3.text.StrTokenizerTest#test7
* Finished org.apache.commons.lang3.text.StrTokenizerTest#test7
* Started org.apache.commons.lang3.text.StrTokenizerTest#test8
* Finished org.apache.commons.lang3.text.StrTokenizerTest#test8
* Started org.apache.commons.lang3.text.StrTokenizerTest#testConstructor_String_char
* Finished org.apache.commons.lang3.text.StrTokenizerTest#testConstructor_String_char
* Started org.apache.commons.lang3.text.StrTokenizerTest#testTokenizeSubclassInputChange
* Finished org.apache.commons.lang3.text.StrTokenizerTest#testTokenizeSubclassInputChange
* Started org.apache.commons.lang3.text.StrTokenizerTest#testCSVEmpty
* Finished org.apache.commons.lang3.text.StrTokenizerTest#testCSVEmpty
* Started org.apache.commons.lang3.text.StrTokenizerTest#testConstructor_charArray
* Finished org.apache.commons.lang3.text.StrTokenizerTest#testConstructor_charArray
* Started org.apache.commons.lang3.text.StrTokenizerTest#testConstructor_charArray_char_char
* Finished org.apache.commons.lang3.text.StrTokenizerTest#testConstructor_charArray_char_char
* Started org.apache.commons.lang3.text.StrTokenizerTest#testCSVSimpleNeedsTrim
* Finished org.apache.commons.lang3.text.StrTokenizerTest#testCSVSimpleNeedsTrim
* Started org.apache.commons.lang3.text.StrTokenizerTest#testBasicIgnoreTrimmed1
* Finished org.apache.commons.lang3.text.StrTokenizerTest#testBasicIgnoreTrimmed1
* Started org.apache.commons.lang3.text.StrTokenizerTest#testBasicIgnoreTrimmed2
* Finished org.apache.commons.lang3.text.StrTokenizerTest#testBasicIgnoreTrimmed2
* Started org.apache.commons.lang3.text.StrTokenizerTest#testBasicIgnoreTrimmed3
* Finished org.apache.commons.lang3.text.StrTokenizerTest#testBasicIgnoreTrimmed3
* Started org.apache.commons.lang3.text.StrTokenizerTest#testBasicIgnoreTrimmed4
* Finished org.apache.commons.lang3.text.StrTokenizerTest#testBasicIgnoreTrimmed4
* Started org.apache.commons.lang3.text.StrTokenizerTest#testBasicQuotedTrimmed1
* Finished org.apache.commons.lang3.text.StrTokenizerTest#testBasicQuotedTrimmed1
* Started org.apache.commons.lang3.text.StrTokenizerTest#testBasic1
* Finished org.apache.commons.lang3.text.StrTokenizerTest#testBasic1
* Started org.apache.commons.lang3.text.StrTokenizerTest#testBasic2
* Finished org.apache.commons.lang3.text.StrTokenizerTest#testBasic2
* Started org.apache.commons.lang3.text.StrTokenizerTest#testBasic3
* Finished org.apache.commons.lang3.text.StrTokenizerTest#testBasic3
* Started org.apache.commons.lang3.text.StrTokenizerTest#testBasic4
* Finished org.apache.commons.lang3.text.StrTokenizerTest#testBasic4
* Started org.apache.commons.lang3.text.StrTokenizerTest#testBasic5
* Finished org.apache.commons.lang3.text.StrTokenizerTest#testBasic5
* Started org.apache.commons.lang3.text.StrTokenizerTest#testGetContent
* Finished org.apache.commons.lang3.text.StrTokenizerTest#testGetContent
* Started org.apache.commons.lang3.text.StrTokenizerTest#testCloneReset
* Finished org.apache.commons.lang3.text.StrTokenizerTest#testCloneReset
* Started org.apache.commons.lang3.text.StrTokenizerTest#testBasicTrimmed1
* Finished org.apache.commons.lang3.text.StrTokenizerTest#testBasicTrimmed1
* Started org.apache.commons.lang3.text.StrTokenizerTest#testBasicTrimmed2
* Finished org.apache.commons.lang3.text.StrTokenizerTest#testBasicTrimmed2
* Started org.apache.commons.lang3.text.StrTokenizerTest#testChaining
* Finished org.apache.commons.lang3.text.StrTokenizerTest#testChaining
* Started org.apache.commons.lang3.ArrayUtilsTest#testNullToEmptyCharObject
* Finished org.apache.commons.lang3.ArrayUtilsTest#testNullToEmptyCharObject
* Started org.apache.commons.lang3.ArrayUtilsTest#testToPrimitive_double_double
* Finished org.apache.commons.lang3.ArrayUtilsTest#testToPrimitive_double_double
* Started org.apache.commons.lang3.ArrayUtilsTest#testNullToEmptyDoubleObject
* Finished org.apache.commons.lang3.ArrayUtilsTest#testNullToEmptyDoubleObject
* Started org.apache.commons.lang3.ArrayUtilsTest#testSubarrayBoolean
* Finished org.apache.commons.lang3.ArrayUtilsTest#testSubarrayBoolean
* Started org.apache.commons.lang3.ArrayUtilsTest#testNullToEmptyBoolean
* Finished org.apache.commons.lang3.ArrayUtilsTest#testNullToEmptyBoolean
* Started org.apache.commons.lang3.ArrayUtilsTest#testNullToEmptyInt
* Finished org.apache.commons.lang3.ArrayUtilsTest#testNullToEmptyInt
* Started org.apache.commons.lang3.ArrayUtilsTest#testToPrimitive_float
* Finished org.apache.commons.lang3.ArrayUtilsTest#testToPrimitive_float
* Started org.apache.commons.lang3.ArrayUtilsTest#testToPrimitive_short
* Finished org.apache.commons.lang3.ArrayUtilsTest#testToPrimitive_short
* Started org.apache.commons.lang3.ArrayUtilsTest#testNullToEmptyByte
* Finished org.apache.commons.lang3.ArrayUtilsTest#testNullToEmptyByte
* Started org.apache.commons.lang3.ArrayUtilsTest#testNullToEmptyChar
* Finished org.apache.commons.lang3.ArrayUtilsTest#testNullToEmptyChar
* Started org.apache.commons.lang3.ArrayUtilsTest#testNullToEmptyLong
* Finished org.apache.commons.lang3.ArrayUtilsTest#testNullToEmptyLong
* Started org.apache.commons.lang3.ArrayUtilsTest#testNullToEmptyDouble
* Finished org.apache.commons.lang3.ArrayUtilsTest#testNullToEmptyDouble
* Started org.apache.commons.lang3.ArrayUtilsTest#testContainsDoubleTolerance
* Finished org.apache.commons.lang3.ArrayUtilsTest#testContainsDoubleTolerance
* Started org.apache.commons.lang3.ArrayUtilsTest#testToPrimitive_byte_byte
* Finished org.apache.commons.lang3.ArrayUtilsTest#testToPrimitive_byte_byte
* Started org.apache.commons.lang3.ArrayUtilsTest#testToPrimitive_short_short
* Finished org.apache.commons.lang3.ArrayUtilsTest#testToPrimitive_short_short
* Started org.apache.commons.lang3.ArrayUtilsTest#testLastIndexOfShortWithStartIndex
* Finished org.apache.commons.lang3.ArrayUtilsTest#testLastIndexOfShortWithStartIndex
* Started org.apache.commons.lang3.ArrayUtilsTest#testIndexOfDoubleWithStartIndex
* Finished org.apache.commons.lang3.ArrayUtilsTest#testIndexOfDoubleWithStartIndex
* Started org.apache.commons.lang3.ArrayUtilsTest#testSameType
* Finished org.apache.commons.lang3.ArrayUtilsTest#testSameType
* Started org.apache.commons.lang3.ArrayUtilsTest#testArrayCreation
* Finished org.apache.commons.lang3.ArrayUtilsTest#testArrayCreation
* Started org.apache.commons.lang3.ArrayUtilsTest#testIndexOfBoolean
* Finished org.apache.commons.lang3.ArrayUtilsTest#testIndexOfBoolean
* Started org.apache.commons.lang3.ArrayUtilsTest#testNullToEmptyObject
* Finished org.apache.commons.lang3.ArrayUtilsTest#testNullToEmptyObject
* Started org.apache.commons.lang3.ArrayUtilsTest#testReverseInt
* Finished org.apache.commons.lang3.ArrayUtilsTest#testReverseInt
* Started org.apache.commons.lang3.ArrayUtilsTest#testLastIndexOfDouble
* Finished org.apache.commons.lang3.ArrayUtilsTest#testLastIndexOfDouble
* Started org.apache.commons.lang3.ArrayUtilsTest#testNullToEmptyString
* Finished org.apache.commons.lang3.ArrayUtilsTest#testNullToEmptyString
* Started org.apache.commons.lang3.ArrayUtilsTest#testNullToEmptyShortObject
* Finished org.apache.commons.lang3.ArrayUtilsTest#testNullToEmptyShortObject
* Started org.apache.commons.lang3.ArrayUtilsTest#testIsEmptyPrimitives
* Finished org.apache.commons.lang3.ArrayUtilsTest#testIsEmptyPrimitives
* Started org.apache.commons.lang3.ArrayUtilsTest#testClone
* Finished org.apache.commons.lang3.ArrayUtilsTest#testClone
* Started org.apache.commons.lang3.ArrayUtilsTest#testSameLengthInt
* Finished org.apache.commons.lang3.ArrayUtilsTest#testSameLengthInt
* Started org.apache.commons.lang3.ArrayUtilsTest#testToMap
* Finished org.apache.commons.lang3.ArrayUtilsTest#testToMap
* Started org.apache.commons.lang3.ArrayUtilsTest#testLastIndexOf
* Finished org.apache.commons.lang3.ArrayUtilsTest#testLastIndexOf
* Started org.apache.commons.lang3.ArrayUtilsTest#testReverseDouble
* Finished org.apache.commons.lang3.ArrayUtilsTest#testReverseDouble
* Started org.apache.commons.lang3.ArrayUtilsTest#testContainsByte
* Finished org.apache.commons.lang3.ArrayUtilsTest#testContainsByte
* Started org.apache.commons.lang3.ArrayUtilsTest#testContainsChar
* Finished org.apache.commons.lang3.ArrayUtilsTest#testContainsChar
* Started org.apache.commons.lang3.ArrayUtilsTest#testContainsLong
* Finished org.apache.commons.lang3.ArrayUtilsTest#testContainsLong
* Started org.apache.commons.lang3.ArrayUtilsTest#testIndexOfLongWithStartIndex
* Finished org.apache.commons.lang3.ArrayUtilsTest#testIndexOfLongWithStartIndex
* Started org.apache.commons.lang3.ArrayUtilsTest#testToPrimitive_boolean
* Finished org.apache.commons.lang3.ArrayUtilsTest#testToPrimitive_boolean
* Started org.apache.commons.lang3.ArrayUtilsTest#testLastIndexOfByte
* Finished org.apache.commons.lang3.ArrayUtilsTest#testLastIndexOfByte
* Started org.apache.commons.lang3.ArrayUtilsTest#testLastIndexOfChar
* Finished org.apache.commons.lang3.ArrayUtilsTest#testLastIndexOfChar
* Started org.apache.commons.lang3.ArrayUtilsTest#testLastIndexOfLong
* Finished org.apache.commons.lang3.ArrayUtilsTest#testLastIndexOfLong
* Started org.apache.commons.lang3.ArrayUtilsTest#testToString
* Finished org.apache.commons.lang3.ArrayUtilsTest#testToString
* Started org.apache.commons.lang3.ArrayUtilsTest#testCloneDouble
* Finished org.apache.commons.lang3.ArrayUtilsTest#testCloneDouble
* Started org.apache.commons.lang3.ArrayUtilsTest#testIndexOfDoubleTolerance
* Finished org.apache.commons.lang3.ArrayUtilsTest#testIndexOfDoubleTolerance
* Started org.apache.commons.lang3.ArrayUtilsTest#testIndexOfByteWithStartIndex
* Finished org.apache.commons.lang3.ArrayUtilsTest#testIndexOfByteWithStartIndex
* Started org.apache.commons.lang3.ArrayUtilsTest#testToPrimitive_double
* Finished org.apache.commons.lang3.ArrayUtilsTest#testToPrimitive_double
* Started org.apache.commons.lang3.ArrayUtilsTest#testSubarrayFloat
* Finished org.apache.commons.lang3.ArrayUtilsTest#testSubarrayFloat
* Started org.apache.commons.lang3.ArrayUtilsTest#testSubarrayShort
* Finished org.apache.commons.lang3.ArrayUtilsTest#testSubarrayShort
* Started org.apache.commons.lang3.ArrayUtilsTest#testLastIndexOfBoolean
* Finished org.apache.commons.lang3.ArrayUtilsTest#testLastIndexOfBoolean
* Started org.apache.commons.lang3.ArrayUtilsTest#testSubarrayInt
* Finished org.apache.commons.lang3.ArrayUtilsTest#testSubarrayInt
* Started org.apache.commons.lang3.ArrayUtilsTest#testLastIndexOfIntWithStartIndex
* Finished org.apache.commons.lang3.ArrayUtilsTest#testLastIndexOfIntWithStartIndex
* Started org.apache.commons.lang3.ArrayUtilsTest#testArrayCreationWithDifferentTypes
* Finished org.apache.commons.lang3.ArrayUtilsTest#testArrayCreationWithDifferentTypes
* Started org.apache.commons.lang3.ArrayUtilsTest#testIndexOfDoubleWithStartIndexTolerance
* Finished org.apache.commons.lang3.ArrayUtilsTest#testIndexOfDoubleWithStartIndexTolerance
* Started org.apache.commons.lang3.ArrayUtilsTest#testArrayCreationWithGeneralReturnType
* Finished org.apache.commons.lang3.ArrayUtilsTest#testArrayCreationWithGeneralReturnType
* Started org.apache.commons.lang3.ArrayUtilsTest#testContainsInt
* Finished org.apache.commons.lang3.ArrayUtilsTest#testContainsInt
* Started org.apache.commons.lang3.ArrayUtilsTest#testLastIndexOfDoubleWithStartIndexTolerance
* Finished org.apache.commons.lang3.ArrayUtilsTest#testLastIndexOfDoubleWithStartIndexTolerance
* Started org.apache.commons.lang3.ArrayUtilsTest#testToObject_double
* Finished org.apache.commons.lang3.ArrayUtilsTest#testToObject_double
* Started org.apache.commons.lang3.ArrayUtilsTest#testLastIndexOfInt
* Finished org.apache.commons.lang3.ArrayUtilsTest#testLastIndexOfInt
* Started org.apache.commons.lang3.ArrayUtilsTest#testSubarrayByte
* Finished org.apache.commons.lang3.ArrayUtilsTest#testSubarrayByte
* Started org.apache.commons.lang3.ArrayUtilsTest#testSubarrayLong
* Finished org.apache.commons.lang3.ArrayUtilsTest#testSubarrayLong
* Started org.apache.commons.lang3.ArrayUtilsTest#testSubarrChar
* Finished org.apache.commons.lang3.ArrayUtilsTest#testSubarrChar
* Started org.apache.commons.lang3.ArrayUtilsTest#testIsNotEmptyPrimitives
* Finished org.apache.commons.lang3.ArrayUtilsTest#testIsNotEmptyPrimitives
* Started org.apache.commons.lang3.ArrayUtilsTest#testToObject_byte
* Finished org.apache.commons.lang3.ArrayUtilsTest#testToObject_byte
* Started org.apache.commons.lang3.ArrayUtilsTest#testToObject_char
* Finished org.apache.commons.lang3.ArrayUtilsTest#testToObject_char
* Started org.apache.commons.lang3.ArrayUtilsTest#testToObject_long
* Finished org.apache.commons.lang3.ArrayUtilsTest#testToObject_long
* Started org.apache.commons.lang3.ArrayUtilsTest#testNullToEmptyFloat
* Finished org.apache.commons.lang3.ArrayUtilsTest#testNullToEmptyFloat
* Started org.apache.commons.lang3.ArrayUtilsTest#testToPrimitive_float_float
* Finished org.apache.commons.lang3.ArrayUtilsTest#testToPrimitive_float_float
* Started org.apache.commons.lang3.ArrayUtilsTest#testNullToEmptyShort
* Finished org.apache.commons.lang3.ArrayUtilsTest#testNullToEmptyShort
* Started org.apache.commons.lang3.ArrayUtilsTest#testLastIndexOfLongWithStartIndex
* Finished org.apache.commons.lang3.ArrayUtilsTest#testLastIndexOfLongWithStartIndex
* Started org.apache.commons.lang3.ArrayUtilsTest#testContainsFloat
* Finished org.apache.commons.lang3.ArrayUtilsTest#testContainsFloat
* Started org.apache.commons.lang3.ArrayUtilsTest#testContainsShort
* Finished org.apache.commons.lang3.ArrayUtilsTest#testContainsShort
* Started org.apache.commons.lang3.ArrayUtilsTest#testIsNotEmptyObject
* Finished org.apache.commons.lang3.ArrayUtilsTest#testIsNotEmptyObject
* Started org.apache.commons.lang3.ArrayUtilsTest#testToObject_int
* Finished org.apache.commons.lang3.ArrayUtilsTest#testToObject_int
* Started org.apache.commons.lang3.ArrayUtilsTest#testContainsBoolean
* Finished org.apache.commons.lang3.ArrayUtilsTest#testContainsBoolean
* Started org.apache.commons.lang3.ArrayUtilsTest#testIndexOfInt
* Finished org.apache.commons.lang3.ArrayUtilsTest#testIndexOfInt
* Started org.apache.commons.lang3.ArrayUtilsTest#testIndexOfFloat
* Finished org.apache.commons.lang3.ArrayUtilsTest#testIndexOfFloat
* Started org.apache.commons.lang3.ArrayUtilsTest#testIndexOfFloatWithStartIndex
* Finished org.apache.commons.lang3.ArrayUtilsTest#testIndexOfFloatWithStartIndex
* Started org.apache.commons.lang3.ArrayUtilsTest#testCloneByte
* Finished org.apache.commons.lang3.ArrayUtilsTest#testCloneByte
* Started org.apache.commons.lang3.ArrayUtilsTest#testCloneChar
* Finished org.apache.commons.lang3.ArrayUtilsTest#testCloneChar
* Started org.apache.commons.lang3.ArrayUtilsTest#testCloneLong
* Finished org.apache.commons.lang3.ArrayUtilsTest#testCloneLong
* Started org.apache.commons.lang3.ArrayUtilsTest#testIndexOfShort
* Finished org.apache.commons.lang3.ArrayUtilsTest#testIndexOfShort
* Started org.apache.commons.lang3.ArrayUtilsTest#testIsEquals
* Finished org.apache.commons.lang3.ArrayUtilsTest#testIsEquals
* Started org.apache.commons.lang3.ArrayUtilsTest#testEmptyArrayCreation
* Finished org.apache.commons.lang3.ArrayUtilsTest#testEmptyArrayCreation
* Started org.apache.commons.lang3.ArrayUtilsTest#testIndexOfCharWithStartIndex
* Finished org.apache.commons.lang3.ArrayUtilsTest#testIndexOfCharWithStartIndex
* Started org.apache.commons.lang3.ArrayUtilsTest#testLastIndexOfByteWithStartIndex
* Finished org.apache.commons.lang3.ArrayUtilsTest#testLastIndexOfByteWithStartIndex
* Started org.apache.commons.lang3.ArrayUtilsTest#testContains
* Finished org.apache.commons.lang3.ArrayUtilsTest#testContains
* Started org.apache.commons.lang3.ArrayUtilsTest#testToPrimitive_int
* Finished org.apache.commons.lang3.ArrayUtilsTest#testToPrimitive_int
* Started org.apache.commons.lang3.ArrayUtilsTest#testNullToEmptyFloatObject
* Finished org.apache.commons.lang3.ArrayUtilsTest#testNullToEmptyFloatObject
* Started org.apache.commons.lang3.ArrayUtilsTest#testCloneBoolean
* Finished org.apache.commons.lang3.ArrayUtilsTest#testCloneBoolean
* Started org.apache.commons.lang3.ArrayUtilsTest#testIndirectArrayCreation
* Finished org.apache.commons.lang3.ArrayUtilsTest#testIndirectArrayCreation
* Started org.apache.commons.lang3.ArrayUtilsTest#testToObject_boolean
* Finished org.apache.commons.lang3.ArrayUtilsTest#testToObject_boolean
* Started org.apache.commons.lang3.ArrayUtilsTest#testSameLengthDouble
* Finished org.apache.commons.lang3.ArrayUtilsTest#testSameLengthDouble
* Started org.apache.commons.lang3.ArrayUtilsTest#testToPrimitive_long_long
* Finished org.apache.commons.lang3.ArrayUtilsTest#testToPrimitive_long_long
* Started org.apache.commons.lang3.ArrayUtilsTest#testIndexOfBooleanWithStartIndex
* Finished org.apache.commons.lang3.ArrayUtilsTest#testIndexOfBooleanWithStartIndex
* Started org.apache.commons.lang3.ArrayUtilsTest#testIndexOfByte
* Finished org.apache.commons.lang3.ArrayUtilsTest#testIndexOfByte
* Started org.apache.commons.lang3.ArrayUtilsTest#testIndexOfChar
* Finished org.apache.commons.lang3.ArrayUtilsTest#testIndexOfChar
* Started org.apache.commons.lang3.ArrayUtilsTest#testIndexOfLong
* Finished org.apache.commons.lang3.ArrayUtilsTest#testIndexOfLong
* Started org.apache.commons.lang3.ArrayUtilsTest#testNullToEmptyLongObject
* Finished org.apache.commons.lang3.ArrayUtilsTest#testNullToEmptyLongObject
* Started org.apache.commons.lang3.ArrayUtilsTest#testReverse
* Finished org.apache.commons.lang3.ArrayUtilsTest#testReverse
* Started org.apache.commons.lang3.ArrayUtilsTest#testLastIndexOfDoubleTolerance
* Finished org.apache.commons.lang3.ArrayUtilsTest#testLastIndexOfDoubleTolerance
* Started org.apache.commons.lang3.ArrayUtilsTest#testToPrimitive_intNull
* Finished org.apache.commons.lang3.ArrayUtilsTest#testToPrimitive_intNull
* Started org.apache.commons.lang3.ArrayUtilsTest#testToPrimitive_int_int
* Finished org.apache.commons.lang3.ArrayUtilsTest#testToPrimitive_int_int
* Started org.apache.commons.lang3.ArrayUtilsTest#testSubarrayDouble
* Finished org.apache.commons.lang3.ArrayUtilsTest#testSubarrayDouble
* Started org.apache.commons.lang3.ArrayUtilsTest#testReverseByte
* Finished org.apache.commons.lang3.ArrayUtilsTest#testReverseByte
* Started org.apache.commons.lang3.ArrayUtilsTest#testReverseChar
* Finished org.apache.commons.lang3.ArrayUtilsTest#testReverseChar
* Started org.apache.commons.lang3.ArrayUtilsTest#testReverseLong
* Finished org.apache.commons.lang3.ArrayUtilsTest#testReverseLong
* Started org.apache.commons.lang3.ArrayUtilsTest#testReverseFloat
* Finished org.apache.commons.lang3.ArrayUtilsTest#testReverseFloat
* Started org.apache.commons.lang3.ArrayUtilsTest#testLastIndexOfWithStartIndex
* Finished org.apache.commons.lang3.ArrayUtilsTest#testLastIndexOfWithStartIndex
* Started org.apache.commons.lang3.ArrayUtilsTest#testReverseShort
* Finished org.apache.commons.lang3.ArrayUtilsTest#testReverseShort
* Started org.apache.commons.lang3.ArrayUtilsTest#testIndexOfDouble
* Finished org.apache.commons.lang3.ArrayUtilsTest#testIndexOfDouble
* Started org.apache.commons.lang3.ArrayUtilsTest#testLastIndexOfBooleanWithStartIndex
* Finished org.apache.commons.lang3.ArrayUtilsTest#testLastIndexOfBooleanWithStartIndex
* Started org.apache.commons.lang3.ArrayUtilsTest#testLastIndexOfFloatWithStartIndex
* Finished org.apache.commons.lang3.ArrayUtilsTest#testLastIndexOfFloatWithStartIndex
* Started org.apache.commons.lang3.ArrayUtilsTest#testSameLengthFloat
* Finished org.apache.commons.lang3.ArrayUtilsTest#testSameLengthFloat
* Started org.apache.commons.lang3.ArrayUtilsTest#testSubarrayObject
* Finished org.apache.commons.lang3.ArrayUtilsTest#testSubarrayObject
* Started org.apache.commons.lang3.ArrayUtilsTest#testSameLengthShort
* Finished org.apache.commons.lang3.ArrayUtilsTest#testSameLengthShort
* Started org.apache.commons.lang3.ArrayUtilsTest#testLastIndexOfCharWithStartIndex
* Finished org.apache.commons.lang3.ArrayUtilsTest#testLastIndexOfCharWithStartIndex
* Started org.apache.commons.lang3.ArrayUtilsTest#testNullToEmptyIntObject
* Finished org.apache.commons.lang3.ArrayUtilsTest#testNullToEmptyIntObject
* Started org.apache.commons.lang3.ArrayUtilsTest#testToObject_float
* Finished org.apache.commons.lang3.ArrayUtilsTest#testToObject_float
* Started org.apache.commons.lang3.ArrayUtilsTest#testToObject_short
* Finished org.apache.commons.lang3.ArrayUtilsTest#testToObject_short
* Started org.apache.commons.lang3.ArrayUtilsTest#testGetLength
* Finished org.apache.commons.lang3.ArrayUtilsTest#testGetLength
* Started org.apache.commons.lang3.ArrayUtilsTest#testLastIndexOfDoubleWithStartIndex
* Finished org.apache.commons.lang3.ArrayUtilsTest#testLastIndexOfDoubleWithStartIndex
* Started org.apache.commons.lang3.ArrayUtilsTest#testSameLengthByte
* Finished org.apache.commons.lang3.ArrayUtilsTest#testSameLengthByte
* Started org.apache.commons.lang3.ArrayUtilsTest#testSameLengthChar
* Finished org.apache.commons.lang3.ArrayUtilsTest#testSameLengthChar
* Started org.apache.commons.lang3.ArrayUtilsTest#testSameLengthLong
* Finished org.apache.commons.lang3.ArrayUtilsTest#testSameLengthLong
* Started org.apache.commons.lang3.ArrayUtilsTest#testLastIndexOfFloat
* Finished org.apache.commons.lang3.ArrayUtilsTest#testLastIndexOfFloat
* Started org.apache.commons.lang3.ArrayUtilsTest#testLastIndexOfShort
* Finished org.apache.commons.lang3.ArrayUtilsTest#testLastIndexOfShort
* Started org.apache.commons.lang3.ArrayUtilsTest#testCloneFloat
* Finished org.apache.commons.lang3.ArrayUtilsTest#testCloneFloat
* Started org.apache.commons.lang3.ArrayUtilsTest#testCloneShort
* Finished org.apache.commons.lang3.ArrayUtilsTest#testCloneShort
* Started org.apache.commons.lang3.ArrayUtilsTest#testToPrimitive_byte
* Finished org.apache.commons.lang3.ArrayUtilsTest#testToPrimitive_byte
* Started org.apache.commons.lang3.ArrayUtilsTest#testToPrimitive_char
* Finished org.apache.commons.lang3.ArrayUtilsTest#testToPrimitive_char
* Started org.apache.commons.lang3.ArrayUtilsTest#testToPrimitive_long
* Finished org.apache.commons.lang3.ArrayUtilsTest#testToPrimitive_long
* Started org.apache.commons.lang3.ArrayUtilsTest#testIsEmptyObject
* Finished org.apache.commons.lang3.ArrayUtilsTest#testIsEmptyObject
* Started org.apache.commons.lang3.ArrayUtilsTest#testIndexOf
* Finished org.apache.commons.lang3.ArrayUtilsTest#testIndexOf
* Started org.apache.commons.lang3.ArrayUtilsTest#testIndexOfShortWithStartIndex
* Finished org.apache.commons.lang3.ArrayUtilsTest#testIndexOfShortWithStartIndex
* Started org.apache.commons.lang3.ArrayUtilsTest#testSameLength
* Finished org.apache.commons.lang3.ArrayUtilsTest#testSameLength
* Started org.apache.commons.lang3.ArrayUtilsTest#testIndexOfIntWithStartIndex
* Finished org.apache.commons.lang3.ArrayUtilsTest#testIndexOfIntWithStartIndex
* Started org.apache.commons.lang3.ArrayUtilsTest#testCloneInt
* Finished org.apache.commons.lang3.ArrayUtilsTest#testCloneInt
* Started org.apache.commons.lang3.ArrayUtilsTest#testNullToEmptyByteObject
* Finished org.apache.commons.lang3.ArrayUtilsTest#testNullToEmptyByteObject
* Started org.apache.commons.lang3.ArrayUtilsTest#testSameLengthBoolean
* Finished org.apache.commons.lang3.ArrayUtilsTest#testSameLengthBoolean
* Started org.apache.commons.lang3.ArrayUtilsTest#testToPrimitive_char_char
* Finished org.apache.commons.lang3.ArrayUtilsTest#testToPrimitive_char_char
* Started org.apache.commons.lang3.ArrayUtilsTest#testIndirectEmptyArrayCreation
* Finished org.apache.commons.lang3.ArrayUtilsTest#testIndirectEmptyArrayCreation
* Started org.apache.commons.lang3.ArrayUtilsTest#testReverseBoolean
* Finished org.apache.commons.lang3.ArrayUtilsTest#testReverseBoolean
* Started org.apache.commons.lang3.ArrayUtilsTest#testToPrimitive_boolean_boolean
* Finished org.apache.commons.lang3.ArrayUtilsTest#testToPrimitive_boolean_boolean
* Started org.apache.commons.lang3.ArrayUtilsTest#testNullToEmptyBooleanObject
* Finished org.apache.commons.lang3.ArrayUtilsTest#testNullToEmptyBooleanObject
* Started org.apache.commons.lang3.ArrayUtilsTest#testConstructor
* Finished org.apache.commons.lang3.ArrayUtilsTest#testConstructor
* Started org.apache.commons.lang3.ArrayUtilsTest#testIndexOfWithStartIndex
* Finished org.apache.commons.lang3.ArrayUtilsTest#testIndexOfWithStartIndex
* Started org.apache.commons.lang3.ArrayUtilsTest#testContainsDouble
* Finished org.apache.commons.lang3.ArrayUtilsTest#testContainsDouble
* Started org.apache.commons.lang3.SystemUtilsTest#testJavaVersionMatches
* Finished org.apache.commons.lang3.SystemUtilsTest#testJavaVersionMatches
* Started org.apache.commons.lang3.SystemUtilsTest#testJavaVersionAtLeastInt
* Finished org.apache.commons.lang3.SystemUtilsTest#testJavaVersionAtLeastInt
* Started org.apache.commons.lang3.SystemUtilsTest#testOSMatchesNameAndVersion
* Finished org.apache.commons.lang3.SystemUtilsTest#testOSMatchesNameAndVersion
* Started org.apache.commons.lang3.SystemUtilsTest#testJavaVersionAsInt
* Failure: expected:<0> but was:<0.0> | testJavaVersionAsInt(org.apache.commons.lang3.SystemUtilsTest)
junit.framework.AssertionFailedError: expected:<0> but was:<0.0>
	at junit.framework.Assert.fail(Assert.java:57)
	at junit.framework.Assert.failNotEquals(Assert.java:329)
	at junit.framework.Assert.assertEquals(Assert.java:78)
	at junit.framework.Assert.assertEquals(Assert.java:86)
	at junit.framework.TestCase.assertEquals(TestCase.java:253)
	at org.apache.commons.lang3.SystemUtilsTest.testJavaVersionAsInt(SystemUtilsTest.java:210)
	at sun.reflect.NativeMethodAccessorImpl.invoke0(Native Method)
	at sun.reflect.NativeMethodAccessorImpl.invoke(NativeMethodAccessorImpl.java:57)
	at sun.reflect.DelegatingMethodAccessorImpl.invoke(DelegatingMethodAccessorImpl.java:43)
	at java.lang.reflect.Method.invoke(Method.java:606)
	at junit.framework.TestCase.runTest(TestCase.java:176)
	at junit.framework.TestCase.runBare(TestCase.java:141)
	at junit.framework.TestResult$1.protect(TestResult.java:122)
	at junit.framework.TestResult.runProtected(TestResult.java:142)
	at junit.framework.TestResult.run(TestResult.java:125)
	at junit.framework.TestCase.run(TestCase.java:129)
	at junit.framework.TestSuite.runTest(TestSuite.java:255)
	at junit.framework.TestSuite.run(TestSuite.java:250)
	at org.junit.internal.runners.JUnit38ClassRunner.run(JUnit38ClassRunner.java:84)
	at com.gzoltar.lib.instrumentation.testing.junit.a.call(Unknown Source)
	at java.util.concurrent.FutureTask.run(FutureTask.java:262)
	at java.util.concurrent.ThreadPoolExecutor.runWorker(ThreadPoolExecutor.java:1145)
	at java.util.concurrent.ThreadPoolExecutor$Worker.run(ThreadPoolExecutor.java:615)
	at java.lang.Thread.run(Thread.java:745)

* Finished org.apache.commons.lang3.SystemUtilsTest#testJavaVersionAsInt
* Started org.apache.commons.lang3.SystemUtilsTest#testIS_OS
* Finished org.apache.commons.lang3.SystemUtilsTest#testIS_OS
* Started org.apache.commons.lang3.SystemUtilsTest#testJavaVersionAtLeastFloat
* Finished org.apache.commons.lang3.SystemUtilsTest#testJavaVersionAtLeastFloat
* Started org.apache.commons.lang3.SystemUtilsTest#testGetJavaIoTmpDir
* Finished org.apache.commons.lang3.SystemUtilsTest#testGetJavaIoTmpDir
* Started org.apache.commons.lang3.SystemUtilsTest#testJavaAwtHeadless
* Finished org.apache.commons.lang3.SystemUtilsTest#testJavaAwtHeadless
* Started org.apache.commons.lang3.SystemUtilsTest#testGetUserDir
* Finished org.apache.commons.lang3.SystemUtilsTest#testGetUserDir
* Started org.apache.commons.lang3.SystemUtilsTest#testIS_JAVA
Can't test IS_JAVA value
* Finished org.apache.commons.lang3.SystemUtilsTest#testIS_JAVA
* Started org.apache.commons.lang3.SystemUtilsTest#testGetJavaHome
* Finished org.apache.commons.lang3.SystemUtilsTest#testGetJavaHome
* Started org.apache.commons.lang3.SystemUtilsTest#testJavaVersionAsFloat
* Finished org.apache.commons.lang3.SystemUtilsTest#testJavaVersionAsFloat
* Started org.apache.commons.lang3.SystemUtilsTest#testOSMatchesName
* Finished org.apache.commons.lang3.SystemUtilsTest#testOSMatchesName
* Started org.apache.commons.lang3.SystemUtilsTest#testGetUserHome
* Finished org.apache.commons.lang3.SystemUtilsTest#testGetUserHome
* Started org.apache.commons.lang3.SystemUtilsTest#testConstructor
* Finished org.apache.commons.lang3.SystemUtilsTest#testConstructor
* Started org.apache.commons.lang3.StringUtilsTrimEmptyTest#testStripStart_StringString
* Finished org.apache.commons.lang3.StringUtilsTrimEmptyTest#testStripStart_StringString
* Started org.apache.commons.lang3.StringUtilsTrimEmptyTest#testStripAll
* Finished org.apache.commons.lang3.StringUtilsTrimEmptyTest#testStripAll
* Started org.apache.commons.lang3.StringUtilsTrimEmptyTest#testTrim
* Finished org.apache.commons.lang3.StringUtilsTrimEmptyTest#testTrim
* Started org.apache.commons.lang3.StringUtilsTrimEmptyTest#testStripToNull_String
* Finished org.apache.commons.lang3.StringUtilsTrimEmptyTest#testStripToNull_String
* Started org.apache.commons.lang3.StringUtilsTrimEmptyTest#testIsNotBlank
* Finished org.apache.commons.lang3.StringUtilsTrimEmptyTest#testIsNotBlank
* Started org.apache.commons.lang3.StringUtilsTrimEmptyTest#testIsNotEmpty
* Finished org.apache.commons.lang3.StringUtilsTrimEmptyTest#testIsNotEmpty
* Started org.apache.commons.lang3.StringUtilsTrimEmptyTest#testStrip_StringString
* Finished org.apache.commons.lang3.StringUtilsTrimEmptyTest#testStrip_StringString
* Started org.apache.commons.lang3.StringUtilsTrimEmptyTest#testStripToEmpty_String
* Finished org.apache.commons.lang3.StringUtilsTrimEmptyTest#testStripToEmpty_String
* Started org.apache.commons.lang3.StringUtilsTrimEmptyTest#testTrimToEmpty
* Finished org.apache.commons.lang3.StringUtilsTrimEmptyTest#testTrimToEmpty
* Started org.apache.commons.lang3.StringUtilsTrimEmptyTest#testTrimToNull
* Finished org.apache.commons.lang3.StringUtilsTrimEmptyTest#testTrimToNull
* Started org.apache.commons.lang3.StringUtilsTrimEmptyTest#testStripAccents
* Finished org.apache.commons.lang3.StringUtilsTrimEmptyTest#testStripAccents
* Started org.apache.commons.lang3.StringUtilsTrimEmptyTest#testStripEnd_StringString
* Finished org.apache.commons.lang3.StringUtilsTrimEmptyTest#testStripEnd_StringString
* Started org.apache.commons.lang3.StringUtilsTrimEmptyTest#testIsBlank
* Finished org.apache.commons.lang3.StringUtilsTrimEmptyTest#testIsBlank
* Started org.apache.commons.lang3.StringUtilsTrimEmptyTest#testIsEmpty
* Finished org.apache.commons.lang3.StringUtilsTrimEmptyTest#testIsEmpty
* Started org.apache.commons.lang3.StringUtilsTrimEmptyTest#testStrip_String
* Finished org.apache.commons.lang3.StringUtilsTrimEmptyTest#testStrip_String
* Started org.apache.commons.lang3.ClassUtilsTest#test_getShortClassName_Class
* Finished org.apache.commons.lang3.ClassUtilsTest#test_getShortClassName_Class
* Started org.apache.commons.lang3.ClassUtilsTest#test_isAssignable
* Finished org.apache.commons.lang3.ClassUtilsTest#test_isAssignable
* Started org.apache.commons.lang3.ClassUtilsTest#testShowJavaBug
* Finished org.apache.commons.lang3.ClassUtilsTest#testShowJavaBug
* Started org.apache.commons.lang3.ClassUtilsTest#testToClass_object
* Finished org.apache.commons.lang3.ClassUtilsTest#testToClass_object
* Started org.apache.commons.lang3.ClassUtilsTest#testGetClassByNormalNameArrays
[ERROR] Class not found
java.lang.ClassNotFoundException: java.util.Map.Entry
	at java.lang.ClassLoader.findClass(ClassLoader.java:531)
	at java.lang.ClassLoader.loadClass(ClassLoader.java:425)
	at java.lang.ClassLoader.loadClass(ClassLoader.java:358)
	at com.gzoltar.lib.instrumentation.util.GZoltarClassLoader.loadClass(Unknown Source)
	at java.lang.Class.forName0(Native Method)
	at java.lang.Class.forName(Class.java:278)
	at org.apache.commons.lang3.ClassUtils.getClass(ClassUtils.java:761)
	at org.apache.commons.lang3.ClassUtils.getClass(ClassUtils.java:826)
	at org.apache.commons.lang3.ClassUtils.getClass(ClassUtils.java:809)
	at org.apache.commons.lang3.ClassUtilsTest.testGetClassByNormalNameArrays(ClassUtilsTest.java:808)
	at sun.reflect.NativeMethodAccessorImpl.invoke0(Native Method)
	at sun.reflect.NativeMethodAccessorImpl.invoke(NativeMethodAccessorImpl.java:57)
	at sun.reflect.DelegatingMethodAccessorImpl.invoke(DelegatingMethodAccessorImpl.java:43)
	at java.lang.reflect.Method.invoke(Method.java:606)
	at junit.framework.TestCase.runTest(TestCase.java:176)
	at junit.framework.TestCase.runBare(TestCase.java:141)
	at junit.framework.TestResult$1.protect(TestResult.java:122)
	at junit.framework.TestResult.runProtected(TestResult.java:142)
	at junit.framework.TestResult.run(TestResult.java:125)
	at junit.framework.TestCase.run(TestCase.java:129)
	at junit.framework.TestSuite.runTest(TestSuite.java:255)
	at junit.framework.TestSuite.run(TestSuite.java:250)
	at org.junit.internal.runners.JUnit38ClassRunner.run(JUnit38ClassRunner.java:84)
	at com.gzoltar.lib.instrumentation.testing.junit.a.call(Unknown Source)
	at java.util.concurrent.FutureTask.run(FutureTask.java:262)
	at java.util.concurrent.ThreadPoolExecutor.runWorker(ThreadPoolExecutor.java:1145)
	at java.util.concurrent.ThreadPoolExecutor$Worker.run(ThreadPoolExecutor.java:615)
	at java.lang.Thread.run(Thread.java:745)
[ERROR] Class not found
java.lang.ClassNotFoundException: java.util.Map.Entry
	at java.lang.ClassLoader.findClass(ClassLoader.java:531)
	at java.lang.ClassLoader.loadClass(ClassLoader.java:425)
	at java.lang.ClassLoader.loadClass(ClassLoader.java:358)
	at com.gzoltar.lib.instrumentation.util.GZoltarClassLoader.loadClass(Unknown Source)
	at java.lang.Class.forName0(Native Method)
	at java.lang.Class.forName(Class.java:278)
	at org.apache.commons.lang3.ClassUtils.getClass(ClassUtils.java:761)
	at org.apache.commons.lang3.ClassUtils.getClass(ClassUtils.java:826)
	at org.apache.commons.lang3.ClassUtils.getClass(ClassUtils.java:809)
	at org.apache.commons.lang3.ClassUtilsTest.testGetClassByNormalNameArrays(ClassUtilsTest.java:810)
	at sun.reflect.NativeMethodAccessorImpl.invoke0(Native Method)
	at sun.reflect.NativeMethodAccessorImpl.invoke(NativeMethodAccessorImpl.java:57)
	at sun.reflect.DelegatingMethodAccessorImpl.invoke(DelegatingMethodAccessorImpl.java:43)
	at java.lang.reflect.Method.invoke(Method.java:606)
	at junit.framework.TestCase.runTest(TestCase.java:176)
	at junit.framework.TestCase.runBare(TestCase.java:141)
	at junit.framework.TestResult$1.protect(TestResult.java:122)
	at junit.framework.TestResult.runProtected(TestResult.java:142)
	at junit.framework.TestResult.run(TestResult.java:125)
	at junit.framework.TestCase.run(TestCase.java:129)
	at junit.framework.TestSuite.runTest(TestSuite.java:255)
	at junit.framework.TestSuite.run(TestSuite.java:250)
	at org.junit.internal.runners.JUnit38ClassRunner.run(JUnit38ClassRunner.java:84)
	at com.gzoltar.lib.instrumentation.testing.junit.a.call(Unknown Source)
	at java.util.concurrent.FutureTask.run(FutureTask.java:262)
	at java.util.concurrent.ThreadPoolExecutor.runWorker(ThreadPoolExecutor.java:1145)
	at java.util.concurrent.ThreadPoolExecutor$Worker.run(ThreadPoolExecutor.java:615)
	at java.lang.Thread.run(Thread.java:745)
* Finished org.apache.commons.lang3.ClassUtilsTest#testGetClassByNormalNameArrays
* Started org.apache.commons.lang3.ClassUtilsTest#testGetInnerClass
[ERROR] Class not found
java.lang.ClassNotFoundException: org.apache.commons.lang3.ClassUtilsTest.Inner.DeeplyNested
	at java.lang.ClassLoader.findClass(ClassLoader.java:531)
	at java.lang.ClassLoader.loadClass(ClassLoader.java:425)
	at java.lang.ClassLoader.loadClass(ClassLoader.java:358)
	at com.gzoltar.lib.instrumentation.util.GZoltarClassLoader.loadClass(Unknown Source)
	at java.lang.Class.forName0(Native Method)
	at java.lang.Class.forName(Class.java:278)
	at org.apache.commons.lang3.ClassUtils.getClass(ClassUtils.java:761)
	at org.apache.commons.lang3.ClassUtils.getClass(ClassUtils.java:826)
	at org.apache.commons.lang3.ClassUtils.getClass(ClassUtils.java:809)
	at org.apache.commons.lang3.ClassUtilsTest.testGetInnerClass(ClassUtilsTest.java:792)
	at sun.reflect.NativeMethodAccessorImpl.invoke0(Native Method)
	at sun.reflect.NativeMethodAccessorImpl.invoke(NativeMethodAccessorImpl.java:57)
	at sun.reflect.DelegatingMethodAccessorImpl.invoke(DelegatingMethodAccessorImpl.java:43)
	at java.lang.reflect.Method.invoke(Method.java:606)
	at junit.framework.TestCase.runTest(TestCase.java:176)
	at junit.framework.TestCase.runBare(TestCase.java:141)
	at junit.framework.TestResult$1.protect(TestResult.java:122)
	at junit.framework.TestResult.runProtected(TestResult.java:142)
	at junit.framework.TestResult.run(TestResult.java:125)
	at junit.framework.TestCase.run(TestCase.java:129)
	at junit.framework.TestSuite.runTest(TestSuite.java:255)
	at junit.framework.TestSuite.run(TestSuite.java:250)
	at org.junit.internal.runners.JUnit38ClassRunner.run(JUnit38ClassRunner.java:84)
	at com.gzoltar.lib.instrumentation.testing.junit.a.call(Unknown Source)
	at java.util.concurrent.FutureTask.run(FutureTask.java:262)
	at java.util.concurrent.ThreadPoolExecutor.runWorker(ThreadPoolExecutor.java:1145)
	at java.util.concurrent.ThreadPoolExecutor$Worker.run(ThreadPoolExecutor.java:615)
	at java.lang.Thread.run(Thread.java:745)
[ERROR] Class not found
java.lang.ClassNotFoundException: org.apache.commons.lang3.ClassUtilsTest.Inner$DeeplyNested
	at java.lang.ClassLoader.findClass(ClassLoader.java:531)
	at java.lang.ClassLoader.loadClass(ClassLoader.java:425)
	at java.lang.ClassLoader.loadClass(ClassLoader.java:358)
	at com.gzoltar.lib.instrumentation.util.GZoltarClassLoader.loadClass(Unknown Source)
	at java.lang.Class.forName0(Native Method)
	at java.lang.Class.forName(Class.java:278)
	at org.apache.commons.lang3.ClassUtils.getClass(ClassUtils.java:761)
	at org.apache.commons.lang3.ClassUtils.getClass(ClassUtils.java:770)
	at org.apache.commons.lang3.ClassUtils.getClass(ClassUtils.java:826)
	at org.apache.commons.lang3.ClassUtils.getClass(ClassUtils.java:809)
	at org.apache.commons.lang3.ClassUtilsTest.testGetInnerClass(ClassUtilsTest.java:792)
	at sun.reflect.NativeMethodAccessorImpl.invoke0(Native Method)
	at sun.reflect.NativeMethodAccessorImpl.invoke(NativeMethodAccessorImpl.java:57)
	at sun.reflect.DelegatingMethodAccessorImpl.invoke(DelegatingMethodAccessorImpl.java:43)
	at java.lang.reflect.Method.invoke(Method.java:606)
	at junit.framework.TestCase.runTest(TestCase.java:176)
	at junit.framework.TestCase.runBare(TestCase.java:141)
	at junit.framework.TestResult$1.protect(TestResult.java:122)
	at junit.framework.TestResult.runProtected(TestResult.java:142)
	at junit.framework.TestResult.run(TestResult.java:125)
	at junit.framework.TestCase.run(TestCase.java:129)
	at junit.framework.TestSuite.runTest(TestSuite.java:255)
	at junit.framework.TestSuite.run(TestSuite.java:250)
	at org.junit.internal.runners.JUnit38ClassRunner.run(JUnit38ClassRunner.java:84)
	at com.gzoltar.lib.instrumentation.testing.junit.a.call(Unknown Source)
	at java.util.concurrent.FutureTask.run(FutureTask.java:262)
	at java.util.concurrent.ThreadPoolExecutor.runWorker(ThreadPoolExecutor.java:1145)
	at java.util.concurrent.ThreadPoolExecutor$Worker.run(ThreadPoolExecutor.java:615)
	at java.lang.Thread.run(Thread.java:745)
[ERROR] Class not found
java.lang.ClassNotFoundException: org.apache.commons.lang3.ClassUtilsTest.Inner$DeeplyNested
	at java.lang.ClassLoader.findClass(ClassLoader.java:531)
	at java.lang.ClassLoader.loadClass(ClassLoader.java:425)
	at java.lang.ClassLoader.loadClass(ClassLoader.java:358)
	at com.gzoltar.lib.instrumentation.util.GZoltarClassLoader.loadClass(Unknown Source)
	at java.lang.Class.forName0(Native Method)
	at java.lang.Class.forName(Class.java:278)
	at org.apache.commons.lang3.ClassUtils.getClass(ClassUtils.java:761)
	at org.apache.commons.lang3.ClassUtils.getClass(ClassUtils.java:826)
	at org.apache.commons.lang3.ClassUtils.getClass(ClassUtils.java:809)
	at org.apache.commons.lang3.ClassUtilsTest.testGetInnerClass(ClassUtilsTest.java:793)
	at sun.reflect.NativeMethodAccessorImpl.invoke0(Native Method)
	at sun.reflect.NativeMethodAccessorImpl.invoke(NativeMethodAccessorImpl.java:57)
	at sun.reflect.DelegatingMethodAccessorImpl.invoke(DelegatingMethodAccessorImpl.java:43)
	at java.lang.reflect.Method.invoke(Method.java:606)
	at junit.framework.TestCase.runTest(TestCase.java:176)
	at junit.framework.TestCase.runBare(TestCase.java:141)
	at junit.framework.TestResult$1.protect(TestResult.java:122)
	at junit.framework.TestResult.runProtected(TestResult.java:142)
	at junit.framework.TestResult.run(TestResult.java:125)
	at junit.framework.TestCase.run(TestCase.java:129)
	at junit.framework.TestSuite.runTest(TestSuite.java:255)
	at junit.framework.TestSuite.run(TestSuite.java:250)
	at org.junit.internal.runners.JUnit38ClassRunner.run(JUnit38ClassRunner.java:84)
	at com.gzoltar.lib.instrumentation.testing.junit.a.call(Unknown Source)
	at java.util.concurrent.FutureTask.run(FutureTask.java:262)
	at java.util.concurrent.ThreadPoolExecutor.runWorker(ThreadPoolExecutor.java:1145)
	at java.util.concurrent.ThreadPoolExecutor$Worker.run(ThreadPoolExecutor.java:615)
	at java.lang.Thread.run(Thread.java:745)
[ERROR] Class not found
java.lang.ClassNotFoundException: org.apache.commons.lang3.ClassUtilsTest$Inner.DeeplyNested
	at java.lang.ClassLoader.findClass(ClassLoader.java:531)
	at java.lang.ClassLoader.loadClass(ClassLoader.java:425)
	at java.lang.ClassLoader.loadClass(ClassLoader.java:358)
	at com.gzoltar.lib.instrumentation.util.GZoltarClassLoader.loadClass(Unknown Source)
	at java.lang.Class.forName0(Native Method)
	at java.lang.Class.forName(Class.java:278)
	at org.apache.commons.lang3.ClassUtils.getClass(ClassUtils.java:761)
	at org.apache.commons.lang3.ClassUtils.getClass(ClassUtils.java:826)
	at org.apache.commons.lang3.ClassUtils.getClass(ClassUtils.java:809)
	at org.apache.commons.lang3.ClassUtilsTest.testGetInnerClass(ClassUtilsTest.java:795)
	at sun.reflect.NativeMethodAccessorImpl.invoke0(Native Method)
	at sun.reflect.NativeMethodAccessorImpl.invoke(NativeMethodAccessorImpl.java:57)
	at sun.reflect.DelegatingMethodAccessorImpl.invoke(DelegatingMethodAccessorImpl.java:43)
	at java.lang.reflect.Method.invoke(Method.java:606)
	at junit.framework.TestCase.runTest(TestCase.java:176)
	at junit.framework.TestCase.runBare(TestCase.java:141)
	at junit.framework.TestResult$1.protect(TestResult.java:122)
	at junit.framework.TestResult.runProtected(TestResult.java:142)
	at junit.framework.TestResult.run(TestResult.java:125)
	at junit.framework.TestCase.run(TestCase.java:129)
	at junit.framework.TestSuite.runTest(TestSuite.java:255)
	at junit.framework.TestSuite.run(TestSuite.java:250)
	at org.junit.internal.runners.JUnit38ClassRunner.run(JUnit38ClassRunner.java:84)
	at com.gzoltar.lib.instrumentation.testing.junit.a.call(Unknown Source)
	at java.util.concurrent.FutureTask.run(FutureTask.java:262)
	at java.util.concurrent.ThreadPoolExecutor.runWorker(ThreadPoolExecutor.java:1145)
	at java.util.concurrent.ThreadPoolExecutor$Worker.run(ThreadPoolExecutor.java:615)
	at java.lang.Thread.run(Thread.java:745)
* Finished org.apache.commons.lang3.ClassUtilsTest#testGetInnerClass
* Started org.apache.commons.lang3.ClassUtilsTest#test_getAllSuperclasses_Class
* Finished org.apache.commons.lang3.ClassUtilsTest#test_getAllSuperclasses_Class
* Started org.apache.commons.lang3.ClassUtilsTest#testPrimitiveToWrapper
* Finished org.apache.commons.lang3.ClassUtilsTest#testPrimitiveToWrapper
* Started org.apache.commons.lang3.ClassUtilsTest#test_getPackageCanonicalName_Object
* Finished org.apache.commons.lang3.ClassUtilsTest#test_getPackageCanonicalName_Object
* Started org.apache.commons.lang3.ClassUtilsTest#test_isAssignable_Widening
* Finished org.apache.commons.lang3.ClassUtilsTest#test_isAssignable_Widening
* Started org.apache.commons.lang3.ClassUtilsTest#test_getPackageCanonicalName_String
* Finished org.apache.commons.lang3.ClassUtilsTest#test_getPackageCanonicalName_String
* Started org.apache.commons.lang3.ClassUtilsTest#testGetClassWithArrayClasses
* Finished org.apache.commons.lang3.ClassUtilsTest#testGetClassWithArrayClasses
* Started org.apache.commons.lang3.ClassUtilsTest#test_getPackageCanonicalName_Class
* Finished org.apache.commons.lang3.ClassUtilsTest#test_getPackageCanonicalName_Class
* Started org.apache.commons.lang3.ClassUtilsTest#test_getShortClassName_Object
* Finished org.apache.commons.lang3.ClassUtilsTest#test_getShortClassName_Object
* Started org.apache.commons.lang3.ClassUtilsTest#test_getShortClassName_String
* Finished org.apache.commons.lang3.ClassUtilsTest#test_getShortClassName_String
* Started org.apache.commons.lang3.ClassUtilsTest#test_isAssignable_NoAutoboxing
* Finished org.apache.commons.lang3.ClassUtilsTest#test_isAssignable_NoAutoboxing
* Started org.apache.commons.lang3.ClassUtilsTest#testWrapperToPrimitive
* Finished org.apache.commons.lang3.ClassUtilsTest#testWrapperToPrimitive
* Started org.apache.commons.lang3.ClassUtilsTest#testWrappersToPrimitives
* Finished org.apache.commons.lang3.ClassUtilsTest#testWrappersToPrimitives
* Started org.apache.commons.lang3.ClassUtilsTest#test_isAssignable_ClassArray_ClassArray_Autoboxing
* Finished org.apache.commons.lang3.ClassUtilsTest#test_isAssignable_ClassArray_ClassArray_Autoboxing
* Started org.apache.commons.lang3.ClassUtilsTest#testGetClassWithArrayClasses2D
* Finished org.apache.commons.lang3.ClassUtilsTest#testGetClassWithArrayClasses2D
* Started org.apache.commons.lang3.ClassUtilsTest#test_getPackageName_Object
* Finished org.apache.commons.lang3.ClassUtilsTest#test_getPackageName_Object
* Started org.apache.commons.lang3.ClassUtilsTest#test_getPackageName_String
* Finished org.apache.commons.lang3.ClassUtilsTest#test_getPackageName_String
* Started org.apache.commons.lang3.ClassUtilsTest#test_isAssignable_ClassArray_ClassArray_NoAutoboxing
* Finished org.apache.commons.lang3.ClassUtilsTest#test_isAssignable_ClassArray_ClassArray_NoAutoboxing
* Started org.apache.commons.lang3.ClassUtilsTest#testWrapperToPrimitiveNull
* Finished org.apache.commons.lang3.ClassUtilsTest#testWrapperToPrimitiveNull
* Started org.apache.commons.lang3.ClassUtilsTest#testGetClassByNormalNameArrays2D
* Finished org.apache.commons.lang3.ClassUtilsTest#testGetClassByNormalNameArrays2D
* Started org.apache.commons.lang3.ClassUtilsTest#testWithInterleavingWhitespace
* Finished org.apache.commons.lang3.ClassUtilsTest#testWithInterleavingWhitespace
* Started org.apache.commons.lang3.ClassUtilsTest#test_getPackageName_Class
* Finished org.apache.commons.lang3.ClassUtilsTest#test_getPackageName_Class
* Started org.apache.commons.lang3.ClassUtilsTest#test_getShortCanonicalName_Object
* Finished org.apache.commons.lang3.ClassUtilsTest#test_getShortCanonicalName_Object
* Started org.apache.commons.lang3.ClassUtilsTest#test_getShortCanonicalName_String
* Finished org.apache.commons.lang3.ClassUtilsTest#test_getShortCanonicalName_String
* Started org.apache.commons.lang3.ClassUtilsTest#test_getShortCanonicalName_Class
* Finished org.apache.commons.lang3.ClassUtilsTest#test_getShortCanonicalName_Class
* Started org.apache.commons.lang3.ClassUtilsTest#test_isAssignable_DefaultUnboxing_Widening
* Finished org.apache.commons.lang3.ClassUtilsTest#test_isAssignable_DefaultUnboxing_Widening
* Started org.apache.commons.lang3.ClassUtilsTest#testGetClassRawPrimitives
* Finished org.apache.commons.lang3.ClassUtilsTest#testGetClassRawPrimitives
* Started org.apache.commons.lang3.ClassUtilsTest#testGetClassInvalidArguments
[ERROR] Class not found
java.lang.ClassNotFoundException: $hello$world
	at java.lang.ClassLoader.findClass(ClassLoader.java:531)
	at java.lang.ClassLoader.loadClass(ClassLoader.java:425)
	at java.lang.ClassLoader.loadClass(ClassLoader.java:358)
	at com.gzoltar.lib.instrumentation.util.GZoltarClassLoader.loadClass(Unknown Source)
	at java.lang.Class.forName0(Native Method)
	at java.lang.Class.forName(Class.java:278)
	at org.apache.commons.lang3.ClassUtils.getClass(ClassUtils.java:761)
	at org.apache.commons.lang3.ClassUtils.getClass(ClassUtils.java:770)
	at org.apache.commons.lang3.ClassUtils.getClass(ClassUtils.java:770)
	at org.apache.commons.lang3.ClassUtils.getClass(ClassUtils.java:826)
	at org.apache.commons.lang3.ClassUtils.getClass(ClassUtils.java:809)
	at org.apache.commons.lang3.ClassUtilsTest.assertGetClassThrowsException(ClassUtilsTest.java:867)
	at org.apache.commons.lang3.ClassUtilsTest.assertGetClassThrowsClassNotFound(ClassUtilsTest.java:880)
	at org.apache.commons.lang3.ClassUtilsTest.testGetClassInvalidArguments(ClassUtilsTest.java:780)
	at sun.reflect.NativeMethodAccessorImpl.invoke0(Native Method)
	at sun.reflect.NativeMethodAccessorImpl.invoke(NativeMethodAccessorImpl.java:57)
	at sun.reflect.DelegatingMethodAccessorImpl.invoke(DelegatingMethodAccessorImpl.java:43)
	at java.lang.reflect.Method.invoke(Method.java:606)
	at junit.framework.TestCase.runTest(TestCase.java:176)
	at junit.framework.TestCase.runBare(TestCase.java:141)
	at junit.framework.TestResult$1.protect(TestResult.java:122)
	at junit.framework.TestResult.runProtected(TestResult.java:142)
	at junit.framework.TestResult.run(TestResult.java:125)
	at junit.framework.TestCase.run(TestCase.java:129)
	at junit.framework.TestSuite.runTest(TestSuite.java:255)
	at junit.framework.TestSuite.run(TestSuite.java:250)
	at org.junit.internal.runners.JUnit38ClassRunner.run(JUnit38ClassRunner.java:84)
	at com.gzoltar.lib.instrumentation.testing.junit.a.call(Unknown Source)
	at java.util.concurrent.FutureTask.run(FutureTask.java:262)
	at java.util.concurrent.ThreadPoolExecutor.runWorker(ThreadPoolExecutor.java:1145)
	at java.util.concurrent.ThreadPoolExecutor$Worker.run(ThreadPoolExecutor.java:615)
	at java.lang.Thread.run(Thread.java:745)
[ERROR] Class not found
java.lang.ClassNotFoundException: hello.$world
	at java.lang.ClassLoader.findClass(ClassLoader.java:531)
	at java.lang.ClassLoader.loadClass(ClassLoader.java:425)
	at java.lang.ClassLoader.loadClass(ClassLoader.java:358)
	at com.gzoltar.lib.instrumentation.util.GZoltarClassLoader.loadClass(Unknown Source)
	at java.lang.Class.forName0(Native Method)
	at java.lang.Class.forName(Class.java:278)
	at org.apache.commons.lang3.ClassUtils.getClass(ClassUtils.java:761)
	at org.apache.commons.lang3.ClassUtils.getClass(ClassUtils.java:770)
	at org.apache.commons.lang3.ClassUtils.getClass(ClassUtils.java:826)
	at org.apache.commons.lang3.ClassUtils.getClass(ClassUtils.java:809)
	at org.apache.commons.lang3.ClassUtilsTest.assertGetClassThrowsException(ClassUtilsTest.java:867)
	at org.apache.commons.lang3.ClassUtilsTest.assertGetClassThrowsClassNotFound(ClassUtilsTest.java:880)
	at org.apache.commons.lang3.ClassUtilsTest.testGetClassInvalidArguments(ClassUtilsTest.java:781)
	at sun.reflect.NativeMethodAccessorImpl.invoke0(Native Method)
	at sun.reflect.NativeMethodAccessorImpl.invoke(NativeMethodAccessorImpl.java:57)
	at sun.reflect.DelegatingMethodAccessorImpl.invoke(DelegatingMethodAccessorImpl.java:43)
	at java.lang.reflect.Method.invoke(Method.java:606)
	at junit.framework.TestCase.runTest(TestCase.java:176)
	at junit.framework.TestCase.runBare(TestCase.java:141)
	at junit.framework.TestResult$1.protect(TestResult.java:122)
	at junit.framework.TestResult.runProtected(TestResult.java:142)
	at junit.framework.TestResult.run(TestResult.java:125)
	at junit.framework.TestCase.run(TestCase.java:129)
	at junit.framework.TestSuite.runTest(TestSuite.java:255)
	at junit.framework.TestSuite.run(TestSuite.java:250)
	at org.junit.internal.runners.JUnit38ClassRunner.run(JUnit38ClassRunner.java:84)
	at com.gzoltar.lib.instrumentation.testing.junit.a.call(Unknown Source)
	at java.util.concurrent.FutureTask.run(FutureTask.java:262)
	at java.util.concurrent.ThreadPoolExecutor.runWorker(ThreadPoolExecutor.java:1145)
	at java.util.concurrent.ThreadPoolExecutor$Worker.run(ThreadPoolExecutor.java:615)
	at java.lang.Thread.run(Thread.java:745)
[ERROR] Class not found
java.lang.ClassNotFoundException: hello$$world
	at java.lang.ClassLoader.findClass(ClassLoader.java:531)
	at java.lang.ClassLoader.loadClass(ClassLoader.java:425)
	at java.lang.ClassLoader.loadClass(ClassLoader.java:358)
	at com.gzoltar.lib.instrumentation.util.GZoltarClassLoader.loadClass(Unknown Source)
	at java.lang.Class.forName0(Native Method)
	at java.lang.Class.forName(Class.java:278)
	at org.apache.commons.lang3.ClassUtils.getClass(ClassUtils.java:761)
	at org.apache.commons.lang3.ClassUtils.getClass(ClassUtils.java:770)
	at org.apache.commons.lang3.ClassUtils.getClass(ClassUtils.java:770)
	at org.apache.commons.lang3.ClassUtils.getClass(ClassUtils.java:826)
	at org.apache.commons.lang3.ClassUtils.getClass(ClassUtils.java:809)
	at org.apache.commons.lang3.ClassUtilsTest.assertGetClassThrowsException(ClassUtilsTest.java:867)
	at org.apache.commons.lang3.ClassUtilsTest.assertGetClassThrowsClassNotFound(ClassUtilsTest.java:880)
	at org.apache.commons.lang3.ClassUtilsTest.testGetClassInvalidArguments(ClassUtilsTest.java:781)
	at sun.reflect.NativeMethodAccessorImpl.invoke0(Native Method)
	at sun.reflect.NativeMethodAccessorImpl.invoke(NativeMethodAccessorImpl.java:57)
	at sun.reflect.DelegatingMethodAccessorImpl.invoke(DelegatingMethodAccessorImpl.java:43)
	at java.lang.reflect.Method.invoke(Method.java:606)
	at junit.framework.TestCase.runTest(TestCase.java:176)
	at junit.framework.TestCase.runBare(TestCase.java:141)
	at junit.framework.TestResult$1.protect(TestResult.java:122)
	at junit.framework.TestResult.runProtected(TestResult.java:142)
	at junit.framework.TestResult.run(TestResult.java:125)
	at junit.framework.TestCase.run(TestCase.java:129)
	at junit.framework.TestSuite.runTest(TestSuite.java:255)
	at junit.framework.TestSuite.run(TestSuite.java:250)
	at org.junit.internal.runners.JUnit38ClassRunner.run(JUnit38ClassRunner.java:84)
	at com.gzoltar.lib.instrumentation.testing.junit.a.call(Unknown Source)
	at java.util.concurrent.FutureTask.run(FutureTask.java:262)
	at java.util.concurrent.ThreadPoolExecutor.runWorker(ThreadPoolExecutor.java:1145)
	at java.util.concurrent.ThreadPoolExecutor$Worker.run(ThreadPoolExecutor.java:615)
	at java.lang.Thread.run(Thread.java:745)
* Finished org.apache.commons.lang3.ClassUtilsTest#testGetClassInvalidArguments
* Started org.apache.commons.lang3.ClassUtilsTest#testPrimitivesToWrappers
* Finished org.apache.commons.lang3.ClassUtilsTest#testPrimitivesToWrappers
* Started org.apache.commons.lang3.ClassUtilsTest#testGetClassClassNotFound
[ERROR] Class not found
java.lang.ClassNotFoundException: bool
	at java.lang.ClassLoader.findClass(ClassLoader.java:531)
	at java.lang.ClassLoader.loadClass(ClassLoader.java:425)
	at java.lang.ClassLoader.loadClass(ClassLoader.java:358)
	at com.gzoltar.lib.instrumentation.util.GZoltarClassLoader.loadClass(Unknown Source)
	at java.lang.Class.forName0(Native Method)
	at java.lang.Class.forName(Class.java:278)
	at org.apache.commons.lang3.ClassUtils.getClass(ClassUtils.java:761)
	at org.apache.commons.lang3.ClassUtils.getClass(ClassUtils.java:826)
	at org.apache.commons.lang3.ClassUtils.getClass(ClassUtils.java:809)
	at org.apache.commons.lang3.ClassUtilsTest.assertGetClassThrowsException(ClassUtilsTest.java:867)
	at org.apache.commons.lang3.ClassUtilsTest.assertGetClassThrowsClassNotFound(ClassUtilsTest.java:880)
	at org.apache.commons.lang3.ClassUtilsTest.testGetClassClassNotFound(ClassUtilsTest.java:769)
	at sun.reflect.NativeMethodAccessorImpl.invoke0(Native Method)
	at sun.reflect.NativeMethodAccessorImpl.invoke(NativeMethodAccessorImpl.java:57)
	at sun.reflect.DelegatingMethodAccessorImpl.invoke(DelegatingMethodAccessorImpl.java:43)
	at java.lang.reflect.Method.invoke(Method.java:606)
	at junit.framework.TestCase.runTest(TestCase.java:176)
	at junit.framework.TestCase.runBare(TestCase.java:141)
	at junit.framework.TestResult$1.protect(TestResult.java:122)
	at junit.framework.TestResult.runProtected(TestResult.java:142)
	at junit.framework.TestResult.run(TestResult.java:125)
	at junit.framework.TestCase.run(TestCase.java:129)
	at junit.framework.TestSuite.runTest(TestSuite.java:255)
	at junit.framework.TestSuite.run(TestSuite.java:250)
	at org.junit.internal.runners.JUnit38ClassRunner.run(JUnit38ClassRunner.java:84)
	at com.gzoltar.lib.instrumentation.testing.junit.a.call(Unknown Source)
	at java.util.concurrent.FutureTask.run(FutureTask.java:262)
	at java.util.concurrent.ThreadPoolExecutor.runWorker(ThreadPoolExecutor.java:1145)
	at java.util.concurrent.ThreadPoolExecutor$Worker.run(ThreadPoolExecutor.java:615)
	at java.lang.Thread.run(Thread.java:745)
[ERROR] Class not found
java.lang.ClassNotFoundException: bool
	at java.lang.ClassLoader.findClass(ClassLoader.java:531)
	at java.lang.ClassLoader.loadClass(ClassLoader.java:425)
	at java.lang.ClassLoader.loadClass(ClassLoader.java:358)
	at com.gzoltar.lib.instrumentation.util.GZoltarClassLoader.loadClass(Unknown Source)
	at java.lang.Class.forName0(Native Method)
	at java.lang.Class.forName(Class.java:278)
	at org.apache.commons.lang3.ClassUtils.getClass(ClassUtils.java:761)
	at org.apache.commons.lang3.ClassUtils.getClass(ClassUtils.java:826)
	at org.apache.commons.lang3.ClassUtils.getClass(ClassUtils.java:809)
	at org.apache.commons.lang3.ClassUtilsTest.assertGetClassThrowsException(ClassUtilsTest.java:867)
	at org.apache.commons.lang3.ClassUtilsTest.assertGetClassThrowsClassNotFound(ClassUtilsTest.java:880)
	at org.apache.commons.lang3.ClassUtilsTest.testGetClassClassNotFound(ClassUtilsTest.java:770)
	at sun.reflect.NativeMethodAccessorImpl.invoke0(Native Method)
	at sun.reflect.NativeMethodAccessorImpl.invoke(NativeMethodAccessorImpl.java:57)
	at sun.reflect.DelegatingMethodAccessorImpl.invoke(DelegatingMethodAccessorImpl.java:43)
	at java.lang.reflect.Method.invoke(Method.java:606)
	at junit.framework.TestCase.runTest(TestCase.java:176)
	at junit.framework.TestCase.runBare(TestCase.java:141)
	at junit.framework.TestResult$1.protect(TestResult.java:122)
	at junit.framework.TestResult.runProtected(TestResult.java:142)
	at junit.framework.TestResult.run(TestResult.java:125)
	at junit.framework.TestCase.run(TestCase.java:129)
	at junit.framework.TestSuite.runTest(TestSuite.java:255)
	at junit.framework.TestSuite.run(TestSuite.java:250)
	at org.junit.internal.runners.JUnit38ClassRunner.run(JUnit38ClassRunner.java:84)
	at com.gzoltar.lib.instrumentation.testing.junit.a.call(Unknown Source)
	at java.util.concurrent.FutureTask.run(FutureTask.java:262)
	at java.util.concurrent.ThreadPoolExecutor.runWorker(ThreadPoolExecutor.java:1145)
	at java.util.concurrent.ThreadPoolExecutor$Worker.run(ThreadPoolExecutor.java:615)
	at java.lang.Thread.run(Thread.java:745)
[ERROR] Class not found
java.lang.ClassNotFoundException: integer
	at java.lang.ClassLoader.findClass(ClassLoader.java:531)
	at java.lang.ClassLoader.loadClass(ClassLoader.java:425)
	at java.lang.ClassLoader.loadClass(ClassLoader.java:358)
	at com.gzoltar.lib.instrumentation.util.GZoltarClassLoader.loadClass(Unknown Source)
	at java.lang.Class.forName0(Native Method)
	at java.lang.Class.forName(Class.java:278)
	at org.apache.commons.lang3.ClassUtils.getClass(ClassUtils.java:761)
	at org.apache.commons.lang3.ClassUtils.getClass(ClassUtils.java:826)
	at org.apache.commons.lang3.ClassUtils.getClass(ClassUtils.java:809)
	at org.apache.commons.lang3.ClassUtilsTest.assertGetClassThrowsException(ClassUtilsTest.java:867)
	at org.apache.commons.lang3.ClassUtilsTest.assertGetClassThrowsClassNotFound(ClassUtilsTest.java:880)
	at org.apache.commons.lang3.ClassUtilsTest.testGetClassClassNotFound(ClassUtilsTest.java:771)
	at sun.reflect.NativeMethodAccessorImpl.invoke0(Native Method)
	at sun.reflect.NativeMethodAccessorImpl.invoke(NativeMethodAccessorImpl.java:57)
	at sun.reflect.DelegatingMethodAccessorImpl.invoke(DelegatingMethodAccessorImpl.java:43)
	at java.lang.reflect.Method.invoke(Method.java:606)
	at junit.framework.TestCase.runTest(TestCase.java:176)
	at junit.framework.TestCase.runBare(TestCase.java:141)
	at junit.framework.TestResult$1.protect(TestResult.java:122)
	at junit.framework.TestResult.runProtected(TestResult.java:142)
	at junit.framework.TestResult.run(TestResult.java:125)
	at junit.framework.TestCase.run(TestCase.java:129)
	at junit.framework.TestSuite.runTest(TestSuite.java:255)
	at junit.framework.TestSuite.run(TestSuite.java:250)
	at org.junit.internal.runners.JUnit38ClassRunner.run(JUnit38ClassRunner.java:84)
	at com.gzoltar.lib.instrumentation.testing.junit.a.call(Unknown Source)
	at java.util.concurrent.FutureTask.run(FutureTask.java:262)
	at java.util.concurrent.ThreadPoolExecutor.runWorker(ThreadPoolExecutor.java:1145)
	at java.util.concurrent.ThreadPoolExecutor$Worker.run(ThreadPoolExecutor.java:615)
	at java.lang.Thread.run(Thread.java:745)
* Finished org.apache.commons.lang3.ClassUtilsTest#testGetClassClassNotFound
* Started org.apache.commons.lang3.ClassUtilsTest#testWrappersToPrimitivesNull
* Finished org.apache.commons.lang3.ClassUtilsTest#testWrappersToPrimitivesNull
* Started org.apache.commons.lang3.ClassUtilsTest#test_isInnerClass_Class
* Finished org.apache.commons.lang3.ClassUtilsTest#test_isInnerClass_Class
* Started org.apache.commons.lang3.ClassUtilsTest#test_isAssignable_ClassArray_ClassArray
* Finished org.apache.commons.lang3.ClassUtilsTest#test_isAssignable_ClassArray_ClassArray
* Started org.apache.commons.lang3.ClassUtilsTest#test_isAssignable_Unboxing_Widening
* Finished org.apache.commons.lang3.ClassUtilsTest#test_isAssignable_Unboxing_Widening
* Started org.apache.commons.lang3.ClassUtilsTest#testWrappersToPrimitivesEmpty
* Finished org.apache.commons.lang3.ClassUtilsTest#testWrappersToPrimitivesEmpty
* Started org.apache.commons.lang3.ClassUtilsTest#testWrapperToPrimitiveNoWrapper
* Finished org.apache.commons.lang3.ClassUtilsTest#testWrapperToPrimitiveNoWrapper
* Started org.apache.commons.lang3.ClassUtilsTest#test_convertClassNamesToClasses_List
[ERROR] Class not found
java.lang.ClassNotFoundException: java.lang.xxx
	at java.lang.ClassLoader.findClass(ClassLoader.java:531)
	at java.lang.ClassLoader.loadClass(ClassLoader.java:425)
	at java.lang.ClassLoader.loadClass(ClassLoader.java:358)
	at com.gzoltar.lib.instrumentation.util.GZoltarClassLoader.loadClass(Unknown Source)
	at java.lang.Class.forName0(Native Method)
	at java.lang.Class.forName(Class.java:195)
	at org.apache.commons.lang3.ClassUtils.convertClassNamesToClasses(ClassUtils.java:365)
	at org.apache.commons.lang3.ClassUtilsTest.test_convertClassNamesToClasses_List(ClassUtilsTest.java:197)
	at sun.reflect.NativeMethodAccessorImpl.invoke0(Native Method)
	at sun.reflect.NativeMethodAccessorImpl.invoke(NativeMethodAccessorImpl.java:57)
	at sun.reflect.DelegatingMethodAccessorImpl.invoke(DelegatingMethodAccessorImpl.java:43)
	at java.lang.reflect.Method.invoke(Method.java:606)
	at junit.framework.TestCase.runTest(TestCase.java:176)
	at junit.framework.TestCase.runBare(TestCase.java:141)
	at junit.framework.TestResult$1.protect(TestResult.java:122)
	at junit.framework.TestResult.runProtected(TestResult.java:142)
	at junit.framework.TestResult.run(TestResult.java:125)
	at junit.framework.TestCase.run(TestCase.java:129)
	at junit.framework.TestSuite.runTest(TestSuite.java:255)
	at junit.framework.TestSuite.run(TestSuite.java:250)
	at org.junit.internal.runners.JUnit38ClassRunner.run(JUnit38ClassRunner.java:84)
	at com.gzoltar.lib.instrumentation.testing.junit.a.call(Unknown Source)
	at java.util.concurrent.FutureTask.run(FutureTask.java:262)
	at java.util.concurrent.ThreadPoolExecutor.runWorker(ThreadPoolExecutor.java:1145)
	at java.util.concurrent.ThreadPoolExecutor$Worker.run(ThreadPoolExecutor.java:615)
	at java.lang.Thread.run(Thread.java:745)
[ERROR] Class not found
java.lang.ClassNotFoundException: java.lang.xxx
	at java.lang.ClassLoader.findClass(ClassLoader.java:531)
	at java.lang.ClassLoader.loadClass(ClassLoader.java:425)
	at java.lang.ClassLoader.loadClass(ClassLoader.java:358)
	at com.gzoltar.lib.instrumentation.util.GZoltarClassLoader.loadClass(Unknown Source)
	at java.lang.Class.forName0(Native Method)
	at java.lang.Class.forName(Class.java:195)
	at org.apache.commons.lang3.ClassUtils.convertClassNamesToClasses(ClassUtils.java:365)
	at org.apache.commons.lang3.ClassUtilsTest.test_convertClassNamesToClasses_List(ClassUtilsTest.java:207)
	at sun.reflect.NativeMethodAccessorImpl.invoke0(Native Method)
	at sun.reflect.NativeMethodAccessorImpl.invoke(NativeMethodAccessorImpl.java:57)
	at sun.reflect.DelegatingMethodAccessorImpl.invoke(DelegatingMethodAccessorImpl.java:43)
	at java.lang.reflect.Method.invoke(Method.java:606)
	at junit.framework.TestCase.runTest(TestCase.java:176)
	at junit.framework.TestCase.runBare(TestCase.java:141)
	at junit.framework.TestResult$1.protect(TestResult.java:122)
	at junit.framework.TestResult.runProtected(TestResult.java:142)
	at junit.framework.TestResult.run(TestResult.java:125)
	at junit.framework.TestCase.run(TestCase.java:129)
	at junit.framework.TestSuite.runTest(TestSuite.java:255)
	at junit.framework.TestSuite.run(TestSuite.java:250)
	at org.junit.internal.runners.JUnit38ClassRunner.run(JUnit38ClassRunner.java:84)
	at com.gzoltar.lib.instrumentation.testing.junit.a.call(Unknown Source)
	at java.util.concurrent.FutureTask.run(FutureTask.java:262)
	at java.util.concurrent.ThreadPoolExecutor.runWorker(ThreadPoolExecutor.java:1145)
	at java.util.concurrent.ThreadPoolExecutor$Worker.run(ThreadPoolExecutor.java:615)
	at java.lang.Thread.run(Thread.java:745)
* Finished org.apache.commons.lang3.ClassUtilsTest#test_convertClassNamesToClasses_List
* Started org.apache.commons.lang3.ClassUtilsTest#test_isAssignable_Autoboxing
* Finished org.apache.commons.lang3.ClassUtilsTest#test_isAssignable_Autoboxing
* Started org.apache.commons.lang3.ClassUtilsTest#test_convertClassesToClassNames_List
* Finished org.apache.commons.lang3.ClassUtilsTest#test_convertClassesToClassNames_List
* Started org.apache.commons.lang3.ClassUtilsTest#testGetPublicMethod
* Finished org.apache.commons.lang3.ClassUtilsTest#testGetPublicMethod
* Started org.apache.commons.lang3.ClassUtilsTest#test_getAllInterfaces_Class
* Finished org.apache.commons.lang3.ClassUtilsTest#test_getAllInterfaces_Class
* Started org.apache.commons.lang3.ClassUtilsTest#testConstructor
* Finished org.apache.commons.lang3.ClassUtilsTest#testConstructor
* Started org.apache.commons.lang3.math.NumberUtilsTest#testMaximumDouble
* Finished org.apache.commons.lang3.math.NumberUtilsTest#testMaximumDouble
* Started org.apache.commons.lang3.math.NumberUtilsTest#testToFloatStringF
* Finished org.apache.commons.lang3.math.NumberUtilsTest#testToFloatStringF
* Started org.apache.commons.lang3.math.NumberUtilsTest#testMinimumFloat
* Finished org.apache.commons.lang3.math.NumberUtilsTest#testMinimumFloat
* Started org.apache.commons.lang3.math.NumberUtilsTest#testMinimumShort
* Finished org.apache.commons.lang3.math.NumberUtilsTest#testMinimumShort
* Started org.apache.commons.lang3.math.NumberUtilsTest#testCreateNumber
* Finished org.apache.commons.lang3.math.NumberUtilsTest#testCreateNumber
* Started org.apache.commons.lang3.math.NumberUtilsTest#testToLongString
* Finished org.apache.commons.lang3.math.NumberUtilsTest#testToLongString
* Started org.apache.commons.lang3.math.NumberUtilsTest#testToIntStringI
* Finished org.apache.commons.lang3.math.NumberUtilsTest#testToIntStringI
* Started org.apache.commons.lang3.math.NumberUtilsTest#testToIntString
* Finished org.apache.commons.lang3.math.NumberUtilsTest#testToIntString
* Started org.apache.commons.lang3.math.NumberUtilsTest#testCreateFloat
* Finished org.apache.commons.lang3.math.NumberUtilsTest#testCreateFloat
* Started org.apache.commons.lang3.math.NumberUtilsTest#testMinimumInt
* Finished org.apache.commons.lang3.math.NumberUtilsTest#testMinimumInt
* Started org.apache.commons.lang3.math.NumberUtilsTest#testToByteStringI
* Finished org.apache.commons.lang3.math.NumberUtilsTest#testToByteStringI
* Started org.apache.commons.lang3.math.NumberUtilsTest#testToFloatString
* Finished org.apache.commons.lang3.math.NumberUtilsTest#testToFloatString
* Started org.apache.commons.lang3.math.NumberUtilsTest#testMinFloat
* Finished org.apache.commons.lang3.math.NumberUtilsTest#testMinFloat
* Started org.apache.commons.lang3.math.NumberUtilsTest#testMinShort
* Finished org.apache.commons.lang3.math.NumberUtilsTest#testMinShort
* Started org.apache.commons.lang3.math.NumberUtilsTest#testToByteString
* Finished org.apache.commons.lang3.math.NumberUtilsTest#testToByteString
* Started org.apache.commons.lang3.math.NumberUtilsTest#testLang300
* Finished org.apache.commons.lang3.math.NumberUtilsTest#testLang300
* Started org.apache.commons.lang3.math.NumberUtilsTest#testLang381
* Finished org.apache.commons.lang3.math.NumberUtilsTest#testLang381
* Started org.apache.commons.lang3.math.NumberUtilsTest#testMaxDouble
* Finished org.apache.commons.lang3.math.NumberUtilsTest#testMaxDouble
* Started org.apache.commons.lang3.math.NumberUtilsTest#testMinimumDouble
* Finished org.apache.commons.lang3.math.NumberUtilsTest#testMinimumDouble
* Started org.apache.commons.lang3.math.NumberUtilsTest#testIsDigits
* Finished org.apache.commons.lang3.math.NumberUtilsTest#testIsDigits
* Started org.apache.commons.lang3.math.NumberUtilsTest#testCreateBigDecimal
* Finished org.apache.commons.lang3.math.NumberUtilsTest#testCreateBigDecimal
* Started org.apache.commons.lang3.math.NumberUtilsTest#testConstants
* Finished org.apache.commons.lang3.math.NumberUtilsTest#testConstants
* Started org.apache.commons.lang3.math.NumberUtilsTest#testCompareDouble
* Finished org.apache.commons.lang3.math.NumberUtilsTest#testCompareDouble
* Started org.apache.commons.lang3.math.NumberUtilsTest#testMinimumByte
* Finished org.apache.commons.lang3.math.NumberUtilsTest#testMinimumByte
* Started org.apache.commons.lang3.math.NumberUtilsTest#testMinimumLong
* Finished org.apache.commons.lang3.math.NumberUtilsTest#testMinimumLong
* Started org.apache.commons.lang3.math.NumberUtilsTest#testIsNumber
* Finished org.apache.commons.lang3.math.NumberUtilsTest#testIsNumber
* Started org.apache.commons.lang3.math.NumberUtilsTest#testMinDouble
* Finished org.apache.commons.lang3.math.NumberUtilsTest#testMinDouble
* Started org.apache.commons.lang3.math.NumberUtilsTest#testMaxByte
* Finished org.apache.commons.lang3.math.NumberUtilsTest#testMaxByte
* Started org.apache.commons.lang3.math.NumberUtilsTest#testMaxLong
* Finished org.apache.commons.lang3.math.NumberUtilsTest#testMaxLong
* Started org.apache.commons.lang3.math.NumberUtilsTest#testCreateBigInteger
* Finished org.apache.commons.lang3.math.NumberUtilsTest#testCreateBigInteger
* Started org.apache.commons.lang3.math.NumberUtilsTest#testCreateLong
* Finished org.apache.commons.lang3.math.NumberUtilsTest#testCreateLong
* Started org.apache.commons.lang3.math.NumberUtilsTest#testMinByte
* Finished org.apache.commons.lang3.math.NumberUtilsTest#testMinByte
* Started org.apache.commons.lang3.math.NumberUtilsTest#testMinLong
* Finished org.apache.commons.lang3.math.NumberUtilsTest#testMinLong
* Started org.apache.commons.lang3.math.NumberUtilsTest#testMaximumInt
* Finished org.apache.commons.lang3.math.NumberUtilsTest#testMaximumInt
* Started org.apache.commons.lang3.math.NumberUtilsTest#testMaximumByte
* Finished org.apache.commons.lang3.math.NumberUtilsTest#testMaximumByte
* Started org.apache.commons.lang3.math.NumberUtilsTest#testMaximumLong
* Finished org.apache.commons.lang3.math.NumberUtilsTest#testMaximumLong
* Started org.apache.commons.lang3.math.NumberUtilsTest#testMaxFloat
* Finished org.apache.commons.lang3.math.NumberUtilsTest#testMaxFloat
* Started org.apache.commons.lang3.math.NumberUtilsTest#testMaxShort
* Finished org.apache.commons.lang3.math.NumberUtilsTest#testMaxShort
* Started org.apache.commons.lang3.math.NumberUtilsTest#testCompareFloat
* Finished org.apache.commons.lang3.math.NumberUtilsTest#testCompareFloat
* Started org.apache.commons.lang3.math.NumberUtilsTest#testMaxInt
* Finished org.apache.commons.lang3.math.NumberUtilsTest#testMaxInt
* Started org.apache.commons.lang3.math.NumberUtilsTest#testMinInt
* Finished org.apache.commons.lang3.math.NumberUtilsTest#testMinInt
* Started org.apache.commons.lang3.math.NumberUtilsTest#testStringToDoubleString
* Finished org.apache.commons.lang3.math.NumberUtilsTest#testStringToDoubleString
* Started org.apache.commons.lang3.math.NumberUtilsTest#testMaximumFloat
* Finished org.apache.commons.lang3.math.NumberUtilsTest#testMaximumFloat
* Started org.apache.commons.lang3.math.NumberUtilsTest#testMaximumShort
* Finished org.apache.commons.lang3.math.NumberUtilsTest#testMaximumShort
* Started org.apache.commons.lang3.math.NumberUtilsTest#testToShortStringI
* Finished org.apache.commons.lang3.math.NumberUtilsTest#testToShortStringI
* Started org.apache.commons.lang3.math.NumberUtilsTest#testCreateInteger
* Finished org.apache.commons.lang3.math.NumberUtilsTest#testCreateInteger
* Started org.apache.commons.lang3.math.NumberUtilsTest#testToLongStringL
* Finished org.apache.commons.lang3.math.NumberUtilsTest#testToLongStringL
* Started org.apache.commons.lang3.math.NumberUtilsTest#testStringToDoubleStringD
* Finished org.apache.commons.lang3.math.NumberUtilsTest#testStringToDoubleStringD
* Started org.apache.commons.lang3.math.NumberUtilsTest#testToShortString
* Finished org.apache.commons.lang3.math.NumberUtilsTest#testToShortString
* Started org.apache.commons.lang3.math.NumberUtilsTest#testConstructor
* Finished org.apache.commons.lang3.math.NumberUtilsTest#testConstructor
* Started org.apache.commons.lang3.math.NumberUtilsTest#testCreateDouble
* Finished org.apache.commons.lang3.math.NumberUtilsTest#testCreateDouble
* Filtering test cases that do not cover any component
* Sending data to master
* Closing connection with client
* Performing fault localization
* Running Ochiai
* Writing coverage matrix to '/home/yxb/Documents/rjust-fault-localization-data-f36d7eea9a9c/gzoltar/gzoltars/Lang/29/matrix'
* Writing spectra to '/home/yxb/Documents/rjust-fault-localization-data-f36d7eea9a9c/gzoltar/gzoltars/Lang/29/spectra'
* Metrics
* Computation finished
[INFO] End: Sun Aug 25 21:25:27 PDT 2019
[DEBUG] MATRIX OK
[DEBUG] SPECTRA OK

DONE!
