[DEBUG] PID: Closure
[DEBUG] VID: 107
[DEBUG] DATA_DIR: /home/yxb/Documents/rjust-fault-localization-data-f36d7eea9a9c/gzoltar/gzoltars/Closure/107
[DEBUG] TOOL: developer
[DEBUG] TESTS_DIR: 
[DEBUG] TMP_DIR: /tmp/yxb/gzoltar_109105_Closure-107
[DEBUG] DIR_PROJECT: /home/yxb/Documents/rjust-fault-localization-data-f36d7eea9a9c/defects4j//framework/projects/Closure
[DEBUG] DIR_LOADED_CLASSES: /home/yxb/Documents/rjust-fault-localization-data-f36d7eea9a9c/defects4j//framework/projects/Closure/loaded_classes
[DEBUG] DIR_RELEVANT_TESTS: /home/yxb/Documents/rjust-fault-localization-data-f36d7eea9a9c/defects4j//framework/projects/Closure/relevant_tests
[DEBUG] DIR_TRIGGER_TESTS: /home/yxb/Documents/rjust-fault-localization-data-f36d7eea9a9c/defects4j//framework/projects/Closure/trigger_tests
[DEBUG] JAVA_VERSION:
Picked up _JAVA_OPTIONS: -XX:MaxHeapSize=1024m -Xmx4096m
java version "1.7.0_80"
Java(TM) SE Runtime Environment (build 1.7.0_80-b15)
Java HotSpot(TM) 64-Bit Server VM (build 24.80-b11, mixed mode)
[INFO] Checking out Closure-107 to /tmp/yxb/gzoltar_109105_Closure-107
Check out 49e9565f to /tmp/yxb/gzoltar_109105_Closure-107.................. OK
Init local repository...................................................... OK
Tag post-fix revision...................................................... OK
Run post-checkout hook..................................................... OK
Initialize fixed program version........................................... OK
Apply patch................................................................ OK
Initialize buggy program version........................................... OK
Diff 49e9565f:aae547f4..................................................... OK
Apply patch................................................................ OK
Tag pre-fix revision....................................................... OK
Check out program version: Closure-107b.................................... OK
[DEBUG] LOADED_CLASSES: com.google.javascript.jscomp.LightweightMessageFormatter:com.google.javascript.jscomp.ReplaceCssNames:com.google.javascript.jscomp.InlineObjectLiterals:com.google.javascript.jscomp.ComposeWarningsGuard:com.google.javascript.jscomp.ConstCheck:com.google.javascript.jscomp.JSModule:com.google.javascript.rhino.jstype.NumberType:com.google.javascript.jscomp.PassConfig:com.google.javascript.jscomp.deps.JsFileParser:com.google.javascript.rhino.jstype.PrototypeObjectType:com.google.javascript.jscomp.NodeTraversal:com.google.javascript.rhino.JSDocInfoBuilder:com.google.javascript.jscomp.deps.SimpleDependencyInfo:com.google.javascript.jscomp.HotSwapCompilerPass:com.google.javascript.jscomp.JSError:com.google.javascript.jscomp.parsing.Config:com.google.javascript.rhino.jstype.TemplateTypeMap:com.google.javascript.jscomp.DiagnosticType:com.google.javascript.jscomp.MinimizeExitPoints:com.google.javascript.jscomp.SourceAst:com.google.javascript.jscomp.graph.LinkedUndirectedGraph:com.google.javascript.rhino.jstype.FunctionType:com.google.javascript.jscomp.parsing.JsDocToken:com.google.javascript.jscomp.MessageBundle:com.google.javascript.jscomp.CheckUnreachableCode:com.google.javascript.jscomp.CleanupPasses:com.google.javascript.jscomp.ScopeCreator:com.google.javascript.jscomp.graph.LatticeElement:com.google.javascript.rhino.Token:com.google.javascript.jscomp.ClosureCodeRemoval:com.google.javascript.jscomp.CheckEventfulObjectDisposal:com.google.javascript.jscomp.VariableReferenceCheck:com.google.javascript.rhino.jstype.ModificationVisitor:com.google.javascript.jscomp.RenamingMap:com.google.javascript.jscomp.CollapseAnonymousFunctions:com.google.javascript.jscomp.graph.GraphvizGraph:com.google.javascript.jscomp.graph.LinkedDirectedGraph:com.google.javascript.jscomp.AbstractMessageFormatter:com.google.javascript.jscomp.Region:com.google.javascript.jscomp.PeepholeSubstituteAlternateSyntax:com.google.javascript.jscomp.OptimizeReturns:com.google.javascript.jscomp.CheckLevel:com.google.javascript.rhino.InputId:com.google.javascript.jscomp.parsing.ParserRunner:com.google.javascript.jscomp.DefaultPassConfig:com.google.javascript.jscomp.deps.SortedDependencies:com.google.javascript.jscomp.ExtractPrototypeMemberDeclarations:com.google.javascript.jscomp.AbstractPeepholeOptimization:com.google.javascript.rhino.jstype.NoType:com.google.javascript.jscomp.VariableMap:com.google.javascript.jscomp.Result:com.google.javascript.jscomp.StatementFusion:com.google.javascript.jscomp.AstChangeProxy:com.google.javascript.jscomp.ReorderConstantExpression:com.google.javascript.jscomp.AbstractCompiler:com.google.javascript.jscomp.DependencyOptions:com.google.javascript.jscomp.FlowSensitiveInlineVariables:com.google.javascript.jscomp.CssRenamingMap:com.google.javascript.jscomp.RemoveUnusedPrototypeProperties:com.google.javascript.rhino.jstype.UnionTypeBuilder:com.google.javascript.rhino.jstype.AllType:com.google.javascript.jscomp.AbstractCommandLineRunner:com.google.javascript.rhino.jstype.ValueType:com.google.javascript.jscomp.DiagnosticGroup:com.google.javascript.jscomp.CodeConsumer:com.google.javascript.jscomp.UnreachableCodeElimination:com.google.javascript.jscomp.graph.Annotatable:com.google.javascript.jscomp.RemoveUnusedVars:com.google.javascript.jscomp.DefinitionSite:com.google.javascript.jscomp.TypeValidator:com.google.javascript.jscomp.AnonymousFunctionNamingPolicy:com.google.javascript.rhino.jstype.NamedType:com.google.javascript.rhino.jstype.StaticSlot:com.google.javascript.jscomp.DataFlowAnalysis:com.google.javascript.jscomp.ScopedAliases:com.google.javascript.jscomp.ConvertToDottedProperties:com.google.javascript.jscomp.PeepholeCollectPropertyAssignments:com.google.javascript.jscomp.JsMessage:com.google.javascript.rhino.jstype.RelationshipVisitor:com.google.javascript.jscomp.CodingConvention:com.google.javascript.jscomp.PropertyRenamingPolicy:com.google.javascript.jscomp.RenameLabels:com.google.javascript.jscomp.CodeGenerator:com.google.javascript.jscomp.PassFactory:com.google.javascript.jscomp.parsing.JsDocTokenStream:com.google.javascript.jscomp.OptimizeParameters:com.google.javascript.rhino.jstype.InstanceObjectType:com.google.javascript.jscomp.SimpleDefinitionFinder:com.google.javascript.jscomp.Compiler:com.google.javascript.rhino.jstype.FunctionBuilder:com.google.javascript.jscomp.NameGenerator:com.google.javascript.jscomp.DiagnosticGroupWarningsGuard:com.google.javascript.jscomp.VarCheck:com.google.javascript.jscomp.CodingConventions:com.google.javascript.rhino.jstype.StaticReference:com.google.javascript.jscomp.ReferenceCollectingCallback:com.google.javascript.jscomp.PeepholeMinimizeConditions:com.google.javascript.rhino.jstype.EquivalenceMethod:com.google.javascript.jscomp.CoalesceVariableNames:com.google.javascript.jscomp.PeepholeOptimizationsPass:com.google.javascript.jscomp.graph.GraphNode:com.google.javascript.jscomp.JsAst:com.google.javascript.jscomp.TypedScopeCreator:com.google.javascript.jscomp.EmptyMessageBundle:com.google.javascript.jscomp.parsing.Annotation:com.google.javascript.jscomp.PureFunctionIdentifier:com.google.javascript.rhino.jstype.NullType:com.google.javascript.jscomp.RecentChange:com.google.javascript.rhino.jstype.ProxyObjectType:com.google.javascript.jscomp.PhaseOptimizer:com.google.javascript.jscomp.SourceExcerptProvider:com.google.javascript.jscomp.PrepareAst:com.google.javascript.jscomp.FunctionInjector:com.google.javascript.jscomp.graph.Annotation:com.google.javascript.jscomp.type.SemanticReverseAbstractInterpreter:com.google.javascript.jscomp.type.ChainableReverseAbstractInterpreter:com.google.javascript.jscomp.PeepholeFoldConstants:com.google.javascript.jscomp.PrintStreamErrorManager:com.google.javascript.jscomp.DiagnosticGroups:com.google.javascript.jscomp.ErrorHandler:com.google.javascript.rhino.jstype.Visitor:com.google.javascript.jscomp.PeepholeReplaceKnownMethods:com.google.javascript.jscomp.deps.JsFileLineParser:com.google.javascript.jscomp.CheckSideEffects:com.google.javascript.rhino.jstype.UnionType:com.google.javascript.jscomp.CheckRegExp:com.google.javascript.jscomp.graph.AdjacencyGraph:com.google.javascript.jscomp.Denormalize:com.google.javascript.jscomp.MustBeReachingVariableDef:com.google.javascript.jscomp.OptimizeArgumentsArray:com.google.javascript.jscomp.graph.Graph:com.google.javascript.jscomp.CodeChangeHandler:com.google.javascript.jscomp.InlineCostEstimator:com.google.javascript.jscomp.VariableRenamingPolicy:com.google.javascript.jscomp.CompilerInput:com.google.javascript.rhino.jstype.StringType:com.google.javascript.jscomp.DefinitionProvider:com.google.javascript.jscomp.CheckMissingReturn:com.google.javascript.jscomp.ExploitAssigns:com.google.javascript.jscomp.ShowByPathWarningsGuard:com.google.javascript.jscomp.TypeCheck:com.google.javascript.jscomp.DeadAssignmentsElimination:com.google.javascript.rhino.Node:com.google.javascript.jscomp.ProcessTweaks:com.google.javascript.jscomp.type.ReverseAbstractInterpreter:com.google.javascript.jscomp.ProcessClosurePrimitives:com.google.javascript.jscomp.Scope:com.google.javascript.jscomp.JoinOp:com.google.javascript.jscomp.ConstParamCheck:com.google.javascript.jscomp.JsMessageVisitor:com.google.javascript.jscomp.MethodCompilerPass:com.google.javascript.rhino.jstype.TemplateType:com.google.javascript.jscomp.MaybeReachingVariableUse:com.google.javascript.jscomp.SourceFile:com.google.javascript.jscomp.StrictModeCheck:com.google.javascript.jscomp.parsing.TypeSafeDispatcher:com.google.javascript.rhino.jstype.JSTypeRegistry:com.google.javascript.rhino.SimpleErrorReporter:com.google.javascript.jscomp.ErrorFormat:com.google.javascript.rhino.IR:com.google.javascript.jscomp.NodeUtil:com.google.javascript.rhino.jstype.ObjectType:com.google.javascript.jscomp.CheckGlobalThis:com.google.javascript.jscomp.graph.DiGraph:com.google.javascript.jscomp.AnalyzePrototypeProperties:com.google.javascript.jscomp.GlobalVarReferenceMap:com.google.javascript.jscomp.Normalize:com.google.javascript.jscomp.DefinitionsRemover:com.google.javascript.jscomp.CheckSuspiciousCode:com.google.javascript.jscomp.graph.GraphReachability:com.google.javascript.jscomp.CheckProvides:com.google.javascript.jscomp.NameAnalyzer:com.google.javascript.jscomp.deps.DependencyInfo:com.google.javascript.jscomp.FunctionTypeBuilder:com.google.javascript.jscomp.CompilerOptions:com.google.javascript.jscomp.CodePrinter:com.google.javascript.jscomp.CompilationLevel:com.google.javascript.jscomp.parsing.JsDocInfoParser:com.google.javascript.rhino.jstype.JSType:com.google.javascript.jscomp.ReplaceMessages:com.google.javascript.jscomp.CommandLineRunner:com.google.javascript.jscomp.CustomPassExecutionTime:com.google.javascript.jscomp.RenameProperties:com.google.javascript.jscomp.graph.SubGraph:com.google.javascript.rhino.jstype.TemplatizedType:com.google.javascript.jscomp.ControlFlowGraph:com.google.javascript.jscomp.GlobalNamespace:com.google.javascript.jscomp.InlineVariables:com.google.javascript.rhino.jstype.PropertyMap:com.google.javascript.jscomp.CollapseProperties:com.google.javascript.jscomp.CrossModuleMethodMotion:com.google.javascript.jscomp.SuppressDocWarningsGuard:com.google.javascript.jscomp.RenameVars:com.google.javascript.jscomp.ShadowVariables:com.google.javascript.rhino.jstype.NamespaceType:com.google.javascript.jscomp.SpecializationAwareCompilerPass:com.google.javascript.jscomp.CollapseVariableDeclarations:com.google.javascript.jscomp.ControlFlowAnalysis:com.google.javascript.jscomp.InlineSimpleMethods:com.google.javascript.rhino.TokenStream:com.google.javascript.jscomp.ProcessDefines:com.google.javascript.jscomp.GatherSideEffectSubexpressionsCallback:com.google.javascript.rhino.jstype.CanCastToVisitor:com.google.javascript.rhino.ErrorReporter:com.google.javascript.rhino.jstype.JSTypeNative:com.google.javascript.jscomp.CheckGlobalNames:com.google.javascript.rhino.jstype.StaticScope:com.google.javascript.jscomp.MakeDeclaredNamesUnique:com.google.javascript.rhino.JSTypeExpression:com.google.javascript.jscomp.RemoveUnusedClassProperties:com.google.javascript.rhino.jstype.StaticSourceFile:com.google.javascript.jscomp.ClosureCodingConvention:com.google.javascript.jscomp.DisambiguateProperties:com.google.javascript.jscomp.ClosureRewriteClass:com.google.javascript.jscomp.CheckAccessControls:com.google.javascript.jscomp.CheckDebuggerStatement:com.google.javascript.jscomp.JSModuleGraph:com.google.javascript.jscomp.ControlStructureCheck:com.google.javascript.rhino.jstype.NoResolvedType:com.google.javascript.rhino.JSDocInfo:com.google.javascript.rhino.jstype.StaticSymbolTable:com.google.javascript.jscomp.TypedCodeGenerator:com.google.javascript.jscomp.OptimizeCalls:com.google.javascript.jscomp.ReplaceIdGenerators:com.google.javascript.jscomp.WhitelistWarningsGuard:com.google.javascript.rhino.SourcePosition:com.google.javascript.rhino.jstype.TemplateTypeMapReplacer:com.google.javascript.jscomp.CheckRequiresForConstructors:com.google.javascript.jscomp.MessageFormatter:com.google.javascript.jscomp.RhinoErrorReporter:com.google.javascript.rhino.jstype.VoidType:com.google.javascript.rhino.jstype.UnknownType:com.google.javascript.jscomp.InlineFunctions:com.google.javascript.jscomp.SyntacticScopeCreator:com.google.javascript.jscomp.CompilerPass:com.google.javascript.jscomp.graph.FixedPointGraphTraversal:com.google.javascript.rhino.jstype.ErrorFunctionType:com.google.javascript.rhino.jstype.EnumElementType:com.google.javascript.rhino.jstype.NoObjectType:com.google.javascript.rhino.jstype.ArrowType:com.google.javascript.jscomp.BasicErrorManager:com.google.javascript.jscomp.AstValidator:com.google.javascript.jscomp.SourceMap:com.google.javascript.jscomp.CrossModuleCodeMotion:com.google.javascript.jscomp.graph.UndiGraph:com.google.javascript.jscomp.graph.GraphColoring:com.google.javascript.jscomp.Tracer:com.google.javascript.jscomp.CombinedCompilerPass:com.google.javascript.rhino.jstype.FunctionParamBuilder:com.google.javascript.jscomp.PeepholeRemoveDeadCode:com.google.javascript.rhino.jstype.BooleanType:com.google.javascript.jscomp.WarningLevel:com.google.javascript.jscomp.ClosureOptimizePrimitives:com.google.javascript.jscomp.GatherRawExports:com.google.javascript.jscomp.DevirtualizePrototypeMethods:com.google.javascript.jscomp.parsing.IRFactory:com.google.javascript.jscomp.InvocationsCallback:com.google.javascript.jscomp.WarningsGuard:com.google.javascript.jscomp.ErrorManager:com.google.javascript.rhino.jstype.Property:
[DEBUG] LOADED_SUB_CLASSES: com.google.javascript.jscomp.LightweightMessageFormatter$*:com.google.javascript.jscomp.ReplaceCssNames$*:com.google.javascript.jscomp.InlineObjectLiterals$*:com.google.javascript.jscomp.ComposeWarningsGuard$*:com.google.javascript.jscomp.ConstCheck$*:com.google.javascript.jscomp.JSModule$*:com.google.javascript.rhino.jstype.NumberType$*:com.google.javascript.jscomp.PassConfig$*:com.google.javascript.jscomp.deps.JsFileParser$*:com.google.javascript.rhino.jstype.PrototypeObjectType$*:com.google.javascript.jscomp.NodeTraversal$*:com.google.javascript.rhino.JSDocInfoBuilder$*:com.google.javascript.jscomp.deps.SimpleDependencyInfo$*:com.google.javascript.jscomp.HotSwapCompilerPass$*:com.google.javascript.jscomp.JSError$*:com.google.javascript.jscomp.parsing.Config$*:com.google.javascript.rhino.jstype.TemplateTypeMap$*:com.google.javascript.jscomp.DiagnosticType$*:com.google.javascript.jscomp.MinimizeExitPoints$*:com.google.javascript.jscomp.SourceAst$*:com.google.javascript.jscomp.graph.LinkedUndirectedGraph$*:com.google.javascript.rhino.jstype.FunctionType$*:com.google.javascript.jscomp.parsing.JsDocToken$*:com.google.javascript.jscomp.MessageBundle$*:com.google.javascript.jscomp.CheckUnreachableCode$*:com.google.javascript.jscomp.CleanupPasses$*:com.google.javascript.jscomp.ScopeCreator$*:com.google.javascript.jscomp.graph.LatticeElement$*:com.google.javascript.rhino.Token$*:com.google.javascript.jscomp.ClosureCodeRemoval$*:com.google.javascript.jscomp.CheckEventfulObjectDisposal$*:com.google.javascript.jscomp.VariableReferenceCheck$*:com.google.javascript.rhino.jstype.ModificationVisitor$*:com.google.javascript.jscomp.RenamingMap$*:com.google.javascript.jscomp.CollapseAnonymousFunctions$*:com.google.javascript.jscomp.graph.GraphvizGraph$*:com.google.javascript.jscomp.graph.LinkedDirectedGraph$*:com.google.javascript.jscomp.AbstractMessageFormatter$*:com.google.javascript.jscomp.Region$*:com.google.javascript.jscomp.PeepholeSubstituteAlternateSyntax$*:com.google.javascript.jscomp.OptimizeReturns$*:com.google.javascript.jscomp.CheckLevel$*:com.google.javascript.rhino.InputId$*:com.google.javascript.jscomp.parsing.ParserRunner$*:com.google.javascript.jscomp.DefaultPassConfig$*:com.google.javascript.jscomp.deps.SortedDependencies$*:com.google.javascript.jscomp.ExtractPrototypeMemberDeclarations$*:com.google.javascript.jscomp.AbstractPeepholeOptimization$*:com.google.javascript.rhino.jstype.NoType$*:com.google.javascript.jscomp.VariableMap$*:com.google.javascript.jscomp.Result$*:com.google.javascript.jscomp.StatementFusion$*:com.google.javascript.jscomp.AstChangeProxy$*:com.google.javascript.jscomp.ReorderConstantExpression$*:com.google.javascript.jscomp.AbstractCompiler$*:com.google.javascript.jscomp.DependencyOptions$*:com.google.javascript.jscomp.FlowSensitiveInlineVariables$*:com.google.javascript.jscomp.CssRenamingMap$*:com.google.javascript.jscomp.RemoveUnusedPrototypeProperties$*:com.google.javascript.rhino.jstype.UnionTypeBuilder$*:com.google.javascript.rhino.jstype.AllType$*:com.google.javascript.jscomp.AbstractCommandLineRunner$*:com.google.javascript.rhino.jstype.ValueType$*:com.google.javascript.jscomp.DiagnosticGroup$*:com.google.javascript.jscomp.CodeConsumer$*:com.google.javascript.jscomp.UnreachableCodeElimination$*:com.google.javascript.jscomp.graph.Annotatable$*:com.google.javascript.jscomp.RemoveUnusedVars$*:com.google.javascript.jscomp.DefinitionSite$*:com.google.javascript.jscomp.TypeValidator$*:com.google.javascript.jscomp.AnonymousFunctionNamingPolicy$*:com.google.javascript.rhino.jstype.NamedType$*:com.google.javascript.rhino.jstype.StaticSlot$*:com.google.javascript.jscomp.DataFlowAnalysis$*:com.google.javascript.jscomp.ScopedAliases$*:com.google.javascript.jscomp.ConvertToDottedProperties$*:com.google.javascript.jscomp.PeepholeCollectPropertyAssignments$*:com.google.javascript.jscomp.JsMessage$*:com.google.javascript.rhino.jstype.RelationshipVisitor$*:com.google.javascript.jscomp.CodingConvention$*:com.google.javascript.jscomp.PropertyRenamingPolicy$*:com.google.javascript.jscomp.RenameLabels$*:com.google.javascript.jscomp.CodeGenerator$*:com.google.javascript.jscomp.PassFactory$*:com.google.javascript.jscomp.parsing.JsDocTokenStream$*:com.google.javascript.jscomp.OptimizeParameters$*:com.google.javascript.rhino.jstype.InstanceObjectType$*:com.google.javascript.jscomp.SimpleDefinitionFinder$*:com.google.javascript.jscomp.Compiler$*:com.google.javascript.rhino.jstype.FunctionBuilder$*:com.google.javascript.jscomp.NameGenerator$*:com.google.javascript.jscomp.DiagnosticGroupWarningsGuard$*:com.google.javascript.jscomp.VarCheck$*:com.google.javascript.jscomp.CodingConventions$*:com.google.javascript.rhino.jstype.StaticReference$*:com.google.javascript.jscomp.ReferenceCollectingCallback$*:com.google.javascript.jscomp.PeepholeMinimizeConditions$*:com.google.javascript.rhino.jstype.EquivalenceMethod$*:com.google.javascript.jscomp.CoalesceVariableNames$*:com.google.javascript.jscomp.PeepholeOptimizationsPass$*:com.google.javascript.jscomp.graph.GraphNode$*:com.google.javascript.jscomp.JsAst$*:com.google.javascript.jscomp.TypedScopeCreator$*:com.google.javascript.jscomp.EmptyMessageBundle$*:com.google.javascript.jscomp.parsing.Annotation$*:com.google.javascript.jscomp.PureFunctionIdentifier$*:com.google.javascript.rhino.jstype.NullType$*:com.google.javascript.jscomp.RecentChange$*:com.google.javascript.rhino.jstype.ProxyObjectType$*:com.google.javascript.jscomp.PhaseOptimizer$*:com.google.javascript.jscomp.SourceExcerptProvider$*:com.google.javascript.jscomp.PrepareAst$*:com.google.javascript.jscomp.FunctionInjector$*:com.google.javascript.jscomp.graph.Annotation$*:com.google.javascript.jscomp.type.SemanticReverseAbstractInterpreter$*:com.google.javascript.jscomp.type.ChainableReverseAbstractInterpreter$*:com.google.javascript.jscomp.PeepholeFoldConstants$*:com.google.javascript.jscomp.PrintStreamErrorManager$*:com.google.javascript.jscomp.DiagnosticGroups$*:com.google.javascript.jscomp.ErrorHandler$*:com.google.javascript.rhino.jstype.Visitor$*:com.google.javascript.jscomp.PeepholeReplaceKnownMethods$*:com.google.javascript.jscomp.deps.JsFileLineParser$*:com.google.javascript.jscomp.CheckSideEffects$*:com.google.javascript.rhino.jstype.UnionType$*:com.google.javascript.jscomp.CheckRegExp$*:com.google.javascript.jscomp.graph.AdjacencyGraph$*:com.google.javascript.jscomp.Denormalize$*:com.google.javascript.jscomp.MustBeReachingVariableDef$*:com.google.javascript.jscomp.OptimizeArgumentsArray$*:com.google.javascript.jscomp.graph.Graph$*:com.google.javascript.jscomp.CodeChangeHandler$*:com.google.javascript.jscomp.InlineCostEstimator$*:com.google.javascript.jscomp.VariableRenamingPolicy$*:com.google.javascript.jscomp.CompilerInput$*:com.google.javascript.rhino.jstype.StringType$*:com.google.javascript.jscomp.DefinitionProvider$*:com.google.javascript.jscomp.CheckMissingReturn$*:com.google.javascript.jscomp.ExploitAssigns$*:com.google.javascript.jscomp.ShowByPathWarningsGuard$*:com.google.javascript.jscomp.TypeCheck$*:com.google.javascript.jscomp.DeadAssignmentsElimination$*:com.google.javascript.rhino.Node$*:com.google.javascript.jscomp.ProcessTweaks$*:com.google.javascript.jscomp.type.ReverseAbstractInterpreter$*:com.google.javascript.jscomp.ProcessClosurePrimitives$*:com.google.javascript.jscomp.Scope$*:com.google.javascript.jscomp.JoinOp$*:com.google.javascript.jscomp.ConstParamCheck$*:com.google.javascript.jscomp.JsMessageVisitor$*:com.google.javascript.jscomp.MethodCompilerPass$*:com.google.javascript.rhino.jstype.TemplateType$*:com.google.javascript.jscomp.MaybeReachingVariableUse$*:com.google.javascript.jscomp.SourceFile$*:com.google.javascript.jscomp.StrictModeCheck$*:com.google.javascript.jscomp.parsing.TypeSafeDispatcher$*:com.google.javascript.rhino.jstype.JSTypeRegistry$*:com.google.javascript.rhino.SimpleErrorReporter$*:com.google.javascript.jscomp.ErrorFormat$*:com.google.javascript.rhino.IR$*:com.google.javascript.jscomp.NodeUtil$*:com.google.javascript.rhino.jstype.ObjectType$*:com.google.javascript.jscomp.CheckGlobalThis$*:com.google.javascript.jscomp.graph.DiGraph$*:com.google.javascript.jscomp.AnalyzePrototypeProperties$*:com.google.javascript.jscomp.GlobalVarReferenceMap$*:com.google.javascript.jscomp.Normalize$*:com.google.javascript.jscomp.DefinitionsRemover$*:com.google.javascript.jscomp.CheckSuspiciousCode$*:com.google.javascript.jscomp.graph.GraphReachability$*:com.google.javascript.jscomp.CheckProvides$*:com.google.javascript.jscomp.NameAnalyzer$*:com.google.javascript.jscomp.deps.DependencyInfo$*:com.google.javascript.jscomp.FunctionTypeBuilder$*:com.google.javascript.jscomp.CompilerOptions$*:com.google.javascript.jscomp.CodePrinter$*:com.google.javascript.jscomp.CompilationLevel$*:com.google.javascript.jscomp.parsing.JsDocInfoParser$*:com.google.javascript.rhino.jstype.JSType$*:com.google.javascript.jscomp.ReplaceMessages$*:com.google.javascript.jscomp.CommandLineRunner$*:com.google.javascript.jscomp.CustomPassExecutionTime$*:com.google.javascript.jscomp.RenameProperties$*:com.google.javascript.jscomp.graph.SubGraph$*:com.google.javascript.rhino.jstype.TemplatizedType$*:com.google.javascript.jscomp.ControlFlowGraph$*:com.google.javascript.jscomp.GlobalNamespace$*:com.google.javascript.jscomp.InlineVariables$*:com.google.javascript.rhino.jstype.PropertyMap$*:com.google.javascript.jscomp.CollapseProperties$*:com.google.javascript.jscomp.CrossModuleMethodMotion$*:com.google.javascript.jscomp.SuppressDocWarningsGuard$*:com.google.javascript.jscomp.RenameVars$*:com.google.javascript.jscomp.ShadowVariables$*:com.google.javascript.rhino.jstype.NamespaceType$*:com.google.javascript.jscomp.SpecializationAwareCompilerPass$*:com.google.javascript.jscomp.CollapseVariableDeclarations$*:com.google.javascript.jscomp.ControlFlowAnalysis$*:com.google.javascript.jscomp.InlineSimpleMethods$*:com.google.javascript.rhino.TokenStream$*:com.google.javascript.jscomp.ProcessDefines$*:com.google.javascript.jscomp.GatherSideEffectSubexpressionsCallback$*:com.google.javascript.rhino.jstype.CanCastToVisitor$*:com.google.javascript.rhino.ErrorReporter$*:com.google.javascript.rhino.jstype.JSTypeNative$*:com.google.javascript.jscomp.CheckGlobalNames$*:com.google.javascript.rhino.jstype.StaticScope$*:com.google.javascript.jscomp.MakeDeclaredNamesUnique$*:com.google.javascript.rhino.JSTypeExpression$*:com.google.javascript.jscomp.RemoveUnusedClassProperties$*:com.google.javascript.rhino.jstype.StaticSourceFile$*:com.google.javascript.jscomp.ClosureCodingConvention$*:com.google.javascript.jscomp.DisambiguateProperties$*:com.google.javascript.jscomp.ClosureRewriteClass$*:com.google.javascript.jscomp.CheckAccessControls$*:com.google.javascript.jscomp.CheckDebuggerStatement$*:com.google.javascript.jscomp.JSModuleGraph$*:com.google.javascript.jscomp.ControlStructureCheck$*:com.google.javascript.rhino.jstype.NoResolvedType$*:com.google.javascript.rhino.JSDocInfo$*:com.google.javascript.rhino.jstype.StaticSymbolTable$*:com.google.javascript.jscomp.TypedCodeGenerator$*:com.google.javascript.jscomp.OptimizeCalls$*:com.google.javascript.jscomp.ReplaceIdGenerators$*:com.google.javascript.jscomp.WhitelistWarningsGuard$*:com.google.javascript.rhino.SourcePosition$*:com.google.javascript.rhino.jstype.TemplateTypeMapReplacer$*:com.google.javascript.jscomp.CheckRequiresForConstructors$*:com.google.javascript.jscomp.MessageFormatter$*:com.google.javascript.jscomp.RhinoErrorReporter$*:com.google.javascript.rhino.jstype.VoidType$*:com.google.javascript.rhino.jstype.UnknownType$*:com.google.javascript.jscomp.InlineFunctions$*:com.google.javascript.jscomp.SyntacticScopeCreator$*:com.google.javascript.jscomp.CompilerPass$*:com.google.javascript.jscomp.graph.FixedPointGraphTraversal$*:com.google.javascript.rhino.jstype.ErrorFunctionType$*:com.google.javascript.rhino.jstype.EnumElementType$*:com.google.javascript.rhino.jstype.NoObjectType$*:com.google.javascript.rhino.jstype.ArrowType$*:com.google.javascript.jscomp.BasicErrorManager$*:com.google.javascript.jscomp.AstValidator$*:com.google.javascript.jscomp.SourceMap$*:com.google.javascript.jscomp.CrossModuleCodeMotion$*:com.google.javascript.jscomp.graph.UndiGraph$*:com.google.javascript.jscomp.graph.GraphColoring$*:com.google.javascript.jscomp.Tracer$*:com.google.javascript.jscomp.CombinedCompilerPass$*:com.google.javascript.rhino.jstype.FunctionParamBuilder$*:com.google.javascript.jscomp.PeepholeRemoveDeadCode$*:com.google.javascript.rhino.jstype.BooleanType$*:com.google.javascript.jscomp.WarningLevel$*:com.google.javascript.jscomp.ClosureOptimizePrimitives$*:com.google.javascript.jscomp.GatherRawExports$*:com.google.javascript.jscomp.DevirtualizePrototypeMethods$*:com.google.javascript.jscomp.parsing.IRFactory$*:com.google.javascript.jscomp.InvocationsCallback$*:com.google.javascript.jscomp.WarningsGuard$*:com.google.javascript.jscomp.ErrorManager$*:com.google.javascript.rhino.jstype.Property$*:
[DEBUG] RELEVANT_TESTS: com.google.javascript.jscomp.CommandLineRunnerTest:
[DEBUG] TRIGGER_TESTS_FILE: /home/yxb/Documents/rjust-fault-localization-data-f36d7eea9a9c/defects4j//framework/projects/Closure/trigger_tests/107
[DEBUG] CP: /home/yxb/Documents/rjust-fault-localization-data-f36d7eea9a9c/defects4j//framework/projects/lib/junit-4.11.jar:/tmp/yxb/gzoltar_109105_Closure-107/build/classes:/tmp/yxb/gzoltar_109105_Closure-107/lib/args4j.jar:/tmp/yxb/gzoltar_109105_Closure-107/lib/guava.jar:/tmp/yxb/gzoltar_109105_Closure-107/lib/json.jar:/tmp/yxb/gzoltar_109105_Closure-107/lib/jsr305.jar:/tmp/yxb/gzoltar_109105_Closure-107/lib/protobuf-java.jar:/tmp/yxb/gzoltar_109105_Closure-107/build/lib/rhino.jar:/tmp/yxb/gzoltar_109105_Closure-107/lib/ant-launcher.jar:/tmp/yxb/gzoltar_109105_Closure-107/lib/ant.jar:/tmp/yxb/gzoltar_109105_Closure-107/lib/caja-r4314.jar:/tmp/yxb/gzoltar_109105_Closure-107/lib/jarjar.jar:/tmp/yxb/gzoltar_109105_Closure-107/lib/junit.jar:/tmp/yxb/gzoltar_109105_Closure-107/lib/mockito-core.jar:/tmp/yxb/gzoltar_109105_Closure-107/lib/objenesis.jar:/tmp/yxb/gzoltar_109105_Closure-107/build/test
[INFO] Compiling Closure-107
Running ant (compile)...................................................... OK
Running ant (compile.tests)................................................ OK
[INFO] Running GZoltar
[INFO] Start: Mon Aug 26 20:31:47 PDT 2019
   ____ _____     _ _               
  / ___|__  /___ | | |_ __ _ _ __   
 | |  _  / // _ \| | __/ _` | '__| 
 | |_| |/ /| (_) | | || (_| | |     
  \____/____\___/|_|\__\__,_|_| 

* Preparing classpath
* Collecting classes under test
* Collecting test cases
* Performing analysis
* Started com.google.javascript.jscomp.CommandLineRunnerTest#testSourcePruningOn1
[ERROR] Class not found
java.lang.ClassNotFoundException: com.google.javascript.rhino.head.VMBridge_custom
	at java.lang.ClassLoader.findClass(ClassLoader.java:531)
	at java.lang.ClassLoader.loadClass(ClassLoader.java:425)
	at java.lang.ClassLoader.loadClass(ClassLoader.java:358)
	at com.gzoltar.lib.instrumentation.util.GZoltarClassLoader.loadClass(Unknown Source)
	at java.lang.Class.forName0(Native Method)
	at java.lang.Class.forName(Class.java:195)
	at com.google.javascript.rhino.head.Kit.classOrNull(Kit.java:42)
	at com.google.javascript.rhino.head.VMBridge.makeInstance(VMBridge.java:30)
	at com.google.javascript.rhino.head.VMBridge.<clinit>(VMBridge.java:18)
	at com.google.javascript.rhino.head.Context.getCurrentContext(Context.java:345)
	at com.google.javascript.rhino.head.ScriptRuntime$DefaultMessageProvider.getMessage(ScriptRuntime.java:3637)
	at com.google.javascript.rhino.head.ScriptRuntime.getMessage(ScriptRuntime.java:3625)
	at com.google.javascript.rhino.head.ScriptRuntime.getMessage0(ScriptRuntime.java:3574)
	at com.google.javascript.jscomp.RhinoErrorReporter.<init>(RhinoErrorReporter.java:87)
	at com.google.javascript.jscomp.RhinoErrorReporter.<init>(RhinoErrorReporter.java:31)
	at com.google.javascript.jscomp.RhinoErrorReporter$OldRhinoErrorReporter.<init>(RhinoErrorReporter.java:175)
	at com.google.javascript.jscomp.RhinoErrorReporter$OldRhinoErrorReporter.<init>(RhinoErrorReporter.java:171)
	at com.google.javascript.jscomp.RhinoErrorReporter.forOldRhino(RhinoErrorReporter.java:132)
	at com.google.javascript.jscomp.Compiler.<init>(Compiler.java:183)
	at com.google.javascript.jscomp.CommandLineRunner.createCompiler(CommandLineRunner.java:869)
	at com.google.javascript.jscomp.AbstractCommandLineRunner.doRun(AbstractCommandLineRunner.java:738)
	at com.google.javascript.jscomp.AbstractCommandLineRunner.run(AbstractCommandLineRunner.java:372)
	at com.google.javascript.jscomp.CommandLineRunnerTest.compile(CommandLineRunnerTest.java:1370)
	at com.google.javascript.jscomp.CommandLineRunnerTest.test(CommandLineRunnerTest.java:1253)
	at com.google.javascript.jscomp.CommandLineRunnerTest.test(CommandLineRunnerTest.java:1242)
	at com.google.javascript.jscomp.CommandLineRunnerTest.testSourcePruningOn1(CommandLineRunnerTest.java:671)
	at sun.reflect.NativeMethodAccessorImpl.invoke0(Native Method)
	at sun.reflect.NativeMethodAccessorImpl.invoke(NativeMethodAccessorImpl.java:57)
	at sun.reflect.DelegatingMethodAccessorImpl.invoke(DelegatingMethodAccessorImpl.java:43)
	at java.lang.reflect.Method.invoke(Method.java:606)
	at junit.framework.TestCase.runTest(TestCase.java:176)
	at junit.framework.TestCase.runBare(TestCase.java:141)
	at junit.framework.TestResult$1.protect(TestResult.java:122)
	at junit.framework.TestResult.runProtected(TestResult.java:142)
	at junit.framework.TestResult.run(TestResult.java:125)
	at junit.framework.TestCase.run(TestCase.java:129)
	at junit.framework.TestSuite.runTest(TestSuite.java:255)
	at junit.framework.TestSuite.run(TestSuite.java:250)
	at org.junit.internal.runners.JUnit38ClassRunner.run(JUnit38ClassRunner.java:84)
	at com.gzoltar.lib.instrumentation.testing.junit.a.call(Unknown Source)
	at java.util.concurrent.FutureTask.run(FutureTask.java:262)
	at java.util.concurrent.ThreadPoolExecutor.runWorker(ThreadPoolExecutor.java:1145)
	at java.util.concurrent.ThreadPoolExecutor$Worker.run(ThreadPoolExecutor.java:615)
	at java.lang.Thread.run(Thread.java:745)
[ERROR] Class not found
java.lang.ClassNotFoundException: com.google.javascript.rhino.head.resources.Messages
	at java.lang.ClassLoader.findClass(ClassLoader.java:531)
	at java.lang.ClassLoader.loadClass(ClassLoader.java:425)
	at java.lang.ClassLoader.loadClass(ClassLoader.java:358)
	at com.gzoltar.lib.instrumentation.util.GZoltarClassLoader.loadClass(Unknown Source)
	at java.util.ResourceBundle$Control.newBundle(ResourceBundle.java:2566)
	at java.util.ResourceBundle.loadBundle(ResourceBundle.java:1436)
	at java.util.ResourceBundle.findBundle(ResourceBundle.java:1400)
	at java.util.ResourceBundle.findBundle(ResourceBundle.java:1354)
	at java.util.ResourceBundle.findBundle(ResourceBundle.java:1354)
	at java.util.ResourceBundle.getBundleImpl(ResourceBundle.java:1296)
	at java.util.ResourceBundle.getBundle(ResourceBundle.java:795)
	at com.google.javascript.rhino.head.ScriptRuntime$DefaultMessageProvider.getMessage(ScriptRuntime.java:3641)
	at com.google.javascript.rhino.head.ScriptRuntime.getMessage(ScriptRuntime.java:3625)
	at com.google.javascript.rhino.head.ScriptRuntime.getMessage0(ScriptRuntime.java:3574)
	at com.google.javascript.jscomp.RhinoErrorReporter.<init>(RhinoErrorReporter.java:87)
	at com.google.javascript.jscomp.RhinoErrorReporter.<init>(RhinoErrorReporter.java:31)
	at com.google.javascript.jscomp.RhinoErrorReporter$OldRhinoErrorReporter.<init>(RhinoErrorReporter.java:175)
	at com.google.javascript.jscomp.RhinoErrorReporter$OldRhinoErrorReporter.<init>(RhinoErrorReporter.java:171)
	at com.google.javascript.jscomp.RhinoErrorReporter.forOldRhino(RhinoErrorReporter.java:132)
	at com.google.javascript.jscomp.Compiler.<init>(Compiler.java:183)
	at com.google.javascript.jscomp.CommandLineRunner.createCompiler(CommandLineRunner.java:869)
	at com.google.javascript.jscomp.AbstractCommandLineRunner.doRun(AbstractCommandLineRunner.java:738)
	at com.google.javascript.jscomp.AbstractCommandLineRunner.run(AbstractCommandLineRunner.java:372)
	at com.google.javascript.jscomp.CommandLineRunnerTest.compile(CommandLineRunnerTest.java:1370)
	at com.google.javascript.jscomp.CommandLineRunnerTest.test(CommandLineRunnerTest.java:1253)
	at com.google.javascript.jscomp.CommandLineRunnerTest.test(CommandLineRunnerTest.java:1242)
	at com.google.javascript.jscomp.CommandLineRunnerTest.testSourcePruningOn1(CommandLineRunnerTest.java:671)
	at sun.reflect.NativeMethodAccessorImpl.invoke0(Native Method)
	at sun.reflect.NativeMethodAccessorImpl.invoke(NativeMethodAccessorImpl.java:57)
	at sun.reflect.DelegatingMethodAccessorImpl.invoke(DelegatingMethodAccessorImpl.java:43)
	at java.lang.reflect.Method.invoke(Method.java:606)
	at junit.framework.TestCase.runTest(TestCase.java:176)
	at junit.framework.TestCase.runBare(TestCase.java:141)
	at junit.framework.TestResult$1.protect(TestResult.java:122)
	at junit.framework.TestResult.runProtected(TestResult.java:142)
	at junit.framework.TestResult.run(TestResult.java:125)
	at junit.framework.TestCase.run(TestCase.java:129)
	at junit.framework.TestSuite.runTest(TestSuite.java:255)
	at junit.framework.TestSuite.run(TestSuite.java:250)
	at org.junit.internal.runners.JUnit38ClassRunner.run(JUnit38ClassRunner.java:84)
	at com.gzoltar.lib.instrumentation.testing.junit.a.call(Unknown Source)
	at java.util.concurrent.FutureTask.run(FutureTask.java:262)
	at java.util.concurrent.ThreadPoolExecutor.runWorker(ThreadPoolExecutor.java:1145)
	at java.util.concurrent.ThreadPoolExecutor$Worker.run(ThreadPoolExecutor.java:615)
	at java.lang.Thread.run(Thread.java:745)
[ERROR] Class not found
java.lang.ClassNotFoundException: com.google.javascript.rhino.head.resources.Messages_en
	at java.lang.ClassLoader.findClass(ClassLoader.java:531)
	at java.lang.ClassLoader.loadClass(ClassLoader.java:425)
	at java.lang.ClassLoader.loadClass(ClassLoader.java:358)
	at com.gzoltar.lib.instrumentation.util.GZoltarClassLoader.loadClass(Unknown Source)
	at java.util.ResourceBundle$Control.newBundle(ResourceBundle.java:2566)
	at java.util.ResourceBundle.loadBundle(ResourceBundle.java:1436)
	at java.util.ResourceBundle.findBundle(ResourceBundle.java:1400)
	at java.util.ResourceBundle.findBundle(ResourceBundle.java:1354)
	at java.util.ResourceBundle.getBundleImpl(ResourceBundle.java:1296)
	at java.util.ResourceBundle.getBundle(ResourceBundle.java:795)
	at com.google.javascript.rhino.head.ScriptRuntime$DefaultMessageProvider.getMessage(ScriptRuntime.java:3641)
	at com.google.javascript.rhino.head.ScriptRuntime.getMessage(ScriptRuntime.java:3625)
	at com.google.javascript.rhino.head.ScriptRuntime.getMessage0(ScriptRuntime.java:3574)
	at com.google.javascript.jscomp.RhinoErrorReporter.<init>(RhinoErrorReporter.java:87)
	at com.google.javascript.jscomp.RhinoErrorReporter.<init>(RhinoErrorReporter.java:31)
	at com.google.javascript.jscomp.RhinoErrorReporter$OldRhinoErrorReporter.<init>(RhinoErrorReporter.java:175)
	at com.google.javascript.jscomp.RhinoErrorReporter$OldRhinoErrorReporter.<init>(RhinoErrorReporter.java:171)
	at com.google.javascript.jscomp.RhinoErrorReporter.forOldRhino(RhinoErrorReporter.java:132)
	at com.google.javascript.jscomp.Compiler.<init>(Compiler.java:183)
	at com.google.javascript.jscomp.CommandLineRunner.createCompiler(CommandLineRunner.java:869)
	at com.google.javascript.jscomp.AbstractCommandLineRunner.doRun(AbstractCommandLineRunner.java:738)
	at com.google.javascript.jscomp.AbstractCommandLineRunner.run(AbstractCommandLineRunner.java:372)
	at com.google.javascript.jscomp.CommandLineRunnerTest.compile(CommandLineRunnerTest.java:1370)
	at com.google.javascript.jscomp.CommandLineRunnerTest.test(CommandLineRunnerTest.java:1253)
	at com.google.javascript.jscomp.CommandLineRunnerTest.test(CommandLineRunnerTest.java:1242)
	at com.google.javascript.jscomp.CommandLineRunnerTest.testSourcePruningOn1(CommandLineRunnerTest.java:671)
	at sun.reflect.NativeMethodAccessorImpl.invoke0(Native Method)
	at sun.reflect.NativeMethodAccessorImpl.invoke(NativeMethodAccessorImpl.java:57)
	at sun.reflect.DelegatingMethodAccessorImpl.invoke(DelegatingMethodAccessorImpl.java:43)
	at java.lang.reflect.Method.invoke(Method.java:606)
	at junit.framework.TestCase.runTest(TestCase.java:176)
	at junit.framework.TestCase.runBare(TestCase.java:141)
	at junit.framework.TestResult$1.protect(TestResult.java:122)
	at junit.framework.TestResult.runProtected(TestResult.java:142)
	at junit.framework.TestResult.run(TestResult.java:125)
	at junit.framework.TestCase.run(TestCase.java:129)
	at junit.framework.TestSuite.runTest(TestSuite.java:255)
	at junit.framework.TestSuite.run(TestSuite.java:250)
	at org.junit.internal.runners.JUnit38ClassRunner.run(JUnit38ClassRunner.java:84)
	at com.gzoltar.lib.instrumentation.testing.junit.a.call(Unknown Source)
	at java.util.concurrent.FutureTask.run(FutureTask.java:262)
	at java.util.concurrent.ThreadPoolExecutor.runWorker(ThreadPoolExecutor.java:1145)
	at java.util.concurrent.ThreadPoolExecutor$Worker.run(ThreadPoolExecutor.java:615)
	at java.lang.Thread.run(Thread.java:745)
[ERROR] Class not found
java.lang.ClassNotFoundException: com.google.javascript.rhino.head.resources.Messages_en_US
	at java.lang.ClassLoader.findClass(ClassLoader.java:531)
	at java.lang.ClassLoader.loadClass(ClassLoader.java:425)
	at java.lang.ClassLoader.loadClass(ClassLoader.java:358)
	at com.gzoltar.lib.instrumentation.util.GZoltarClassLoader.loadClass(Unknown Source)
	at java.util.ResourceBundle$Control.newBundle(ResourceBundle.java:2566)
	at java.util.ResourceBundle.loadBundle(ResourceBundle.java:1436)
	at java.util.ResourceBundle.findBundle(ResourceBundle.java:1400)
	at java.util.ResourceBundle.getBundleImpl(ResourceBundle.java:1296)
	at java.util.ResourceBundle.getBundle(ResourceBundle.java:795)
	at com.google.javascript.rhino.head.ScriptRuntime$DefaultMessageProvider.getMessage(ScriptRuntime.java:3641)
	at com.google.javascript.rhino.head.ScriptRuntime.getMessage(ScriptRuntime.java:3625)
	at com.google.javascript.rhino.head.ScriptRuntime.getMessage0(ScriptRuntime.java:3574)
	at com.google.javascript.jscomp.RhinoErrorReporter.<init>(RhinoErrorReporter.java:87)
	at com.google.javascript.jscomp.RhinoErrorReporter.<init>(RhinoErrorReporter.java:31)
	at com.google.javascript.jscomp.RhinoErrorReporter$OldRhinoErrorReporter.<init>(RhinoErrorReporter.java:175)
	at com.google.javascript.jscomp.RhinoErrorReporter$OldRhinoErrorReporter.<init>(RhinoErrorReporter.java:171)
	at com.google.javascript.jscomp.RhinoErrorReporter.forOldRhino(RhinoErrorReporter.java:132)
	at com.google.javascript.jscomp.Compiler.<init>(Compiler.java:183)
	at com.google.javascript.jscomp.CommandLineRunner.createCompiler(CommandLineRunner.java:869)
	at com.google.javascript.jscomp.AbstractCommandLineRunner.doRun(AbstractCommandLineRunner.java:738)
	at com.google.javascript.jscomp.AbstractCommandLineRunner.run(AbstractCommandLineRunner.java:372)
	at com.google.javascript.jscomp.CommandLineRunnerTest.compile(CommandLineRunnerTest.java:1370)
	at com.google.javascript.jscomp.CommandLineRunnerTest.test(CommandLineRunnerTest.java:1253)
	at com.google.javascript.jscomp.CommandLineRunnerTest.test(CommandLineRunnerTest.java:1242)
	at com.google.javascript.jscomp.CommandLineRunnerTest.testSourcePruningOn1(CommandLineRunnerTest.java:671)
	at sun.reflect.NativeMethodAccessorImpl.invoke0(Native Method)
	at sun.reflect.NativeMethodAccessorImpl.invoke(NativeMethodAccessorImpl.java:57)
	at sun.reflect.DelegatingMethodAccessorImpl.invoke(DelegatingMethodAccessorImpl.java:43)
	at java.lang.reflect.Method.invoke(Method.java:606)
	at junit.framework.TestCase.runTest(TestCase.java:176)
	at junit.framework.TestCase.runBare(TestCase.java:141)
	at junit.framework.TestResult$1.protect(TestResult.java:122)
	at junit.framework.TestResult.runProtected(TestResult.java:142)
	at junit.framework.TestResult.run(TestResult.java:125)
	at junit.framework.TestCase.run(TestCase.java:129)
	at junit.framework.TestSuite.runTest(TestSuite.java:255)
	at junit.framework.TestSuite.run(TestSuite.java:250)
	at org.junit.internal.runners.JUnit38ClassRunner.run(JUnit38ClassRunner.java:84)
	at com.gzoltar.lib.instrumentation.testing.junit.a.call(Unknown Source)
	at java.util.concurrent.FutureTask.run(FutureTask.java:262)
	at java.util.concurrent.ThreadPoolExecutor.runWorker(ThreadPoolExecutor.java:1145)
	at java.util.concurrent.ThreadPoolExecutor$Worker.run(ThreadPoolExecutor.java:615)
	at java.lang.Thread.run(Thread.java:745)
[ERROR] Class not found
java.lang.ClassNotFoundException: rhino_ast.java.com.google.javascript.rhino.Messages
	at java.lang.ClassLoader.findClass(ClassLoader.java:531)
	at java.lang.ClassLoader.loadClass(ClassLoader.java:425)
	at java.lang.ClassLoader.loadClass(ClassLoader.java:358)
	at com.gzoltar.lib.instrumentation.util.GZoltarClassLoader.loadClass(Unknown Source)
	at java.util.ResourceBundle$Control.newBundle(ResourceBundle.java:2566)
	at java.util.ResourceBundle.loadBundle(ResourceBundle.java:1436)
	at java.util.ResourceBundle.findBundle(ResourceBundle.java:1400)
	at java.util.ResourceBundle.findBundle(ResourceBundle.java:1354)
	at java.util.ResourceBundle.findBundle(ResourceBundle.java:1354)
	at java.util.ResourceBundle.getBundleImpl(ResourceBundle.java:1296)
	at java.util.ResourceBundle.getBundle(ResourceBundle.java:795)
	at com.google.javascript.rhino.SimpleErrorReporter.getMessage(SimpleErrorReporter.java:124)
	at com.google.javascript.rhino.SimpleErrorReporter.getMessage0(SimpleErrorReporter.java:109)
	at com.google.javascript.jscomp.RhinoErrorReporter.<init>(RhinoErrorReporter.java:87)
	at com.google.javascript.jscomp.RhinoErrorReporter.<init>(RhinoErrorReporter.java:31)
	at com.google.javascript.jscomp.RhinoErrorReporter$OldRhinoErrorReporter.<init>(RhinoErrorReporter.java:175)
	at com.google.javascript.jscomp.RhinoErrorReporter$OldRhinoErrorReporter.<init>(RhinoErrorReporter.java:171)
	at com.google.javascript.jscomp.RhinoErrorReporter.forOldRhino(RhinoErrorReporter.java:132)
	at com.google.javascript.jscomp.Compiler.<init>(Compiler.java:183)
	at com.google.javascript.jscomp.CommandLineRunner.createCompiler(CommandLineRunner.java:869)
	at com.google.javascript.jscomp.AbstractCommandLineRunner.doRun(AbstractCommandLineRunner.java:738)
	at com.google.javascript.jscomp.AbstractCommandLineRunner.run(AbstractCommandLineRunner.java:372)
	at com.google.javascript.jscomp.CommandLineRunnerTest.compile(CommandLineRunnerTest.java:1370)
	at com.google.javascript.jscomp.CommandLineRunnerTest.test(CommandLineRunnerTest.java:1253)
	at com.google.javascript.jscomp.CommandLineRunnerTest.test(CommandLineRunnerTest.java:1242)
	at com.google.javascript.jscomp.CommandLineRunnerTest.testSourcePruningOn1(CommandLineRunnerTest.java:671)
	at sun.reflect.NativeMethodAccessorImpl.invoke0(Native Method)
	at sun.reflect.NativeMethodAccessorImpl.invoke(NativeMethodAccessorImpl.java:57)
	at sun.reflect.DelegatingMethodAccessorImpl.invoke(DelegatingMethodAccessorImpl.java:43)
	at java.lang.reflect.Method.invoke(Method.java:606)
	at junit.framework.TestCase.runTest(TestCase.java:176)
	at junit.framework.TestCase.runBare(TestCase.java:141)
	at junit.framework.TestResult$1.protect(TestResult.java:122)
	at junit.framework.TestResult.runProtected(TestResult.java:142)
	at junit.framework.TestResult.run(TestResult.java:125)
	at junit.framework.TestCase.run(TestCase.java:129)
	at junit.framework.TestSuite.runTest(TestSuite.java:255)
	at junit.framework.TestSuite.run(TestSuite.java:250)
	at org.junit.internal.runners.JUnit38ClassRunner.run(JUnit38ClassRunner.java:84)
	at com.gzoltar.lib.instrumentation.testing.junit.a.call(Unknown Source)
	at java.util.concurrent.FutureTask.run(FutureTask.java:262)
	at java.util.concurrent.ThreadPoolExecutor.runWorker(ThreadPoolExecutor.java:1145)
	at java.util.concurrent.ThreadPoolExecutor$Worker.run(ThreadPoolExecutor.java:615)
	at java.lang.Thread.run(Thread.java:745)
[ERROR] Class not found
java.lang.ClassNotFoundException: rhino_ast.java.com.google.javascript.rhino.Messages_en
	at java.lang.ClassLoader.findClass(ClassLoader.java:531)
	at java.lang.ClassLoader.loadClass(ClassLoader.java:425)
	at java.lang.ClassLoader.loadClass(ClassLoader.java:358)
	at com.gzoltar.lib.instrumentation.util.GZoltarClassLoader.loadClass(Unknown Source)
	at java.util.ResourceBundle$Control.newBundle(ResourceBundle.java:2566)
	at java.util.ResourceBundle.loadBundle(ResourceBundle.java:1436)
	at java.util.ResourceBundle.findBundle(ResourceBundle.java:1400)
	at java.util.ResourceBundle.findBundle(ResourceBundle.java:1354)
	at java.util.ResourceBundle.getBundleImpl(ResourceBundle.java:1296)
	at java.util.ResourceBundle.getBundle(ResourceBundle.java:795)
	at com.google.javascript.rhino.SimpleErrorReporter.getMessage(SimpleErrorReporter.java:124)
	at com.google.javascript.rhino.SimpleErrorReporter.getMessage0(SimpleErrorReporter.java:109)
	at com.google.javascript.jscomp.RhinoErrorReporter.<init>(RhinoErrorReporter.java:87)
	at com.google.javascript.jscomp.RhinoErrorReporter.<init>(RhinoErrorReporter.java:31)
	at com.google.javascript.jscomp.RhinoErrorReporter$OldRhinoErrorReporter.<init>(RhinoErrorReporter.java:175)
	at com.google.javascript.jscomp.RhinoErrorReporter$OldRhinoErrorReporter.<init>(RhinoErrorReporter.java:171)
	at com.google.javascript.jscomp.RhinoErrorReporter.forOldRhino(RhinoErrorReporter.java:132)
	at com.google.javascript.jscomp.Compiler.<init>(Compiler.java:183)
	at com.google.javascript.jscomp.CommandLineRunner.createCompiler(CommandLineRunner.java:869)
	at com.google.javascript.jscomp.AbstractCommandLineRunner.doRun(AbstractCommandLineRunner.java:738)
	at com.google.javascript.jscomp.AbstractCommandLineRunner.run(AbstractCommandLineRunner.java:372)
	at com.google.javascript.jscomp.CommandLineRunnerTest.compile(CommandLineRunnerTest.java:1370)
	at com.google.javascript.jscomp.CommandLineRunnerTest.test(CommandLineRunnerTest.java:1253)
	at com.google.javascript.jscomp.CommandLineRunnerTest.test(CommandLineRunnerTest.java:1242)
	at com.google.javascript.jscomp.CommandLineRunnerTest.testSourcePruningOn1(CommandLineRunnerTest.java:671)
	at sun.reflect.NativeMethodAccessorImpl.invoke0(Native Method)
	at sun.reflect.NativeMethodAccessorImpl.invoke(NativeMethodAccessorImpl.java:57)
	at sun.reflect.DelegatingMethodAccessorImpl.invoke(DelegatingMethodAccessorImpl.java:43)
	at java.lang.reflect.Method.invoke(Method.java:606)
	at junit.framework.TestCase.runTest(TestCase.java:176)
	at junit.framework.TestCase.runBare(TestCase.java:141)
	at junit.framework.TestResult$1.protect(TestResult.java:122)
	at junit.framework.TestResult.runProtected(TestResult.java:142)
	at junit.framework.TestResult.run(TestResult.java:125)
	at junit.framework.TestCase.run(TestCase.java:129)
	at junit.framework.TestSuite.runTest(TestSuite.java:255)
	at junit.framework.TestSuite.run(TestSuite.java:250)
	at org.junit.internal.runners.JUnit38ClassRunner.run(JUnit38ClassRunner.java:84)
	at com.gzoltar.lib.instrumentation.testing.junit.a.call(Unknown Source)
	at java.util.concurrent.FutureTask.run(FutureTask.java:262)
	at java.util.concurrent.ThreadPoolExecutor.runWorker(ThreadPoolExecutor.java:1145)
	at java.util.concurrent.ThreadPoolExecutor$Worker.run(ThreadPoolExecutor.java:615)
	at java.lang.Thread.run(Thread.java:745)
[ERROR] Class not found
java.lang.ClassNotFoundException: rhino_ast.java.com.google.javascript.rhino.Messages_en_US
	at java.lang.ClassLoader.findClass(ClassLoader.java:531)
	at java.lang.ClassLoader.loadClass(ClassLoader.java:425)
	at java.lang.ClassLoader.loadClass(ClassLoader.java:358)
	at com.gzoltar.lib.instrumentation.util.GZoltarClassLoader.loadClass(Unknown Source)
	at java.util.ResourceBundle$Control.newBundle(ResourceBundle.java:2566)
	at java.util.ResourceBundle.loadBundle(ResourceBundle.java:1436)
	at java.util.ResourceBundle.findBundle(ResourceBundle.java:1400)
	at java.util.ResourceBundle.getBundleImpl(ResourceBundle.java:1296)
	at java.util.ResourceBundle.getBundle(ResourceBundle.java:795)
	at com.google.javascript.rhino.SimpleErrorReporter.getMessage(SimpleErrorReporter.java:124)
	at com.google.javascript.rhino.SimpleErrorReporter.getMessage0(SimpleErrorReporter.java:109)
	at com.google.javascript.jscomp.RhinoErrorReporter.<init>(RhinoErrorReporter.java:87)
	at com.google.javascript.jscomp.RhinoErrorReporter.<init>(RhinoErrorReporter.java:31)
	at com.google.javascript.jscomp.RhinoErrorReporter$OldRhinoErrorReporter.<init>(RhinoErrorReporter.java:175)
	at com.google.javascript.jscomp.RhinoErrorReporter$OldRhinoErrorReporter.<init>(RhinoErrorReporter.java:171)
	at com.google.javascript.jscomp.RhinoErrorReporter.forOldRhino(RhinoErrorReporter.java:132)
	at com.google.javascript.jscomp.Compiler.<init>(Compiler.java:183)
	at com.google.javascript.jscomp.CommandLineRunner.createCompiler(CommandLineRunner.java:869)
	at com.google.javascript.jscomp.AbstractCommandLineRunner.doRun(AbstractCommandLineRunner.java:738)
	at com.google.javascript.jscomp.AbstractCommandLineRunner.run(AbstractCommandLineRunner.java:372)
	at com.google.javascript.jscomp.CommandLineRunnerTest.compile(CommandLineRunnerTest.java:1370)
	at com.google.javascript.jscomp.CommandLineRunnerTest.test(CommandLineRunnerTest.java:1253)
	at com.google.javascript.jscomp.CommandLineRunnerTest.test(CommandLineRunnerTest.java:1242)
	at com.google.javascript.jscomp.CommandLineRunnerTest.testSourcePruningOn1(CommandLineRunnerTest.java:671)
	at sun.reflect.NativeMethodAccessorImpl.invoke0(Native Method)
	at sun.reflect.NativeMethodAccessorImpl.invoke(NativeMethodAccessorImpl.java:57)
	at sun.reflect.DelegatingMethodAccessorImpl.invoke(DelegatingMethodAccessorImpl.java:43)
	at java.lang.reflect.Method.invoke(Method.java:606)
	at junit.framework.TestCase.runTest(TestCase.java:176)
	at junit.framework.TestCase.runBare(TestCase.java:141)
	at junit.framework.TestResult$1.protect(TestResult.java:122)
	at junit.framework.TestResult.runProtected(TestResult.java:142)
	at junit.framework.TestResult.run(TestResult.java:125)
	at junit.framework.TestCase.run(TestCase.java:129)
	at junit.framework.TestSuite.runTest(TestSuite.java:255)
	at junit.framework.TestSuite.run(TestSuite.java:250)
	at org.junit.internal.runners.JUnit38ClassRunner.run(JUnit38ClassRunner.java:84)
	at com.gzoltar.lib.instrumentation.testing.junit.a.call(Unknown Source)
	at java.util.concurrent.FutureTask.run(FutureTask.java:262)
	at java.util.concurrent.ThreadPoolExecutor.runWorker(ThreadPoolExecutor.java:1145)
	at java.util.concurrent.ThreadPoolExecutor$Worker.run(ThreadPoolExecutor.java:615)
	at java.lang.Thread.run(Thread.java:745)
[ERROR] Class not found
java.lang.ClassNotFoundException: com.google.javascript.jscomp.parsing.ParserConfig
	at java.lang.ClassLoader.findClass(ClassLoader.java:531)
	at java.lang.ClassLoader.loadClass(ClassLoader.java:425)
	at java.lang.ClassLoader.loadClass(ClassLoader.java:358)
	at com.gzoltar.lib.instrumentation.util.GZoltarClassLoader.loadClass(Unknown Source)
	at java.util.ResourceBundle$Control.newBundle(ResourceBundle.java:2566)
	at java.util.ResourceBundle.loadBundle(ResourceBundle.java:1436)
	at java.util.ResourceBundle.findBundle(ResourceBundle.java:1400)
	at java.util.ResourceBundle.findBundle(ResourceBundle.java:1354)
	at java.util.ResourceBundle.findBundle(ResourceBundle.java:1354)
	at java.util.ResourceBundle.getBundleImpl(ResourceBundle.java:1296)
	at java.util.ResourceBundle.getBundle(ResourceBundle.java:721)
	at com.google.javascript.jscomp.parsing.ParserRunner.initResourceConfig(ParserRunner.java:83)
	at com.google.javascript.jscomp.parsing.ParserRunner.createConfig(ParserRunner.java:61)
	at com.google.javascript.jscomp.Compiler.getParserConfig(Compiler.java:2130)
	at com.google.javascript.jscomp.JsAst.parse(JsAst.java:84)
	at com.google.javascript.jscomp.JsAst.getAstRoot(JsAst.java:50)
	at com.google.javascript.jscomp.CompilerInput.getAstRoot(CompilerInput.java:117)
	at com.google.javascript.jscomp.Compiler.parseInputs(Compiler.java:1356)
	at com.google.javascript.jscomp.Compiler.parse(Compiler.java:789)
	at com.google.javascript.jscomp.Compiler.compileInternal(Compiler.java:748)
	at com.google.javascript.jscomp.Compiler.access$000(Compiler.java:86)
	at com.google.javascript.jscomp.Compiler$2.call(Compiler.java:655)
	at com.google.javascript.jscomp.Compiler$2.call(Compiler.java:652)
	at com.google.javascript.jscomp.Compiler$3.call(Compiler.java:699)
	at java.util.concurrent.FutureTask.run(FutureTask.java:262)
	at java.util.concurrent.ThreadPoolExecutor.runWorker(ThreadPoolExecutor.java:1145)
	at java.util.concurrent.ThreadPoolExecutor$Worker.run(ThreadPoolExecutor.java:615)
	at java.lang.Thread.run(Thread.java:745)
[ERROR] Class not found
java.lang.ClassNotFoundException: com.google.javascript.jscomp.parsing.ParserConfig_en
	at java.lang.ClassLoader.findClass(ClassLoader.java:531)
	at java.lang.ClassLoader.loadClass(ClassLoader.java:425)
	at java.lang.ClassLoader.loadClass(ClassLoader.java:358)
	at com.gzoltar.lib.instrumentation.util.GZoltarClassLoader.loadClass(Unknown Source)
	at java.util.ResourceBundle$Control.newBundle(ResourceBundle.java:2566)
	at java.util.ResourceBundle.loadBundle(ResourceBundle.java:1436)
	at java.util.ResourceBundle.findBundle(ResourceBundle.java:1400)
	at java.util.ResourceBundle.findBundle(ResourceBundle.java:1354)
	at java.util.ResourceBundle.getBundleImpl(ResourceBundle.java:1296)
	at java.util.ResourceBundle.getBundle(ResourceBundle.java:721)
	at com.google.javascript.jscomp.parsing.ParserRunner.initResourceConfig(ParserRunner.java:83)
	at com.google.javascript.jscomp.parsing.ParserRunner.createConfig(ParserRunner.java:61)
	at com.google.javascript.jscomp.Compiler.getParserConfig(Compiler.java:2130)
	at com.google.javascript.jscomp.JsAst.parse(JsAst.java:84)
	at com.google.javascript.jscomp.JsAst.getAstRoot(JsAst.java:50)
	at com.google.javascript.jscomp.CompilerInput.getAstRoot(CompilerInput.java:117)
	at com.google.javascript.jscomp.Compiler.parseInputs(Compiler.java:1356)
	at com.google.javascript.jscomp.Compiler.parse(Compiler.java:789)
	at com.google.javascript.jscomp.Compiler.compileInternal(Compiler.java:748)
	at com.google.javascript.jscomp.Compiler.access$000(Compiler.java:86)
	at com.google.javascript.jscomp.Compiler$2.call(Compiler.java:655)
	at com.google.javascript.jscomp.Compiler$2.call(Compiler.java:652)
	at com.google.javascript.jscomp.Compiler$3.call(Compiler.java:699)
	at java.util.concurrent.FutureTask.run(FutureTask.java:262)
	at java.util.concurrent.ThreadPoolExecutor.runWorker(ThreadPoolExecutor.java:1145)
	at java.util.concurrent.ThreadPoolExecutor$Worker.run(ThreadPoolExecutor.java:615)
	at java.lang.Thread.run(Thread.java:745)
[ERROR] Class not found
java.lang.ClassNotFoundException: com.google.javascript.jscomp.parsing.ParserConfig_en_US
	at java.lang.ClassLoader.findClass(ClassLoader.java:531)
	at java.lang.ClassLoader.loadClass(ClassLoader.java:425)
	at java.lang.ClassLoader.loadClass(ClassLoader.java:358)
	at com.gzoltar.lib.instrumentation.util.GZoltarClassLoader.loadClass(Unknown Source)
	at java.util.ResourceBundle$Control.newBundle(ResourceBundle.java:2566)
	at java.util.ResourceBundle.loadBundle(ResourceBundle.java:1436)
	at java.util.ResourceBundle.findBundle(ResourceBundle.java:1400)
	at java.util.ResourceBundle.getBundleImpl(ResourceBundle.java:1296)
	at java.util.ResourceBundle.getBundle(ResourceBundle.java:721)
	at com.google.javascript.jscomp.parsing.ParserRunner.initResourceConfig(ParserRunner.java:83)
	at com.google.javascript.jscomp.parsing.ParserRunner.createConfig(ParserRunner.java:61)
	at com.google.javascript.jscomp.Compiler.getParserConfig(Compiler.java:2130)
	at com.google.javascript.jscomp.JsAst.parse(JsAst.java:84)
	at com.google.javascript.jscomp.JsAst.getAstRoot(JsAst.java:50)
	at com.google.javascript.jscomp.CompilerInput.getAstRoot(CompilerInput.java:117)
	at com.google.javascript.jscomp.Compiler.parseInputs(Compiler.java:1356)
	at com.google.javascript.jscomp.Compiler.parse(Compiler.java:789)
	at com.google.javascript.jscomp.Compiler.compileInternal(Compiler.java:748)
	at com.google.javascript.jscomp.Compiler.access$000(Compiler.java:86)
	at com.google.javascript.jscomp.Compiler$2.call(Compiler.java:655)
	at com.google.javascript.jscomp.Compiler$2.call(Compiler.java:652)
	at com.google.javascript.jscomp.Compiler$3.call(Compiler.java:699)
	at java.util.concurrent.FutureTask.run(FutureTask.java:262)
	at java.util.concurrent.ThreadPoolExecutor.runWorker(ThreadPoolExecutor.java:1145)
	at java.util.concurrent.ThreadPoolExecutor$Worker.run(ThreadPoolExecutor.java:615)
	at java.lang.Thread.run(Thread.java:745)
* Finished com.google.javascript.jscomp.CommandLineRunnerTest#testSourcePruningOn1
* Started com.google.javascript.jscomp.CommandLineRunnerTest#testSourcePruningOn2
* Finished com.google.javascript.jscomp.CommandLineRunnerTest#testSourcePruningOn2
* Started com.google.javascript.jscomp.CommandLineRunnerTest#testSourcePruningOn3
* Finished com.google.javascript.jscomp.CommandLineRunnerTest#testSourcePruningOn3
* Started com.google.javascript.jscomp.CommandLineRunnerTest#testSourcePruningOn4
* Finished com.google.javascript.jscomp.CommandLineRunnerTest#testSourcePruningOn4
* Started com.google.javascript.jscomp.CommandLineRunnerTest#testSourcePruningOn5
* Finished com.google.javascript.jscomp.CommandLineRunnerTest#testSourcePruningOn5
* Started com.google.javascript.jscomp.CommandLineRunnerTest#testSourcePruningOn6
* Finished com.google.javascript.jscomp.CommandLineRunnerTest#testSourcePruningOn6
* Started com.google.javascript.jscomp.CommandLineRunnerTest#testSourcePruningOn7
* Finished com.google.javascript.jscomp.CommandLineRunnerTest#testSourcePruningOn7
* Started com.google.javascript.jscomp.CommandLineRunnerTest#testSourcePruningOn8
[ERROR] Class not found
java.lang.ClassNotFoundException: com.google.common.string.EditDistance
	at java.lang.ClassLoader.findClass(ClassLoader.java:531)
	at java.lang.ClassLoader.loadClass(ClassLoader.java:425)
	at java.lang.ClassLoader.loadClass(ClassLoader.java:358)
	at com.gzoltar.lib.instrumentation.util.GZoltarClassLoader.loadClass(Unknown Source)
	at com.google.javascript.jscomp.TypeCheck.<init>(TypeCheck.java:343)
	at com.google.javascript.jscomp.PassConfig.makeTypeCheck(PassConfig.java:173)
	at com.google.javascript.jscomp.DefaultPassConfig$30$1.process(DefaultPassConfig.java:1274)
	at com.google.javascript.jscomp.PhaseOptimizer$NamedPass.process(PhaseOptimizer.java:271)
	at com.google.javascript.jscomp.PhaseOptimizer.process(PhaseOptimizer.java:215)
	at com.google.javascript.jscomp.Compiler.check(Compiler.java:850)
	at com.google.javascript.jscomp.Compiler.compileInternal(Compiler.java:767)
	at com.google.javascript.jscomp.Compiler.access$000(Compiler.java:86)
	at com.google.javascript.jscomp.Compiler$2.call(Compiler.java:655)
	at com.google.javascript.jscomp.Compiler$2.call(Compiler.java:652)
	at com.google.javascript.jscomp.Compiler$3.call(Compiler.java:699)
	at java.util.concurrent.FutureTask.run(FutureTask.java:262)
	at java.util.concurrent.ThreadPoolExecutor.runWorker(ThreadPoolExecutor.java:1145)
	at java.util.concurrent.ThreadPoolExecutor$Worker.run(ThreadPoolExecutor.java:615)
	at java.lang.Thread.run(Thread.java:745)
* Finished com.google.javascript.jscomp.CommandLineRunnerTest#testSourcePruningOn8
* Started com.google.javascript.jscomp.CommandLineRunnerTest#testExternsLifting1
* Finished com.google.javascript.jscomp.CommandLineRunnerTest#testExternsLifting1
* Started com.google.javascript.jscomp.CommandLineRunnerTest#testExternsLifting2
[ERROR] Class not found
java.lang.ClassNotFoundException: com.google.common.string.EditDistance
	at java.lang.ClassLoader.findClass(ClassLoader.java:531)
	at java.lang.ClassLoader.loadClass(ClassLoader.java:425)
	at java.lang.ClassLoader.loadClass(ClassLoader.java:358)
	at com.gzoltar.lib.instrumentation.util.GZoltarClassLoader.loadClass(Unknown Source)
	at com.google.javascript.jscomp.TypeCheck.<init>(TypeCheck.java:343)
	at com.google.javascript.jscomp.PassConfig.makeTypeCheck(PassConfig.java:173)
	at com.google.javascript.jscomp.DefaultPassConfig$30$1.process(DefaultPassConfig.java:1274)
	at com.google.javascript.jscomp.PhaseOptimizer$NamedPass.process(PhaseOptimizer.java:271)
	at com.google.javascript.jscomp.PhaseOptimizer.process(PhaseOptimizer.java:215)
	at com.google.javascript.jscomp.Compiler.check(Compiler.java:850)
	at com.google.javascript.jscomp.Compiler.compileInternal(Compiler.java:767)
	at com.google.javascript.jscomp.Compiler.access$000(Compiler.java:86)
	at com.google.javascript.jscomp.Compiler$2.call(Compiler.java:655)
	at com.google.javascript.jscomp.Compiler$2.call(Compiler.java:652)
	at com.google.javascript.jscomp.Compiler$3.call(Compiler.java:699)
	at java.util.concurrent.FutureTask.run(FutureTask.java:262)
	at java.util.concurrent.ThreadPoolExecutor.runWorker(ThreadPoolExecutor.java:1145)
	at java.util.concurrent.ThreadPoolExecutor$Worker.run(ThreadPoolExecutor.java:615)
	at java.lang.Thread.run(Thread.java:745)
* Finished com.google.javascript.jscomp.CommandLineRunnerTest#testExternsLifting2
* Started com.google.javascript.jscomp.CommandLineRunnerTest#testNoCompile
[ERROR] Class not found
java.lang.ClassNotFoundException: com.google.common.string.EditDistance
	at java.lang.ClassLoader.findClass(ClassLoader.java:531)
	at java.lang.ClassLoader.loadClass(ClassLoader.java:425)
	at java.lang.ClassLoader.loadClass(ClassLoader.java:358)
	at com.gzoltar.lib.instrumentation.util.GZoltarClassLoader.loadClass(Unknown Source)
	at com.google.javascript.jscomp.TypeCheck.<init>(TypeCheck.java:343)
	at com.google.javascript.jscomp.PassConfig.makeTypeCheck(PassConfig.java:173)
	at com.google.javascript.jscomp.DefaultPassConfig$30$1.process(DefaultPassConfig.java:1274)
	at com.google.javascript.jscomp.PhaseOptimizer$NamedPass.process(PhaseOptimizer.java:271)
	at com.google.javascript.jscomp.PhaseOptimizer.process(PhaseOptimizer.java:215)
	at com.google.javascript.jscomp.Compiler.check(Compiler.java:850)
	at com.google.javascript.jscomp.Compiler.compileInternal(Compiler.java:767)
	at com.google.javascript.jscomp.Compiler.access$000(Compiler.java:86)
	at com.google.javascript.jscomp.Compiler$2.call(Compiler.java:655)
	at com.google.javascript.jscomp.Compiler$2.call(Compiler.java:652)
	at com.google.javascript.jscomp.Compiler$3.call(Compiler.java:699)
	at java.util.concurrent.FutureTask.run(FutureTask.java:262)
	at java.util.concurrent.ThreadPoolExecutor.runWorker(ThreadPoolExecutor.java:1145)
	at java.util.concurrent.ThreadPoolExecutor$Worker.run(ThreadPoolExecutor.java:615)
	at java.lang.Thread.run(Thread.java:745)
* Finished com.google.javascript.jscomp.CommandLineRunnerTest#testNoCompile
* Started com.google.javascript.jscomp.CommandLineRunnerTest#testWarningGuardOrdering1
* Finished com.google.javascript.jscomp.CommandLineRunnerTest#testWarningGuardOrdering1
* Started com.google.javascript.jscomp.CommandLineRunnerTest#testWarningGuardOrdering2
* Finished com.google.javascript.jscomp.CommandLineRunnerTest#testWarningGuardOrdering2
* Started com.google.javascript.jscomp.CommandLineRunnerTest#testWarningGuardOrdering3
* Finished com.google.javascript.jscomp.CommandLineRunnerTest#testWarningGuardOrdering3
* Started com.google.javascript.jscomp.CommandLineRunnerTest#testWarningGuardOrdering4
* Finished com.google.javascript.jscomp.CommandLineRunnerTest#testWarningGuardOrdering4
* Started com.google.javascript.jscomp.CommandLineRunnerTest#testSourceMapFormat1
* Finished com.google.javascript.jscomp.CommandLineRunnerTest#testSourceMapFormat1
* Started com.google.javascript.jscomp.CommandLineRunnerTest#testSourceMapFormat2
* Finished com.google.javascript.jscomp.CommandLineRunnerTest#testSourceMapFormat2
* Started com.google.javascript.jscomp.CommandLineRunnerTest#testDefineFlag
* Finished com.google.javascript.jscomp.CommandLineRunnerTest#testDefineFlag
* Started com.google.javascript.jscomp.CommandLineRunnerTest#testHiddenSideEffect
* Finished com.google.javascript.jscomp.CommandLineRunnerTest#testHiddenSideEffect
* Started com.google.javascript.jscomp.CommandLineRunnerTest#testProcessClosurePrimitives
* Finished com.google.javascript.jscomp.CommandLineRunnerTest#testProcessClosurePrimitives
* Started com.google.javascript.jscomp.CommandLineRunnerTest#testModuleJSON
* Finished com.google.javascript.jscomp.CommandLineRunnerTest#testModuleJSON
* Started com.google.javascript.jscomp.CommandLineRunnerTest#testSimpleModeLeavesUnusedParams
* Finished com.google.javascript.jscomp.CommandLineRunnerTest#testSimpleModeLeavesUnusedParams
* Started com.google.javascript.jscomp.CommandLineRunnerTest#testSourceSortingOff
* Finished com.google.javascript.jscomp.CommandLineRunnerTest#testSourceSortingOff
* Started com.google.javascript.jscomp.CommandLineRunnerTest#testSourceSortingOn2
* Finished com.google.javascript.jscomp.CommandLineRunnerTest#testSourceSortingOn2
* Started com.google.javascript.jscomp.CommandLineRunnerTest#testSourceSortingOn3
* Finished com.google.javascript.jscomp.CommandLineRunnerTest#testSourceSortingOn3
* Started com.google.javascript.jscomp.CommandLineRunnerTest#testGetMsgWiringNoWarnings
* Failure: Expected no warnings or errors
Errors: 
JSC_MSG_NOT_INITIALIZED_USING_NEW_SYNTAX. message not initialized using goog.getMsg at input0 line 1 : 28
JSC_MSG_TREE_MALFORMED. Message parse tree malformed. Cannot parse value of message MSG_FOO at input0 line 1 : 38Warnings: 
 expected:<0> but was:<2> | testGetMsgWiringNoWarnings(com.google.javascript.jscomp.CommandLineRunnerTest)
junit.framework.AssertionFailedError: Expected no warnings or errors
Errors: 
JSC_MSG_NOT_INITIALIZED_USING_NEW_SYNTAX. message not initialized using goog.getMsg at input0 line 1 : 28
JSC_MSG_TREE_MALFORMED. Message parse tree malformed. Cannot parse value of message MSG_FOO at input0 line 1 : 38Warnings: 
 expected:<0> but was:<2>
	at junit.framework.Assert.fail(Assert.java:57)
	at junit.framework.Assert.failNotEquals(Assert.java:329)
	at junit.framework.Assert.assertEquals(Assert.java:78)
	at junit.framework.Assert.assertEquals(Assert.java:234)
	at junit.framework.TestCase.assertEquals(TestCase.java:401)
	at com.google.javascript.jscomp.CommandLineRunnerTest.test(CommandLineRunnerTest.java:1256)
	at com.google.javascript.jscomp.CommandLineRunnerTest.test(CommandLineRunnerTest.java:1242)
	at com.google.javascript.jscomp.CommandLineRunnerTest.test(CommandLineRunnerTest.java:1234)
	at com.google.javascript.jscomp.CommandLineRunnerTest.testGetMsgWiringNoWarnings(CommandLineRunnerTest.java:395)
	at sun.reflect.NativeMethodAccessorImpl.invoke0(Native Method)
	at sun.reflect.NativeMethodAccessorImpl.invoke(NativeMethodAccessorImpl.java:57)
	at sun.reflect.DelegatingMethodAccessorImpl.invoke(DelegatingMethodAccessorImpl.java:43)
	at java.lang.reflect.Method.invoke(Method.java:606)
	at junit.framework.TestCase.runTest(TestCase.java:176)
	at junit.framework.TestCase.runBare(TestCase.java:141)
	at junit.framework.TestResult$1.protect(TestResult.java:122)
	at junit.framework.TestResult.runProtected(TestResult.java:142)
	at junit.framework.TestResult.run(TestResult.java:125)
	at junit.framework.TestCase.run(TestCase.java:129)
	at junit.framework.TestSuite.runTest(TestSuite.java:255)
	at junit.framework.TestSuite.run(TestSuite.java:250)
	at org.junit.internal.runners.JUnit38ClassRunner.run(JUnit38ClassRunner.java:84)
	at com.gzoltar.lib.instrumentation.testing.junit.a.call(Unknown Source)
	at java.util.concurrent.FutureTask.run(FutureTask.java:262)
	at java.util.concurrent.ThreadPoolExecutor.runWorker(ThreadPoolExecutor.java:1145)
	at java.util.concurrent.ThreadPoolExecutor$Worker.run(ThreadPoolExecutor.java:615)
	at java.lang.Thread.run(Thread.java:745)

* Finished com.google.javascript.jscomp.CommandLineRunnerTest#testGetMsgWiringNoWarnings
* Started com.google.javascript.jscomp.CommandLineRunnerTest#testOutputModuleGraphJson
* Finished com.google.javascript.jscomp.CommandLineRunnerTest#testOutputModuleGraphJson
* Started com.google.javascript.jscomp.CommandLineRunnerTest#testES5
* Finished com.google.javascript.jscomp.CommandLineRunnerTest#testES5
* Started com.google.javascript.jscomp.CommandLineRunnerTest#testCharSetExpansion
* Finished com.google.javascript.jscomp.CommandLineRunnerTest#testCharSetExpansion
* Started com.google.javascript.jscomp.CommandLineRunnerTest#testTypeParsingOnWithVerbose
[ERROR] Class not found
java.lang.ClassNotFoundException: com.google.common.string.EditDistance
	at java.lang.ClassLoader.findClass(ClassLoader.java:531)
	at java.lang.ClassLoader.loadClass(ClassLoader.java:425)
	at java.lang.ClassLoader.loadClass(ClassLoader.java:358)
	at com.gzoltar.lib.instrumentation.util.GZoltarClassLoader.loadClass(Unknown Source)
	at com.google.javascript.jscomp.TypeCheck.<init>(TypeCheck.java:343)
	at com.google.javascript.jscomp.PassConfig.makeTypeCheck(PassConfig.java:173)
	at com.google.javascript.jscomp.DefaultPassConfig$30$1.process(DefaultPassConfig.java:1274)
	at com.google.javascript.jscomp.PhaseOptimizer$NamedPass.process(PhaseOptimizer.java:271)
	at com.google.javascript.jscomp.PhaseOptimizer.process(PhaseOptimizer.java:215)
	at com.google.javascript.jscomp.Compiler.check(Compiler.java:850)
	at com.google.javascript.jscomp.Compiler.compileInternal(Compiler.java:767)
	at com.google.javascript.jscomp.Compiler.access$000(Compiler.java:86)
	at com.google.javascript.jscomp.Compiler$2.call(Compiler.java:655)
	at com.google.javascript.jscomp.Compiler$2.call(Compiler.java:652)
	at com.google.javascript.jscomp.Compiler$3.call(Compiler.java:699)
	at java.util.concurrent.FutureTask.run(FutureTask.java:262)
	at java.util.concurrent.ThreadPoolExecutor.runWorker(ThreadPoolExecutor.java:1145)
	at java.util.concurrent.ThreadPoolExecutor$Worker.run(ThreadPoolExecutor.java:615)
	at java.lang.Thread.run(Thread.java:745)
[ERROR] Class not found
java.lang.ClassNotFoundException: com.google.common.string.EditDistance
	at java.lang.ClassLoader.findClass(ClassLoader.java:531)
	at java.lang.ClassLoader.loadClass(ClassLoader.java:425)
	at java.lang.ClassLoader.loadClass(ClassLoader.java:358)
	at com.gzoltar.lib.instrumentation.util.GZoltarClassLoader.loadClass(Unknown Source)
	at com.google.javascript.jscomp.TypeCheck.<init>(TypeCheck.java:343)
	at com.google.javascript.jscomp.PassConfig.makeTypeCheck(PassConfig.java:173)
	at com.google.javascript.jscomp.DefaultPassConfig$30$1.process(DefaultPassConfig.java:1274)
	at com.google.javascript.jscomp.PhaseOptimizer$NamedPass.process(PhaseOptimizer.java:271)
	at com.google.javascript.jscomp.PhaseOptimizer.process(PhaseOptimizer.java:215)
	at com.google.javascript.jscomp.Compiler.check(Compiler.java:850)
	at com.google.javascript.jscomp.Compiler.compileInternal(Compiler.java:767)
	at com.google.javascript.jscomp.Compiler.access$000(Compiler.java:86)
	at com.google.javascript.jscomp.Compiler$2.call(Compiler.java:655)
	at com.google.javascript.jscomp.Compiler$2.call(Compiler.java:652)
	at com.google.javascript.jscomp.Compiler$3.call(Compiler.java:699)
	at java.util.concurrent.FutureTask.run(FutureTask.java:262)
	at java.util.concurrent.ThreadPoolExecutor.runWorker(ThreadPoolExecutor.java:1145)
	at java.util.concurrent.ThreadPoolExecutor$Worker.run(ThreadPoolExecutor.java:615)
	at java.lang.Thread.run(Thread.java:745)
* Finished com.google.javascript.jscomp.CommandLineRunnerTest#testTypeParsingOnWithVerbose
* Started com.google.javascript.jscomp.CommandLineRunnerTest#testChainModuleManifest
* Finished com.google.javascript.jscomp.CommandLineRunnerTest#testChainModuleManifest
* Started com.google.javascript.jscomp.CommandLineRunnerTest#testDependencySortingWhitespaceMode
* Finished com.google.javascript.jscomp.CommandLineRunnerTest#testDependencySortingWhitespaceMode
* Started com.google.javascript.jscomp.CommandLineRunnerTest#testES5ChecksInVerbose
[ERROR] Class not found
java.lang.ClassNotFoundException: com.google.common.string.EditDistance
	at java.lang.ClassLoader.findClass(ClassLoader.java:531)
	at java.lang.ClassLoader.loadClass(ClassLoader.java:425)
	at java.lang.ClassLoader.loadClass(ClassLoader.java:358)
	at com.gzoltar.lib.instrumentation.util.GZoltarClassLoader.loadClass(Unknown Source)
	at com.google.javascript.jscomp.TypeCheck.<init>(TypeCheck.java:343)
	at com.google.javascript.jscomp.PassConfig.makeTypeCheck(PassConfig.java:173)
	at com.google.javascript.jscomp.DefaultPassConfig$30$1.process(DefaultPassConfig.java:1274)
	at com.google.javascript.jscomp.PhaseOptimizer$NamedPass.process(PhaseOptimizer.java:271)
	at com.google.javascript.jscomp.PhaseOptimizer.process(PhaseOptimizer.java:215)
	at com.google.javascript.jscomp.Compiler.check(Compiler.java:850)
	at com.google.javascript.jscomp.Compiler.compileInternal(Compiler.java:767)
	at com.google.javascript.jscomp.Compiler.access$000(Compiler.java:86)
	at com.google.javascript.jscomp.Compiler$2.call(Compiler.java:655)
	at com.google.javascript.jscomp.Compiler$2.call(Compiler.java:652)
	at com.google.javascript.jscomp.Compiler$3.call(Compiler.java:699)
	at java.util.concurrent.FutureTask.run(FutureTask.java:262)
	at java.util.concurrent.ThreadPoolExecutor.runWorker(ThreadPoolExecutor.java:1145)
	at java.util.concurrent.ThreadPoolExecutor$Worker.run(ThreadPoolExecutor.java:615)
	at java.lang.Thread.run(Thread.java:745)
* Finished com.google.javascript.jscomp.CommandLineRunnerTest#testES5ChecksInVerbose
* Started com.google.javascript.jscomp.CommandLineRunnerTest#testTransformAMDAndProcessCJS
* Finished com.google.javascript.jscomp.CommandLineRunnerTest#testTransformAMDAndProcessCJS
* Started com.google.javascript.jscomp.CommandLineRunnerTest#testOutputSameAsInput
* Finished com.google.javascript.jscomp.CommandLineRunnerTest#testOutputSameAsInput
* Started com.google.javascript.jscomp.CommandLineRunnerTest#testFunctionStrictModeNoWarning
* Finished com.google.javascript.jscomp.CommandLineRunnerTest#testFunctionStrictModeNoWarning
* Started com.google.javascript.jscomp.CommandLineRunnerTest#testForwardDeclareDroppedTypes
[ERROR] Class not found
java.lang.ClassNotFoundException: com.google.common.string.EditDistance
	at java.lang.ClassLoader.findClass(ClassLoader.java:531)
	at java.lang.ClassLoader.loadClass(ClassLoader.java:425)
	at java.lang.ClassLoader.loadClass(ClassLoader.java:358)
	at com.gzoltar.lib.instrumentation.util.GZoltarClassLoader.loadClass(Unknown Source)
	at com.google.javascript.jscomp.TypeCheck.<init>(TypeCheck.java:343)
	at com.google.javascript.jscomp.PassConfig.makeTypeCheck(PassConfig.java:173)
	at com.google.javascript.jscomp.DefaultPassConfig$30$1.process(DefaultPassConfig.java:1274)
	at com.google.javascript.jscomp.PhaseOptimizer$NamedPass.process(PhaseOptimizer.java:271)
	at com.google.javascript.jscomp.PhaseOptimizer.process(PhaseOptimizer.java:215)
	at com.google.javascript.jscomp.Compiler.check(Compiler.java:850)
	at com.google.javascript.jscomp.Compiler.compileInternal(Compiler.java:767)
	at com.google.javascript.jscomp.Compiler.access$000(Compiler.java:86)
	at com.google.javascript.jscomp.Compiler$2.call(Compiler.java:655)
	at com.google.javascript.jscomp.Compiler$2.call(Compiler.java:652)
	at com.google.javascript.jscomp.Compiler$3.call(Compiler.java:699)
	at java.util.concurrent.FutureTask.run(FutureTask.java:262)
	at java.util.concurrent.ThreadPoolExecutor.runWorker(ThreadPoolExecutor.java:1145)
	at java.util.concurrent.ThreadPoolExecutor$Worker.run(ThreadPoolExecutor.java:615)
	at java.lang.Thread.run(Thread.java:745)
[ERROR] Class not found
java.lang.ClassNotFoundException: com.google.common.string.EditDistance
	at java.lang.ClassLoader.findClass(ClassLoader.java:531)
	at java.lang.ClassLoader.loadClass(ClassLoader.java:425)
	at java.lang.ClassLoader.loadClass(ClassLoader.java:358)
	at com.gzoltar.lib.instrumentation.util.GZoltarClassLoader.loadClass(Unknown Source)
	at com.google.javascript.jscomp.TypeCheck.<init>(TypeCheck.java:343)
	at com.google.javascript.jscomp.PassConfig.makeTypeCheck(PassConfig.java:173)
	at com.google.javascript.jscomp.DefaultPassConfig$30$1.process(DefaultPassConfig.java:1274)
	at com.google.javascript.jscomp.PhaseOptimizer$NamedPass.process(PhaseOptimizer.java:271)
	at com.google.javascript.jscomp.PhaseOptimizer.process(PhaseOptimizer.java:215)
	at com.google.javascript.jscomp.Compiler.check(Compiler.java:850)
	at com.google.javascript.jscomp.Compiler.compileInternal(Compiler.java:767)
	at com.google.javascript.jscomp.Compiler.access$000(Compiler.java:86)
	at com.google.javascript.jscomp.Compiler$2.call(Compiler.java:655)
	at com.google.javascript.jscomp.Compiler$2.call(Compiler.java:652)
	at com.google.javascript.jscomp.Compiler$3.call(Compiler.java:699)
	at java.util.concurrent.FutureTask.run(FutureTask.java:262)
	at java.util.concurrent.ThreadPoolExecutor.runWorker(ThreadPoolExecutor.java:1145)
	at java.util.concurrent.ThreadPoolExecutor$Worker.run(ThreadPoolExecutor.java:615)
	at java.lang.Thread.run(Thread.java:745)
* Finished com.google.javascript.jscomp.CommandLineRunnerTest#testForwardDeclareDroppedTypes
* Started com.google.javascript.jscomp.CommandLineRunnerTest#testSourceMapExpansion1
* Finished com.google.javascript.jscomp.CommandLineRunnerTest#testSourceMapExpansion1
* Started com.google.javascript.jscomp.CommandLineRunnerTest#testSourceMapExpansion2
* Finished com.google.javascript.jscomp.CommandLineRunnerTest#testSourceMapExpansion2
* Started com.google.javascript.jscomp.CommandLineRunnerTest#testSourceMapExpansion3
* Finished com.google.javascript.jscomp.CommandLineRunnerTest#testSourceMapExpansion3
* Started com.google.javascript.jscomp.CommandLineRunnerTest#testNoSrCFilesWithManifest
* Finished com.google.javascript.jscomp.CommandLineRunnerTest#testNoSrCFilesWithManifest
* Started com.google.javascript.jscomp.CommandLineRunnerTest#testTransformAMD
* Finished com.google.javascript.jscomp.CommandLineRunnerTest#testTransformAMD
* Started com.google.javascript.jscomp.CommandLineRunnerTest#testProcessCJSWithModuleOutput
* Finished com.google.javascript.jscomp.CommandLineRunnerTest#testProcessCJSWithModuleOutput
* Started com.google.javascript.jscomp.CommandLineRunnerTest#testOnlyClosureDependenciesEmptyEntryPoints
* Finished com.google.javascript.jscomp.CommandLineRunnerTest#testOnlyClosureDependenciesEmptyEntryPoints
* Started com.google.javascript.jscomp.CommandLineRunnerTest#testGenerateExports
* Finished com.google.javascript.jscomp.CommandLineRunnerTest#testGenerateExports
* Started com.google.javascript.jscomp.CommandLineRunnerTest#testES5Strict
* Finished com.google.javascript.jscomp.CommandLineRunnerTest#testES5Strict
* Started com.google.javascript.jscomp.CommandLineRunnerTest#testMissingReturnCheckOnWithVerbose
[ERROR] Class not found
java.lang.ClassNotFoundException: com.google.common.string.EditDistance
	at java.lang.ClassLoader.findClass(ClassLoader.java:531)
	at java.lang.ClassLoader.loadClass(ClassLoader.java:425)
	at java.lang.ClassLoader.loadClass(ClassLoader.java:358)
	at com.gzoltar.lib.instrumentation.util.GZoltarClassLoader.loadClass(Unknown Source)
	at com.google.javascript.jscomp.TypeCheck.<init>(TypeCheck.java:343)
	at com.google.javascript.jscomp.PassConfig.makeTypeCheck(PassConfig.java:173)
	at com.google.javascript.jscomp.DefaultPassConfig$30$1.process(DefaultPassConfig.java:1274)
	at com.google.javascript.jscomp.PhaseOptimizer$NamedPass.process(PhaseOptimizer.java:271)
	at com.google.javascript.jscomp.PhaseOptimizer.process(PhaseOptimizer.java:215)
	at com.google.javascript.jscomp.Compiler.check(Compiler.java:850)
	at com.google.javascript.jscomp.Compiler.compileInternal(Compiler.java:767)
	at com.google.javascript.jscomp.Compiler.access$000(Compiler.java:86)
	at com.google.javascript.jscomp.Compiler$2.call(Compiler.java:655)
	at com.google.javascript.jscomp.Compiler$2.call(Compiler.java:652)
	at com.google.javascript.jscomp.Compiler$3.call(Compiler.java:699)
	at java.util.concurrent.FutureTask.run(FutureTask.java:262)
	at java.util.concurrent.ThreadPoolExecutor.runWorker(ThreadPoolExecutor.java:1145)
	at java.util.concurrent.ThreadPoolExecutor$Worker.run(ThreadPoolExecutor.java:615)
	at java.lang.Thread.run(Thread.java:745)
* Finished com.google.javascript.jscomp.CommandLineRunnerTest#testMissingReturnCheckOnWithVerbose
* Started com.google.javascript.jscomp.CommandLineRunnerTest#testGetMsgWiring
* Finished com.google.javascript.jscomp.CommandLineRunnerTest#testGetMsgWiring
* Started com.google.javascript.jscomp.CommandLineRunnerTest#testProcessCJS
* Finished com.google.javascript.jscomp.CommandLineRunnerTest#testProcessCJS
* Started com.google.javascript.jscomp.CommandLineRunnerTest#testUnknownAnnotation
[ERROR] Class not found
java.lang.ClassNotFoundException: com.google.common.string.EditDistance
	at java.lang.ClassLoader.findClass(ClassLoader.java:531)
	at java.lang.ClassLoader.loadClass(ClassLoader.java:425)
	at java.lang.ClassLoader.loadClass(ClassLoader.java:358)
	at com.gzoltar.lib.instrumentation.util.GZoltarClassLoader.loadClass(Unknown Source)
	at com.google.javascript.jscomp.TypeCheck.<init>(TypeCheck.java:343)
	at com.google.javascript.jscomp.PassConfig.makeTypeCheck(PassConfig.java:173)
	at com.google.javascript.jscomp.DefaultPassConfig$30$1.process(DefaultPassConfig.java:1274)
	at com.google.javascript.jscomp.PhaseOptimizer$NamedPass.process(PhaseOptimizer.java:271)
	at com.google.javascript.jscomp.PhaseOptimizer.process(PhaseOptimizer.java:215)
	at com.google.javascript.jscomp.Compiler.check(Compiler.java:850)
	at com.google.javascript.jscomp.Compiler.compileInternal(Compiler.java:767)
	at com.google.javascript.jscomp.Compiler.access$000(Compiler.java:86)
	at com.google.javascript.jscomp.Compiler$2.call(Compiler.java:655)
	at com.google.javascript.jscomp.Compiler$2.call(Compiler.java:652)
	at com.google.javascript.jscomp.Compiler$3.call(Compiler.java:699)
	at java.util.concurrent.FutureTask.run(FutureTask.java:262)
	at java.util.concurrent.ThreadPoolExecutor.runWorker(ThreadPoolExecutor.java:1145)
	at java.util.concurrent.ThreadPoolExecutor$Worker.run(ThreadPoolExecutor.java:615)
	at java.lang.Thread.run(Thread.java:745)
[ERROR] Class not found
java.lang.ClassNotFoundException: com.google.common.string.EditDistance
	at java.lang.ClassLoader.findClass(ClassLoader.java:531)
	at java.lang.ClassLoader.loadClass(ClassLoader.java:425)
	at java.lang.ClassLoader.loadClass(ClassLoader.java:358)
	at com.gzoltar.lib.instrumentation.util.GZoltarClassLoader.loadClass(Unknown Source)
	at com.google.javascript.jscomp.TypeCheck.<init>(TypeCheck.java:343)
	at com.google.javascript.jscomp.PassConfig.makeTypeCheck(PassConfig.java:173)
	at com.google.javascript.jscomp.DefaultPassConfig$30$1.process(DefaultPassConfig.java:1274)
	at com.google.javascript.jscomp.PhaseOptimizer$NamedPass.process(PhaseOptimizer.java:271)
	at com.google.javascript.jscomp.PhaseOptimizer.process(PhaseOptimizer.java:215)
	at com.google.javascript.jscomp.Compiler.check(Compiler.java:850)
	at com.google.javascript.jscomp.Compiler.compileInternal(Compiler.java:767)
	at com.google.javascript.jscomp.Compiler.access$000(Compiler.java:86)
	at com.google.javascript.jscomp.Compiler$2.call(Compiler.java:655)
	at com.google.javascript.jscomp.Compiler$2.call(Compiler.java:652)
	at com.google.javascript.jscomp.Compiler$3.call(Compiler.java:699)
	at java.util.concurrent.FutureTask.run(FutureTask.java:262)
	at java.util.concurrent.ThreadPoolExecutor.runWorker(ThreadPoolExecutor.java:1145)
	at java.util.concurrent.ThreadPoolExecutor$Worker.run(ThreadPoolExecutor.java:615)
	at java.lang.Thread.run(Thread.java:745)
* Finished com.google.javascript.jscomp.CommandLineRunnerTest#testUnknownAnnotation
* Started com.google.javascript.jscomp.CommandLineRunnerTest#testStarModuleManifest
* Finished com.google.javascript.jscomp.CommandLineRunnerTest#testStarModuleManifest
* Started com.google.javascript.jscomp.CommandLineRunnerTest#testAdvancedModeRemovesUnusedParams
* Finished com.google.javascript.jscomp.CommandLineRunnerTest#testAdvancedModeRemovesUnusedParams
* Started com.google.javascript.jscomp.CommandLineRunnerTest#testTypeCheckOverride1
* Finished com.google.javascript.jscomp.CommandLineRunnerTest#testTypeCheckOverride1
* Started com.google.javascript.jscomp.CommandLineRunnerTest#testTypeCheckOverride2
[ERROR] Class not found
java.lang.ClassNotFoundException: com.google.common.string.EditDistance
	at java.lang.ClassLoader.findClass(ClassLoader.java:531)
	at java.lang.ClassLoader.loadClass(ClassLoader.java:425)
	at java.lang.ClassLoader.loadClass(ClassLoader.java:358)
	at com.gzoltar.lib.instrumentation.util.GZoltarClassLoader.loadClass(Unknown Source)
	at com.google.javascript.jscomp.TypeCheck.<init>(TypeCheck.java:343)
	at com.google.javascript.jscomp.PassConfig.makeTypeCheck(PassConfig.java:173)
	at com.google.javascript.jscomp.DefaultPassConfig$30$1.process(DefaultPassConfig.java:1274)
	at com.google.javascript.jscomp.PhaseOptimizer$NamedPass.process(PhaseOptimizer.java:271)
	at com.google.javascript.jscomp.PhaseOptimizer.process(PhaseOptimizer.java:215)
	at com.google.javascript.jscomp.Compiler.check(Compiler.java:850)
	at com.google.javascript.jscomp.Compiler.compileInternal(Compiler.java:767)
	at com.google.javascript.jscomp.Compiler.access$000(Compiler.java:86)
	at com.google.javascript.jscomp.Compiler$2.call(Compiler.java:655)
	at com.google.javascript.jscomp.Compiler$2.call(Compiler.java:652)
	at com.google.javascript.jscomp.Compiler$3.call(Compiler.java:699)
	at java.util.concurrent.FutureTask.run(FutureTask.java:262)
	at java.util.concurrent.ThreadPoolExecutor.runWorker(ThreadPoolExecutor.java:1145)
	at java.util.concurrent.ThreadPoolExecutor$Worker.run(ThreadPoolExecutor.java:615)
	at java.lang.Thread.run(Thread.java:745)
* Finished com.google.javascript.jscomp.CommandLineRunnerTest#testTypeCheckOverride2
* Started com.google.javascript.jscomp.CommandLineRunnerTest#testHelpFlag
* Finished com.google.javascript.jscomp.CommandLineRunnerTest#testHelpFlag
* Started com.google.javascript.jscomp.CommandLineRunnerTest#testModuleEntryPoint
* Finished com.google.javascript.jscomp.CommandLineRunnerTest#testModuleEntryPoint
* Started com.google.javascript.jscomp.CommandLineRunnerTest#testBooleanFlag1
* Finished com.google.javascript.jscomp.CommandLineRunnerTest#testBooleanFlag1
* Started com.google.javascript.jscomp.CommandLineRunnerTest#testBooleanFlag2
* Finished com.google.javascript.jscomp.CommandLineRunnerTest#testBooleanFlag2
* Started com.google.javascript.jscomp.CommandLineRunnerTest#testCheckSymbolsOffForDefault
* Finished com.google.javascript.jscomp.CommandLineRunnerTest#testCheckSymbolsOffForDefault
* Started com.google.javascript.jscomp.CommandLineRunnerTest#testSourceSortingCircularDeps1
* Finished com.google.javascript.jscomp.CommandLineRunnerTest#testSourceSortingCircularDeps1
* Started com.google.javascript.jscomp.CommandLineRunnerTest#testSourceSortingCircularDeps2
* Finished com.google.javascript.jscomp.CommandLineRunnerTest#testSourceSortingCircularDeps2
* Started com.google.javascript.jscomp.CommandLineRunnerTest#testVersionFlag
Closure Compiler (http://code.google.com/closure/compiler)
Version: D4J_Closure_107_BUGGY_VERSION
Built on: 2019/08/26 20:31
* Finished com.google.javascript.jscomp.CommandLineRunnerTest#testVersionFlag
* Started com.google.javascript.jscomp.CommandLineRunnerTest#testCheckGlobalThisOnWithErrorFlag
* Finished com.google.javascript.jscomp.CommandLineRunnerTest#testCheckGlobalThisOnWithErrorFlag
* Started com.google.javascript.jscomp.CommandLineRunnerTest#testModuleWrapperBaseNameExpansion
* Finished com.google.javascript.jscomp.CommandLineRunnerTest#testModuleWrapperBaseNameExpansion
* Started com.google.javascript.jscomp.CommandLineRunnerTest#testTypeParsingOffByDefault
* Finished com.google.javascript.jscomp.CommandLineRunnerTest#testTypeParsingOffByDefault
* Started com.google.javascript.jscomp.CommandLineRunnerTest#testScriptStrictModeNoWarning
* Finished com.google.javascript.jscomp.CommandLineRunnerTest#testScriptStrictModeNoWarning
* Started com.google.javascript.jscomp.CommandLineRunnerTest#testCheckGlobalThisOff
[ERROR] Class not found
java.lang.ClassNotFoundException: com.google.common.string.EditDistance
	at java.lang.ClassLoader.findClass(ClassLoader.java:531)
	at java.lang.ClassLoader.loadClass(ClassLoader.java:425)
	at java.lang.ClassLoader.loadClass(ClassLoader.java:358)
	at com.gzoltar.lib.instrumentation.util.GZoltarClassLoader.loadClass(Unknown Source)
	at com.google.javascript.jscomp.TypeCheck.<init>(TypeCheck.java:343)
	at com.google.javascript.jscomp.PassConfig.makeTypeCheck(PassConfig.java:173)
	at com.google.javascript.jscomp.DefaultPassConfig$30$1.process(DefaultPassConfig.java:1274)
	at com.google.javascript.jscomp.PhaseOptimizer$NamedPass.process(PhaseOptimizer.java:271)
	at com.google.javascript.jscomp.PhaseOptimizer.process(PhaseOptimizer.java:215)
	at com.google.javascript.jscomp.Compiler.check(Compiler.java:850)
	at com.google.javascript.jscomp.Compiler.compileInternal(Compiler.java:767)
	at com.google.javascript.jscomp.Compiler.access$000(Compiler.java:86)
	at com.google.javascript.jscomp.Compiler$2.call(Compiler.java:655)
	at com.google.javascript.jscomp.Compiler$2.call(Compiler.java:652)
	at com.google.javascript.jscomp.Compiler$3.call(Compiler.java:699)
	at java.util.concurrent.FutureTask.run(FutureTask.java:262)
	at java.util.concurrent.ThreadPoolExecutor.runWorker(ThreadPoolExecutor.java:1145)
	at java.util.concurrent.ThreadPoolExecutor$Worker.run(ThreadPoolExecutor.java:615)
	at java.lang.Thread.run(Thread.java:745)
* Finished com.google.javascript.jscomp.CommandLineRunnerTest#testCheckGlobalThisOff
* Started com.google.javascript.jscomp.CommandLineRunnerTest#testDuplicateParams
* Finished com.google.javascript.jscomp.CommandLineRunnerTest#testDuplicateParams
* Started com.google.javascript.jscomp.CommandLineRunnerTest#testPrintAstFlag
* Finished com.google.javascript.jscomp.CommandLineRunnerTest#testPrintAstFlag
* Started com.google.javascript.jscomp.CommandLineRunnerTest#testSourceSortingOn
* Finished com.google.javascript.jscomp.CommandLineRunnerTest#testSourceSortingOn
* Started com.google.javascript.jscomp.CommandLineRunnerTest#testDepreciationWithVerbose
[ERROR] Class not found
java.lang.ClassNotFoundException: com.google.common.string.EditDistance
	at java.lang.ClassLoader.findClass(ClassLoader.java:531)
	at java.lang.ClassLoader.loadClass(ClassLoader.java:425)
	at java.lang.ClassLoader.loadClass(ClassLoader.java:358)
	at com.gzoltar.lib.instrumentation.util.GZoltarClassLoader.loadClass(Unknown Source)
	at com.google.javascript.jscomp.TypeCheck.<init>(TypeCheck.java:343)
	at com.google.javascript.jscomp.PassConfig.makeTypeCheck(PassConfig.java:173)
	at com.google.javascript.jscomp.DefaultPassConfig$30$1.process(DefaultPassConfig.java:1274)
	at com.google.javascript.jscomp.PhaseOptimizer$NamedPass.process(PhaseOptimizer.java:271)
	at com.google.javascript.jscomp.PhaseOptimizer.process(PhaseOptimizer.java:215)
	at com.google.javascript.jscomp.Compiler.check(Compiler.java:850)
	at com.google.javascript.jscomp.Compiler.compileInternal(Compiler.java:767)
	at com.google.javascript.jscomp.Compiler.access$000(Compiler.java:86)
	at com.google.javascript.jscomp.Compiler$2.call(Compiler.java:655)
	at com.google.javascript.jscomp.Compiler$2.call(Compiler.java:652)
	at com.google.javascript.jscomp.Compiler$3.call(Compiler.java:699)
	at java.util.concurrent.FutureTask.run(FutureTask.java:262)
	at java.util.concurrent.ThreadPoolExecutor.runWorker(ThreadPoolExecutor.java:1145)
	at java.util.concurrent.ThreadPoolExecutor$Worker.run(ThreadPoolExecutor.java:615)
	at java.lang.Thread.run(Thread.java:745)
* Finished com.google.javascript.jscomp.CommandLineRunnerTest#testDepreciationWithVerbose
* Started com.google.javascript.jscomp.CommandLineRunnerTest#testCheckSymbolsOnForVerbose
* Finished com.google.javascript.jscomp.CommandLineRunnerTest#testCheckSymbolsOnForVerbose
* Started com.google.javascript.jscomp.CommandLineRunnerTest#testWithKeywordDefault
* Finished com.google.javascript.jscomp.CommandLineRunnerTest#testWithKeywordDefault
* Started com.google.javascript.jscomp.CommandLineRunnerTest#testTypeCheckingOnWithVerbose
[ERROR] Class not found
java.lang.ClassNotFoundException: com.google.common.string.EditDistance
	at java.lang.ClassLoader.findClass(ClassLoader.java:531)
	at java.lang.ClassLoader.loadClass(ClassLoader.java:425)
	at java.lang.ClassLoader.loadClass(ClassLoader.java:358)
	at com.gzoltar.lib.instrumentation.util.GZoltarClassLoader.loadClass(Unknown Source)
	at com.google.javascript.jscomp.TypeCheck.<init>(TypeCheck.java:343)
	at com.google.javascript.jscomp.PassConfig.makeTypeCheck(PassConfig.java:173)
	at com.google.javascript.jscomp.DefaultPassConfig$30$1.process(DefaultPassConfig.java:1274)
	at com.google.javascript.jscomp.PhaseOptimizer$NamedPass.process(PhaseOptimizer.java:271)
	at com.google.javascript.jscomp.PhaseOptimizer.process(PhaseOptimizer.java:215)
	at com.google.javascript.jscomp.Compiler.check(Compiler.java:850)
	at com.google.javascript.jscomp.Compiler.compileInternal(Compiler.java:767)
	at com.google.javascript.jscomp.Compiler.access$000(Compiler.java:86)
	at com.google.javascript.jscomp.Compiler$2.call(Compiler.java:655)
	at com.google.javascript.jscomp.Compiler$2.call(Compiler.java:652)
	at com.google.javascript.jscomp.Compiler$3.call(Compiler.java:699)
	at java.util.concurrent.FutureTask.run(FutureTask.java:262)
	at java.util.concurrent.ThreadPoolExecutor.runWorker(ThreadPoolExecutor.java:1145)
	at java.util.concurrent.ThreadPoolExecutor$Worker.run(ThreadPoolExecutor.java:615)
	at java.lang.Thread.run(Thread.java:745)
* Finished com.google.javascript.jscomp.CommandLineRunnerTest#testTypeCheckingOnWithVerbose
* Started com.google.javascript.jscomp.CommandLineRunnerTest#testGoogAssertStripping
* Finished com.google.javascript.jscomp.CommandLineRunnerTest#testGoogAssertStripping
* Started com.google.javascript.jscomp.CommandLineRunnerTest#testIssue601b
* Finished com.google.javascript.jscomp.CommandLineRunnerTest#testIssue601b
* Started com.google.javascript.jscomp.CommandLineRunnerTest#testIssue601c
* Finished com.google.javascript.jscomp.CommandLineRunnerTest#testIssue601c
* Started com.google.javascript.jscomp.CommandLineRunnerTest#testVersionFlag2
[ERROR] Class not found
java.lang.ClassNotFoundException: org.kohsuke.args4j.Messages_en
	at java.lang.ClassLoader.findClass(ClassLoader.java:531)
	at java.lang.ClassLoader.loadClass(ClassLoader.java:425)
	at java.lang.ClassLoader.loadClass(ClassLoader.java:358)
	at com.gzoltar.lib.instrumentation.util.GZoltarClassLoader.loadClass(Unknown Source)
	at java.util.ResourceBundle$Control.newBundle(ResourceBundle.java:2566)
	at java.util.ResourceBundle.loadBundle(ResourceBundle.java:1436)
	at java.util.ResourceBundle.findBundle(ResourceBundle.java:1400)
	at java.util.ResourceBundle.findBundle(ResourceBundle.java:1354)
	at java.util.ResourceBundle.getBundleImpl(ResourceBundle.java:1296)
	at java.util.ResourceBundle.getBundle(ResourceBundle.java:721)
	at org.kohsuke.args4j.Messages.format(Messages.java:30)
	at org.kohsuke.args4j.CmdLineParser$CmdLineImpl.getParameter(CmdLineParser.java:427)
	at com.google.javascript.jscomp.CommandLineRunner$Flags$BooleanOptionHandler.parseArguments(CommandLineRunner.java:489)
	at org.kohsuke.args4j.CmdLineParser.parseArgument(CmdLineParser.java:508)
	at com.google.javascript.jscomp.CommandLineRunner.initConfigFromFlags(CommandLineRunner.java:718)
	at com.google.javascript.jscomp.CommandLineRunner.<init>(CommandLineRunner.java:630)
	at com.google.javascript.jscomp.CommandLineRunnerTest.createCommandLineRunner(CommandLineRunnerTest.java:1330)
	at com.google.javascript.jscomp.CommandLineRunnerTest.compile(CommandLineRunnerTest.java:1337)
	at com.google.javascript.jscomp.CommandLineRunnerTest.test(CommandLineRunnerTest.java:1253)
	at com.google.javascript.jscomp.CommandLineRunnerTest.test(CommandLineRunnerTest.java:1242)
	at com.google.javascript.jscomp.CommandLineRunnerTest.testSame(CommandLineRunnerTest.java:1230)
	at com.google.javascript.jscomp.CommandLineRunnerTest.testSame(CommandLineRunnerTest.java:1226)
	at com.google.javascript.jscomp.CommandLineRunnerTest.testVersionFlag2(CommandLineRunnerTest.java:1011)
	at sun.reflect.NativeMethodAccessorImpl.invoke0(Native Method)
	at sun.reflect.NativeMethodAccessorImpl.invoke(NativeMethodAccessorImpl.java:57)
	at sun.reflect.DelegatingMethodAccessorImpl.invoke(DelegatingMethodAccessorImpl.java:43)
	at java.lang.reflect.Method.invoke(Method.java:606)
	at junit.framework.TestCase.runTest(TestCase.java:176)
	at junit.framework.TestCase.runBare(TestCase.java:141)
	at junit.framework.TestResult$1.protect(TestResult.java:122)
	at junit.framework.TestResult.runProtected(TestResult.java:142)
	at junit.framework.TestResult.run(TestResult.java:125)
	at junit.framework.TestCase.run(TestCase.java:129)
	at junit.framework.TestSuite.runTest(TestSuite.java:255)
	at junit.framework.TestSuite.run(TestSuite.java:250)
	at org.junit.internal.runners.JUnit38ClassRunner.run(JUnit38ClassRunner.java:84)
	at com.gzoltar.lib.instrumentation.testing.junit.a.call(Unknown Source)
	at java.util.concurrent.FutureTask.run(FutureTask.java:262)
	at java.util.concurrent.ThreadPoolExecutor.runWorker(ThreadPoolExecutor.java:1145)
	at java.util.concurrent.ThreadPoolExecutor$Worker.run(ThreadPoolExecutor.java:615)
	at java.lang.Thread.run(Thread.java:745)
[ERROR] Class not found
java.lang.ClassNotFoundException: org.kohsuke.args4j.Messages_en_US
	at java.lang.ClassLoader.findClass(ClassLoader.java:531)
	at java.lang.ClassLoader.loadClass(ClassLoader.java:425)
	at java.lang.ClassLoader.loadClass(ClassLoader.java:358)
	at com.gzoltar.lib.instrumentation.util.GZoltarClassLoader.loadClass(Unknown Source)
	at java.util.ResourceBundle$Control.newBundle(ResourceBundle.java:2566)
	at java.util.ResourceBundle.loadBundle(ResourceBundle.java:1436)
	at java.util.ResourceBundle.findBundle(ResourceBundle.java:1400)
	at java.util.ResourceBundle.getBundleImpl(ResourceBundle.java:1296)
	at java.util.ResourceBundle.getBundle(ResourceBundle.java:721)
	at org.kohsuke.args4j.Messages.format(Messages.java:30)
	at org.kohsuke.args4j.CmdLineParser$CmdLineImpl.getParameter(CmdLineParser.java:427)
	at com.google.javascript.jscomp.CommandLineRunner$Flags$BooleanOptionHandler.parseArguments(CommandLineRunner.java:489)
	at org.kohsuke.args4j.CmdLineParser.parseArgument(CmdLineParser.java:508)
	at com.google.javascript.jscomp.CommandLineRunner.initConfigFromFlags(CommandLineRunner.java:718)
	at com.google.javascript.jscomp.CommandLineRunner.<init>(CommandLineRunner.java:630)
	at com.google.javascript.jscomp.CommandLineRunnerTest.createCommandLineRunner(CommandLineRunnerTest.java:1330)
	at com.google.javascript.jscomp.CommandLineRunnerTest.compile(CommandLineRunnerTest.java:1337)
	at com.google.javascript.jscomp.CommandLineRunnerTest.test(CommandLineRunnerTest.java:1253)
	at com.google.javascript.jscomp.CommandLineRunnerTest.test(CommandLineRunnerTest.java:1242)
	at com.google.javascript.jscomp.CommandLineRunnerTest.testSame(CommandLineRunnerTest.java:1230)
	at com.google.javascript.jscomp.CommandLineRunnerTest.testSame(CommandLineRunnerTest.java:1226)
	at com.google.javascript.jscomp.CommandLineRunnerTest.testVersionFlag2(CommandLineRunnerTest.java:1011)
	at sun.reflect.NativeMethodAccessorImpl.invoke0(Native Method)
	at sun.reflect.NativeMethodAccessorImpl.invoke(NativeMethodAccessorImpl.java:57)
	at sun.reflect.DelegatingMethodAccessorImpl.invoke(DelegatingMethodAccessorImpl.java:43)
	at java.lang.reflect.Method.invoke(Method.java:606)
	at junit.framework.TestCase.runTest(TestCase.java:176)
	at junit.framework.TestCase.runBare(TestCase.java:141)
	at junit.framework.TestResult$1.protect(TestResult.java:122)
	at junit.framework.TestResult.runProtected(TestResult.java:142)
	at junit.framework.TestResult.run(TestResult.java:125)
	at junit.framework.TestCase.run(TestCase.java:129)
	at junit.framework.TestSuite.runTest(TestSuite.java:255)
	at junit.framework.TestSuite.run(TestSuite.java:250)
	at org.junit.internal.runners.JUnit38ClassRunner.run(JUnit38ClassRunner.java:84)
	at com.gzoltar.lib.instrumentation.testing.junit.a.call(Unknown Source)
	at java.util.concurrent.FutureTask.run(FutureTask.java:262)
	at java.util.concurrent.ThreadPoolExecutor.runWorker(ThreadPoolExecutor.java:1145)
	at java.util.concurrent.ThreadPoolExecutor$Worker.run(ThreadPoolExecutor.java:615)
	at java.lang.Thread.run(Thread.java:745)
Closure Compiler (http://code.google.com/closure/compiler)
Version: D4J_Closure_107_BUGGY_VERSION
Built on: 2019/08/26 20:31
* Finished com.google.javascript.jscomp.CommandLineRunnerTest#testVersionFlag2
* Started com.google.javascript.jscomp.CommandLineRunnerTest#testOnlyClosureDependenciesOneEntryPoint
* Finished com.google.javascript.jscomp.CommandLineRunnerTest#testOnlyClosureDependenciesOneEntryPoint
* Started com.google.javascript.jscomp.CommandLineRunnerTest#testTypeCheckingOffByDefault
* Finished com.google.javascript.jscomp.CommandLineRunnerTest#testTypeCheckingOffByDefault
* Started com.google.javascript.jscomp.CommandLineRunnerTest#testReflectedMethods
* Finished com.google.javascript.jscomp.CommandLineRunnerTest#testReflectedMethods
* Started com.google.javascript.jscomp.CommandLineRunnerTest#testCheckGlobalThisOnWithAdvancedMode
* Finished com.google.javascript.jscomp.CommandLineRunnerTest#testCheckGlobalThisOnWithAdvancedMode
* Started com.google.javascript.jscomp.CommandLineRunnerTest#testES5StrictUseStrictMultipleInputs
* Finished com.google.javascript.jscomp.CommandLineRunnerTest#testES5StrictUseStrictMultipleInputs
* Started com.google.javascript.jscomp.CommandLineRunnerTest#testES3ByDefault
* Finished com.google.javascript.jscomp.CommandLineRunnerTest#testES3ByDefault
* Started com.google.javascript.jscomp.CommandLineRunnerTest#testSyntheticExterns
[ERROR] Class not found
java.lang.ClassNotFoundException: com.google.common.string.EditDistance
	at java.lang.ClassLoader.findClass(ClassLoader.java:531)
	at java.lang.ClassLoader.loadClass(ClassLoader.java:425)
	at java.lang.ClassLoader.loadClass(ClassLoader.java:358)
	at com.gzoltar.lib.instrumentation.util.GZoltarClassLoader.loadClass(Unknown Source)
	at com.google.javascript.jscomp.TypeCheck.<init>(TypeCheck.java:343)
	at com.google.javascript.jscomp.PassConfig.makeTypeCheck(PassConfig.java:173)
	at com.google.javascript.jscomp.DefaultPassConfig$30$1.process(DefaultPassConfig.java:1274)
	at com.google.javascript.jscomp.PhaseOptimizer$NamedPass.process(PhaseOptimizer.java:271)
	at com.google.javascript.jscomp.PhaseOptimizer.process(PhaseOptimizer.java:215)
	at com.google.javascript.jscomp.Compiler.check(Compiler.java:850)
	at com.google.javascript.jscomp.Compiler.compileInternal(Compiler.java:767)
	at com.google.javascript.jscomp.Compiler.access$000(Compiler.java:86)
	at com.google.javascript.jscomp.Compiler$2.call(Compiler.java:655)
	at com.google.javascript.jscomp.Compiler$2.call(Compiler.java:652)
	at com.google.javascript.jscomp.Compiler$3.call(Compiler.java:699)
	at java.util.concurrent.FutureTask.run(FutureTask.java:262)
	at java.util.concurrent.ThreadPoolExecutor.runWorker(ThreadPoolExecutor.java:1145)
	at java.util.concurrent.ThreadPoolExecutor$Worker.run(ThreadPoolExecutor.java:615)
	at java.lang.Thread.run(Thread.java:745)
* Finished com.google.javascript.jscomp.CommandLineRunnerTest#testSyntheticExterns
* Started com.google.javascript.jscomp.CommandLineRunnerTest#testIssue115
[ERROR] Class not found
java.lang.ClassNotFoundException: com.google.common.string.EditDistance
	at java.lang.ClassLoader.findClass(ClassLoader.java:531)
	at java.lang.ClassLoader.loadClass(ClassLoader.java:425)
	at java.lang.ClassLoader.loadClass(ClassLoader.java:358)
	at com.gzoltar.lib.instrumentation.util.GZoltarClassLoader.loadClass(Unknown Source)
	at com.google.javascript.jscomp.TypeCheck.<init>(TypeCheck.java:343)
	at com.google.javascript.jscomp.PassConfig.makeTypeCheck(PassConfig.java:173)
	at com.google.javascript.jscomp.DefaultPassConfig$30$1.process(DefaultPassConfig.java:1274)
	at com.google.javascript.jscomp.PhaseOptimizer$NamedPass.process(PhaseOptimizer.java:271)
	at com.google.javascript.jscomp.PhaseOptimizer.process(PhaseOptimizer.java:215)
	at com.google.javascript.jscomp.Compiler.check(Compiler.java:850)
	at com.google.javascript.jscomp.Compiler.compileInternal(Compiler.java:767)
	at com.google.javascript.jscomp.Compiler.access$000(Compiler.java:86)
	at com.google.javascript.jscomp.Compiler$2.call(Compiler.java:655)
	at com.google.javascript.jscomp.Compiler$2.call(Compiler.java:652)
	at com.google.javascript.jscomp.Compiler$3.call(Compiler.java:699)
	at java.util.concurrent.FutureTask.run(FutureTask.java:262)
	at java.util.concurrent.ThreadPoolExecutor.runWorker(ThreadPoolExecutor.java:1145)
	at java.util.concurrent.ThreadPoolExecutor$Worker.run(ThreadPoolExecutor.java:615)
	at java.lang.Thread.run(Thread.java:745)
* Finished com.google.javascript.jscomp.CommandLineRunnerTest#testIssue115
* Started com.google.javascript.jscomp.CommandLineRunnerTest#testIssue297
* Finished com.google.javascript.jscomp.CommandLineRunnerTest#testIssue297
* Started com.google.javascript.jscomp.CommandLineRunnerTest#testIssue504
* Finished com.google.javascript.jscomp.CommandLineRunnerTest#testIssue504
* Started com.google.javascript.jscomp.CommandLineRunnerTest#testIssue601
* Finished com.google.javascript.jscomp.CommandLineRunnerTest#testIssue601
* Started com.google.javascript.jscomp.CommandLineRunnerTest#testIssue70a
* Finished com.google.javascript.jscomp.CommandLineRunnerTest#testIssue70a
* Started com.google.javascript.jscomp.CommandLineRunnerTest#testIssue70b
* Finished com.google.javascript.jscomp.CommandLineRunnerTest#testIssue70b
* Started com.google.javascript.jscomp.CommandLineRunnerTest#testIssue846
* Finished com.google.javascript.jscomp.CommandLineRunnerTest#testIssue846
* Started com.google.javascript.jscomp.CommandLineRunnerTest#testCheckUndefinedProperties1
[ERROR] Class not found
java.lang.ClassNotFoundException: com.google.common.string.EditDistance
	at java.lang.ClassLoader.findClass(ClassLoader.java:531)
	at java.lang.ClassLoader.loadClass(ClassLoader.java:425)
	at java.lang.ClassLoader.loadClass(ClassLoader.java:358)
	at com.gzoltar.lib.instrumentation.util.GZoltarClassLoader.loadClass(Unknown Source)
	at com.google.javascript.jscomp.TypeCheck.<init>(TypeCheck.java:343)
	at com.google.javascript.jscomp.PassConfig.makeTypeCheck(PassConfig.java:173)
	at com.google.javascript.jscomp.DefaultPassConfig$30$1.process(DefaultPassConfig.java:1274)
	at com.google.javascript.jscomp.PhaseOptimizer$NamedPass.process(PhaseOptimizer.java:271)
	at com.google.javascript.jscomp.PhaseOptimizer.process(PhaseOptimizer.java:215)
	at com.google.javascript.jscomp.Compiler.check(Compiler.java:850)
	at com.google.javascript.jscomp.Compiler.compileInternal(Compiler.java:767)
	at com.google.javascript.jscomp.Compiler.access$000(Compiler.java:86)
	at com.google.javascript.jscomp.Compiler$2.call(Compiler.java:655)
	at com.google.javascript.jscomp.Compiler$2.call(Compiler.java:652)
	at com.google.javascript.jscomp.Compiler$3.call(Compiler.java:699)
	at java.util.concurrent.FutureTask.run(FutureTask.java:262)
	at java.util.concurrent.ThreadPoolExecutor.runWorker(ThreadPoolExecutor.java:1145)
	at java.util.concurrent.ThreadPoolExecutor$Worker.run(ThreadPoolExecutor.java:615)
	at java.lang.Thread.run(Thread.java:745)
* Finished com.google.javascript.jscomp.CommandLineRunnerTest#testCheckUndefinedProperties1
* Started com.google.javascript.jscomp.CommandLineRunnerTest#testCheckUndefinedProperties2
[ERROR] Class not found
java.lang.ClassNotFoundException: com.google.common.string.EditDistance
	at java.lang.ClassLoader.findClass(ClassLoader.java:531)
	at java.lang.ClassLoader.loadClass(ClassLoader.java:425)
	at java.lang.ClassLoader.loadClass(ClassLoader.java:358)
	at com.gzoltar.lib.instrumentation.util.GZoltarClassLoader.loadClass(Unknown Source)
	at com.google.javascript.jscomp.TypeCheck.<init>(TypeCheck.java:343)
	at com.google.javascript.jscomp.PassConfig.makeTypeCheck(PassConfig.java:173)
	at com.google.javascript.jscomp.DefaultPassConfig$30$1.process(DefaultPassConfig.java:1274)
	at com.google.javascript.jscomp.PhaseOptimizer$NamedPass.process(PhaseOptimizer.java:271)
	at com.google.javascript.jscomp.PhaseOptimizer.process(PhaseOptimizer.java:215)
	at com.google.javascript.jscomp.Compiler.check(Compiler.java:850)
	at com.google.javascript.jscomp.Compiler.compileInternal(Compiler.java:767)
	at com.google.javascript.jscomp.Compiler.access$000(Compiler.java:86)
	at com.google.javascript.jscomp.Compiler$2.call(Compiler.java:655)
	at com.google.javascript.jscomp.Compiler$2.call(Compiler.java:652)
	at com.google.javascript.jscomp.Compiler$3.call(Compiler.java:699)
	at java.util.concurrent.FutureTask.run(FutureTask.java:262)
	at java.util.concurrent.ThreadPoolExecutor.runWorker(ThreadPoolExecutor.java:1145)
	at java.util.concurrent.ThreadPoolExecutor$Worker.run(ThreadPoolExecutor.java:615)
	at java.lang.Thread.run(Thread.java:745)
* Finished com.google.javascript.jscomp.CommandLineRunnerTest#testCheckUndefinedProperties2
* Started com.google.javascript.jscomp.CommandLineRunnerTest#testCheckUndefinedProperties3
[ERROR] Class not found
java.lang.ClassNotFoundException: com.google.common.string.EditDistance
	at java.lang.ClassLoader.findClass(ClassLoader.java:531)
	at java.lang.ClassLoader.loadClass(ClassLoader.java:425)
	at java.lang.ClassLoader.loadClass(ClassLoader.java:358)
	at com.gzoltar.lib.instrumentation.util.GZoltarClassLoader.loadClass(Unknown Source)
	at com.google.javascript.jscomp.TypeCheck.<init>(TypeCheck.java:343)
	at com.google.javascript.jscomp.PassConfig.makeTypeCheck(PassConfig.java:173)
	at com.google.javascript.jscomp.DefaultPassConfig$30$1.process(DefaultPassConfig.java:1274)
	at com.google.javascript.jscomp.PhaseOptimizer$NamedPass.process(PhaseOptimizer.java:271)
	at com.google.javascript.jscomp.PhaseOptimizer.process(PhaseOptimizer.java:215)
	at com.google.javascript.jscomp.Compiler.check(Compiler.java:850)
	at com.google.javascript.jscomp.Compiler.compileInternal(Compiler.java:767)
	at com.google.javascript.jscomp.Compiler.access$000(Compiler.java:86)
	at com.google.javascript.jscomp.Compiler$2.call(Compiler.java:655)
	at com.google.javascript.jscomp.Compiler$2.call(Compiler.java:652)
	at com.google.javascript.jscomp.Compiler$3.call(Compiler.java:699)
	at java.util.concurrent.FutureTask.run(FutureTask.java:262)
	at java.util.concurrent.ThreadPoolExecutor.runWorker(ThreadPoolExecutor.java:1145)
	at java.util.concurrent.ThreadPoolExecutor$Worker.run(ThreadPoolExecutor.java:615)
	at java.lang.Thread.run(Thread.java:745)
* Finished com.google.javascript.jscomp.CommandLineRunnerTest#testCheckUndefinedProperties3
* Started com.google.javascript.jscomp.CommandLineRunnerTest#testCssNameWiring
* Finished com.google.javascript.jscomp.CommandLineRunnerTest#testCssNameWiring
* Started com.google.javascript.jscomp.CommandLineRunnerTest#testCheckSymbolsOverrideForVerbose
[ERROR] Class not found
java.lang.ClassNotFoundException: com.google.common.string.EditDistance
	at java.lang.ClassLoader.findClass(ClassLoader.java:531)
	at java.lang.ClassLoader.loadClass(ClassLoader.java:425)
	at java.lang.ClassLoader.loadClass(ClassLoader.java:358)
	at com.gzoltar.lib.instrumentation.util.GZoltarClassLoader.loadClass(Unknown Source)
	at com.google.javascript.jscomp.TypeCheck.<init>(TypeCheck.java:343)
	at com.google.javascript.jscomp.PassConfig.makeTypeCheck(PassConfig.java:173)
	at com.google.javascript.jscomp.DefaultPassConfig$30$1.process(DefaultPassConfig.java:1274)
	at com.google.javascript.jscomp.PhaseOptimizer$NamedPass.process(PhaseOptimizer.java:271)
	at com.google.javascript.jscomp.PhaseOptimizer.process(PhaseOptimizer.java:215)
	at com.google.javascript.jscomp.Compiler.check(Compiler.java:850)
	at com.google.javascript.jscomp.Compiler.compileInternal(Compiler.java:767)
	at com.google.javascript.jscomp.Compiler.access$000(Compiler.java:86)
	at com.google.javascript.jscomp.Compiler$2.call(Compiler.java:655)
	at com.google.javascript.jscomp.Compiler$2.call(Compiler.java:652)
	at com.google.javascript.jscomp.Compiler$3.call(Compiler.java:699)
	at java.util.concurrent.FutureTask.run(FutureTask.java:262)
	at java.util.concurrent.ThreadPoolExecutor.runWorker(ThreadPoolExecutor.java:1145)
	at java.util.concurrent.ThreadPoolExecutor$Worker.run(ThreadPoolExecutor.java:615)
	at java.lang.Thread.run(Thread.java:745)
* Finished com.google.javascript.jscomp.CommandLineRunnerTest#testCheckSymbolsOverrideForVerbose
* Started com.google.javascript.jscomp.CommandLineRunnerTest#testCheckSymbolsOverrideForQuiet
* Finished com.google.javascript.jscomp.CommandLineRunnerTest#testCheckSymbolsOverrideForQuiet
* Started com.google.javascript.jscomp.CommandLineRunnerTest#testTwoParseErrors
* Finished com.google.javascript.jscomp.CommandLineRunnerTest#testTwoParseErrors
* Started com.google.javascript.jscomp.CommandLineRunnerTest#testIssue81
* Finished com.google.javascript.jscomp.CommandLineRunnerTest#testIssue81
* Started com.google.javascript.jscomp.CommandLineRunnerTest#testES5ChecksByDefault
* Finished com.google.javascript.jscomp.CommandLineRunnerTest#testES5ChecksByDefault
* Started com.google.javascript.jscomp.CommandLineRunnerTest#testDebugFlag1
* Finished com.google.javascript.jscomp.CommandLineRunnerTest#testDebugFlag1
* Started com.google.javascript.jscomp.CommandLineRunnerTest#testDebugFlag2
* Finished com.google.javascript.jscomp.CommandLineRunnerTest#testDebugFlag2
* Started com.google.javascript.jscomp.CommandLineRunnerTest#testDebugFlag3
* Finished com.google.javascript.jscomp.CommandLineRunnerTest#testDebugFlag3
* Started com.google.javascript.jscomp.CommandLineRunnerTest#testDebugFlag4
* Finished com.google.javascript.jscomp.CommandLineRunnerTest#testDebugFlag4
* Started com.google.javascript.jscomp.CommandLineRunnerTest#testWithKeywordWithEs5ChecksOff
* Finished com.google.javascript.jscomp.CommandLineRunnerTest#testWithKeywordWithEs5ChecksOff
* Started com.google.javascript.jscomp.CommandLineRunnerTest#testTypedAdvanced
* Finished com.google.javascript.jscomp.CommandLineRunnerTest#testTypedAdvanced
* Started com.google.javascript.jscomp.CommandLineRunnerTest#testInlineVariables
* Finished com.google.javascript.jscomp.CommandLineRunnerTest#testInlineVariables
* Started com.google.javascript.jscomp.CommandLineRunnerTest#testFormattingSingleQuote
* Finished com.google.javascript.jscomp.CommandLineRunnerTest#testFormattingSingleQuote
* Started com.google.javascript.jscomp.CommandLineRunnerTest#testES5StrictUseStrict
* Finished com.google.javascript.jscomp.CommandLineRunnerTest#testES5StrictUseStrict
* Started com.google.javascript.jscomp.CommandLineRunnerTest#testQuietMode
* Finished com.google.javascript.jscomp.CommandLineRunnerTest#testQuietMode
* Started com.google.javascript.jscomp.CommandLineRunnerTest#testDefineFlag2
* Finished com.google.javascript.jscomp.CommandLineRunnerTest#testDefineFlag2
* Started com.google.javascript.jscomp.CommandLineRunnerTest#testDefineFlag3
* Finished com.google.javascript.jscomp.CommandLineRunnerTest#testDefineFlag3
* Started com.google.javascript.jscomp.CommandLineRunnerTest#testCheckGlobalThisOffByDefault
* Finished com.google.javascript.jscomp.CommandLineRunnerTest#testCheckGlobalThisOffByDefault
* Started com.google.javascript.jscomp.CommandLineRunnerTest#testSideEffectIntegration
* Finished com.google.javascript.jscomp.CommandLineRunnerTest#testSideEffectIntegration
* Filtering test cases that do not cover any component
* Sending data to master
* Closing connection with client
* Performing fault localization
* Running Ochiai
* Writing coverage matrix to '/home/yxb/Documents/rjust-fault-localization-data-f36d7eea9a9c/gzoltar/gzoltars/Closure/107/matrix'
* Writing spectra to '/home/yxb/Documents/rjust-fault-localization-data-f36d7eea9a9c/gzoltar/gzoltars/Closure/107/spectra'
* Metrics
* Computation finished
[INFO] End: Mon Aug 26 20:32:19 PDT 2019
[DEBUG] MATRIX OK
[DEBUG] SPECTRA OK

DONE!
